<?xml version="1.0" encoding="UTF-8"?>
<testsuites name="64.UsuarioCliente.Destino" time="279.7" tests="2" failures="0" errors="0">
   <testsuite name="64.UsuarioCliente.Destino" tests="2" failures="0" errors="0" time="279.7" skipped="0" timestamp="2021-06-01 14:09:46" hostname="BILIKI - DESKTOP-HH1RJM2" id="Test Suites/64.UsuarioCliente.Destino">
      <properties>
         <property name="deviceName" value=""/>
         <property name="devicePlatform" value=""/>
         <property name="logFolder" value="E:\\CIEL INGENIERIA\\KATALON\\Validaciones\\Reports\\20210601_140925\\64.UsuarioCliente.Destino\\20210601_140925"/>
         <property name="logFiles" value="E:\\CIEL INGENIERIA\\KATALON\\Validaciones\\Reports\\20210601_140925\\64.UsuarioCliente.Destino\\20210601_140925\\execution0.log"/>
         <property name="attachments" value="E:\\CIEL INGENIERIA\\KATALON\\Validaciones\\Reports\\20210601_140925\\64.UsuarioCliente.Destino\\20210601_140925\\1622574710642.png, E:\\CIEL INGENIERIA\\KATALON\\Validaciones\\Reports\\20210601_140925\\64.UsuarioCliente.Destino\\20210601_140925\\1622574830053.png"/>
         <property name="hostName" value="BILIKI - DESKTOP-HH1RJM2"/>
         <property name="os" value="Windows 10 64bit"/>
         <property name="katalonVersion" value="8.0.1.208"/>
         <property name="browser" value="Edge Chromiume 18"/>
         <property name="hostAddress" value="169.254.12.236"/>
         <property name="sessionId" value="C9C8D71A-92A5-4DA9-AABB-DADE531B0316"/>
         <property name="seleniumVersion" value="3.141.59"/>
         <property name="proxyInformation" value="ProxyInformation { proxyOption=NO_PROXY, proxyServerType=HTTP, username=, password=********, proxyServerAddress=, proxyServerPort=0, executionList=&quot;&quot;, isApplyToDesiredCapabilities=true }"/>
         <property name="platform" value="Windows 10"/>
      </properties>
      <testcase name="Test Cases/64.UsuarioCliente.Destino 0Turno" time="130.869" classname="Test Cases/64.UsuarioCliente.Destino 0Turno" status="PASSED">
         <system-out><![CDATA[2021-06-01 14:09:51 - [TEST_CASE][PASSED] - Test Cases/64.UsuarioCliente.Destino 0Turno: Test Cases/64.UsuarioCliente.Destino 0Turno

2021-06-01 14:09:53 - [TEST_STEP][PASSED] - callTestCase(findTestCase("Inicio Sesion sin variables"), [:], STOP_ON_FAILURE): Call Test Case 'Test Cases/Inicio Sesion sin variables' successfully

2021-06-01 14:09:54 - [TEST_CASE][PASSED] - Test Cases/Inicio Sesion sin variables: Test Cases/Inicio Sesion sin variables

2021-06-01 14:09:56 - [TEST_STEP][PASSED] - openBrowser("http://Localhost:8810"): Browser is opened with url: 'http://Localhost:8810'

2021-06-01 14:09:57 - [MESSAGE][INFO] - Starting 'Edge' driver

2021-06-01 14:09:58 - [MESSAGE][INFO] - Action delay is set to 0 milliseconds

2021-06-01 14:10:06 - [MESSAGE][PASSED] - Browser is opened with url: 'http://Localhost:8810'

2021-06-01 14:10:06 - [TEST_STEP][PASSED] - maximizeWindow(): Current window maximized

2021-06-01 14:10:07 - [MESSAGE][PASSED] - Current window maximized

2021-06-01 14:10:07 - [TEST_STEP][PASSED] - setText(findTestObject("0Inicio Sesion/input__Usuario"), "ciel"): Text 'ciel' is set on object 'Object Repository/0Inicio Sesion/input__Usuario'

2021-06-01 14:10:10 - [MESSAGE][PASSED] - Text 'ciel' is set on object 'Object Repository/0Inicio Sesion/input__Usuario'

2021-06-01 14:10:10 - [TEST_STEP][PASSED] - setText(findTestObject("0Inicio Sesion/input__Clave"), "digiturno"): Text 'digiturno' is set on object 'Object Repository/0Inicio Sesion/input__Clave'

2021-06-01 14:10:11 - [MESSAGE][PASSED] - Text 'digiturno' is set on object 'Object Repository/0Inicio Sesion/input__Clave'

2021-06-01 14:10:11 - [TEST_STEP][PASSED] - click(findTestObject("0Inicio Sesion/btn_IniciarSesion")): Object: 'Object Repository/0Inicio Sesion/btn_IniciarSesion' is clicked on

2021-06-01 14:10:12 - [MESSAGE][PASSED] - Object: 'Object Repository/0Inicio Sesion/btn_IniciarSesion' is clicked on

2021-06-01 14:10:12 - [TEST_STEP][PASSED] - delay(3): Delayed 3 second(s)

2021-06-01 14:10:15 - [MESSAGE][PASSED] - Delayed 3 second(s)

2021-06-01 14:10:15 - [MESSAGE][PASSED] - Call Test Case 'Test Cases/Inicio Sesion sin variables' successfully

2021-06-01 14:10:15 - [TEST_STEP][PASSED] - click(findTestObject("1Inicio/img_Configuracion")): Object: 'Object Repository/1Inicio/img_Configuracion' is clicked on

2021-06-01 14:10:16 - [MESSAGE][PASSED] - Object: 'Object Repository/1Inicio/img_Configuracion' is clicked on

2021-06-01 14:10:16 - [TEST_STEP][PASSED] - delay(3): Delayed 3 second(s)

2021-06-01 14:10:19 - [MESSAGE][PASSED] - Delayed 3 second(s)

2021-06-01 14:10:19 - [TEST_STEP][PASSED] - click(findTestObject("Configuracion/1Principal/img_Sistema")): Object: 'Object Repository/Configuracion/1Principal/img_Sistema' is clicked on

2021-06-01 14:10:20 - [MESSAGE][PASSED] - Object: 'Object Repository/Configuracion/1Principal/img_Sistema' is clicked on

2021-06-01 14:10:20 - [TEST_STEP][PASSED] - delay(3): Delayed 3 second(s)

2021-06-01 14:10:23 - [MESSAGE][PASSED] - Delayed 3 second(s)

2021-06-01 14:10:23 - [TEST_STEP][PASSED] - click(findTestObject("Configuracion/Sistema/1Principal/img_Parametros Generales")): Object: 'Object Repository/Configuracion/Sistema/1Principal/img_Parametros Generales' is clicked on

2021-06-01 14:10:24 - [MESSAGE][PASSED] - Object: 'Object Repository/Configuracion/Sistema/1Principal/img_Parametros Generales' is clicked on

2021-06-01 14:10:24 - [TEST_STEP][PASSED] - delay(3): Delayed 3 second(s)

2021-06-01 14:10:27 - [MESSAGE][PASSED] - Delayed 3 second(s)

2021-06-01 14:10:27 - [TEST_STEP][PASSED] - click(findTestObject("Configuracion/Sistema/Parametros Generales/Pestanas/a_Elementos de sistema")): Object: 'Object Repository/Configuracion/Sistema/Parametros Generales/Pestanas/a_Elementos de sistema' is clicked on

2021-06-01 14:10:27 - [MESSAGE][PASSED] - Object: 'Object Repository/Configuracion/Sistema/Parametros Generales/Pestanas/a_Elementos de sistema' is clicked on

2021-06-01 14:10:28 - [TEST_STEP][PASSED] - delay(3): Delayed 3 second(s)

2021-06-01 14:10:31 - [MESSAGE][PASSED] - Delayed 3 second(s)

2021-06-01 14:10:31 - [TEST_STEP][PASSED] - click(findTestObject("Configuracion/Sistema/Parametros Generales/Filtros LLave/span_0filtro llave")): Object: 'Object Repository/Configuracion/Sistema/Parametros Generales/Filtros LLave/span_0filtro llave' is clicked on

2021-06-01 14:10:31 - [MESSAGE][PASSED] - Object: 'Object Repository/Configuracion/Sistema/Parametros Generales/Filtros LLave/span_0filtro llave' is clicked on

2021-06-01 14:10:31 - [TEST_STEP][PASSED] - mouseOver(findTestObject("Configuracion/Sistema/Parametros Generales/Filtros LLave/span_1Filtro")): Object: 'Object Repository/Configuracion/Sistema/Parametros Generales/Filtros LLave/span_1Filtro' is hovered

2021-06-01 14:10:33 - [MESSAGE][PASSED] - Object: 'Object Repository/Configuracion/Sistema/Parametros Generales/Filtros LLave/span_1Filtro' is hovered

2021-06-01 14:10:33 - [TEST_STEP][PASSED] - click(findTestObject("Configuracion/Sistema/Parametros Generales/Filtro 1er valor/span_select")): Object: 'Object Repository/Configuracion/Sistema/Parametros Generales/Filtro 1er valor/span_select' is clicked on

2021-06-01 14:10:34 - [MESSAGE][PASSED] - Object: 'Object Repository/Configuracion/Sistema/Parametros Generales/Filtro 1er valor/span_select' is clicked on

2021-06-01 14:10:34 - [TEST_STEP][PASSED] - click(findTestObject("Configuracion/Sistema/Parametros Generales/Filtro 1er valor/li_Contiene")): Object: 'Object Repository/Configuracion/Sistema/Parametros Generales/Filtro 1er valor/li_Contiene' is clicked on

2021-06-01 14:10:35 - [MESSAGE][PASSED] - Object: 'Object Repository/Configuracion/Sistema/Parametros Generales/Filtro 1er valor/li_Contiene' is clicked on

2021-06-01 14:10:35 - [TEST_STEP][PASSED] - setText(findTestObject("Configuracion/Sistema/Parametros Generales/Filtro 1er valor/input_Texto a buscar1"), "UsuarioCliente.Destino"): Text 'UsuarioCliente.Destino' is set on object 'Object Repository/Configuracion/Sistema/Parametros Generales/Filtro 1er valor/input_Texto a buscar1'

2021-06-01 14:10:36 - [MESSAGE][PASSED] - Text 'UsuarioCliente.Destino' is set on object 'Object Repository/Configuracion/Sistema/Parametros Generales/Filtro 1er valor/input_Texto a buscar1'

2021-06-01 14:10:36 - [TEST_STEP][PASSED] - click(findTestObject("Configuracion/Sistema/Parametros Generales/botones filtro/btn_Filtrar")): Object: 'Object Repository/Configuracion/Sistema/Parametros Generales/botones filtro/btn_Filtrar' is clicked on

2021-06-01 14:10:37 - [MESSAGE][PASSED] - Object: 'Object Repository/Configuracion/Sistema/Parametros Generales/botones filtro/btn_Filtrar' is clicked on

2021-06-01 14:10:37 - [TEST_STEP][PASSED] - delay(2): Delayed 2 second(s)

2021-06-01 14:10:39 - [MESSAGE][PASSED] - Delayed 2 second(s)

2021-06-01 14:10:39 - [TEST_STEP][PASSED] - click(findTestObject("Configuracion/Sistema/Parametros Generales/Cambiar Parametro Valor/a_Editar")): Object: 'Object Repository/Configuracion/Sistema/Parametros Generales/Cambiar Parametro Valor/a_Editar' is clicked on

2021-06-01 14:10:40 - [MESSAGE][PASSED] - Object: 'Object Repository/Configuracion/Sistema/Parametros Generales/Cambiar Parametro Valor/a_Editar' is clicked on

2021-06-01 14:10:40 - [TEST_STEP][PASSED] - delay(2): Delayed 2 second(s)

2021-06-01 14:10:42 - [MESSAGE][PASSED] - Delayed 2 second(s)

2021-06-01 14:10:42 - [TEST_STEP][PASSED] - click(findTestObject("Configuracion/Sistema/Parametros Generales/Cambiar Parametro Valor/input_Valor"), STOP_ON_FAILURE): Object: 'Object Repository/Configuracion/Sistema/Parametros Generales/Cambiar Parametro Valor/input_Valor' is clicked on

2021-06-01 14:10:43 - [MESSAGE][PASSED] - Object: 'Object Repository/Configuracion/Sistema/Parametros Generales/Cambiar Parametro Valor/input_Valor' is clicked on

2021-06-01 14:10:43 - [TEST_STEP][PASSED] - sendKeys(findTestObject(null), "0"): Keys '0' sent to object: 'tempBody'

2021-06-01 14:10:43 - [MESSAGE][WARNING] - Test object id is null

2021-06-01 14:10:43 - [MESSAGE][WARNING] - Test object with id 'Object Repository/' does not exist

2021-06-01 14:10:44 - [MESSAGE][PASSED] - Keys '0' sent to object: 'tempBody'

2021-06-01 14:10:44 - [TEST_STEP][PASSED] - delay(2): Delayed 2 second(s)

2021-06-01 14:10:46 - [MESSAGE][PASSED] - Delayed 2 second(s)

2021-06-01 14:10:46 - [TEST_STEP][PASSED] - click(findTestObject("Configuracion/Sistema/Parametros Generales/Cambiar Parametro Valor/a_Guardar")): Object: 'Object Repository/Configuracion/Sistema/Parametros Generales/Cambiar Parametro Valor/a_Guardar' is clicked on

2021-06-01 14:10:46 - [MESSAGE][PASSED] - Object: 'Object Repository/Configuracion/Sistema/Parametros Generales/Cambiar Parametro Valor/a_Guardar' is clicked on

2021-06-01 14:10:46 - [TEST_STEP][PASSED] - delay(3): Delayed 3 second(s)

2021-06-01 14:10:49 - [MESSAGE][PASSED] - Delayed 3 second(s)

2021-06-01 14:10:49 - [TEST_STEP][PASSED] - click(findTestObject("1Inicio/a_Inicio")): Object: 'Object Repository/1Inicio/a_Inicio' is clicked on

2021-06-01 14:10:50 - [MESSAGE][PASSED] - Object: 'Object Repository/1Inicio/a_Inicio' is clicked on

2021-06-01 14:10:50 - [TEST_STEP][PASSED] - delay(3): Delayed 3 second(s)

2021-06-01 14:10:53 - [MESSAGE][PASSED] - Delayed 3 second(s)

2021-06-01 14:10:53 - [TEST_STEP][PASSED] - click(findTestObject("1Inicio/img_Operacion")): Object: 'Object Repository/1Inicio/img_Operacion' is clicked on

2021-06-01 14:10:54 - [MESSAGE][PASSED] - Object: 'Object Repository/1Inicio/img_Operacion' is clicked on

2021-06-01 14:10:54 - [TEST_STEP][PASSED] - delay(3): Delayed 3 second(s)

2021-06-01 14:10:57 - [MESSAGE][PASSED] - Delayed 3 second(s)

2021-06-01 14:10:57 - [TEST_STEP][PASSED] - click(findTestObject("2 Operacion/Elementos Del Sistema")): Object: 'Object Repository/2 Operacion/Elementos Del Sistema' is clicked on

2021-06-01 14:10:57 - [MESSAGE][PASSED] - Object: 'Object Repository/2 Operacion/Elementos Del Sistema' is clicked on

2021-06-01 14:10:57 - [TEST_STEP][PASSED] - delay(3): Delayed 3 second(s)

2021-06-01 14:11:00 - [MESSAGE][PASSED] - Delayed 3 second(s)

2021-06-01 14:11:00 - [TEST_STEP][PASSED] - click(findTestObject("2 Operacion/Elementos del Sistema/img_Terminales")): Object: 'Object Repository/2 Operacion/Elementos del Sistema/img_Terminales' is clicked on

2021-06-01 14:11:01 - [MESSAGE][PASSED] - Object: 'Object Repository/2 Operacion/Elementos del Sistema/img_Terminales' is clicked on

2021-06-01 14:11:01 - [TEST_STEP][PASSED] - delay(3): Delayed 3 second(s)

2021-06-01 14:11:04 - [MESSAGE][PASSED] - Delayed 3 second(s)

2021-06-01 14:11:04 - [TEST_STEP][PASSED] - click(findTestObject("2 Operacion/Elementos del Sistema/Selectores/00Oficinas/a_Bogota - CIEL")): Object: 'Object Repository/2 Operacion/Elementos del Sistema/Selectores/00Oficinas/a_Bogota - CIEL' is clicked on

2021-06-01 14:11:05 - [MESSAGE][PASSED] - Object: 'Object Repository/2 Operacion/Elementos del Sistema/Selectores/00Oficinas/a_Bogota - CIEL' is clicked on

2021-06-01 14:11:05 - [TEST_STEP][PASSED] - delay(3): Delayed 3 second(s)

2021-06-01 14:11:08 - [MESSAGE][PASSED] - Delayed 3 second(s)

2021-06-01 14:11:08 - [TEST_STEP][PASSED] - click(findTestObject("2 Operacion/Elementos del Sistema/Terminales/1Terminales menos WorkFlow/a_Terminal PQRS A02")): Object: 'Object Repository/2 Operacion/Elementos del Sistema/Terminales/1Terminales menos WorkFlow/a_Terminal PQRS A02' is clicked on

2021-06-01 14:11:09 - [MESSAGE][PASSED] - Object: 'Object Repository/2 Operacion/Elementos del Sistema/Terminales/1Terminales menos WorkFlow/a_Terminal PQRS A02' is clicked on

2021-06-01 14:11:09 - [TEST_STEP][PASSED] - delay(3): Delayed 3 second(s)

2021-06-01 14:11:12 - [MESSAGE][PASSED] - Delayed 3 second(s)

2021-06-01 14:11:12 - [TEST_STEP][PASSED] - click(findTestObject("2 Operacion/Elementos del Sistema/Terminales/Terminal/Funciones Basicas/img_Llamar")): Object: 'Object Repository/2 Operacion/Elementos del Sistema/Terminales/Terminal/Funciones Basicas/img_Llamar' is clicked on

2021-06-01 14:11:13 - [MESSAGE][PASSED] - Object: 'Object Repository/2 Operacion/Elementos del Sistema/Terminales/Terminal/Funciones Basicas/img_Llamar' is clicked on

2021-06-01 14:11:13 - [TEST_STEP][PASSED] - delay(3): Delayed 3 second(s)

2021-06-01 14:11:16 - [MESSAGE][PASSED] - Delayed 3 second(s)

2021-06-01 14:11:16 - [TEST_STEP][PASSED] - click(findTestObject("2 Operacion/Elementos del Sistema/Terminales/Terminal/Funciones Basicas/img_Ocupado")): Object: 'Object Repository/2 Operacion/Elementos del Sistema/Terminales/Terminal/Funciones Basicas/img_Ocupado' is clicked on

2021-06-01 14:11:17 - [MESSAGE][PASSED] - Object: 'Object Repository/2 Operacion/Elementos del Sistema/Terminales/Terminal/Funciones Basicas/img_Ocupado' is clicked on

2021-06-01 14:11:17 - [TEST_STEP][PASSED] - delay(3): Delayed 3 second(s)

2021-06-01 14:11:20 - [MESSAGE][PASSED] - Delayed 3 second(s)

2021-06-01 14:11:20 - [TEST_STEP][PASSED] - click(findTestObject("2 Operacion/Elementos del Sistema/Terminales/Terminal/Funciones Basicas/imgOcupado/a_Actualizacion de Datos")): Object: 'Object Repository/2 Operacion/Elementos del Sistema/Terminales/Terminal/Funciones Basicas/imgOcupado/a_Actualizacion de Datos' is clicked on

2021-06-01 14:11:21 - [MESSAGE][PASSED] - Object: 'Object Repository/2 Operacion/Elementos del Sistema/Terminales/Terminal/Funciones Basicas/imgOcupado/a_Actualizacion de Datos' is clicked on

2021-06-01 14:11:21 - [TEST_STEP][PASSED] - delay(3): Delayed 3 second(s)

2021-06-01 14:11:24 - [MESSAGE][PASSED] - Delayed 3 second(s)

2021-06-01 14:11:24 - [TEST_STEP][PASSED] - selectOptionByIndex(findTestObject("2 Operacion/Elementos del Sistema/Terminales/Terminal/Cliente/select_TipoIdentificacion"), 2): All options with index in [2] are selected on object 'Object Repository/2 Operacion/Elementos del Sistema/Terminales/Terminal/Cliente/select_TipoIdentificacion'

2021-06-01 14:11:25 - [MESSAGE][PASSED] - All options with index in [2] are selected on object 'Object Repository/2 Operacion/Elementos del Sistema/Terminales/Terminal/Cliente/select_TipoIdentificacion'

2021-06-01 14:11:25 - [TEST_STEP][PASSED] - delay(3): Delayed 3 second(s)

2021-06-01 14:11:28 - [MESSAGE][PASSED] - Delayed 3 second(s)

2021-06-01 14:11:28 - [TEST_STEP][PASSED] - setText(findTestObject("2 Operacion/Elementos del Sistema/Terminales/Terminal/Cliente/input_Identificacion"), "636711"): Text '636711' is set on object 'Object Repository/2 Operacion/Elementos del Sistema/Terminales/Terminal/Cliente/input_Identificacion'

2021-06-01 14:11:29 - [MESSAGE][PASSED] - Text '636711' is set on object 'Object Repository/2 Operacion/Elementos del Sistema/Terminales/Terminal/Cliente/input_Identificacion'

2021-06-01 14:11:29 - [TEST_STEP][PASSED] - delay(3): Delayed 3 second(s)

2021-06-01 14:11:32 - [MESSAGE][PASSED] - Delayed 3 second(s)

2021-06-01 14:11:32 - [TEST_STEP][PASSED] - click(findTestObject("2 Operacion/Elementos del Sistema/Terminales/Terminal/Cliente/botones/img_Buscar")): Object: 'Object Repository/2 Operacion/Elementos del Sistema/Terminales/Terminal/Cliente/botones/img_Buscar' is clicked on

2021-06-01 14:11:33 - [MESSAGE][PASSED] - Object: 'Object Repository/2 Operacion/Elementos del Sistema/Terminales/Terminal/Cliente/botones/img_Buscar' is clicked on

2021-06-01 14:11:33 - [TEST_STEP][PASSED] - delay(3): Delayed 3 second(s)

2021-06-01 14:11:36 - [MESSAGE][PASSED] - Delayed 3 second(s)

2021-06-01 14:11:36 - [TEST_STEP][PASSED] - click(findTestObject("2 Operacion/Elementos del Sistema/Terminales/Terminal/Funciones Adicionales/img_Nueva Transaccion")): Object: 'Object Repository/2 Operacion/Elementos del Sistema/Terminales/Terminal/Funciones Adicionales/img_Nueva Transaccion' is clicked on

2021-06-01 14:11:36 - [MESSAGE][PASSED] - Object: 'Object Repository/2 Operacion/Elementos del Sistema/Terminales/Terminal/Funciones Adicionales/img_Nueva Transaccion' is clicked on

2021-06-01 14:11:36 - [TEST_STEP][PASSED] - delay(3): Delayed 3 second(s)

2021-06-01 14:11:39 - [MESSAGE][PASSED] - Delayed 3 second(s)

2021-06-01 14:11:39 - [TEST_STEP][PASSED] - click(findTestObject("2 Operacion/Elementos del Sistema/Terminales/Terminal/Funciones Adicionales/imgNuevaTransaccion/a_Radicaciones")): Object: 'Object Repository/2 Operacion/Elementos del Sistema/Terminales/Terminal/Funciones Adicionales/imgNuevaTransaccion/a_Radicaciones' is clicked on

2021-06-01 14:11:44 - [MESSAGE][PASSED] - Object: 'Object Repository/2 Operacion/Elementos del Sistema/Terminales/Terminal/Funciones Adicionales/imgNuevaTransaccion/a_Radicaciones' is clicked on

2021-06-01 14:11:44 - [TEST_STEP][PASSED] - delay(3): Delayed 3 second(s)

2021-06-01 14:11:47 - [MESSAGE][PASSED] - Delayed 3 second(s)

2021-06-01 14:11:47 - [TEST_STEP][PASSED] - click(findTestObject("2 Operacion/Elementos del Sistema/Terminales/Terminal/Funciones Adicionales/imgNuevaTransaccion/subservicios/a_Certificado rad")): Object: 'Object Repository/2 Operacion/Elementos del Sistema/Terminales/Terminal/Funciones Adicionales/imgNuevaTransaccion/subservicios/a_Certificado rad' is clicked on

2021-06-01 14:11:47 - [MESSAGE][PASSED] - Object: 'Object Repository/2 Operacion/Elementos del Sistema/Terminales/Terminal/Funciones Adicionales/imgNuevaTransaccion/subservicios/a_Certificado rad' is clicked on

2021-06-01 14:11:47 - [TEST_STEP][PASSED] - delay(3): Delayed 3 second(s)

2021-06-01 14:11:50 - [MESSAGE][PASSED] - Delayed 3 second(s)

2021-06-01 14:11:50 - [TEST_STEP][PASSED] - takeFullPageScreenshot(): Taking screenshot successfully

2021-06-01 14:11:51 - [MESSAGE][INFO] - 0 hidden object(s)

2021-06-01 14:11:52 - [MESSAGE][PASSED] - Taking screenshot successfully
[[ATTACHMENT|E:\\CIEL INGENIERIA\\KATALON\\Validaciones\\Reports\\20210601_140925\\64.UsuarioCliente.Destino\\20210601_140925\\1622574710642.png]]

2021-06-01 14:11:52 - [TEST_STEP][PASSED] - delay(3): Delayed 3 second(s)

2021-06-01 14:11:55 - [MESSAGE][PASSED] - Delayed 3 second(s)

2021-06-01 14:11:55 - [TEST_STEP][PASSED] - click(findTestObject("2 Operacion/Elementos del Sistema/Terminales/Terminal/Funciones Basicas/img_Cerrar")): Object: 'Object Repository/2 Operacion/Elementos del Sistema/Terminales/Terminal/Funciones Basicas/img_Cerrar' is clicked on

2021-06-01 14:11:55 - [MESSAGE][PASSED] - Object: 'Object Repository/2 Operacion/Elementos del Sistema/Terminales/Terminal/Funciones Basicas/img_Cerrar' is clicked on

2021-06-01 14:11:55 - [TEST_STEP][PASSED] - delay(3): Delayed 3 second(s)

2021-06-01 14:11:58 - [MESSAGE][PASSED] - Delayed 3 second(s)

2021-06-01 14:11:58 - [TEST_STEP][PASSED] - click(findTestObject("2 Operacion/Elementos del Sistema/Terminales/Terminal/Funciones Basicas/imgCerrar/btn_FindeJornada")): Object: 'Object Repository/2 Operacion/Elementos del Sistema/Terminales/Terminal/Funciones Basicas/imgCerrar/btn_FindeJornada' is clicked on

2021-06-01 14:11:59 - [MESSAGE][PASSED] - Object: 'Object Repository/2 Operacion/Elementos del Sistema/Terminales/Terminal/Funciones Basicas/imgCerrar/btn_FindeJornada' is clicked on

2021-06-01 14:11:59 - [TEST_STEP][PASSED] - delay(3): Delayed 3 second(s)

2021-06-01 14:12:02 - [MESSAGE][PASSED] - Delayed 3 second(s)]]></system-out>
         <system-err><![CDATA[]]></system-err>
      </testcase>
      <testcase name="Test Cases/64.UsuarioCliente.Destino 1Servicio" time="118.532" classname="Test Cases/64.UsuarioCliente.Destino 1Servicio" status="PASSED">
         <system-out><![CDATA[2021-06-01 14:12:02 - [TEST_CASE][PASSED] - Test Cases/64.UsuarioCliente.Destino 1Servicio: Test Cases/64.UsuarioCliente.Destino 1Servicio

2021-06-01 14:12:03 - [TEST_STEP][PASSED] - callTestCase(findTestCase("Inicio Sesion sin variables"), [:], STOP_ON_FAILURE): Call Test Case 'Test Cases/Inicio Sesion sin variables' successfully

2021-06-01 14:12:04 - [TEST_CASE][PASSED] - Test Cases/Inicio Sesion sin variables: Test Cases/Inicio Sesion sin variables

2021-06-01 14:12:04 - [TEST_STEP][PASSED] - openBrowser("http://Localhost:8810"): Browser is opened with url: 'http://Localhost:8810'

2021-06-01 14:12:04 - [MESSAGE][WARNING] - A browser is already opened. Closing browser and opening a new one

2021-06-01 14:12:06 - [MESSAGE][INFO] - Starting 'Edge' driver

2021-06-01 14:12:07 - [MESSAGE][INFO] - Action delay is set to 0 milliseconds

2021-06-01 14:12:13 - [MESSAGE][PASSED] - Browser is opened with url: 'http://Localhost:8810'

2021-06-01 14:12:13 - [TEST_STEP][PASSED] - maximizeWindow(): Current window maximized

2021-06-01 14:12:14 - [MESSAGE][PASSED] - Current window maximized

2021-06-01 14:12:14 - [TEST_STEP][PASSED] - setText(findTestObject("0Inicio Sesion/input__Usuario"), "ciel"): Text 'ciel' is set on object 'Object Repository/0Inicio Sesion/input__Usuario'

2021-06-01 14:12:15 - [MESSAGE][PASSED] - Text 'ciel' is set on object 'Object Repository/0Inicio Sesion/input__Usuario'

2021-06-01 14:12:15 - [TEST_STEP][PASSED] - setText(findTestObject("0Inicio Sesion/input__Clave"), "digiturno"): Text 'digiturno' is set on object 'Object Repository/0Inicio Sesion/input__Clave'

2021-06-01 14:12:17 - [MESSAGE][PASSED] - Text 'digiturno' is set on object 'Object Repository/0Inicio Sesion/input__Clave'

2021-06-01 14:12:17 - [TEST_STEP][PASSED] - click(findTestObject("0Inicio Sesion/btn_IniciarSesion")): Object: 'Object Repository/0Inicio Sesion/btn_IniciarSesion' is clicked on

2021-06-01 14:12:18 - [MESSAGE][PASSED] - Object: 'Object Repository/0Inicio Sesion/btn_IniciarSesion' is clicked on

2021-06-01 14:12:18 - [TEST_STEP][PASSED] - delay(3): Delayed 3 second(s)

2021-06-01 14:12:21 - [MESSAGE][PASSED] - Delayed 3 second(s)

2021-06-01 14:12:21 - [MESSAGE][PASSED] - Call Test Case 'Test Cases/Inicio Sesion sin variables' successfully

2021-06-01 14:12:21 - [TEST_STEP][PASSED] - click(findTestObject("1Inicio/img_Configuracion")): Object: 'Object Repository/1Inicio/img_Configuracion' is clicked on

2021-06-01 14:12:22 - [MESSAGE][PASSED] - Object: 'Object Repository/1Inicio/img_Configuracion' is clicked on

2021-06-01 14:12:22 - [TEST_STEP][PASSED] - delay(3): Delayed 3 second(s)

2021-06-01 14:12:25 - [MESSAGE][PASSED] - Delayed 3 second(s)

2021-06-01 14:12:25 - [TEST_STEP][PASSED] - click(findTestObject("Configuracion/1Principal/img_Sistema")): Object: 'Object Repository/Configuracion/1Principal/img_Sistema' is clicked on

2021-06-01 14:12:25 - [MESSAGE][PASSED] - Object: 'Object Repository/Configuracion/1Principal/img_Sistema' is clicked on

2021-06-01 14:12:25 - [TEST_STEP][PASSED] - delay(3): Delayed 3 second(s)

2021-06-01 14:12:28 - [MESSAGE][PASSED] - Delayed 3 second(s)

2021-06-01 14:12:28 - [TEST_STEP][PASSED] - click(findTestObject("Configuracion/Sistema/1Principal/img_Parametros Generales")): Object: 'Object Repository/Configuracion/Sistema/1Principal/img_Parametros Generales' is clicked on

2021-06-01 14:12:29 - [MESSAGE][PASSED] - Object: 'Object Repository/Configuracion/Sistema/1Principal/img_Parametros Generales' is clicked on

2021-06-01 14:12:29 - [TEST_STEP][PASSED] - delay(3): Delayed 3 second(s)

2021-06-01 14:12:32 - [MESSAGE][PASSED] - Delayed 3 second(s)

2021-06-01 14:12:32 - [TEST_STEP][PASSED] - click(findTestObject("Configuracion/Sistema/Parametros Generales/Pestanas/a_Elementos de sistema")): Object: 'Object Repository/Configuracion/Sistema/Parametros Generales/Pestanas/a_Elementos de sistema' is clicked on

2021-06-01 14:12:33 - [MESSAGE][PASSED] - Object: 'Object Repository/Configuracion/Sistema/Parametros Generales/Pestanas/a_Elementos de sistema' is clicked on

2021-06-01 14:12:33 - [TEST_STEP][PASSED] - delay(3): Delayed 3 second(s)

2021-06-01 14:12:36 - [MESSAGE][PASSED] - Delayed 3 second(s)

2021-06-01 14:12:36 - [TEST_STEP][PASSED] - click(findTestObject("Configuracion/Sistema/Parametros Generales/Filtros LLave/span_0filtro llave")): Object: 'Object Repository/Configuracion/Sistema/Parametros Generales/Filtros LLave/span_0filtro llave' is clicked on

2021-06-01 14:12:37 - [MESSAGE][PASSED] - Object: 'Object Repository/Configuracion/Sistema/Parametros Generales/Filtros LLave/span_0filtro llave' is clicked on

2021-06-01 14:12:37 - [TEST_STEP][PASSED] - mouseOver(findTestObject("Configuracion/Sistema/Parametros Generales/Filtros LLave/span_1Filtro")): Object: 'Object Repository/Configuracion/Sistema/Parametros Generales/Filtros LLave/span_1Filtro' is hovered

2021-06-01 14:12:38 - [MESSAGE][PASSED] - Object: 'Object Repository/Configuracion/Sistema/Parametros Generales/Filtros LLave/span_1Filtro' is hovered

2021-06-01 14:12:38 - [TEST_STEP][PASSED] - click(findTestObject("Configuracion/Sistema/Parametros Generales/Filtro 1er valor/span_select")): Object: 'Object Repository/Configuracion/Sistema/Parametros Generales/Filtro 1er valor/span_select' is clicked on

2021-06-01 14:12:39 - [MESSAGE][PASSED] - Object: 'Object Repository/Configuracion/Sistema/Parametros Generales/Filtro 1er valor/span_select' is clicked on

2021-06-01 14:12:39 - [TEST_STEP][PASSED] - click(findTestObject("Configuracion/Sistema/Parametros Generales/Filtro 1er valor/li_Contiene")): Object: 'Object Repository/Configuracion/Sistema/Parametros Generales/Filtro 1er valor/li_Contiene' is clicked on

2021-06-01 14:12:39 - [MESSAGE][PASSED] - Object: 'Object Repository/Configuracion/Sistema/Parametros Generales/Filtro 1er valor/li_Contiene' is clicked on

2021-06-01 14:12:39 - [TEST_STEP][PASSED] - setText(findTestObject("Configuracion/Sistema/Parametros Generales/Filtro 1er valor/input_Texto a buscar1"), "UsuarioCliente.Destino"): Text 'UsuarioCliente.Destino' is set on object 'Object Repository/Configuracion/Sistema/Parametros Generales/Filtro 1er valor/input_Texto a buscar1'

2021-06-01 14:12:41 - [MESSAGE][PASSED] - Text 'UsuarioCliente.Destino' is set on object 'Object Repository/Configuracion/Sistema/Parametros Generales/Filtro 1er valor/input_Texto a buscar1'

2021-06-01 14:12:41 - [TEST_STEP][PASSED] - click(findTestObject("Configuracion/Sistema/Parametros Generales/botones filtro/btn_Filtrar")): Object: 'Object Repository/Configuracion/Sistema/Parametros Generales/botones filtro/btn_Filtrar' is clicked on

2021-06-01 14:12:41 - [MESSAGE][PASSED] - Object: 'Object Repository/Configuracion/Sistema/Parametros Generales/botones filtro/btn_Filtrar' is clicked on

2021-06-01 14:12:41 - [TEST_STEP][PASSED] - delay(2): Delayed 2 second(s)

2021-06-01 14:12:43 - [MESSAGE][PASSED] - Delayed 2 second(s)

2021-06-01 14:12:43 - [TEST_STEP][PASSED] - click(findTestObject("Configuracion/Sistema/Parametros Generales/Cambiar Parametro Valor/a_Editar")): Object: 'Object Repository/Configuracion/Sistema/Parametros Generales/Cambiar Parametro Valor/a_Editar' is clicked on

2021-06-01 14:12:44 - [MESSAGE][PASSED] - Object: 'Object Repository/Configuracion/Sistema/Parametros Generales/Cambiar Parametro Valor/a_Editar' is clicked on

2021-06-01 14:12:44 - [TEST_STEP][PASSED] - delay(2): Delayed 2 second(s)

2021-06-01 14:12:46 - [MESSAGE][PASSED] - Delayed 2 second(s)

2021-06-01 14:12:46 - [TEST_STEP][PASSED] - click(findTestObject("Configuracion/Sistema/Parametros Generales/Cambiar Parametro Valor/input_Valor"), STOP_ON_FAILURE): Object: 'Object Repository/Configuracion/Sistema/Parametros Generales/Cambiar Parametro Valor/input_Valor' is clicked on

2021-06-01 14:12:47 - [MESSAGE][PASSED] - Object: 'Object Repository/Configuracion/Sistema/Parametros Generales/Cambiar Parametro Valor/input_Valor' is clicked on

2021-06-01 14:12:47 - [TEST_STEP][PASSED] - sendKeys(findTestObject(null), "1"): Keys '1' sent to object: 'tempBody'

2021-06-01 14:12:47 - [MESSAGE][WARNING] - Test object id is null

2021-06-01 14:12:47 - [MESSAGE][WARNING] - Test object with id 'Object Repository/' does not exist

2021-06-01 14:12:47 - [MESSAGE][PASSED] - Keys '1' sent to object: 'tempBody'

2021-06-01 14:12:47 - [TEST_STEP][PASSED] - delay(2): Delayed 2 second(s)

2021-06-01 14:12:49 - [MESSAGE][PASSED] - Delayed 2 second(s)

2021-06-01 14:12:49 - [TEST_STEP][PASSED] - click(findTestObject("Configuracion/Sistema/Parametros Generales/Cambiar Parametro Valor/a_Guardar")): Object: 'Object Repository/Configuracion/Sistema/Parametros Generales/Cambiar Parametro Valor/a_Guardar' is clicked on

2021-06-01 14:12:51 - [MESSAGE][PASSED] - Object: 'Object Repository/Configuracion/Sistema/Parametros Generales/Cambiar Parametro Valor/a_Guardar' is clicked on

2021-06-01 14:12:51 - [TEST_STEP][PASSED] - delay(3): Delayed 3 second(s)

2021-06-01 14:12:54 - [MESSAGE][PASSED] - Delayed 3 second(s)

2021-06-01 14:12:54 - [TEST_STEP][PASSED] - click(findTestObject("1Inicio/a_Inicio")): Object: 'Object Repository/1Inicio/a_Inicio' is clicked on

2021-06-01 14:12:54 - [MESSAGE][PASSED] - Object: 'Object Repository/1Inicio/a_Inicio' is clicked on

2021-06-01 14:12:54 - [TEST_STEP][PASSED] - delay(3): Delayed 3 second(s)

2021-06-01 14:12:57 - [MESSAGE][PASSED] - Delayed 3 second(s)

2021-06-01 14:12:57 - [TEST_STEP][PASSED] - click(findTestObject("1Inicio/img_Operacion")): Object: 'Object Repository/1Inicio/img_Operacion' is clicked on

2021-06-01 14:12:58 - [MESSAGE][PASSED] - Object: 'Object Repository/1Inicio/img_Operacion' is clicked on

2021-06-01 14:12:58 - [TEST_STEP][PASSED] - delay(3): Delayed 3 second(s)

2021-06-01 14:13:01 - [MESSAGE][PASSED] - Delayed 3 second(s)

2021-06-01 14:13:01 - [TEST_STEP][PASSED] - click(findTestObject("2 Operacion/Elementos Del Sistema")): Object: 'Object Repository/2 Operacion/Elementos Del Sistema' is clicked on

2021-06-01 14:13:01 - [MESSAGE][PASSED] - Object: 'Object Repository/2 Operacion/Elementos Del Sistema' is clicked on

2021-06-01 14:13:01 - [TEST_STEP][PASSED] - delay(3): Delayed 3 second(s)

2021-06-01 14:13:04 - [MESSAGE][PASSED] - Delayed 3 second(s)

2021-06-01 14:13:04 - [TEST_STEP][PASSED] - click(findTestObject("2 Operacion/Elementos del Sistema/img_Terminales")): Object: 'Object Repository/2 Operacion/Elementos del Sistema/img_Terminales' is clicked on

2021-06-01 14:13:05 - [MESSAGE][PASSED] - Object: 'Object Repository/2 Operacion/Elementos del Sistema/img_Terminales' is clicked on

2021-06-01 14:13:05 - [TEST_STEP][PASSED] - delay(3): Delayed 3 second(s)

2021-06-01 14:13:08 - [MESSAGE][PASSED] - Delayed 3 second(s)

2021-06-01 14:13:08 - [TEST_STEP][PASSED] - click(findTestObject("2 Operacion/Elementos del Sistema/Selectores/00Oficinas/a_Bogota - CIEL")): Object: 'Object Repository/2 Operacion/Elementos del Sistema/Selectores/00Oficinas/a_Bogota - CIEL' is clicked on

2021-06-01 14:13:08 - [MESSAGE][PASSED] - Object: 'Object Repository/2 Operacion/Elementos del Sistema/Selectores/00Oficinas/a_Bogota - CIEL' is clicked on

2021-06-01 14:13:08 - [TEST_STEP][PASSED] - delay(3): Delayed 3 second(s)

2021-06-01 14:13:11 - [MESSAGE][PASSED] - Delayed 3 second(s)

2021-06-01 14:13:11 - [TEST_STEP][PASSED] - click(findTestObject("2 Operacion/Elementos del Sistema/Terminales/1Terminales menos WorkFlow/a_Terminal PQRS A02")): Object: 'Object Repository/2 Operacion/Elementos del Sistema/Terminales/1Terminales menos WorkFlow/a_Terminal PQRS A02' is clicked on

2021-06-01 14:13:12 - [MESSAGE][PASSED] - Object: 'Object Repository/2 Operacion/Elementos del Sistema/Terminales/1Terminales menos WorkFlow/a_Terminal PQRS A02' is clicked on

2021-06-01 14:13:12 - [TEST_STEP][PASSED] - delay(3): Delayed 3 second(s)

2021-06-01 14:13:15 - [MESSAGE][PASSED] - Delayed 3 second(s)

2021-06-01 14:13:15 - [TEST_STEP][PASSED] - click(findTestObject("2 Operacion/Elementos del Sistema/Terminales/Terminal/Funciones Basicas/img_Llamar")): Object: 'Object Repository/2 Operacion/Elementos del Sistema/Terminales/Terminal/Funciones Basicas/img_Llamar' is clicked on

2021-06-01 14:13:16 - [MESSAGE][PASSED] - Object: 'Object Repository/2 Operacion/Elementos del Sistema/Terminales/Terminal/Funciones Basicas/img_Llamar' is clicked on

2021-06-01 14:13:16 - [TEST_STEP][PASSED] - delay(3): Delayed 3 second(s)

2021-06-01 14:13:19 - [MESSAGE][PASSED] - Delayed 3 second(s)

2021-06-01 14:13:19 - [TEST_STEP][PASSED] - click(findTestObject("2 Operacion/Elementos del Sistema/Terminales/Terminal/Funciones Basicas/img_Ocupado")): Object: 'Object Repository/2 Operacion/Elementos del Sistema/Terminales/Terminal/Funciones Basicas/img_Ocupado' is clicked on

2021-06-01 14:13:20 - [MESSAGE][PASSED] - Object: 'Object Repository/2 Operacion/Elementos del Sistema/Terminales/Terminal/Funciones Basicas/img_Ocupado' is clicked on

2021-06-01 14:13:20 - [TEST_STEP][PASSED] - delay(3): Delayed 3 second(s)

2021-06-01 14:13:23 - [MESSAGE][PASSED] - Delayed 3 second(s)

2021-06-01 14:13:23 - [TEST_STEP][PASSED] - click(findTestObject("2 Operacion/Elementos del Sistema/Terminales/Terminal/Funciones Basicas/imgOcupado/a_Actualizacion de Datos")): Object: 'Object Repository/2 Operacion/Elementos del Sistema/Terminales/Terminal/Funciones Basicas/imgOcupado/a_Actualizacion de Datos' is clicked on

2021-06-01 14:13:24 - [MESSAGE][PASSED] - Object: 'Object Repository/2 Operacion/Elementos del Sistema/Terminales/Terminal/Funciones Basicas/imgOcupado/a_Actualizacion de Datos' is clicked on

2021-06-01 14:13:24 - [TEST_STEP][PASSED] - delay(3): Delayed 3 second(s)

2021-06-01 14:13:27 - [MESSAGE][PASSED] - Delayed 3 second(s)

2021-06-01 14:13:27 - [TEST_STEP][PASSED] - selectOptionByIndex(findTestObject("2 Operacion/Elementos del Sistema/Terminales/Terminal/Cliente/select_TipoIdentificacion"), 2): All options with index in [2] are selected on object 'Object Repository/2 Operacion/Elementos del Sistema/Terminales/Terminal/Cliente/select_TipoIdentificacion'

2021-06-01 14:13:28 - [MESSAGE][PASSED] - All options with index in [2] are selected on object 'Object Repository/2 Operacion/Elementos del Sistema/Terminales/Terminal/Cliente/select_TipoIdentificacion'

2021-06-01 14:13:28 - [TEST_STEP][PASSED] - delay(3): Delayed 3 second(s)

2021-06-01 14:13:31 - [MESSAGE][PASSED] - Delayed 3 second(s)

2021-06-01 14:13:31 - [TEST_STEP][PASSED] - setText(findTestObject("2 Operacion/Elementos del Sistema/Terminales/Terminal/Cliente/input_Identificacion"), "636711"): Text '636711' is set on object 'Object Repository/2 Operacion/Elementos del Sistema/Terminales/Terminal/Cliente/input_Identificacion'

2021-06-01 14:13:32 - [MESSAGE][PASSED] - Text '636711' is set on object 'Object Repository/2 Operacion/Elementos del Sistema/Terminales/Terminal/Cliente/input_Identificacion'

2021-06-01 14:13:32 - [TEST_STEP][PASSED] - delay(3): Delayed 3 second(s)

2021-06-01 14:13:35 - [MESSAGE][PASSED] - Delayed 3 second(s)

2021-06-01 14:13:35 - [TEST_STEP][PASSED] - click(findTestObject("2 Operacion/Elementos del Sistema/Terminales/Terminal/Cliente/botones/img_Buscar")): Object: 'Object Repository/2 Operacion/Elementos del Sistema/Terminales/Terminal/Cliente/botones/img_Buscar' is clicked on

2021-06-01 14:13:36 - [MESSAGE][PASSED] - Object: 'Object Repository/2 Operacion/Elementos del Sistema/Terminales/Terminal/Cliente/botones/img_Buscar' is clicked on

2021-06-01 14:13:36 - [TEST_STEP][PASSED] - delay(3): Delayed 3 second(s)

2021-06-01 14:13:39 - [MESSAGE][PASSED] - Delayed 3 second(s)

2021-06-01 14:13:39 - [TEST_STEP][PASSED] - click(findTestObject("2 Operacion/Elementos del Sistema/Terminales/Terminal/Funciones Adicionales/img_Nueva Transaccion")): Object: 'Object Repository/2 Operacion/Elementos del Sistema/Terminales/Terminal/Funciones Adicionales/img_Nueva Transaccion' is clicked on

2021-06-01 14:13:39 - [MESSAGE][PASSED] - Object: 'Object Repository/2 Operacion/Elementos del Sistema/Terminales/Terminal/Funciones Adicionales/img_Nueva Transaccion' is clicked on

2021-06-01 14:13:39 - [TEST_STEP][PASSED] - delay(3): Delayed 3 second(s)

2021-06-01 14:13:42 - [MESSAGE][PASSED] - Delayed 3 second(s)

2021-06-01 14:13:42 - [TEST_STEP][PASSED] - click(findTestObject("2 Operacion/Elementos del Sistema/Terminales/Terminal/Funciones Adicionales/imgNuevaTransaccion/a_Radicaciones")): Object: 'Object Repository/2 Operacion/Elementos del Sistema/Terminales/Terminal/Funciones Adicionales/imgNuevaTransaccion/a_Radicaciones' is clicked on

2021-06-01 14:13:43 - [MESSAGE][PASSED] - Object: 'Object Repository/2 Operacion/Elementos del Sistema/Terminales/Terminal/Funciones Adicionales/imgNuevaTransaccion/a_Radicaciones' is clicked on

2021-06-01 14:13:43 - [TEST_STEP][PASSED] - delay(3): Delayed 3 second(s)

2021-06-01 14:13:46 - [MESSAGE][PASSED] - Delayed 3 second(s)

2021-06-01 14:13:46 - [TEST_STEP][PASSED] - click(findTestObject("2 Operacion/Elementos del Sistema/Terminales/Terminal/Funciones Adicionales/imgNuevaTransaccion/subservicios/a_Certificado rad")): Object: 'Object Repository/2 Operacion/Elementos del Sistema/Terminales/Terminal/Funciones Adicionales/imgNuevaTransaccion/subservicios/a_Certificado rad' is clicked on

2021-06-01 14:13:47 - [MESSAGE][PASSED] - Object: 'Object Repository/2 Operacion/Elementos del Sistema/Terminales/Terminal/Funciones Adicionales/imgNuevaTransaccion/subservicios/a_Certificado rad' is clicked on

2021-06-01 14:13:47 - [TEST_STEP][PASSED] - delay(3): Delayed 3 second(s)

2021-06-01 14:13:50 - [MESSAGE][PASSED] - Delayed 3 second(s)

2021-06-01 14:13:50 - [TEST_STEP][PASSED] - takeFullPageScreenshot(): Taking screenshot successfully

2021-06-01 14:13:50 - [MESSAGE][INFO] - 0 hidden object(s)

2021-06-01 14:13:50 - [MESSAGE][PASSED] - Taking screenshot successfully
[[ATTACHMENT|E:\\CIEL INGENIERIA\\KATALON\\Validaciones\\Reports\\20210601_140925\\64.UsuarioCliente.Destino\\20210601_140925\\1622574830053.png]]

2021-06-01 14:13:50 - [TEST_STEP][PASSED] - delay(3): Delayed 3 second(s)

2021-06-01 14:13:53 - [MESSAGE][PASSED] - Delayed 3 second(s)

2021-06-01 14:13:53 - [TEST_STEP][PASSED] - click(findTestObject("2 Operacion/Elementos del Sistema/Terminales/Terminal/Funciones Basicas/img_Cerrar")): Object: 'Object Repository/2 Operacion/Elementos del Sistema/Terminales/Terminal/Funciones Basicas/img_Cerrar' is clicked on

2021-06-01 14:13:54 - [MESSAGE][PASSED] - Object: 'Object Repository/2 Operacion/Elementos del Sistema/Terminales/Terminal/Funciones Basicas/img_Cerrar' is clicked on

2021-06-01 14:13:54 - [TEST_STEP][PASSED] - delay(3): Delayed 3 second(s)

2021-06-01 14:13:57 - [MESSAGE][PASSED] - Delayed 3 second(s)

2021-06-01 14:13:57 - [TEST_STEP][PASSED] - click(findTestObject("2 Operacion/Elementos del Sistema/Terminales/Terminal/Funciones Basicas/imgCerrar/btn_FindeJornada")): Object: 'Object Repository/2 Operacion/Elementos del Sistema/Terminales/Terminal/Funciones Basicas/imgCerrar/btn_FindeJornada' is clicked on

2021-06-01 14:13:57 - [MESSAGE][PASSED] - Object: 'Object Repository/2 Operacion/Elementos del Sistema/Terminales/Terminal/Funciones Basicas/imgCerrar/btn_FindeJornada' is clicked on

2021-06-01 14:13:57 - [TEST_STEP][PASSED] - delay(3): Delayed 3 second(s)

2021-06-01 14:14:00 - [MESSAGE][PASSED] - Delayed 3 second(s)]]></system-out>
         <system-err><![CDATA[]]></system-err>
      </testcase>
      <system-out><![CDATA[2021-06-01 14:09:46 - [TEST_SUITE][PASSED] - 64.UsuarioCliente.Destino: Test Cases/64.UsuarioCliente.Destino 1Servicio]]></system-out>
      <system-err><![CDATA[]]></system-err>
   </testsuite>
</testsuites>
