<?xml version="1.0" encoding="UTF-8"?>
<testsuites name="70.CubosOlap.FechaPersonalizadaIlimitada" time="213.144" tests="2" failures="0" errors="0">
   <testsuite name="70.CubosOlap.FechaPersonalizadaIlimitada" tests="2" failures="0" errors="0" time="213.144" skipped="0" timestamp="2021-06-01 14:44:47" hostname="BILIKI - DESKTOP-HH1RJM2" id="Test Suites/70.CubosOlap.FechaPersonalizadaIlimitada">
      <properties>
         <property name="deviceName" value=""/>
         <property name="devicePlatform" value=""/>
         <property name="logFolder" value="E:\\CIEL INGENIERIA\\KATALON\\Validaciones\\Reports\\20210601_144427\\70.CubosOlap.FechaPersonalizadaIlimitada\\20210601_144427"/>
         <property name="logFiles" value="E:\\CIEL INGENIERIA\\KATALON\\Validaciones\\Reports\\20210601_144427\\70.CubosOlap.FechaPersonalizadaIlimitada\\20210601_144427\\execution0.log"/>
         <property name="attachments" value="E:\\CIEL INGENIERIA\\KATALON\\Validaciones\\Reports\\20210601_144427\\70.CubosOlap.FechaPersonalizadaIlimitada\\20210601_144427\\1622576790235.png, E:\\CIEL INGENIERIA\\KATALON\\Validaciones\\Reports\\20210601_144427\\70.CubosOlap.FechaPersonalizadaIlimitada\\20210601_144427\\1622576873133.png"/>
         <property name="hostName" value="BILIKI - DESKTOP-HH1RJM2"/>
         <property name="os" value="Windows 10 64bit"/>
         <property name="katalonVersion" value="8.0.1.208"/>
         <property name="browser" value="Edge Chromiume 18"/>
         <property name="hostAddress" value="169.254.12.236"/>
         <property name="sessionId" value="A68C8005-CA82-41C6-BDBA-DECA06C4E072"/>
         <property name="seleniumVersion" value="3.141.59"/>
         <property name="proxyInformation" value="ProxyInformation { proxyOption=NO_PROXY, proxyServerType=HTTP, username=, password=********, proxyServerAddress=, proxyServerPort=0, executionList=&quot;&quot;, isApplyToDesiredCapabilities=true }"/>
         <property name="platform" value="Windows 10"/>
      </properties>
      <testcase name="Test Cases/70.CubosOLAP.FechaPersonalizadaIlimitada No" time="102.246" classname="Test Cases/70.CubosOLAP.FechaPersonalizadaIlimitada No" status="PASSED">
         <system-out><![CDATA[2021-06-01 14:44:52 - [TEST_CASE][PASSED] - Test Cases/70.CubosOLAP.FechaPersonalizadaIlimitada No: Test Cases/70.CubosOLAP.FechaPersonalizadaIlimitada No

2021-06-01 14:44:54 - [TEST_STEP][PASSED] - callTestCase(findTestCase("Inicio Sesion sin variables"), [:], STOP_ON_FAILURE): Call Test Case 'Test Cases/Inicio Sesion sin variables' successfully

2021-06-01 14:44:55 - [TEST_CASE][PASSED] - Test Cases/Inicio Sesion sin variables: Test Cases/Inicio Sesion sin variables

2021-06-01 14:44:56 - [TEST_STEP][PASSED] - openBrowser("http://Localhost:8810"): Browser is opened with url: 'http://Localhost:8810'

2021-06-01 14:44:57 - [MESSAGE][INFO] - Starting 'Edge' driver

2021-06-01 14:44:58 - [MESSAGE][INFO] - Action delay is set to 0 milliseconds

2021-06-01 14:45:19 - [MESSAGE][PASSED] - Browser is opened with url: 'http://Localhost:8810'

2021-06-01 14:45:19 - [TEST_STEP][PASSED] - maximizeWindow(): Current window maximized

2021-06-01 14:45:20 - [MESSAGE][PASSED] - Current window maximized

2021-06-01 14:45:20 - [TEST_STEP][PASSED] - setText(findTestObject("0Inicio Sesion/input__Usuario"), "ciel"): Text 'ciel' is set on object 'Object Repository/0Inicio Sesion/input__Usuario'

2021-06-01 14:45:22 - [MESSAGE][PASSED] - Text 'ciel' is set on object 'Object Repository/0Inicio Sesion/input__Usuario'

2021-06-01 14:45:22 - [TEST_STEP][PASSED] - setText(findTestObject("0Inicio Sesion/input__Clave"), "digiturno"): Text 'digiturno' is set on object 'Object Repository/0Inicio Sesion/input__Clave'

2021-06-01 14:45:23 - [MESSAGE][PASSED] - Text 'digiturno' is set on object 'Object Repository/0Inicio Sesion/input__Clave'

2021-06-01 14:45:23 - [TEST_STEP][PASSED] - click(findTestObject("0Inicio Sesion/btn_IniciarSesion")): Object: 'Object Repository/0Inicio Sesion/btn_IniciarSesion' is clicked on

2021-06-01 14:45:24 - [MESSAGE][PASSED] - Object: 'Object Repository/0Inicio Sesion/btn_IniciarSesion' is clicked on

2021-06-01 14:45:24 - [TEST_STEP][PASSED] - delay(3): Delayed 3 second(s)

2021-06-01 14:45:27 - [MESSAGE][PASSED] - Delayed 3 second(s)

2021-06-01 14:45:27 - [MESSAGE][PASSED] - Call Test Case 'Test Cases/Inicio Sesion sin variables' successfully

2021-06-01 14:45:27 - [TEST_STEP][PASSED] - click(findTestObject("1Inicio/img_Configuracion")): Object: 'Object Repository/1Inicio/img_Configuracion' is clicked on

2021-06-01 14:45:29 - [MESSAGE][PASSED] - Object: 'Object Repository/1Inicio/img_Configuracion' is clicked on

2021-06-01 14:45:29 - [TEST_STEP][PASSED] - delay(3): Delayed 3 second(s)

2021-06-01 14:45:32 - [MESSAGE][PASSED] - Delayed 3 second(s)

2021-06-01 14:45:32 - [TEST_STEP][PASSED] - click(findTestObject("Configuracion/1Principal/img_Sistema")): Object: 'Object Repository/Configuracion/1Principal/img_Sistema' is clicked on

2021-06-01 14:45:33 - [MESSAGE][PASSED] - Object: 'Object Repository/Configuracion/1Principal/img_Sistema' is clicked on

2021-06-01 14:45:33 - [TEST_STEP][PASSED] - delay(3): Delayed 3 second(s)

2021-06-01 14:45:36 - [MESSAGE][PASSED] - Delayed 3 second(s)

2021-06-01 14:45:36 - [TEST_STEP][PASSED] - click(findTestObject("Configuracion/Sistema/1Principal/img_Parametros Generales")): Object: 'Object Repository/Configuracion/Sistema/1Principal/img_Parametros Generales' is clicked on

2021-06-01 14:45:36 - [MESSAGE][PASSED] - Object: 'Object Repository/Configuracion/Sistema/1Principal/img_Parametros Generales' is clicked on

2021-06-01 14:45:36 - [TEST_STEP][PASSED] - delay(3): Delayed 3 second(s)

2021-06-01 14:45:40 - [MESSAGE][PASSED] - Delayed 3 second(s)

2021-06-01 14:45:40 - [TEST_STEP][PASSED] - click(findTestObject("Configuracion/Sistema/Parametros Generales/Pestanas/a_Sistema")): Object: 'Object Repository/Configuracion/Sistema/Parametros Generales/Pestanas/a_Sistema' is clicked on

2021-06-01 14:45:41 - [MESSAGE][PASSED] - Object: 'Object Repository/Configuracion/Sistema/Parametros Generales/Pestanas/a_Sistema' is clicked on

2021-06-01 14:45:41 - [TEST_STEP][PASSED] - delay(3): Delayed 3 second(s)

2021-06-01 14:45:44 - [MESSAGE][PASSED] - Delayed 3 second(s)

2021-06-01 14:45:44 - [TEST_STEP][PASSED] - click(findTestObject("Configuracion/Sistema/Parametros Generales/Filtros LLave/span_0filtro llave")): Object: 'Object Repository/Configuracion/Sistema/Parametros Generales/Filtros LLave/span_0filtro llave' is clicked on

2021-06-01 14:45:45 - [MESSAGE][PASSED] - Object: 'Object Repository/Configuracion/Sistema/Parametros Generales/Filtros LLave/span_0filtro llave' is clicked on

2021-06-01 14:45:45 - [TEST_STEP][PASSED] - mouseOver(findTestObject("Configuracion/Sistema/Parametros Generales/Filtros LLave/span_1Filtro")): Object: 'Object Repository/Configuracion/Sistema/Parametros Generales/Filtros LLave/span_1Filtro' is hovered

2021-06-01 14:45:46 - [MESSAGE][PASSED] - Object: 'Object Repository/Configuracion/Sistema/Parametros Generales/Filtros LLave/span_1Filtro' is hovered

2021-06-01 14:45:46 - [TEST_STEP][PASSED] - click(findTestObject("Configuracion/Sistema/Parametros Generales/Filtro 1er valor/span_select")): Object: 'Object Repository/Configuracion/Sistema/Parametros Generales/Filtro 1er valor/span_select' is clicked on

2021-06-01 14:45:47 - [MESSAGE][PASSED] - Object: 'Object Repository/Configuracion/Sistema/Parametros Generales/Filtro 1er valor/span_select' is clicked on

2021-06-01 14:45:47 - [TEST_STEP][PASSED] - click(findTestObject("Configuracion/Sistema/Parametros Generales/Filtro 1er valor/li_Contiene")): Object: 'Object Repository/Configuracion/Sistema/Parametros Generales/Filtro 1er valor/li_Contiene' is clicked on

2021-06-01 14:45:48 - [MESSAGE][PASSED] - Object: 'Object Repository/Configuracion/Sistema/Parametros Generales/Filtro 1er valor/li_Contiene' is clicked on

2021-06-01 14:45:48 - [TEST_STEP][PASSED] - setText(findTestObject("Configuracion/Sistema/Parametros Generales/Filtro 1er valor/input_Texto a buscar1"), "CubosOlap.FechaPersonalizadaIlimitada"): Text 'CubosOlap.FechaPersonalizadaIlimitada' is set on object 'Object Repository/Configuracion/Sistema/Parametros Generales/Filtro 1er valor/input_Texto a buscar1'

2021-06-01 14:45:49 - [MESSAGE][PASSED] - Text 'CubosOlap.FechaPersonalizadaIlimitada' is set on object 'Object Repository/Configuracion/Sistema/Parametros Generales/Filtro 1er valor/input_Texto a buscar1'

2021-06-01 14:45:49 - [TEST_STEP][PASSED] - click(findTestObject("Configuracion/Sistema/Parametros Generales/botones filtro/btn_Filtrar")): Object: 'Object Repository/Configuracion/Sistema/Parametros Generales/botones filtro/btn_Filtrar' is clicked on

2021-06-01 14:45:50 - [MESSAGE][PASSED] - Object: 'Object Repository/Configuracion/Sistema/Parametros Generales/botones filtro/btn_Filtrar' is clicked on

2021-06-01 14:45:50 - [TEST_STEP][PASSED] - delay(2): Delayed 2 second(s)

2021-06-01 14:45:52 - [MESSAGE][PASSED] - Delayed 2 second(s)

2021-06-01 14:45:52 - [TEST_STEP][PASSED] - click(findTestObject("Configuracion/Sistema/Parametros Generales/Cambiar Parametro Valor/a_Editar")): Object: 'Object Repository/Configuracion/Sistema/Parametros Generales/Cambiar Parametro Valor/a_Editar' is clicked on

2021-06-01 14:45:53 - [MESSAGE][PASSED] - Object: 'Object Repository/Configuracion/Sistema/Parametros Generales/Cambiar Parametro Valor/a_Editar' is clicked on

2021-06-01 14:45:53 - [TEST_STEP][PASSED] - delay(2): Delayed 2 second(s)

2021-06-01 14:45:55 - [MESSAGE][PASSED] - Delayed 2 second(s)

2021-06-01 14:45:55 - [TEST_STEP][PASSED] - click(findTestObject("Configuracion/Sistema/Parametros Generales/Cambiar Parametro Valor/input_Valor"), STOP_ON_FAILURE): Object: 'Object Repository/Configuracion/Sistema/Parametros Generales/Cambiar Parametro Valor/input_Valor' is clicked on

2021-06-01 14:45:55 - [MESSAGE][PASSED] - Object: 'Object Repository/Configuracion/Sistema/Parametros Generales/Cambiar Parametro Valor/input_Valor' is clicked on

2021-06-01 14:45:55 - [TEST_STEP][PASSED] - sendKeys(findTestObject(null), "No"): Keys 'No' sent to object: 'tempBody'

2021-06-01 14:45:55 - [MESSAGE][WARNING] - Test object id is null

2021-06-01 14:45:56 - [MESSAGE][WARNING] - Test object with id 'Object Repository/' does not exist

2021-06-01 14:45:56 - [MESSAGE][PASSED] - Keys 'No' sent to object: 'tempBody'

2021-06-01 14:45:56 - [TEST_STEP][PASSED] - delay(2): Delayed 2 second(s)

2021-06-01 14:45:58 - [MESSAGE][PASSED] - Delayed 2 second(s)

2021-06-01 14:45:58 - [TEST_STEP][PASSED] - click(findTestObject("Configuracion/Sistema/Parametros Generales/Cambiar Parametro Valor/a_Guardar")): Object: 'Object Repository/Configuracion/Sistema/Parametros Generales/Cambiar Parametro Valor/a_Guardar' is clicked on

2021-06-01 14:45:59 - [MESSAGE][PASSED] - Object: 'Object Repository/Configuracion/Sistema/Parametros Generales/Cambiar Parametro Valor/a_Guardar' is clicked on

2021-06-01 14:45:59 - [TEST_STEP][PASSED] - delay(3): Delayed 3 second(s)

2021-06-01 14:46:02 - [MESSAGE][PASSED] - Delayed 3 second(s)

2021-06-01 14:46:02 - [TEST_STEP][PASSED] - click(findTestObject("1Inicio/a_Inicio")): Object: 'Object Repository/1Inicio/a_Inicio' is clicked on

2021-06-01 14:46:03 - [MESSAGE][PASSED] - Object: 'Object Repository/1Inicio/a_Inicio' is clicked on

2021-06-01 14:46:03 - [TEST_STEP][PASSED] - delay(3): Delayed 3 second(s)

2021-06-01 14:46:06 - [MESSAGE][PASSED] - Delayed 3 second(s)

2021-06-01 14:46:06 - [TEST_STEP][PASSED] - click(findTestObject("1Inicio/img_Gestion")): Object: 'Object Repository/1Inicio/img_Gestion' is clicked on

2021-06-01 14:46:06 - [MESSAGE][PASSED] - Object: 'Object Repository/1Inicio/img_Gestion' is clicked on

2021-06-01 14:46:06 - [TEST_STEP][PASSED] - delay(3): Delayed 3 second(s)

2021-06-01 14:46:09 - [MESSAGE][PASSED] - Delayed 3 second(s)

2021-06-01 14:46:09 - [TEST_STEP][PASSED] - click(findTestObject("Gestion/1Principal/img_Cubos OLAP")): Object: 'Object Repository/Gestion/1Principal/img_Cubos OLAP' is clicked on

2021-06-01 14:46:10 - [MESSAGE][PASSED] - Object: 'Object Repository/Gestion/1Principal/img_Cubos OLAP' is clicked on

2021-06-01 14:46:10 - [TEST_STEP][PASSED] - delay(3): Delayed 3 second(s)

2021-06-01 14:46:13 - [MESSAGE][PASSED] - Delayed 3 second(s)

2021-06-01 14:46:13 - [TEST_STEP][PASSED] - check(findTestObject("Gestion/Cubos OLAP/Fecha/rbt_Personalizada")): Object 'Object Repository/Gestion/Cubos OLAP/Fecha/rbt_Personalizada' is checked

2021-06-01 14:46:16 - [MESSAGE][PASSED] - Object 'Object Repository/Gestion/Cubos OLAP/Fecha/rbt_Personalizada' is checked

2021-06-01 14:46:16 - [TEST_STEP][PASSED] - delay(3): Delayed 3 second(s)

2021-06-01 14:46:19 - [MESSAGE][PASSED] - Delayed 3 second(s)

2021-06-01 14:46:19 - [TEST_STEP][PASSED] - click(findTestObject("Gestion/Cubos OLAP/Personalizar Fecha/input_Fecha Inicial_ddmmaaaa")): Object: 'Object Repository/Gestion/Cubos OLAP/Personalizar Fecha/input_Fecha Inicial_ddmmaaaa' is clicked on

2021-06-01 14:46:20 - [MESSAGE][PASSED] - Object: 'Object Repository/Gestion/Cubos OLAP/Personalizar Fecha/input_Fecha Inicial_ddmmaaaa' is clicked on

2021-06-01 14:46:20 - [TEST_STEP][PASSED] - delay(3): Delayed 3 second(s)

2021-06-01 14:46:23 - [MESSAGE][PASSED] - Delayed 3 second(s)

2021-06-01 14:46:23 - [TEST_STEP][PASSED] - click(findTestObject("Gestion/Cubos OLAP/Personalizar Fecha/div_1_mes_anio")): Object: 'Object Repository/Gestion/Cubos OLAP/Personalizar Fecha/div_1_mes_anio' is clicked on

2021-06-01 14:46:23 - [MESSAGE][PASSED] - Object: 'Object Repository/Gestion/Cubos OLAP/Personalizar Fecha/div_1_mes_anio' is clicked on

2021-06-01 14:46:23 - [TEST_STEP][PASSED] - delay(3): Delayed 3 second(s)

2021-06-01 14:46:26 - [MESSAGE][PASSED] - Delayed 3 second(s)

2021-06-01 14:46:26 - [TEST_STEP][PASSED] - click(findTestObject("Gestion/Cubos OLAP/Personalizar Fecha/div_2_anio")): Object: 'Object Repository/Gestion/Cubos OLAP/Personalizar Fecha/div_2_anio' is clicked on

2021-06-01 14:46:27 - [MESSAGE][PASSED] - Object: 'Object Repository/Gestion/Cubos OLAP/Personalizar Fecha/div_2_anio' is clicked on

2021-06-01 14:46:27 - [TEST_STEP][PASSED] - delay(3): Delayed 3 second(s)

2021-06-01 14:46:30 - [MESSAGE][PASSED] - Delayed 3 second(s)

2021-06-01 14:46:30 - [TEST_STEP][PASSED] - takeFullPageScreenshot(): Taking screenshot successfully

2021-06-01 14:46:31 - [MESSAGE][INFO] - 0 hidden object(s)

2021-06-01 14:46:31 - [MESSAGE][PASSED] - Taking screenshot successfully
[[ATTACHMENT|E:\\CIEL INGENIERIA\\KATALON\\Validaciones\\Reports\\20210601_144427\\70.CubosOlap.FechaPersonalizadaIlimitada\\20210601_144427\\1622576790235.png]]

2021-06-01 14:46:31 - [TEST_STEP][PASSED] - delay(3): Delayed 3 second(s)

2021-06-01 14:46:34 - [MESSAGE][PASSED] - Delayed 3 second(s)]]></system-out>
         <system-err><![CDATA[]]></system-err>
      </testcase>
      <testcase name="Test Cases/70.CubosOLAP.FechaPersonalizadaIlimitada Si" time="82.027" classname="Test Cases/70.CubosOLAP.FechaPersonalizadaIlimitada Si" status="PASSED">
         <system-out><![CDATA[2021-06-01 14:46:34 - [TEST_CASE][PASSED] - Test Cases/70.CubosOLAP.FechaPersonalizadaIlimitada Si: Test Cases/70.CubosOLAP.FechaPersonalizadaIlimitada Si

2021-06-01 14:46:36 - [TEST_STEP][PASSED] - callTestCase(findTestCase("Inicio Sesion sin variables"), [:], STOP_ON_FAILURE): Call Test Case 'Test Cases/Inicio Sesion sin variables' successfully

2021-06-01 14:46:36 - [TEST_CASE][PASSED] - Test Cases/Inicio Sesion sin variables: Test Cases/Inicio Sesion sin variables

2021-06-01 14:46:36 - [TEST_STEP][PASSED] - openBrowser("http://Localhost:8810"): Browser is opened with url: 'http://Localhost:8810'

2021-06-01 14:46:36 - [MESSAGE][WARNING] - A browser is already opened. Closing browser and opening a new one

2021-06-01 14:46:39 - [MESSAGE][INFO] - Starting 'Edge' driver

2021-06-01 14:46:39 - [MESSAGE][INFO] - Action delay is set to 0 milliseconds

2021-06-01 14:46:46 - [MESSAGE][PASSED] - Browser is opened with url: 'http://Localhost:8810'

2021-06-01 14:46:46 - [TEST_STEP][PASSED] - maximizeWindow(): Current window maximized

2021-06-01 14:46:47 - [MESSAGE][PASSED] - Current window maximized

2021-06-01 14:46:47 - [TEST_STEP][PASSED] - setText(findTestObject("0Inicio Sesion/input__Usuario"), "ciel"): Text 'ciel' is set on object 'Object Repository/0Inicio Sesion/input__Usuario'

2021-06-01 14:46:48 - [MESSAGE][PASSED] - Text 'ciel' is set on object 'Object Repository/0Inicio Sesion/input__Usuario'

2021-06-01 14:46:48 - [TEST_STEP][PASSED] - setText(findTestObject("0Inicio Sesion/input__Clave"), "digiturno"): Text 'digiturno' is set on object 'Object Repository/0Inicio Sesion/input__Clave'

2021-06-01 14:46:50 - [MESSAGE][PASSED] - Text 'digiturno' is set on object 'Object Repository/0Inicio Sesion/input__Clave'

2021-06-01 14:46:50 - [TEST_STEP][PASSED] - click(findTestObject("0Inicio Sesion/btn_IniciarSesion")): Object: 'Object Repository/0Inicio Sesion/btn_IniciarSesion' is clicked on

2021-06-01 14:46:50 - [MESSAGE][PASSED] - Object: 'Object Repository/0Inicio Sesion/btn_IniciarSesion' is clicked on

2021-06-01 14:46:50 - [TEST_STEP][PASSED] - delay(3): Delayed 3 second(s)

2021-06-01 14:46:54 - [MESSAGE][PASSED] - Delayed 3 second(s)

2021-06-01 14:46:54 - [MESSAGE][PASSED] - Call Test Case 'Test Cases/Inicio Sesion sin variables' successfully

2021-06-01 14:46:54 - [TEST_STEP][PASSED] - click(findTestObject("1Inicio/img_Configuracion")): Object: 'Object Repository/1Inicio/img_Configuracion' is clicked on

2021-06-01 14:46:55 - [MESSAGE][PASSED] - Object: 'Object Repository/1Inicio/img_Configuracion' is clicked on

2021-06-01 14:46:55 - [TEST_STEP][PASSED] - delay(3): Delayed 3 second(s)

2021-06-01 14:46:58 - [MESSAGE][PASSED] - Delayed 3 second(s)

2021-06-01 14:46:58 - [TEST_STEP][PASSED] - click(findTestObject("Configuracion/1Principal/img_Sistema")): Object: 'Object Repository/Configuracion/1Principal/img_Sistema' is clicked on

2021-06-01 14:46:59 - [MESSAGE][PASSED] - Object: 'Object Repository/Configuracion/1Principal/img_Sistema' is clicked on

2021-06-01 14:46:59 - [TEST_STEP][PASSED] - delay(3): Delayed 3 second(s)

2021-06-01 14:47:02 - [MESSAGE][PASSED] - Delayed 3 second(s)

2021-06-01 14:47:02 - [TEST_STEP][PASSED] - click(findTestObject("Configuracion/Sistema/1Principal/img_Parametros Generales")): Object: 'Object Repository/Configuracion/Sistema/1Principal/img_Parametros Generales' is clicked on

2021-06-01 14:47:03 - [MESSAGE][PASSED] - Object: 'Object Repository/Configuracion/Sistema/1Principal/img_Parametros Generales' is clicked on

2021-06-01 14:47:03 - [TEST_STEP][PASSED] - delay(3): Delayed 3 second(s)

2021-06-01 14:47:06 - [MESSAGE][PASSED] - Delayed 3 second(s)

2021-06-01 14:47:06 - [TEST_STEP][PASSED] - click(findTestObject("Configuracion/Sistema/Parametros Generales/Pestanas/a_Sistema")): Object: 'Object Repository/Configuracion/Sistema/Parametros Generales/Pestanas/a_Sistema' is clicked on

2021-06-01 14:47:07 - [MESSAGE][PASSED] - Object: 'Object Repository/Configuracion/Sistema/Parametros Generales/Pestanas/a_Sistema' is clicked on

2021-06-01 14:47:07 - [TEST_STEP][PASSED] - delay(3): Delayed 3 second(s)

2021-06-01 14:47:10 - [MESSAGE][PASSED] - Delayed 3 second(s)

2021-06-01 14:47:10 - [TEST_STEP][PASSED] - click(findTestObject("Configuracion/Sistema/Parametros Generales/Filtros LLave/span_0filtro llave")): Object: 'Object Repository/Configuracion/Sistema/Parametros Generales/Filtros LLave/span_0filtro llave' is clicked on

2021-06-01 14:47:11 - [MESSAGE][PASSED] - Object: 'Object Repository/Configuracion/Sistema/Parametros Generales/Filtros LLave/span_0filtro llave' is clicked on

2021-06-01 14:47:11 - [TEST_STEP][PASSED] - mouseOver(findTestObject("Configuracion/Sistema/Parametros Generales/Filtros LLave/span_1Filtro")): Object: 'Object Repository/Configuracion/Sistema/Parametros Generales/Filtros LLave/span_1Filtro' is hovered

2021-06-01 14:47:12 - [MESSAGE][PASSED] - Object: 'Object Repository/Configuracion/Sistema/Parametros Generales/Filtros LLave/span_1Filtro' is hovered

2021-06-01 14:47:12 - [TEST_STEP][PASSED] - click(findTestObject("Configuracion/Sistema/Parametros Generales/Filtro 1er valor/span_select")): Object: 'Object Repository/Configuracion/Sistema/Parametros Generales/Filtro 1er valor/span_select' is clicked on

2021-06-01 14:47:13 - [MESSAGE][PASSED] - Object: 'Object Repository/Configuracion/Sistema/Parametros Generales/Filtro 1er valor/span_select' is clicked on

2021-06-01 14:47:13 - [TEST_STEP][PASSED] - click(findTestObject("Configuracion/Sistema/Parametros Generales/Filtro 1er valor/li_Contiene")): Object: 'Object Repository/Configuracion/Sistema/Parametros Generales/Filtro 1er valor/li_Contiene' is clicked on

2021-06-01 14:47:14 - [MESSAGE][PASSED] - Object: 'Object Repository/Configuracion/Sistema/Parametros Generales/Filtro 1er valor/li_Contiene' is clicked on

2021-06-01 14:47:14 - [TEST_STEP][PASSED] - setText(findTestObject("Configuracion/Sistema/Parametros Generales/Filtro 1er valor/input_Texto a buscar1"), "CubosOlap.FechaPersonalizadaIlimitada"): Text 'CubosOlap.FechaPersonalizadaIlimitada' is set on object 'Object Repository/Configuracion/Sistema/Parametros Generales/Filtro 1er valor/input_Texto a buscar1'

2021-06-01 14:47:15 - [MESSAGE][PASSED] - Text 'CubosOlap.FechaPersonalizadaIlimitada' is set on object 'Object Repository/Configuracion/Sistema/Parametros Generales/Filtro 1er valor/input_Texto a buscar1'

2021-06-01 14:47:15 - [TEST_STEP][PASSED] - click(findTestObject("Configuracion/Sistema/Parametros Generales/botones filtro/btn_Filtrar")): Object: 'Object Repository/Configuracion/Sistema/Parametros Generales/botones filtro/btn_Filtrar' is clicked on

2021-06-01 14:47:16 - [MESSAGE][PASSED] - Object: 'Object Repository/Configuracion/Sistema/Parametros Generales/botones filtro/btn_Filtrar' is clicked on

2021-06-01 14:47:16 - [TEST_STEP][PASSED] - delay(2): Delayed 2 second(s)

2021-06-01 14:47:18 - [MESSAGE][PASSED] - Delayed 2 second(s)

2021-06-01 14:47:18 - [TEST_STEP][PASSED] - click(findTestObject("Configuracion/Sistema/Parametros Generales/Cambiar Parametro Valor/a_Editar")): Object: 'Object Repository/Configuracion/Sistema/Parametros Generales/Cambiar Parametro Valor/a_Editar' is clicked on

2021-06-01 14:47:19 - [MESSAGE][PASSED] - Object: 'Object Repository/Configuracion/Sistema/Parametros Generales/Cambiar Parametro Valor/a_Editar' is clicked on

2021-06-01 14:47:19 - [TEST_STEP][PASSED] - delay(2): Delayed 2 second(s)

2021-06-01 14:47:21 - [MESSAGE][PASSED] - Delayed 2 second(s)

2021-06-01 14:47:21 - [TEST_STEP][PASSED] - click(findTestObject("Configuracion/Sistema/Parametros Generales/Cambiar Parametro Valor/input_Valor"), STOP_ON_FAILURE): Object: 'Object Repository/Configuracion/Sistema/Parametros Generales/Cambiar Parametro Valor/input_Valor' is clicked on

2021-06-01 14:47:21 - [MESSAGE][PASSED] - Object: 'Object Repository/Configuracion/Sistema/Parametros Generales/Cambiar Parametro Valor/input_Valor' is clicked on

2021-06-01 14:47:21 - [TEST_STEP][PASSED] - sendKeys(findTestObject(null), "Si"): Keys 'Si' sent to object: 'tempBody'

2021-06-01 14:47:21 - [MESSAGE][WARNING] - Test object id is null

2021-06-01 14:47:21 - [MESSAGE][WARNING] - Test object with id 'Object Repository/' does not exist

2021-06-01 14:47:22 - [MESSAGE][PASSED] - Keys 'Si' sent to object: 'tempBody'

2021-06-01 14:47:22 - [TEST_STEP][PASSED] - delay(2): Delayed 2 second(s)

2021-06-01 14:47:24 - [MESSAGE][PASSED] - Delayed 2 second(s)

2021-06-01 14:47:24 - [TEST_STEP][PASSED] - click(findTestObject("Configuracion/Sistema/Parametros Generales/Cambiar Parametro Valor/a_Guardar")): Object: 'Object Repository/Configuracion/Sistema/Parametros Generales/Cambiar Parametro Valor/a_Guardar' is clicked on

2021-06-01 14:47:25 - [MESSAGE][PASSED] - Object: 'Object Repository/Configuracion/Sistema/Parametros Generales/Cambiar Parametro Valor/a_Guardar' is clicked on

2021-06-01 14:47:25 - [TEST_STEP][PASSED] - delay(3): Delayed 3 second(s)

2021-06-01 14:47:28 - [MESSAGE][PASSED] - Delayed 3 second(s)

2021-06-01 14:47:28 - [TEST_STEP][PASSED] - click(findTestObject("1Inicio/a_Inicio")): Object: 'Object Repository/1Inicio/a_Inicio' is clicked on

2021-06-01 14:47:28 - [MESSAGE][PASSED] - Object: 'Object Repository/1Inicio/a_Inicio' is clicked on

2021-06-01 14:47:28 - [TEST_STEP][PASSED] - delay(3): Delayed 3 second(s)

2021-06-01 14:47:31 - [MESSAGE][PASSED] - Delayed 3 second(s)

2021-06-01 14:47:31 - [TEST_STEP][PASSED] - click(findTestObject("1Inicio/img_Gestion")): Object: 'Object Repository/1Inicio/img_Gestion' is clicked on

2021-06-01 14:47:32 - [MESSAGE][PASSED] - Object: 'Object Repository/1Inicio/img_Gestion' is clicked on

2021-06-01 14:47:32 - [TEST_STEP][PASSED] - delay(3): Delayed 3 second(s)

2021-06-01 14:47:35 - [MESSAGE][PASSED] - Delayed 3 second(s)

2021-06-01 14:47:35 - [TEST_STEP][PASSED] - click(findTestObject("Gestion/1Principal/img_Cubos OLAP")): Object: 'Object Repository/Gestion/1Principal/img_Cubos OLAP' is clicked on

2021-06-01 14:47:36 - [MESSAGE][PASSED] - Object: 'Object Repository/Gestion/1Principal/img_Cubos OLAP' is clicked on

2021-06-01 14:47:36 - [TEST_STEP][PASSED] - delay(3): Delayed 3 second(s)

2021-06-01 14:47:39 - [MESSAGE][PASSED] - Delayed 3 second(s)

2021-06-01 14:47:39 - [TEST_STEP][PASSED] - check(findTestObject("Gestion/Cubos OLAP/Fecha/rbt_Personalizada")): Object 'Object Repository/Gestion/Cubos OLAP/Fecha/rbt_Personalizada' is checked

2021-06-01 14:47:39 - [MESSAGE][PASSED] - Object 'Object Repository/Gestion/Cubos OLAP/Fecha/rbt_Personalizada' is checked

2021-06-01 14:47:39 - [TEST_STEP][PASSED] - delay(3): Delayed 3 second(s)

2021-06-01 14:47:42 - [MESSAGE][PASSED] - Delayed 3 second(s)

2021-06-01 14:47:42 - [TEST_STEP][PASSED] - click(findTestObject("Gestion/Cubos OLAP/Personalizar Fecha/input_Fecha Inicial_ddmmaaaa")): Object: 'Object Repository/Gestion/Cubos OLAP/Personalizar Fecha/input_Fecha Inicial_ddmmaaaa' is clicked on

2021-06-01 14:47:43 - [MESSAGE][PASSED] - Object: 'Object Repository/Gestion/Cubos OLAP/Personalizar Fecha/input_Fecha Inicial_ddmmaaaa' is clicked on

2021-06-01 14:47:43 - [TEST_STEP][PASSED] - delay(3): Delayed 3 second(s)

2021-06-01 14:47:46 - [MESSAGE][PASSED] - Delayed 3 second(s)

2021-06-01 14:47:46 - [TEST_STEP][PASSED] - click(findTestObject("Gestion/Cubos OLAP/Personalizar Fecha/div_1_mes_anio")): Object: 'Object Repository/Gestion/Cubos OLAP/Personalizar Fecha/div_1_mes_anio' is clicked on

2021-06-01 14:47:46 - [MESSAGE][PASSED] - Object: 'Object Repository/Gestion/Cubos OLAP/Personalizar Fecha/div_1_mes_anio' is clicked on

2021-06-01 14:47:46 - [TEST_STEP][PASSED] - delay(3): Delayed 3 second(s)

2021-06-01 14:47:49 - [MESSAGE][PASSED] - Delayed 3 second(s)

2021-06-01 14:47:49 - [TEST_STEP][PASSED] - click(findTestObject("Gestion/Cubos OLAP/Personalizar Fecha/div_2_anio")): Object: 'Object Repository/Gestion/Cubos OLAP/Personalizar Fecha/div_2_anio' is clicked on

2021-06-01 14:47:50 - [MESSAGE][PASSED] - Object: 'Object Repository/Gestion/Cubos OLAP/Personalizar Fecha/div_2_anio' is clicked on

2021-06-01 14:47:50 - [TEST_STEP][PASSED] - delay(3): Delayed 3 second(s)

2021-06-01 14:47:53 - [MESSAGE][PASSED] - Delayed 3 second(s)

2021-06-01 14:47:53 - [TEST_STEP][PASSED] - takeFullPageScreenshot(): Taking screenshot successfully

2021-06-01 14:47:53 - [MESSAGE][INFO] - 0 hidden object(s)

2021-06-01 14:47:53 - [MESSAGE][PASSED] - Taking screenshot successfully
[[ATTACHMENT|E:\\CIEL INGENIERIA\\KATALON\\Validaciones\\Reports\\20210601_144427\\70.CubosOlap.FechaPersonalizadaIlimitada\\20210601_144427\\1622576873133.png]]

2021-06-01 14:47:53 - [TEST_STEP][PASSED] - delay(3): Delayed 3 second(s)

2021-06-01 14:47:56 - [MESSAGE][PASSED] - Delayed 3 second(s)]]></system-out>
         <system-err><![CDATA[]]></system-err>
      </testcase>
      <system-out><![CDATA[2021-06-01 14:44:47 - [TEST_SUITE][PASSED] - 70.CubosOlap.FechaPersonalizadaIlimitada: Test Cases/70.CubosOLAP.FechaPersonalizadaIlimitada Si]]></system-out>
      <system-err><![CDATA[]]></system-err>
   </testsuite>
</testsuites>
