<?xml version="1.0" encoding="UTF-8"?>
<testsuites name="1 Reclasificar Turnos en la actual" time="266.018" tests="1" failures="0" errors="0">
   <testsuite name="1 Reclasificar Turnos en la actual" tests="1" failures="0" errors="0" time="266.018" skipped="0" timestamp="2021-08-04 11:22:34" hostname="BILIKI - DESKTOP-HH1RJM2" id="Test Suites/1 Reclasificar Turnos en la actual">
      <properties>
         <property name="deviceName" value=""/>
         <property name="devicePlatform" value=""/>
         <property name="logFolder" value="E:\\CIEL INGENIERIA\\KATALON\\Validaciones\\Reports\\20210804_112209\\1 Reclasificar Turnos en la actual\\20210804_112209"/>
         <property name="logFiles" value="E:\\CIEL INGENIERIA\\KATALON\\Validaciones\\Reports\\20210804_112209\\1 Reclasificar Turnos en la actual\\20210804_112209\\execution0.log"/>
         <property name="attachments" value="E:\\CIEL INGENIERIA\\KATALON\\Validaciones\\Reports\\20210804_112209\\1 Reclasificar Turnos en la actual\\20210804_112209\\1628094274978.png, E:\\CIEL INGENIERIA\\KATALON\\Validaciones\\Reports\\20210804_112209\\1 Reclasificar Turnos en la actual\\20210804_112209\\1628094379242.png"/>
         <property name="hostName" value="BILIKI - DESKTOP-HH1RJM2"/>
         <property name="os" value="Windows 10 64bit"/>
         <property name="katalonVersion" value="8.0.5.208"/>
         <property name="browser" value="Chrome 92.0.4515.107"/>
         <property name="hostAddress" value="169.254.120.121"/>
         <property name="sessionId" value="b57aa62f8af8d56df5c3076fd54648bf"/>
         <property name="seleniumVersion" value="3.141.59"/>
         <property name="proxyInformation" value="ProxyInformation { proxyOption=NO_PROXY, proxyServerType=HTTP, username=, password=********, proxyServerAddress=, proxyServerPort=0, executionList=&quot;&quot;, isApplyToDesiredCapabilities=true }"/>
         <property name="platform" value="Windows 10"/>
      </properties>
      <testcase name="Test Cases/1 Reclasificar Turnos en la actual" time="241.582" classname="Test Cases/1 Reclasificar Turnos en la actual" status="PASSED">
         <system-out><![CDATA[2021-08-04 11:22:35 - [TEST_CASE][PASSED] - Test Cases/1 Reclasificar Turnos en la actual: Test Cases/1 Reclasificar Turnos en la actual

2021-08-04 11:22:37 - [TEST_STEP][PASSED] - callTestCase(findTestCase("Inicio Sesion sin variables"), [:], STOP_ON_FAILURE): Call Test Case 'Test Cases/Inicio Sesion sin variables' successfully

2021-08-04 11:22:38 - [TEST_CASE][PASSED] - Test Cases/Inicio Sesion sin variables: Test Cases/Inicio Sesion sin variables

2021-08-04 11:22:39 - [TEST_STEP][PASSED] - openBrowser("http://Localhost:8810"): Browser is opened with url: 'http://Localhost:8810'

2021-08-04 11:22:41 - [MESSAGE][INFO] - Starting 'Chrome' driver

2021-08-04 11:22:41 - [MESSAGE][INFO] - Action delay is set to 0 milliseconds

2021-08-04 11:22:57 - [MESSAGE][PASSED] - Browser is opened with url: 'http://Localhost:8810'

2021-08-04 11:22:57 - [TEST_STEP][PASSED] - maximizeWindow(): Current window maximized

2021-08-04 11:22:58 - [MESSAGE][PASSED] - Current window maximized

2021-08-04 11:22:58 - [TEST_STEP][PASSED] - setText(findTestObject("0Inicio Sesion/input__Usuario"), "ciel"): Text 'ciel' is set on object 'Object Repository/0Inicio Sesion/input__Usuario'

2021-08-04 11:23:00 - [MESSAGE][PASSED] - Text 'ciel' is set on object 'Object Repository/0Inicio Sesion/input__Usuario'

2021-08-04 11:23:00 - [TEST_STEP][PASSED] - setText(findTestObject("0Inicio Sesion/input__Clave"), "digiturno"): Text 'digiturno' is set on object 'Object Repository/0Inicio Sesion/input__Clave'

2021-08-04 11:23:02 - [MESSAGE][PASSED] - Text 'digiturno' is set on object 'Object Repository/0Inicio Sesion/input__Clave'

2021-08-04 11:23:02 - [TEST_STEP][PASSED] - click(findTestObject("0Inicio Sesion/btn_IniciarSesion")): Object: 'Object Repository/0Inicio Sesion/btn_IniciarSesion' is clicked on

2021-08-04 11:23:03 - [MESSAGE][PASSED] - Object: 'Object Repository/0Inicio Sesion/btn_IniciarSesion' is clicked on

2021-08-04 11:23:03 - [TEST_STEP][PASSED] - delay(3): Delayed 3 second(s)

2021-08-04 11:23:06 - [MESSAGE][PASSED] - Delayed 3 second(s)

2021-08-04 11:23:06 - [MESSAGE][PASSED] - Call Test Case 'Test Cases/Inicio Sesion sin variables' successfully

2021-08-04 11:23:06 - [TEST_STEP][PASSED] - click(findTestObject("1Inicio/img_Configuracion")): Object: 'Object Repository/1Inicio/img_Configuracion' is clicked on

2021-08-04 11:23:09 - [MESSAGE][PASSED] - Object: 'Object Repository/1Inicio/img_Configuracion' is clicked on

2021-08-04 11:23:09 - [TEST_STEP][PASSED] - delay(3): Delayed 3 second(s)

2021-08-04 11:23:12 - [MESSAGE][PASSED] - Delayed 3 second(s)

2021-08-04 11:23:12 - [TEST_STEP][PASSED] - click(findTestObject("Configuracion/1Principal/img_Distribucion Geografica")): Object: 'Object Repository/Configuracion/1Principal/img_Distribucion Geografica' is clicked on

2021-08-04 11:23:14 - [MESSAGE][PASSED] - Object: 'Object Repository/Configuracion/1Principal/img_Distribucion Geografica' is clicked on

2021-08-04 11:23:14 - [TEST_STEP][PASSED] - delay(3): Delayed 3 second(s)

2021-08-04 11:23:17 - [MESSAGE][PASSED] - Delayed 3 second(s)

2021-08-04 11:23:17 - [TEST_STEP][PASSED] - click(findTestObject("Configuracion/Distribucion Geografica/1Principal/img_Grupos")): Object: 'Object Repository/Configuracion/Distribucion Geografica/1Principal/img_Grupos' is clicked on

2021-08-04 11:23:19 - [MESSAGE][PASSED] - Object: 'Object Repository/Configuracion/Distribucion Geografica/1Principal/img_Grupos' is clicked on

2021-08-04 11:23:19 - [TEST_STEP][PASSED] - delay(3): Delayed 3 second(s)

2021-08-04 11:23:22 - [MESSAGE][PASSED] - Delayed 3 second(s)

2021-08-04 11:23:22 - [TEST_STEP][PASSED] - click(findTestObject("Configuracion/Distribucion Geografica/Grupos/0Oficinas Emergente/a_Seleccionar")): Object: 'Object Repository/Configuracion/Distribucion Geografica/Grupos/0Oficinas Emergente/a_Seleccionar' is clicked on

2021-08-04 11:23:23 - [MESSAGE][PASSED] - Object: 'Object Repository/Configuracion/Distribucion Geografica/Grupos/0Oficinas Emergente/a_Seleccionar' is clicked on

2021-08-04 11:23:23 - [TEST_STEP][PASSED] - delay(3): Delayed 3 second(s)

2021-08-04 11:23:26 - [MESSAGE][PASSED] - Delayed 3 second(s)

2021-08-04 11:23:26 - [TEST_STEP][PASSED] - click(findTestObject("Configuracion/Distribucion Geografica/Grupos/Lista de Grupos/0General/a_Seleccionar")): Object: 'Object Repository/Configuracion/Distribucion Geografica/Grupos/Lista de Grupos/0General/a_Seleccionar' is clicked on

2021-08-04 11:23:27 - [MESSAGE][PASSED] - Object: 'Object Repository/Configuracion/Distribucion Geografica/Grupos/Lista de Grupos/0General/a_Seleccionar' is clicked on

2021-08-04 11:23:27 - [TEST_STEP][PASSED] - delay(3): Delayed 3 second(s)

2021-08-04 11:23:30 - [MESSAGE][PASSED] - Delayed 3 second(s)

2021-08-04 11:23:30 - [TEST_STEP][PASSED] - selectOptionByLabel(findTestObject("Configuracion/Distribucion Geografica/Grupos/Edicion/select_ReclasificarTurnosEnActual"), "Sala", false): All options with label 'Sala' are selected in object 'Object Repository/Configuracion/Distribucion Geografica/Grupos/Edicion/select_ReclasificarTurnosEnActual' 

2021-08-04 11:23:32 - [MESSAGE][PASSED] - All options with label 'Sala' are selected in object 'Object Repository/Configuracion/Distribucion Geografica/Grupos/Edicion/select_ReclasificarTurnosEnActual' 

2021-08-04 11:23:32 - [TEST_STEP][PASSED] - delay(3): Delayed 3 second(s)

2021-08-04 11:23:35 - [MESSAGE][PASSED] - Delayed 3 second(s)

2021-08-04 11:23:35 - [TEST_STEP][PASSED] - click(findTestObject("Configuracion/Distribucion Geografica/Grupos/Botones/img_Actualizar")): Object: 'Object Repository/Configuracion/Distribucion Geografica/Grupos/Botones/img_Actualizar' is clicked on

2021-08-04 11:23:37 - [MESSAGE][PASSED] - Object: 'Object Repository/Configuracion/Distribucion Geografica/Grupos/Botones/img_Actualizar' is clicked on

2021-08-04 11:23:37 - [TEST_STEP][PASSED] - delay(3): Delayed 3 second(s)

2021-08-04 11:23:40 - [MESSAGE][PASSED] - Delayed 3 second(s)

2021-08-04 11:23:40 - [TEST_STEP][PASSED] - click(findTestObject("1Inicio/a_Inicio")): Object: 'Object Repository/1Inicio/a_Inicio' is clicked on

2021-08-04 11:23:42 - [MESSAGE][PASSED] - Object: 'Object Repository/1Inicio/a_Inicio' is clicked on

2021-08-04 11:23:42 - [TEST_STEP][PASSED] - delay(3): Delayed 3 second(s)

2021-08-04 11:23:45 - [MESSAGE][PASSED] - Delayed 3 second(s)

2021-08-04 11:23:45 - [TEST_STEP][PASSED] - click(findTestObject("1Inicio/img_Operacion")): Object: 'Object Repository/1Inicio/img_Operacion' is clicked on

2021-08-04 11:23:47 - [MESSAGE][PASSED] - Object: 'Object Repository/1Inicio/img_Operacion' is clicked on

2021-08-04 11:23:47 - [TEST_STEP][PASSED] - delay(3): Delayed 3 second(s)

2021-08-04 11:23:51 - [MESSAGE][PASSED] - Delayed 3 second(s)

2021-08-04 11:23:51 - [TEST_STEP][PASSED] - click(findTestObject("2 Operacion/Elementos Del Sistema")): Object: 'Object Repository/2 Operacion/Elementos Del Sistema' is clicked on

2021-08-04 11:23:53 - [MESSAGE][PASSED] - Object: 'Object Repository/2 Operacion/Elementos Del Sistema' is clicked on

2021-08-04 11:23:53 - [TEST_STEP][PASSED] - delay(3): Delayed 3 second(s)

2021-08-04 11:23:56 - [MESSAGE][PASSED] - Delayed 3 second(s)

2021-08-04 11:23:56 - [TEST_STEP][PASSED] - click(findTestObject("2 Operacion/Elementos del Sistema/img_Terminales")): Object: 'Object Repository/2 Operacion/Elementos del Sistema/img_Terminales' is clicked on

2021-08-04 11:24:00 - [MESSAGE][PASSED] - Object: 'Object Repository/2 Operacion/Elementos del Sistema/img_Terminales' is clicked on

2021-08-04 11:24:00 - [TEST_STEP][PASSED] - delay(3): Delayed 3 second(s)

2021-08-04 11:24:03 - [MESSAGE][PASSED] - Delayed 3 second(s)

2021-08-04 11:24:03 - [TEST_STEP][PASSED] - click(findTestObject("2 Operacion/Elementos del Sistema/Terminales/00Oficinas/a_Bogota - CIEL")): Object: 'Object Repository/2 Operacion/Elementos del Sistema/Terminales/00Oficinas/a_Bogota - CIEL' is clicked on

2021-08-04 11:24:04 - [MESSAGE][PASSED] - Object: 'Object Repository/2 Operacion/Elementos del Sistema/Terminales/00Oficinas/a_Bogota - CIEL' is clicked on

2021-08-04 11:24:04 - [TEST_STEP][PASSED] - delay(3): Delayed 3 second(s)

2021-08-04 11:24:07 - [MESSAGE][PASSED] - Delayed 3 second(s)

2021-08-04 11:24:07 - [TEST_STEP][PASSED] - click(findTestObject("2 Operacion/Elementos del Sistema/Terminales/1Terminales menos WorkFlow/a_Terminal Informacion A01")): Object: 'Object Repository/2 Operacion/Elementos del Sistema/Terminales/1Terminales menos WorkFlow/a_Terminal Informacion A01' is clicked on

2021-08-04 11:24:08 - [MESSAGE][PASSED] - Object: 'Object Repository/2 Operacion/Elementos del Sistema/Terminales/1Terminales menos WorkFlow/a_Terminal Informacion A01' is clicked on

2021-08-04 11:24:08 - [TEST_STEP][PASSED] - delay(3): Delayed 3 second(s)

2021-08-04 11:24:11 - [MESSAGE][PASSED] - Delayed 3 second(s)

2021-08-04 11:24:11 - [TEST_STEP][PASSED] - click(findTestObject("2 Operacion/Elementos del Sistema/Terminales/Terminal/Funciones Basicas/img_Llamar")): Object: 'Object Repository/2 Operacion/Elementos del Sistema/Terminales/Terminal/Funciones Basicas/img_Llamar' is clicked on

2021-08-04 11:24:17 - [MESSAGE][PASSED] - Object: 'Object Repository/2 Operacion/Elementos del Sistema/Terminales/Terminal/Funciones Basicas/img_Llamar' is clicked on

2021-08-04 11:24:17 - [TEST_STEP][PASSED] - delay(3): Delayed 3 second(s)

2021-08-04 11:24:20 - [MESSAGE][PASSED] - Delayed 3 second(s)

2021-08-04 11:24:20 - [TEST_STEP][PASSED] - click(findTestObject("2 Operacion/Elementos del Sistema/Terminales/Terminal/Funciones Basicas/img_Ocupado")): Object: 'Object Repository/2 Operacion/Elementos del Sistema/Terminales/Terminal/Funciones Basicas/img_Ocupado' is clicked on

2021-08-04 11:24:22 - [MESSAGE][PASSED] - Object: 'Object Repository/2 Operacion/Elementos del Sistema/Terminales/Terminal/Funciones Basicas/img_Ocupado' is clicked on

2021-08-04 11:24:22 - [TEST_STEP][PASSED] - delay(3): Delayed 3 second(s)

2021-08-04 11:24:25 - [MESSAGE][PASSED] - Delayed 3 second(s)

2021-08-04 11:24:25 - [TEST_STEP][PASSED] - click(findTestObject("2 Operacion/Elementos del Sistema/Terminales/Terminal/Funciones Basicas/imgOcupado/a_Actualizacion de Datos")): Object: 'Object Repository/2 Operacion/Elementos del Sistema/Terminales/Terminal/Funciones Basicas/imgOcupado/a_Actualizacion de Datos' is clicked on

2021-08-04 11:24:26 - [MESSAGE][PASSED] - Object: 'Object Repository/2 Operacion/Elementos del Sistema/Terminales/Terminal/Funciones Basicas/imgOcupado/a_Actualizacion de Datos' is clicked on

2021-08-04 11:24:27 - [TEST_STEP][PASSED] - delay(3): Delayed 3 second(s)

2021-08-04 11:24:30 - [MESSAGE][PASSED] - Delayed 3 second(s)

2021-08-04 11:24:30 - [TEST_STEP][PASSED] - click(findTestObject("2 Operacion/Elementos del Sistema/Terminales/Terminal/Funciones Adicionales/img_Reclasificar")): Object: 'Object Repository/2 Operacion/Elementos del Sistema/Terminales/Terminal/Funciones Adicionales/img_Reclasificar' is clicked on

2021-08-04 11:24:31 - [MESSAGE][PASSED] - Object: 'Object Repository/2 Operacion/Elementos del Sistema/Terminales/Terminal/Funciones Adicionales/img_Reclasificar' is clicked on

2021-08-04 11:24:31 - [TEST_STEP][PASSED] - delay(3): Delayed 3 second(s)

2021-08-04 11:24:34 - [MESSAGE][PASSED] - Delayed 3 second(s)

2021-08-04 11:24:34 - [TEST_STEP][PASSED] - takeFullPageScreenshot(): Taking screenshot successfully

2021-08-04 11:24:36 - [MESSAGE][INFO] - 0 hidden object(s)

2021-08-04 11:24:36 - [MESSAGE][PASSED] - Taking screenshot successfully
[[ATTACHMENT|E:\\CIEL INGENIERIA\\KATALON\\Validaciones\\Reports\\20210804_112209\\1 Reclasificar Turnos en la actual\\20210804_112209\\1628094274978.png]]

2021-08-04 11:24:36 - [TEST_STEP][PASSED] - delay(3): Delayed 3 second(s)

2021-08-04 11:24:39 - [MESSAGE][PASSED] - Delayed 3 second(s)

2021-08-04 11:24:39 - [TEST_STEP][PASSED] - sendKeys(findTestObject(null), Keys.chord(ESCAPE)): Keys 'ESCAPE + ' sent to object: 'tempBody'

2021-08-04 11:24:39 - [MESSAGE][WARNING] - Test object id is null

2021-08-04 11:24:40 - [MESSAGE][WARNING] - Test object with id 'Object Repository/' does not exist

2021-08-04 11:24:40 - [MESSAGE][PASSED] - Keys 'ESCAPE + ' sent to object: 'tempBody'

2021-08-04 11:24:40 - [TEST_STEP][PASSED] - delay(3): Delayed 3 second(s)

2021-08-04 11:24:43 - [MESSAGE][PASSED] - Delayed 3 second(s)

2021-08-04 11:24:43 - [TEST_STEP][PASSED] - click(findTestObject("2 Operacion/Elementos del Sistema/Terminales/Terminal/Funciones Basicas/img_Cerrar")): Object: 'Object Repository/2 Operacion/Elementos del Sistema/Terminales/Terminal/Funciones Basicas/img_Cerrar' is clicked on

2021-08-04 11:24:46 - [MESSAGE][PASSED] - Object: 'Object Repository/2 Operacion/Elementos del Sistema/Terminales/Terminal/Funciones Basicas/img_Cerrar' is clicked on

2021-08-04 11:24:46 - [TEST_STEP][PASSED] - delay(3): Delayed 3 second(s)

2021-08-04 11:24:49 - [MESSAGE][PASSED] - Delayed 3 second(s)

2021-08-04 11:24:49 - [TEST_STEP][PASSED] - click(findTestObject("2 Operacion/Elementos del Sistema/Terminales/Terminal/Funciones Basicas/imgCerrar/btn_FindeJornada")): Object: 'Object Repository/2 Operacion/Elementos del Sistema/Terminales/Terminal/Funciones Basicas/imgCerrar/btn_FindeJornada' is clicked on

2021-08-04 11:24:50 - [MESSAGE][PASSED] - Object: 'Object Repository/2 Operacion/Elementos del Sistema/Terminales/Terminal/Funciones Basicas/imgCerrar/btn_FindeJornada' is clicked on

2021-08-04 11:24:50 - [TEST_STEP][PASSED] - navigateToUrl("http://localhost:8810/Paginas/Configuracion/DistribucionGeografica/Grupos.aspx"): Navigate to 'http://localhost:8810/Paginas/Configuracion/DistribucionGeografica/Grupos.aspx' successfully

2021-08-04 11:24:51 - [MESSAGE][PASSED] - Navigate to 'http://localhost:8810/Paginas/Configuracion/DistribucionGeografica/Grupos.aspx' successfully

2021-08-04 11:24:51 - [TEST_STEP][PASSED] - acceptAlert(): Alert accepted

2021-08-04 11:24:51 - [MESSAGE][PASSED] - Alert accepted

2021-08-04 11:24:51 - [TEST_STEP][PASSED] - click(findTestObject("Configuracion/Distribucion Geografica/Grupos/0Oficinas Emergente/a_Seleccionar")): Object: 'Object Repository/Configuracion/Distribucion Geografica/Grupos/0Oficinas Emergente/a_Seleccionar' is clicked on

2021-08-04 11:24:58 - [MESSAGE][PASSED] - Object: 'Object Repository/Configuracion/Distribucion Geografica/Grupos/0Oficinas Emergente/a_Seleccionar' is clicked on

2021-08-04 11:24:58 - [TEST_STEP][PASSED] - delay(3): Delayed 3 second(s)

2021-08-04 11:25:02 - [MESSAGE][PASSED] - Delayed 3 second(s)

2021-08-04 11:25:02 - [TEST_STEP][PASSED] - click(findTestObject("Configuracion/Distribucion Geografica/Grupos/Lista de Grupos/0General/a_Seleccionar")): Object: 'Object Repository/Configuracion/Distribucion Geografica/Grupos/Lista de Grupos/0General/a_Seleccionar' is clicked on

2021-08-04 11:25:03 - [MESSAGE][PASSED] - Object: 'Object Repository/Configuracion/Distribucion Geografica/Grupos/Lista de Grupos/0General/a_Seleccionar' is clicked on

2021-08-04 11:25:03 - [TEST_STEP][PASSED] - delay(3): Delayed 3 second(s)

2021-08-04 11:25:06 - [MESSAGE][PASSED] - Delayed 3 second(s)

2021-08-04 11:25:06 - [TEST_STEP][PASSED] - selectOptionByLabel(findTestObject("Configuracion/Distribucion Geografica/Grupos/Edicion/select_ReclasificarTurnosEnActual"), "Grupo", false): All options with label 'Grupo' are selected in object 'Object Repository/Configuracion/Distribucion Geografica/Grupos/Edicion/select_ReclasificarTurnosEnActual' 

2021-08-04 11:25:07 - [MESSAGE][PASSED] - All options with label 'Grupo' are selected in object 'Object Repository/Configuracion/Distribucion Geografica/Grupos/Edicion/select_ReclasificarTurnosEnActual' 

2021-08-04 11:25:07 - [TEST_STEP][PASSED] - delay(3): Delayed 3 second(s)

2021-08-04 11:25:10 - [MESSAGE][PASSED] - Delayed 3 second(s)

2021-08-04 11:25:10 - [TEST_STEP][PASSED] - click(findTestObject("Configuracion/Distribucion Geografica/Grupos/Botones/img_Actualizar")): Object: 'Object Repository/Configuracion/Distribucion Geografica/Grupos/Botones/img_Actualizar' is clicked on

2021-08-04 11:25:11 - [MESSAGE][PASSED] - Object: 'Object Repository/Configuracion/Distribucion Geografica/Grupos/Botones/img_Actualizar' is clicked on

2021-08-04 11:25:11 - [TEST_STEP][PASSED] - delay(3): Delayed 3 second(s)

2021-08-04 11:25:15 - [MESSAGE][PASSED] - Delayed 3 second(s)

2021-08-04 11:25:15 - [TEST_STEP][PASSED] - click(findTestObject("1Inicio/a_Inicio")): Object: 'Object Repository/1Inicio/a_Inicio' is clicked on

2021-08-04 11:25:18 - [MESSAGE][PASSED] - Object: 'Object Repository/1Inicio/a_Inicio' is clicked on

2021-08-04 11:25:18 - [TEST_STEP][PASSED] - delay(3): Delayed 3 second(s)

2021-08-04 11:25:21 - [MESSAGE][PASSED] - Delayed 3 second(s)

2021-08-04 11:25:21 - [TEST_STEP][PASSED] - click(findTestObject("1Inicio/img_Operacion")): Object: 'Object Repository/1Inicio/img_Operacion' is clicked on

2021-08-04 11:25:23 - [MESSAGE][PASSED] - Object: 'Object Repository/1Inicio/img_Operacion' is clicked on

2021-08-04 11:25:23 - [TEST_STEP][PASSED] - delay(3): Delayed 3 second(s)

2021-08-04 11:25:26 - [MESSAGE][PASSED] - Delayed 3 second(s)

2021-08-04 11:25:26 - [TEST_STEP][PASSED] - click(findTestObject("2 Operacion/Elementos Del Sistema")): Object: 'Object Repository/2 Operacion/Elementos Del Sistema' is clicked on

2021-08-04 11:25:29 - [MESSAGE][PASSED] - Object: 'Object Repository/2 Operacion/Elementos Del Sistema' is clicked on

2021-08-04 11:25:29 - [TEST_STEP][PASSED] - delay(3): Delayed 3 second(s)

2021-08-04 11:25:32 - [MESSAGE][PASSED] - Delayed 3 second(s)

2021-08-04 11:25:32 - [TEST_STEP][PASSED] - click(findTestObject("2 Operacion/Elementos del Sistema/img_Terminales")): Object: 'Object Repository/2 Operacion/Elementos del Sistema/img_Terminales' is clicked on

2021-08-04 11:25:35 - [MESSAGE][PASSED] - Object: 'Object Repository/2 Operacion/Elementos del Sistema/img_Terminales' is clicked on

2021-08-04 11:25:35 - [TEST_STEP][PASSED] - delay(3): Delayed 3 second(s)

2021-08-04 11:25:38 - [MESSAGE][PASSED] - Delayed 3 second(s)

2021-08-04 11:25:38 - [TEST_STEP][PASSED] - click(findTestObject("2 Operacion/Elementos del Sistema/Terminales/00Oficinas/a_Bogota - CIEL")): Object: 'Object Repository/2 Operacion/Elementos del Sistema/Terminales/00Oficinas/a_Bogota - CIEL' is clicked on

2021-08-04 11:25:39 - [MESSAGE][PASSED] - Object: 'Object Repository/2 Operacion/Elementos del Sistema/Terminales/00Oficinas/a_Bogota - CIEL' is clicked on

2021-08-04 11:25:39 - [TEST_STEP][PASSED] - delay(3): Delayed 3 second(s)

2021-08-04 11:25:42 - [MESSAGE][PASSED] - Delayed 3 second(s)

2021-08-04 11:25:42 - [TEST_STEP][PASSED] - click(findTestObject("2 Operacion/Elementos del Sistema/Terminales/1Terminales menos WorkFlow/a_Terminal Informacion A01")): Object: 'Object Repository/2 Operacion/Elementos del Sistema/Terminales/1Terminales menos WorkFlow/a_Terminal Informacion A01' is clicked on

2021-08-04 11:25:43 - [MESSAGE][PASSED] - Object: 'Object Repository/2 Operacion/Elementos del Sistema/Terminales/1Terminales menos WorkFlow/a_Terminal Informacion A01' is clicked on

2021-08-04 11:25:43 - [TEST_STEP][PASSED] - delay(3): Delayed 3 second(s)

2021-08-04 11:25:46 - [MESSAGE][PASSED] - Delayed 3 second(s)

2021-08-04 11:25:46 - [TEST_STEP][PASSED] - click(findTestObject("2 Operacion/Elementos del Sistema/Terminales/Terminal/Funciones Basicas/img_Llamar")): Object: 'Object Repository/2 Operacion/Elementos del Sistema/Terminales/Terminal/Funciones Basicas/img_Llamar' is clicked on

2021-08-04 11:25:52 - [MESSAGE][PASSED] - Object: 'Object Repository/2 Operacion/Elementos del Sistema/Terminales/Terminal/Funciones Basicas/img_Llamar' is clicked on

2021-08-04 11:25:52 - [TEST_STEP][PASSED] - delay(3): Delayed 3 second(s)

2021-08-04 11:25:55 - [MESSAGE][PASSED] - Delayed 3 second(s)

2021-08-04 11:25:55 - [TEST_STEP][PASSED] - click(findTestObject("2 Operacion/Elementos del Sistema/Terminales/Terminal/Funciones Basicas/img_Ocupado")): Object: 'Object Repository/2 Operacion/Elementos del Sistema/Terminales/Terminal/Funciones Basicas/img_Ocupado' is clicked on

2021-08-04 11:26:06 - [MESSAGE][PASSED] - Object: 'Object Repository/2 Operacion/Elementos del Sistema/Terminales/Terminal/Funciones Basicas/img_Ocupado' is clicked on

2021-08-04 11:26:06 - [TEST_STEP][PASSED] - delay(3): Delayed 3 second(s)

2021-08-04 11:26:09 - [MESSAGE][PASSED] - Delayed 3 second(s)

2021-08-04 11:26:09 - [TEST_STEP][PASSED] - click(findTestObject("2 Operacion/Elementos del Sistema/Terminales/Terminal/Funciones Basicas/imgOcupado/a_Actualizacion de Datos")): Object: 'Object Repository/2 Operacion/Elementos del Sistema/Terminales/Terminal/Funciones Basicas/imgOcupado/a_Actualizacion de Datos' is clicked on

2021-08-04 11:26:11 - [MESSAGE][PASSED] - Object: 'Object Repository/2 Operacion/Elementos del Sistema/Terminales/Terminal/Funciones Basicas/imgOcupado/a_Actualizacion de Datos' is clicked on

2021-08-04 11:26:11 - [TEST_STEP][PASSED] - delay(3): Delayed 3 second(s)

2021-08-04 11:26:14 - [MESSAGE][PASSED] - Delayed 3 second(s)

2021-08-04 11:26:14 - [TEST_STEP][PASSED] - click(findTestObject("2 Operacion/Elementos del Sistema/Terminales/Terminal/Funciones Adicionales/img_Reclasificar")): Object: 'Object Repository/2 Operacion/Elementos del Sistema/Terminales/Terminal/Funciones Adicionales/img_Reclasificar' is clicked on

2021-08-04 11:26:16 - [MESSAGE][PASSED] - Object: 'Object Repository/2 Operacion/Elementos del Sistema/Terminales/Terminal/Funciones Adicionales/img_Reclasificar' is clicked on

2021-08-04 11:26:16 - [TEST_STEP][PASSED] - delay(3): Delayed 3 second(s)

2021-08-04 11:26:19 - [MESSAGE][PASSED] - Delayed 3 second(s)

2021-08-04 11:26:19 - [TEST_STEP][PASSED] - takeFullPageScreenshot(): Taking screenshot successfully

2021-08-04 11:26:20 - [MESSAGE][INFO] - 0 hidden object(s)

2021-08-04 11:26:20 - [MESSAGE][PASSED] - Taking screenshot successfully
[[ATTACHMENT|E:\\CIEL INGENIERIA\\KATALON\\Validaciones\\Reports\\20210804_112209\\1 Reclasificar Turnos en la actual\\20210804_112209\\1628094379242.png]]

2021-08-04 11:26:20 - [TEST_STEP][PASSED] - delay(3): Delayed 3 second(s)

2021-08-04 11:26:23 - [MESSAGE][PASSED] - Delayed 3 second(s)

2021-08-04 11:26:23 - [TEST_STEP][PASSED] - sendKeys(findTestObject(null), Keys.chord(ESCAPE)): Keys 'ESCAPE + ' sent to object: 'tempBody'

2021-08-04 11:26:23 - [MESSAGE][WARNING] - Test object id is null

2021-08-04 11:26:23 - [MESSAGE][WARNING] - Test object with id 'Object Repository/' does not exist

2021-08-04 11:26:25 - [MESSAGE][PASSED] - Keys 'ESCAPE + ' sent to object: 'tempBody'

2021-08-04 11:26:25 - [TEST_STEP][PASSED] - delay(3): Delayed 3 second(s)

2021-08-04 11:26:28 - [MESSAGE][PASSED] - Delayed 3 second(s)

2021-08-04 11:26:28 - [TEST_STEP][PASSED] - click(findTestObject("2 Operacion/Elementos del Sistema/Terminales/Terminal/Funciones Basicas/img_Cerrar")): Object: 'Object Repository/2 Operacion/Elementos del Sistema/Terminales/Terminal/Funciones Basicas/img_Cerrar' is clicked on

2021-08-04 11:26:29 - [MESSAGE][PASSED] - Object: 'Object Repository/2 Operacion/Elementos del Sistema/Terminales/Terminal/Funciones Basicas/img_Cerrar' is clicked on

2021-08-04 11:26:29 - [TEST_STEP][PASSED] - delay(3): Delayed 3 second(s)

2021-08-04 11:26:32 - [MESSAGE][PASSED] - Delayed 3 second(s)

2021-08-04 11:26:32 - [TEST_STEP][PASSED] - click(findTestObject("2 Operacion/Elementos del Sistema/Terminales/Terminal/Funciones Basicas/imgCerrar/btn_FindeJornada")): Object: 'Object Repository/2 Operacion/Elementos del Sistema/Terminales/Terminal/Funciones Basicas/imgCerrar/btn_FindeJornada' is clicked on

2021-08-04 11:26:34 - [MESSAGE][PASSED] - Object: 'Object Repository/2 Operacion/Elementos del Sistema/Terminales/Terminal/Funciones Basicas/imgCerrar/btn_FindeJornada' is clicked on

2021-08-04 11:26:34 - [TEST_STEP][PASSED] - delay(3): Delayed 3 second(s)

2021-08-04 11:26:37 - [MESSAGE][PASSED] - Delayed 3 second(s)]]></system-out>
         <system-err><![CDATA[]]></system-err>
      </testcase>
      <system-out><![CDATA[2021-08-04 11:22:34 - [TEST_SUITE][PASSED] - 1 Reclasificar Turnos en la actual: Test Cases/1 Reclasificar Turnos en la actual]]></system-out>
      <system-err><![CDATA[]]></system-err>
   </testsuite>
</testsuites>
