<?xml version="1.0" encoding="UTF-8"?>
<testsuites name="Cancelacion Turno - Con" time="188.218" tests="1" failures="0" errors="0">
   <testsuite name="Cancelacion Turno - Con" tests="1" failures="0" errors="0" time="188.218" skipped="0" timestamp="2021-07-28 10:37:18" hostname="BILIKI - DESKTOP-HH1RJM2" id="Test Suites/0 Motivos/Cancelacion Turno - Con">
      <properties>
         <property name="deviceName" value=""/>
         <property name="devicePlatform" value=""/>
         <property name="logFolder" value="E:\\CIEL INGENIERIA\\KATALON\\Validaciones\\Reports\\20210728_103701\\0 Motivos\\Cancelacion Turno - Con\\20210728_103701"/>
         <property name="logFiles" value="E:\\CIEL INGENIERIA\\KATALON\\Validaciones\\Reports\\20210728_103701\\0 Motivos\\Cancelacion Turno - Con\\20210728_103701\\execution0.log"/>
         <property name="attachments" value="E:\\CIEL INGENIERIA\\KATALON\\Validaciones\\Reports\\20210728_103701\\0 Motivos\\Cancelacion Turno - Con\\20210728_103701\\1627486685535.png, E:\\CIEL INGENIERIA\\KATALON\\Validaciones\\Reports\\20210728_103701\\0 Motivos\\Cancelacion Turno - Con\\20210728_103701\\1627486731846.png, E:\\CIEL INGENIERIA\\KATALON\\Validaciones\\Reports\\20210728_103701\\0 Motivos\\Cancelacion Turno - Con\\20210728_103701\\1627486787210.png"/>
         <property name="hostName" value="BILIKI - DESKTOP-HH1RJM2"/>
         <property name="os" value="Windows 10 64bit"/>
         <property name="katalonVersion" value="8.0.5.208"/>
         <property name="browser" value="Chrome 92.0.4515.107"/>
         <property name="hostAddress" value="169.254.142.112"/>
         <property name="sessionId" value="cb4788b4c5df0a926b1769046f4a26ef"/>
         <property name="seleniumVersion" value="3.141.59"/>
         <property name="proxyInformation" value="ProxyInformation { proxyOption=NO_PROXY, proxyServerType=HTTP, username=, password=********, proxyServerAddress=, proxyServerPort=0, executionList=&quot;&quot;, isApplyToDesiredCapabilities=true }"/>
         <property name="platform" value="Windows 10"/>
      </properties>
      <testcase name="Test Cases/0 Motivos/Cancelacion Turno - Con" time="166.08" classname="Test Cases/0 Motivos/Cancelacion Turno - Con" status="PASSED">
         <system-out><![CDATA[2021-07-28 10:37:19 - [TEST_CASE][PASSED] - Test Cases/0 Motivos/Cancelacion Turno - Con: Test Cases/0 Motivos/Cancelacion Turno - Con

2021-07-28 10:37:21 - [TEST_STEP][PASSED] - callTestCase(findTestCase("Inicio Sesion sin variables"), [:], STOP_ON_FAILURE): Call Test Case 'Test Cases/Inicio Sesion sin variables' successfully

2021-07-28 10:37:21 - [TEST_CASE][PASSED] - Test Cases/Inicio Sesion sin variables: Test Cases/Inicio Sesion sin variables

2021-07-28 10:37:22 - [TEST_STEP][PASSED] - openBrowser("http://Localhost:8810"): Browser is opened with url: 'http://Localhost:8810'

2021-07-28 10:37:23 - [MESSAGE][INFO] - Starting 'Chrome' driver

2021-07-28 10:37:23 - [MESSAGE][INFO] - Action delay is set to 0 milliseconds

2021-07-28 10:37:32 - [MESSAGE][PASSED] - Browser is opened with url: 'http://Localhost:8810'

2021-07-28 10:37:32 - [TEST_STEP][PASSED] - maximizeWindow(): Current window maximized

2021-07-28 10:37:32 - [MESSAGE][PASSED] - Current window maximized

2021-07-28 10:37:32 - [TEST_STEP][PASSED] - setText(findTestObject("0Inicio Sesion/input__Usuario"), "ciel"): Text 'ciel' is set on object 'Object Repository/0Inicio Sesion/input__Usuario'

2021-07-28 10:37:34 - [MESSAGE][PASSED] - Text 'ciel' is set on object 'Object Repository/0Inicio Sesion/input__Usuario'

2021-07-28 10:37:34 - [TEST_STEP][PASSED] - setText(findTestObject("0Inicio Sesion/input__Clave"), "digiturno"): Text 'digiturno' is set on object 'Object Repository/0Inicio Sesion/input__Clave'

2021-07-28 10:37:35 - [MESSAGE][PASSED] - Text 'digiturno' is set on object 'Object Repository/0Inicio Sesion/input__Clave'

2021-07-28 10:37:35 - [TEST_STEP][PASSED] - click(findTestObject("0Inicio Sesion/btn_IniciarSesion")): Object: 'Object Repository/0Inicio Sesion/btn_IniciarSesion' is clicked on

2021-07-28 10:37:36 - [MESSAGE][PASSED] - Object: 'Object Repository/0Inicio Sesion/btn_IniciarSesion' is clicked on

2021-07-28 10:37:36 - [TEST_STEP][PASSED] - delay(3): Delayed 3 second(s)

2021-07-28 10:37:39 - [MESSAGE][PASSED] - Delayed 3 second(s)

2021-07-28 10:37:39 - [MESSAGE][PASSED] - Call Test Case 'Test Cases/Inicio Sesion sin variables' successfully

2021-07-28 10:37:39 - [TEST_STEP][PASSED] - click(findTestObject("1Inicio/img_Configuracion")): Object: 'Object Repository/1Inicio/img_Configuracion' is clicked on

2021-07-28 10:37:41 - [MESSAGE][PASSED] - Object: 'Object Repository/1Inicio/img_Configuracion' is clicked on

2021-07-28 10:37:41 - [TEST_STEP][PASSED] - delay(3): Delayed 3 second(s)

2021-07-28 10:37:44 - [MESSAGE][PASSED] - Delayed 3 second(s)

2021-07-28 10:37:44 - [TEST_STEP][PASSED] - click(findTestObject("Configuracion/1Principal/img_Elementos del Sistema")): Object: 'Object Repository/Configuracion/1Principal/img_Elementos del Sistema' is clicked on

2021-07-28 10:37:54 - [MESSAGE][PASSED] - Object: 'Object Repository/Configuracion/1Principal/img_Elementos del Sistema' is clicked on

2021-07-28 10:37:54 - [TEST_STEP][PASSED] - delay(3): Delayed 3 second(s)

2021-07-28 10:37:57 - [MESSAGE][PASSED] - Delayed 3 second(s)

2021-07-28 10:37:57 - [TEST_STEP][PASSED] - click(findTestObject("Configuracion/Elementos del Sistema/1Principal/img_Motivos")): Object: 'Object Repository/Configuracion/Elementos del Sistema/1Principal/img_Motivos' is clicked on

2021-07-28 10:37:58 - [MESSAGE][PASSED] - Object: 'Object Repository/Configuracion/Elementos del Sistema/1Principal/img_Motivos' is clicked on

2021-07-28 10:37:58 - [TEST_STEP][PASSED] - delay(3): Delayed 3 second(s)

2021-07-28 10:38:01 - [MESSAGE][PASSED] - Delayed 3 second(s)

2021-07-28 10:38:01 - [TEST_STEP][PASSED] - click(findTestObject("Configuracion/Elementos del Sistema/Motivos/span_Motivos")): Object: 'Object Repository/Configuracion/Elementos del Sistema/Motivos/span_Motivos' is clicked on

2021-07-28 10:38:02 - [MESSAGE][PASSED] - Object: 'Object Repository/Configuracion/Elementos del Sistema/Motivos/span_Motivos' is clicked on

2021-07-28 10:38:02 - [TEST_STEP][PASSED] - delay(3): Delayed 3 second(s)

2021-07-28 10:38:05 - [MESSAGE][PASSED] - Delayed 3 second(s)

2021-07-28 10:38:05 - [TEST_STEP][PASSED] - takeFullPageScreenshot(): Taking screenshot successfully

2021-07-28 10:38:06 - [MESSAGE][INFO] - 0 hidden object(s)

2021-07-28 10:38:06 - [MESSAGE][PASSED] - Taking screenshot successfully
[[ATTACHMENT|E:\\CIEL INGENIERIA\\KATALON\\Validaciones\\Reports\\20210728_103701\\0 Motivos\\Cancelacion Turno - Con\\20210728_103701\\1627486685535.png]]

2021-07-28 10:38:06 - [TEST_STEP][PASSED] - delay(3): Delayed 3 second(s)

2021-07-28 10:38:10 - [MESSAGE][PASSED] - Delayed 3 second(s)

2021-07-28 10:38:10 - [TEST_STEP][PASSED] - click(findTestObject("1Inicio/a_Inicio")): Object: 'Object Repository/1Inicio/a_Inicio' is clicked on

2021-07-28 10:38:11 - [MESSAGE][PASSED] - Object: 'Object Repository/1Inicio/a_Inicio' is clicked on

2021-07-28 10:38:11 - [TEST_STEP][PASSED] - delay(3): Delayed 3 second(s)

2021-07-28 10:38:14 - [MESSAGE][PASSED] - Delayed 3 second(s)

2021-07-28 10:38:14 - [TEST_STEP][PASSED] - click(findTestObject("1Inicio/img_Configuracion")): Object: 'Object Repository/1Inicio/img_Configuracion' is clicked on

2021-07-28 10:38:15 - [MESSAGE][PASSED] - Object: 'Object Repository/1Inicio/img_Configuracion' is clicked on

2021-07-28 10:38:15 - [TEST_STEP][PASSED] - delay(3): Delayed 3 second(s)

2021-07-28 10:38:18 - [MESSAGE][PASSED] - Delayed 3 second(s)

2021-07-28 10:38:18 - [TEST_STEP][PASSED] - click(findTestObject("Configuracion/1Principal/img_Distribucion Geografica")): Object: 'Object Repository/Configuracion/1Principal/img_Distribucion Geografica' is clicked on

2021-07-28 10:38:20 - [MESSAGE][PASSED] - Object: 'Object Repository/Configuracion/1Principal/img_Distribucion Geografica' is clicked on

2021-07-28 10:38:20 - [TEST_STEP][PASSED] - delay(3): Delayed 3 second(s)

2021-07-28 10:38:23 - [MESSAGE][PASSED] - Delayed 3 second(s)

2021-07-28 10:38:23 - [TEST_STEP][PASSED] - click(findTestObject("Configuracion/Distribucion Geografica/1Principal/img_Oficinas")): Object: 'Object Repository/Configuracion/Distribucion Geografica/1Principal/img_Oficinas' is clicked on

2021-07-28 10:38:26 - [MESSAGE][PASSED] - Object: 'Object Repository/Configuracion/Distribucion Geografica/1Principal/img_Oficinas' is clicked on

2021-07-28 10:38:26 - [TEST_STEP][PASSED] - delay(3): Delayed 3 second(s)

2021-07-28 10:38:29 - [MESSAGE][PASSED] - Delayed 3 second(s)

2021-07-28 10:38:29 - [TEST_STEP][PASSED] - click(findTestObject("Configuracion/Distribucion Geografica/Oficinas/2Lista de Oficinas/a_Seleccionar")): Object: 'Object Repository/Configuracion/Distribucion Geografica/Oficinas/2Lista de Oficinas/a_Seleccionar' is clicked on

2021-07-28 10:38:31 - [MESSAGE][PASSED] - Object: 'Object Repository/Configuracion/Distribucion Geografica/Oficinas/2Lista de Oficinas/a_Seleccionar' is clicked on

2021-07-28 10:38:31 - [TEST_STEP][PASSED] - delay(3): Delayed 3 second(s)

2021-07-28 10:38:34 - [MESSAGE][PASSED] - Delayed 3 second(s)

2021-07-28 10:38:34 - [TEST_STEP][PASSED] - click(findTestObject("Configuracion/Distribucion Geografica/Oficinas/3Otras Configuraciones/1Pestanas/span_Motivos")): Object: 'Object Repository/Configuracion/Distribucion Geografica/Oficinas/3Otras Configuraciones/1Pestanas/span_Motivos' is clicked on

2021-07-28 10:38:36 - [MESSAGE][PASSED] - Object: 'Object Repository/Configuracion/Distribucion Geografica/Oficinas/3Otras Configuraciones/1Pestanas/span_Motivos' is clicked on

2021-07-28 10:38:36 - [TEST_STEP][PASSED] - delay(3): Delayed 3 second(s)

2021-07-28 10:38:39 - [MESSAGE][PASSED] - Delayed 3 second(s)

2021-07-28 10:38:39 - [TEST_STEP][PASSED] - setText(findTestObject("Configuracion/Distribucion Geografica/Oficinas/3Otras Configuraciones/3Motivos/Checks/input_TextoABuscar"), "Turno"): Text 'Turno' is set on object 'Object Repository/Configuracion/Distribucion Geografica/Oficinas/3Otras Configuraciones/3Motivos/Checks/input_TextoABuscar'

2021-07-28 10:38:40 - [MESSAGE][PASSED] - Text 'Turno' is set on object 'Object Repository/Configuracion/Distribucion Geografica/Oficinas/3Otras Configuraciones/3Motivos/Checks/input_TextoABuscar'

2021-07-28 10:38:40 - [TEST_STEP][PASSED] - sendKeys(findTestObject("Configuracion/Distribucion Geografica/Oficinas/3Otras Configuraciones/3Motivos/Checks/input_TextoABuscar"), Keys.chord(ENTER)): Keys 'ENTER + ' sent to object: 'Object Repository/Configuracion/Distribucion Geografica/Oficinas/3Otras Configuraciones/3Motivos/Checks/input_TextoABuscar'

2021-07-28 10:38:41 - [MESSAGE][PASSED] - Keys 'ENTER + ' sent to object: 'Object Repository/Configuracion/Distribucion Geografica/Oficinas/3Otras Configuraciones/3Motivos/Checks/input_TextoABuscar'

2021-07-28 10:38:41 - [TEST_STEP][PASSED] - delay(3): Delayed 3 second(s)

2021-07-28 10:38:44 - [MESSAGE][PASSED] - Delayed 3 second(s)

2021-07-28 10:38:44 - [TEST_STEP][PASSED] - click(findTestObject("Configuracion/Distribucion Geografica/Oficinas/3Otras Configuraciones/3Motivos/Checks/a__SeleccionarTodo")): Object: 'Object Repository/Configuracion/Distribucion Geografica/Oficinas/3Otras Configuraciones/3Motivos/Checks/a__SeleccionarTodo' is clicked on

2021-07-28 10:38:45 - [MESSAGE][PASSED] - Object: 'Object Repository/Configuracion/Distribucion Geografica/Oficinas/3Otras Configuraciones/3Motivos/Checks/a__SeleccionarTodo' is clicked on

2021-07-28 10:38:45 - [TEST_STEP][PASSED] - delay(3): Delayed 3 second(s)

2021-07-28 10:38:48 - [MESSAGE][PASSED] - Delayed 3 second(s)

2021-07-28 10:38:48 - [TEST_STEP][PASSED] - click(findTestObject("Configuracion/Distribucion Geografica/Oficinas/3Otras Configuraciones/3Motivos/img_Nuevo")): Object: 'Object Repository/Configuracion/Distribucion Geografica/Oficinas/3Otras Configuraciones/3Motivos/img_Nuevo' is clicked on

2021-07-28 10:38:49 - [MESSAGE][PASSED] - Object: 'Object Repository/Configuracion/Distribucion Geografica/Oficinas/3Otras Configuraciones/3Motivos/img_Nuevo' is clicked on

2021-07-28 10:38:49 - [TEST_STEP][PASSED] - delay(2): Delayed 2 second(s)

2021-07-28 10:38:51 - [MESSAGE][PASSED] - Delayed 2 second(s)

2021-07-28 10:38:51 - [TEST_STEP][PASSED] - takeFullPageScreenshot(): Taking screenshot successfully

2021-07-28 10:38:55 - [MESSAGE][INFO] - 0 hidden object(s)

2021-07-28 10:38:55 - [MESSAGE][PASSED] - Taking screenshot successfully
[[ATTACHMENT|E:\\CIEL INGENIERIA\\KATALON\\Validaciones\\Reports\\20210728_103701\\0 Motivos\\Cancelacion Turno - Con\\20210728_103701\\1627486731846.png]]

2021-07-28 10:38:55 - [TEST_STEP][PASSED] - delay(3): Delayed 3 second(s)

2021-07-28 10:38:58 - [MESSAGE][PASSED] - Delayed 3 second(s)

2021-07-28 10:38:58 - [TEST_STEP][PASSED] - click(findTestObject("1Inicio/a_Inicio")): Object: 'Object Repository/1Inicio/a_Inicio' is clicked on

2021-07-28 10:39:01 - [MESSAGE][PASSED] - Object: 'Object Repository/1Inicio/a_Inicio' is clicked on

2021-07-28 10:39:01 - [TEST_STEP][PASSED] - delay(3): Delayed 3 second(s)

2021-07-28 10:39:04 - [MESSAGE][PASSED] - Delayed 3 second(s)

2021-07-28 10:39:04 - [TEST_STEP][PASSED] - click(findTestObject("1Inicio/img_Operacion")): Object: 'Object Repository/1Inicio/img_Operacion' is clicked on

2021-07-28 10:39:06 - [MESSAGE][PASSED] - Object: 'Object Repository/1Inicio/img_Operacion' is clicked on

2021-07-28 10:39:06 - [TEST_STEP][PASSED] - delay(3): Delayed 3 second(s)

2021-07-28 10:39:09 - [MESSAGE][PASSED] - Delayed 3 second(s)

2021-07-28 10:39:09 - [TEST_STEP][PASSED] - click(findTestObject("2 Operacion/Elementos Del Sistema")): Object: 'Object Repository/2 Operacion/Elementos Del Sistema' is clicked on

2021-07-28 10:39:11 - [MESSAGE][PASSED] - Object: 'Object Repository/2 Operacion/Elementos Del Sistema' is clicked on

2021-07-28 10:39:11 - [TEST_STEP][PASSED] - delay(3): Delayed 3 second(s)

2021-07-28 10:39:14 - [MESSAGE][PASSED] - Delayed 3 second(s)

2021-07-28 10:39:14 - [TEST_STEP][PASSED] - click(findTestObject("2 Operacion/Elementos del Sistema/img_Terminales")): Object: 'Object Repository/2 Operacion/Elementos del Sistema/img_Terminales' is clicked on

2021-07-28 10:39:16 - [MESSAGE][PASSED] - Object: 'Object Repository/2 Operacion/Elementos del Sistema/img_Terminales' is clicked on

2021-07-28 10:39:16 - [TEST_STEP][PASSED] - delay(3): Delayed 3 second(s)

2021-07-28 10:39:19 - [MESSAGE][PASSED] - Delayed 3 second(s)

2021-07-28 10:39:19 - [TEST_STEP][PASSED] - click(findTestObject("2 Operacion/Elementos del Sistema/Selectores/00Oficinas/a_Bogota - CIEL")): Object: 'Object Repository/2 Operacion/Elementos del Sistema/Selectores/00Oficinas/a_Bogota - CIEL' is clicked on

2021-07-28 10:39:20 - [MESSAGE][PASSED] - Object: 'Object Repository/2 Operacion/Elementos del Sistema/Selectores/00Oficinas/a_Bogota - CIEL' is clicked on

2021-07-28 10:39:20 - [TEST_STEP][PASSED] - delay(3): Delayed 3 second(s)

2021-07-28 10:39:23 - [MESSAGE][PASSED] - Delayed 3 second(s)

2021-07-28 10:39:23 - [TEST_STEP][PASSED] - click(findTestObject("2 Operacion/Elementos del Sistema/Terminales/1Terminales menos WorkFlow/a_Terminal Informacion A01")): Object: 'Object Repository/2 Operacion/Elementos del Sistema/Terminales/1Terminales menos WorkFlow/a_Terminal Informacion A01' is clicked on

2021-07-28 10:39:24 - [MESSAGE][PASSED] - Object: 'Object Repository/2 Operacion/Elementos del Sistema/Terminales/1Terminales menos WorkFlow/a_Terminal Informacion A01' is clicked on

2021-07-28 10:39:24 - [TEST_STEP][PASSED] - delay(3): Delayed 3 second(s)

2021-07-28 10:39:27 - [MESSAGE][PASSED] - Delayed 3 second(s)

2021-07-28 10:39:27 - [TEST_STEP][PASSED] - click(findTestObject("2 Operacion/Elementos del Sistema/Terminales/Terminal/Funciones Basicas/img_Llamar")): Object: 'Object Repository/2 Operacion/Elementos del Sistema/Terminales/Terminal/Funciones Basicas/img_Llamar' is clicked on

2021-07-28 10:39:28 - [MESSAGE][PASSED] - Object: 'Object Repository/2 Operacion/Elementos del Sistema/Terminales/Terminal/Funciones Basicas/img_Llamar' is clicked on

2021-07-28 10:39:28 - [TEST_STEP][PASSED] - delay(3): Delayed 3 second(s)

2021-07-28 10:39:31 - [MESSAGE][PASSED] - Delayed 3 second(s)

2021-07-28 10:39:31 - [TEST_STEP][PASSED] - click(findTestObject("2 Operacion/Elementos del Sistema/Terminales/Terminal/Funciones Basicas/img_Ocupado")): Object: 'Object Repository/2 Operacion/Elementos del Sistema/Terminales/Terminal/Funciones Basicas/img_Ocupado' is clicked on

2021-07-28 10:39:33 - [MESSAGE][PASSED] - Object: 'Object Repository/2 Operacion/Elementos del Sistema/Terminales/Terminal/Funciones Basicas/img_Ocupado' is clicked on

2021-07-28 10:39:33 - [TEST_STEP][PASSED] - delay(3): Delayed 3 second(s)

2021-07-28 10:39:36 - [MESSAGE][PASSED] - Delayed 3 second(s)

2021-07-28 10:39:36 - [TEST_STEP][PASSED] - click(findTestObject("2 Operacion/Elementos del Sistema/Terminales/Terminal/Funciones Basicas/imgOcupado/a_Actualizacion de Datos")): Object: 'Object Repository/2 Operacion/Elementos del Sistema/Terminales/Terminal/Funciones Basicas/imgOcupado/a_Actualizacion de Datos' is clicked on

2021-07-28 10:39:37 - [MESSAGE][PASSED] - Object: 'Object Repository/2 Operacion/Elementos del Sistema/Terminales/Terminal/Funciones Basicas/imgOcupado/a_Actualizacion de Datos' is clicked on

2021-07-28 10:39:37 - [TEST_STEP][PASSED] - delay(3): Delayed 3 second(s)

2021-07-28 10:39:40 - [MESSAGE][PASSED] - Delayed 3 second(s)

2021-07-28 10:39:40 - [TEST_STEP][PASSED] - verifyElementVisible(findTestObject("2 Operacion/Elementos del Sistema/Terminales/Terminal/Cancelacion/img_CancelarTurno")): Object 'Object Repository/2 Operacion/Elementos del Sistema/Terminales/Terminal/Cancelacion/img_CancelarTurno' is visible

2021-07-28 10:39:42 - [MESSAGE][PASSED] - Object 'Object Repository/2 Operacion/Elementos del Sistema/Terminales/Terminal/Cancelacion/img_CancelarTurno' is visible

2021-07-28 10:39:42 - [TEST_STEP][PASSED] - click(findTestObject("2 Operacion/Elementos del Sistema/Terminales/Terminal/Cancelacion/img_CancelarTurno")): Object: 'Object Repository/2 Operacion/Elementos del Sistema/Terminales/Terminal/Cancelacion/img_CancelarTurno' is clicked on

2021-07-28 10:39:43 - [MESSAGE][PASSED] - Object: 'Object Repository/2 Operacion/Elementos del Sistema/Terminales/Terminal/Cancelacion/img_CancelarTurno' is clicked on

2021-07-28 10:39:43 - [TEST_STEP][PASSED] - delay(2): Delayed 2 second(s)

2021-07-28 10:39:45 - [MESSAGE][PASSED] - Delayed 2 second(s)

2021-07-28 10:39:45 - [TEST_STEP][PASSED] - verifyElementVisible(findTestObject("2 Operacion/Elementos del Sistema/Terminales/Terminal/Cancelacion/imgCancelarTurno/btn_Cancelar")): Object 'Object Repository/2 Operacion/Elementos del Sistema/Terminales/Terminal/Cancelacion/imgCancelarTurno/btn_Cancelar' is visible

2021-07-28 10:39:47 - [MESSAGE][PASSED] - Object 'Object Repository/2 Operacion/Elementos del Sistema/Terminales/Terminal/Cancelacion/imgCancelarTurno/btn_Cancelar' is visible

2021-07-28 10:39:47 - [TEST_STEP][PASSED] - takeFullPageScreenshot(): Taking screenshot successfully

2021-07-28 10:39:48 - [MESSAGE][INFO] - 0 hidden object(s)

2021-07-28 10:39:48 - [MESSAGE][PASSED] - Taking screenshot successfully
[[ATTACHMENT|E:\\CIEL INGENIERIA\\KATALON\\Validaciones\\Reports\\20210728_103701\\0 Motivos\\Cancelacion Turno - Con\\20210728_103701\\1627486787210.png]]

2021-07-28 10:39:48 - [TEST_STEP][PASSED] - delay(8): Delayed 8 second(s)

2021-07-28 10:39:56 - [MESSAGE][PASSED] - Delayed 8 second(s)

2021-07-28 10:39:56 - [TEST_STEP][PASSED] - click(findTestObject("2 Operacion/Elementos del Sistema/Terminales/Terminal/Funciones Basicas/img_Cerrar")): Object: 'Object Repository/2 Operacion/Elementos del Sistema/Terminales/Terminal/Funciones Basicas/img_Cerrar' is clicked on

2021-07-28 10:39:58 - [MESSAGE][PASSED] - Object: 'Object Repository/2 Operacion/Elementos del Sistema/Terminales/Terminal/Funciones Basicas/img_Cerrar' is clicked on

2021-07-28 10:39:58 - [TEST_STEP][PASSED] - delay(3): Delayed 3 second(s)

2021-07-28 10:40:01 - [MESSAGE][PASSED] - Delayed 3 second(s)

2021-07-28 10:40:01 - [TEST_STEP][PASSED] - click(findTestObject("2 Operacion/Elementos del Sistema/Terminales/Terminal/Funciones Basicas/imgCerrar/btn_FindeJornada")): Object: 'Object Repository/2 Operacion/Elementos del Sistema/Terminales/Terminal/Funciones Basicas/imgCerrar/btn_FindeJornada' is clicked on

2021-07-28 10:40:02 - [MESSAGE][PASSED] - Object: 'Object Repository/2 Operacion/Elementos del Sistema/Terminales/Terminal/Funciones Basicas/imgCerrar/btn_FindeJornada' is clicked on

2021-07-28 10:40:02 - [TEST_STEP][PASSED] - delay(3): Delayed 3 second(s)

2021-07-28 10:40:05 - [MESSAGE][PASSED] - Delayed 3 second(s)]]></system-out>
         <system-err><![CDATA[]]></system-err>
      </testcase>
      <system-out><![CDATA[2021-07-28 10:37:18 - [TEST_SUITE][PASSED] - Cancelacion Turno - Con: Test Cases/0 Motivos/Cancelacion Turno - Con]]></system-out>
      <system-err><![CDATA[]]></system-err>
   </testsuite>
</testsuites>
