<?xml version="1.0" encoding="UTF-8"?>
<testsuites name="44.CrearUsuario.CrearSelectores" time="261.338" tests="2" failures="0" skips="0" errors="0">
   <testsuite name="44.CrearUsuario.CrearSelectores" tests="2" failures="0" errors="0" time="261.338" skips="0" timestamp="2021-05-26 14:57:47" hostname="BILIKI - DESKTOP-HH1RJM2" id="Test Suites/44.CrearUsuario.CrearSelectores">
      <properties>
         <property name="deviceName" value=""/>
         <property name="devicePlatform" value=""/>
         <property name="logFolder" value="E:\\CIEL INGENIERIA\\KATALON\\Validaciones\\Reports\\20210526_145734\\44.CrearUsuario.CrearSelectores\\20210526_145734"/>
         <property name="logFiles" value="E:\\CIEL INGENIERIA\\KATALON\\Validaciones\\Reports\\20210526_145734\\44.CrearUsuario.CrearSelectores\\20210526_145734\\execution0.log"/>
         <property name="attachments" value="E:\\CIEL INGENIERIA\\KATALON\\Validaciones\\Reports\\20210526_145734\\44.CrearUsuario.CrearSelectores\\20210526_145734\\1622059196414.png, E:\\CIEL INGENIERIA\\KATALON\\Validaciones\\Reports\\20210526_145734\\44.CrearUsuario.CrearSelectores\\20210526_145734\\1622059319908.png"/>
         <property name="hostName" value="BILIKI - DESKTOP-HH1RJM2"/>
         <property name="os" value="Windows 10 64bit"/>
         <property name="katalonVersion" value="7.9.1.208"/>
         <property name="browser" value="Edge Chromiume 18"/>
         <property name="hostAddress" value="169.254.12.236"/>
         <property name="sessionId" value="5D8D7E65-E34C-45BA-8957-C177BD4DA0C3"/>
         <property name="seleniumVersion" value="3.141.59"/>
         <property name="proxyInformation" value="ProxyInformation { proxyOption=NO_PROXY, proxyServerType=HTTP, username=, password=********, proxyServerAddress=, proxyServerPort=0, executionList=&quot;&quot;, isApplyToDesiredCapabilities=true }"/>
         <property name="platform" value="Windows 10"/>
      </properties>
      <testcase name="Test Cases/44.CrearUsuario.CrearSelectores No" time="129.581" classname="Test Cases/44.CrearUsuario.CrearSelectores No" status="PASSED">
         <system-out><![CDATA[2021-05-26 14:57:51 - [TEST_CASE][PASSED] - Test Cases/44.CrearUsuario.CrearSelectores No: Test Cases/44.CrearUsuario.CrearSelectores No

2021-05-26 14:57:53 - [TEST_STEP][PASSED] - callTestCase(findTestCase("Inicio Sesion sin variables"), [:], STOP_ON_FAILURE): Call Test Case 'Test Cases/Inicio Sesion sin variables' successfully

2021-05-26 14:57:54 - [TEST_CASE][PASSED] - Test Cases/Inicio Sesion sin variables: Test Cases/Inicio Sesion sin variables

2021-05-26 14:57:55 - [TEST_STEP][PASSED] - openBrowser("http://Localhost:8810"): Browser is opened with url: 'http://Localhost:8810'

2021-05-26 14:57:56 - [MESSAGE][INFO] - Starting 'Edge' driver

2021-05-26 14:57:57 - [MESSAGE][INFO] - Action delay is set to 0 milliseconds

2021-05-26 14:58:06 - [MESSAGE][PASSED] - Browser is opened with url: 'http://Localhost:8810'

2021-05-26 14:58:06 - [TEST_STEP][PASSED] - maximizeWindow(): Current window maximized

2021-05-26 14:58:06 - [MESSAGE][PASSED] - Current window maximized

2021-05-26 14:58:06 - [TEST_STEP][PASSED] - setText(findTestObject("0Inicio Sesion/input__Usuario"), "ciel"): Text 'ciel' is set on object 'Object Repository/0Inicio Sesion/input__Usuario'

2021-05-26 14:58:08 - [MESSAGE][PASSED] - Text 'ciel' is set on object 'Object Repository/0Inicio Sesion/input__Usuario'

2021-05-26 14:58:08 - [TEST_STEP][PASSED] - setText(findTestObject("0Inicio Sesion/input__Clave"), "digiturno"): Text 'digiturno' is set on object 'Object Repository/0Inicio Sesion/input__Clave'

2021-05-26 14:58:09 - [MESSAGE][PASSED] - Text 'digiturno' is set on object 'Object Repository/0Inicio Sesion/input__Clave'

2021-05-26 14:58:09 - [TEST_STEP][PASSED] - click(findTestObject("0Inicio Sesion/btn_IniciarSesion")): Object: 'Object Repository/0Inicio Sesion/btn_IniciarSesion' is clicked on

2021-05-26 14:58:10 - [MESSAGE][PASSED] - Object: 'Object Repository/0Inicio Sesion/btn_IniciarSesion' is clicked on

2021-05-26 14:58:10 - [TEST_STEP][PASSED] - delay(3): Delayed 3 second(s)

2021-05-26 14:58:13 - [MESSAGE][PASSED] - Delayed 3 second(s)

2021-05-26 14:58:13 - [MESSAGE][PASSED] - Call Test Case 'Test Cases/Inicio Sesion sin variables' successfully

2021-05-26 14:58:13 - [TEST_STEP][PASSED] - click(findTestObject("1Inicio/img_Configuracion")): Object: 'Object Repository/1Inicio/img_Configuracion' is clicked on

2021-05-26 14:58:14 - [MESSAGE][PASSED] - Object: 'Object Repository/1Inicio/img_Configuracion' is clicked on

2021-05-26 14:58:14 - [TEST_STEP][PASSED] - delay(3): Delayed 3 second(s)

2021-05-26 14:58:17 - [MESSAGE][PASSED] - Delayed 3 second(s)

2021-05-26 14:58:17 - [TEST_STEP][PASSED] - click(findTestObject("Configuracion/1Principal/img_Sistema")): Object: 'Object Repository/Configuracion/1Principal/img_Sistema' is clicked on

2021-05-26 14:58:17 - [MESSAGE][PASSED] - Object: 'Object Repository/Configuracion/1Principal/img_Sistema' is clicked on

2021-05-26 14:58:17 - [TEST_STEP][PASSED] - delay(3): Delayed 3 second(s)

2021-05-26 14:58:20 - [MESSAGE][PASSED] - Delayed 3 second(s)

2021-05-26 14:58:20 - [TEST_STEP][PASSED] - click(findTestObject("Configuracion/Sistema/1Principal/img_Parametros Generales")): Object: 'Object Repository/Configuracion/Sistema/1Principal/img_Parametros Generales' is clicked on

2021-05-26 14:58:21 - [MESSAGE][PASSED] - Object: 'Object Repository/Configuracion/Sistema/1Principal/img_Parametros Generales' is clicked on

2021-05-26 14:58:21 - [TEST_STEP][PASSED] - delay(3): Delayed 3 second(s)

2021-05-26 14:58:24 - [MESSAGE][PASSED] - Delayed 3 second(s)

2021-05-26 14:58:24 - [TEST_STEP][PASSED] - click(findTestObject("Configuracion/Sistema/Parametros Generales/Pestanas/a_Usuarios")): Object: 'Object Repository/Configuracion/Sistema/Parametros Generales/Pestanas/a_Usuarios' is clicked on

2021-05-26 14:58:24 - [MESSAGE][PASSED] - Object: 'Object Repository/Configuracion/Sistema/Parametros Generales/Pestanas/a_Usuarios' is clicked on

2021-05-26 14:58:24 - [TEST_STEP][PASSED] - delay(3): Delayed 3 second(s)

2021-05-26 14:58:27 - [MESSAGE][PASSED] - Delayed 3 second(s)

2021-05-26 14:58:27 - [TEST_STEP][PASSED] - click(findTestObject("Configuracion/Sistema/Parametros Generales/Filtros LLave/span_0filtro llave")): Object: 'Object Repository/Configuracion/Sistema/Parametros Generales/Filtros LLave/span_0filtro llave' is clicked on

2021-05-26 14:58:28 - [MESSAGE][PASSED] - Object: 'Object Repository/Configuracion/Sistema/Parametros Generales/Filtros LLave/span_0filtro llave' is clicked on

2021-05-26 14:58:28 - [TEST_STEP][PASSED] - mouseOver(findTestObject("Configuracion/Sistema/Parametros Generales/Filtros LLave/span_1Filtro")): Object: 'Object Repository/Configuracion/Sistema/Parametros Generales/Filtros LLave/span_1Filtro' is hovered

2021-05-26 14:58:29 - [MESSAGE][PASSED] - Object: 'Object Repository/Configuracion/Sistema/Parametros Generales/Filtros LLave/span_1Filtro' is hovered

2021-05-26 14:58:29 - [TEST_STEP][PASSED] - click(findTestObject("Configuracion/Sistema/Parametros Generales/Filtro 1er valor/span_select")): Object: 'Object Repository/Configuracion/Sistema/Parametros Generales/Filtro 1er valor/span_select' is clicked on

2021-05-26 14:58:30 - [MESSAGE][PASSED] - Object: 'Object Repository/Configuracion/Sistema/Parametros Generales/Filtro 1er valor/span_select' is clicked on

2021-05-26 14:58:30 - [TEST_STEP][PASSED] - click(findTestObject("Configuracion/Sistema/Parametros Generales/Filtro 1er valor/li_Contiene")): Object: 'Object Repository/Configuracion/Sistema/Parametros Generales/Filtro 1er valor/li_Contiene' is clicked on

2021-05-26 14:58:31 - [MESSAGE][PASSED] - Object: 'Object Repository/Configuracion/Sistema/Parametros Generales/Filtro 1er valor/li_Contiene' is clicked on

2021-05-26 14:58:31 - [TEST_STEP][PASSED] - setText(findTestObject("Configuracion/Sistema/Parametros Generales/Filtro 1er valor/input_Texto a buscar1"), "CrearUsuario.CrearSelectores"): Text 'CrearUsuario.CrearSelectores' is set on object 'Object Repository/Configuracion/Sistema/Parametros Generales/Filtro 1er valor/input_Texto a buscar1'

2021-05-26 14:58:32 - [MESSAGE][PASSED] - Text 'CrearUsuario.CrearSelectores' is set on object 'Object Repository/Configuracion/Sistema/Parametros Generales/Filtro 1er valor/input_Texto a buscar1'

2021-05-26 14:58:32 - [TEST_STEP][PASSED] - click(findTestObject("Configuracion/Sistema/Parametros Generales/botones filtro/btn_Filtrar")): Object: 'Object Repository/Configuracion/Sistema/Parametros Generales/botones filtro/btn_Filtrar' is clicked on

2021-05-26 14:58:32 - [MESSAGE][PASSED] - Object: 'Object Repository/Configuracion/Sistema/Parametros Generales/botones filtro/btn_Filtrar' is clicked on

2021-05-26 14:58:32 - [TEST_STEP][PASSED] - delay(2): Delayed 2 second(s)

2021-05-26 14:58:34 - [MESSAGE][PASSED] - Delayed 2 second(s)

2021-05-26 14:58:34 - [TEST_STEP][PASSED] - click(findTestObject("Configuracion/Sistema/Parametros Generales/Cambiar Parametro Valor/a_Editar")): Object: 'Object Repository/Configuracion/Sistema/Parametros Generales/Cambiar Parametro Valor/a_Editar' is clicked on

2021-05-26 14:58:35 - [MESSAGE][PASSED] - Object: 'Object Repository/Configuracion/Sistema/Parametros Generales/Cambiar Parametro Valor/a_Editar' is clicked on

2021-05-26 14:58:35 - [TEST_STEP][PASSED] - delay(2): Delayed 2 second(s)

2021-05-26 14:58:37 - [MESSAGE][PASSED] - Delayed 2 second(s)

2021-05-26 14:58:37 - [TEST_STEP][PASSED] - click(findTestObject("Configuracion/Sistema/Parametros Generales/Cambiar Parametro Valor/input_Valor"), STOP_ON_FAILURE): Object: 'Object Repository/Configuracion/Sistema/Parametros Generales/Cambiar Parametro Valor/input_Valor' is clicked on

2021-05-26 14:58:37 - [MESSAGE][PASSED] - Object: 'Object Repository/Configuracion/Sistema/Parametros Generales/Cambiar Parametro Valor/input_Valor' is clicked on

2021-05-26 14:58:37 - [TEST_STEP][PASSED] - sendKeys(findTestObject(null), "No"): Keys 'No' sent to object: 'tempBody'

2021-05-26 14:58:37 - [MESSAGE][WARNING] - Test object id is null

2021-05-26 14:58:38 - [MESSAGE][WARNING] - Test object with id 'Object Repository/' does not exist

2021-05-26 14:58:38 - [MESSAGE][PASSED] - Keys 'No' sent to object: 'tempBody'

2021-05-26 14:58:38 - [TEST_STEP][PASSED] - delay(2): Delayed 2 second(s)

2021-05-26 14:58:40 - [MESSAGE][PASSED] - Delayed 2 second(s)

2021-05-26 14:58:40 - [TEST_STEP][PASSED] - click(findTestObject("Configuracion/Sistema/Parametros Generales/Cambiar Parametro Valor/a_Guardar")): Object: 'Object Repository/Configuracion/Sistema/Parametros Generales/Cambiar Parametro Valor/a_Guardar' is clicked on

2021-05-26 14:58:41 - [MESSAGE][PASSED] - Object: 'Object Repository/Configuracion/Sistema/Parametros Generales/Cambiar Parametro Valor/a_Guardar' is clicked on

2021-05-26 14:58:41 - [TEST_STEP][PASSED] - delay(3): Delayed 3 second(s)

2021-05-26 14:58:44 - [MESSAGE][PASSED] - Delayed 3 second(s)

2021-05-26 14:58:44 - [TEST_STEP][PASSED] - click(findTestObject("1Inicio/a_Inicio")): Object: 'Object Repository/1Inicio/a_Inicio' is clicked on

2021-05-26 14:58:44 - [MESSAGE][PASSED] - Object: 'Object Repository/1Inicio/a_Inicio' is clicked on

2021-05-26 14:58:44 - [TEST_STEP][PASSED] - delay(3): Delayed 3 second(s)

2021-05-26 14:58:47 - [MESSAGE][PASSED] - Delayed 3 second(s)

2021-05-26 14:58:47 - [TEST_STEP][PASSED] - click(findTestObject("1Inicio/img_Configuracion")): Object: 'Object Repository/1Inicio/img_Configuracion' is clicked on

2021-05-26 14:58:48 - [MESSAGE][PASSED] - Object: 'Object Repository/1Inicio/img_Configuracion' is clicked on

2021-05-26 14:58:48 - [TEST_STEP][PASSED] - delay(3): Delayed 3 second(s)

2021-05-26 14:58:51 - [MESSAGE][PASSED] - Delayed 3 second(s)

2021-05-26 14:58:51 - [TEST_STEP][PASSED] - click(findTestObject("Configuracion/1Principal/img_Seguridad")): Object: 'Object Repository/Configuracion/1Principal/img_Seguridad' is clicked on

2021-05-26 14:58:52 - [MESSAGE][PASSED] - Object: 'Object Repository/Configuracion/1Principal/img_Seguridad' is clicked on

2021-05-26 14:58:52 - [TEST_STEP][PASSED] - delay(3): Delayed 3 second(s)

2021-05-26 14:58:55 - [MESSAGE][PASSED] - Delayed 3 second(s)

2021-05-26 14:58:55 - [TEST_STEP][PASSED] - click(findTestObject("Configuracion/Seguridad/img_Usuarios")): Object: 'Object Repository/Configuracion/Seguridad/img_Usuarios' is clicked on

2021-05-26 14:58:55 - [MESSAGE][PASSED] - Object: 'Object Repository/Configuracion/Seguridad/img_Usuarios' is clicked on

2021-05-26 14:58:55 - [TEST_STEP][PASSED] - delay(3): Delayed 3 second(s)

2021-05-26 14:58:58 - [MESSAGE][PASSED] - Delayed 3 second(s)

2021-05-26 14:58:58 - [TEST_STEP][PASSED] - click(findTestObject("Configuracion/Seguridad/Usuarios/1Principal/img_Agregar Usuarios")): Object: 'Object Repository/Configuracion/Seguridad/Usuarios/1Principal/img_Agregar Usuarios' is clicked on

2021-05-26 14:58:59 - [MESSAGE][PASSED] - Object: 'Object Repository/Configuracion/Seguridad/Usuarios/1Principal/img_Agregar Usuarios' is clicked on

2021-05-26 14:58:59 - [TEST_STEP][PASSED] - delay(3): Delayed 3 second(s)

2021-05-26 14:59:02 - [MESSAGE][PASSED] - Delayed 3 second(s)

2021-05-26 14:59:02 - [TEST_STEP][PASSED] - setText(findTestObject("Configuracion/Seguridad/Usuarios/Agregar Usuarios/1Informacion Principal/input_Usuario"), "juan"): Text 'juan' is set on object 'Object Repository/Configuracion/Seguridad/Usuarios/Agregar Usuarios/1Informacion Principal/input_Usuario'

2021-05-26 14:59:03 - [MESSAGE][PASSED] - Text 'juan' is set on object 'Object Repository/Configuracion/Seguridad/Usuarios/Agregar Usuarios/1Informacion Principal/input_Usuario'

2021-05-26 14:59:03 - [TEST_STEP][PASSED] - setText(findTestObject("Configuracion/Seguridad/Usuarios/Agregar Usuarios/1Informacion Principal/input_Nombre a mostrar"), "Juan"): Text 'Juan' is set on object 'Object Repository/Configuracion/Seguridad/Usuarios/Agregar Usuarios/1Informacion Principal/input_Nombre a mostrar'

2021-05-26 14:59:04 - [MESSAGE][PASSED] - Text 'Juan' is set on object 'Object Repository/Configuracion/Seguridad/Usuarios/Agregar Usuarios/1Informacion Principal/input_Nombre a mostrar'

2021-05-26 14:59:04 - [TEST_STEP][PASSED] - setText(findTestObject("Configuracion/Seguridad/Usuarios/Agregar Usuarios/1Informacion Principal/input_Correo"), "juan@gmail.com"): Text 'juan@gmail.com' is set on object 'Object Repository/Configuracion/Seguridad/Usuarios/Agregar Usuarios/1Informacion Principal/input_Correo'

2021-05-26 14:59:05 - [MESSAGE][PASSED] - Text 'juan@gmail.com' is set on object 'Object Repository/Configuracion/Seguridad/Usuarios/Agregar Usuarios/1Informacion Principal/input_Correo'

2021-05-26 14:59:05 - [TEST_STEP][PASSED] - setText(findTestObject("Configuracion/Seguridad/Usuarios/Agregar Usuarios/1Informacion Principal/input_Celular"), "3197654321"): Text '3197654321' is set on object 'Object Repository/Configuracion/Seguridad/Usuarios/Agregar Usuarios/1Informacion Principal/input_Celular'

2021-05-26 14:59:06 - [MESSAGE][PASSED] - Text '3197654321' is set on object 'Object Repository/Configuracion/Seguridad/Usuarios/Agregar Usuarios/1Informacion Principal/input_Celular'

2021-05-26 14:59:06 - [TEST_STEP][PASSED] - selectOptionByIndex(findTestObject("Configuracion/Seguridad/Usuarios/Agregar Usuarios/Agregar Usuario1/select_Colombia"), 1): All options with index in [1] are selected on object 'Object Repository/Configuracion/Seguridad/Usuarios/Agregar Usuarios/Agregar Usuario1/select_Colombia'

2021-05-26 14:59:07 - [MESSAGE][PASSED] - All options with index in [1] are selected on object 'Object Repository/Configuracion/Seguridad/Usuarios/Agregar Usuarios/Agregar Usuario1/select_Colombia'

2021-05-26 14:59:07 - [TEST_STEP][PASSED] - delay(3): Delayed 3 second(s)

2021-05-26 14:59:10 - [MESSAGE][PASSED] - Delayed 3 second(s)

2021-05-26 14:59:10 - [TEST_STEP][PASSED] - selectOptionByIndex(findTestObject("Configuracion/Seguridad/Usuarios/Agregar Usuarios/Agregar Usuario1/select_Departamentos"), 1): All options with index in [1] are selected on object 'Object Repository/Configuracion/Seguridad/Usuarios/Agregar Usuarios/Agregar Usuario1/select_Departamentos'

2021-05-26 14:59:11 - [MESSAGE][PASSED] - All options with index in [1] are selected on object 'Object Repository/Configuracion/Seguridad/Usuarios/Agregar Usuarios/Agregar Usuario1/select_Departamentos'

2021-05-26 14:59:11 - [TEST_STEP][PASSED] - delay(3): Delayed 3 second(s)

2021-05-26 14:59:14 - [MESSAGE][PASSED] - Delayed 3 second(s)

2021-05-26 14:59:14 - [TEST_STEP][PASSED] - selectOptionByIndex(findTestObject("Configuracion/Seguridad/Usuarios/Agregar Usuarios/Agregar Usuario1/select_Ciudades"), 1): All options with index in [1] are selected on object 'Object Repository/Configuracion/Seguridad/Usuarios/Agregar Usuarios/Agregar Usuario1/select_Ciudades'

2021-05-26 14:59:15 - [MESSAGE][PASSED] - All options with index in [1] are selected on object 'Object Repository/Configuracion/Seguridad/Usuarios/Agregar Usuarios/Agregar Usuario1/select_Ciudades'

2021-05-26 14:59:15 - [TEST_STEP][PASSED] - delay(3): Delayed 3 second(s)

2021-05-26 14:59:18 - [MESSAGE][PASSED] - Delayed 3 second(s)

2021-05-26 14:59:18 - [TEST_STEP][PASSED] - selectOptionByIndex(findTestObject("Configuracion/Seguridad/Usuarios/Agregar Usuarios/Agregar Usuario1/select_Oficinas"), 1): All options with index in [1] are selected on object 'Object Repository/Configuracion/Seguridad/Usuarios/Agregar Usuarios/Agregar Usuario1/select_Oficinas'

2021-05-26 14:59:19 - [MESSAGE][PASSED] - All options with index in [1] are selected on object 'Object Repository/Configuracion/Seguridad/Usuarios/Agregar Usuarios/Agregar Usuario1/select_Oficinas'

2021-05-26 14:59:19 - [TEST_STEP][PASSED] - delay(3): Delayed 3 second(s)

2021-05-26 14:59:22 - [MESSAGE][PASSED] - Delayed 3 second(s)

2021-05-26 14:59:22 - [TEST_STEP][PASSED] - selectOptionByIndex(findTestObject("Configuracion/Seguridad/Usuarios/Agregar Usuarios/Agregar Usuario1/select_Colombia"), 1): All options with index in [1] are selected on object 'Object Repository/Configuracion/Seguridad/Usuarios/Agregar Usuarios/Agregar Usuario1/select_Colombia'

2021-05-26 14:59:23 - [MESSAGE][PASSED] - All options with index in [1] are selected on object 'Object Repository/Configuracion/Seguridad/Usuarios/Agregar Usuarios/Agregar Usuario1/select_Colombia'

2021-05-26 14:59:23 - [TEST_STEP][PASSED] - delay(3): Delayed 3 second(s)

2021-05-26 14:59:26 - [MESSAGE][PASSED] - Delayed 3 second(s)

2021-05-26 14:59:26 - [TEST_STEP][PASSED] - check(findTestObject("Configuracion/Seguridad/Usuarios/Agregar Usuarios/Agregar Usuario1/chk_Bogota"), STOP_ON_FAILURE): Object 'Object Repository/Configuracion/Seguridad/Usuarios/Agregar Usuarios/Agregar Usuario1/chk_Bogota' is checked

2021-05-26 14:59:27 - [MESSAGE][PASSED] - Object 'Object Repository/Configuracion/Seguridad/Usuarios/Agregar Usuarios/Agregar Usuario1/chk_Bogota' is checked

2021-05-26 14:59:27 - [TEST_STEP][PASSED] - delay(3): Delayed 3 second(s)

2021-05-26 14:59:30 - [MESSAGE][PASSED] - Delayed 3 second(s)

2021-05-26 14:59:30 - [TEST_STEP][PASSED] - click(findTestObject("Configuracion/Seguridad/Usuarios/Agregar Usuarios/Agregar Usuario1/btn_FiltrarOficinas"), STOP_ON_FAILURE): Object: 'Object Repository/Configuracion/Seguridad/Usuarios/Agregar Usuarios/Agregar Usuario1/btn_FiltrarOficinas' is clicked on

2021-05-26 14:59:30 - [MESSAGE][PASSED] - Object: 'Object Repository/Configuracion/Seguridad/Usuarios/Agregar Usuarios/Agregar Usuario1/btn_FiltrarOficinas' is clicked on

2021-05-26 14:59:30 - [TEST_STEP][PASSED] - delay(3): Delayed 3 second(s)

2021-05-26 14:59:33 - [MESSAGE][PASSED] - Delayed 3 second(s)

2021-05-26 14:59:33 - [TEST_STEP][PASSED] - check(findTestObject("Configuracion/Seguridad/Usuarios/Agregar Usuarios/Agregar Usuario1/chk_Bogota-Ciel"), STOP_ON_FAILURE): Object 'Object Repository/Configuracion/Seguridad/Usuarios/Agregar Usuarios/Agregar Usuario1/chk_Bogota-Ciel' is checked

2021-05-26 14:59:33 - [MESSAGE][PASSED] - Object 'Object Repository/Configuracion/Seguridad/Usuarios/Agregar Usuarios/Agregar Usuario1/chk_Bogota-Ciel' is checked

2021-05-26 14:59:33 - [TEST_STEP][PASSED] - delay(3): Delayed 3 second(s)

2021-05-26 14:59:36 - [MESSAGE][PASSED] - Delayed 3 second(s)

2021-05-26 14:59:36 - [TEST_STEP][PASSED] - click(findTestObject("Configuracion/Seguridad/Usuarios/Agregar Usuarios/Agregar Usuario1/img_Nuevo"), STOP_ON_FAILURE): Object: 'Object Repository/Configuracion/Seguridad/Usuarios/Agregar Usuarios/Agregar Usuario1/img_Nuevo' is clicked on

2021-05-26 14:59:37 - [MESSAGE][PASSED] - Object: 'Object Repository/Configuracion/Seguridad/Usuarios/Agregar Usuarios/Agregar Usuario1/img_Nuevo' is clicked on

2021-05-26 14:59:37 - [TEST_STEP][PASSED] - delay(3): Delayed 3 second(s)

2021-05-26 14:59:40 - [MESSAGE][PASSED] - Delayed 3 second(s)

2021-05-26 14:59:40 - [TEST_STEP][PASSED] - back(): Navigate back successfully

2021-05-26 14:59:41 - [MESSAGE][PASSED] - Navigate back successfully

2021-05-26 14:59:41 - [TEST_STEP][PASSED] - click(findTestObject("Configuracion/Seguridad/Usuarios/1Principal/img_Usuarios por Terminales")): Object: 'Object Repository/Configuracion/Seguridad/Usuarios/1Principal/img_Usuarios por Terminales' is clicked on

2021-05-26 14:59:41 - [MESSAGE][PASSED] - Object: 'Object Repository/Configuracion/Seguridad/Usuarios/1Principal/img_Usuarios por Terminales' is clicked on

2021-05-26 14:59:41 - [TEST_STEP][PASSED] - delay(3): Delayed 3 second(s)

2021-05-26 14:59:44 - [MESSAGE][PASSED] - Delayed 3 second(s)

2021-05-26 14:59:44 - [TEST_STEP][PASSED] - check(findTestObject("Configuracion/Seguridad/Usuarios/Usuarios por Terminales/1Oficinas/chk_Seleccionar")): Object 'Object Repository/Configuracion/Seguridad/Usuarios/Usuarios por Terminales/1Oficinas/chk_Seleccionar' is checked

2021-05-26 14:59:45 - [MESSAGE][PASSED] - Object 'Object Repository/Configuracion/Seguridad/Usuarios/Usuarios por Terminales/1Oficinas/chk_Seleccionar' is checked

2021-05-26 14:59:45 - [TEST_STEP][PASSED] - delay(3): Delayed 3 second(s)

2021-05-26 14:59:48 - [MESSAGE][PASSED] - Delayed 3 second(s)

2021-05-26 14:59:48 - [TEST_STEP][PASSED] - setText(findTestObject("Configuracion/Seguridad/Usuarios/Usuarios por Terminales/2Usuarios/input__TextoABuscar"), "juan"): Text 'juan' is set on object 'Object Repository/Configuracion/Seguridad/Usuarios/Usuarios por Terminales/2Usuarios/input__TextoABuscar'

2021-05-26 14:59:49 - [MESSAGE][PASSED] - Text 'juan' is set on object 'Object Repository/Configuracion/Seguridad/Usuarios/Usuarios por Terminales/2Usuarios/input__TextoABuscar'

2021-05-26 14:59:49 - [TEST_STEP][PASSED] - click(findTestObject("Configuracion/Seguridad/Usuarios/Usuarios por Terminales/2Usuarios/img_Filtrar")): Object: 'Object Repository/Configuracion/Seguridad/Usuarios/Usuarios por Terminales/2Usuarios/img_Filtrar' is clicked on

2021-05-26 14:59:49 - [MESSAGE][PASSED] - Object: 'Object Repository/Configuracion/Seguridad/Usuarios/Usuarios por Terminales/2Usuarios/img_Filtrar' is clicked on

2021-05-26 14:59:49 - [TEST_STEP][PASSED] - delay(3): Delayed 3 second(s)

2021-05-26 14:59:52 - [MESSAGE][PASSED] - Delayed 3 second(s)

2021-05-26 14:59:52 - [TEST_STEP][PASSED] - click(findTestObject("Configuracion/Seguridad/Usuarios/Usuarios por Terminales/2Usuarios/a_Seleccionar")): Object: 'Object Repository/Configuracion/Seguridad/Usuarios/Usuarios por Terminales/2Usuarios/a_Seleccionar' is clicked on

2021-05-26 14:59:53 - [MESSAGE][PASSED] - Object: 'Object Repository/Configuracion/Seguridad/Usuarios/Usuarios por Terminales/2Usuarios/a_Seleccionar' is clicked on

2021-05-26 14:59:53 - [TEST_STEP][PASSED] - delay(3): Delayed 3 second(s)

2021-05-26 14:59:56 - [MESSAGE][PASSED] - Delayed 3 second(s)

2021-05-26 14:59:56 - [TEST_STEP][PASSED] - takeFullPageScreenshot(): Taking screenshot successfully

2021-05-26 14:59:57 - [MESSAGE][INFO] - 0 hidden object(s)

2021-05-26 14:59:58 - [MESSAGE][PASSED] - Taking screenshot successfully
[[ATTACHMENT|E:\\CIEL INGENIERIA\\KATALON\\Validaciones\\Reports\\20210526_145734\\44.CrearUsuario.CrearSelectores\\20210526_145734\\1622059196414.png]]

2021-05-26 14:59:58 - [TEST_STEP][PASSED] - delay(3): Delayed 3 second(s)

2021-05-26 15:00:01 - [MESSAGE][PASSED] - Delayed 3 second(s)]]></system-out>
         <system-err><![CDATA[]]></system-err>
      </testcase>
      <testcase name="Test Cases/44.CrearUsuario.CrearSelectores Si" time="123.725" classname="Test Cases/44.CrearUsuario.CrearSelectores Si" status="PASSED">
         <system-out><![CDATA[2021-05-26 15:00:01 - [TEST_CASE][PASSED] - Test Cases/44.CrearUsuario.CrearSelectores Si: Test Cases/44.CrearUsuario.CrearSelectores Si

2021-05-26 15:00:02 - [TEST_STEP][PASSED] - callTestCase(findTestCase("Inicio Sesion sin variables"), [:], STOP_ON_FAILURE): Call Test Case 'Test Cases/Inicio Sesion sin variables' successfully

2021-05-26 15:00:02 - [TEST_CASE][PASSED] - Test Cases/Inicio Sesion sin variables: Test Cases/Inicio Sesion sin variables

2021-05-26 15:00:02 - [TEST_STEP][PASSED] - openBrowser("http://Localhost:8810"): Browser is opened with url: 'http://Localhost:8810'

2021-05-26 15:00:02 - [MESSAGE][WARNING] - A browser is already opened. Closing browser and opening a new one

2021-05-26 15:00:04 - [MESSAGE][INFO] - Starting 'Edge' driver

2021-05-26 15:00:05 - [MESSAGE][INFO] - Action delay is set to 0 milliseconds

2021-05-26 15:00:09 - [MESSAGE][PASSED] - Browser is opened with url: 'http://Localhost:8810'

2021-05-26 15:00:09 - [TEST_STEP][PASSED] - maximizeWindow(): Current window maximized

2021-05-26 15:00:10 - [MESSAGE][PASSED] - Current window maximized

2021-05-26 15:00:10 - [TEST_STEP][PASSED] - setText(findTestObject("0Inicio Sesion/input__Usuario"), "ciel"): Text 'ciel' is set on object 'Object Repository/0Inicio Sesion/input__Usuario'

2021-05-26 15:00:11 - [MESSAGE][PASSED] - Text 'ciel' is set on object 'Object Repository/0Inicio Sesion/input__Usuario'

2021-05-26 15:00:11 - [TEST_STEP][PASSED] - setText(findTestObject("0Inicio Sesion/input__Clave"), "digiturno"): Text 'digiturno' is set on object 'Object Repository/0Inicio Sesion/input__Clave'

2021-05-26 15:00:12 - [MESSAGE][PASSED] - Text 'digiturno' is set on object 'Object Repository/0Inicio Sesion/input__Clave'

2021-05-26 15:00:12 - [TEST_STEP][PASSED] - click(findTestObject("0Inicio Sesion/btn_IniciarSesion")): Object: 'Object Repository/0Inicio Sesion/btn_IniciarSesion' is clicked on

2021-05-26 15:00:13 - [MESSAGE][PASSED] - Object: 'Object Repository/0Inicio Sesion/btn_IniciarSesion' is clicked on

2021-05-26 15:00:13 - [TEST_STEP][PASSED] - delay(3): Delayed 3 second(s)

2021-05-26 15:00:16 - [MESSAGE][PASSED] - Delayed 3 second(s)

2021-05-26 15:00:16 - [MESSAGE][PASSED] - Call Test Case 'Test Cases/Inicio Sesion sin variables' successfully

2021-05-26 15:00:16 - [TEST_STEP][PASSED] - click(findTestObject("1Inicio/img_Configuracion")): Object: 'Object Repository/1Inicio/img_Configuracion' is clicked on

2021-05-26 15:00:17 - [MESSAGE][PASSED] - Object: 'Object Repository/1Inicio/img_Configuracion' is clicked on

2021-05-26 15:00:17 - [TEST_STEP][PASSED] - delay(3): Delayed 3 second(s)

2021-05-26 15:00:20 - [MESSAGE][PASSED] - Delayed 3 second(s)

2021-05-26 15:00:20 - [TEST_STEP][PASSED] - click(findTestObject("Configuracion/1Principal/img_Sistema")): Object: 'Object Repository/Configuracion/1Principal/img_Sistema' is clicked on

2021-05-26 15:00:20 - [MESSAGE][PASSED] - Object: 'Object Repository/Configuracion/1Principal/img_Sistema' is clicked on

2021-05-26 15:00:20 - [TEST_STEP][PASSED] - delay(3): Delayed 3 second(s)

2021-05-26 15:00:23 - [MESSAGE][PASSED] - Delayed 3 second(s)

2021-05-26 15:00:23 - [TEST_STEP][PASSED] - click(findTestObject("Configuracion/Sistema/1Principal/img_Parametros Generales")): Object: 'Object Repository/Configuracion/Sistema/1Principal/img_Parametros Generales' is clicked on

2021-05-26 15:00:24 - [MESSAGE][PASSED] - Object: 'Object Repository/Configuracion/Sistema/1Principal/img_Parametros Generales' is clicked on

2021-05-26 15:00:24 - [TEST_STEP][PASSED] - delay(3): Delayed 3 second(s)

2021-05-26 15:00:27 - [MESSAGE][PASSED] - Delayed 3 second(s)

2021-05-26 15:00:27 - [TEST_STEP][PASSED] - click(findTestObject("Configuracion/Sistema/Parametros Generales/Pestanas/a_Usuarios")): Object: 'Object Repository/Configuracion/Sistema/Parametros Generales/Pestanas/a_Usuarios' is clicked on

2021-05-26 15:00:28 - [MESSAGE][PASSED] - Object: 'Object Repository/Configuracion/Sistema/Parametros Generales/Pestanas/a_Usuarios' is clicked on

2021-05-26 15:00:28 - [TEST_STEP][PASSED] - delay(3): Delayed 3 second(s)

2021-05-26 15:00:31 - [MESSAGE][PASSED] - Delayed 3 second(s)

2021-05-26 15:00:31 - [TEST_STEP][PASSED] - click(findTestObject("Configuracion/Sistema/Parametros Generales/Filtros LLave/span_0filtro llave")): Object: 'Object Repository/Configuracion/Sistema/Parametros Generales/Filtros LLave/span_0filtro llave' is clicked on

2021-05-26 15:00:31 - [MESSAGE][PASSED] - Object: 'Object Repository/Configuracion/Sistema/Parametros Generales/Filtros LLave/span_0filtro llave' is clicked on

2021-05-26 15:00:31 - [TEST_STEP][PASSED] - mouseOver(findTestObject("Configuracion/Sistema/Parametros Generales/Filtros LLave/span_1Filtro")): Object: 'Object Repository/Configuracion/Sistema/Parametros Generales/Filtros LLave/span_1Filtro' is hovered

2021-05-26 15:00:32 - [MESSAGE][PASSED] - Object: 'Object Repository/Configuracion/Sistema/Parametros Generales/Filtros LLave/span_1Filtro' is hovered

2021-05-26 15:00:32 - [TEST_STEP][PASSED] - click(findTestObject("Configuracion/Sistema/Parametros Generales/Filtro 1er valor/span_select")): Object: 'Object Repository/Configuracion/Sistema/Parametros Generales/Filtro 1er valor/span_select' is clicked on

2021-05-26 15:00:33 - [MESSAGE][PASSED] - Object: 'Object Repository/Configuracion/Sistema/Parametros Generales/Filtro 1er valor/span_select' is clicked on

2021-05-26 15:00:33 - [TEST_STEP][PASSED] - click(findTestObject("Configuracion/Sistema/Parametros Generales/Filtro 1er valor/li_Contiene")): Object: 'Object Repository/Configuracion/Sistema/Parametros Generales/Filtro 1er valor/li_Contiene' is clicked on

2021-05-26 15:00:34 - [MESSAGE][PASSED] - Object: 'Object Repository/Configuracion/Sistema/Parametros Generales/Filtro 1er valor/li_Contiene' is clicked on

2021-05-26 15:00:34 - [TEST_STEP][PASSED] - setText(findTestObject("Configuracion/Sistema/Parametros Generales/Filtro 1er valor/input_Texto a buscar1"), "CrearUsuario.CrearSelectores"): Text 'CrearUsuario.CrearSelectores' is set on object 'Object Repository/Configuracion/Sistema/Parametros Generales/Filtro 1er valor/input_Texto a buscar1'

2021-05-26 15:00:35 - [MESSAGE][PASSED] - Text 'CrearUsuario.CrearSelectores' is set on object 'Object Repository/Configuracion/Sistema/Parametros Generales/Filtro 1er valor/input_Texto a buscar1'

2021-05-26 15:00:35 - [TEST_STEP][PASSED] - click(findTestObject("Configuracion/Sistema/Parametros Generales/botones filtro/btn_Filtrar")): Object: 'Object Repository/Configuracion/Sistema/Parametros Generales/botones filtro/btn_Filtrar' is clicked on

2021-05-26 15:00:36 - [MESSAGE][PASSED] - Object: 'Object Repository/Configuracion/Sistema/Parametros Generales/botones filtro/btn_Filtrar' is clicked on

2021-05-26 15:00:36 - [TEST_STEP][PASSED] - delay(2): Delayed 2 second(s)

2021-05-26 15:00:38 - [MESSAGE][PASSED] - Delayed 2 second(s)

2021-05-26 15:00:38 - [TEST_STEP][PASSED] - click(findTestObject("Configuracion/Sistema/Parametros Generales/Cambiar Parametro Valor/a_Editar")): Object: 'Object Repository/Configuracion/Sistema/Parametros Generales/Cambiar Parametro Valor/a_Editar' is clicked on

2021-05-26 15:00:38 - [MESSAGE][PASSED] - Object: 'Object Repository/Configuracion/Sistema/Parametros Generales/Cambiar Parametro Valor/a_Editar' is clicked on

2021-05-26 15:00:38 - [TEST_STEP][PASSED] - delay(2): Delayed 2 second(s)

2021-05-26 15:00:40 - [MESSAGE][PASSED] - Delayed 2 second(s)

2021-05-26 15:00:40 - [TEST_STEP][PASSED] - click(findTestObject("Configuracion/Sistema/Parametros Generales/Cambiar Parametro Valor/input_Valor"), STOP_ON_FAILURE): Object: 'Object Repository/Configuracion/Sistema/Parametros Generales/Cambiar Parametro Valor/input_Valor' is clicked on

2021-05-26 15:00:41 - [MESSAGE][PASSED] - Object: 'Object Repository/Configuracion/Sistema/Parametros Generales/Cambiar Parametro Valor/input_Valor' is clicked on

2021-05-26 15:00:41 - [TEST_STEP][PASSED] - sendKeys(findTestObject(null), "Si"): Keys 'Si' sent to object: 'tempBody'

2021-05-26 15:00:41 - [MESSAGE][WARNING] - Test object id is null

2021-05-26 15:00:41 - [MESSAGE][WARNING] - Test object with id 'Object Repository/' does not exist

2021-05-26 15:00:42 - [MESSAGE][PASSED] - Keys 'Si' sent to object: 'tempBody'

2021-05-26 15:00:42 - [TEST_STEP][PASSED] - delay(2): Delayed 2 second(s)

2021-05-26 15:00:44 - [MESSAGE][PASSED] - Delayed 2 second(s)

2021-05-26 15:00:44 - [TEST_STEP][PASSED] - click(findTestObject("Configuracion/Sistema/Parametros Generales/Cambiar Parametro Valor/a_Guardar")): Object: 'Object Repository/Configuracion/Sistema/Parametros Generales/Cambiar Parametro Valor/a_Guardar' is clicked on

2021-05-26 15:00:44 - [MESSAGE][PASSED] - Object: 'Object Repository/Configuracion/Sistema/Parametros Generales/Cambiar Parametro Valor/a_Guardar' is clicked on

2021-05-26 15:00:44 - [TEST_STEP][PASSED] - delay(3): Delayed 3 second(s)

2021-05-26 15:00:47 - [MESSAGE][PASSED] - Delayed 3 second(s)

2021-05-26 15:00:47 - [TEST_STEP][PASSED] - click(findTestObject("1Inicio/a_Inicio")): Object: 'Object Repository/1Inicio/a_Inicio' is clicked on

2021-05-26 15:00:48 - [MESSAGE][PASSED] - Object: 'Object Repository/1Inicio/a_Inicio' is clicked on

2021-05-26 15:00:48 - [TEST_STEP][PASSED] - delay(3): Delayed 3 second(s)

2021-05-26 15:00:51 - [MESSAGE][PASSED] - Delayed 3 second(s)

2021-05-26 15:00:51 - [TEST_STEP][PASSED] - click(findTestObject("1Inicio/img_Configuracion")): Object: 'Object Repository/1Inicio/img_Configuracion' is clicked on

2021-05-26 15:00:51 - [MESSAGE][PASSED] - Object: 'Object Repository/1Inicio/img_Configuracion' is clicked on

2021-05-26 15:00:51 - [TEST_STEP][PASSED] - delay(3): Delayed 3 second(s)

2021-05-26 15:00:54 - [MESSAGE][PASSED] - Delayed 3 second(s)

2021-05-26 15:00:54 - [TEST_STEP][PASSED] - click(findTestObject("Configuracion/1Principal/img_Seguridad")): Object: 'Object Repository/Configuracion/1Principal/img_Seguridad' is clicked on

2021-05-26 15:00:55 - [MESSAGE][PASSED] - Object: 'Object Repository/Configuracion/1Principal/img_Seguridad' is clicked on

2021-05-26 15:00:55 - [TEST_STEP][PASSED] - delay(3): Delayed 3 second(s)

2021-05-26 15:00:58 - [MESSAGE][PASSED] - Delayed 3 second(s)

2021-05-26 15:00:58 - [TEST_STEP][PASSED] - click(findTestObject("Configuracion/Seguridad/img_Usuarios")): Object: 'Object Repository/Configuracion/Seguridad/img_Usuarios' is clicked on

2021-05-26 15:00:58 - [MESSAGE][PASSED] - Object: 'Object Repository/Configuracion/Seguridad/img_Usuarios' is clicked on

2021-05-26 15:00:58 - [TEST_STEP][PASSED] - delay(3): Delayed 3 second(s)

2021-05-26 15:01:01 - [MESSAGE][PASSED] - Delayed 3 second(s)

2021-05-26 15:01:01 - [TEST_STEP][PASSED] - click(findTestObject("Configuracion/Seguridad/Usuarios/1Principal/img_Agregar Usuarios")): Object: 'Object Repository/Configuracion/Seguridad/Usuarios/1Principal/img_Agregar Usuarios' is clicked on

2021-05-26 15:01:01 - [MESSAGE][PASSED] - Object: 'Object Repository/Configuracion/Seguridad/Usuarios/1Principal/img_Agregar Usuarios' is clicked on

2021-05-26 15:01:01 - [TEST_STEP][PASSED] - delay(3): Delayed 3 second(s)

2021-05-26 15:01:04 - [MESSAGE][PASSED] - Delayed 3 second(s)

2021-05-26 15:01:04 - [TEST_STEP][PASSED] - setText(findTestObject("Configuracion/Seguridad/Usuarios/Agregar Usuarios/1Informacion Principal/input_Usuario"), "juan2"): Text 'juan2' is set on object 'Object Repository/Configuracion/Seguridad/Usuarios/Agregar Usuarios/1Informacion Principal/input_Usuario'

2021-05-26 15:01:06 - [MESSAGE][PASSED] - Text 'juan2' is set on object 'Object Repository/Configuracion/Seguridad/Usuarios/Agregar Usuarios/1Informacion Principal/input_Usuario'

2021-05-26 15:01:06 - [TEST_STEP][PASSED] - setText(findTestObject("Configuracion/Seguridad/Usuarios/Agregar Usuarios/1Informacion Principal/input_Nombre a mostrar"), "Juan2"): Text 'Juan2' is set on object 'Object Repository/Configuracion/Seguridad/Usuarios/Agregar Usuarios/1Informacion Principal/input_Nombre a mostrar'

2021-05-26 15:01:07 - [MESSAGE][PASSED] - Text 'Juan2' is set on object 'Object Repository/Configuracion/Seguridad/Usuarios/Agregar Usuarios/1Informacion Principal/input_Nombre a mostrar'

2021-05-26 15:01:07 - [TEST_STEP][PASSED] - setText(findTestObject("Configuracion/Seguridad/Usuarios/Agregar Usuarios/1Informacion Principal/input_Correo"), "juan2@gmail.com"): Text 'juan2@gmail.com' is set on object 'Object Repository/Configuracion/Seguridad/Usuarios/Agregar Usuarios/1Informacion Principal/input_Correo'

2021-05-26 15:01:08 - [MESSAGE][PASSED] - Text 'juan2@gmail.com' is set on object 'Object Repository/Configuracion/Seguridad/Usuarios/Agregar Usuarios/1Informacion Principal/input_Correo'

2021-05-26 15:01:08 - [TEST_STEP][PASSED] - setText(findTestObject("Configuracion/Seguridad/Usuarios/Agregar Usuarios/1Informacion Principal/input_Celular"), "3192222222"): Text '3192222222' is set on object 'Object Repository/Configuracion/Seguridad/Usuarios/Agregar Usuarios/1Informacion Principal/input_Celular'

2021-05-26 15:01:09 - [MESSAGE][PASSED] - Text '3192222222' is set on object 'Object Repository/Configuracion/Seguridad/Usuarios/Agregar Usuarios/1Informacion Principal/input_Celular'

2021-05-26 15:01:09 - [TEST_STEP][PASSED] - selectOptionByIndex(findTestObject("Configuracion/Seguridad/Usuarios/Agregar Usuarios/Agregar Usuario1/select_Colombia"), 1): All options with index in [1] are selected on object 'Object Repository/Configuracion/Seguridad/Usuarios/Agregar Usuarios/Agregar Usuario1/select_Colombia'

2021-05-26 15:01:10 - [MESSAGE][PASSED] - All options with index in [1] are selected on object 'Object Repository/Configuracion/Seguridad/Usuarios/Agregar Usuarios/Agregar Usuario1/select_Colombia'

2021-05-26 15:01:10 - [TEST_STEP][PASSED] - delay(3): Delayed 3 second(s)

2021-05-26 15:01:13 - [MESSAGE][PASSED] - Delayed 3 second(s)

2021-05-26 15:01:13 - [TEST_STEP][PASSED] - selectOptionByIndex(findTestObject("Configuracion/Seguridad/Usuarios/Agregar Usuarios/Agregar Usuario1/select_Departamentos"), 1): All options with index in [1] are selected on object 'Object Repository/Configuracion/Seguridad/Usuarios/Agregar Usuarios/Agregar Usuario1/select_Departamentos'

2021-05-26 15:01:14 - [MESSAGE][PASSED] - All options with index in [1] are selected on object 'Object Repository/Configuracion/Seguridad/Usuarios/Agregar Usuarios/Agregar Usuario1/select_Departamentos'

2021-05-26 15:01:14 - [TEST_STEP][PASSED] - delay(3): Delayed 3 second(s)

2021-05-26 15:01:17 - [MESSAGE][PASSED] - Delayed 3 second(s)

2021-05-26 15:01:17 - [TEST_STEP][PASSED] - selectOptionByIndex(findTestObject("Configuracion/Seguridad/Usuarios/Agregar Usuarios/Agregar Usuario1/select_Ciudades"), 1): All options with index in [1] are selected on object 'Object Repository/Configuracion/Seguridad/Usuarios/Agregar Usuarios/Agregar Usuario1/select_Ciudades'

2021-05-26 15:01:18 - [MESSAGE][PASSED] - All options with index in [1] are selected on object 'Object Repository/Configuracion/Seguridad/Usuarios/Agregar Usuarios/Agregar Usuario1/select_Ciudades'

2021-05-26 15:01:18 - [TEST_STEP][PASSED] - delay(3): Delayed 3 second(s)

2021-05-26 15:01:21 - [MESSAGE][PASSED] - Delayed 3 second(s)

2021-05-26 15:01:21 - [TEST_STEP][PASSED] - selectOptionByIndex(findTestObject("Configuracion/Seguridad/Usuarios/Agregar Usuarios/Agregar Usuario1/select_Oficinas"), 1): All options with index in [1] are selected on object 'Object Repository/Configuracion/Seguridad/Usuarios/Agregar Usuarios/Agregar Usuario1/select_Oficinas'

2021-05-26 15:01:22 - [MESSAGE][PASSED] - All options with index in [1] are selected on object 'Object Repository/Configuracion/Seguridad/Usuarios/Agregar Usuarios/Agregar Usuario1/select_Oficinas'

2021-05-26 15:01:22 - [TEST_STEP][PASSED] - delay(3): Delayed 3 second(s)

2021-05-26 15:01:25 - [MESSAGE][PASSED] - Delayed 3 second(s)

2021-05-26 15:01:25 - [TEST_STEP][PASSED] - selectOptionByIndex(findTestObject("Configuracion/Seguridad/Usuarios/Agregar Usuarios/Agregar Usuario1/select_Colombia"), 1): All options with index in [1] are selected on object 'Object Repository/Configuracion/Seguridad/Usuarios/Agregar Usuarios/Agregar Usuario1/select_Colombia'

2021-05-26 15:01:26 - [MESSAGE][PASSED] - All options with index in [1] are selected on object 'Object Repository/Configuracion/Seguridad/Usuarios/Agregar Usuarios/Agregar Usuario1/select_Colombia'

2021-05-26 15:01:26 - [TEST_STEP][PASSED] - delay(3): Delayed 3 second(s)

2021-05-26 15:01:29 - [MESSAGE][PASSED] - Delayed 3 second(s)

2021-05-26 15:01:29 - [TEST_STEP][PASSED] - check(findTestObject("Configuracion/Seguridad/Usuarios/Agregar Usuarios/Agregar Usuario1/chk_Bogota"), STOP_ON_FAILURE): Object 'Object Repository/Configuracion/Seguridad/Usuarios/Agregar Usuarios/Agregar Usuario1/chk_Bogota' is checked

2021-05-26 15:01:30 - [MESSAGE][PASSED] - Object 'Object Repository/Configuracion/Seguridad/Usuarios/Agregar Usuarios/Agregar Usuario1/chk_Bogota' is checked

2021-05-26 15:01:30 - [TEST_STEP][PASSED] - delay(3): Delayed 3 second(s)

2021-05-26 15:01:33 - [MESSAGE][PASSED] - Delayed 3 second(s)

2021-05-26 15:01:33 - [TEST_STEP][PASSED] - click(findTestObject("Configuracion/Seguridad/Usuarios/Agregar Usuarios/Agregar Usuario1/btn_FiltrarOficinas"), STOP_ON_FAILURE): Object: 'Object Repository/Configuracion/Seguridad/Usuarios/Agregar Usuarios/Agregar Usuario1/btn_FiltrarOficinas' is clicked on

2021-05-26 15:01:33 - [MESSAGE][PASSED] - Object: 'Object Repository/Configuracion/Seguridad/Usuarios/Agregar Usuarios/Agregar Usuario1/btn_FiltrarOficinas' is clicked on

2021-05-26 15:01:33 - [TEST_STEP][PASSED] - delay(3): Delayed 3 second(s)

2021-05-26 15:01:36 - [MESSAGE][PASSED] - Delayed 3 second(s)

2021-05-26 15:01:36 - [TEST_STEP][PASSED] - check(findTestObject("Configuracion/Seguridad/Usuarios/Agregar Usuarios/Agregar Usuario1/chk_Bogota-Ciel"), STOP_ON_FAILURE): Object 'Object Repository/Configuracion/Seguridad/Usuarios/Agregar Usuarios/Agregar Usuario1/chk_Bogota-Ciel' is checked

2021-05-26 15:01:37 - [MESSAGE][PASSED] - Object 'Object Repository/Configuracion/Seguridad/Usuarios/Agregar Usuarios/Agregar Usuario1/chk_Bogota-Ciel' is checked

2021-05-26 15:01:37 - [TEST_STEP][PASSED] - delay(3): Delayed 3 second(s)

2021-05-26 15:01:40 - [MESSAGE][PASSED] - Delayed 3 second(s)

2021-05-26 15:01:40 - [TEST_STEP][PASSED] - click(findTestObject("Configuracion/Seguridad/Usuarios/Agregar Usuarios/Agregar Usuario1/img_Nuevo"), STOP_ON_FAILURE): Object: 'Object Repository/Configuracion/Seguridad/Usuarios/Agregar Usuarios/Agregar Usuario1/img_Nuevo' is clicked on

2021-05-26 15:01:40 - [MESSAGE][PASSED] - Object: 'Object Repository/Configuracion/Seguridad/Usuarios/Agregar Usuarios/Agregar Usuario1/img_Nuevo' is clicked on

2021-05-26 15:01:40 - [TEST_STEP][PASSED] - delay(3): Delayed 3 second(s)

2021-05-26 15:01:43 - [MESSAGE][PASSED] - Delayed 3 second(s)

2021-05-26 15:01:43 - [TEST_STEP][PASSED] - back(): Navigate back successfully

2021-05-26 15:01:44 - [MESSAGE][PASSED] - Navigate back successfully

2021-05-26 15:01:44 - [TEST_STEP][PASSED] - click(findTestObject("Configuracion/Seguridad/Usuarios/1Principal/img_Usuarios por Terminales")): Object: 'Object Repository/Configuracion/Seguridad/Usuarios/1Principal/img_Usuarios por Terminales' is clicked on

2021-05-26 15:01:45 - [MESSAGE][PASSED] - Object: 'Object Repository/Configuracion/Seguridad/Usuarios/1Principal/img_Usuarios por Terminales' is clicked on

2021-05-26 15:01:45 - [TEST_STEP][PASSED] - delay(3): Delayed 3 second(s)

2021-05-26 15:01:48 - [MESSAGE][PASSED] - Delayed 3 second(s)

2021-05-26 15:01:48 - [TEST_STEP][PASSED] - check(findTestObject("Configuracion/Seguridad/Usuarios/Usuarios por Terminales/1Oficinas/chk_Seleccionar")): Object 'Object Repository/Configuracion/Seguridad/Usuarios/Usuarios por Terminales/1Oficinas/chk_Seleccionar' is checked

2021-05-26 15:01:48 - [MESSAGE][PASSED] - Object 'Object Repository/Configuracion/Seguridad/Usuarios/Usuarios por Terminales/1Oficinas/chk_Seleccionar' is checked

2021-05-26 15:01:48 - [TEST_STEP][PASSED] - delay(3): Delayed 3 second(s)

2021-05-26 15:01:51 - [MESSAGE][PASSED] - Delayed 3 second(s)

2021-05-26 15:01:51 - [TEST_STEP][PASSED] - setText(findTestObject("Configuracion/Seguridad/Usuarios/Usuarios por Terminales/2Usuarios/input__TextoABuscar"), "juan2"): Text 'juan2' is set on object 'Object Repository/Configuracion/Seguridad/Usuarios/Usuarios por Terminales/2Usuarios/input__TextoABuscar'

2021-05-26 15:01:52 - [MESSAGE][PASSED] - Text 'juan2' is set on object 'Object Repository/Configuracion/Seguridad/Usuarios/Usuarios por Terminales/2Usuarios/input__TextoABuscar'

2021-05-26 15:01:52 - [TEST_STEP][PASSED] - click(findTestObject("Configuracion/Seguridad/Usuarios/Usuarios por Terminales/2Usuarios/img_Filtrar")): Object: 'Object Repository/Configuracion/Seguridad/Usuarios/Usuarios por Terminales/2Usuarios/img_Filtrar' is clicked on

2021-05-26 15:01:53 - [MESSAGE][PASSED] - Object: 'Object Repository/Configuracion/Seguridad/Usuarios/Usuarios por Terminales/2Usuarios/img_Filtrar' is clicked on

2021-05-26 15:01:53 - [TEST_STEP][PASSED] - delay(3): Delayed 3 second(s)

2021-05-26 15:01:56 - [MESSAGE][PASSED] - Delayed 3 second(s)

2021-05-26 15:01:56 - [TEST_STEP][PASSED] - click(findTestObject("Configuracion/Seguridad/Usuarios/Usuarios por Terminales/2Usuarios/a_Seleccionar")): Object: 'Object Repository/Configuracion/Seguridad/Usuarios/Usuarios por Terminales/2Usuarios/a_Seleccionar' is clicked on

2021-05-26 15:01:56 - [MESSAGE][PASSED] - Object: 'Object Repository/Configuracion/Seguridad/Usuarios/Usuarios por Terminales/2Usuarios/a_Seleccionar' is clicked on

2021-05-26 15:01:56 - [TEST_STEP][PASSED] - delay(3): Delayed 3 second(s)

2021-05-26 15:01:59 - [MESSAGE][PASSED] - Delayed 3 second(s)

2021-05-26 15:01:59 - [TEST_STEP][PASSED] - takeFullPageScreenshot(): Taking screenshot successfully

2021-05-26 15:02:01 - [MESSAGE][INFO] - 0 hidden object(s)

2021-05-26 15:02:02 - [MESSAGE][PASSED] - Taking screenshot successfully
[[ATTACHMENT|E:\\CIEL INGENIERIA\\KATALON\\Validaciones\\Reports\\20210526_145734\\44.CrearUsuario.CrearSelectores\\20210526_145734\\1622059319908.png]]

2021-05-26 15:02:02 - [TEST_STEP][PASSED] - delay(3): Delayed 3 second(s)

2021-05-26 15:02:05 - [MESSAGE][PASSED] - Delayed 3 second(s)]]></system-out>
         <system-err><![CDATA[]]></system-err>
      </testcase>
      <system-out><![CDATA[2021-05-26 14:57:47 - [TEST_SUITE][PASSED] - 44.CrearUsuario.CrearSelectores: Test Cases/44.CrearUsuario.CrearSelectores Si]]></system-out>
      <system-err><![CDATA[]]></system-err>
   </testsuite>
</testsuites>
