<?xml version="1.0" encoding="UTF-8"?>
<testsuites name="1 Grupo_Busqueda de turnos en la actual" time="169.188" tests="1" failures="0" errors="0">
   <testsuite name="1 Grupo_Busqueda de turnos en la actual" tests="1" failures="0" errors="0" time="169.188" skipped="0" timestamp="2021-06-23 10:53:30" hostname="BILIKI - DESKTOP-HH1RJM2" id="Test Suites/1 Grupo_Busqueda de turnos en la actual">
      <properties>
         <property name="deviceName" value=""/>
         <property name="devicePlatform" value=""/>
         <property name="logFolder" value="E:\\CIEL INGENIERIA\\KATALON\\Validaciones\\Reports\\20210623_105311\\1 Grupo_Busqueda de turnos en la actual\\20210623_105311"/>
         <property name="logFiles" value="E:\\CIEL INGENIERIA\\KATALON\\Validaciones\\Reports\\20210623_105311\\1 Grupo_Busqueda de turnos en la actual\\20210623_105311\\execution0.log"/>
         <property name="attachments" value="E:\\CIEL INGENIERIA\\KATALON\\Validaciones\\Reports\\20210623_105311\\1 Grupo_Busqueda de turnos en la actual\\20210623_105311\\1624463708079.png, E:\\CIEL INGENIERIA\\KATALON\\Validaciones\\Reports\\20210623_105311\\1 Grupo_Busqueda de turnos en la actual\\20210623_105311\\1624463749667.png"/>
         <property name="hostName" value="BILIKI - DESKTOP-HH1RJM2"/>
         <property name="os" value="Windows 10 64bit"/>
         <property name="katalonVersion" value="8.0.5.208"/>
         <property name="browser" value="Chrome 91.0.4472.114"/>
         <property name="hostAddress" value="169.254.12.236"/>
         <property name="sessionId" value="f04fe1bd77ff35a664e0c98ba1c68ca5"/>
         <property name="seleniumVersion" value="3.141.59"/>
         <property name="proxyInformation" value="ProxyInformation { proxyOption=NO_PROXY, proxyServerType=HTTP, username=, password=********, proxyServerAddress=, proxyServerPort=0, executionList=&quot;&quot;, isApplyToDesiredCapabilities=true }"/>
         <property name="platform" value="Windows 10"/>
      </properties>
      <testcase name="Test Cases/1 Grupo_ Busqueda de turnos en la actual" time="141.57" classname="Test Cases/1 Grupo_ Busqueda de turnos en la actual" status="PASSED">
         <system-out><![CDATA[2021-06-23 10:53:32 - [TEST_CASE][PASSED] - Test Cases/1 Grupo_ Busqueda de turnos en la actual: Test Cases/1 Grupo_ Busqueda de turnos en la actual

2021-06-23 10:53:33 - [TEST_STEP][PASSED] - callTestCase(findTestCase("Inicio Sesion sin variables"), [:], STOP_ON_FAILURE): Call Test Case 'Test Cases/Inicio Sesion sin variables' successfully

2021-06-23 10:53:34 - [TEST_CASE][PASSED] - Test Cases/Inicio Sesion sin variables: Test Cases/Inicio Sesion sin variables

2021-06-23 10:53:36 - [TEST_STEP][PASSED] - openBrowser("http://Localhost:8810"): Browser is opened with url: 'http://Localhost:8810'

2021-06-23 10:53:37 - [MESSAGE][INFO] - Starting 'Chrome' driver

2021-06-23 10:53:37 - [MESSAGE][INFO] - Action delay is set to 0 milliseconds

2021-06-23 10:53:54 - [MESSAGE][PASSED] - Browser is opened with url: 'http://Localhost:8810'

2021-06-23 10:53:54 - [TEST_STEP][PASSED] - maximizeWindow(): Current window maximized

2021-06-23 10:53:55 - [MESSAGE][PASSED] - Current window maximized

2021-06-23 10:53:55 - [TEST_STEP][PASSED] - setText(findTestObject("0Inicio Sesion/input__Usuario"), "ciel"): Text 'ciel' is set on object 'Object Repository/0Inicio Sesion/input__Usuario'

2021-06-23 10:53:57 - [MESSAGE][PASSED] - Text 'ciel' is set on object 'Object Repository/0Inicio Sesion/input__Usuario'

2021-06-23 10:53:57 - [TEST_STEP][PASSED] - setText(findTestObject("0Inicio Sesion/input__Clave"), "digiturno"): Text 'digiturno' is set on object 'Object Repository/0Inicio Sesion/input__Clave'

2021-06-23 10:53:58 - [MESSAGE][PASSED] - Text 'digiturno' is set on object 'Object Repository/0Inicio Sesion/input__Clave'

2021-06-23 10:53:58 - [TEST_STEP][PASSED] - click(findTestObject("0Inicio Sesion/btn_IniciarSesion")): Object: 'Object Repository/0Inicio Sesion/btn_IniciarSesion' is clicked on

2021-06-23 10:53:58 - [MESSAGE][PASSED] - Object: 'Object Repository/0Inicio Sesion/btn_IniciarSesion' is clicked on

2021-06-23 10:53:58 - [TEST_STEP][PASSED] - delay(3): Delayed 3 second(s)

2021-06-23 10:54:01 - [MESSAGE][PASSED] - Delayed 3 second(s)

2021-06-23 10:54:02 - [MESSAGE][PASSED] - Call Test Case 'Test Cases/Inicio Sesion sin variables' successfully

2021-06-23 10:54:02 - [TEST_STEP][PASSED] - click(findTestObject("1Inicio/img_Configuracion")): Object: 'Object Repository/1Inicio/img_Configuracion' is clicked on

2021-06-23 10:54:06 - [MESSAGE][PASSED] - Object: 'Object Repository/1Inicio/img_Configuracion' is clicked on

2021-06-23 10:54:06 - [TEST_STEP][PASSED] - delay(3): Delayed 3 second(s)

2021-06-23 10:54:09 - [MESSAGE][PASSED] - Delayed 3 second(s)

2021-06-23 10:54:09 - [TEST_STEP][PASSED] - click(findTestObject("Configuracion/1Principal/img_Distribucion Geografica")): Object: 'Object Repository/Configuracion/1Principal/img_Distribucion Geografica' is clicked on

2021-06-23 10:54:11 - [MESSAGE][PASSED] - Object: 'Object Repository/Configuracion/1Principal/img_Distribucion Geografica' is clicked on

2021-06-23 10:54:11 - [TEST_STEP][PASSED] - delay(3): Delayed 3 second(s)

2021-06-23 10:54:14 - [MESSAGE][PASSED] - Delayed 3 second(s)

2021-06-23 10:54:14 - [TEST_STEP][PASSED] - click(findTestObject("Configuracion/Distribucion Geografica/1Principal/img_Grupos")): Object: 'Object Repository/Configuracion/Distribucion Geografica/1Principal/img_Grupos' is clicked on

2021-06-23 10:54:17 - [MESSAGE][PASSED] - Object: 'Object Repository/Configuracion/Distribucion Geografica/1Principal/img_Grupos' is clicked on

2021-06-23 10:54:17 - [TEST_STEP][PASSED] - delay(3): Delayed 3 second(s)

2021-06-23 10:54:20 - [MESSAGE][PASSED] - Delayed 3 second(s)

2021-06-23 10:54:20 - [TEST_STEP][PASSED] - click(findTestObject("Configuracion/Distribucion Geografica/Grupos/0Oficinas Emergente/a_Seleccionar")): Object: 'Object Repository/Configuracion/Distribucion Geografica/Grupos/0Oficinas Emergente/a_Seleccionar' is clicked on

2021-06-23 10:54:21 - [MESSAGE][PASSED] - Object: 'Object Repository/Configuracion/Distribucion Geografica/Grupos/0Oficinas Emergente/a_Seleccionar' is clicked on

2021-06-23 10:54:21 - [TEST_STEP][PASSED] - delay(3): Delayed 3 second(s)

2021-06-23 10:54:24 - [MESSAGE][PASSED] - Delayed 3 second(s)

2021-06-23 10:54:24 - [TEST_STEP][PASSED] - setText(findTestObject("Configuracion/Distribucion Geografica/Grupos/Lista de Grupos/0General/input_TextoABuscar"), "PQRS"): Text 'PQRS' is set on object 'Object Repository/Configuracion/Distribucion Geografica/Grupos/Lista de Grupos/0General/input_TextoABuscar'

2021-06-23 10:54:25 - [MESSAGE][PASSED] - Text 'PQRS' is set on object 'Object Repository/Configuracion/Distribucion Geografica/Grupos/Lista de Grupos/0General/input_TextoABuscar'

2021-06-23 10:54:25 - [TEST_STEP][PASSED] - delay(2): Delayed 2 second(s)

2021-06-23 10:54:27 - [MESSAGE][PASSED] - Delayed 2 second(s)

2021-06-23 10:54:27 - [TEST_STEP][PASSED] - click(findTestObject("Configuracion/Distribucion Geografica/Grupos/Lista de Grupos/0General/a_Seleccionar")): Object: 'Object Repository/Configuracion/Distribucion Geografica/Grupos/Lista de Grupos/0General/a_Seleccionar' is clicked on

2021-06-23 10:54:28 - [MESSAGE][PASSED] - Object: 'Object Repository/Configuracion/Distribucion Geografica/Grupos/Lista de Grupos/0General/a_Seleccionar' is clicked on

2021-06-23 10:54:28 - [TEST_STEP][PASSED] - delay(3): Delayed 3 second(s)

2021-06-23 10:54:31 - [MESSAGE][PASSED] - Delayed 3 second(s)

2021-06-23 10:54:31 - [TEST_STEP][PASSED] - selectOptionByLabel(findTestObject("Configuracion/Distribucion Geografica/Grupos/Edicion/select_BusquedaTurnosEnLaActual"), "Grupo", false): All options with label 'Grupo' are selected in object 'Object Repository/Configuracion/Distribucion Geografica/Grupos/Edicion/select_BusquedaTurnosEnLaActual' 

2021-06-23 10:54:32 - [MESSAGE][PASSED] - All options with label 'Grupo' are selected in object 'Object Repository/Configuracion/Distribucion Geografica/Grupos/Edicion/select_BusquedaTurnosEnLaActual' 

2021-06-23 10:54:32 - [TEST_STEP][PASSED] - delay(3): Delayed 3 second(s)

2021-06-23 10:54:35 - [MESSAGE][PASSED] - Delayed 3 second(s)

2021-06-23 10:54:35 - [TEST_STEP][PASSED] - click(findTestObject("Configuracion/Distribucion Geografica/Grupos/Botones/img_Actualizar")): Object: 'Object Repository/Configuracion/Distribucion Geografica/Grupos/Botones/img_Actualizar' is clicked on

2021-06-23 10:54:35 - [MESSAGE][PASSED] - Object: 'Object Repository/Configuracion/Distribucion Geografica/Grupos/Botones/img_Actualizar' is clicked on

2021-06-23 10:54:35 - [TEST_STEP][PASSED] - delay(3): Delayed 3 second(s)

2021-06-23 10:54:38 - [MESSAGE][PASSED] - Delayed 3 second(s)

2021-06-23 10:54:38 - [TEST_STEP][PASSED] - click(findTestObject("1Inicio/a_Inicio")): Object: 'Object Repository/1Inicio/a_Inicio' is clicked on

2021-06-23 10:54:40 - [MESSAGE][PASSED] - Object: 'Object Repository/1Inicio/a_Inicio' is clicked on

2021-06-23 10:54:40 - [TEST_STEP][PASSED] - delay(3): Delayed 3 second(s)

2021-06-23 10:54:43 - [MESSAGE][PASSED] - Delayed 3 second(s)

2021-06-23 10:54:43 - [TEST_STEP][PASSED] - click(findTestObject("1Inicio/img_Operacion")): Object: 'Object Repository/1Inicio/img_Operacion' is clicked on

2021-06-23 10:54:44 - [MESSAGE][PASSED] - Object: 'Object Repository/1Inicio/img_Operacion' is clicked on

2021-06-23 10:54:44 - [TEST_STEP][PASSED] - delay(3): Delayed 3 second(s)

2021-06-23 10:54:47 - [MESSAGE][PASSED] - Delayed 3 second(s)

2021-06-23 10:54:47 - [TEST_STEP][PASSED] - click(findTestObject("2 Operacion/Elementos Del Sistema")): Object: 'Object Repository/2 Operacion/Elementos Del Sistema' is clicked on

2021-06-23 10:54:48 - [MESSAGE][PASSED] - Object: 'Object Repository/2 Operacion/Elementos Del Sistema' is clicked on

2021-06-23 10:54:48 - [TEST_STEP][PASSED] - delay(3): Delayed 3 second(s)

2021-06-23 10:54:51 - [MESSAGE][PASSED] - Delayed 3 second(s)

2021-06-23 10:54:51 - [TEST_STEP][PASSED] - click(findTestObject("2 Operacion/Elementos del Sistema/img_Terminales")): Object: 'Object Repository/2 Operacion/Elementos del Sistema/img_Terminales' is clicked on

2021-06-23 10:54:52 - [MESSAGE][PASSED] - Object: 'Object Repository/2 Operacion/Elementos del Sistema/img_Terminales' is clicked on

2021-06-23 10:54:52 - [TEST_STEP][PASSED] - delay(3): Delayed 3 second(s)

2021-06-23 10:54:55 - [MESSAGE][PASSED] - Delayed 3 second(s)

2021-06-23 10:54:55 - [TEST_STEP][PASSED] - click(findTestObject("2 Operacion/Elementos del Sistema/Selectores/00Oficinas/a_Bogota - CIEL")): Object: 'Object Repository/2 Operacion/Elementos del Sistema/Selectores/00Oficinas/a_Bogota - CIEL' is clicked on

2021-06-23 10:54:56 - [MESSAGE][PASSED] - Object: 'Object Repository/2 Operacion/Elementos del Sistema/Selectores/00Oficinas/a_Bogota - CIEL' is clicked on

2021-06-23 10:54:56 - [TEST_STEP][PASSED] - delay(3): Delayed 3 second(s)

2021-06-23 10:54:59 - [MESSAGE][PASSED] - Delayed 3 second(s)

2021-06-23 10:54:59 - [TEST_STEP][PASSED] - click(findTestObject("2 Operacion/Elementos del Sistema/Terminales/1Terminales menos WorkFlow/a_Terminal PQRS A02")): Object: 'Object Repository/2 Operacion/Elementos del Sistema/Terminales/1Terminales menos WorkFlow/a_Terminal PQRS A02' is clicked on

2021-06-23 10:55:00 - [MESSAGE][PASSED] - Object: 'Object Repository/2 Operacion/Elementos del Sistema/Terminales/1Terminales menos WorkFlow/a_Terminal PQRS A02' is clicked on

2021-06-23 10:55:00 - [TEST_STEP][PASSED] - delay(3): Delayed 3 second(s)

2021-06-23 10:55:03 - [MESSAGE][PASSED] - Delayed 3 second(s)

2021-06-23 10:55:03 - [TEST_STEP][PASSED] - click(findTestObject("2 Operacion/Elementos del Sistema/Terminales/Terminal/Funciones Adicionales/img_Buscar")): Object: 'Object Repository/2 Operacion/Elementos del Sistema/Terminales/Terminal/Funciones Adicionales/img_Buscar' is clicked on

2021-06-23 10:55:06 - [MESSAGE][PASSED] - Object: 'Object Repository/2 Operacion/Elementos del Sistema/Terminales/Terminal/Funciones Adicionales/img_Buscar' is clicked on

2021-06-23 10:55:06 - [TEST_STEP][PASSED] - delay(2): Delayed 2 second(s)

2021-06-23 10:55:08 - [MESSAGE][PASSED] - Delayed 2 second(s)

2021-06-23 10:55:08 - [TEST_STEP][PASSED] - takeFullPageScreenshot(): Taking screenshot successfully

2021-06-23 10:55:09 - [MESSAGE][INFO] - 0 hidden object(s)

2021-06-23 10:55:10 - [MESSAGE][PASSED] - Taking screenshot successfully
[[ATTACHMENT|E:\\CIEL INGENIERIA\\KATALON\\Validaciones\\Reports\\20210623_105311\\1 Grupo_Busqueda de turnos en la actual\\20210623_105311\\1624463708079.png]]

2021-06-23 10:55:10 - [TEST_STEP][PASSED] - delay(3): Delayed 3 second(s)

2021-06-23 10:55:13 - [MESSAGE][PASSED] - Delayed 3 second(s)

2021-06-23 10:55:13 - [TEST_STEP][PASSED] - navigateToUrl("http://localhost:8810/Paginas/Configuracion/DistribucionGeografica/Grupos.aspx"): Navigate to 'http://localhost:8810/Paginas/Configuracion/DistribucionGeografica/Grupos.aspx' successfully

2021-06-23 10:55:13 - [MESSAGE][PASSED] - Navigate to 'http://localhost:8810/Paginas/Configuracion/DistribucionGeografica/Grupos.aspx' successfully

2021-06-23 10:55:13 - [TEST_STEP][PASSED] - acceptAlert(): Alert accepted

2021-06-23 10:55:14 - [MESSAGE][PASSED] - Alert accepted

2021-06-23 10:55:14 - [TEST_STEP][PASSED] - delay(3): Delayed 3 second(s)

2021-06-23 10:55:17 - [MESSAGE][PASSED] - Delayed 3 second(s)

2021-06-23 10:55:17 - [TEST_STEP][PASSED] - click(findTestObject("Configuracion/Distribucion Geografica/Grupos/0Oficinas Emergente/a_Seleccionar")): Object: 'Object Repository/Configuracion/Distribucion Geografica/Grupos/0Oficinas Emergente/a_Seleccionar' is clicked on

2021-06-23 10:55:19 - [MESSAGE][PASSED] - Object: 'Object Repository/Configuracion/Distribucion Geografica/Grupos/0Oficinas Emergente/a_Seleccionar' is clicked on

2021-06-23 10:55:19 - [TEST_STEP][PASSED] - delay(3): Delayed 3 second(s)

2021-06-23 10:55:22 - [MESSAGE][PASSED] - Delayed 3 second(s)

2021-06-23 10:55:22 - [TEST_STEP][PASSED] - setText(findTestObject("Configuracion/Distribucion Geografica/Grupos/Lista de Grupos/0General/input_TextoABuscar"), "PQRS"): Text 'PQRS' is set on object 'Object Repository/Configuracion/Distribucion Geografica/Grupos/Lista de Grupos/0General/input_TextoABuscar'

2021-06-23 10:55:23 - [MESSAGE][PASSED] - Text 'PQRS' is set on object 'Object Repository/Configuracion/Distribucion Geografica/Grupos/Lista de Grupos/0General/input_TextoABuscar'

2021-06-23 10:55:23 - [TEST_STEP][PASSED] - delay(2): Delayed 2 second(s)

2021-06-23 10:55:25 - [MESSAGE][PASSED] - Delayed 2 second(s)

2021-06-23 10:55:25 - [TEST_STEP][PASSED] - click(findTestObject("Configuracion/Distribucion Geografica/Grupos/Lista de Grupos/0General/a_Seleccionar")): Object: 'Object Repository/Configuracion/Distribucion Geografica/Grupos/Lista de Grupos/0General/a_Seleccionar' is clicked on

2021-06-23 10:55:26 - [MESSAGE][PASSED] - Object: 'Object Repository/Configuracion/Distribucion Geografica/Grupos/Lista de Grupos/0General/a_Seleccionar' is clicked on

2021-06-23 10:55:26 - [TEST_STEP][PASSED] - delay(3): Delayed 3 second(s)

2021-06-23 10:55:29 - [MESSAGE][PASSED] - Delayed 3 second(s)

2021-06-23 10:55:29 - [TEST_STEP][PASSED] - selectOptionByLabel(findTestObject("Configuracion/Distribucion Geografica/Grupos/Edicion/select_BusquedaTurnosEnLaActual"), "Sala", false): All options with label 'Sala' are selected in object 'Object Repository/Configuracion/Distribucion Geografica/Grupos/Edicion/select_BusquedaTurnosEnLaActual' 

2021-06-23 10:55:30 - [MESSAGE][PASSED] - All options with label 'Sala' are selected in object 'Object Repository/Configuracion/Distribucion Geografica/Grupos/Edicion/select_BusquedaTurnosEnLaActual' 

2021-06-23 10:55:30 - [TEST_STEP][PASSED] - delay(3): Delayed 3 second(s)

2021-06-23 10:55:33 - [MESSAGE][PASSED] - Delayed 3 second(s)

2021-06-23 10:55:33 - [TEST_STEP][PASSED] - click(findTestObject("Configuracion/Distribucion Geografica/Grupos/Botones/img_Actualizar")): Object: 'Object Repository/Configuracion/Distribucion Geografica/Grupos/Botones/img_Actualizar' is clicked on

2021-06-23 10:55:34 - [MESSAGE][PASSED] - Object: 'Object Repository/Configuracion/Distribucion Geografica/Grupos/Botones/img_Actualizar' is clicked on

2021-06-23 10:55:34 - [TEST_STEP][PASSED] - delay(3): Delayed 3 second(s)

2021-06-23 10:55:37 - [MESSAGE][PASSED] - Delayed 3 second(s)

2021-06-23 10:55:37 - [TEST_STEP][PASSED] - click(findTestObject("1Inicio/a_Inicio")): Object: 'Object Repository/1Inicio/a_Inicio' is clicked on

2021-06-23 10:55:38 - [MESSAGE][PASSED] - Object: 'Object Repository/1Inicio/a_Inicio' is clicked on

2021-06-23 10:55:38 - [TEST_STEP][PASSED] - delay(3): Delayed 3 second(s)

2021-06-23 10:55:41 - [MESSAGE][PASSED] - Delayed 3 second(s)

2021-06-23 10:55:41 - [TEST_STEP][PASSED] - navigateToUrl("http://localhost:8810/Paginas/Operacion/ElementosSistema/Terminal.aspx?idTerminal=2"): Navigate to 'http://localhost:8810/Paginas/Operacion/ElementosSistema/Terminal.aspx?idTerminal=2' successfully

2021-06-23 10:55:43 - [MESSAGE][PASSED] - Navigate to 'http://localhost:8810/Paginas/Operacion/ElementosSistema/Terminal.aspx?idTerminal=2' successfully

2021-06-23 10:55:43 - [TEST_STEP][PASSED] - delay(3): Delayed 3 second(s)

2021-06-23 10:55:46 - [MESSAGE][PASSED] - Delayed 3 second(s)

2021-06-23 10:55:46 - [TEST_STEP][PASSED] - click(findTestObject("2 Operacion/Elementos del Sistema/Terminales/Terminal/Funciones Adicionales/img_Buscar")): Object: 'Object Repository/2 Operacion/Elementos del Sistema/Terminales/Terminal/Funciones Adicionales/img_Buscar' is clicked on

2021-06-23 10:55:47 - [MESSAGE][PASSED] - Object: 'Object Repository/2 Operacion/Elementos del Sistema/Terminales/Terminal/Funciones Adicionales/img_Buscar' is clicked on

2021-06-23 10:55:47 - [TEST_STEP][PASSED] - delay(2): Delayed 2 second(s)

2021-06-23 10:55:49 - [MESSAGE][PASSED] - Delayed 2 second(s)

2021-06-23 10:55:49 - [TEST_STEP][PASSED] - takeFullPageScreenshot(): Taking screenshot successfully

2021-06-23 10:55:50 - [MESSAGE][INFO] - 0 hidden object(s)

2021-06-23 10:55:50 - [MESSAGE][PASSED] - Taking screenshot successfully
[[ATTACHMENT|E:\\CIEL INGENIERIA\\KATALON\\Validaciones\\Reports\\20210623_105311\\1 Grupo_Busqueda de turnos en la actual\\20210623_105311\\1624463749667.png]]

2021-06-23 10:55:50 - [TEST_STEP][PASSED] - delay(3): Delayed 3 second(s)

2021-06-23 10:55:53 - [MESSAGE][PASSED] - Delayed 3 second(s)]]></system-out>
         <system-err><![CDATA[]]></system-err>
      </testcase>
      <system-out><![CDATA[2021-06-23 10:53:30 - [TEST_SUITE][PASSED] - 1 Grupo_Busqueda de turnos en la actual: Test Cases/1 Grupo_ Busqueda de turnos en la actual]]></system-out>
      <system-err><![CDATA[]]></system-err>
   </testsuite>
</testsuites>
