<?xml version="1.0" encoding="UTF-8"?>
<testsuites name="1 Nivel de Visualizacion del arbol de la jerarquia en nuevo servicio" time="206.984" tests="1" failures="0" errors="0">
   <testsuite name="1 Nivel de Visualizacion del arbol de la jerarquia en nuevo servicio" tests="1" failures="0" errors="0" time="206.984" skipped="0" timestamp="2021-06-30 11:52:17" hostname="BILIKI - DESKTOP-HH1RJM2" id="Test Suites/1 Nivel de Visualizacion del arbol de la jerarquia en nuevo servicio">
      <properties>
         <property name="deviceName" value=""/>
         <property name="devicePlatform" value=""/>
         <property name="logFolder" value="E:\\CIEL INGENIERIA\\KATALON\\Validaciones\\Reports\\20210630_115201\\1 Nivel de Visualizacion del arbol de la jerarquia en nuevo servicio\\20210630_115201"/>
         <property name="logFiles" value="E:\\CIEL INGENIERIA\\KATALON\\Validaciones\\Reports\\20210630_115201\\1 Nivel de Visualizacion del arbol de la jerarquia en nuevo servicio\\20210630_115201\\execution0.log"/>
         <property name="attachments" value="E:\\CIEL INGENIERIA\\KATALON\\Validaciones\\Reports\\20210630_115201\\1 Nivel de Visualizacion del arbol de la jerarquia en nuevo servicio\\20210630_115201\\1625072034712.png, E:\\CIEL INGENIERIA\\KATALON\\Validaciones\\Reports\\20210630_115201\\1 Nivel de Visualizacion del arbol de la jerarquia en nuevo servicio\\20210630_115201\\1625072112423.png"/>
         <property name="hostName" value="BILIKI - DESKTOP-HH1RJM2"/>
         <property name="os" value="Windows 10 64bit"/>
         <property name="katalonVersion" value="8.0.5.208"/>
         <property name="browser" value="Chrome 91.0.4472.124"/>
         <property name="hostAddress" value="169.254.12.236"/>
         <property name="sessionId" value="c2a24b8ad62098ee52f5501a6e6e1bb3"/>
         <property name="seleniumVersion" value="3.141.59"/>
         <property name="proxyInformation" value="ProxyInformation { proxyOption=NO_PROXY, proxyServerType=HTTP, username=, password=********, proxyServerAddress=, proxyServerPort=0, executionList=&quot;&quot;, isApplyToDesiredCapabilities=true }"/>
         <property name="platform" value="Windows 10"/>
      </properties>
      <testcase name="Test Cases/1 Nivel de Visualizacion del arbol de la jerarquia en nuevo servicio" time="189.166" classname="Test Cases/1 Nivel de Visualizacion del arbol de la jerarquia en nuevo servicio" status="PASSED">
         <system-out><![CDATA[2021-06-30 11:52:18 - [TEST_CASE][PASSED] - Test Cases/1 Nivel de Visualizacion del arbol de la jerarquia en nuevo servicio: Test Cases/1 Nivel de Visualizacion del arbol de la jerarquia en nuevo servicio

2021-06-30 11:52:20 - [TEST_STEP][PASSED] - callTestCase(findTestCase("Inicio Sesion sin variables"), [:], STOP_ON_FAILURE): Call Test Case 'Test Cases/Inicio Sesion sin variables' successfully

2021-06-30 11:52:21 - [TEST_CASE][PASSED] - Test Cases/Inicio Sesion sin variables: Test Cases/Inicio Sesion sin variables

2021-06-30 11:52:22 - [TEST_STEP][PASSED] - openBrowser("http://Localhost:8810"): Browser is opened with url: 'http://Localhost:8810'

2021-06-30 11:52:23 - [MESSAGE][INFO] - Starting 'Chrome' driver

2021-06-30 11:52:23 - [MESSAGE][INFO] - Action delay is set to 0 milliseconds

2021-06-30 11:52:36 - [MESSAGE][PASSED] - Browser is opened with url: 'http://Localhost:8810'

2021-06-30 11:52:36 - [TEST_STEP][PASSED] - maximizeWindow(): Current window maximized

2021-06-30 11:52:36 - [MESSAGE][PASSED] - Current window maximized

2021-06-30 11:52:36 - [TEST_STEP][PASSED] - setText(findTestObject("0Inicio Sesion/input__Usuario"), "ciel"): Text 'ciel' is set on object 'Object Repository/0Inicio Sesion/input__Usuario'

2021-06-30 11:52:38 - [MESSAGE][PASSED] - Text 'ciel' is set on object 'Object Repository/0Inicio Sesion/input__Usuario'

2021-06-30 11:52:38 - [TEST_STEP][PASSED] - setText(findTestObject("0Inicio Sesion/input__Clave"), "digiturno"): Text 'digiturno' is set on object 'Object Repository/0Inicio Sesion/input__Clave'

2021-06-30 11:52:39 - [MESSAGE][PASSED] - Text 'digiturno' is set on object 'Object Repository/0Inicio Sesion/input__Clave'

2021-06-30 11:52:39 - [TEST_STEP][PASSED] - click(findTestObject("0Inicio Sesion/btn_IniciarSesion")): Object: 'Object Repository/0Inicio Sesion/btn_IniciarSesion' is clicked on

2021-06-30 11:52:40 - [MESSAGE][PASSED] - Object: 'Object Repository/0Inicio Sesion/btn_IniciarSesion' is clicked on

2021-06-30 11:52:40 - [TEST_STEP][PASSED] - delay(3): Delayed 3 second(s)

2021-06-30 11:52:43 - [MESSAGE][PASSED] - Delayed 3 second(s)

2021-06-30 11:52:43 - [MESSAGE][PASSED] - Call Test Case 'Test Cases/Inicio Sesion sin variables' successfully

2021-06-30 11:52:43 - [TEST_STEP][PASSED] - click(findTestObject("1Inicio/img_Configuracion")): Object: 'Object Repository/1Inicio/img_Configuracion' is clicked on

2021-06-30 11:52:44 - [MESSAGE][PASSED] - Object: 'Object Repository/1Inicio/img_Configuracion' is clicked on

2021-06-30 11:52:44 - [TEST_STEP][PASSED] - delay(3): Delayed 3 second(s)

2021-06-30 11:52:47 - [MESSAGE][PASSED] - Delayed 3 second(s)

2021-06-30 11:52:47 - [TEST_STEP][PASSED] - click(findTestObject("Configuracion/1Principal/img_Distribucion Geografica")): Object: 'Object Repository/Configuracion/1Principal/img_Distribucion Geografica' is clicked on

2021-06-30 11:52:49 - [MESSAGE][PASSED] - Object: 'Object Repository/Configuracion/1Principal/img_Distribucion Geografica' is clicked on

2021-06-30 11:52:49 - [TEST_STEP][PASSED] - delay(3): Delayed 3 second(s)

2021-06-30 11:52:52 - [MESSAGE][PASSED] - Delayed 3 second(s)

2021-06-30 11:52:52 - [TEST_STEP][PASSED] - click(findTestObject("Configuracion/Distribucion Geografica/1Principal/img_Grupos")): Object: 'Object Repository/Configuracion/Distribucion Geografica/1Principal/img_Grupos' is clicked on

2021-06-30 11:52:53 - [MESSAGE][PASSED] - Object: 'Object Repository/Configuracion/Distribucion Geografica/1Principal/img_Grupos' is clicked on

2021-06-30 11:52:53 - [TEST_STEP][PASSED] - delay(3): Delayed 3 second(s)

2021-06-30 11:52:56 - [MESSAGE][PASSED] - Delayed 3 second(s)

2021-06-30 11:52:56 - [TEST_STEP][PASSED] - click(findTestObject("Configuracion/Distribucion Geografica/Grupos/0Oficinas Emergente/a_Seleccionar")): Object: 'Object Repository/Configuracion/Distribucion Geografica/Grupos/0Oficinas Emergente/a_Seleccionar' is clicked on

2021-06-30 11:52:57 - [MESSAGE][PASSED] - Object: 'Object Repository/Configuracion/Distribucion Geografica/Grupos/0Oficinas Emergente/a_Seleccionar' is clicked on

2021-06-30 11:52:57 - [TEST_STEP][PASSED] - delay(3): Delayed 3 second(s)

2021-06-30 11:53:00 - [MESSAGE][PASSED] - Delayed 3 second(s)

2021-06-30 11:53:00 - [TEST_STEP][PASSED] - click(findTestObject("Configuracion/Distribucion Geografica/Grupos/Lista de Grupos/0General/a_Seleccionar")): Object: 'Object Repository/Configuracion/Distribucion Geografica/Grupos/Lista de Grupos/0General/a_Seleccionar' is clicked on

2021-06-30 11:53:01 - [MESSAGE][PASSED] - Object: 'Object Repository/Configuracion/Distribucion Geografica/Grupos/Lista de Grupos/0General/a_Seleccionar' is clicked on

2021-06-30 11:53:01 - [TEST_STEP][PASSED] - scrollToPosition(10, 800): Browser is scrolled to position x = 10, y = 800

2021-06-30 11:53:01 - [MESSAGE][PASSED] - Browser is scrolled to position x = 10, y = 800

2021-06-30 11:53:01 - [TEST_STEP][PASSED] - delay(3): Delayed 3 second(s)

2021-06-30 11:53:04 - [MESSAGE][PASSED] - Delayed 3 second(s)

2021-06-30 11:53:04 - [TEST_STEP][PASSED] - selectOptionByLabel(findTestObject("Configuracion/Distribucion Geografica/Grupos/Edicion/select_NivelVisualizacionenNuevoServicio"), "Todos", false): All options with label 'Todos' are selected in object 'Object Repository/Configuracion/Distribucion Geografica/Grupos/Edicion/select_NivelVisualizacionenNuevoServicio' 

2021-06-30 11:53:05 - [MESSAGE][PASSED] - All options with label 'Todos' are selected in object 'Object Repository/Configuracion/Distribucion Geografica/Grupos/Edicion/select_NivelVisualizacionenNuevoServicio' 

2021-06-30 11:53:05 - [TEST_STEP][PASSED] - delay(3): Delayed 3 second(s)

2021-06-30 11:53:08 - [MESSAGE][PASSED] - Delayed 3 second(s)

2021-06-30 11:53:08 - [TEST_STEP][PASSED] - scrollToPosition(0, 0): Browser is scrolled to position x = 0, y = 0

2021-06-30 11:53:08 - [MESSAGE][PASSED] - Browser is scrolled to position x = 0, y = 0

2021-06-30 11:53:08 - [TEST_STEP][PASSED] - delay(3): Delayed 3 second(s)

2021-06-30 11:53:11 - [MESSAGE][PASSED] - Delayed 3 second(s)

2021-06-30 11:53:11 - [TEST_STEP][PASSED] - click(findTestObject("Configuracion/Distribucion Geografica/Grupos/Botones/img_Actualizar")): Object: 'Object Repository/Configuracion/Distribucion Geografica/Grupos/Botones/img_Actualizar' is clicked on

2021-06-30 11:53:12 - [MESSAGE][PASSED] - Object: 'Object Repository/Configuracion/Distribucion Geografica/Grupos/Botones/img_Actualizar' is clicked on

2021-06-30 11:53:12 - [TEST_STEP][PASSED] - delay(3): Delayed 3 second(s)

2021-06-30 11:53:15 - [MESSAGE][PASSED] - Delayed 3 second(s)

2021-06-30 11:53:15 - [TEST_STEP][PASSED] - click(findTestObject("1Inicio/a_Inicio")): Object: 'Object Repository/1Inicio/a_Inicio' is clicked on

2021-06-30 11:53:16 - [MESSAGE][PASSED] - Object: 'Object Repository/1Inicio/a_Inicio' is clicked on

2021-06-30 11:53:16 - [TEST_STEP][PASSED] - delay(3): Delayed 3 second(s)

2021-06-30 11:53:19 - [MESSAGE][PASSED] - Delayed 3 second(s)

2021-06-30 11:53:19 - [TEST_STEP][PASSED] - click(findTestObject("1Inicio/img_Operacion")): Object: 'Object Repository/1Inicio/img_Operacion' is clicked on

2021-06-30 11:53:20 - [MESSAGE][PASSED] - Object: 'Object Repository/1Inicio/img_Operacion' is clicked on

2021-06-30 11:53:20 - [TEST_STEP][PASSED] - delay(3): Delayed 3 second(s)

2021-06-30 11:53:23 - [MESSAGE][PASSED] - Delayed 3 second(s)

2021-06-30 11:53:23 - [TEST_STEP][PASSED] - click(findTestObject("2 Operacion/Elementos Del Sistema")): Object: 'Object Repository/2 Operacion/Elementos Del Sistema' is clicked on

2021-06-30 11:53:24 - [MESSAGE][PASSED] - Object: 'Object Repository/2 Operacion/Elementos Del Sistema' is clicked on

2021-06-30 11:53:24 - [TEST_STEP][PASSED] - delay(3): Delayed 3 second(s)

2021-06-30 11:53:27 - [MESSAGE][PASSED] - Delayed 3 second(s)

2021-06-30 11:53:27 - [TEST_STEP][PASSED] - click(findTestObject("2 Operacion/Elementos del Sistema/img_Terminales")): Object: 'Object Repository/2 Operacion/Elementos del Sistema/img_Terminales' is clicked on

2021-06-30 11:53:28 - [MESSAGE][PASSED] - Object: 'Object Repository/2 Operacion/Elementos del Sistema/img_Terminales' is clicked on

2021-06-30 11:53:28 - [TEST_STEP][PASSED] - delay(3): Delayed 3 second(s)

2021-06-30 11:53:31 - [MESSAGE][PASSED] - Delayed 3 second(s)

2021-06-30 11:53:31 - [TEST_STEP][PASSED] - click(findTestObject("2 Operacion/Elementos del Sistema/Terminales/00Oficinas/a_Bogota - CIEL")): Object: 'Object Repository/2 Operacion/Elementos del Sistema/Terminales/00Oficinas/a_Bogota - CIEL' is clicked on

2021-06-30 11:53:31 - [MESSAGE][PASSED] - Object: 'Object Repository/2 Operacion/Elementos del Sistema/Terminales/00Oficinas/a_Bogota - CIEL' is clicked on

2021-06-30 11:53:31 - [TEST_STEP][PASSED] - delay(3): Delayed 3 second(s)

2021-06-30 11:53:34 - [MESSAGE][PASSED] - Delayed 3 second(s)

2021-06-30 11:53:34 - [TEST_STEP][PASSED] - click(findTestObject("2 Operacion/Elementos del Sistema/Terminales/1Terminales menos WorkFlow/a_Terminal Informacion A01")): Object: 'Object Repository/2 Operacion/Elementos del Sistema/Terminales/1Terminales menos WorkFlow/a_Terminal Informacion A01' is clicked on

2021-06-30 11:53:35 - [MESSAGE][PASSED] - Object: 'Object Repository/2 Operacion/Elementos del Sistema/Terminales/1Terminales menos WorkFlow/a_Terminal Informacion A01' is clicked on

2021-06-30 11:53:35 - [TEST_STEP][PASSED] - delay(3): Delayed 3 second(s)

2021-06-30 11:53:38 - [MESSAGE][PASSED] - Delayed 3 second(s)

2021-06-30 11:53:38 - [TEST_STEP][PASSED] - click(findTestObject("2 Operacion/Elementos del Sistema/Terminales/Terminal/Funciones Basicas/img_Llamar")): Object: 'Object Repository/2 Operacion/Elementos del Sistema/Terminales/Terminal/Funciones Basicas/img_Llamar' is clicked on

2021-06-30 11:53:39 - [MESSAGE][PASSED] - Object: 'Object Repository/2 Operacion/Elementos del Sistema/Terminales/Terminal/Funciones Basicas/img_Llamar' is clicked on

2021-06-30 11:53:39 - [TEST_STEP][PASSED] - delay(3): Delayed 3 second(s)

2021-06-30 11:53:42 - [MESSAGE][PASSED] - Delayed 3 second(s)

2021-06-30 11:53:42 - [TEST_STEP][PASSED] - click(findTestObject("2 Operacion/Elementos del Sistema/Terminales/Terminal/Funciones Basicas/img_Ocupado")): Object: 'Object Repository/2 Operacion/Elementos del Sistema/Terminales/Terminal/Funciones Basicas/img_Ocupado' is clicked on

2021-06-30 11:53:43 - [MESSAGE][PASSED] - Object: 'Object Repository/2 Operacion/Elementos del Sistema/Terminales/Terminal/Funciones Basicas/img_Ocupado' is clicked on

2021-06-30 11:53:43 - [TEST_STEP][PASSED] - delay(3): Delayed 3 second(s)

2021-06-30 11:53:46 - [MESSAGE][PASSED] - Delayed 3 second(s)

2021-06-30 11:53:46 - [TEST_STEP][PASSED] - click(findTestObject("2 Operacion/Elementos del Sistema/Terminales/Terminal/Funciones Basicas/imgOcupado/a_Actualizacion de Datos")): Object: 'Object Repository/2 Operacion/Elementos del Sistema/Terminales/Terminal/Funciones Basicas/imgOcupado/a_Actualizacion de Datos' is clicked on

2021-06-30 11:53:47 - [MESSAGE][PASSED] - Object: 'Object Repository/2 Operacion/Elementos del Sistema/Terminales/Terminal/Funciones Basicas/imgOcupado/a_Actualizacion de Datos' is clicked on

2021-06-30 11:53:47 - [TEST_STEP][PASSED] - delay(3): Delayed 3 second(s)

2021-06-30 11:53:50 - [MESSAGE][PASSED] - Delayed 3 second(s)

2021-06-30 11:53:50 - [TEST_STEP][PASSED] - click(findTestObject("2 Operacion/Elementos del Sistema/Terminales/Terminal/Funciones Adicionales/img_Nueva Transaccion")): Object: 'Object Repository/2 Operacion/Elementos del Sistema/Terminales/Terminal/Funciones Adicionales/img_Nueva Transaccion' is clicked on

2021-06-30 11:53:51 - [MESSAGE][PASSED] - Object: 'Object Repository/2 Operacion/Elementos del Sistema/Terminales/Terminal/Funciones Adicionales/img_Nueva Transaccion' is clicked on

2021-06-30 11:53:51 - [TEST_STEP][PASSED] - delay(3): Delayed 3 second(s)

2021-06-30 11:53:54 - [MESSAGE][PASSED] - Delayed 3 second(s)

2021-06-30 11:53:54 - [TEST_STEP][PASSED] - takeFullPageScreenshot(): Taking screenshot successfully

2021-06-30 11:53:55 - [MESSAGE][INFO] - 0 hidden object(s)

2021-06-30 11:53:55 - [MESSAGE][PASSED] - Taking screenshot successfully
[[ATTACHMENT|E:\\CIEL INGENIERIA\\KATALON\\Validaciones\\Reports\\20210630_115201\\1 Nivel de Visualizacion del arbol de la jerarquia en nuevo servicio\\20210630_115201\\1625072034712.png]]

2021-06-30 11:53:55 - [TEST_STEP][PASSED] - delay(3): Delayed 3 second(s)

2021-06-30 11:53:58 - [MESSAGE][PASSED] - Delayed 3 second(s)

2021-06-30 11:53:58 - [TEST_STEP][PASSED] - sendKeys(findTestObject(null), Keys.chord(ESCAPE)): Keys 'ESCAPE + ' sent to object: 'tempBody'

2021-06-30 11:53:58 - [MESSAGE][WARNING] - Test object id is null

2021-06-30 11:53:58 - [MESSAGE][WARNING] - Test object with id 'Object Repository/' does not exist

2021-06-30 11:53:59 - [MESSAGE][PASSED] - Keys 'ESCAPE + ' sent to object: 'tempBody'

2021-06-30 11:53:59 - [TEST_STEP][PASSED] - delay(3): Delayed 3 second(s)

2021-06-30 11:54:02 - [MESSAGE][PASSED] - Delayed 3 second(s)

2021-06-30 11:54:02 - [TEST_STEP][PASSED] - click(findTestObject("2 Operacion/Elementos del Sistema/Terminales/Terminal/Funciones Basicas/img_Cerrar")): Object: 'Object Repository/2 Operacion/Elementos del Sistema/Terminales/Terminal/Funciones Basicas/img_Cerrar' is clicked on

2021-06-30 11:54:03 - [MESSAGE][PASSED] - Object: 'Object Repository/2 Operacion/Elementos del Sistema/Terminales/Terminal/Funciones Basicas/img_Cerrar' is clicked on

2021-06-30 11:54:03 - [TEST_STEP][PASSED] - delay(3): Delayed 3 second(s)

2021-06-30 11:54:06 - [MESSAGE][PASSED] - Delayed 3 second(s)

2021-06-30 11:54:06 - [TEST_STEP][PASSED] - click(findTestObject("2 Operacion/Elementos del Sistema/Terminales/Terminal/Funciones Basicas/imgCerrar/btn_FindeJornada")): Object: 'Object Repository/2 Operacion/Elementos del Sistema/Terminales/Terminal/Funciones Basicas/imgCerrar/btn_FindeJornada' is clicked on

2021-06-30 11:54:07 - [MESSAGE][PASSED] - Object: 'Object Repository/2 Operacion/Elementos del Sistema/Terminales/Terminal/Funciones Basicas/imgCerrar/btn_FindeJornada' is clicked on

2021-06-30 11:54:07 - [TEST_STEP][PASSED] - navigateToUrl("http://localhost:8810/Paginas/Configuracion/DistribucionGeografica/Grupos.aspx"): Navigate to 'http://localhost:8810/Paginas/Configuracion/DistribucionGeografica/Grupos.aspx' successfully

2021-06-30 11:54:08 - [MESSAGE][PASSED] - Navigate to 'http://localhost:8810/Paginas/Configuracion/DistribucionGeografica/Grupos.aspx' successfully

2021-06-30 11:54:08 - [TEST_STEP][PASSED] - acceptAlert(): Alert accepted

2021-06-30 11:54:08 - [MESSAGE][PASSED] - Alert accepted

2021-06-30 11:54:08 - [TEST_STEP][PASSED] - click(findTestObject("Configuracion/Distribucion Geografica/Grupos/0Oficinas Emergente/a_Seleccionar")): Object: 'Object Repository/Configuracion/Distribucion Geografica/Grupos/0Oficinas Emergente/a_Seleccionar' is clicked on

2021-06-30 11:54:12 - [MESSAGE][PASSED] - Object: 'Object Repository/Configuracion/Distribucion Geografica/Grupos/0Oficinas Emergente/a_Seleccionar' is clicked on

2021-06-30 11:54:12 - [TEST_STEP][PASSED] - delay(3): Delayed 3 second(s)

2021-06-30 11:54:15 - [MESSAGE][PASSED] - Delayed 3 second(s)

2021-06-30 11:54:15 - [TEST_STEP][PASSED] - click(findTestObject("Configuracion/Distribucion Geografica/Grupos/Lista de Grupos/0General/a_Seleccionar")): Object: 'Object Repository/Configuracion/Distribucion Geografica/Grupos/Lista de Grupos/0General/a_Seleccionar' is clicked on

2021-06-30 11:54:15 - [MESSAGE][PASSED] - Object: 'Object Repository/Configuracion/Distribucion Geografica/Grupos/Lista de Grupos/0General/a_Seleccionar' is clicked on

2021-06-30 11:54:15 - [TEST_STEP][PASSED] - delay(3): Delayed 3 second(s)

2021-06-30 11:54:18 - [MESSAGE][PASSED] - Delayed 3 second(s)

2021-06-30 11:54:18 - [TEST_STEP][PASSED] - scrollToPosition(10, 800): Browser is scrolled to position x = 10, y = 800

2021-06-30 11:54:18 - [MESSAGE][PASSED] - Browser is scrolled to position x = 10, y = 800

2021-06-30 11:54:18 - [TEST_STEP][PASSED] - delay(3): Delayed 3 second(s)

2021-06-30 11:54:21 - [MESSAGE][PASSED] - Delayed 3 second(s)

2021-06-30 11:54:21 - [TEST_STEP][PASSED] - selectOptionByIndex(findTestObject("Configuracion/Distribucion Geografica/Grupos/Edicion/select_NivelVisualizacionenNuevoServicio"), 2, STOP_ON_FAILURE): All options with index in [2] are selected on object 'Object Repository/Configuracion/Distribucion Geografica/Grupos/Edicion/select_NivelVisualizacionenNuevoServicio'

2021-06-30 11:54:23 - [MESSAGE][PASSED] - All options with index in [2] are selected on object 'Object Repository/Configuracion/Distribucion Geografica/Grupos/Edicion/select_NivelVisualizacionenNuevoServicio'

2021-06-30 11:54:23 - [TEST_STEP][PASSED] - delay(3): Delayed 3 second(s)

2021-06-30 11:54:26 - [MESSAGE][PASSED] - Delayed 3 second(s)

2021-06-30 11:54:26 - [TEST_STEP][PASSED] - scrollToPosition(0, 0): Browser is scrolled to position x = 0, y = 0

2021-06-30 11:54:26 - [MESSAGE][PASSED] - Browser is scrolled to position x = 0, y = 0

2021-06-30 11:54:26 - [TEST_STEP][PASSED] - delay(3): Delayed 3 second(s)

2021-06-30 11:54:29 - [MESSAGE][PASSED] - Delayed 3 second(s)

2021-06-30 11:54:29 - [TEST_STEP][PASSED] - click(findTestObject("Configuracion/Distribucion Geografica/Grupos/Botones/img_Actualizar")): Object: 'Object Repository/Configuracion/Distribucion Geografica/Grupos/Botones/img_Actualizar' is clicked on

2021-06-30 11:54:29 - [MESSAGE][PASSED] - Object: 'Object Repository/Configuracion/Distribucion Geografica/Grupos/Botones/img_Actualizar' is clicked on

2021-06-30 11:54:29 - [TEST_STEP][PASSED] - delay(3): Delayed 3 second(s)

2021-06-30 11:54:32 - [MESSAGE][PASSED] - Delayed 3 second(s)

2021-06-30 11:54:32 - [TEST_STEP][PASSED] - click(findTestObject("1Inicio/a_Inicio")): Object: 'Object Repository/1Inicio/a_Inicio' is clicked on

2021-06-30 11:54:33 - [MESSAGE][PASSED] - Object: 'Object Repository/1Inicio/a_Inicio' is clicked on

2021-06-30 11:54:33 - [TEST_STEP][PASSED] - delay(3): Delayed 3 second(s)

2021-06-30 11:54:36 - [MESSAGE][PASSED] - Delayed 3 second(s)

2021-06-30 11:54:36 - [TEST_STEP][PASSED] - click(findTestObject("1Inicio/img_Operacion")): Object: 'Object Repository/1Inicio/img_Operacion' is clicked on

2021-06-30 11:54:38 - [MESSAGE][PASSED] - Object: 'Object Repository/1Inicio/img_Operacion' is clicked on

2021-06-30 11:54:38 - [TEST_STEP][PASSED] - delay(3): Delayed 3 second(s)

2021-06-30 11:54:41 - [MESSAGE][PASSED] - Delayed 3 second(s)

2021-06-30 11:54:41 - [TEST_STEP][PASSED] - click(findTestObject("2 Operacion/Elementos Del Sistema")): Object: 'Object Repository/2 Operacion/Elementos Del Sistema' is clicked on

2021-06-30 11:54:41 - [MESSAGE][PASSED] - Object: 'Object Repository/2 Operacion/Elementos Del Sistema' is clicked on

2021-06-30 11:54:41 - [TEST_STEP][PASSED] - delay(3): Delayed 3 second(s)

2021-06-30 11:54:44 - [MESSAGE][PASSED] - Delayed 3 second(s)

2021-06-30 11:54:44 - [TEST_STEP][PASSED] - click(findTestObject("2 Operacion/Elementos del Sistema/img_Terminales")): Object: 'Object Repository/2 Operacion/Elementos del Sistema/img_Terminales' is clicked on

2021-06-30 11:54:45 - [MESSAGE][PASSED] - Object: 'Object Repository/2 Operacion/Elementos del Sistema/img_Terminales' is clicked on

2021-06-30 11:54:45 - [TEST_STEP][PASSED] - delay(3): Delayed 3 second(s)

2021-06-30 11:54:48 - [MESSAGE][PASSED] - Delayed 3 second(s)

2021-06-30 11:54:48 - [TEST_STEP][PASSED] - click(findTestObject("2 Operacion/Elementos del Sistema/Terminales/00Oficinas/a_Bogota - CIEL")): Object: 'Object Repository/2 Operacion/Elementos del Sistema/Terminales/00Oficinas/a_Bogota - CIEL' is clicked on

2021-06-30 11:54:49 - [MESSAGE][PASSED] - Object: 'Object Repository/2 Operacion/Elementos del Sistema/Terminales/00Oficinas/a_Bogota - CIEL' is clicked on

2021-06-30 11:54:49 - [TEST_STEP][PASSED] - delay(3): Delayed 3 second(s)

2021-06-30 11:54:52 - [MESSAGE][PASSED] - Delayed 3 second(s)

2021-06-30 11:54:52 - [TEST_STEP][PASSED] - click(findTestObject("2 Operacion/Elementos del Sistema/Terminales/1Terminales menos WorkFlow/a_Terminal Informacion A01")): Object: 'Object Repository/2 Operacion/Elementos del Sistema/Terminales/1Terminales menos WorkFlow/a_Terminal Informacion A01' is clicked on

2021-06-30 11:54:53 - [MESSAGE][PASSED] - Object: 'Object Repository/2 Operacion/Elementos del Sistema/Terminales/1Terminales menos WorkFlow/a_Terminal Informacion A01' is clicked on

2021-06-30 11:54:53 - [TEST_STEP][PASSED] - delay(3): Delayed 3 second(s)

2021-06-30 11:54:56 - [MESSAGE][PASSED] - Delayed 3 second(s)

2021-06-30 11:54:56 - [TEST_STEP][PASSED] - click(findTestObject("2 Operacion/Elementos del Sistema/Terminales/Terminal/Funciones Basicas/img_Llamar")): Object: 'Object Repository/2 Operacion/Elementos del Sistema/Terminales/Terminal/Funciones Basicas/img_Llamar' is clicked on

2021-06-30 11:54:56 - [MESSAGE][PASSED] - Object: 'Object Repository/2 Operacion/Elementos del Sistema/Terminales/Terminal/Funciones Basicas/img_Llamar' is clicked on

2021-06-30 11:54:56 - [TEST_STEP][PASSED] - click(findTestObject("2 Operacion/Elementos del Sistema/Terminales/Terminal/Funciones Basicas/img_Ocupado")): Object: 'Object Repository/2 Operacion/Elementos del Sistema/Terminales/Terminal/Funciones Basicas/img_Ocupado' is clicked on

2021-06-30 11:54:58 - [MESSAGE][PASSED] - Object: 'Object Repository/2 Operacion/Elementos del Sistema/Terminales/Terminal/Funciones Basicas/img_Ocupado' is clicked on

2021-06-30 11:54:58 - [TEST_STEP][PASSED] - delay(3): Delayed 3 second(s)

2021-06-30 11:55:01 - [MESSAGE][PASSED] - Delayed 3 second(s)

2021-06-30 11:55:01 - [TEST_STEP][PASSED] - delay(3): Delayed 3 second(s)

2021-06-30 11:55:04 - [MESSAGE][PASSED] - Delayed 3 second(s)

2021-06-30 11:55:04 - [TEST_STEP][PASSED] - click(findTestObject("2 Operacion/Elementos del Sistema/Terminales/Terminal/Funciones Basicas/imgOcupado/a_Actualizacion de Datos")): Object: 'Object Repository/2 Operacion/Elementos del Sistema/Terminales/Terminal/Funciones Basicas/imgOcupado/a_Actualizacion de Datos' is clicked on

2021-06-30 11:55:05 - [MESSAGE][PASSED] - Object: 'Object Repository/2 Operacion/Elementos del Sistema/Terminales/Terminal/Funciones Basicas/imgOcupado/a_Actualizacion de Datos' is clicked on

2021-06-30 11:55:05 - [TEST_STEP][PASSED] - delay(3): Delayed 3 second(s)

2021-06-30 11:55:08 - [MESSAGE][PASSED] - Delayed 3 second(s)

2021-06-30 11:55:08 - [TEST_STEP][PASSED] - click(findTestObject("2 Operacion/Elementos del Sistema/Terminales/Terminal/Funciones Adicionales/img_Nueva Transaccion")): Object: 'Object Repository/2 Operacion/Elementos del Sistema/Terminales/Terminal/Funciones Adicionales/img_Nueva Transaccion' is clicked on

2021-06-30 11:55:09 - [MESSAGE][PASSED] - Object: 'Object Repository/2 Operacion/Elementos del Sistema/Terminales/Terminal/Funciones Adicionales/img_Nueva Transaccion' is clicked on

2021-06-30 11:55:09 - [TEST_STEP][PASSED] - delay(3): Delayed 3 second(s)

2021-06-30 11:55:12 - [MESSAGE][PASSED] - Delayed 3 second(s)

2021-06-30 11:55:12 - [TEST_STEP][PASSED] - takeFullPageScreenshot(): Taking screenshot successfully

2021-06-30 11:55:13 - [MESSAGE][INFO] - 0 hidden object(s)

2021-06-30 11:55:13 - [MESSAGE][PASSED] - Taking screenshot successfully
[[ATTACHMENT|E:\\CIEL INGENIERIA\\KATALON\\Validaciones\\Reports\\20210630_115201\\1 Nivel de Visualizacion del arbol de la jerarquia en nuevo servicio\\20210630_115201\\1625072112423.png]]

2021-06-30 11:55:13 - [TEST_STEP][PASSED] - delay(3): Delayed 3 second(s)

2021-06-30 11:55:16 - [MESSAGE][PASSED] - Delayed 3 second(s)

2021-06-30 11:55:16 - [TEST_STEP][PASSED] - sendKeys(findTestObject(null), Keys.chord(ESCAPE)): Keys 'ESCAPE + ' sent to object: 'tempBody'

2021-06-30 11:55:16 - [MESSAGE][WARNING] - Test object id is null

2021-06-30 11:55:16 - [MESSAGE][WARNING] - Test object with id 'Object Repository/' does not exist

2021-06-30 11:55:16 - [MESSAGE][PASSED] - Keys 'ESCAPE + ' sent to object: 'tempBody'

2021-06-30 11:55:16 - [TEST_STEP][PASSED] - delay(3): Delayed 3 second(s)

2021-06-30 11:55:19 - [MESSAGE][PASSED] - Delayed 3 second(s)

2021-06-30 11:55:19 - [TEST_STEP][PASSED] - click(findTestObject("2 Operacion/Elementos del Sistema/Terminales/Terminal/Funciones Basicas/img_Cerrar")): Object: 'Object Repository/2 Operacion/Elementos del Sistema/Terminales/Terminal/Funciones Basicas/img_Cerrar' is clicked on

2021-06-30 11:55:20 - [MESSAGE][PASSED] - Object: 'Object Repository/2 Operacion/Elementos del Sistema/Terminales/Terminal/Funciones Basicas/img_Cerrar' is clicked on

2021-06-30 11:55:20 - [TEST_STEP][PASSED] - delay(3): Delayed 3 second(s)

2021-06-30 11:55:23 - [MESSAGE][PASSED] - Delayed 3 second(s)

2021-06-30 11:55:23 - [TEST_STEP][PASSED] - click(findTestObject("2 Operacion/Elementos del Sistema/Terminales/Terminal/Funciones Basicas/imgCerrar/btn_FindeJornada")): Object: 'Object Repository/2 Operacion/Elementos del Sistema/Terminales/Terminal/Funciones Basicas/imgCerrar/btn_FindeJornada' is clicked on

2021-06-30 11:55:25 - [MESSAGE][PASSED] - Object: 'Object Repository/2 Operacion/Elementos del Sistema/Terminales/Terminal/Funciones Basicas/imgCerrar/btn_FindeJornada' is clicked on

2021-06-30 11:55:25 - [TEST_STEP][PASSED] - delay(3): Delayed 3 second(s)

2021-06-30 11:55:28 - [MESSAGE][PASSED] - Delayed 3 second(s)]]></system-out>
         <system-err><![CDATA[]]></system-err>
      </testcase>
      <system-out><![CDATA[2021-06-30 11:52:17 - [TEST_SUITE][PASSED] - 1 Nivel de Visualizacion del arbol de la jerarquia en nuevo servicio: Test Cases/1 Nivel de Visualizacion del arbol de la jerarquia en nuevo servicio]]></system-out>
      <system-err><![CDATA[]]></system-err>
   </testsuite>
</testsuites>
