<?xml version="1.0" encoding="UTF-8"?>
<testsuites name="85.Terminal.TransfDistGeoArbolExpandido" time="272.375" tests="2" failures="0" errors="0">
   <testsuite name="85.Terminal.TransfDistGeoArbolExpandido" tests="2" failures="0" errors="0" time="272.375" skipped="0" timestamp="2021-06-02 16:43:56" hostname="BILIKI - DESKTOP-HH1RJM2" id="Test Suites/85.Terminal.TransfDistGeoArbolExpandido">
      <properties>
         <property name="deviceName" value=""/>
         <property name="devicePlatform" value=""/>
         <property name="logFolder" value="E:\\CIEL INGENIERIA\\KATALON\\Validaciones\\Reports\\20210602_164333\\85.Terminal.TransfDistGeoArbolExpandido\\20210602_164333"/>
         <property name="logFiles" value="E:\\CIEL INGENIERIA\\KATALON\\Validaciones\\Reports\\20210602_164333\\85.Terminal.TransfDistGeoArbolExpandido\\20210602_164333\\execution0.log"/>
         <property name="attachments" value="E:\\CIEL INGENIERIA\\KATALON\\Validaciones\\Reports\\20210602_164333\\85.Terminal.TransfDistGeoArbolExpandido\\20210602_164333\\1622670354801.png, E:\\CIEL INGENIERIA\\KATALON\\Validaciones\\Reports\\20210602_164333\\85.Terminal.TransfDistGeoArbolExpandido\\20210602_164333\\1622670470158.png"/>
         <property name="hostName" value="BILIKI - DESKTOP-HH1RJM2"/>
         <property name="os" value="Windows 10 64bit"/>
         <property name="katalonVersion" value="8.0.1.208"/>
         <property name="browser" value="Edge Chromiume 18"/>
         <property name="hostAddress" value="169.254.12.236"/>
         <property name="sessionId" value="FDAB8E8C-E65C-4546-A537-BB53A5F44E81"/>
         <property name="seleniumVersion" value="3.141.59"/>
         <property name="proxyInformation" value="ProxyInformation { proxyOption=NO_PROXY, proxyServerType=HTTP, username=, password=********, proxyServerAddress=, proxyServerPort=0, executionList=&quot;&quot;, isApplyToDesiredCapabilities=true }"/>
         <property name="platform" value="Windows 10"/>
      </properties>
      <testcase name="Test Cases/85.Terminal.TransfDistGeoArbolExpandido No" time="127.849" classname="Test Cases/85.Terminal.TransfDistGeoArbolExpandido No" status="PASSED">
         <system-out><![CDATA[2021-06-02 16:44:02 - [TEST_CASE][PASSED] - Test Cases/85.Terminal.TransfDistGeoArbolExpandido No: Test Cases/85.Terminal.TransfDistGeoArbolExpandido No

2021-06-02 16:44:04 - [TEST_STEP][PASSED] - callTestCase(findTestCase("Inicio Sesion sin variables"), [:], STOP_ON_FAILURE): Call Test Case 'Test Cases/Inicio Sesion sin variables' successfully

2021-06-02 16:44:05 - [TEST_CASE][PASSED] - Test Cases/Inicio Sesion sin variables: Test Cases/Inicio Sesion sin variables

2021-06-02 16:44:06 - [TEST_STEP][PASSED] - openBrowser("http://Localhost:8810"): Browser is opened with url: 'http://Localhost:8810'

2021-06-02 16:44:07 - [MESSAGE][INFO] - Starting 'Edge' driver

2021-06-02 16:44:08 - [MESSAGE][INFO] - Action delay is set to 0 milliseconds

2021-06-02 16:44:23 - [MESSAGE][PASSED] - Browser is opened with url: 'http://Localhost:8810'

2021-06-02 16:44:23 - [TEST_STEP][PASSED] - maximizeWindow(): Current window maximized

2021-06-02 16:44:23 - [MESSAGE][PASSED] - Current window maximized

2021-06-02 16:44:23 - [TEST_STEP][PASSED] - setText(findTestObject("0Inicio Sesion/input__Usuario"), "ciel"): Text 'ciel' is set on object 'Object Repository/0Inicio Sesion/input__Usuario'

2021-06-02 16:44:25 - [MESSAGE][PASSED] - Text 'ciel' is set on object 'Object Repository/0Inicio Sesion/input__Usuario'

2021-06-02 16:44:25 - [TEST_STEP][PASSED] - setText(findTestObject("0Inicio Sesion/input__Clave"), "digiturno"): Text 'digiturno' is set on object 'Object Repository/0Inicio Sesion/input__Clave'

2021-06-02 16:44:27 - [MESSAGE][PASSED] - Text 'digiturno' is set on object 'Object Repository/0Inicio Sesion/input__Clave'

2021-06-02 16:44:27 - [TEST_STEP][PASSED] - click(findTestObject("0Inicio Sesion/btn_IniciarSesion")): Object: 'Object Repository/0Inicio Sesion/btn_IniciarSesion' is clicked on

2021-06-02 16:44:28 - [MESSAGE][PASSED] - Object: 'Object Repository/0Inicio Sesion/btn_IniciarSesion' is clicked on

2021-06-02 16:44:28 - [TEST_STEP][PASSED] - delay(3): Delayed 3 second(s)

2021-06-02 16:44:31 - [MESSAGE][PASSED] - Delayed 3 second(s)

2021-06-02 16:44:32 - [MESSAGE][PASSED] - Call Test Case 'Test Cases/Inicio Sesion sin variables' successfully

2021-06-02 16:44:32 - [TEST_STEP][PASSED] - click(findTestObject("1Inicio/img_Configuracion")): Object: 'Object Repository/1Inicio/img_Configuracion' is clicked on

2021-06-02 16:44:33 - [MESSAGE][PASSED] - Object: 'Object Repository/1Inicio/img_Configuracion' is clicked on

2021-06-02 16:44:33 - [TEST_STEP][PASSED] - delay(3): Delayed 3 second(s)

2021-06-02 16:44:36 - [MESSAGE][PASSED] - Delayed 3 second(s)

2021-06-02 16:44:36 - [TEST_STEP][PASSED] - click(findTestObject("Configuracion/1Principal/img_Sistema")): Object: 'Object Repository/Configuracion/1Principal/img_Sistema' is clicked on

2021-06-02 16:44:36 - [MESSAGE][PASSED] - Object: 'Object Repository/Configuracion/1Principal/img_Sistema' is clicked on

2021-06-02 16:44:36 - [TEST_STEP][PASSED] - delay(3): Delayed 3 second(s)

2021-06-02 16:44:39 - [MESSAGE][PASSED] - Delayed 3 second(s)

2021-06-02 16:44:39 - [TEST_STEP][PASSED] - click(findTestObject("Configuracion/Sistema/1Principal/img_Parametros Generales")): Object: 'Object Repository/Configuracion/Sistema/1Principal/img_Parametros Generales' is clicked on

2021-06-02 16:44:40 - [MESSAGE][PASSED] - Object: 'Object Repository/Configuracion/Sistema/1Principal/img_Parametros Generales' is clicked on

2021-06-02 16:44:40 - [TEST_STEP][PASSED] - delay(3): Delayed 3 second(s)

2021-06-02 16:44:43 - [MESSAGE][PASSED] - Delayed 3 second(s)

2021-06-02 16:44:43 - [TEST_STEP][PASSED] - click(findTestObject("Configuracion/Sistema/Parametros Generales/Pestanas/a_Elementos de sistema")): Object: 'Object Repository/Configuracion/Sistema/Parametros Generales/Pestanas/a_Elementos de sistema' is clicked on

2021-06-02 16:44:45 - [MESSAGE][PASSED] - Object: 'Object Repository/Configuracion/Sistema/Parametros Generales/Pestanas/a_Elementos de sistema' is clicked on

2021-06-02 16:44:45 - [TEST_STEP][PASSED] - delay(3): Delayed 3 second(s)

2021-06-02 16:44:48 - [MESSAGE][PASSED] - Delayed 3 second(s)

2021-06-02 16:44:48 - [TEST_STEP][PASSED] - click(findTestObject("Configuracion/Sistema/Parametros Generales/Filtros LLave/span_0filtro llave")): Object: 'Object Repository/Configuracion/Sistema/Parametros Generales/Filtros LLave/span_0filtro llave' is clicked on

2021-06-02 16:44:49 - [MESSAGE][PASSED] - Object: 'Object Repository/Configuracion/Sistema/Parametros Generales/Filtros LLave/span_0filtro llave' is clicked on

2021-06-02 16:44:49 - [TEST_STEP][PASSED] - mouseOver(findTestObject("Configuracion/Sistema/Parametros Generales/Filtros LLave/span_1Filtro")): Object: 'Object Repository/Configuracion/Sistema/Parametros Generales/Filtros LLave/span_1Filtro' is hovered

2021-06-02 16:44:50 - [MESSAGE][PASSED] - Object: 'Object Repository/Configuracion/Sistema/Parametros Generales/Filtros LLave/span_1Filtro' is hovered

2021-06-02 16:44:50 - [TEST_STEP][PASSED] - click(findTestObject("Configuracion/Sistema/Parametros Generales/Filtro 1er valor/span_select")): Object: 'Object Repository/Configuracion/Sistema/Parametros Generales/Filtro 1er valor/span_select' is clicked on

2021-06-02 16:44:51 - [MESSAGE][PASSED] - Object: 'Object Repository/Configuracion/Sistema/Parametros Generales/Filtro 1er valor/span_select' is clicked on

2021-06-02 16:44:51 - [TEST_STEP][PASSED] - click(findTestObject("Configuracion/Sistema/Parametros Generales/Filtro 1er valor/li_Contiene")): Object: 'Object Repository/Configuracion/Sistema/Parametros Generales/Filtro 1er valor/li_Contiene' is clicked on

2021-06-02 16:44:52 - [MESSAGE][PASSED] - Object: 'Object Repository/Configuracion/Sistema/Parametros Generales/Filtro 1er valor/li_Contiene' is clicked on

2021-06-02 16:44:52 - [TEST_STEP][PASSED] - setText(findTestObject("Configuracion/Sistema/Parametros Generales/Filtro 1er valor/input_Texto a buscar1"), "Terminal.TransfDistGeoArbolExpandido"): Text 'Terminal.TransfDistGeoArbolExpandido' is set on object 'Object Repository/Configuracion/Sistema/Parametros Generales/Filtro 1er valor/input_Texto a buscar1'

2021-06-02 16:44:54 - [MESSAGE][PASSED] - Text 'Terminal.TransfDistGeoArbolExpandido' is set on object 'Object Repository/Configuracion/Sistema/Parametros Generales/Filtro 1er valor/input_Texto a buscar1'

2021-06-02 16:44:54 - [TEST_STEP][PASSED] - click(findTestObject("Configuracion/Sistema/Parametros Generales/botones filtro/btn_Filtrar")): Object: 'Object Repository/Configuracion/Sistema/Parametros Generales/botones filtro/btn_Filtrar' is clicked on

2021-06-02 16:44:55 - [MESSAGE][PASSED] - Object: 'Object Repository/Configuracion/Sistema/Parametros Generales/botones filtro/btn_Filtrar' is clicked on

2021-06-02 16:44:55 - [TEST_STEP][PASSED] - delay(2): Delayed 2 second(s)

2021-06-02 16:44:57 - [MESSAGE][PASSED] - Delayed 2 second(s)

2021-06-02 16:44:57 - [TEST_STEP][PASSED] - click(findTestObject("Configuracion/Sistema/Parametros Generales/Cambiar Parametro Valor/a_Editar")): Object: 'Object Repository/Configuracion/Sistema/Parametros Generales/Cambiar Parametro Valor/a_Editar' is clicked on

2021-06-02 16:44:58 - [MESSAGE][PASSED] - Object: 'Object Repository/Configuracion/Sistema/Parametros Generales/Cambiar Parametro Valor/a_Editar' is clicked on

2021-06-02 16:44:58 - [TEST_STEP][PASSED] - delay(2): Delayed 2 second(s)

2021-06-02 16:45:00 - [MESSAGE][PASSED] - Delayed 2 second(s)

2021-06-02 16:45:00 - [TEST_STEP][PASSED] - click(findTestObject("Configuracion/Sistema/Parametros Generales/Cambiar Parametro Valor/input_Valor"), STOP_ON_FAILURE): Object: 'Object Repository/Configuracion/Sistema/Parametros Generales/Cambiar Parametro Valor/input_Valor' is clicked on

2021-06-02 16:45:01 - [MESSAGE][PASSED] - Object: 'Object Repository/Configuracion/Sistema/Parametros Generales/Cambiar Parametro Valor/input_Valor' is clicked on

2021-06-02 16:45:01 - [TEST_STEP][PASSED] - sendKeys(findTestObject(null), "No"): Keys 'No' sent to object: 'tempBody'

2021-06-02 16:45:01 - [MESSAGE][WARNING] - Test object id is null

2021-06-02 16:45:01 - [MESSAGE][WARNING] - Test object with id 'Object Repository/' does not exist

2021-06-02 16:45:02 - [MESSAGE][PASSED] - Keys 'No' sent to object: 'tempBody'

2021-06-02 16:45:02 - [TEST_STEP][PASSED] - delay(2): Delayed 2 second(s)

2021-06-02 16:45:04 - [MESSAGE][PASSED] - Delayed 2 second(s)

2021-06-02 16:45:04 - [TEST_STEP][PASSED] - click(findTestObject("Configuracion/Sistema/Parametros Generales/Cambiar Parametro Valor/a_Guardar")): Object: 'Object Repository/Configuracion/Sistema/Parametros Generales/Cambiar Parametro Valor/a_Guardar' is clicked on

2021-06-02 16:45:04 - [MESSAGE][PASSED] - Object: 'Object Repository/Configuracion/Sistema/Parametros Generales/Cambiar Parametro Valor/a_Guardar' is clicked on

2021-06-02 16:45:04 - [TEST_STEP][PASSED] - delay(3): Delayed 3 second(s)

2021-06-02 16:45:07 - [MESSAGE][PASSED] - Delayed 3 second(s)

2021-06-02 16:45:07 - [TEST_STEP][PASSED] - navigateToUrl("http://Localhost:8810"): Navigate to 'http://Localhost:8810' successfully

2021-06-02 16:45:09 - [MESSAGE][PASSED] - Navigate to 'http://Localhost:8810' successfully

2021-06-02 16:45:09 - [TEST_STEP][PASSED] - delay(3): Delayed 3 second(s)

2021-06-02 16:45:12 - [MESSAGE][PASSED] - Delayed 3 second(s)

2021-06-02 16:45:12 - [TEST_STEP][PASSED] - click(findTestObject("1Inicio/img_Operacion")): Object: 'Object Repository/1Inicio/img_Operacion' is clicked on

2021-06-02 16:45:12 - [MESSAGE][PASSED] - Object: 'Object Repository/1Inicio/img_Operacion' is clicked on

2021-06-02 16:45:12 - [TEST_STEP][PASSED] - delay(3): Delayed 3 second(s)

2021-06-02 16:45:15 - [MESSAGE][PASSED] - Delayed 3 second(s)

2021-06-02 16:45:16 - [TEST_STEP][PASSED] - click(findTestObject("2 Operacion/Elementos Del Sistema")): Object: 'Object Repository/2 Operacion/Elementos Del Sistema' is clicked on

2021-06-02 16:45:16 - [MESSAGE][PASSED] - Object: 'Object Repository/2 Operacion/Elementos Del Sistema' is clicked on

2021-06-02 16:45:16 - [TEST_STEP][PASSED] - delay(3): Delayed 3 second(s)

2021-06-02 16:45:19 - [MESSAGE][PASSED] - Delayed 3 second(s)

2021-06-02 16:45:19 - [TEST_STEP][PASSED] - click(findTestObject("2 Operacion/Elementos del Sistema/img_Terminales")): Object: 'Object Repository/2 Operacion/Elementos del Sistema/img_Terminales' is clicked on

2021-06-02 16:45:20 - [MESSAGE][PASSED] - Object: 'Object Repository/2 Operacion/Elementos del Sistema/img_Terminales' is clicked on

2021-06-02 16:45:20 - [TEST_STEP][PASSED] - delay(3): Delayed 3 second(s)

2021-06-02 16:45:23 - [MESSAGE][PASSED] - Delayed 3 second(s)

2021-06-02 16:45:23 - [TEST_STEP][PASSED] - click(findTestObject("2 Operacion/Elementos del Sistema/Selectores/00Oficinas/a_Bogota - CIEL")): Object: 'Object Repository/2 Operacion/Elementos del Sistema/Selectores/00Oficinas/a_Bogota - CIEL' is clicked on

2021-06-02 16:45:24 - [MESSAGE][PASSED] - Object: 'Object Repository/2 Operacion/Elementos del Sistema/Selectores/00Oficinas/a_Bogota - CIEL' is clicked on

2021-06-02 16:45:24 - [TEST_STEP][PASSED] - delay(3): Delayed 3 second(s)

2021-06-02 16:45:27 - [MESSAGE][PASSED] - Delayed 3 second(s)

2021-06-02 16:45:27 - [TEST_STEP][PASSED] - click(findTestObject("2 Operacion/Elementos del Sistema/Terminales/1Terminales menos WorkFlow/a_Terminal PQRS A02")): Object: 'Object Repository/2 Operacion/Elementos del Sistema/Terminales/1Terminales menos WorkFlow/a_Terminal PQRS A02' is clicked on

2021-06-02 16:45:28 - [MESSAGE][PASSED] - Object: 'Object Repository/2 Operacion/Elementos del Sistema/Terminales/1Terminales menos WorkFlow/a_Terminal PQRS A02' is clicked on

2021-06-02 16:45:28 - [TEST_STEP][PASSED] - delay(3): Delayed 3 second(s)

2021-06-02 16:45:31 - [MESSAGE][PASSED] - Delayed 3 second(s)

2021-06-02 16:45:31 - [TEST_STEP][PASSED] - click(findTestObject("2 Operacion/Elementos del Sistema/Terminales/Terminal/Funciones Basicas/img_Llamar1")): Object: 'Object Repository/2 Operacion/Elementos del Sistema/Terminales/Terminal/Funciones Basicas/img_Llamar1' is clicked on

2021-06-02 16:45:34 - [MESSAGE][PASSED] - Object: 'Object Repository/2 Operacion/Elementos del Sistema/Terminales/Terminal/Funciones Basicas/img_Llamar1' is clicked on

2021-06-02 16:45:34 - [TEST_STEP][PASSED] - delay(7): Delayed 7 second(s)

2021-06-02 16:45:41 - [MESSAGE][PASSED] - Delayed 7 second(s)

2021-06-02 16:45:41 - [TEST_STEP][PASSED] - click(findTestObject("2 Operacion/Elementos del Sistema/Terminales/Terminal/Funciones Basicas/img_Ocupado1")): Object: 'Object Repository/2 Operacion/Elementos del Sistema/Terminales/Terminal/Funciones Basicas/img_Ocupado1' is clicked on

2021-06-02 16:45:42 - [MESSAGE][PASSED] - Object: 'Object Repository/2 Operacion/Elementos del Sistema/Terminales/Terminal/Funciones Basicas/img_Ocupado1' is clicked on

2021-06-02 16:45:42 - [TEST_STEP][PASSED] - delay(5): Delayed 5 second(s)

2021-06-02 16:45:47 - [MESSAGE][PASSED] - Delayed 5 second(s)

2021-06-02 16:45:47 - [TEST_STEP][PASSED] - click(findTestObject("2 Operacion/Elementos del Sistema/Terminales/Terminal/Funciones Basicas/imgOcupado/a_Actualizacion de Datos")): Object: 'Object Repository/2 Operacion/Elementos del Sistema/Terminales/Terminal/Funciones Basicas/imgOcupado/a_Actualizacion de Datos' is clicked on

2021-06-02 16:45:48 - [MESSAGE][PASSED] - Object: 'Object Repository/2 Operacion/Elementos del Sistema/Terminales/Terminal/Funciones Basicas/imgOcupado/a_Actualizacion de Datos' is clicked on

2021-06-02 16:45:48 - [TEST_STEP][PASSED] - delay(3): Delayed 3 second(s)

2021-06-02 16:45:51 - [MESSAGE][PASSED] - Delayed 3 second(s)

2021-06-02 16:45:51 - [TEST_STEP][PASSED] - click(findTestObject("2 Operacion/Elementos del Sistema/Terminales/Terminal/Funciones Adicionales/img_Transferir")): Object: 'Object Repository/2 Operacion/Elementos del Sistema/Terminales/Terminal/Funciones Adicionales/img_Transferir' is clicked on

2021-06-02 16:45:51 - [MESSAGE][PASSED] - Object: 'Object Repository/2 Operacion/Elementos del Sistema/Terminales/Terminal/Funciones Adicionales/img_Transferir' is clicked on

2021-06-02 16:45:51 - [TEST_STEP][PASSED] - delay(3): Delayed 3 second(s)

2021-06-02 16:45:54 - [MESSAGE][PASSED] - Delayed 3 second(s)

2021-06-02 16:45:54 - [TEST_STEP][PASSED] - takeFullPageScreenshot(): Taking screenshot successfully

2021-06-02 16:45:55 - [MESSAGE][INFO] - 0 hidden object(s)

2021-06-02 16:45:56 - [MESSAGE][PASSED] - Taking screenshot successfully
[[ATTACHMENT|E:\\CIEL INGENIERIA\\KATALON\\Validaciones\\Reports\\20210602_164333\\85.Terminal.TransfDistGeoArbolExpandido\\20210602_164333\\1622670354801.png]]

2021-06-02 16:45:56 - [TEST_STEP][PASSED] - delay(3): Delayed 3 second(s)

2021-06-02 16:45:59 - [MESSAGE][PASSED] - Delayed 3 second(s)

2021-06-02 16:45:59 - [TEST_STEP][PASSED] - sendKeys(findTestObject(null), Keys.chord(ESCAPE)): Keys 'ESCAPE + ' sent to object: 'tempBody'

2021-06-02 16:45:59 - [MESSAGE][WARNING] - Test object id is null

2021-06-02 16:45:59 - [MESSAGE][WARNING] - Test object with id 'Object Repository/' does not exist

2021-06-02 16:45:59 - [MESSAGE][PASSED] - Keys 'ESCAPE + ' sent to object: 'tempBody'

2021-06-02 16:45:59 - [TEST_STEP][PASSED] - delay(3): Delayed 3 second(s)

2021-06-02 16:46:02 - [MESSAGE][PASSED] - Delayed 3 second(s)

2021-06-02 16:46:02 - [TEST_STEP][PASSED] - click(findTestObject("2 Operacion/Elementos del Sistema/Terminales/Terminal/Funciones Basicas/img_Cerrar")): Object: 'Object Repository/2 Operacion/Elementos del Sistema/Terminales/Terminal/Funciones Basicas/img_Cerrar' is clicked on

2021-06-02 16:46:03 - [MESSAGE][PASSED] - Object: 'Object Repository/2 Operacion/Elementos del Sistema/Terminales/Terminal/Funciones Basicas/img_Cerrar' is clicked on

2021-06-02 16:46:03 - [TEST_STEP][PASSED] - delay(3): Delayed 3 second(s)

2021-06-02 16:46:06 - [MESSAGE][PASSED] - Delayed 3 second(s)

2021-06-02 16:46:06 - [TEST_STEP][PASSED] - click(findTestObject("2 Operacion/Elementos del Sistema/Terminales/Terminal/Funciones Basicas/imgCerrar/btn_FindeJornada")): Object: 'Object Repository/2 Operacion/Elementos del Sistema/Terminales/Terminal/Funciones Basicas/imgCerrar/btn_FindeJornada' is clicked on

2021-06-02 16:46:07 - [MESSAGE][PASSED] - Object: 'Object Repository/2 Operacion/Elementos del Sistema/Terminales/Terminal/Funciones Basicas/imgCerrar/btn_FindeJornada' is clicked on

2021-06-02 16:46:07 - [TEST_STEP][PASSED] - delay(3): Delayed 3 second(s)

2021-06-02 16:46:10 - [MESSAGE][PASSED] - Delayed 3 second(s)]]></system-out>
         <system-err><![CDATA[]]></system-err>
      </testcase>
      <testcase name="Test Cases/85.Terminal.TransfDistGeoArbolExpandido Si" time="114.464" classname="Test Cases/85.Terminal.TransfDistGeoArbolExpandido Si" status="PASSED">
         <system-out><![CDATA[2021-06-02 16:46:10 - [TEST_CASE][PASSED] - Test Cases/85.Terminal.TransfDistGeoArbolExpandido Si: Test Cases/85.Terminal.TransfDistGeoArbolExpandido Si

2021-06-02 16:46:12 - [TEST_STEP][PASSED] - callTestCase(findTestCase("Inicio Sesion sin variables"), [:], STOP_ON_FAILURE): Call Test Case 'Test Cases/Inicio Sesion sin variables' successfully

2021-06-02 16:46:13 - [TEST_CASE][PASSED] - Test Cases/Inicio Sesion sin variables: Test Cases/Inicio Sesion sin variables

2021-06-02 16:46:13 - [TEST_STEP][PASSED] - openBrowser("http://Localhost:8810"): Browser is opened with url: 'http://Localhost:8810'

2021-06-02 16:46:13 - [MESSAGE][WARNING] - A browser is already opened. Closing browser and opening a new one

2021-06-02 16:46:17 - [MESSAGE][INFO] - Starting 'Edge' driver

2021-06-02 16:46:18 - [MESSAGE][INFO] - Action delay is set to 0 milliseconds

2021-06-02 16:46:24 - [MESSAGE][PASSED] - Browser is opened with url: 'http://Localhost:8810'

2021-06-02 16:46:24 - [TEST_STEP][PASSED] - maximizeWindow(): Current window maximized

2021-06-02 16:46:24 - [MESSAGE][PASSED] - Current window maximized

2021-06-02 16:46:24 - [TEST_STEP][PASSED] - setText(findTestObject("0Inicio Sesion/input__Usuario"), "ciel"): Text 'ciel' is set on object 'Object Repository/0Inicio Sesion/input__Usuario'

2021-06-02 16:46:25 - [MESSAGE][PASSED] - Text 'ciel' is set on object 'Object Repository/0Inicio Sesion/input__Usuario'

2021-06-02 16:46:25 - [TEST_STEP][PASSED] - setText(findTestObject("0Inicio Sesion/input__Clave"), "digiturno"): Text 'digiturno' is set on object 'Object Repository/0Inicio Sesion/input__Clave'

2021-06-02 16:46:27 - [MESSAGE][PASSED] - Text 'digiturno' is set on object 'Object Repository/0Inicio Sesion/input__Clave'

2021-06-02 16:46:27 - [TEST_STEP][PASSED] - click(findTestObject("0Inicio Sesion/btn_IniciarSesion")): Object: 'Object Repository/0Inicio Sesion/btn_IniciarSesion' is clicked on

2021-06-02 16:46:28 - [MESSAGE][PASSED] - Object: 'Object Repository/0Inicio Sesion/btn_IniciarSesion' is clicked on

2021-06-02 16:46:28 - [TEST_STEP][PASSED] - delay(3): Delayed 3 second(s)

2021-06-02 16:46:31 - [MESSAGE][PASSED] - Delayed 3 second(s)

2021-06-02 16:46:31 - [MESSAGE][PASSED] - Call Test Case 'Test Cases/Inicio Sesion sin variables' successfully

2021-06-02 16:46:31 - [TEST_STEP][PASSED] - click(findTestObject("1Inicio/img_Configuracion")): Object: 'Object Repository/1Inicio/img_Configuracion' is clicked on

2021-06-02 16:46:33 - [MESSAGE][PASSED] - Object: 'Object Repository/1Inicio/img_Configuracion' is clicked on

2021-06-02 16:46:33 - [TEST_STEP][PASSED] - delay(3): Delayed 3 second(s)

2021-06-02 16:46:36 - [MESSAGE][PASSED] - Delayed 3 second(s)

2021-06-02 16:46:36 - [TEST_STEP][PASSED] - click(findTestObject("Configuracion/1Principal/img_Sistema")): Object: 'Object Repository/Configuracion/1Principal/img_Sistema' is clicked on

2021-06-02 16:46:37 - [MESSAGE][PASSED] - Object: 'Object Repository/Configuracion/1Principal/img_Sistema' is clicked on

2021-06-02 16:46:37 - [TEST_STEP][PASSED] - delay(3): Delayed 3 second(s)

2021-06-02 16:46:40 - [MESSAGE][PASSED] - Delayed 3 second(s)

2021-06-02 16:46:40 - [TEST_STEP][PASSED] - click(findTestObject("Configuracion/Sistema/1Principal/img_Parametros Generales")): Object: 'Object Repository/Configuracion/Sistema/1Principal/img_Parametros Generales' is clicked on

2021-06-02 16:46:41 - [MESSAGE][PASSED] - Object: 'Object Repository/Configuracion/Sistema/1Principal/img_Parametros Generales' is clicked on

2021-06-02 16:46:41 - [TEST_STEP][PASSED] - delay(3): Delayed 3 second(s)

2021-06-02 16:46:44 - [MESSAGE][PASSED] - Delayed 3 second(s)

2021-06-02 16:46:44 - [TEST_STEP][PASSED] - click(findTestObject("Configuracion/Sistema/Parametros Generales/Pestanas/a_Elementos de sistema")): Object: 'Object Repository/Configuracion/Sistema/Parametros Generales/Pestanas/a_Elementos de sistema' is clicked on

2021-06-02 16:46:45 - [MESSAGE][PASSED] - Object: 'Object Repository/Configuracion/Sistema/Parametros Generales/Pestanas/a_Elementos de sistema' is clicked on

2021-06-02 16:46:45 - [TEST_STEP][PASSED] - delay(3): Delayed 3 second(s)

2021-06-02 16:46:48 - [MESSAGE][PASSED] - Delayed 3 second(s)

2021-06-02 16:46:48 - [TEST_STEP][PASSED] - click(findTestObject("Configuracion/Sistema/Parametros Generales/Filtros LLave/span_0filtro llave")): Object: 'Object Repository/Configuracion/Sistema/Parametros Generales/Filtros LLave/span_0filtro llave' is clicked on

2021-06-02 16:46:49 - [MESSAGE][PASSED] - Object: 'Object Repository/Configuracion/Sistema/Parametros Generales/Filtros LLave/span_0filtro llave' is clicked on

2021-06-02 16:46:49 - [TEST_STEP][PASSED] - mouseOver(findTestObject("Configuracion/Sistema/Parametros Generales/Filtros LLave/span_1Filtro")): Object: 'Object Repository/Configuracion/Sistema/Parametros Generales/Filtros LLave/span_1Filtro' is hovered

2021-06-02 16:46:50 - [MESSAGE][PASSED] - Object: 'Object Repository/Configuracion/Sistema/Parametros Generales/Filtros LLave/span_1Filtro' is hovered

2021-06-02 16:46:50 - [TEST_STEP][PASSED] - click(findTestObject("Configuracion/Sistema/Parametros Generales/Filtro 1er valor/span_select")): Object: 'Object Repository/Configuracion/Sistema/Parametros Generales/Filtro 1er valor/span_select' is clicked on

2021-06-02 16:46:51 - [MESSAGE][PASSED] - Object: 'Object Repository/Configuracion/Sistema/Parametros Generales/Filtro 1er valor/span_select' is clicked on

2021-06-02 16:46:51 - [TEST_STEP][PASSED] - click(findTestObject("Configuracion/Sistema/Parametros Generales/Filtro 1er valor/li_Contiene")): Object: 'Object Repository/Configuracion/Sistema/Parametros Generales/Filtro 1er valor/li_Contiene' is clicked on

2021-06-02 16:46:52 - [MESSAGE][PASSED] - Object: 'Object Repository/Configuracion/Sistema/Parametros Generales/Filtro 1er valor/li_Contiene' is clicked on

2021-06-02 16:46:52 - [TEST_STEP][PASSED] - setText(findTestObject("Configuracion/Sistema/Parametros Generales/Filtro 1er valor/input_Texto a buscar1"), "Terminal.TransfDistGeoArbolExpandido"): Text 'Terminal.TransfDistGeoArbolExpandido' is set on object 'Object Repository/Configuracion/Sistema/Parametros Generales/Filtro 1er valor/input_Texto a buscar1'

2021-06-02 16:46:53 - [MESSAGE][PASSED] - Text 'Terminal.TransfDistGeoArbolExpandido' is set on object 'Object Repository/Configuracion/Sistema/Parametros Generales/Filtro 1er valor/input_Texto a buscar1'

2021-06-02 16:46:53 - [TEST_STEP][PASSED] - click(findTestObject("Configuracion/Sistema/Parametros Generales/botones filtro/btn_Filtrar")): Object: 'Object Repository/Configuracion/Sistema/Parametros Generales/botones filtro/btn_Filtrar' is clicked on

2021-06-02 16:46:54 - [MESSAGE][PASSED] - Object: 'Object Repository/Configuracion/Sistema/Parametros Generales/botones filtro/btn_Filtrar' is clicked on

2021-06-02 16:46:54 - [TEST_STEP][PASSED] - delay(2): Delayed 2 second(s)

2021-06-02 16:46:56 - [MESSAGE][PASSED] - Delayed 2 second(s)

2021-06-02 16:46:56 - [TEST_STEP][PASSED] - click(findTestObject("Configuracion/Sistema/Parametros Generales/Cambiar Parametro Valor/a_Editar")): Object: 'Object Repository/Configuracion/Sistema/Parametros Generales/Cambiar Parametro Valor/a_Editar' is clicked on

2021-06-02 16:46:57 - [MESSAGE][PASSED] - Object: 'Object Repository/Configuracion/Sistema/Parametros Generales/Cambiar Parametro Valor/a_Editar' is clicked on

2021-06-02 16:46:57 - [TEST_STEP][PASSED] - delay(2): Delayed 2 second(s)

2021-06-02 16:46:59 - [MESSAGE][PASSED] - Delayed 2 second(s)

2021-06-02 16:46:59 - [TEST_STEP][PASSED] - click(findTestObject("Configuracion/Sistema/Parametros Generales/Cambiar Parametro Valor/input_Valor"), STOP_ON_FAILURE): Object: 'Object Repository/Configuracion/Sistema/Parametros Generales/Cambiar Parametro Valor/input_Valor' is clicked on

2021-06-02 16:46:59 - [MESSAGE][PASSED] - Object: 'Object Repository/Configuracion/Sistema/Parametros Generales/Cambiar Parametro Valor/input_Valor' is clicked on

2021-06-02 16:46:59 - [TEST_STEP][PASSED] - sendKeys(findTestObject(null), "Si"): Keys 'Si' sent to object: 'tempBody'

2021-06-02 16:46:59 - [MESSAGE][WARNING] - Test object id is null

2021-06-02 16:46:59 - [MESSAGE][WARNING] - Test object with id 'Object Repository/' does not exist

2021-06-02 16:47:00 - [MESSAGE][PASSED] - Keys 'Si' sent to object: 'tempBody'

2021-06-02 16:47:00 - [TEST_STEP][PASSED] - delay(2): Delayed 2 second(s)

2021-06-02 16:47:02 - [MESSAGE][PASSED] - Delayed 2 second(s)

2021-06-02 16:47:02 - [TEST_STEP][PASSED] - click(findTestObject("Configuracion/Sistema/Parametros Generales/Cambiar Parametro Valor/a_Guardar")): Object: 'Object Repository/Configuracion/Sistema/Parametros Generales/Cambiar Parametro Valor/a_Guardar' is clicked on

2021-06-02 16:47:03 - [MESSAGE][PASSED] - Object: 'Object Repository/Configuracion/Sistema/Parametros Generales/Cambiar Parametro Valor/a_Guardar' is clicked on

2021-06-02 16:47:03 - [TEST_STEP][PASSED] - delay(3): Delayed 3 second(s)

2021-06-02 16:47:06 - [MESSAGE][PASSED] - Delayed 3 second(s)

2021-06-02 16:47:06 - [TEST_STEP][PASSED] - navigateToUrl("http://Localhost:8810"): Navigate to 'http://Localhost:8810' successfully

2021-06-02 16:47:08 - [MESSAGE][PASSED] - Navigate to 'http://Localhost:8810' successfully

2021-06-02 16:47:08 - [TEST_STEP][PASSED] - delay(3): Delayed 3 second(s)

2021-06-02 16:47:11 - [MESSAGE][PASSED] - Delayed 3 second(s)

2021-06-02 16:47:11 - [TEST_STEP][PASSED] - click(findTestObject("1Inicio/img_Operacion")): Object: 'Object Repository/1Inicio/img_Operacion' is clicked on

2021-06-02 16:47:11 - [MESSAGE][PASSED] - Object: 'Object Repository/1Inicio/img_Operacion' is clicked on

2021-06-02 16:47:11 - [TEST_STEP][PASSED] - delay(3): Delayed 3 second(s)

2021-06-02 16:47:14 - [MESSAGE][PASSED] - Delayed 3 second(s)

2021-06-02 16:47:14 - [TEST_STEP][PASSED] - click(findTestObject("2 Operacion/Elementos Del Sistema")): Object: 'Object Repository/2 Operacion/Elementos Del Sistema' is clicked on

2021-06-02 16:47:15 - [MESSAGE][PASSED] - Object: 'Object Repository/2 Operacion/Elementos Del Sistema' is clicked on

2021-06-02 16:47:15 - [TEST_STEP][PASSED] - delay(3): Delayed 3 second(s)

2021-06-02 16:47:18 - [MESSAGE][PASSED] - Delayed 3 second(s)

2021-06-02 16:47:18 - [TEST_STEP][PASSED] - click(findTestObject("2 Operacion/Elementos del Sistema/img_Terminales")): Object: 'Object Repository/2 Operacion/Elementos del Sistema/img_Terminales' is clicked on

2021-06-02 16:47:18 - [MESSAGE][PASSED] - Object: 'Object Repository/2 Operacion/Elementos del Sistema/img_Terminales' is clicked on

2021-06-02 16:47:18 - [TEST_STEP][PASSED] - delay(3): Delayed 3 second(s)

2021-06-02 16:47:21 - [MESSAGE][PASSED] - Delayed 3 second(s)

2021-06-02 16:47:21 - [TEST_STEP][PASSED] - click(findTestObject("2 Operacion/Elementos del Sistema/Selectores/00Oficinas/a_Bogota - CIEL")): Object: 'Object Repository/2 Operacion/Elementos del Sistema/Selectores/00Oficinas/a_Bogota - CIEL' is clicked on

2021-06-02 16:47:22 - [MESSAGE][PASSED] - Object: 'Object Repository/2 Operacion/Elementos del Sistema/Selectores/00Oficinas/a_Bogota - CIEL' is clicked on

2021-06-02 16:47:22 - [TEST_STEP][PASSED] - delay(3): Delayed 3 second(s)

2021-06-02 16:47:25 - [MESSAGE][PASSED] - Delayed 3 second(s)

2021-06-02 16:47:25 - [TEST_STEP][PASSED] - click(findTestObject("2 Operacion/Elementos del Sistema/Terminales/1Terminales menos WorkFlow/a_Terminal PQRS A02")): Object: 'Object Repository/2 Operacion/Elementos del Sistema/Terminales/1Terminales menos WorkFlow/a_Terminal PQRS A02' is clicked on

2021-06-02 16:47:25 - [MESSAGE][PASSED] - Object: 'Object Repository/2 Operacion/Elementos del Sistema/Terminales/1Terminales menos WorkFlow/a_Terminal PQRS A02' is clicked on

2021-06-02 16:47:25 - [TEST_STEP][PASSED] - delay(3): Delayed 3 second(s)

2021-06-02 16:47:28 - [MESSAGE][PASSED] - Delayed 3 second(s)

2021-06-02 16:47:28 - [TEST_STEP][PASSED] - click(findTestObject("2 Operacion/Elementos del Sistema/Terminales/Terminal/Funciones Basicas/img_Llamar1")): Object: 'Object Repository/2 Operacion/Elementos del Sistema/Terminales/Terminal/Funciones Basicas/img_Llamar1' is clicked on

2021-06-02 16:47:30 - [MESSAGE][PASSED] - Object: 'Object Repository/2 Operacion/Elementos del Sistema/Terminales/Terminal/Funciones Basicas/img_Llamar1' is clicked on

2021-06-02 16:47:30 - [TEST_STEP][PASSED] - delay(7): Delayed 7 second(s)

2021-06-02 16:47:37 - [MESSAGE][PASSED] - Delayed 7 second(s)

2021-06-02 16:47:37 - [TEST_STEP][PASSED] - click(findTestObject("2 Operacion/Elementos del Sistema/Terminales/Terminal/Funciones Basicas/img_Ocupado1")): Object: 'Object Repository/2 Operacion/Elementos del Sistema/Terminales/Terminal/Funciones Basicas/img_Ocupado1' is clicked on

2021-06-02 16:47:38 - [MESSAGE][PASSED] - Object: 'Object Repository/2 Operacion/Elementos del Sistema/Terminales/Terminal/Funciones Basicas/img_Ocupado1' is clicked on

2021-06-02 16:47:38 - [TEST_STEP][PASSED] - delay(5): Delayed 5 second(s)

2021-06-02 16:47:43 - [MESSAGE][PASSED] - Delayed 5 second(s)

2021-06-02 16:47:43 - [TEST_STEP][PASSED] - click(findTestObject("2 Operacion/Elementos del Sistema/Terminales/Terminal/Funciones Basicas/imgOcupado/a_Actualizacion de Datos")): Object: 'Object Repository/2 Operacion/Elementos del Sistema/Terminales/Terminal/Funciones Basicas/imgOcupado/a_Actualizacion de Datos' is clicked on

2021-06-02 16:47:43 - [MESSAGE][PASSED] - Object: 'Object Repository/2 Operacion/Elementos del Sistema/Terminales/Terminal/Funciones Basicas/imgOcupado/a_Actualizacion de Datos' is clicked on

2021-06-02 16:47:43 - [TEST_STEP][PASSED] - delay(3): Delayed 3 second(s)

2021-06-02 16:47:46 - [MESSAGE][PASSED] - Delayed 3 second(s)

2021-06-02 16:47:46 - [TEST_STEP][PASSED] - click(findTestObject("2 Operacion/Elementos del Sistema/Terminales/Terminal/Funciones Adicionales/img_Transferir")): Object: 'Object Repository/2 Operacion/Elementos del Sistema/Terminales/Terminal/Funciones Adicionales/img_Transferir' is clicked on

2021-06-02 16:47:47 - [MESSAGE][PASSED] - Object: 'Object Repository/2 Operacion/Elementos del Sistema/Terminales/Terminal/Funciones Adicionales/img_Transferir' is clicked on

2021-06-02 16:47:47 - [TEST_STEP][PASSED] - delay(3): Delayed 3 second(s)

2021-06-02 16:47:50 - [MESSAGE][PASSED] - Delayed 3 second(s)

2021-06-02 16:47:50 - [TEST_STEP][PASSED] - takeFullPageScreenshot(): Taking screenshot successfully

2021-06-02 16:47:50 - [MESSAGE][INFO] - 0 hidden object(s)

2021-06-02 16:47:51 - [MESSAGE][PASSED] - Taking screenshot successfully
[[ATTACHMENT|E:\\CIEL INGENIERIA\\KATALON\\Validaciones\\Reports\\20210602_164333\\85.Terminal.TransfDistGeoArbolExpandido\\20210602_164333\\1622670470158.png]]

2021-06-02 16:47:51 - [TEST_STEP][PASSED] - delay(3): Delayed 3 second(s)

2021-06-02 16:47:54 - [MESSAGE][PASSED] - Delayed 3 second(s)

2021-06-02 16:47:54 - [TEST_STEP][PASSED] - sendKeys(findTestObject(null), Keys.chord(ESCAPE)): Keys 'ESCAPE + ' sent to object: 'tempBody'

2021-06-02 16:47:54 - [MESSAGE][WARNING] - Test object id is null

2021-06-02 16:47:54 - [MESSAGE][WARNING] - Test object with id 'Object Repository/' does not exist

2021-06-02 16:47:54 - [MESSAGE][PASSED] - Keys 'ESCAPE + ' sent to object: 'tempBody'

2021-06-02 16:47:54 - [TEST_STEP][PASSED] - delay(3): Delayed 3 second(s)

2021-06-02 16:47:57 - [MESSAGE][PASSED] - Delayed 3 second(s)

2021-06-02 16:47:57 - [TEST_STEP][PASSED] - click(findTestObject("2 Operacion/Elementos del Sistema/Terminales/Terminal/Funciones Basicas/img_Cerrar")): Object: 'Object Repository/2 Operacion/Elementos del Sistema/Terminales/Terminal/Funciones Basicas/img_Cerrar' is clicked on

2021-06-02 16:47:58 - [MESSAGE][PASSED] - Object: 'Object Repository/2 Operacion/Elementos del Sistema/Terminales/Terminal/Funciones Basicas/img_Cerrar' is clicked on

2021-06-02 16:47:58 - [TEST_STEP][PASSED] - delay(3): Delayed 3 second(s)

2021-06-02 16:48:01 - [MESSAGE][PASSED] - Delayed 3 second(s)

2021-06-02 16:48:01 - [TEST_STEP][PASSED] - click(findTestObject("2 Operacion/Elementos del Sistema/Terminales/Terminal/Funciones Basicas/imgCerrar/btn_FindeJornada")): Object: 'Object Repository/2 Operacion/Elementos del Sistema/Terminales/Terminal/Funciones Basicas/imgCerrar/btn_FindeJornada' is clicked on

2021-06-02 16:48:01 - [MESSAGE][PASSED] - Object: 'Object Repository/2 Operacion/Elementos del Sistema/Terminales/Terminal/Funciones Basicas/imgCerrar/btn_FindeJornada' is clicked on

2021-06-02 16:48:01 - [TEST_STEP][PASSED] - delay(3): Delayed 3 second(s)

2021-06-02 16:48:04 - [MESSAGE][PASSED] - Delayed 3 second(s)]]></system-out>
         <system-err><![CDATA[]]></system-err>
      </testcase>
      <system-out><![CDATA[2021-06-02 16:43:56 - [TEST_SUITE][PASSED] - 85.Terminal.TransfDistGeoArbolExpandido: Test Cases/85.Terminal.TransfDistGeoArbolExpandido Si]]></system-out>
      <system-err><![CDATA[]]></system-err>
   </testsuite>
</testsuites>
