<?xml version="1.0" encoding="UTF-8"?>
<testsuites name="Suspension -Con" time="199.365" tests="1" failures="0" errors="0">
   <testsuite name="Suspension -Con" tests="1" failures="0" errors="0" time="199.365" skipped="0" timestamp="2021-07-28 09:34:23" hostname="BILIKI - DESKTOP-HH1RJM2" id="Test Suites/0 Motivos/Suspension -Con">
      <properties>
         <property name="deviceName" value=""/>
         <property name="devicePlatform" value=""/>
         <property name="logFolder" value="E:\\CIEL INGENIERIA\\KATALON\\Validaciones\\Reports\\20210728_093359\\0 Motivos\\Suspension -Con\\20210728_093359"/>
         <property name="logFiles" value="E:\\CIEL INGENIERIA\\KATALON\\Validaciones\\Reports\\20210728_093359\\0 Motivos\\Suspension -Con\\20210728_093359\\execution0.log"/>
         <property name="attachments" value="E:\\CIEL INGENIERIA\\KATALON\\Validaciones\\Reports\\20210728_093359\\0 Motivos\\Suspension -Con\\20210728_093359\\1627482912271.png, E:\\CIEL INGENIERIA\\KATALON\\Validaciones\\Reports\\20210728_093359\\0 Motivos\\Suspension -Con\\20210728_093359\\1627482968630.png, E:\\CIEL INGENIERIA\\KATALON\\Validaciones\\Reports\\20210728_093359\\0 Motivos\\Suspension -Con\\20210728_093359\\1627483026355.png"/>
         <property name="hostName" value="BILIKI - DESKTOP-HH1RJM2"/>
         <property name="os" value="Windows 10 64bit"/>
         <property name="katalonVersion" value="8.0.5.208"/>
         <property name="browser" value="Chrome 92.0.4515.107"/>
         <property name="hostAddress" value="169.254.142.112"/>
         <property name="sessionId" value="590daa6111718012da9edf238e16ab91"/>
         <property name="seleniumVersion" value="3.141.59"/>
         <property name="proxyInformation" value="ProxyInformation { proxyOption=NO_PROXY, proxyServerType=HTTP, username=, password=********, proxyServerAddress=, proxyServerPort=0, executionList=&quot;&quot;, isApplyToDesiredCapabilities=true }"/>
         <property name="platform" value="Windows 10"/>
      </properties>
      <testcase name="Test Cases/0 Motivos/Suspension - Con" time="174.91" classname="Test Cases/0 Motivos/Suspension - Con" status="PASSED">
         <system-out><![CDATA[2021-07-28 09:34:24 - [TEST_CASE][PASSED] - Test Cases/0 Motivos/Suspension - Con: Test Cases/0 Motivos/Suspension - Con

2021-07-28 09:34:26 - [TEST_STEP][PASSED] - callTestCase(findTestCase("Inicio Sesion sin variables"), [:], STOP_ON_FAILURE): Call Test Case 'Test Cases/Inicio Sesion sin variables' successfully

2021-07-28 09:34:26 - [TEST_CASE][PASSED] - Test Cases/Inicio Sesion sin variables: Test Cases/Inicio Sesion sin variables

2021-07-28 09:34:28 - [TEST_STEP][PASSED] - openBrowser("http://Localhost:8810"): Browser is opened with url: 'http://Localhost:8810'

2021-07-28 09:34:29 - [MESSAGE][INFO] - Starting 'Chrome' driver

2021-07-28 09:34:29 - [MESSAGE][INFO] - Action delay is set to 0 milliseconds

2021-07-28 09:34:43 - [MESSAGE][PASSED] - Browser is opened with url: 'http://Localhost:8810'

2021-07-28 09:34:43 - [TEST_STEP][PASSED] - maximizeWindow(): Current window maximized

2021-07-28 09:34:43 - [MESSAGE][PASSED] - Current window maximized

2021-07-28 09:34:43 - [TEST_STEP][PASSED] - setText(findTestObject("0Inicio Sesion/input__Usuario"), "ciel"): Text 'ciel' is set on object 'Object Repository/0Inicio Sesion/input__Usuario'

2021-07-28 09:34:46 - [MESSAGE][PASSED] - Text 'ciel' is set on object 'Object Repository/0Inicio Sesion/input__Usuario'

2021-07-28 09:34:46 - [TEST_STEP][PASSED] - setText(findTestObject("0Inicio Sesion/input__Clave"), "digiturno"): Text 'digiturno' is set on object 'Object Repository/0Inicio Sesion/input__Clave'

2021-07-28 09:34:47 - [MESSAGE][PASSED] - Text 'digiturno' is set on object 'Object Repository/0Inicio Sesion/input__Clave'

2021-07-28 09:34:47 - [TEST_STEP][PASSED] - click(findTestObject("0Inicio Sesion/btn_IniciarSesion")): Object: 'Object Repository/0Inicio Sesion/btn_IniciarSesion' is clicked on

2021-07-28 09:34:48 - [MESSAGE][PASSED] - Object: 'Object Repository/0Inicio Sesion/btn_IniciarSesion' is clicked on

2021-07-28 09:34:48 - [TEST_STEP][PASSED] - delay(3): Delayed 3 second(s)

2021-07-28 09:34:51 - [MESSAGE][PASSED] - Delayed 3 second(s)

2021-07-28 09:34:52 - [MESSAGE][PASSED] - Call Test Case 'Test Cases/Inicio Sesion sin variables' successfully

2021-07-28 09:34:52 - [TEST_STEP][PASSED] - click(findTestObject("1Inicio/img_Configuracion")): Object: 'Object Repository/1Inicio/img_Configuracion' is clicked on

2021-07-28 09:34:55 - [MESSAGE][PASSED] - Object: 'Object Repository/1Inicio/img_Configuracion' is clicked on

2021-07-28 09:34:55 - [TEST_STEP][PASSED] - delay(3): Delayed 3 second(s)

2021-07-28 09:34:58 - [MESSAGE][PASSED] - Delayed 3 second(s)

2021-07-28 09:34:58 - [TEST_STEP][PASSED] - click(findTestObject("Configuracion/1Principal/img_Elementos del Sistema")): Object: 'Object Repository/Configuracion/1Principal/img_Elementos del Sistema' is clicked on

2021-07-28 09:34:59 - [MESSAGE][PASSED] - Object: 'Object Repository/Configuracion/1Principal/img_Elementos del Sistema' is clicked on

2021-07-28 09:34:59 - [TEST_STEP][PASSED] - delay(3): Delayed 3 second(s)

2021-07-28 09:35:02 - [MESSAGE][PASSED] - Delayed 3 second(s)

2021-07-28 09:35:02 - [TEST_STEP][PASSED] - click(findTestObject("Configuracion/Elementos del Sistema/1Principal/img_Motivos")): Object: 'Object Repository/Configuracion/Elementos del Sistema/1Principal/img_Motivos' is clicked on

2021-07-28 09:35:04 - [MESSAGE][PASSED] - Object: 'Object Repository/Configuracion/Elementos del Sistema/1Principal/img_Motivos' is clicked on

2021-07-28 09:35:04 - [TEST_STEP][PASSED] - delay(3): Delayed 3 second(s)

2021-07-28 09:35:07 - [MESSAGE][PASSED] - Delayed 3 second(s)

2021-07-28 09:35:07 - [TEST_STEP][PASSED] - click(findTestObject("Configuracion/Elementos del Sistema/Motivos/span_Motivos")): Object: 'Object Repository/Configuracion/Elementos del Sistema/Motivos/span_Motivos' is clicked on

2021-07-28 09:35:09 - [MESSAGE][PASSED] - Object: 'Object Repository/Configuracion/Elementos del Sistema/Motivos/span_Motivos' is clicked on

2021-07-28 09:35:09 - [TEST_STEP][PASSED] - delay(3): Delayed 3 second(s)

2021-07-28 09:35:12 - [MESSAGE][PASSED] - Delayed 3 second(s)

2021-07-28 09:35:12 - [TEST_STEP][PASSED] - takeFullPageScreenshot(): Taking screenshot successfully

2021-07-28 09:35:14 - [MESSAGE][INFO] - 0 hidden object(s)

2021-07-28 09:35:14 - [MESSAGE][PASSED] - Taking screenshot successfully
[[ATTACHMENT|E:\\CIEL INGENIERIA\\KATALON\\Validaciones\\Reports\\20210728_093359\\0 Motivos\\Suspension -Con\\20210728_093359\\1627482912271.png]]

2021-07-28 09:35:14 - [TEST_STEP][PASSED] - delay(3): Delayed 3 second(s)

2021-07-28 09:35:17 - [MESSAGE][PASSED] - Delayed 3 second(s)

2021-07-28 09:35:17 - [TEST_STEP][PASSED] - click(findTestObject("1Inicio/a_Inicio")): Object: 'Object Repository/1Inicio/a_Inicio' is clicked on

2021-07-28 09:35:21 - [MESSAGE][PASSED] - Object: 'Object Repository/1Inicio/a_Inicio' is clicked on

2021-07-28 09:35:21 - [TEST_STEP][PASSED] - delay(3): Delayed 3 second(s)

2021-07-28 09:35:24 - [MESSAGE][PASSED] - Delayed 3 second(s)

2021-07-28 09:35:24 - [TEST_STEP][PASSED] - click(findTestObject("1Inicio/img_Configuracion")): Object: 'Object Repository/1Inicio/img_Configuracion' is clicked on

2021-07-28 09:35:27 - [MESSAGE][PASSED] - Object: 'Object Repository/1Inicio/img_Configuracion' is clicked on

2021-07-28 09:35:27 - [TEST_STEP][PASSED] - delay(3): Delayed 3 second(s)

2021-07-28 09:35:30 - [MESSAGE][PASSED] - Delayed 3 second(s)

2021-07-28 09:35:30 - [TEST_STEP][PASSED] - click(findTestObject("Configuracion/1Principal/img_Distribucion Geografica")): Object: 'Object Repository/Configuracion/1Principal/img_Distribucion Geografica' is clicked on

2021-07-28 09:35:34 - [MESSAGE][PASSED] - Object: 'Object Repository/Configuracion/1Principal/img_Distribucion Geografica' is clicked on

2021-07-28 09:35:34 - [TEST_STEP][PASSED] - delay(3): Delayed 3 second(s)

2021-07-28 09:35:37 - [MESSAGE][PASSED] - Delayed 3 second(s)

2021-07-28 09:35:37 - [TEST_STEP][PASSED] - click(findTestObject("Configuracion/Distribucion Geografica/1Principal/img_Oficinas")): Object: 'Object Repository/Configuracion/Distribucion Geografica/1Principal/img_Oficinas' is clicked on

2021-07-28 09:35:41 - [MESSAGE][PASSED] - Object: 'Object Repository/Configuracion/Distribucion Geografica/1Principal/img_Oficinas' is clicked on

2021-07-28 09:35:41 - [TEST_STEP][PASSED] - delay(3): Delayed 3 second(s)

2021-07-28 09:35:44 - [MESSAGE][PASSED] - Delayed 3 second(s)

2021-07-28 09:35:44 - [TEST_STEP][PASSED] - click(findTestObject("Configuracion/Distribucion Geografica/Oficinas/2Lista de Oficinas/a_Seleccionar")): Object: 'Object Repository/Configuracion/Distribucion Geografica/Oficinas/2Lista de Oficinas/a_Seleccionar' is clicked on

2021-07-28 09:35:45 - [MESSAGE][PASSED] - Object: 'Object Repository/Configuracion/Distribucion Geografica/Oficinas/2Lista de Oficinas/a_Seleccionar' is clicked on

2021-07-28 09:35:45 - [TEST_STEP][PASSED] - delay(3): Delayed 3 second(s)

2021-07-28 09:35:48 - [MESSAGE][PASSED] - Delayed 3 second(s)

2021-07-28 09:35:48 - [TEST_STEP][PASSED] - click(findTestObject("Configuracion/Distribucion Geografica/Oficinas/3Otras Configuraciones/1Pestanas/span_Motivos")): Object: 'Object Repository/Configuracion/Distribucion Geografica/Oficinas/3Otras Configuraciones/1Pestanas/span_Motivos' is clicked on

2021-07-28 09:35:50 - [MESSAGE][PASSED] - Object: 'Object Repository/Configuracion/Distribucion Geografica/Oficinas/3Otras Configuraciones/1Pestanas/span_Motivos' is clicked on

2021-07-28 09:35:50 - [TEST_STEP][PASSED] - delay(3): Delayed 3 second(s)

2021-07-28 09:35:53 - [MESSAGE][PASSED] - Delayed 3 second(s)

2021-07-28 09:35:53 - [TEST_STEP][PASSED] - setText(findTestObject("Configuracion/Distribucion Geografica/Oficinas/3Otras Configuraciones/3Motivos/Checks/input_TextoABuscar"), "SuspensiÃ³n"): Text 'SuspensiÃ³n' is set on object 'Object Repository/Configuracion/Distribucion Geografica/Oficinas/3Otras Configuraciones/3Motivos/Checks/input_TextoABuscar'

2021-07-28 09:35:55 - [MESSAGE][PASSED] - Text 'SuspensiÃ³n' is set on object 'Object Repository/Configuracion/Distribucion Geografica/Oficinas/3Otras Configuraciones/3Motivos/Checks/input_TextoABuscar'

2021-07-28 09:35:55 - [TEST_STEP][PASSED] - sendKeys(findTestObject("Configuracion/Distribucion Geografica/Oficinas/3Otras Configuraciones/3Motivos/Checks/input_TextoABuscar"), Keys.chord(ENTER)): Keys 'ENTER + ' sent to object: 'Object Repository/Configuracion/Distribucion Geografica/Oficinas/3Otras Configuraciones/3Motivos/Checks/input_TextoABuscar'

2021-07-28 09:35:56 - [MESSAGE][PASSED] - Keys 'ENTER + ' sent to object: 'Object Repository/Configuracion/Distribucion Geografica/Oficinas/3Otras Configuraciones/3Motivos/Checks/input_TextoABuscar'

2021-07-28 09:35:56 - [TEST_STEP][PASSED] - delay(3): Delayed 3 second(s)

2021-07-28 09:35:59 - [MESSAGE][PASSED] - Delayed 3 second(s)

2021-07-28 09:35:59 - [TEST_STEP][PASSED] - click(findTestObject("Configuracion/Distribucion Geografica/Oficinas/3Otras Configuraciones/3Motivos/Checks/a__SeleccionarTodo")): Object: 'Object Repository/Configuracion/Distribucion Geografica/Oficinas/3Otras Configuraciones/3Motivos/Checks/a__SeleccionarTodo' is clicked on

2021-07-28 09:36:00 - [MESSAGE][PASSED] - Object: 'Object Repository/Configuracion/Distribucion Geografica/Oficinas/3Otras Configuraciones/3Motivos/Checks/a__SeleccionarTodo' is clicked on

2021-07-28 09:36:00 - [TEST_STEP][PASSED] - delay(3): Delayed 3 second(s)

2021-07-28 09:36:03 - [MESSAGE][PASSED] - Delayed 3 second(s)

2021-07-28 09:36:03 - [TEST_STEP][PASSED] - click(findTestObject("Configuracion/Distribucion Geografica/Oficinas/3Otras Configuraciones/3Motivos/img_Nuevo")): Object: 'Object Repository/Configuracion/Distribucion Geografica/Oficinas/3Otras Configuraciones/3Motivos/img_Nuevo' is clicked on

2021-07-28 09:36:05 - [MESSAGE][PASSED] - Object: 'Object Repository/Configuracion/Distribucion Geografica/Oficinas/3Otras Configuraciones/3Motivos/img_Nuevo' is clicked on

2021-07-28 09:36:05 - [TEST_STEP][PASSED] - delay(3): Delayed 3 second(s)

2021-07-28 09:36:08 - [MESSAGE][PASSED] - Delayed 3 second(s)

2021-07-28 09:36:08 - [TEST_STEP][PASSED] - takeFullPageScreenshot(): Taking screenshot successfully

2021-07-28 09:36:11 - [MESSAGE][INFO] - 0 hidden object(s)

2021-07-28 09:36:12 - [MESSAGE][PASSED] - Taking screenshot successfully
[[ATTACHMENT|E:\\CIEL INGENIERIA\\KATALON\\Validaciones\\Reports\\20210728_093359\\0 Motivos\\Suspension -Con\\20210728_093359\\1627482968630.png]]

2021-07-28 09:36:12 - [TEST_STEP][PASSED] - delay(3): Delayed 3 second(s)

2021-07-28 09:36:15 - [MESSAGE][PASSED] - Delayed 3 second(s)

2021-07-28 09:36:15 - [TEST_STEP][PASSED] - click(findTestObject("1Inicio/a_Inicio")): Object: 'Object Repository/1Inicio/a_Inicio' is clicked on

2021-07-28 09:36:19 - [MESSAGE][PASSED] - Object: 'Object Repository/1Inicio/a_Inicio' is clicked on

2021-07-28 09:36:19 - [TEST_STEP][PASSED] - delay(3): Delayed 3 second(s)

2021-07-28 09:36:22 - [MESSAGE][PASSED] - Delayed 3 second(s)

2021-07-28 09:36:22 - [TEST_STEP][PASSED] - click(findTestObject("1Inicio/img_Operacion")): Object: 'Object Repository/1Inicio/img_Operacion' is clicked on

2021-07-28 09:36:24 - [MESSAGE][PASSED] - Object: 'Object Repository/1Inicio/img_Operacion' is clicked on

2021-07-28 09:36:24 - [TEST_STEP][PASSED] - delay(3): Delayed 3 second(s)

2021-07-28 09:36:27 - [MESSAGE][PASSED] - Delayed 3 second(s)

2021-07-28 09:36:27 - [TEST_STEP][PASSED] - click(findTestObject("2 Operacion/Elementos Del Sistema")): Object: 'Object Repository/2 Operacion/Elementos Del Sistema' is clicked on

2021-07-28 09:36:30 - [MESSAGE][PASSED] - Object: 'Object Repository/2 Operacion/Elementos Del Sistema' is clicked on

2021-07-28 09:36:30 - [TEST_STEP][PASSED] - delay(3): Delayed 3 second(s)

2021-07-28 09:36:33 - [MESSAGE][PASSED] - Delayed 3 second(s)

2021-07-28 09:36:33 - [TEST_STEP][PASSED] - click(findTestObject("2 Operacion/Elementos del Sistema/img_Terminales")): Object: 'Object Repository/2 Operacion/Elementos del Sistema/img_Terminales' is clicked on

2021-07-28 09:36:36 - [MESSAGE][PASSED] - Object: 'Object Repository/2 Operacion/Elementos del Sistema/img_Terminales' is clicked on

2021-07-28 09:36:36 - [TEST_STEP][PASSED] - delay(3): Delayed 3 second(s)

2021-07-28 09:36:39 - [MESSAGE][PASSED] - Delayed 3 second(s)

2021-07-28 09:36:39 - [TEST_STEP][PASSED] - click(findTestObject("2 Operacion/Elementos del Sistema/Selectores/00Oficinas/a_Bogota - CIEL")): Object: 'Object Repository/2 Operacion/Elementos del Sistema/Selectores/00Oficinas/a_Bogota - CIEL' is clicked on

2021-07-28 09:36:40 - [MESSAGE][PASSED] - Object: 'Object Repository/2 Operacion/Elementos del Sistema/Selectores/00Oficinas/a_Bogota - CIEL' is clicked on

2021-07-28 09:36:40 - [TEST_STEP][PASSED] - delay(3): Delayed 3 second(s)

2021-07-28 09:36:43 - [MESSAGE][PASSED] - Delayed 3 second(s)

2021-07-28 09:36:43 - [TEST_STEP][PASSED] - click(findTestObject("2 Operacion/Elementos del Sistema/Terminales/1Terminales menos WorkFlow/a_Terminal Informacion A01")): Object: 'Object Repository/2 Operacion/Elementos del Sistema/Terminales/1Terminales menos WorkFlow/a_Terminal Informacion A01' is clicked on

2021-07-28 09:36:44 - [MESSAGE][PASSED] - Object: 'Object Repository/2 Operacion/Elementos del Sistema/Terminales/1Terminales menos WorkFlow/a_Terminal Informacion A01' is clicked on

2021-07-28 09:36:44 - [TEST_STEP][PASSED] - delay(3): Delayed 3 second(s)

2021-07-28 09:36:47 - [MESSAGE][PASSED] - Delayed 3 second(s)

2021-07-28 09:36:47 - [TEST_STEP][PASSED] - click(findTestObject("2 Operacion/Elementos del Sistema/Terminales/Terminal/Funciones Basicas/img_Llamar")): Object: 'Object Repository/2 Operacion/Elementos del Sistema/Terminales/Terminal/Funciones Basicas/img_Llamar' is clicked on

2021-07-28 09:36:52 - [MESSAGE][PASSED] - Object: 'Object Repository/2 Operacion/Elementos del Sistema/Terminales/Terminal/Funciones Basicas/img_Llamar' is clicked on

2021-07-28 09:36:52 - [TEST_STEP][PASSED] - delay(3): Delayed 3 second(s)

2021-07-28 09:36:55 - [MESSAGE][PASSED] - Delayed 3 second(s)

2021-07-28 09:36:55 - [TEST_STEP][PASSED] - click(findTestObject("2 Operacion/Elementos del Sistema/Terminales/Terminal/Funciones Basicas/img_Ocupado")): Object: 'Object Repository/2 Operacion/Elementos del Sistema/Terminales/Terminal/Funciones Basicas/img_Ocupado' is clicked on

2021-07-28 09:36:57 - [MESSAGE][PASSED] - Object: 'Object Repository/2 Operacion/Elementos del Sistema/Terminales/Terminal/Funciones Basicas/img_Ocupado' is clicked on

2021-07-28 09:36:57 - [TEST_STEP][PASSED] - delay(3): Delayed 3 second(s)

2021-07-28 09:37:00 - [MESSAGE][PASSED] - Delayed 3 second(s)

2021-07-28 09:37:00 - [TEST_STEP][PASSED] - click(findTestObject("2 Operacion/Elementos del Sistema/Terminales/Terminal/Funciones Basicas/imgOcupado/a_Actualizacion de Datos")): Object: 'Object Repository/2 Operacion/Elementos del Sistema/Terminales/Terminal/Funciones Basicas/imgOcupado/a_Actualizacion de Datos' is clicked on

2021-07-28 09:37:01 - [MESSAGE][PASSED] - Object: 'Object Repository/2 Operacion/Elementos del Sistema/Terminales/Terminal/Funciones Basicas/imgOcupado/a_Actualizacion de Datos' is clicked on

2021-07-28 09:37:01 - [TEST_STEP][PASSED] - delay(3): Delayed 3 second(s)

2021-07-28 09:37:04 - [MESSAGE][PASSED] - Delayed 3 second(s)

2021-07-28 09:37:04 - [TEST_STEP][PASSED] - verifyElementVisible(findTestObject("2 Operacion/Elementos del Sistema/Terminales/Terminal/Funciones Basicas/img_Suspender")): Object 'Object Repository/2 Operacion/Elementos del Sistema/Terminales/Terminal/Funciones Basicas/img_Suspender' is visible

2021-07-28 09:37:06 - [MESSAGE][PASSED] - Object 'Object Repository/2 Operacion/Elementos del Sistema/Terminales/Terminal/Funciones Basicas/img_Suspender' is visible

2021-07-28 09:37:06 - [TEST_STEP][PASSED] - takeFullPageScreenshot(): Taking screenshot successfully

2021-07-28 09:37:07 - [MESSAGE][INFO] - 0 hidden object(s)

2021-07-28 09:37:07 - [MESSAGE][PASSED] - Taking screenshot successfully
[[ATTACHMENT|E:\\CIEL INGENIERIA\\KATALON\\Validaciones\\Reports\\20210728_093359\\0 Motivos\\Suspension -Con\\20210728_093359\\1627483026355.png]]

2021-07-28 09:37:07 - [TEST_STEP][PASSED] - delay(3): Delayed 3 second(s)

2021-07-28 09:37:10 - [MESSAGE][PASSED] - Delayed 3 second(s)

2021-07-28 09:37:10 - [TEST_STEP][PASSED] - click(findTestObject("2 Operacion/Elementos del Sistema/Terminales/Terminal/Funciones Basicas/img_Cerrar")): Object: 'Object Repository/2 Operacion/Elementos del Sistema/Terminales/Terminal/Funciones Basicas/img_Cerrar' is clicked on

2021-07-28 09:37:11 - [MESSAGE][PASSED] - Object: 'Object Repository/2 Operacion/Elementos del Sistema/Terminales/Terminal/Funciones Basicas/img_Cerrar' is clicked on

2021-07-28 09:37:11 - [TEST_STEP][PASSED] - delay(3): Delayed 3 second(s)

2021-07-28 09:37:14 - [MESSAGE][PASSED] - Delayed 3 second(s)

2021-07-28 09:37:14 - [TEST_STEP][PASSED] - click(findTestObject("2 Operacion/Elementos del Sistema/Terminales/Terminal/Funciones Basicas/imgCerrar/btn_FindeJornada")): Object: 'Object Repository/2 Operacion/Elementos del Sistema/Terminales/Terminal/Funciones Basicas/imgCerrar/btn_FindeJornada' is clicked on

2021-07-28 09:37:16 - [MESSAGE][PASSED] - Object: 'Object Repository/2 Operacion/Elementos del Sistema/Terminales/Terminal/Funciones Basicas/imgCerrar/btn_FindeJornada' is clicked on

2021-07-28 09:37:16 - [TEST_STEP][PASSED] - delay(3): Delayed 3 second(s)

2021-07-28 09:37:19 - [MESSAGE][PASSED] - Delayed 3 second(s)]]></system-out>
         <system-err><![CDATA[]]></system-err>
      </testcase>
      <system-out><![CDATA[2021-07-28 09:34:23 - [TEST_SUITE][PASSED] - Suspension -Con: Test Cases/0 Motivos/Suspension - Con]]></system-out>
      <system-err><![CDATA[]]></system-err>
   </testsuite>
</testsuites>
