<?xml version="1.0" encoding="UTF-8"?>
<testsuites name="Tipo Kiosco" time="139.129" tests="1" failures="0" errors="0">
   <testsuite name="Tipo Kiosco" tests="1" failures="0" errors="0" time="139.129" skipped="0" timestamp="2021-07-26 09:26:40" hostname="BILIKI - DESKTOP-HH1RJM2" id="Test Suites/0 Jornadas/Tipo Kiosco">
      <properties>
         <property name="deviceName" value=""/>
         <property name="devicePlatform" value=""/>
         <property name="logFolder" value="E:\\CIEL INGENIERIA\\KATALON\\Validaciones\\Reports\\20210726_092619\\0 Jornadas\\Tipo Kiosco\\20210726_092619"/>
         <property name="logFiles" value="E:\\CIEL INGENIERIA\\KATALON\\Validaciones\\Reports\\20210726_092619\\0 Jornadas\\Tipo Kiosco\\20210726_092619\\execution0.log"/>
         <property name="attachments" value="E:\\CIEL INGENIERIA\\KATALON\\Validaciones\\Reports\\20210726_092619\\0 Jornadas\\Tipo Kiosco\\20210726_092619\\1627309669625.png, E:\\CIEL INGENIERIA\\KATALON\\Validaciones\\Reports\\20210726_092619\\0 Jornadas\\Tipo Kiosco\\20210726_092619\\1627309712087.png"/>
         <property name="hostName" value="BILIKI - DESKTOP-HH1RJM2"/>
         <property name="os" value="Windows 10 64bit"/>
         <property name="katalonVersion" value="8.0.5.208"/>
         <property name="browser" value="Chrome 92.0.4515.107"/>
         <property name="hostAddress" value="169.254.142.112"/>
         <property name="sessionId" value="b766c5729ec5ed152ba95bb2eba06ead"/>
         <property name="seleniumVersion" value="3.141.59"/>
         <property name="proxyInformation" value="ProxyInformation { proxyOption=NO_PROXY, proxyServerType=HTTP, username=, password=********, proxyServerAddress=, proxyServerPort=0, executionList=&quot;&quot;, isApplyToDesiredCapabilities=true }"/>
         <property name="platform" value="Windows 10"/>
      </properties>
      <testcase name="Test Cases/0 Jornadas/Tipo Kiosco" time="115.359" classname="Test Cases/0 Jornadas/Tipo Kiosco" status="PASSED">
         <system-out><![CDATA[2021-07-26 09:26:42 - [TEST_CASE][PASSED] - Test Cases/0 Jornadas/Tipo Kiosco: Test Cases/0 Jornadas/Tipo Kiosco

2021-07-26 09:26:44 - [TEST_STEP][PASSED] - callTestCase(findTestCase("Inicio Sesion sin variables"), [:], STOP_ON_FAILURE): Call Test Case 'Test Cases/Inicio Sesion sin variables' successfully

2021-07-26 09:26:44 - [TEST_CASE][PASSED] - Test Cases/Inicio Sesion sin variables: Test Cases/Inicio Sesion sin variables

2021-07-26 09:26:46 - [TEST_STEP][PASSED] - openBrowser("http://Localhost:8810"): Browser is opened with url: 'http://Localhost:8810'

2021-07-26 09:26:47 - [MESSAGE][INFO] - Starting 'Chrome' driver

2021-07-26 09:26:47 - [MESSAGE][INFO] - Action delay is set to 0 milliseconds

2021-07-26 09:27:04 - [MESSAGE][PASSED] - Browser is opened with url: 'http://Localhost:8810'

2021-07-26 09:27:04 - [TEST_STEP][PASSED] - maximizeWindow(): Current window maximized

2021-07-26 09:27:04 - [MESSAGE][PASSED] - Current window maximized

2021-07-26 09:27:04 - [TEST_STEP][PASSED] - setText(findTestObject("0Inicio Sesion/input__Usuario"), "ciel"): Text 'ciel' is set on object 'Object Repository/0Inicio Sesion/input__Usuario'

2021-07-26 09:27:07 - [MESSAGE][PASSED] - Text 'ciel' is set on object 'Object Repository/0Inicio Sesion/input__Usuario'

2021-07-26 09:27:07 - [TEST_STEP][PASSED] - setText(findTestObject("0Inicio Sesion/input__Clave"), "digiturno"): Text 'digiturno' is set on object 'Object Repository/0Inicio Sesion/input__Clave'

2021-07-26 09:27:09 - [MESSAGE][PASSED] - Text 'digiturno' is set on object 'Object Repository/0Inicio Sesion/input__Clave'

2021-07-26 09:27:09 - [TEST_STEP][PASSED] - click(findTestObject("0Inicio Sesion/btn_IniciarSesion")): Object: 'Object Repository/0Inicio Sesion/btn_IniciarSesion' is clicked on

2021-07-26 09:27:10 - [MESSAGE][PASSED] - Object: 'Object Repository/0Inicio Sesion/btn_IniciarSesion' is clicked on

2021-07-26 09:27:10 - [TEST_STEP][PASSED] - delay(3): Delayed 3 second(s)

2021-07-26 09:27:13 - [MESSAGE][PASSED] - Delayed 3 second(s)

2021-07-26 09:27:13 - [MESSAGE][PASSED] - Call Test Case 'Test Cases/Inicio Sesion sin variables' successfully

2021-07-26 09:27:13 - [TEST_STEP][PASSED] - click(findTestObject("1Inicio/img_Configuracion")): Object: 'Object Repository/1Inicio/img_Configuracion' is clicked on

2021-07-26 09:27:16 - [MESSAGE][PASSED] - Object: 'Object Repository/1Inicio/img_Configuracion' is clicked on

2021-07-26 09:27:16 - [TEST_STEP][PASSED] - delay(3): Delayed 3 second(s)

2021-07-26 09:27:19 - [MESSAGE][PASSED] - Delayed 3 second(s)

2021-07-26 09:27:19 - [TEST_STEP][PASSED] - click(findTestObject("Configuracion/1Principal/img_Jornadas de Atencion")): Object: 'Object Repository/Configuracion/1Principal/img_Jornadas de Atencion' is clicked on

2021-07-26 09:27:21 - [MESSAGE][PASSED] - Object: 'Object Repository/Configuracion/1Principal/img_Jornadas de Atencion' is clicked on

2021-07-26 09:27:21 - [TEST_STEP][PASSED] - delay(3): Delayed 3 second(s)

2021-07-26 09:27:24 - [MESSAGE][PASSED] - Delayed 3 second(s)

2021-07-26 09:27:24 - [TEST_STEP][PASSED] - click(findTestObject("Configuracion/Jornadas de Atencion/0Oficinas Emergente/a_Seleccionar")): Object: 'Object Repository/Configuracion/Jornadas de Atencion/0Oficinas Emergente/a_Seleccionar' is clicked on

2021-07-26 09:27:25 - [MESSAGE][PASSED] - Object: 'Object Repository/Configuracion/Jornadas de Atencion/0Oficinas Emergente/a_Seleccionar' is clicked on

2021-07-26 09:27:25 - [TEST_STEP][PASSED] - delay(3): Delayed 3 second(s)

2021-07-26 09:27:28 - [MESSAGE][PASSED] - Delayed 3 second(s)

2021-07-26 09:27:28 - [TEST_STEP][PASSED] - setText(findTestObject("Configuracion/Jornadas de Atencion/2Lista de Jornadas/input_TextoABuscar"), "Kiosco"): Text 'Kiosco' is set on object 'Object Repository/Configuracion/Jornadas de Atencion/2Lista de Jornadas/input_TextoABuscar'

2021-07-26 09:27:30 - [MESSAGE][PASSED] - Text 'Kiosco' is set on object 'Object Repository/Configuracion/Jornadas de Atencion/2Lista de Jornadas/input_TextoABuscar'

2021-07-26 09:27:30 - [TEST_STEP][PASSED] - delay(3): Delayed 3 second(s)

2021-07-26 09:27:33 - [MESSAGE][PASSED] - Delayed 3 second(s)

2021-07-26 09:27:33 - [TEST_STEP][PASSED] - click(findTestObject("Configuracion/Jornadas de Atencion/2Lista de Jornadas/a_Seleccionar")): Object: 'Object Repository/Configuracion/Jornadas de Atencion/2Lista de Jornadas/a_Seleccionar' is clicked on

2021-07-26 09:27:34 - [MESSAGE][PASSED] - Object: 'Object Repository/Configuracion/Jornadas de Atencion/2Lista de Jornadas/a_Seleccionar' is clicked on

2021-07-26 09:27:34 - [TEST_STEP][PASSED] - delay(3): Delayed 3 second(s)

2021-07-26 09:27:37 - [MESSAGE][PASSED] - Delayed 3 second(s)

2021-07-26 09:27:37 - [TEST_STEP][PASSED] - selectOptionByLabel(findTestObject("Configuracion/Jornadas de Atencion/2Edicion/select_Tipo"), "Kiosco", false): All options with label 'Kiosco' are selected in object 'Object Repository/Configuracion/Jornadas de Atencion/2Edicion/select_Tipo' 

2021-07-26 09:27:38 - [MESSAGE][PASSED] - All options with label 'Kiosco' are selected in object 'Object Repository/Configuracion/Jornadas de Atencion/2Edicion/select_Tipo' 

2021-07-26 09:27:38 - [TEST_STEP][PASSED] - delay(3): Delayed 3 second(s)

2021-07-26 09:27:41 - [MESSAGE][PASSED] - Delayed 3 second(s)

2021-07-26 09:27:41 - [TEST_STEP][PASSED] - scrollToPosition(0, 0): Browser is scrolled to position x = 0, y = 0

2021-07-26 09:27:42 - [MESSAGE][PASSED] - Browser is scrolled to position x = 0, y = 0

2021-07-26 09:27:42 - [TEST_STEP][PASSED] - delay(3): Delayed 3 second(s)

2021-07-26 09:27:45 - [MESSAGE][PASSED] - Delayed 3 second(s)

2021-07-26 09:27:45 - [TEST_STEP][PASSED] - click(findTestObject("Configuracion/Jornadas de Atencion/2Edicion/img_Actualizar2")): Object: 'Object Repository/Configuracion/Jornadas de Atencion/2Edicion/img_Actualizar2' is clicked on

2021-07-26 09:27:46 - [MESSAGE][PASSED] - Object: 'Object Repository/Configuracion/Jornadas de Atencion/2Edicion/img_Actualizar2' is clicked on

2021-07-26 09:27:46 - [TEST_STEP][PASSED] - delay(3): Delayed 3 second(s)

2021-07-26 09:27:49 - [MESSAGE][PASSED] - Delayed 3 second(s)

2021-07-26 09:27:49 - [TEST_STEP][PASSED] - takeFullPageScreenshot(): Taking screenshot successfully

2021-07-26 09:27:51 - [MESSAGE][INFO] - 0 hidden object(s)

2021-07-26 09:27:52 - [MESSAGE][PASSED] - Taking screenshot successfully
[[ATTACHMENT|E:\\CIEL INGENIERIA\\KATALON\\Validaciones\\Reports\\20210726_092619\\0 Jornadas\\Tipo Kiosco\\20210726_092619\\1627309669625.png]]

2021-07-26 09:27:52 - [TEST_STEP][PASSED] - delay(3): Delayed 3 second(s)

2021-07-26 09:27:55 - [MESSAGE][PASSED] - Delayed 3 second(s)

2021-07-26 09:27:55 - [TEST_STEP][PASSED] - click(findTestObject("1Inicio/a_Inicio")): Object: 'Object Repository/1Inicio/a_Inicio' is clicked on

2021-07-26 09:27:58 - [MESSAGE][PASSED] - Object: 'Object Repository/1Inicio/a_Inicio' is clicked on

2021-07-26 09:27:58 - [TEST_STEP][PASSED] - delay(3): Delayed 3 second(s)

2021-07-26 09:28:01 - [MESSAGE][PASSED] - Delayed 3 second(s)

2021-07-26 09:28:01 - [TEST_STEP][PASSED] - click(findTestObject("1Inicio/img_Configuracion")): Object: 'Object Repository/1Inicio/img_Configuracion' is clicked on

2021-07-26 09:28:03 - [MESSAGE][PASSED] - Object: 'Object Repository/1Inicio/img_Configuracion' is clicked on

2021-07-26 09:28:03 - [TEST_STEP][PASSED] - delay(3): Delayed 3 second(s)

2021-07-26 09:28:06 - [MESSAGE][PASSED] - Delayed 3 second(s)

2021-07-26 09:28:06 - [TEST_STEP][PASSED] - click(findTestObject("Configuracion/1Principal/img_Elementos del Sistema")): Object: 'Object Repository/Configuracion/1Principal/img_Elementos del Sistema' is clicked on

2021-07-26 09:28:09 - [MESSAGE][PASSED] - Object: 'Object Repository/Configuracion/1Principal/img_Elementos del Sistema' is clicked on

2021-07-26 09:28:09 - [TEST_STEP][PASSED] - delay(3): Delayed 3 second(s)

2021-07-26 09:28:12 - [MESSAGE][PASSED] - Delayed 3 second(s)

2021-07-26 09:28:12 - [TEST_STEP][PASSED] - click(findTestObject("Configuracion/Elementos del Sistema/1Principal/img_Kioscos")): Object: 'Object Repository/Configuracion/Elementos del Sistema/1Principal/img_Kioscos' is clicked on

2021-07-26 09:28:16 - [MESSAGE][PASSED] - Object: 'Object Repository/Configuracion/Elementos del Sistema/1Principal/img_Kioscos' is clicked on

2021-07-26 09:28:16 - [TEST_STEP][PASSED] - delay(3): Delayed 3 second(s)

2021-07-26 09:28:19 - [MESSAGE][PASSED] - Delayed 3 second(s)

2021-07-26 09:28:19 - [TEST_STEP][PASSED] - click(findTestObject("Configuracion/Elementos del Sistema/Kioscos/0Oficina_Emergente/a_Seleccionar")): Object: 'Object Repository/Configuracion/Elementos del Sistema/Kioscos/0Oficina_Emergente/a_Seleccionar' is clicked on

2021-07-26 09:28:20 - [MESSAGE][PASSED] - Object: 'Object Repository/Configuracion/Elementos del Sistema/Kioscos/0Oficina_Emergente/a_Seleccionar' is clicked on

2021-07-26 09:28:20 - [TEST_STEP][PASSED] - delay(3): Delayed 3 second(s)

2021-07-26 09:28:23 - [MESSAGE][PASSED] - Delayed 3 second(s)

2021-07-26 09:28:23 - [TEST_STEP][PASSED] - click(findTestObject("Configuracion/Elementos del Sistema/Kioscos/2ListaDeKioscos/a_Seleccionar")): Object: 'Object Repository/Configuracion/Elementos del Sistema/Kioscos/2ListaDeKioscos/a_Seleccionar' is clicked on

2021-07-26 09:28:24 - [MESSAGE][PASSED] - Object: 'Object Repository/Configuracion/Elementos del Sistema/Kioscos/2ListaDeKioscos/a_Seleccionar' is clicked on

2021-07-26 09:28:24 - [TEST_STEP][PASSED] - delay(3): Delayed 3 second(s)

2021-07-26 09:28:27 - [MESSAGE][PASSED] - Delayed 3 second(s)

2021-07-26 09:28:27 - [TEST_STEP][PASSED] - scrollToPosition(0, 1200): Browser is scrolled to position x = 0, y = 1200

2021-07-26 09:28:28 - [MESSAGE][PASSED] - Browser is scrolled to position x = 0, y = 1200

2021-07-26 09:28:28 - [TEST_STEP][PASSED] - delay(3): Delayed 3 second(s)

2021-07-26 09:28:31 - [MESSAGE][PASSED] - Delayed 3 second(s)

2021-07-26 09:28:31 - [TEST_STEP][PASSED] - verifyElementVisible(findTestObject("Configuracion/Elementos del Sistema/Kioscos/3JornadasOficinas/td_Kiosco")): Object 'Object Repository/Configuracion/Elementos del Sistema/Kioscos/3JornadasOficinas/td_Kiosco' is visible

2021-07-26 09:28:32 - [MESSAGE][PASSED] - Object 'Object Repository/Configuracion/Elementos del Sistema/Kioscos/3JornadasOficinas/td_Kiosco' is visible

2021-07-26 09:28:32 - [TEST_STEP][PASSED] - takeFullPageScreenshot(): Taking screenshot successfully

2021-07-26 09:28:34 - [MESSAGE][INFO] - 0 hidden object(s)

2021-07-26 09:28:34 - [MESSAGE][PASSED] - Taking screenshot successfully
[[ATTACHMENT|E:\\CIEL INGENIERIA\\KATALON\\Validaciones\\Reports\\20210726_092619\\0 Jornadas\\Tipo Kiosco\\20210726_092619\\1627309712087.png]]

2021-07-26 09:28:34 - [TEST_STEP][PASSED] - delay(3): Delayed 3 second(s)

2021-07-26 09:28:37 - [MESSAGE][PASSED] - Delayed 3 second(s)]]></system-out>
         <system-err><![CDATA[]]></system-err>
      </testcase>
      <system-out><![CDATA[2021-07-26 09:26:40 - [TEST_SUITE][PASSED] - Tipo Kiosco: Test Cases/0 Jornadas/Tipo Kiosco]]></system-out>
      <system-err><![CDATA[]]></system-err>
   </testsuite>
</testsuites>
