<?xml version="1.0" encoding="UTF-8"?>
<testsuites name="Cancelacion Turno - Con" time="210.3" tests="1" failures="0" errors="0">
   <testsuite name="Cancelacion Turno - Con" tests="1" failures="0" errors="0" time="210.3" skipped="0" timestamp="2021-07-28 10:18:57" hostname="BILIKI - DESKTOP-HH1RJM2" id="Test Suites/0 Motivos/Cancelacion Turno - Con">
      <properties>
         <property name="deviceName" value=""/>
         <property name="devicePlatform" value=""/>
         <property name="logFolder" value="E:\\CIEL INGENIERIA\\KATALON\\Validaciones\\Reports\\20210728_101833\\0 Motivos\\Cancelacion Turno - Con\\20210728_101833"/>
         <property name="logFiles" value="E:\\CIEL INGENIERIA\\KATALON\\Validaciones\\Reports\\20210728_101833\\0 Motivos\\Cancelacion Turno - Con\\20210728_101833\\execution0.log"/>
         <property name="attachments" value="E:\\CIEL INGENIERIA\\KATALON\\Validaciones\\Reports\\20210728_101833\\0 Motivos\\Cancelacion Turno - Con\\20210728_101833\\1627485585332.png, E:\\CIEL INGENIERIA\\KATALON\\Validaciones\\Reports\\20210728_101833\\0 Motivos\\Cancelacion Turno - Con\\20210728_101833\\1627485639843.png, E:\\CIEL INGENIERIA\\KATALON\\Validaciones\\Reports\\20210728_101833\\0 Motivos\\Cancelacion Turno - Con\\20210728_101833\\1627485701756.png"/>
         <property name="hostName" value="BILIKI - DESKTOP-HH1RJM2"/>
         <property name="os" value="Windows 10 64bit"/>
         <property name="katalonVersion" value="8.0.5.208"/>
         <property name="browser" value="Chrome 92.0.4515.107"/>
         <property name="hostAddress" value="169.254.142.112"/>
         <property name="sessionId" value="69853f6f8e69d140199dd34268a864e3"/>
         <property name="seleniumVersion" value="3.141.59"/>
         <property name="proxyInformation" value="ProxyInformation { proxyOption=NO_PROXY, proxyServerType=HTTP, username=, password=********, proxyServerAddress=, proxyServerPort=0, executionList=&quot;&quot;, isApplyToDesiredCapabilities=true }"/>
         <property name="platform" value="Windows 10"/>
      </properties>
      <testcase name="Test Cases/0 Motivos/Cancelacion Turno - Con" time="183.087" classname="Test Cases/0 Motivos/Cancelacion Turno - Con" status="PASSED">
         <system-out><![CDATA[2021-07-28 10:18:59 - [TEST_CASE][PASSED] - Test Cases/0 Motivos/Cancelacion Turno - Con: Test Cases/0 Motivos/Cancelacion Turno - Con

2021-07-28 10:19:01 - [TEST_STEP][PASSED] - callTestCase(findTestCase("Inicio Sesion sin variables"), [:], STOP_ON_FAILURE): Call Test Case 'Test Cases/Inicio Sesion sin variables' successfully

2021-07-28 10:19:01 - [TEST_CASE][PASSED] - Test Cases/Inicio Sesion sin variables: Test Cases/Inicio Sesion sin variables

2021-07-28 10:19:02 - [TEST_STEP][PASSED] - openBrowser("http://Localhost:8810"): Browser is opened with url: 'http://Localhost:8810'

2021-07-28 10:19:04 - [MESSAGE][INFO] - Starting 'Chrome' driver

2021-07-28 10:19:04 - [MESSAGE][INFO] - Action delay is set to 0 milliseconds

2021-07-28 10:19:17 - [MESSAGE][PASSED] - Browser is opened with url: 'http://Localhost:8810'

2021-07-28 10:19:17 - [TEST_STEP][PASSED] - maximizeWindow(): Current window maximized

2021-07-28 10:19:18 - [MESSAGE][PASSED] - Current window maximized

2021-07-28 10:19:18 - [TEST_STEP][PASSED] - setText(findTestObject("0Inicio Sesion/input__Usuario"), "ciel"): Text 'ciel' is set on object 'Object Repository/0Inicio Sesion/input__Usuario'

2021-07-28 10:19:20 - [MESSAGE][PASSED] - Text 'ciel' is set on object 'Object Repository/0Inicio Sesion/input__Usuario'

2021-07-28 10:19:20 - [TEST_STEP][PASSED] - setText(findTestObject("0Inicio Sesion/input__Clave"), "digiturno"): Text 'digiturno' is set on object 'Object Repository/0Inicio Sesion/input__Clave'

2021-07-28 10:19:21 - [MESSAGE][PASSED] - Text 'digiturno' is set on object 'Object Repository/0Inicio Sesion/input__Clave'

2021-07-28 10:19:21 - [TEST_STEP][PASSED] - click(findTestObject("0Inicio Sesion/btn_IniciarSesion")): Object: 'Object Repository/0Inicio Sesion/btn_IniciarSesion' is clicked on

2021-07-28 10:19:22 - [MESSAGE][PASSED] - Object: 'Object Repository/0Inicio Sesion/btn_IniciarSesion' is clicked on

2021-07-28 10:19:22 - [TEST_STEP][PASSED] - delay(3): Delayed 3 second(s)

2021-07-28 10:19:25 - [MESSAGE][PASSED] - Delayed 3 second(s)

2021-07-28 10:19:26 - [MESSAGE][PASSED] - Call Test Case 'Test Cases/Inicio Sesion sin variables' successfully

2021-07-28 10:19:26 - [TEST_STEP][PASSED] - click(findTestObject("1Inicio/img_Configuracion")): Object: 'Object Repository/1Inicio/img_Configuracion' is clicked on

2021-07-28 10:19:28 - [MESSAGE][PASSED] - Object: 'Object Repository/1Inicio/img_Configuracion' is clicked on

2021-07-28 10:19:28 - [TEST_STEP][PASSED] - delay(3): Delayed 3 second(s)

2021-07-28 10:19:31 - [MESSAGE][PASSED] - Delayed 3 second(s)

2021-07-28 10:19:31 - [TEST_STEP][PASSED] - click(findTestObject("Configuracion/1Principal/img_Elementos del Sistema")): Object: 'Object Repository/Configuracion/1Principal/img_Elementos del Sistema' is clicked on

2021-07-28 10:19:33 - [MESSAGE][PASSED] - Object: 'Object Repository/Configuracion/1Principal/img_Elementos del Sistema' is clicked on

2021-07-28 10:19:33 - [TEST_STEP][PASSED] - delay(3): Delayed 3 second(s)

2021-07-28 10:19:36 - [MESSAGE][PASSED] - Delayed 3 second(s)

2021-07-28 10:19:36 - [TEST_STEP][PASSED] - click(findTestObject("Configuracion/Elementos del Sistema/1Principal/img_Motivos")): Object: 'Object Repository/Configuracion/Elementos del Sistema/1Principal/img_Motivos' is clicked on

2021-07-28 10:19:37 - [MESSAGE][PASSED] - Object: 'Object Repository/Configuracion/Elementos del Sistema/1Principal/img_Motivos' is clicked on

2021-07-28 10:19:37 - [TEST_STEP][PASSED] - delay(3): Delayed 3 second(s)

2021-07-28 10:19:40 - [MESSAGE][PASSED] - Delayed 3 second(s)

2021-07-28 10:19:40 - [TEST_STEP][PASSED] - click(findTestObject("Configuracion/Elementos del Sistema/Motivos/span_Motivos")): Object: 'Object Repository/Configuracion/Elementos del Sistema/Motivos/span_Motivos' is clicked on

2021-07-28 10:19:42 - [MESSAGE][PASSED] - Object: 'Object Repository/Configuracion/Elementos del Sistema/Motivos/span_Motivos' is clicked on

2021-07-28 10:19:42 - [TEST_STEP][PASSED] - delay(3): Delayed 3 second(s)

2021-07-28 10:19:45 - [MESSAGE][PASSED] - Delayed 3 second(s)

2021-07-28 10:19:45 - [TEST_STEP][PASSED] - takeFullPageScreenshot(): Taking screenshot successfully

2021-07-28 10:19:46 - [MESSAGE][INFO] - 0 hidden object(s)

2021-07-28 10:19:47 - [MESSAGE][PASSED] - Taking screenshot successfully
[[ATTACHMENT|E:\\CIEL INGENIERIA\\KATALON\\Validaciones\\Reports\\20210728_101833\\0 Motivos\\Cancelacion Turno - Con\\20210728_101833\\1627485585332.png]]

2021-07-28 10:19:47 - [TEST_STEP][PASSED] - delay(3): Delayed 3 second(s)

2021-07-28 10:19:50 - [MESSAGE][PASSED] - Delayed 3 second(s)

2021-07-28 10:19:50 - [TEST_STEP][PASSED] - click(findTestObject("1Inicio/a_Inicio")): Object: 'Object Repository/1Inicio/a_Inicio' is clicked on

2021-07-28 10:19:54 - [MESSAGE][PASSED] - Object: 'Object Repository/1Inicio/a_Inicio' is clicked on

2021-07-28 10:19:54 - [TEST_STEP][PASSED] - delay(3): Delayed 3 second(s)

2021-07-28 10:19:57 - [MESSAGE][PASSED] - Delayed 3 second(s)

2021-07-28 10:19:57 - [TEST_STEP][PASSED] - click(findTestObject("1Inicio/img_Configuracion")): Object: 'Object Repository/1Inicio/img_Configuracion' is clicked on

2021-07-28 10:20:00 - [MESSAGE][PASSED] - Object: 'Object Repository/1Inicio/img_Configuracion' is clicked on

2021-07-28 10:20:00 - [TEST_STEP][PASSED] - delay(3): Delayed 3 second(s)

2021-07-28 10:20:03 - [MESSAGE][PASSED] - Delayed 3 second(s)

2021-07-28 10:20:03 - [TEST_STEP][PASSED] - click(findTestObject("Configuracion/1Principal/img_Distribucion Geografica")): Object: 'Object Repository/Configuracion/1Principal/img_Distribucion Geografica' is clicked on

2021-07-28 10:20:06 - [MESSAGE][PASSED] - Object: 'Object Repository/Configuracion/1Principal/img_Distribucion Geografica' is clicked on

2021-07-28 10:20:07 - [TEST_STEP][PASSED] - delay(3): Delayed 3 second(s)

2021-07-28 10:20:10 - [MESSAGE][PASSED] - Delayed 3 second(s)

2021-07-28 10:20:10 - [TEST_STEP][PASSED] - click(findTestObject("Configuracion/Distribucion Geografica/1Principal/img_Oficinas")): Object: 'Object Repository/Configuracion/Distribucion Geografica/1Principal/img_Oficinas' is clicked on

2021-07-28 10:20:13 - [MESSAGE][PASSED] - Object: 'Object Repository/Configuracion/Distribucion Geografica/1Principal/img_Oficinas' is clicked on

2021-07-28 10:20:13 - [TEST_STEP][PASSED] - delay(3): Delayed 3 second(s)

2021-07-28 10:20:16 - [MESSAGE][PASSED] - Delayed 3 second(s)

2021-07-28 10:20:16 - [TEST_STEP][PASSED] - click(findTestObject("Configuracion/Distribucion Geografica/Oficinas/2Lista de Oficinas/a_Seleccionar")): Object: 'Object Repository/Configuracion/Distribucion Geografica/Oficinas/2Lista de Oficinas/a_Seleccionar' is clicked on

2021-07-28 10:20:17 - [MESSAGE][PASSED] - Object: 'Object Repository/Configuracion/Distribucion Geografica/Oficinas/2Lista de Oficinas/a_Seleccionar' is clicked on

2021-07-28 10:20:17 - [TEST_STEP][PASSED] - delay(3): Delayed 3 second(s)

2021-07-28 10:20:20 - [MESSAGE][PASSED] - Delayed 3 second(s)

2021-07-28 10:20:20 - [TEST_STEP][PASSED] - click(findTestObject("Configuracion/Distribucion Geografica/Oficinas/3Otras Configuraciones/1Pestanas/span_Motivos")): Object: 'Object Repository/Configuracion/Distribucion Geografica/Oficinas/3Otras Configuraciones/1Pestanas/span_Motivos' is clicked on

2021-07-28 10:20:23 - [MESSAGE][PASSED] - Object: 'Object Repository/Configuracion/Distribucion Geografica/Oficinas/3Otras Configuraciones/1Pestanas/span_Motivos' is clicked on

2021-07-28 10:20:23 - [TEST_STEP][PASSED] - delay(3): Delayed 3 second(s)

2021-07-28 10:20:26 - [MESSAGE][PASSED] - Delayed 3 second(s)

2021-07-28 10:20:26 - [TEST_STEP][PASSED] - setText(findTestObject("Configuracion/Distribucion Geografica/Oficinas/3Otras Configuraciones/3Motivos/Checks/input_TextoABuscar"), "Turno"): Text 'Turno' is set on object 'Object Repository/Configuracion/Distribucion Geografica/Oficinas/3Otras Configuraciones/3Motivos/Checks/input_TextoABuscar'

2021-07-28 10:20:28 - [MESSAGE][PASSED] - Text 'Turno' is set on object 'Object Repository/Configuracion/Distribucion Geografica/Oficinas/3Otras Configuraciones/3Motivos/Checks/input_TextoABuscar'

2021-07-28 10:20:28 - [TEST_STEP][PASSED] - sendKeys(findTestObject("Configuracion/Distribucion Geografica/Oficinas/3Otras Configuraciones/3Motivos/Checks/input_TextoABuscar"), Keys.chord(ENTER)): Keys 'ENTER + ' sent to object: 'Object Repository/Configuracion/Distribucion Geografica/Oficinas/3Otras Configuraciones/3Motivos/Checks/input_TextoABuscar'

2021-07-28 10:20:29 - [MESSAGE][PASSED] - Keys 'ENTER + ' sent to object: 'Object Repository/Configuracion/Distribucion Geografica/Oficinas/3Otras Configuraciones/3Motivos/Checks/input_TextoABuscar'

2021-07-28 10:20:29 - [TEST_STEP][PASSED] - delay(3): Delayed 3 second(s)

2021-07-28 10:20:32 - [MESSAGE][PASSED] - Delayed 3 second(s)

2021-07-28 10:20:32 - [TEST_STEP][PASSED] - click(findTestObject("Configuracion/Distribucion Geografica/Oficinas/3Otras Configuraciones/3Motivos/Checks/a__SeleccionarTodo")): Object: 'Object Repository/Configuracion/Distribucion Geografica/Oficinas/3Otras Configuraciones/3Motivos/Checks/a__SeleccionarTodo' is clicked on

2021-07-28 10:20:33 - [MESSAGE][PASSED] - Object: 'Object Repository/Configuracion/Distribucion Geografica/Oficinas/3Otras Configuraciones/3Motivos/Checks/a__SeleccionarTodo' is clicked on

2021-07-28 10:20:33 - [TEST_STEP][PASSED] - delay(3): Delayed 3 second(s)

2021-07-28 10:20:36 - [MESSAGE][PASSED] - Delayed 3 second(s)

2021-07-28 10:20:36 - [TEST_STEP][PASSED] - click(findTestObject("Configuracion/Distribucion Geografica/Oficinas/3Otras Configuraciones/3Motivos/img_Nuevo")): Object: 'Object Repository/Configuracion/Distribucion Geografica/Oficinas/3Otras Configuraciones/3Motivos/img_Nuevo' is clicked on

2021-07-28 10:20:37 - [MESSAGE][PASSED] - Object: 'Object Repository/Configuracion/Distribucion Geografica/Oficinas/3Otras Configuraciones/3Motivos/img_Nuevo' is clicked on

2021-07-28 10:20:37 - [TEST_STEP][PASSED] - delay(2): Delayed 2 second(s)

2021-07-28 10:20:39 - [MESSAGE][PASSED] - Delayed 2 second(s)

2021-07-28 10:20:39 - [TEST_STEP][PASSED] - takeFullPageScreenshot(): Taking screenshot successfully

2021-07-28 10:20:42 - [MESSAGE][INFO] - 0 hidden object(s)

2021-07-28 10:20:43 - [MESSAGE][PASSED] - Taking screenshot successfully
[[ATTACHMENT|E:\\CIEL INGENIERIA\\KATALON\\Validaciones\\Reports\\20210728_101833\\0 Motivos\\Cancelacion Turno - Con\\20210728_101833\\1627485639843.png]]

2021-07-28 10:20:43 - [TEST_STEP][PASSED] - delay(3): Delayed 3 second(s)

2021-07-28 10:20:46 - [MESSAGE][PASSED] - Delayed 3 second(s)

2021-07-28 10:20:46 - [TEST_STEP][PASSED] - click(findTestObject("1Inicio/a_Inicio")): Object: 'Object Repository/1Inicio/a_Inicio' is clicked on

2021-07-28 10:20:49 - [MESSAGE][PASSED] - Object: 'Object Repository/1Inicio/a_Inicio' is clicked on

2021-07-28 10:20:49 - [TEST_STEP][PASSED] - delay(3): Delayed 3 second(s)

2021-07-28 10:20:53 - [MESSAGE][PASSED] - Delayed 3 second(s)

2021-07-28 10:20:53 - [TEST_STEP][PASSED] - click(findTestObject("1Inicio/img_Operacion")): Object: 'Object Repository/1Inicio/img_Operacion' is clicked on

2021-07-28 10:20:55 - [MESSAGE][PASSED] - Object: 'Object Repository/1Inicio/img_Operacion' is clicked on

2021-07-28 10:20:55 - [TEST_STEP][PASSED] - delay(3): Delayed 3 second(s)

2021-07-28 10:20:58 - [MESSAGE][PASSED] - Delayed 3 second(s)

2021-07-28 10:20:58 - [TEST_STEP][PASSED] - click(findTestObject("2 Operacion/Elementos Del Sistema")): Object: 'Object Repository/2 Operacion/Elementos Del Sistema' is clicked on

2021-07-28 10:21:01 - [MESSAGE][PASSED] - Object: 'Object Repository/2 Operacion/Elementos Del Sistema' is clicked on

2021-07-28 10:21:01 - [TEST_STEP][PASSED] - delay(3): Delayed 3 second(s)

2021-07-28 10:21:04 - [MESSAGE][PASSED] - Delayed 3 second(s)

2021-07-28 10:21:04 - [TEST_STEP][PASSED] - click(findTestObject("2 Operacion/Elementos del Sistema/img_Terminales")): Object: 'Object Repository/2 Operacion/Elementos del Sistema/img_Terminales' is clicked on

2021-07-28 10:21:07 - [MESSAGE][PASSED] - Object: 'Object Repository/2 Operacion/Elementos del Sistema/img_Terminales' is clicked on

2021-07-28 10:21:07 - [TEST_STEP][PASSED] - delay(3): Delayed 3 second(s)

2021-07-28 10:21:10 - [MESSAGE][PASSED] - Delayed 3 second(s)

2021-07-28 10:21:10 - [TEST_STEP][PASSED] - click(findTestObject("2 Operacion/Elementos del Sistema/Selectores/00Oficinas/a_Bogota - CIEL")): Object: 'Object Repository/2 Operacion/Elementos del Sistema/Selectores/00Oficinas/a_Bogota - CIEL' is clicked on

2021-07-28 10:21:11 - [MESSAGE][PASSED] - Object: 'Object Repository/2 Operacion/Elementos del Sistema/Selectores/00Oficinas/a_Bogota - CIEL' is clicked on

2021-07-28 10:21:11 - [TEST_STEP][PASSED] - delay(3): Delayed 3 second(s)

2021-07-28 10:21:14 - [MESSAGE][PASSED] - Delayed 3 second(s)

2021-07-28 10:21:14 - [TEST_STEP][PASSED] - click(findTestObject("2 Operacion/Elementos del Sistema/Terminales/1Terminales menos WorkFlow/a_Terminal Informacion A01")): Object: 'Object Repository/2 Operacion/Elementos del Sistema/Terminales/1Terminales menos WorkFlow/a_Terminal Informacion A01' is clicked on

2021-07-28 10:21:15 - [MESSAGE][PASSED] - Object: 'Object Repository/2 Operacion/Elementos del Sistema/Terminales/1Terminales menos WorkFlow/a_Terminal Informacion A01' is clicked on

2021-07-28 10:21:15 - [TEST_STEP][PASSED] - delay(3): Delayed 3 second(s)

2021-07-28 10:21:18 - [MESSAGE][PASSED] - Delayed 3 second(s)

2021-07-28 10:21:18 - [TEST_STEP][PASSED] - click(findTestObject("2 Operacion/Elementos del Sistema/Terminales/Terminal/Funciones Basicas/img_Llamar")): Object: 'Object Repository/2 Operacion/Elementos del Sistema/Terminales/Terminal/Funciones Basicas/img_Llamar' is clicked on

2021-07-28 10:21:23 - [MESSAGE][PASSED] - Object: 'Object Repository/2 Operacion/Elementos del Sistema/Terminales/Terminal/Funciones Basicas/img_Llamar' is clicked on

2021-07-28 10:21:23 - [TEST_STEP][PASSED] - delay(3): Delayed 3 second(s)

2021-07-28 10:21:26 - [MESSAGE][PASSED] - Delayed 3 second(s)

2021-07-28 10:21:26 - [TEST_STEP][PASSED] - click(findTestObject("2 Operacion/Elementos del Sistema/Terminales/Terminal/Funciones Basicas/img_Ocupado")): Object: 'Object Repository/2 Operacion/Elementos del Sistema/Terminales/Terminal/Funciones Basicas/img_Ocupado' is clicked on

2021-07-28 10:21:28 - [MESSAGE][PASSED] - Object: 'Object Repository/2 Operacion/Elementos del Sistema/Terminales/Terminal/Funciones Basicas/img_Ocupado' is clicked on

2021-07-28 10:21:28 - [TEST_STEP][PASSED] - delay(3): Delayed 3 second(s)

2021-07-28 10:21:31 - [MESSAGE][PASSED] - Delayed 3 second(s)

2021-07-28 10:21:31 - [TEST_STEP][PASSED] - click(findTestObject("2 Operacion/Elementos del Sistema/Terminales/Terminal/Funciones Basicas/imgOcupado/a_Actualizacion de Datos")): Object: 'Object Repository/2 Operacion/Elementos del Sistema/Terminales/Terminal/Funciones Basicas/imgOcupado/a_Actualizacion de Datos' is clicked on

2021-07-28 10:21:33 - [MESSAGE][PASSED] - Object: 'Object Repository/2 Operacion/Elementos del Sistema/Terminales/Terminal/Funciones Basicas/imgOcupado/a_Actualizacion de Datos' is clicked on

2021-07-28 10:21:33 - [TEST_STEP][PASSED] - delay(3): Delayed 3 second(s)

2021-07-28 10:21:36 - [MESSAGE][PASSED] - Delayed 3 second(s)

2021-07-28 10:21:36 - [TEST_STEP][PASSED] - verifyElementVisible(findTestObject("2 Operacion/Elementos del Sistema/Terminales/Terminal/Cancelacion/img_CancelarTurno")): Object 'Object Repository/2 Operacion/Elementos del Sistema/Terminales/Terminal/Cancelacion/img_CancelarTurno' is visible

2021-07-28 10:21:38 - [MESSAGE][PASSED] - Object 'Object Repository/2 Operacion/Elementos del Sistema/Terminales/Terminal/Cancelacion/img_CancelarTurno' is visible

2021-07-28 10:21:38 - [TEST_STEP][PASSED] - click(findTestObject("2 Operacion/Elementos del Sistema/Terminales/Terminal/Cancelacion/img_CancelarTurno")): Object: 'Object Repository/2 Operacion/Elementos del Sistema/Terminales/Terminal/Cancelacion/img_CancelarTurno' is clicked on

2021-07-28 10:21:39 - [MESSAGE][PASSED] - Object: 'Object Repository/2 Operacion/Elementos del Sistema/Terminales/Terminal/Cancelacion/img_CancelarTurno' is clicked on

2021-07-28 10:21:39 - [TEST_STEP][PASSED] - delay(2): Delayed 2 second(s)

2021-07-28 10:21:41 - [MESSAGE][PASSED] - Delayed 2 second(s)

2021-07-28 10:21:41 - [TEST_STEP][PASSED] - takeFullPageScreenshot(): Taking screenshot successfully

2021-07-28 10:21:42 - [MESSAGE][INFO] - 0 hidden object(s)

2021-07-28 10:21:43 - [MESSAGE][PASSED] - Taking screenshot successfully
[[ATTACHMENT|E:\\CIEL INGENIERIA\\KATALON\\Validaciones\\Reports\\20210728_101833\\0 Motivos\\Cancelacion Turno - Con\\20210728_101833\\1627485701756.png]]

2021-07-28 10:21:43 - [TEST_STEP][PASSED] - delay(8): Delayed 8 second(s)

2021-07-28 10:21:51 - [MESSAGE][PASSED] - Delayed 8 second(s)

2021-07-28 10:21:51 - [TEST_STEP][PASSED] - click(findTestObject("2 Operacion/Elementos del Sistema/Terminales/Terminal/Funciones Basicas/img_Cerrar")): Object: 'Object Repository/2 Operacion/Elementos del Sistema/Terminales/Terminal/Funciones Basicas/img_Cerrar' is clicked on

2021-07-28 10:21:54 - [MESSAGE][PASSED] - Object: 'Object Repository/2 Operacion/Elementos del Sistema/Terminales/Terminal/Funciones Basicas/img_Cerrar' is clicked on

2021-07-28 10:21:54 - [TEST_STEP][PASSED] - delay(3): Delayed 3 second(s)

2021-07-28 10:21:57 - [MESSAGE][PASSED] - Delayed 3 second(s)

2021-07-28 10:21:57 - [TEST_STEP][PASSED] - click(findTestObject("2 Operacion/Elementos del Sistema/Terminales/Terminal/Funciones Basicas/imgCerrar/btn_FindeJornada")): Object: 'Object Repository/2 Operacion/Elementos del Sistema/Terminales/Terminal/Funciones Basicas/imgCerrar/btn_FindeJornada' is clicked on

2021-07-28 10:21:59 - [MESSAGE][PASSED] - Object: 'Object Repository/2 Operacion/Elementos del Sistema/Terminales/Terminal/Funciones Basicas/imgCerrar/btn_FindeJornada' is clicked on

2021-07-28 10:21:59 - [TEST_STEP][PASSED] - delay(3): Delayed 3 second(s)

2021-07-28 10:22:02 - [MESSAGE][PASSED] - Delayed 3 second(s)]]></system-out>
         <system-err><![CDATA[]]></system-err>
      </testcase>
      <system-out><![CDATA[2021-07-28 10:18:57 - [TEST_SUITE][PASSED] - Cancelacion Turno - Con: Test Cases/0 Motivos/Cancelacion Turno - Con]]></system-out>
      <system-err><![CDATA[]]></system-err>
   </testsuite>
</testsuites>
