<?xml version="1.0" encoding="UTF-8"?>
<testsuites name="Cierre - Con" time="160.424" tests="1" failures="0" errors="0">
   <testsuite name="Cierre - Con" tests="1" failures="0" errors="0" time="160.424" skipped="0" timestamp="2021-07-27 10:52:31" hostname="BILIKI - DESKTOP-HH1RJM2" id="Test Suites/0 Motivos/Cierre - Con">
      <properties>
         <property name="deviceName" value=""/>
         <property name="devicePlatform" value=""/>
         <property name="logFolder" value="E:\\CIEL INGENIERIA\\KATALON\\Validaciones\\Reports\\20210727_105211\\0 Motivos\\Cierre - Con\\20210727_105211"/>
         <property name="logFiles" value="E:\\CIEL INGENIERIA\\KATALON\\Validaciones\\Reports\\20210727_105211\\0 Motivos\\Cierre - Con\\20210727_105211\\execution0.log"/>
         <property name="attachments" value="E:\\CIEL INGENIERIA\\KATALON\\Validaciones\\Reports\\20210727_105211\\0 Motivos\\Cierre - Con\\20210727_105211\\1627401196667.png, E:\\CIEL INGENIERIA\\KATALON\\Validaciones\\Reports\\20210727_105211\\0 Motivos\\Cierre - Con\\20210727_105211\\1627401244215.png, E:\\CIEL INGENIERIA\\KATALON\\Validaciones\\Reports\\20210727_105211\\0 Motivos\\Cierre - Con\\20210727_105211\\1627401278488.png, E:\\CIEL INGENIERIA\\KATALON\\Validaciones\\Reports\\20210727_105211\\0 Motivos\\Cierre - Con\\20210727_105211\\1627401288498.png"/>
         <property name="hostName" value="BILIKI - DESKTOP-HH1RJM2"/>
         <property name="os" value="Windows 10 64bit"/>
         <property name="katalonVersion" value="8.0.5.208"/>
         <property name="browser" value="Chrome 92.0.4515.107"/>
         <property name="hostAddress" value="169.254.142.112"/>
         <property name="sessionId" value="027226cb1d169189cdde763b3ff86f27"/>
         <property name="seleniumVersion" value="3.141.59"/>
         <property name="proxyInformation" value="ProxyInformation { proxyOption=NO_PROXY, proxyServerType=HTTP, username=, password=********, proxyServerAddress=, proxyServerPort=0, executionList=&quot;&quot;, isApplyToDesiredCapabilities=true }"/>
         <property name="platform" value="Windows 10"/>
      </properties>
      <testcase name="Test Cases/0 Motivos/Cierre - Con" time="140.967" classname="Test Cases/0 Motivos/Cierre - Con" status="PASSED">
         <system-out><![CDATA[2021-07-27 10:52:33 - [TEST_CASE][PASSED] - Test Cases/0 Motivos/Cierre - Con: Test Cases/0 Motivos/Cierre - Con

2021-07-27 10:52:34 - [TEST_STEP][PASSED] - callTestCase(findTestCase("Inicio Sesion sin variables"), [:], STOP_ON_FAILURE): Call Test Case 'Test Cases/Inicio Sesion sin variables' successfully

2021-07-27 10:52:35 - [TEST_CASE][PASSED] - Test Cases/Inicio Sesion sin variables: Test Cases/Inicio Sesion sin variables

2021-07-27 10:52:36 - [TEST_STEP][PASSED] - openBrowser("http://Localhost:8810"): Browser is opened with url: 'http://Localhost:8810'

2021-07-27 10:52:37 - [MESSAGE][INFO] - Starting 'Chrome' driver

2021-07-27 10:52:37 - [MESSAGE][INFO] - Action delay is set to 0 milliseconds

2021-07-27 10:52:50 - [MESSAGE][PASSED] - Browser is opened with url: 'http://Localhost:8810'

2021-07-27 10:52:50 - [TEST_STEP][PASSED] - maximizeWindow(): Current window maximized

2021-07-27 10:52:51 - [MESSAGE][PASSED] - Current window maximized

2021-07-27 10:52:51 - [TEST_STEP][PASSED] - setText(findTestObject("0Inicio Sesion/input__Usuario"), "ciel"): Text 'ciel' is set on object 'Object Repository/0Inicio Sesion/input__Usuario'

2021-07-27 10:52:53 - [MESSAGE][PASSED] - Text 'ciel' is set on object 'Object Repository/0Inicio Sesion/input__Usuario'

2021-07-27 10:52:53 - [TEST_STEP][PASSED] - setText(findTestObject("0Inicio Sesion/input__Clave"), "digiturno"): Text 'digiturno' is set on object 'Object Repository/0Inicio Sesion/input__Clave'

2021-07-27 10:52:54 - [MESSAGE][PASSED] - Text 'digiturno' is set on object 'Object Repository/0Inicio Sesion/input__Clave'

2021-07-27 10:52:54 - [TEST_STEP][PASSED] - click(findTestObject("0Inicio Sesion/btn_IniciarSesion")): Object: 'Object Repository/0Inicio Sesion/btn_IniciarSesion' is clicked on

2021-07-27 10:52:55 - [MESSAGE][PASSED] - Object: 'Object Repository/0Inicio Sesion/btn_IniciarSesion' is clicked on

2021-07-27 10:52:55 - [TEST_STEP][PASSED] - delay(3): Delayed 3 second(s)

2021-07-27 10:52:58 - [MESSAGE][PASSED] - Delayed 3 second(s)

2021-07-27 10:52:58 - [MESSAGE][PASSED] - Call Test Case 'Test Cases/Inicio Sesion sin variables' successfully

2021-07-27 10:52:58 - [TEST_STEP][PASSED] - click(findTestObject("1Inicio/img_Configuracion")): Object: 'Object Repository/1Inicio/img_Configuracion' is clicked on

2021-07-27 10:53:00 - [MESSAGE][PASSED] - Object: 'Object Repository/1Inicio/img_Configuracion' is clicked on

2021-07-27 10:53:00 - [TEST_STEP][PASSED] - delay(3): Delayed 3 second(s)

2021-07-27 10:53:03 - [MESSAGE][PASSED] - Delayed 3 second(s)

2021-07-27 10:53:03 - [TEST_STEP][PASSED] - click(findTestObject("Configuracion/1Principal/img_Elementos del Sistema")): Object: 'Object Repository/Configuracion/1Principal/img_Elementos del Sistema' is clicked on

2021-07-27 10:53:04 - [MESSAGE][PASSED] - Object: 'Object Repository/Configuracion/1Principal/img_Elementos del Sistema' is clicked on

2021-07-27 10:53:04 - [TEST_STEP][PASSED] - delay(3): Delayed 3 second(s)

2021-07-27 10:53:07 - [MESSAGE][PASSED] - Delayed 3 second(s)

2021-07-27 10:53:07 - [TEST_STEP][PASSED] - click(findTestObject("Configuracion/Elementos del Sistema/1Principal/img_Motivos")): Object: 'Object Repository/Configuracion/Elementos del Sistema/1Principal/img_Motivos' is clicked on

2021-07-27 10:53:09 - [MESSAGE][PASSED] - Object: 'Object Repository/Configuracion/Elementos del Sistema/1Principal/img_Motivos' is clicked on

2021-07-27 10:53:09 - [TEST_STEP][PASSED] - delay(3): Delayed 3 second(s)

2021-07-27 10:53:12 - [MESSAGE][PASSED] - Delayed 3 second(s)

2021-07-27 10:53:12 - [TEST_STEP][PASSED] - click(findTestObject("Configuracion/Elementos del Sistema/Motivos/span_Motivos")): Object: 'Object Repository/Configuracion/Elementos del Sistema/Motivos/span_Motivos' is clicked on

2021-07-27 10:53:13 - [MESSAGE][PASSED] - Object: 'Object Repository/Configuracion/Elementos del Sistema/Motivos/span_Motivos' is clicked on

2021-07-27 10:53:13 - [TEST_STEP][PASSED] - delay(3): Delayed 3 second(s)

2021-07-27 10:53:16 - [MESSAGE][PASSED] - Delayed 3 second(s)

2021-07-27 10:53:16 - [TEST_STEP][PASSED] - takeFullPageScreenshot(): Taking screenshot successfully

2021-07-27 10:53:18 - [MESSAGE][INFO] - 0 hidden object(s)

2021-07-27 10:53:18 - [MESSAGE][PASSED] - Taking screenshot successfully
[[ATTACHMENT|E:\\CIEL INGENIERIA\\KATALON\\Validaciones\\Reports\\20210727_105211\\0 Motivos\\Cierre - Con\\20210727_105211\\1627401196667.png]]

2021-07-27 10:53:18 - [TEST_STEP][PASSED] - delay(3): Delayed 3 second(s)

2021-07-27 10:53:21 - [MESSAGE][PASSED] - Delayed 3 second(s)

2021-07-27 10:53:21 - [TEST_STEP][PASSED] - click(findTestObject("1Inicio/a_Inicio")): Object: 'Object Repository/1Inicio/a_Inicio' is clicked on

2021-07-27 10:53:24 - [MESSAGE][PASSED] - Object: 'Object Repository/1Inicio/a_Inicio' is clicked on

2021-07-27 10:53:24 - [TEST_STEP][PASSED] - delay(3): Delayed 3 second(s)

2021-07-27 10:53:27 - [MESSAGE][PASSED] - Delayed 3 second(s)

2021-07-27 10:53:27 - [TEST_STEP][PASSED] - click(findTestObject("1Inicio/img_Configuracion")): Object: 'Object Repository/1Inicio/img_Configuracion' is clicked on

2021-07-27 10:53:29 - [MESSAGE][PASSED] - Object: 'Object Repository/1Inicio/img_Configuracion' is clicked on

2021-07-27 10:53:29 - [TEST_STEP][PASSED] - delay(3): Delayed 3 second(s)

2021-07-27 10:53:32 - [MESSAGE][PASSED] - Delayed 3 second(s)

2021-07-27 10:53:32 - [TEST_STEP][PASSED] - click(findTestObject("Configuracion/1Principal/img_Distribucion Geografica")): Object: 'Object Repository/Configuracion/1Principal/img_Distribucion Geografica' is clicked on

2021-07-27 10:53:34 - [MESSAGE][PASSED] - Object: 'Object Repository/Configuracion/1Principal/img_Distribucion Geografica' is clicked on

2021-07-27 10:53:34 - [TEST_STEP][PASSED] - delay(3): Delayed 3 second(s)

2021-07-27 10:53:37 - [MESSAGE][PASSED] - Delayed 3 second(s)

2021-07-27 10:53:37 - [TEST_STEP][PASSED] - click(findTestObject("Configuracion/Distribucion Geografica/1Principal/img_Oficinas")): Object: 'Object Repository/Configuracion/Distribucion Geografica/1Principal/img_Oficinas' is clicked on

2021-07-27 10:53:39 - [MESSAGE][PASSED] - Object: 'Object Repository/Configuracion/Distribucion Geografica/1Principal/img_Oficinas' is clicked on

2021-07-27 10:53:39 - [TEST_STEP][PASSED] - delay(3): Delayed 3 second(s)

2021-07-27 10:53:42 - [MESSAGE][PASSED] - Delayed 3 second(s)

2021-07-27 10:53:42 - [TEST_STEP][PASSED] - click(findTestObject("Configuracion/Distribucion Geografica/Oficinas/2Lista de Oficinas/a_Seleccionar")): Object: 'Object Repository/Configuracion/Distribucion Geografica/Oficinas/2Lista de Oficinas/a_Seleccionar' is clicked on

2021-07-27 10:53:43 - [MESSAGE][PASSED] - Object: 'Object Repository/Configuracion/Distribucion Geografica/Oficinas/2Lista de Oficinas/a_Seleccionar' is clicked on

2021-07-27 10:53:43 - [TEST_STEP][PASSED] - delay(3): Delayed 3 second(s)

2021-07-27 10:53:46 - [MESSAGE][PASSED] - Delayed 3 second(s)

2021-07-27 10:53:46 - [TEST_STEP][PASSED] - click(findTestObject("Configuracion/Distribucion Geografica/Oficinas/3Otras Configuraciones/1Pestanas/span_Motivos")): Object: 'Object Repository/Configuracion/Distribucion Geografica/Oficinas/3Otras Configuraciones/1Pestanas/span_Motivos' is clicked on

2021-07-27 10:53:47 - [MESSAGE][PASSED] - Object: 'Object Repository/Configuracion/Distribucion Geografica/Oficinas/3Otras Configuraciones/1Pestanas/span_Motivos' is clicked on

2021-07-27 10:53:47 - [TEST_STEP][PASSED] - delay(3): Delayed 3 second(s)

2021-07-27 10:53:50 - [MESSAGE][PASSED] - Delayed 3 second(s)

2021-07-27 10:53:50 - [TEST_STEP][PASSED] - setText(findTestObject("Configuracion/Distribucion Geografica/Oficinas/3Otras Configuraciones/3Motivos/Checks/input_TextoABuscar"), "Cierre"): Text 'Cierre' is set on object 'Object Repository/Configuracion/Distribucion Geografica/Oficinas/3Otras Configuraciones/3Motivos/Checks/input_TextoABuscar'

2021-07-27 10:53:52 - [MESSAGE][PASSED] - Text 'Cierre' is set on object 'Object Repository/Configuracion/Distribucion Geografica/Oficinas/3Otras Configuraciones/3Motivos/Checks/input_TextoABuscar'

2021-07-27 10:53:52 - [TEST_STEP][PASSED] - sendKeys(findTestObject("Configuracion/Distribucion Geografica/Oficinas/3Otras Configuraciones/3Motivos/Checks/input_TextoABuscar"), Keys.chord(ENTER)): Keys 'ENTER + ' sent to object: 'Object Repository/Configuracion/Distribucion Geografica/Oficinas/3Otras Configuraciones/3Motivos/Checks/input_TextoABuscar'

2021-07-27 10:53:53 - [MESSAGE][PASSED] - Keys 'ENTER + ' sent to object: 'Object Repository/Configuracion/Distribucion Geografica/Oficinas/3Otras Configuraciones/3Motivos/Checks/input_TextoABuscar'

2021-07-27 10:53:53 - [TEST_STEP][PASSED] - delay(3): Delayed 3 second(s)

2021-07-27 10:53:56 - [MESSAGE][PASSED] - Delayed 3 second(s)

2021-07-27 10:53:56 - [TEST_STEP][PASSED] - click(findTestObject("Configuracion/Distribucion Geografica/Oficinas/3Otras Configuraciones/3Motivos/Checks/a__SeleccionarTodo")): Object: 'Object Repository/Configuracion/Distribucion Geografica/Oficinas/3Otras Configuraciones/3Motivos/Checks/a__SeleccionarTodo' is clicked on

2021-07-27 10:53:57 - [MESSAGE][PASSED] - Object: 'Object Repository/Configuracion/Distribucion Geografica/Oficinas/3Otras Configuraciones/3Motivos/Checks/a__SeleccionarTodo' is clicked on

2021-07-27 10:53:57 - [TEST_STEP][PASSED] - delay(3): Delayed 3 second(s)

2021-07-27 10:54:00 - [MESSAGE][PASSED] - Delayed 3 second(s)

2021-07-27 10:54:00 - [TEST_STEP][PASSED] - click(findTestObject("Configuracion/Distribucion Geografica/Oficinas/3Otras Configuraciones/3Motivos/img_Nuevo")): Object: 'Object Repository/Configuracion/Distribucion Geografica/Oficinas/3Otras Configuraciones/3Motivos/img_Nuevo' is clicked on

2021-07-27 10:54:01 - [MESSAGE][PASSED] - Object: 'Object Repository/Configuracion/Distribucion Geografica/Oficinas/3Otras Configuraciones/3Motivos/img_Nuevo' is clicked on

2021-07-27 10:54:01 - [TEST_STEP][PASSED] - delay(3): Delayed 3 second(s)

2021-07-27 10:54:04 - [MESSAGE][PASSED] - Delayed 3 second(s)

2021-07-27 10:54:04 - [TEST_STEP][PASSED] - takeFullPageScreenshot(): Taking screenshot successfully

2021-07-27 10:54:06 - [MESSAGE][INFO] - 0 hidden object(s)

2021-07-27 10:54:07 - [MESSAGE][PASSED] - Taking screenshot successfully
[[ATTACHMENT|E:\\CIEL INGENIERIA\\KATALON\\Validaciones\\Reports\\20210727_105211\\0 Motivos\\Cierre - Con\\20210727_105211\\1627401244215.png]]

2021-07-27 10:54:07 - [TEST_STEP][PASSED] - delay(3): Delayed 3 second(s)

2021-07-27 10:54:10 - [MESSAGE][PASSED] - Delayed 3 second(s)

2021-07-27 10:54:10 - [TEST_STEP][PASSED] - click(findTestObject("1Inicio/a_Inicio")): Object: 'Object Repository/1Inicio/a_Inicio' is clicked on

2021-07-27 10:54:13 - [MESSAGE][PASSED] - Object: 'Object Repository/1Inicio/a_Inicio' is clicked on

2021-07-27 10:54:13 - [TEST_STEP][PASSED] - delay(3): Delayed 3 second(s)

2021-07-27 10:54:16 - [MESSAGE][PASSED] - Delayed 3 second(s)

2021-07-27 10:54:16 - [TEST_STEP][PASSED] - click(findTestObject("1Inicio/img_Operacion")): Object: 'Object Repository/1Inicio/img_Operacion' is clicked on

2021-07-27 10:54:17 - [MESSAGE][PASSED] - Object: 'Object Repository/1Inicio/img_Operacion' is clicked on

2021-07-27 10:54:17 - [TEST_STEP][PASSED] - delay(3): Delayed 3 second(s)

2021-07-27 10:54:20 - [MESSAGE][PASSED] - Delayed 3 second(s)

2021-07-27 10:54:20 - [TEST_STEP][PASSED] - click(findTestObject("2 Operacion/Elementos Del Sistema")): Object: 'Object Repository/2 Operacion/Elementos Del Sistema' is clicked on

2021-07-27 10:54:22 - [MESSAGE][PASSED] - Object: 'Object Repository/2 Operacion/Elementos Del Sistema' is clicked on

2021-07-27 10:54:22 - [TEST_STEP][PASSED] - delay(3): Delayed 3 second(s)

2021-07-27 10:54:25 - [MESSAGE][PASSED] - Delayed 3 second(s)

2021-07-27 10:54:25 - [TEST_STEP][PASSED] - click(findTestObject("2 Operacion/Elementos del Sistema/img_Terminales")): Object: 'Object Repository/2 Operacion/Elementos del Sistema/img_Terminales' is clicked on

2021-07-27 10:54:27 - [MESSAGE][PASSED] - Object: 'Object Repository/2 Operacion/Elementos del Sistema/img_Terminales' is clicked on

2021-07-27 10:54:27 - [TEST_STEP][PASSED] - delay(3): Delayed 3 second(s)

2021-07-27 10:54:30 - [MESSAGE][PASSED] - Delayed 3 second(s)

2021-07-27 10:54:30 - [TEST_STEP][PASSED] - click(findTestObject("2 Operacion/Elementos del Sistema/Selectores/00Oficinas/a_Bogota - CIEL")): Object: 'Object Repository/2 Operacion/Elementos del Sistema/Selectores/00Oficinas/a_Bogota - CIEL' is clicked on

2021-07-27 10:54:31 - [MESSAGE][PASSED] - Object: 'Object Repository/2 Operacion/Elementos del Sistema/Selectores/00Oficinas/a_Bogota - CIEL' is clicked on

2021-07-27 10:54:31 - [TEST_STEP][PASSED] - delay(3): Delayed 3 second(s)

2021-07-27 10:54:34 - [MESSAGE][PASSED] - Delayed 3 second(s)

2021-07-27 10:54:34 - [TEST_STEP][PASSED] - click(findTestObject("2 Operacion/Elementos del Sistema/Terminales/1Terminales menos WorkFlow/a_Terminal Informacion A01")): Object: 'Object Repository/2 Operacion/Elementos del Sistema/Terminales/1Terminales menos WorkFlow/a_Terminal Informacion A01' is clicked on

2021-07-27 10:54:35 - [MESSAGE][PASSED] - Object: 'Object Repository/2 Operacion/Elementos del Sistema/Terminales/1Terminales menos WorkFlow/a_Terminal Informacion A01' is clicked on

2021-07-27 10:54:35 - [TEST_STEP][PASSED] - delay(3): Delayed 3 second(s)

2021-07-27 10:54:38 - [MESSAGE][PASSED] - Delayed 3 second(s)

2021-07-27 10:54:38 - [TEST_STEP][PASSED] - takeFullPageScreenshot(): Taking screenshot successfully

2021-07-27 10:54:40 - [MESSAGE][INFO] - 0 hidden object(s)

2021-07-27 10:54:41 - [MESSAGE][PASSED] - Taking screenshot successfully
[[ATTACHMENT|E:\\CIEL INGENIERIA\\KATALON\\Validaciones\\Reports\\20210727_105211\\0 Motivos\\Cierre - Con\\20210727_105211\\1627401278488.png]]

2021-07-27 10:54:41 - [TEST_STEP][PASSED] - delay(3): Delayed 3 second(s)

2021-07-27 10:54:44 - [MESSAGE][PASSED] - Delayed 3 second(s)

2021-07-27 10:54:44 - [TEST_STEP][PASSED] - click(findTestObject("2 Operacion/Elementos del Sistema/Terminales/Terminal/Funciones Basicas/img_Cerrar")): Object: 'Object Repository/2 Operacion/Elementos del Sistema/Terminales/Terminal/Funciones Basicas/img_Cerrar' is clicked on

2021-07-27 10:54:45 - [MESSAGE][PASSED] - Object: 'Object Repository/2 Operacion/Elementos del Sistema/Terminales/Terminal/Funciones Basicas/img_Cerrar' is clicked on

2021-07-27 10:54:45 - [TEST_STEP][PASSED] - delay(3): Delayed 3 second(s)

2021-07-27 10:54:48 - [MESSAGE][PASSED] - Delayed 3 second(s)

2021-07-27 10:54:48 - [TEST_STEP][PASSED] - takeFullPageScreenshot(): Taking screenshot successfully

2021-07-27 10:54:49 - [MESSAGE][INFO] - 0 hidden object(s)

2021-07-27 10:54:49 - [MESSAGE][PASSED] - Taking screenshot successfully
[[ATTACHMENT|E:\\CIEL INGENIERIA\\KATALON\\Validaciones\\Reports\\20210727_105211\\0 Motivos\\Cierre - Con\\20210727_105211\\1627401288498.png]]

2021-07-27 10:54:49 - [TEST_STEP][PASSED] - click(findTestObject("2 Operacion/Elementos del Sistema/Terminales/Terminal/Funciones Basicas/imgCerrar/btn_FindeJornada")): Object: 'Object Repository/2 Operacion/Elementos del Sistema/Terminales/Terminal/Funciones Basicas/imgCerrar/btn_FindeJornada' is clicked on

2021-07-27 10:54:51 - [MESSAGE][PASSED] - Object: 'Object Repository/2 Operacion/Elementos del Sistema/Terminales/Terminal/Funciones Basicas/imgCerrar/btn_FindeJornada' is clicked on

2021-07-27 10:54:51 - [TEST_STEP][PASSED] - delay(3): Delayed 3 second(s)

2021-07-27 10:54:54 - [MESSAGE][PASSED] - Delayed 3 second(s)]]></system-out>
         <system-err><![CDATA[]]></system-err>
      </testcase>
      <system-out><![CDATA[2021-07-27 10:52:31 - [TEST_SUITE][PASSED] - Cierre - Con: Test Cases/0 Motivos/Cierre - Con]]></system-out>
      <system-err><![CDATA[]]></system-err>
   </testsuite>
</testsuites>
