<?xml version="1.0" encoding="UTF-8"?>
<testsuites name="Cierre - Con" time="186.974" tests="1" failures="0" errors="0">
   <testsuite name="Cierre - Con" tests="1" failures="0" errors="0" time="186.974" skipped="0" timestamp="2021-07-27 10:59:03" hostname="BILIKI - DESKTOP-HH1RJM2" id="Test Suites/0 Motivos/Cierre - Con">
      <properties>
         <property name="deviceName" value=""/>
         <property name="devicePlatform" value=""/>
         <property name="logFolder" value="E:\\CIEL INGENIERIA\\KATALON\\Validaciones\\Reports\\20210727_105841\\0 Motivos\\Cierre - Con\\20210727_105841"/>
         <property name="logFiles" value="E:\\CIEL INGENIERIA\\KATALON\\Validaciones\\Reports\\20210727_105841\\0 Motivos\\Cierre - Con\\20210727_105841\\execution0.log"/>
         <property name="attachments" value="E:\\CIEL INGENIERIA\\KATALON\\Validaciones\\Reports\\20210727_105841\\0 Motivos\\Cierre - Con\\20210727_105841\\1627401594290.png, E:\\CIEL INGENIERIA\\KATALON\\Validaciones\\Reports\\20210727_105841\\0 Motivos\\Cierre - Con\\20210727_105841\\1627401649152.png, E:\\CIEL INGENIERIA\\KATALON\\Validaciones\\Reports\\20210727_105841\\0 Motivos\\Cierre - Con\\20210727_105841\\1627401689829.png, E:\\CIEL INGENIERIA\\KATALON\\Validaciones\\Reports\\20210727_105841\\0 Motivos\\Cierre - Con\\20210727_105841\\1627401702932.png"/>
         <property name="hostName" value="BILIKI - DESKTOP-HH1RJM2"/>
         <property name="os" value="Windows 10 64bit"/>
         <property name="katalonVersion" value="8.0.5.208"/>
         <property name="browser" value="Chrome 92.0.4515.107"/>
         <property name="hostAddress" value="169.254.142.112"/>
         <property name="sessionId" value="e9ae2d107ed36ef323c05fbb858c90b5"/>
         <property name="seleniumVersion" value="3.141.59"/>
         <property name="proxyInformation" value="ProxyInformation { proxyOption=NO_PROXY, proxyServerType=HTTP, username=, password=********, proxyServerAddress=, proxyServerPort=0, executionList=&quot;&quot;, isApplyToDesiredCapabilities=true }"/>
         <property name="platform" value="Windows 10"/>
      </properties>
      <testcase name="Test Cases/0 Motivos/Cierre - Con" time="163.207" classname="Test Cases/0 Motivos/Cierre - Con" status="PASSED">
         <system-out><![CDATA[2021-07-27 10:59:05 - [TEST_CASE][PASSED] - Test Cases/0 Motivos/Cierre - Con: Test Cases/0 Motivos/Cierre - Con

2021-07-27 10:59:07 - [TEST_STEP][PASSED] - callTestCase(findTestCase("Inicio Sesion sin variables"), [:], STOP_ON_FAILURE): Call Test Case 'Test Cases/Inicio Sesion sin variables' successfully

2021-07-27 10:59:07 - [TEST_CASE][PASSED] - Test Cases/Inicio Sesion sin variables: Test Cases/Inicio Sesion sin variables

2021-07-27 10:59:08 - [TEST_STEP][PASSED] - openBrowser("http://Localhost:8810"): Browser is opened with url: 'http://Localhost:8810'

2021-07-27 10:59:10 - [MESSAGE][INFO] - Starting 'Chrome' driver

2021-07-27 10:59:10 - [MESSAGE][INFO] - Action delay is set to 0 milliseconds

2021-07-27 10:59:26 - [MESSAGE][PASSED] - Browser is opened with url: 'http://Localhost:8810'

2021-07-27 10:59:26 - [TEST_STEP][PASSED] - maximizeWindow(): Current window maximized

2021-07-27 10:59:26 - [MESSAGE][PASSED] - Current window maximized

2021-07-27 10:59:26 - [TEST_STEP][PASSED] - setText(findTestObject("0Inicio Sesion/input__Usuario"), "ciel"): Text 'ciel' is set on object 'Object Repository/0Inicio Sesion/input__Usuario'

2021-07-27 10:59:28 - [MESSAGE][PASSED] - Text 'ciel' is set on object 'Object Repository/0Inicio Sesion/input__Usuario'

2021-07-27 10:59:28 - [TEST_STEP][PASSED] - setText(findTestObject("0Inicio Sesion/input__Clave"), "digiturno"): Text 'digiturno' is set on object 'Object Repository/0Inicio Sesion/input__Clave'

2021-07-27 10:59:30 - [MESSAGE][PASSED] - Text 'digiturno' is set on object 'Object Repository/0Inicio Sesion/input__Clave'

2021-07-27 10:59:30 - [TEST_STEP][PASSED] - click(findTestObject("0Inicio Sesion/btn_IniciarSesion")): Object: 'Object Repository/0Inicio Sesion/btn_IniciarSesion' is clicked on

2021-07-27 10:59:31 - [MESSAGE][PASSED] - Object: 'Object Repository/0Inicio Sesion/btn_IniciarSesion' is clicked on

2021-07-27 10:59:31 - [TEST_STEP][PASSED] - delay(3): Delayed 3 second(s)

2021-07-27 10:59:34 - [MESSAGE][PASSED] - Delayed 3 second(s)

2021-07-27 10:59:35 - [MESSAGE][PASSED] - Call Test Case 'Test Cases/Inicio Sesion sin variables' successfully

2021-07-27 10:59:35 - [TEST_STEP][PASSED] - click(findTestObject("1Inicio/img_Configuracion")): Object: 'Object Repository/1Inicio/img_Configuracion' is clicked on

2021-07-27 10:59:37 - [MESSAGE][PASSED] - Object: 'Object Repository/1Inicio/img_Configuracion' is clicked on

2021-07-27 10:59:37 - [TEST_STEP][PASSED] - delay(3): Delayed 3 second(s)

2021-07-27 10:59:40 - [MESSAGE][PASSED] - Delayed 3 second(s)

2021-07-27 10:59:40 - [TEST_STEP][PASSED] - click(findTestObject("Configuracion/1Principal/img_Elementos del Sistema")): Object: 'Object Repository/Configuracion/1Principal/img_Elementos del Sistema' is clicked on

2021-07-27 10:59:41 - [MESSAGE][PASSED] - Object: 'Object Repository/Configuracion/1Principal/img_Elementos del Sistema' is clicked on

2021-07-27 10:59:41 - [TEST_STEP][PASSED] - delay(3): Delayed 3 second(s)

2021-07-27 10:59:44 - [MESSAGE][PASSED] - Delayed 3 second(s)

2021-07-27 10:59:44 - [TEST_STEP][PASSED] - click(findTestObject("Configuracion/Elementos del Sistema/1Principal/img_Motivos")): Object: 'Object Repository/Configuracion/Elementos del Sistema/1Principal/img_Motivos' is clicked on

2021-07-27 10:59:46 - [MESSAGE][PASSED] - Object: 'Object Repository/Configuracion/Elementos del Sistema/1Principal/img_Motivos' is clicked on

2021-07-27 10:59:46 - [TEST_STEP][PASSED] - delay(3): Delayed 3 second(s)

2021-07-27 10:59:49 - [MESSAGE][PASSED] - Delayed 3 second(s)

2021-07-27 10:59:49 - [TEST_STEP][PASSED] - click(findTestObject("Configuracion/Elementos del Sistema/Motivos/span_Motivos")): Object: 'Object Repository/Configuracion/Elementos del Sistema/Motivos/span_Motivos' is clicked on

2021-07-27 10:59:51 - [MESSAGE][PASSED] - Object: 'Object Repository/Configuracion/Elementos del Sistema/Motivos/span_Motivos' is clicked on

2021-07-27 10:59:51 - [TEST_STEP][PASSED] - delay(3): Delayed 3 second(s)

2021-07-27 10:59:54 - [MESSAGE][PASSED] - Delayed 3 second(s)

2021-07-27 10:59:54 - [TEST_STEP][PASSED] - takeFullPageScreenshot(): Taking screenshot successfully

2021-07-27 10:59:56 - [MESSAGE][INFO] - 0 hidden object(s)

2021-07-27 10:59:56 - [MESSAGE][PASSED] - Taking screenshot successfully
[[ATTACHMENT|E:\\CIEL INGENIERIA\\KATALON\\Validaciones\\Reports\\20210727_105841\\0 Motivos\\Cierre - Con\\20210727_105841\\1627401594290.png]]

2021-07-27 10:59:56 - [TEST_STEP][PASSED] - delay(3): Delayed 3 second(s)

2021-07-27 10:59:59 - [MESSAGE][PASSED] - Delayed 3 second(s)

2021-07-27 10:59:59 - [TEST_STEP][PASSED] - click(findTestObject("1Inicio/a_Inicio")): Object: 'Object Repository/1Inicio/a_Inicio' is clicked on

2021-07-27 11:00:03 - [MESSAGE][PASSED] - Object: 'Object Repository/1Inicio/a_Inicio' is clicked on

2021-07-27 11:00:03 - [TEST_STEP][PASSED] - delay(3): Delayed 3 second(s)

2021-07-27 11:00:06 - [MESSAGE][PASSED] - Delayed 3 second(s)

2021-07-27 11:00:06 - [TEST_STEP][PASSED] - click(findTestObject("1Inicio/img_Configuracion")): Object: 'Object Repository/1Inicio/img_Configuracion' is clicked on

2021-07-27 11:00:08 - [MESSAGE][PASSED] - Object: 'Object Repository/1Inicio/img_Configuracion' is clicked on

2021-07-27 11:00:08 - [TEST_STEP][PASSED] - delay(3): Delayed 3 second(s)

2021-07-27 11:00:11 - [MESSAGE][PASSED] - Delayed 3 second(s)

2021-07-27 11:00:11 - [TEST_STEP][PASSED] - click(findTestObject("Configuracion/1Principal/img_Distribucion Geografica")): Object: 'Object Repository/Configuracion/1Principal/img_Distribucion Geografica' is clicked on

2021-07-27 11:00:15 - [MESSAGE][PASSED] - Object: 'Object Repository/Configuracion/1Principal/img_Distribucion Geografica' is clicked on

2021-07-27 11:00:15 - [TEST_STEP][PASSED] - delay(3): Delayed 3 second(s)

2021-07-27 11:00:18 - [MESSAGE][PASSED] - Delayed 3 second(s)

2021-07-27 11:00:18 - [TEST_STEP][PASSED] - click(findTestObject("Configuracion/Distribucion Geografica/1Principal/img_Oficinas")): Object: 'Object Repository/Configuracion/Distribucion Geografica/1Principal/img_Oficinas' is clicked on

2021-07-27 11:00:21 - [MESSAGE][PASSED] - Object: 'Object Repository/Configuracion/Distribucion Geografica/1Principal/img_Oficinas' is clicked on

2021-07-27 11:00:21 - [TEST_STEP][PASSED] - delay(3): Delayed 3 second(s)

2021-07-27 11:00:24 - [MESSAGE][PASSED] - Delayed 3 second(s)

2021-07-27 11:00:24 - [TEST_STEP][PASSED] - click(findTestObject("Configuracion/Distribucion Geografica/Oficinas/2Lista de Oficinas/a_Seleccionar")): Object: 'Object Repository/Configuracion/Distribucion Geografica/Oficinas/2Lista de Oficinas/a_Seleccionar' is clicked on

2021-07-27 11:00:26 - [MESSAGE][PASSED] - Object: 'Object Repository/Configuracion/Distribucion Geografica/Oficinas/2Lista de Oficinas/a_Seleccionar' is clicked on

2021-07-27 11:00:26 - [TEST_STEP][PASSED] - delay(3): Delayed 3 second(s)

2021-07-27 11:00:29 - [MESSAGE][PASSED] - Delayed 3 second(s)

2021-07-27 11:00:29 - [TEST_STEP][PASSED] - click(findTestObject("Configuracion/Distribucion Geografica/Oficinas/3Otras Configuraciones/1Pestanas/span_Motivos")): Object: 'Object Repository/Configuracion/Distribucion Geografica/Oficinas/3Otras Configuraciones/1Pestanas/span_Motivos' is clicked on

2021-07-27 11:00:31 - [MESSAGE][PASSED] - Object: 'Object Repository/Configuracion/Distribucion Geografica/Oficinas/3Otras Configuraciones/1Pestanas/span_Motivos' is clicked on

2021-07-27 11:00:31 - [TEST_STEP][PASSED] - delay(3): Delayed 3 second(s)

2021-07-27 11:00:34 - [MESSAGE][PASSED] - Delayed 3 second(s)

2021-07-27 11:00:34 - [TEST_STEP][PASSED] - setText(findTestObject("Configuracion/Distribucion Geografica/Oficinas/3Otras Configuraciones/3Motivos/Checks/input_TextoABuscar"), "Cierre"): Text 'Cierre' is set on object 'Object Repository/Configuracion/Distribucion Geografica/Oficinas/3Otras Configuraciones/3Motivos/Checks/input_TextoABuscar'

2021-07-27 11:00:36 - [MESSAGE][PASSED] - Text 'Cierre' is set on object 'Object Repository/Configuracion/Distribucion Geografica/Oficinas/3Otras Configuraciones/3Motivos/Checks/input_TextoABuscar'

2021-07-27 11:00:36 - [TEST_STEP][PASSED] - sendKeys(findTestObject("Configuracion/Distribucion Geografica/Oficinas/3Otras Configuraciones/3Motivos/Checks/input_TextoABuscar"), Keys.chord(ENTER)): Keys 'ENTER + ' sent to object: 'Object Repository/Configuracion/Distribucion Geografica/Oficinas/3Otras Configuraciones/3Motivos/Checks/input_TextoABuscar'

2021-07-27 11:00:37 - [MESSAGE][PASSED] - Keys 'ENTER + ' sent to object: 'Object Repository/Configuracion/Distribucion Geografica/Oficinas/3Otras Configuraciones/3Motivos/Checks/input_TextoABuscar'

2021-07-27 11:00:37 - [TEST_STEP][PASSED] - delay(3): Delayed 3 second(s)

2021-07-27 11:00:40 - [MESSAGE][PASSED] - Delayed 3 second(s)

2021-07-27 11:00:40 - [TEST_STEP][PASSED] - click(findTestObject("Configuracion/Distribucion Geografica/Oficinas/3Otras Configuraciones/3Motivos/Checks/a__SeleccionarTodo")): Object: 'Object Repository/Configuracion/Distribucion Geografica/Oficinas/3Otras Configuraciones/3Motivos/Checks/a__SeleccionarTodo' is clicked on

2021-07-27 11:00:41 - [MESSAGE][PASSED] - Object: 'Object Repository/Configuracion/Distribucion Geografica/Oficinas/3Otras Configuraciones/3Motivos/Checks/a__SeleccionarTodo' is clicked on

2021-07-27 11:00:41 - [TEST_STEP][PASSED] - delay(3): Delayed 3 second(s)

2021-07-27 11:00:44 - [MESSAGE][PASSED] - Delayed 3 second(s)

2021-07-27 11:00:44 - [TEST_STEP][PASSED] - click(findTestObject("Configuracion/Distribucion Geografica/Oficinas/3Otras Configuraciones/3Motivos/img_Nuevo")): Object: 'Object Repository/Configuracion/Distribucion Geografica/Oficinas/3Otras Configuraciones/3Motivos/img_Nuevo' is clicked on

2021-07-27 11:00:46 - [MESSAGE][PASSED] - Object: 'Object Repository/Configuracion/Distribucion Geografica/Oficinas/3Otras Configuraciones/3Motivos/img_Nuevo' is clicked on

2021-07-27 11:00:46 - [TEST_STEP][PASSED] - delay(3): Delayed 3 second(s)

2021-07-27 11:00:49 - [MESSAGE][PASSED] - Delayed 3 second(s)

2021-07-27 11:00:49 - [TEST_STEP][PASSED] - takeFullPageScreenshot(): Taking screenshot successfully

2021-07-27 11:00:52 - [MESSAGE][INFO] - 0 hidden object(s)

2021-07-27 11:00:53 - [MESSAGE][PASSED] - Taking screenshot successfully
[[ATTACHMENT|E:\\CIEL INGENIERIA\\KATALON\\Validaciones\\Reports\\20210727_105841\\0 Motivos\\Cierre - Con\\20210727_105841\\1627401649152.png]]

2021-07-27 11:00:53 - [TEST_STEP][PASSED] - delay(3): Delayed 3 second(s)

2021-07-27 11:00:56 - [MESSAGE][PASSED] - Delayed 3 second(s)

2021-07-27 11:00:56 - [TEST_STEP][PASSED] - click(findTestObject("1Inicio/a_Inicio")): Object: 'Object Repository/1Inicio/a_Inicio' is clicked on

2021-07-27 11:01:00 - [MESSAGE][PASSED] - Object: 'Object Repository/1Inicio/a_Inicio' is clicked on

2021-07-27 11:01:00 - [TEST_STEP][PASSED] - delay(3): Delayed 3 second(s)

2021-07-27 11:01:03 - [MESSAGE][PASSED] - Delayed 3 second(s)

2021-07-27 11:01:03 - [TEST_STEP][PASSED] - click(findTestObject("1Inicio/img_Operacion")): Object: 'Object Repository/1Inicio/img_Operacion' is clicked on

2021-07-27 11:01:06 - [MESSAGE][PASSED] - Object: 'Object Repository/1Inicio/img_Operacion' is clicked on

2021-07-27 11:01:06 - [TEST_STEP][PASSED] - delay(3): Delayed 3 second(s)

2021-07-27 11:01:09 - [MESSAGE][PASSED] - Delayed 3 second(s)

2021-07-27 11:01:09 - [TEST_STEP][PASSED] - click(findTestObject("2 Operacion/Elementos Del Sistema")): Object: 'Object Repository/2 Operacion/Elementos Del Sistema' is clicked on

2021-07-27 11:01:12 - [MESSAGE][PASSED] - Object: 'Object Repository/2 Operacion/Elementos Del Sistema' is clicked on

2021-07-27 11:01:12 - [TEST_STEP][PASSED] - delay(3): Delayed 3 second(s)

2021-07-27 11:01:15 - [MESSAGE][PASSED] - Delayed 3 second(s)

2021-07-27 11:01:15 - [TEST_STEP][PASSED] - click(findTestObject("2 Operacion/Elementos del Sistema/img_Terminales")): Object: 'Object Repository/2 Operacion/Elementos del Sistema/img_Terminales' is clicked on

2021-07-27 11:01:18 - [MESSAGE][PASSED] - Object: 'Object Repository/2 Operacion/Elementos del Sistema/img_Terminales' is clicked on

2021-07-27 11:01:18 - [TEST_STEP][PASSED] - delay(3): Delayed 3 second(s)

2021-07-27 11:01:21 - [MESSAGE][PASSED] - Delayed 3 second(s)

2021-07-27 11:01:21 - [TEST_STEP][PASSED] - click(findTestObject("2 Operacion/Elementos del Sistema/Selectores/00Oficinas/a_Bogota - CIEL")): Object: 'Object Repository/2 Operacion/Elementos del Sistema/Selectores/00Oficinas/a_Bogota - CIEL' is clicked on

2021-07-27 11:01:22 - [MESSAGE][PASSED] - Object: 'Object Repository/2 Operacion/Elementos del Sistema/Selectores/00Oficinas/a_Bogota - CIEL' is clicked on

2021-07-27 11:01:22 - [TEST_STEP][PASSED] - delay(3): Delayed 3 second(s)

2021-07-27 11:01:25 - [MESSAGE][PASSED] - Delayed 3 second(s)

2021-07-27 11:01:25 - [TEST_STEP][PASSED] - click(findTestObject("2 Operacion/Elementos del Sistema/Terminales/1Terminales menos WorkFlow/a_Terminal Informacion A01")): Object: 'Object Repository/2 Operacion/Elementos del Sistema/Terminales/1Terminales menos WorkFlow/a_Terminal Informacion A01' is clicked on

2021-07-27 11:01:26 - [MESSAGE][PASSED] - Object: 'Object Repository/2 Operacion/Elementos del Sistema/Terminales/1Terminales menos WorkFlow/a_Terminal Informacion A01' is clicked on

2021-07-27 11:01:26 - [TEST_STEP][PASSED] - delay(3): Delayed 3 second(s)

2021-07-27 11:01:29 - [MESSAGE][PASSED] - Delayed 3 second(s)

2021-07-27 11:01:29 - [TEST_STEP][PASSED] - takeFullPageScreenshot(): Taking screenshot successfully

2021-07-27 11:01:35 - [MESSAGE][INFO] - 0 hidden object(s)

2021-07-27 11:01:35 - [MESSAGE][PASSED] - Taking screenshot successfully
[[ATTACHMENT|E:\\CIEL INGENIERIA\\KATALON\\Validaciones\\Reports\\20210727_105841\\0 Motivos\\Cierre - Con\\20210727_105841\\1627401689829.png]]

2021-07-27 11:01:35 - [TEST_STEP][PASSED] - delay(3): Delayed 3 second(s)

2021-07-27 11:01:38 - [MESSAGE][PASSED] - Delayed 3 second(s)

2021-07-27 11:01:38 - [TEST_STEP][PASSED] - click(findTestObject("2 Operacion/Elementos del Sistema/Terminales/Terminal/Funciones Basicas/img_Cerrar")): Object: 'Object Repository/2 Operacion/Elementos del Sistema/Terminales/Terminal/Funciones Basicas/img_Cerrar' is clicked on

2021-07-27 11:01:39 - [MESSAGE][PASSED] - Object: 'Object Repository/2 Operacion/Elementos del Sistema/Terminales/Terminal/Funciones Basicas/img_Cerrar' is clicked on

2021-07-27 11:01:39 - [TEST_STEP][PASSED] - delay(3): Delayed 3 second(s)

2021-07-27 11:01:42 - [MESSAGE][PASSED] - Delayed 3 second(s)

2021-07-27 11:01:42 - [TEST_STEP][PASSED] - takeFullPageScreenshot(): Taking screenshot successfully

2021-07-27 11:01:43 - [MESSAGE][INFO] - 0 hidden object(s)

2021-07-27 11:01:44 - [MESSAGE][PASSED] - Taking screenshot successfully
[[ATTACHMENT|E:\\CIEL INGENIERIA\\KATALON\\Validaciones\\Reports\\20210727_105841\\0 Motivos\\Cierre - Con\\20210727_105841\\1627401702932.png]]

2021-07-27 11:01:44 - [TEST_STEP][PASSED] - click(findTestObject("2 Operacion/Elementos del Sistema/Terminales/Terminal/Funciones Basicas/imgCerrar/btn_FindeJornada")): Object: 'Object Repository/2 Operacion/Elementos del Sistema/Terminales/Terminal/Funciones Basicas/imgCerrar/btn_FindeJornada' is clicked on

2021-07-27 11:01:45 - [MESSAGE][PASSED] - Object: 'Object Repository/2 Operacion/Elementos del Sistema/Terminales/Terminal/Funciones Basicas/imgCerrar/btn_FindeJornada' is clicked on

2021-07-27 11:01:45 - [TEST_STEP][PASSED] - delay(3): Delayed 3 second(s)

2021-07-27 11:01:48 - [MESSAGE][PASSED] - Delayed 3 second(s)]]></system-out>
         <system-err><![CDATA[]]></system-err>
      </testcase>
      <system-out><![CDATA[2021-07-27 10:59:03 - [TEST_SUITE][PASSED] - Cierre - Con: Test Cases/0 Motivos/Cierre - Con]]></system-out>
      <system-err><![CDATA[]]></system-err>
   </testsuite>
</testsuites>
