<?xml version="1.0" encoding="UTF-8"?>
<testsuites name="Transferir en Terminal" time="205.352" tests="1" failures="0" errors="0">
   <testsuite name="Transferir en Terminal" tests="1" failures="0" errors="0" time="205.352" skipped="0" timestamp="2021-08-05 14:48:42" hostname="BILIKI - DESKTOP-HH1RJM2" id="Test Suites/0 Atributos/Transferir en Terminal">
      <properties>
         <property name="deviceName" value=""/>
         <property name="devicePlatform" value=""/>
         <property name="logFolder" value="E:\\CIEL INGENIERIA\\KATALON\\Validaciones\\Reports\\20210805_144826\\0 Atributos\\Transferir en Terminal\\20210805_144826"/>
         <property name="logFiles" value="E:\\CIEL INGENIERIA\\KATALON\\Validaciones\\Reports\\20210805_144826\\0 Atributos\\Transferir en Terminal\\20210805_144826\\execution0.log"/>
         <property name="attachments" value="E:\\CIEL INGENIERIA\\KATALON\\Validaciones\\Reports\\20210805_144826\\0 Atributos\\Transferir en Terminal\\20210805_144826\\1628192990805.png, E:\\CIEL INGENIERIA\\KATALON\\Validaciones\\Reports\\20210805_144826\\0 Atributos\\Transferir en Terminal\\20210805_144826\\1628192997851.png, E:\\CIEL INGENIERIA\\KATALON\\Validaciones\\Reports\\20210805_144826\\0 Atributos\\Transferir en Terminal\\20210805_144826\\1628193081869.png, E:\\CIEL INGENIERIA\\KATALON\\Validaciones\\Reports\\20210805_144826\\0 Atributos\\Transferir en Terminal\\20210805_144826\\1628193102548.png"/>
         <property name="hostName" value="BILIKI - DESKTOP-HH1RJM2"/>
         <property name="os" value="Windows 10 64bit"/>
         <property name="katalonVersion" value="8.0.5.208"/>
         <property name="browser" value="Chrome 92.0.4515.131"/>
         <property name="hostAddress" value="169.254.120.121"/>
         <property name="sessionId" value="24ee59179b6f7aba8034c21f8422c508"/>
         <property name="seleniumVersion" value="3.141.59"/>
         <property name="proxyInformation" value="ProxyInformation { proxyOption=NO_PROXY, proxyServerType=HTTP, username=, password=********, proxyServerAddress=, proxyServerPort=0, executionList=&quot;&quot;, isApplyToDesiredCapabilities=true }"/>
         <property name="platform" value="Windows 10"/>
      </properties>
      <testcase name="Test Cases/0 Atributos/Transferir en Terminal" time="182.314" classname="Test Cases/0 Atributos/Transferir en Terminal" status="PASSED">
         <system-out><![CDATA[2021-08-05 14:48:44 - [TEST_CASE][PASSED] - Test Cases/0 Atributos/Transferir en Terminal: Test Cases/0 Atributos/Transferir en Terminal

2021-08-05 14:48:46 - [TEST_STEP][PASSED] - callTestCase(findTestCase("Inicio Sesion sin variables"), [:], STOP_ON_FAILURE): Call Test Case 'Test Cases/Inicio Sesion sin variables' successfully

2021-08-05 14:48:47 - [TEST_CASE][PASSED] - Test Cases/Inicio Sesion sin variables: Test Cases/Inicio Sesion sin variables

2021-08-05 14:48:48 - [TEST_STEP][PASSED] - openBrowser("http://Localhost:8810"): Browser is opened with url: 'http://Localhost:8810'

2021-08-05 14:48:49 - [MESSAGE][INFO] - Starting 'Chrome' driver

2021-08-05 14:48:49 - [MESSAGE][INFO] - Action delay is set to 0 milliseconds

2021-08-05 14:49:02 - [MESSAGE][PASSED] - Browser is opened with url: 'http://Localhost:8810'

2021-08-05 14:49:02 - [TEST_STEP][PASSED] - maximizeWindow(): Current window maximized

2021-08-05 14:49:02 - [MESSAGE][PASSED] - Current window maximized

2021-08-05 14:49:02 - [TEST_STEP][PASSED] - setText(findTestObject("0Inicio Sesion/input__Usuario"), "ciel"): Text 'ciel' is set on object 'Object Repository/0Inicio Sesion/input__Usuario'

2021-08-05 14:49:04 - [MESSAGE][PASSED] - Text 'ciel' is set on object 'Object Repository/0Inicio Sesion/input__Usuario'

2021-08-05 14:49:04 - [TEST_STEP][PASSED] - setText(findTestObject("0Inicio Sesion/input__Clave"), "digiturno"): Text 'digiturno' is set on object 'Object Repository/0Inicio Sesion/input__Clave'

2021-08-05 14:49:05 - [MESSAGE][PASSED] - Text 'digiturno' is set on object 'Object Repository/0Inicio Sesion/input__Clave'

2021-08-05 14:49:05 - [TEST_STEP][PASSED] - click(findTestObject("0Inicio Sesion/btn_IniciarSesion")): Object: 'Object Repository/0Inicio Sesion/btn_IniciarSesion' is clicked on

2021-08-05 14:49:06 - [MESSAGE][PASSED] - Object: 'Object Repository/0Inicio Sesion/btn_IniciarSesion' is clicked on

2021-08-05 14:49:06 - [TEST_STEP][PASSED] - delay(3): Delayed 3 second(s)

2021-08-05 14:49:09 - [MESSAGE][PASSED] - Delayed 3 second(s)

2021-08-05 14:49:10 - [MESSAGE][PASSED] - Call Test Case 'Test Cases/Inicio Sesion sin variables' successfully

2021-08-05 14:49:10 - [TEST_STEP][PASSED] - delay(3): Delayed 3 second(s)

2021-08-05 14:49:13 - [MESSAGE][PASSED] - Delayed 3 second(s)

2021-08-05 14:49:13 - [TEST_STEP][PASSED] - click(findTestObject("1Inicio/img_Operacion")): Object: 'Object Repository/1Inicio/img_Operacion' is clicked on

2021-08-05 14:49:15 - [MESSAGE][PASSED] - Object: 'Object Repository/1Inicio/img_Operacion' is clicked on

2021-08-05 14:49:15 - [TEST_STEP][PASSED] - delay(3): Delayed 3 second(s)

2021-08-05 14:49:18 - [MESSAGE][PASSED] - Delayed 3 second(s)

2021-08-05 14:49:18 - [TEST_STEP][PASSED] - click(findTestObject("2 Operacion/Elementos Del Sistema")): Object: 'Object Repository/2 Operacion/Elementos Del Sistema' is clicked on

2021-08-05 14:49:19 - [MESSAGE][PASSED] - Object: 'Object Repository/2 Operacion/Elementos Del Sistema' is clicked on

2021-08-05 14:49:19 - [TEST_STEP][PASSED] - delay(3): Delayed 3 second(s)

2021-08-05 14:49:22 - [MESSAGE][PASSED] - Delayed 3 second(s)

2021-08-05 14:49:22 - [TEST_STEP][PASSED] - click(findTestObject("2 Operacion/Elementos del Sistema/img_Selectores")): Object: 'Object Repository/2 Operacion/Elementos del Sistema/img_Selectores' is clicked on

2021-08-05 14:49:23 - [MESSAGE][PASSED] - Object: 'Object Repository/2 Operacion/Elementos del Sistema/img_Selectores' is clicked on

2021-08-05 14:49:23 - [TEST_STEP][PASSED] - delay(3): Delayed 3 second(s)

2021-08-05 14:49:26 - [MESSAGE][PASSED] - Delayed 3 second(s)

2021-08-05 14:49:26 - [TEST_STEP][PASSED] - click(findTestObject("2 Operacion/Elementos del Sistema/Selectores/00Oficinas/a_Bogota - CIEL")): Object: 'Object Repository/2 Operacion/Elementos del Sistema/Selectores/00Oficinas/a_Bogota - CIEL' is clicked on

2021-08-05 14:49:28 - [MESSAGE][PASSED] - Object: 'Object Repository/2 Operacion/Elementos del Sistema/Selectores/00Oficinas/a_Bogota - CIEL' is clicked on

2021-08-05 14:49:28 - [TEST_STEP][PASSED] - delay(3): Delayed 3 second(s)

2021-08-05 14:49:31 - [MESSAGE][PASSED] - Delayed 3 second(s)

2021-08-05 14:49:31 - [TEST_STEP][PASSED] - click(findTestObject("2 Operacion/Elementos del Sistema/Selectores/0 Lista de Selectores/a_Abrir Selector")): Object: 'Object Repository/2 Operacion/Elementos del Sistema/Selectores/0 Lista de Selectores/a_Abrir Selector' is clicked on

2021-08-05 14:49:32 - [MESSAGE][PASSED] - Object: 'Object Repository/2 Operacion/Elementos del Sistema/Selectores/0 Lista de Selectores/a_Abrir Selector' is clicked on

2021-08-05 14:49:32 - [TEST_STEP][PASSED] - delay(5): Delayed 5 second(s)

2021-08-05 14:49:37 - [MESSAGE][PASSED] - Delayed 5 second(s)

2021-08-05 14:49:37 - [TEST_STEP][PASSED] - switchToWindowIndex(1): Switched to window with index: '1'

2021-08-05 14:49:37 - [MESSAGE][PASSED] - Switched to window with index: '1'

2021-08-05 14:49:37 - [TEST_STEP][PASSED] - delay(2): Delayed 2 second(s)

2021-08-05 14:49:39 - [MESSAGE][PASSED] - Delayed 2 second(s)

2021-08-05 14:49:39 - [TEST_STEP][PASSED] - maximizeWindow(): Current window maximized

2021-08-05 14:49:39 - [MESSAGE][PASSED] - Current window maximized

2021-08-05 14:49:39 - [TEST_STEP][PASSED] - delay(2): Delayed 2 second(s)

2021-08-05 14:49:41 - [MESSAGE][PASSED] - Delayed 2 second(s)

2021-08-05 14:49:41 - [TEST_STEP][PASSED] - setText(findTestObject("2 Operacion/Elementos del Sistema/Selectores/2 Escoger por jerarquia/input_Escoger por Jerarqua2"), "info"): Text 'info' is set on object 'Object Repository/2 Operacion/Elementos del Sistema/Selectores/2 Escoger por jerarquia/input_Escoger por Jerarqua2'

2021-08-05 14:49:43 - [MESSAGE][PASSED] - Text 'info' is set on object 'Object Repository/2 Operacion/Elementos del Sistema/Selectores/2 Escoger por jerarquia/input_Escoger por Jerarqua2'

2021-08-05 14:49:43 - [TEST_STEP][PASSED] - delay(3): Delayed 3 second(s)

2021-08-05 14:49:46 - [MESSAGE][PASSED] - Delayed 3 second(s)

2021-08-05 14:49:46 - [TEST_STEP][PASSED] - click(findTestObject("2 Operacion/Elementos del Sistema/Selectores/2 Escoger por jerarquia/a_WIZ Informacion General")): Object: 'Object Repository/2 Operacion/Elementos del Sistema/Selectores/2 Escoger por jerarquia/a_WIZ Informacion General' is clicked on

2021-08-05 14:49:47 - [MESSAGE][PASSED] - Object: 'Object Repository/2 Operacion/Elementos del Sistema/Selectores/2 Escoger por jerarquia/a_WIZ Informacion General' is clicked on

2021-08-05 14:49:47 - [TEST_STEP][PASSED] - delay(3): Delayed 3 second(s)

2021-08-05 14:49:50 - [MESSAGE][PASSED] - Delayed 3 second(s)

2021-08-05 14:49:50 - [TEST_STEP][PASSED] - takeFullPageScreenshot(): Taking screenshot successfully

2021-08-05 14:49:52 - [MESSAGE][INFO] - 0 hidden object(s)

2021-08-05 14:49:53 - [MESSAGE][PASSED] - Taking screenshot successfully
[[ATTACHMENT|E:\\CIEL INGENIERIA\\KATALON\\Validaciones\\Reports\\20210805_144826\\0 Atributos\\Transferir en Terminal\\20210805_144826\\1628192990805.png]]

2021-08-05 14:49:53 - [TEST_STEP][PASSED] - delay(2): Delayed 2 second(s)

2021-08-05 14:49:55 - [MESSAGE][PASSED] - Delayed 2 second(s)

2021-08-05 14:49:55 - [TEST_STEP][PASSED] - click(findTestObject("2 Operacion/Elementos del Sistema/Selectores/4 Generar Turno/img_Con Impresion")): Object: 'Object Repository/2 Operacion/Elementos del Sistema/Selectores/4 Generar Turno/img_Con Impresion' is clicked on

2021-08-05 14:49:56 - [MESSAGE][PASSED] - Object: 'Object Repository/2 Operacion/Elementos del Sistema/Selectores/4 Generar Turno/img_Con Impresion' is clicked on

2021-08-05 14:49:56 - [TEST_STEP][PASSED] - delay(1): Delayed 1 second(s)

2021-08-05 14:49:57 - [MESSAGE][PASSED] - Delayed 1 second(s)

2021-08-05 14:49:57 - [TEST_STEP][PASSED] - takeFullPageScreenshot(): Taking screenshot successfully

2021-08-05 14:49:59 - [MESSAGE][INFO] - 0 hidden object(s)

2021-08-05 14:49:59 - [MESSAGE][PASSED] - Taking screenshot successfully
[[ATTACHMENT|E:\\CIEL INGENIERIA\\KATALON\\Validaciones\\Reports\\20210805_144826\\0 Atributos\\Transferir en Terminal\\20210805_144826\\1628192997851.png]]

2021-08-05 14:49:59 - [TEST_STEP][PASSED] - delay(2): Delayed 2 second(s)

2021-08-05 14:50:01 - [MESSAGE][PASSED] - Delayed 2 second(s)

2021-08-05 14:50:01 - [TEST_STEP][PASSED] - switchToWindowIndex(0): Switched to window with index: '0'

2021-08-05 14:50:02 - [MESSAGE][PASSED] - Switched to window with index: '0'

2021-08-05 14:50:02 - [TEST_STEP][PASSED] - delay(3): Delayed 3 second(s)

2021-08-05 14:50:05 - [MESSAGE][PASSED] - Delayed 3 second(s)

2021-08-05 14:50:05 - [TEST_STEP][PASSED] - click(findTestObject("1Inicio/a_Inicio")): Object: 'Object Repository/1Inicio/a_Inicio' is clicked on

2021-08-05 14:50:07 - [MESSAGE][PASSED] - Object: 'Object Repository/1Inicio/a_Inicio' is clicked on

2021-08-05 14:50:07 - [TEST_STEP][PASSED] - delay(3): Delayed 3 second(s)

2021-08-05 14:50:10 - [MESSAGE][PASSED] - Delayed 3 second(s)

2021-08-05 14:50:10 - [TEST_STEP][PASSED] - click(findTestObject("1Inicio/img_Operacion")): Object: 'Object Repository/1Inicio/img_Operacion' is clicked on

2021-08-05 14:50:11 - [MESSAGE][PASSED] - Object: 'Object Repository/1Inicio/img_Operacion' is clicked on

2021-08-05 14:50:11 - [TEST_STEP][PASSED] - delay(3): Delayed 3 second(s)

2021-08-05 14:50:15 - [MESSAGE][PASSED] - Delayed 3 second(s)

2021-08-05 14:50:15 - [TEST_STEP][PASSED] - click(findTestObject("2 Operacion/Elementos Del Sistema")): Object: 'Object Repository/2 Operacion/Elementos Del Sistema' is clicked on

2021-08-05 14:50:16 - [MESSAGE][PASSED] - Object: 'Object Repository/2 Operacion/Elementos Del Sistema' is clicked on

2021-08-05 14:50:16 - [TEST_STEP][PASSED] - delay(3): Delayed 3 second(s)

2021-08-05 14:50:19 - [MESSAGE][PASSED] - Delayed 3 second(s)

2021-08-05 14:50:19 - [TEST_STEP][PASSED] - click(findTestObject("2 Operacion/Elementos del Sistema/img_Terminales")): Object: 'Object Repository/2 Operacion/Elementos del Sistema/img_Terminales' is clicked on

2021-08-05 14:50:22 - [MESSAGE][PASSED] - Object: 'Object Repository/2 Operacion/Elementos del Sistema/img_Terminales' is clicked on

2021-08-05 14:50:22 - [TEST_STEP][PASSED] - delay(3): Delayed 3 second(s)

2021-08-05 14:50:25 - [MESSAGE][PASSED] - Delayed 3 second(s)

2021-08-05 14:50:25 - [TEST_STEP][PASSED] - click(findTestObject("2 Operacion/Elementos del Sistema/Selectores/00Oficinas/a_Bogota - CIEL")): Object: 'Object Repository/2 Operacion/Elementos del Sistema/Selectores/00Oficinas/a_Bogota - CIEL' is clicked on

2021-08-05 14:50:26 - [MESSAGE][PASSED] - Object: 'Object Repository/2 Operacion/Elementos del Sistema/Selectores/00Oficinas/a_Bogota - CIEL' is clicked on

2021-08-05 14:50:26 - [TEST_STEP][PASSED] - delay(3): Delayed 3 second(s)

2021-08-05 14:50:29 - [MESSAGE][PASSED] - Delayed 3 second(s)

2021-08-05 14:50:29 - [TEST_STEP][PASSED] - click(findTestObject("2 Operacion/Elementos del Sistema/Terminales/1Terminales menos WorkFlow/a_Terminal Informacion A01")): Object: 'Object Repository/2 Operacion/Elementos del Sistema/Terminales/1Terminales menos WorkFlow/a_Terminal Informacion A01' is clicked on

2021-08-05 14:50:30 - [MESSAGE][PASSED] - Object: 'Object Repository/2 Operacion/Elementos del Sistema/Terminales/1Terminales menos WorkFlow/a_Terminal Informacion A01' is clicked on

2021-08-05 14:50:30 - [TEST_STEP][PASSED] - delay(3): Delayed 3 second(s)

2021-08-05 14:50:33 - [MESSAGE][PASSED] - Delayed 3 second(s)

2021-08-05 14:50:33 - [TEST_STEP][PASSED] - click(findTestObject("2 Operacion/Elementos del Sistema/Terminales/Terminal/Funciones Basicas/img_Llamar")): Object: 'Object Repository/2 Operacion/Elementos del Sistema/Terminales/Terminal/Funciones Basicas/img_Llamar' is clicked on

2021-08-05 14:50:38 - [MESSAGE][PASSED] - Object: 'Object Repository/2 Operacion/Elementos del Sistema/Terminales/Terminal/Funciones Basicas/img_Llamar' is clicked on

2021-08-05 14:50:38 - [TEST_STEP][PASSED] - delay(3): Delayed 3 second(s)

2021-08-05 14:50:41 - [MESSAGE][PASSED] - Delayed 3 second(s)

2021-08-05 14:50:41 - [TEST_STEP][PASSED] - click(findTestObject("2 Operacion/Elementos del Sistema/Terminales/Terminal/Funciones Basicas/img_Ocupado")): Object: 'Object Repository/2 Operacion/Elementos del Sistema/Terminales/Terminal/Funciones Basicas/img_Ocupado' is clicked on

2021-08-05 14:50:43 - [MESSAGE][PASSED] - Object: 'Object Repository/2 Operacion/Elementos del Sistema/Terminales/Terminal/Funciones Basicas/img_Ocupado' is clicked on

2021-08-05 14:50:43 - [TEST_STEP][PASSED] - delay(3): Delayed 3 second(s)

2021-08-05 14:50:46 - [MESSAGE][PASSED] - Delayed 3 second(s)

2021-08-05 14:50:46 - [TEST_STEP][PASSED] - click(findTestObject("2 Operacion/Elementos del Sistema/Terminales/Terminal/Funciones Basicas/imgOcupado/a_Actualizacion de Datos")): Object: 'Object Repository/2 Operacion/Elementos del Sistema/Terminales/Terminal/Funciones Basicas/imgOcupado/a_Actualizacion de Datos' is clicked on

2021-08-05 14:50:48 - [MESSAGE][PASSED] - Object: 'Object Repository/2 Operacion/Elementos del Sistema/Terminales/Terminal/Funciones Basicas/imgOcupado/a_Actualizacion de Datos' is clicked on

2021-08-05 14:50:48 - [TEST_STEP][PASSED] - delay(3): Delayed 3 second(s)

2021-08-05 14:50:51 - [MESSAGE][PASSED] - Delayed 3 second(s)

2021-08-05 14:50:51 - [TEST_STEP][PASSED] - click(findTestObject("2 Operacion/Elementos del Sistema/Terminales/Terminal/Funciones Adicionales/img_Transferir")): Object: 'Object Repository/2 Operacion/Elementos del Sistema/Terminales/Terminal/Funciones Adicionales/img_Transferir' is clicked on

2021-08-05 14:50:52 - [MESSAGE][PASSED] - Object: 'Object Repository/2 Operacion/Elementos del Sistema/Terminales/Terminal/Funciones Adicionales/img_Transferir' is clicked on

2021-08-05 14:50:52 - [TEST_STEP][PASSED] - delay(3): Delayed 3 second(s)

2021-08-05 14:50:55 - [MESSAGE][PASSED] - Delayed 3 second(s)

2021-08-05 14:50:55 - [TEST_STEP][PASSED] - click(findTestObject("2 Operacion/Elementos del Sistema/Terminales/Terminal/Funciones Adicionales/imgTransferir/Destino de Transferencia/0 Especialidades/a_select")): Object: 'Object Repository/2 Operacion/Elementos del Sistema/Terminales/Terminal/Funciones Adicionales/imgTransferir/Destino de Transferencia/0 Especialidades/a_select' is clicked on

2021-08-05 14:50:56 - [MESSAGE][PASSED] - Object: 'Object Repository/2 Operacion/Elementos del Sistema/Terminales/Terminal/Funciones Adicionales/imgTransferir/Destino de Transferencia/0 Especialidades/a_select' is clicked on

2021-08-05 14:50:56 - [TEST_STEP][PASSED] - check(findTestObject("2 Operacion/Elementos del Sistema/Terminales/Terminal/Funciones Adicionales/imgTransferir/Destino de Transferencia/0 Especialidades/chk_Cirujanos")): Object 'Object Repository/2 Operacion/Elementos del Sistema/Terminales/Terminal/Funciones Adicionales/imgTransferir/Destino de Transferencia/0 Especialidades/chk_Cirujanos' is checked

2021-08-05 14:50:58 - [MESSAGE][PASSED] - Object 'Object Repository/2 Operacion/Elementos del Sistema/Terminales/Terminal/Funciones Adicionales/imgTransferir/Destino de Transferencia/0 Especialidades/chk_Cirujanos' is checked

2021-08-05 14:50:58 - [TEST_STEP][PASSED] - click(findTestObject("2 Operacion/Elementos del Sistema/Terminales/Terminal/Funciones Adicionales/imgTransferir/Destino de Transferencia/0 Especialidades/a_select")): Object: 'Object Repository/2 Operacion/Elementos del Sistema/Terminales/Terminal/Funciones Adicionales/imgTransferir/Destino de Transferencia/0 Especialidades/a_select' is clicked on

2021-08-05 14:50:58 - [MESSAGE][PASSED] - Object: 'Object Repository/2 Operacion/Elementos del Sistema/Terminales/Terminal/Funciones Adicionales/imgTransferir/Destino de Transferencia/0 Especialidades/a_select' is clicked on

2021-08-05 14:50:58 - [TEST_STEP][PASSED] - delay(3): Delayed 3 second(s)

2021-08-05 14:51:01 - [MESSAGE][PASSED] - Delayed 3 second(s)

2021-08-05 14:51:01 - [TEST_STEP][PASSED] - click(findTestObject("2 Operacion/Elementos del Sistema/Terminales/Terminal/Funciones Adicionales/imgTransferir/Destino de Transferencia/1 Profesionales/a_select")): Object: 'Object Repository/2 Operacion/Elementos del Sistema/Terminales/Terminal/Funciones Adicionales/imgTransferir/Destino de Transferencia/1 Profesionales/a_select' is clicked on

2021-08-05 14:51:02 - [MESSAGE][PASSED] - Object: 'Object Repository/2 Operacion/Elementos del Sistema/Terminales/Terminal/Funciones Adicionales/imgTransferir/Destino de Transferencia/1 Profesionales/a_select' is clicked on

2021-08-05 14:51:02 - [TEST_STEP][PASSED] - click(findTestObject("2 Operacion/Elementos del Sistema/Terminales/Terminal/Funciones Adicionales/imgTransferir/Destino de Transferencia/1 Profesionales/a_select")): Object: 'Object Repository/2 Operacion/Elementos del Sistema/Terminales/Terminal/Funciones Adicionales/imgTransferir/Destino de Transferencia/1 Profesionales/a_select' is clicked on

2021-08-05 14:51:04 - [MESSAGE][PASSED] - Object: 'Object Repository/2 Operacion/Elementos del Sistema/Terminales/Terminal/Funciones Adicionales/imgTransferir/Destino de Transferencia/1 Profesionales/a_select' is clicked on

2021-08-05 14:51:04 - [TEST_STEP][PASSED] - check(findTestObject("2 Operacion/Elementos del Sistema/Terminales/Terminal/Funciones Adicionales/imgTransferir/Destino de Transferencia/1 Profesionales/chk_Cardiologo")): Object 'Object Repository/2 Operacion/Elementos del Sistema/Terminales/Terminal/Funciones Adicionales/imgTransferir/Destino de Transferencia/1 Profesionales/chk_Cardiologo' is checked

2021-08-05 14:51:05 - [MESSAGE][PASSED] - Object 'Object Repository/2 Operacion/Elementos del Sistema/Terminales/Terminal/Funciones Adicionales/imgTransferir/Destino de Transferencia/1 Profesionales/chk_Cardiologo' is checked

2021-08-05 14:51:05 - [TEST_STEP][PASSED] - click(findTestObject("2 Operacion/Elementos del Sistema/Terminales/Terminal/Funciones Adicionales/imgTransferir/Destino de Transferencia/1 Profesionales/a_select")): Object: 'Object Repository/2 Operacion/Elementos del Sistema/Terminales/Terminal/Funciones Adicionales/imgTransferir/Destino de Transferencia/1 Profesionales/a_select' is clicked on

2021-08-05 14:51:06 - [MESSAGE][PASSED] - Object: 'Object Repository/2 Operacion/Elementos del Sistema/Terminales/Terminal/Funciones Adicionales/imgTransferir/Destino de Transferencia/1 Profesionales/a_select' is clicked on

2021-08-05 14:51:06 - [TEST_STEP][PASSED] - delay(3): Delayed 3 second(s)

2021-08-05 14:51:09 - [MESSAGE][PASSED] - Delayed 3 second(s)

2021-08-05 14:51:09 - [TEST_STEP][PASSED] - click(findTestObject("2 Operacion/Elementos del Sistema/Terminales/Terminal/Funciones Adicionales/imgTransferir/Destino de Transferencia/2 Usuario/select_Usuario")): Object: 'Object Repository/2 Operacion/Elementos del Sistema/Terminales/Terminal/Funciones Adicionales/imgTransferir/Destino de Transferencia/2 Usuario/select_Usuario' is clicked on

2021-08-05 14:51:10 - [MESSAGE][PASSED] - Object: 'Object Repository/2 Operacion/Elementos del Sistema/Terminales/Terminal/Funciones Adicionales/imgTransferir/Destino de Transferencia/2 Usuario/select_Usuario' is clicked on

2021-08-05 14:51:10 - [TEST_STEP][PASSED] - delay(3): Delayed 3 second(s)

2021-08-05 14:51:13 - [MESSAGE][PASSED] - Delayed 3 second(s)

2021-08-05 14:51:13 - [TEST_STEP][PASSED] - click(findTestObject("2 Operacion/Elementos del Sistema/Terminales/Terminal/Funciones Adicionales/imgTransferir/Destino de Transferencia/a_Grupo Informacin")): Object: 'Object Repository/2 Operacion/Elementos del Sistema/Terminales/Terminal/Funciones Adicionales/imgTransferir/Destino de Transferencia/a_Grupo Informacin' is clicked on

2021-08-05 14:51:14 - [MESSAGE][PASSED] - Object: 'Object Repository/2 Operacion/Elementos del Sistema/Terminales/Terminal/Funciones Adicionales/imgTransferir/Destino de Transferencia/a_Grupo Informacin' is clicked on

2021-08-05 14:51:14 - [TEST_STEP][PASSED] - delay(3): Delayed 3 second(s)

2021-08-05 14:51:17 - [MESSAGE][PASSED] - Delayed 3 second(s)

2021-08-05 14:51:17 - [TEST_STEP][PASSED] - click(findTestObject("2 Operacion/Elementos del Sistema/Terminales/Terminal/Funciones Adicionales/imgTransferir/Destino de Transferencia/img_Aceptar")): Object: 'Object Repository/2 Operacion/Elementos del Sistema/Terminales/Terminal/Funciones Adicionales/imgTransferir/Destino de Transferencia/img_Aceptar' is clicked on

2021-08-05 14:51:18 - [MESSAGE][PASSED] - Object: 'Object Repository/2 Operacion/Elementos del Sistema/Terminales/Terminal/Funciones Adicionales/imgTransferir/Destino de Transferencia/img_Aceptar' is clicked on

2021-08-05 14:51:18 - [TEST_STEP][PASSED] - delay(3): Delayed 3 second(s)

2021-08-05 14:51:21 - [MESSAGE][PASSED] - Delayed 3 second(s)

2021-08-05 14:51:21 - [TEST_STEP][PASSED] - takeFullPageScreenshot(): Taking screenshot successfully

2021-08-05 14:51:22 - [MESSAGE][INFO] - 0 hidden object(s)

2021-08-05 14:51:23 - [MESSAGE][PASSED] - Taking screenshot successfully
[[ATTACHMENT|E:\\CIEL INGENIERIA\\KATALON\\Validaciones\\Reports\\20210805_144826\\0 Atributos\\Transferir en Terminal\\20210805_144826\\1628193081869.png]]

2021-08-05 14:51:23 - [TEST_STEP][PASSED] - delay(3): Delayed 3 second(s)

2021-08-05 14:51:26 - [MESSAGE][PASSED] - Delayed 3 second(s)

2021-08-05 14:51:26 - [TEST_STEP][PASSED] - click(findTestObject("2 Operacion/Elementos del Sistema/Terminales/Terminal/Funciones Adicionales/imgTransferir/Cola de transferencia/a_Informacion2")): Object: 'Object Repository/2 Operacion/Elementos del Sistema/Terminales/Terminal/Funciones Adicionales/imgTransferir/Cola de transferencia/a_Informacion2' is clicked on

2021-08-05 14:51:27 - [MESSAGE][PASSED] - Object: 'Object Repository/2 Operacion/Elementos del Sistema/Terminales/Terminal/Funciones Adicionales/imgTransferir/Cola de transferencia/a_Informacion2' is clicked on

2021-08-05 14:51:27 - [TEST_STEP][PASSED] - delay(3): Delayed 3 second(s)

2021-08-05 14:51:30 - [MESSAGE][PASSED] - Delayed 3 second(s)

2021-08-05 14:51:30 - [TEST_STEP][PASSED] - click(findTestObject("2 Operacion/Elementos del Sistema/Terminales/Terminal/Funciones Adicionales/img_Buscar")): Object: 'Object Repository/2 Operacion/Elementos del Sistema/Terminales/Terminal/Funciones Adicionales/img_Buscar' is clicked on

2021-08-05 14:51:33 - [MESSAGE][PASSED] - Object: 'Object Repository/2 Operacion/Elementos del Sistema/Terminales/Terminal/Funciones Adicionales/img_Buscar' is clicked on

2021-08-05 14:51:33 - [TEST_STEP][PASSED] - delay(3): Delayed 3 second(s)

2021-08-05 14:51:36 - [MESSAGE][PASSED] - Delayed 3 second(s)

2021-08-05 14:51:36 - [TEST_STEP][PASSED] - click(findTestObject("2 Operacion/Elementos del Sistema/Terminales/Terminal/Funciones Adicionales/imgBuscar/etiquetas/span_Suspendido")): Object: 'Object Repository/2 Operacion/Elementos del Sistema/Terminales/Terminal/Funciones Adicionales/imgBuscar/etiquetas/span_Suspendido' is clicked on

2021-08-05 14:51:39 - [MESSAGE][PASSED] - Object: 'Object Repository/2 Operacion/Elementos del Sistema/Terminales/Terminal/Funciones Adicionales/imgBuscar/etiquetas/span_Suspendido' is clicked on

2021-08-05 14:51:39 - [TEST_STEP][PASSED] - delay(3): Delayed 3 second(s)

2021-08-05 14:51:42 - [MESSAGE][PASSED] - Delayed 3 second(s)

2021-08-05 14:51:42 - [TEST_STEP][PASSED] - takeFullPageScreenshot(STOP_ON_FAILURE): Taking screenshot successfully

2021-08-05 14:51:43 - [MESSAGE][INFO] - 0 hidden object(s)

2021-08-05 14:51:43 - [MESSAGE][PASSED] - Taking screenshot successfully
[[ATTACHMENT|E:\\CIEL INGENIERIA\\KATALON\\Validaciones\\Reports\\20210805_144826\\0 Atributos\\Transferir en Terminal\\20210805_144826\\1628193102548.png]]

2021-08-05 14:51:43 - [TEST_STEP][PASSED] - delay(3): Delayed 3 second(s)

2021-08-05 14:51:46 - [MESSAGE][PASSED] - Delayed 3 second(s)]]></system-out>
         <system-err><![CDATA[]]></system-err>
      </testcase>
      <system-out><![CDATA[2021-08-05 14:48:42 - [TEST_SUITE][PASSED] - Transferir en Terminal: Test Cases/0 Atributos/Transferir en Terminal]]></system-out>
      <system-err><![CDATA[]]></system-err>
   </testsuite>
</testsuites>
