<?xml version="1.0" encoding="UTF-8"?>
<testsuites name="23.Sistema.MostrarInfoCliente" time="197.275" tests="2" failures="0" skips="0" errors="0">
   <testsuite name="23.Sistema.MostrarInfoCliente" tests="2" failures="0" errors="0" time="197.275" skips="0" timestamp="2021-05-18 10:52:36" hostname="BILIKI - DESKTOP-HH1RJM2" id="Test Suites/23.Sistema.MostrarInfoCliente">
      <properties>
         <property name="deviceName" value=""/>
         <property name="devicePlatform" value=""/>
         <property name="logFolder" value="E:\\CIEL INGENIERIA\\KATALON\\Validaciones\\Reports\\20210518_105211\\23.Sistema.MostrarInfoCliente\\20210518_105211"/>
         <property name="logFiles" value="E:\\CIEL INGENIERIA\\KATALON\\Validaciones\\Reports\\20210518_105211\\23.Sistema.MostrarInfoCliente\\20210518_105211\\execution0.log"/>
         <property name="attachments" value=""/>
         <property name="hostName" value="BILIKI - DESKTOP-HH1RJM2"/>
         <property name="os" value="Windows 10 64bit"/>
         <property name="katalonVersion" value="7.9.1.208"/>
         <property name="browser" value="Edge Chromiume 18"/>
         <property name="hostAddress" value="169.254.12.236"/>
         <property name="sessionId" value="81FBE2C1-B9C2-4914-B622-05067497F9F4"/>
         <property name="seleniumVersion" value="3.141.59"/>
         <property name="proxyInformation" value="ProxyInformation { proxyOption=NO_PROXY, proxyServerType=HTTP, username=, password=********, proxyServerAddress=, proxyServerPort=0, executionList=&quot;&quot;, isApplyToDesiredCapabilities=true }"/>
         <property name="platform" value="Windows 10"/>
      </properties>
      <testcase name="Test Cases/23.Sistema.MostrarInfoCliente Si" time="110.512" classname="Test Cases/23.Sistema.MostrarInfoCliente Si" status="PASSED">
         <system-out><![CDATA[2021-05-18 10:52:40 - [TEST_CASE][PASSED] - Test Cases/23.Sistema.MostrarInfoCliente Si: Test Cases/23.Sistema.MostrarInfoCliente Si

2021-05-18 10:52:42 - [TEST_STEP][PASSED] - callTestCase(findTestCase("Inicio Sesion sin variables"), [:], STOP_ON_FAILURE): Call Test Case 'Test Cases/Inicio Sesion sin variables' successfully

2021-05-18 10:52:43 - [TEST_CASE][PASSED] - Test Cases/Inicio Sesion sin variables: Test Cases/Inicio Sesion sin variables

2021-05-18 10:52:44 - [TEST_STEP][PASSED] - openBrowser("http://Localhost:8810"): Browser is opened with url: 'http://Localhost:8810'

2021-05-18 10:52:45 - [MESSAGE][INFO] - Starting 'Edge' driver

2021-05-18 10:52:46 - [MESSAGE][INFO] - Action delay is set to 0 milliseconds

2021-05-18 10:53:00 - [MESSAGE][PASSED] - Browser is opened with url: 'http://Localhost:8810'

2021-05-18 10:53:00 - [TEST_STEP][PASSED] - maximizeWindow(): Current window maximized

2021-05-18 10:53:01 - [MESSAGE][PASSED] - Current window maximized

2021-05-18 10:53:01 - [TEST_STEP][PASSED] - setText(findTestObject("0Inicio Sesion/input__Usuario"), "ciel"): Text 'ciel' is set on object 'Object Repository/0Inicio Sesion/input__Usuario'

2021-05-18 10:53:02 - [MESSAGE][PASSED] - Text 'ciel' is set on object 'Object Repository/0Inicio Sesion/input__Usuario'

2021-05-18 10:53:02 - [TEST_STEP][PASSED] - setText(findTestObject("0Inicio Sesion/input__Clave"), "digiturno"): Text 'digiturno' is set on object 'Object Repository/0Inicio Sesion/input__Clave'

2021-05-18 10:53:04 - [MESSAGE][PASSED] - Text 'digiturno' is set on object 'Object Repository/0Inicio Sesion/input__Clave'

2021-05-18 10:53:04 - [TEST_STEP][PASSED] - click(findTestObject("0Inicio Sesion/btn_IniciarSesion")): Object: 'Object Repository/0Inicio Sesion/btn_IniciarSesion' is clicked on

2021-05-18 10:53:04 - [MESSAGE][PASSED] - Object: 'Object Repository/0Inicio Sesion/btn_IniciarSesion' is clicked on

2021-05-18 10:53:04 - [TEST_STEP][PASSED] - delay(3): Delayed 3 second(s)

2021-05-18 10:53:07 - [MESSAGE][PASSED] - Delayed 3 second(s)

2021-05-18 10:53:07 - [MESSAGE][PASSED] - Call Test Case 'Test Cases/Inicio Sesion sin variables' successfully

2021-05-18 10:53:07 - [TEST_STEP][PASSED] - click(findTestObject("1Inicio/img_Configuracion")): Object: 'Object Repository/1Inicio/img_Configuracion' is clicked on

2021-05-18 10:53:14 - [MESSAGE][PASSED] - Object: 'Object Repository/1Inicio/img_Configuracion' is clicked on

2021-05-18 10:53:14 - [TEST_STEP][PASSED] - delay(3): Delayed 3 second(s)

2021-05-18 10:53:17 - [MESSAGE][PASSED] - Delayed 3 second(s)

2021-05-18 10:53:17 - [TEST_STEP][PASSED] - click(findTestObject("Configuracion/1Principal/img_Sistema")): Object: 'Object Repository/Configuracion/1Principal/img_Sistema' is clicked on

2021-05-18 10:53:18 - [MESSAGE][PASSED] - Object: 'Object Repository/Configuracion/1Principal/img_Sistema' is clicked on

2021-05-18 10:53:18 - [TEST_STEP][PASSED] - delay(3): Delayed 3 second(s)

2021-05-18 10:53:21 - [MESSAGE][PASSED] - Delayed 3 second(s)

2021-05-18 10:53:21 - [TEST_STEP][PASSED] - click(findTestObject("Configuracion/Sistema/1Principal/img_Parametros Generales")): Object: 'Object Repository/Configuracion/Sistema/1Principal/img_Parametros Generales' is clicked on

2021-05-18 10:53:21 - [MESSAGE][PASSED] - Object: 'Object Repository/Configuracion/Sistema/1Principal/img_Parametros Generales' is clicked on

2021-05-18 10:53:21 - [TEST_STEP][PASSED] - delay(3): Delayed 3 second(s)

2021-05-18 10:53:24 - [MESSAGE][PASSED] - Delayed 3 second(s)

2021-05-18 10:53:24 - [TEST_STEP][PASSED] - click(findTestObject("Configuracion/Sistema/Parametros Generales/Pestanas/a_Elementos de sistema")): Object: 'Object Repository/Configuracion/Sistema/Parametros Generales/Pestanas/a_Elementos de sistema' is clicked on

2021-05-18 10:53:25 - [MESSAGE][PASSED] - Object: 'Object Repository/Configuracion/Sistema/Parametros Generales/Pestanas/a_Elementos de sistema' is clicked on

2021-05-18 10:53:25 - [TEST_STEP][PASSED] - delay(3): Delayed 3 second(s)

2021-05-18 10:53:28 - [MESSAGE][PASSED] - Delayed 3 second(s)

2021-05-18 10:53:28 - [TEST_STEP][PASSED] - click(findTestObject("Configuracion/Sistema/Parametros Generales/Filtros LLave/span_0filtro llave")): Object: 'Object Repository/Configuracion/Sistema/Parametros Generales/Filtros LLave/span_0filtro llave' is clicked on

2021-05-18 10:53:29 - [MESSAGE][PASSED] - Object: 'Object Repository/Configuracion/Sistema/Parametros Generales/Filtros LLave/span_0filtro llave' is clicked on

2021-05-18 10:53:29 - [TEST_STEP][PASSED] - mouseOver(findTestObject("Configuracion/Sistema/Parametros Generales/Filtros LLave/span_1Filtro")): Object: 'Object Repository/Configuracion/Sistema/Parametros Generales/Filtros LLave/span_1Filtro' is hovered

2021-05-18 10:53:30 - [MESSAGE][PASSED] - Object: 'Object Repository/Configuracion/Sistema/Parametros Generales/Filtros LLave/span_1Filtro' is hovered

2021-05-18 10:53:30 - [TEST_STEP][PASSED] - click(findTestObject("Configuracion/Sistema/Parametros Generales/Filtro 1er valor/span_select")): Object: 'Object Repository/Configuracion/Sistema/Parametros Generales/Filtro 1er valor/span_select' is clicked on

2021-05-18 10:53:31 - [MESSAGE][PASSED] - Object: 'Object Repository/Configuracion/Sistema/Parametros Generales/Filtro 1er valor/span_select' is clicked on

2021-05-18 10:53:31 - [TEST_STEP][PASSED] - click(findTestObject("Configuracion/Sistema/Parametros Generales/Filtro 1er valor/li_Contiene")): Object: 'Object Repository/Configuracion/Sistema/Parametros Generales/Filtro 1er valor/li_Contiene' is clicked on

2021-05-18 10:53:31 - [MESSAGE][PASSED] - Object: 'Object Repository/Configuracion/Sistema/Parametros Generales/Filtro 1er valor/li_Contiene' is clicked on

2021-05-18 10:53:31 - [TEST_STEP][PASSED] - setText(findTestObject("Configuracion/Sistema/Parametros Generales/Filtro 1er valor/input_Texto a buscar1"), "Sistema.MostrarInfoCliente"): Text 'Sistema.MostrarInfoCliente' is set on object 'Object Repository/Configuracion/Sistema/Parametros Generales/Filtro 1er valor/input_Texto a buscar1'

2021-05-18 10:53:33 - [MESSAGE][PASSED] - Text 'Sistema.MostrarInfoCliente' is set on object 'Object Repository/Configuracion/Sistema/Parametros Generales/Filtro 1er valor/input_Texto a buscar1'

2021-05-18 10:53:33 - [TEST_STEP][PASSED] - click(findTestObject("Configuracion/Sistema/Parametros Generales/botones filtro/btn_Filtrar")): Object: 'Object Repository/Configuracion/Sistema/Parametros Generales/botones filtro/btn_Filtrar' is clicked on

2021-05-18 10:53:34 - [MESSAGE][PASSED] - Object: 'Object Repository/Configuracion/Sistema/Parametros Generales/botones filtro/btn_Filtrar' is clicked on

2021-05-18 10:53:34 - [TEST_STEP][PASSED] - delay(2): Delayed 2 second(s)

2021-05-18 10:53:36 - [MESSAGE][PASSED] - Delayed 2 second(s)

2021-05-18 10:53:36 - [TEST_STEP][PASSED] - click(findTestObject("Configuracion/Sistema/Parametros Generales/Cambiar Parametro Valor/a_Editar")): Object: 'Object Repository/Configuracion/Sistema/Parametros Generales/Cambiar Parametro Valor/a_Editar' is clicked on

2021-05-18 10:53:36 - [MESSAGE][PASSED] - Object: 'Object Repository/Configuracion/Sistema/Parametros Generales/Cambiar Parametro Valor/a_Editar' is clicked on

2021-05-18 10:53:36 - [TEST_STEP][PASSED] - delay(2): Delayed 2 second(s)

2021-05-18 10:53:38 - [MESSAGE][PASSED] - Delayed 2 second(s)

2021-05-18 10:53:38 - [TEST_STEP][PASSED] - click(findTestObject("Configuracion/Sistema/Parametros Generales/Cambiar Parametro Valor/input_Valor"), STOP_ON_FAILURE): Object: 'Object Repository/Configuracion/Sistema/Parametros Generales/Cambiar Parametro Valor/input_Valor' is clicked on

2021-05-18 10:53:39 - [MESSAGE][PASSED] - Object: 'Object Repository/Configuracion/Sistema/Parametros Generales/Cambiar Parametro Valor/input_Valor' is clicked on

2021-05-18 10:53:39 - [TEST_STEP][PASSED] - sendKeys(findTestObject(null), "Si"): Keys 'Si' sent to object: 'tempBody'

2021-05-18 10:53:39 - [MESSAGE][WARNING] - Test object id is null

2021-05-18 10:53:39 - [MESSAGE][WARNING] - Test object with id 'Object Repository/' does not exist

2021-05-18 10:53:40 - [MESSAGE][PASSED] - Keys 'Si' sent to object: 'tempBody'

2021-05-18 10:53:40 - [TEST_STEP][PASSED] - delay(2): Delayed 2 second(s)

2021-05-18 10:53:42 - [MESSAGE][PASSED] - Delayed 2 second(s)

2021-05-18 10:53:42 - [TEST_STEP][PASSED] - click(findTestObject("Configuracion/Sistema/Parametros Generales/Cambiar Parametro Valor/a_Guardar")): Object: 'Object Repository/Configuracion/Sistema/Parametros Generales/Cambiar Parametro Valor/a_Guardar' is clicked on

2021-05-18 10:53:42 - [MESSAGE][PASSED] - Object: 'Object Repository/Configuracion/Sistema/Parametros Generales/Cambiar Parametro Valor/a_Guardar' is clicked on

2021-05-18 10:53:42 - [TEST_STEP][PASSED] - delay(3): Delayed 3 second(s)

2021-05-18 10:53:45 - [MESSAGE][PASSED] - Delayed 3 second(s)

2021-05-18 10:53:45 - [TEST_STEP][PASSED] - click(findTestObject("1Inicio/a_Inicio")): Object: 'Object Repository/1Inicio/a_Inicio' is clicked on

2021-05-18 10:53:46 - [MESSAGE][PASSED] - Object: 'Object Repository/1Inicio/a_Inicio' is clicked on

2021-05-18 10:53:46 - [TEST_STEP][PASSED] - delay(3): Delayed 3 second(s)

2021-05-18 10:53:49 - [MESSAGE][PASSED] - Delayed 3 second(s)

2021-05-18 10:53:49 - [TEST_STEP][PASSED] - click(findTestObject("1Inicio/img_Operacion")): Object: 'Object Repository/1Inicio/img_Operacion' is clicked on

2021-05-18 10:53:50 - [MESSAGE][PASSED] - Object: 'Object Repository/1Inicio/img_Operacion' is clicked on

2021-05-18 10:53:50 - [TEST_STEP][PASSED] - delay(3): Delayed 3 second(s)

2021-05-18 10:53:53 - [MESSAGE][PASSED] - Delayed 3 second(s)

2021-05-18 10:53:53 - [TEST_STEP][PASSED] - click(findTestObject("2 Operacion/Elementos Del Sistema")): Object: 'Object Repository/2 Operacion/Elementos Del Sistema' is clicked on

2021-05-18 10:53:53 - [MESSAGE][PASSED] - Object: 'Object Repository/2 Operacion/Elementos Del Sistema' is clicked on

2021-05-18 10:53:53 - [TEST_STEP][PASSED] - delay(3): Delayed 3 second(s)

2021-05-18 10:53:56 - [MESSAGE][PASSED] - Delayed 3 second(s)

2021-05-18 10:53:56 - [TEST_STEP][PASSED] - click(findTestObject("2 Operacion/Elementos del Sistema/img_Selectores")): Object: 'Object Repository/2 Operacion/Elementos del Sistema/img_Selectores' is clicked on

2021-05-18 10:53:57 - [MESSAGE][PASSED] - Object: 'Object Repository/2 Operacion/Elementos del Sistema/img_Selectores' is clicked on

2021-05-18 10:53:57 - [TEST_STEP][PASSED] - delay(3): Delayed 3 second(s)

2021-05-18 10:54:00 - [MESSAGE][PASSED] - Delayed 3 second(s)

2021-05-18 10:54:00 - [TEST_STEP][PASSED] - click(findTestObject("2 Operacion/Elementos del Sistema/Selectores/00Oficinas/a_Bogota - CIEL")): Object: 'Object Repository/2 Operacion/Elementos del Sistema/Selectores/00Oficinas/a_Bogota - CIEL' is clicked on

2021-05-18 10:54:01 - [MESSAGE][PASSED] - Object: 'Object Repository/2 Operacion/Elementos del Sistema/Selectores/00Oficinas/a_Bogota - CIEL' is clicked on

2021-05-18 10:54:01 - [TEST_STEP][PASSED] - delay(3): Delayed 3 second(s)

2021-05-18 10:54:04 - [MESSAGE][PASSED] - Delayed 3 second(s)

2021-05-18 10:54:04 - [TEST_STEP][PASSED] - click(findTestObject("2 Operacion/Elementos del Sistema/Selectores/0 Lista de Selectores/a_Abrir Selector")): Object: 'Object Repository/2 Operacion/Elementos del Sistema/Selectores/0 Lista de Selectores/a_Abrir Selector' is clicked on

2021-05-18 10:54:04 - [MESSAGE][PASSED] - Object: 'Object Repository/2 Operacion/Elementos del Sistema/Selectores/0 Lista de Selectores/a_Abrir Selector' is clicked on

2021-05-18 10:54:04 - [TEST_STEP][PASSED] - delay(5): Delayed 5 second(s)

2021-05-18 10:54:09 - [MESSAGE][PASSED] - Delayed 5 second(s)

2021-05-18 10:54:09 - [TEST_STEP][PASSED] - switchToWindowIndex(1): Switched to window with index: '1'

2021-05-18 10:54:10 - [MESSAGE][PASSED] - Switched to window with index: '1'

2021-05-18 10:54:10 - [TEST_STEP][PASSED] - delay(3): Delayed 3 second(s)

2021-05-18 10:54:13 - [MESSAGE][PASSED] - Delayed 3 second(s)

2021-05-18 10:54:13 - [TEST_STEP][PASSED] - selectOptionByIndex(findTestObject("2 Operacion/Elementos del Sistema/Selectores/Datos Usuario/select_Tipo Documento"), 2): All options with index in [2] are selected on object 'Object Repository/2 Operacion/Elementos del Sistema/Selectores/Datos Usuario/select_Tipo Documento'

2021-05-18 10:54:14 - [MESSAGE][PASSED] - All options with index in [2] are selected on object 'Object Repository/2 Operacion/Elementos del Sistema/Selectores/Datos Usuario/select_Tipo Documento'

2021-05-18 10:54:14 - [TEST_STEP][PASSED] - delay(3): Delayed 3 second(s)

2021-05-18 10:54:17 - [MESSAGE][PASSED] - Delayed 3 second(s)

2021-05-18 10:54:17 - [TEST_STEP][PASSED] - setText(findTestObject("2 Operacion/Elementos del Sistema/Selectores/Datos Usuario/input_Identificacion"), "636711"): Text '636711' is set on object 'Object Repository/2 Operacion/Elementos del Sistema/Selectores/Datos Usuario/input_Identificacion'

2021-05-18 10:54:18 - [MESSAGE][PASSED] - Text '636711' is set on object 'Object Repository/2 Operacion/Elementos del Sistema/Selectores/Datos Usuario/input_Identificacion'

2021-05-18 10:54:18 - [TEST_STEP][PASSED] - delay(3): Delayed 3 second(s)

2021-05-18 10:54:21 - [MESSAGE][PASSED] - Delayed 3 second(s)

2021-05-18 10:54:21 - [TEST_STEP][PASSED] - click(findTestObject("2 Operacion/Elementos del Sistema/Selectores/Datos Usuario/img_Buscar")): Object: 'Object Repository/2 Operacion/Elementos del Sistema/Selectores/Datos Usuario/img_Buscar' is clicked on

2021-05-18 10:54:22 - [MESSAGE][PASSED] - Object: 'Object Repository/2 Operacion/Elementos del Sistema/Selectores/Datos Usuario/img_Buscar' is clicked on

2021-05-18 10:54:22 - [TEST_STEP][PASSED] - delay(3): Delayed 3 second(s)

2021-05-18 10:54:25 - [MESSAGE][PASSED] - Delayed 3 second(s)

2021-05-18 10:54:25 - [TEST_STEP][PASSED] - click(findTestObject("2 Operacion/Elementos del Sistema/Selectores/1 Datos basicos de selector/img_Cerrar selector")): Object: 'Object Repository/2 Operacion/Elementos del Sistema/Selectores/1 Datos basicos de selector/img_Cerrar selector' is clicked on

2021-05-18 10:54:25 - [MESSAGE][PASSED] - Object: 'Object Repository/2 Operacion/Elementos del Sistema/Selectores/1 Datos basicos de selector/img_Cerrar selector' is clicked on

2021-05-18 10:54:25 - [TEST_STEP][PASSED] - delay(3): Delayed 3 second(s)

2021-05-18 10:54:28 - [MESSAGE][PASSED] - Delayed 3 second(s)

2021-05-18 10:54:28 - [TEST_STEP][PASSED] - click(findTestObject("2 Operacion/Elementos del Sistema/Selectores/1 Datos basicos de selector/Motivos para cerrar selector/btn_FindeJornada")): Object: 'Object Repository/2 Operacion/Elementos del Sistema/Selectores/1 Datos basicos de selector/Motivos para cerrar selector/btn_FindeJornada' is clicked on

2021-05-18 10:54:29 - [MESSAGE][PASSED] - Object: 'Object Repository/2 Operacion/Elementos del Sistema/Selectores/1 Datos basicos de selector/Motivos para cerrar selector/btn_FindeJornada' is clicked on

2021-05-18 10:54:29 - [TEST_STEP][PASSED] - delay(2): Delayed 2 second(s)

2021-05-18 10:54:31 - [MESSAGE][PASSED] - Delayed 2 second(s)]]></system-out>
         <system-err><![CDATA[]]></system-err>
      </testcase>
      <testcase name="Test Cases/23.Sistema.MostrarInfoCliente No" time="78.426" classname="Test Cases/23.Sistema.MostrarInfoCliente No" status="PASSED">
         <system-out><![CDATA[2021-05-18 10:54:31 - [TEST_CASE][PASSED] - Test Cases/23.Sistema.MostrarInfoCliente No: Test Cases/23.Sistema.MostrarInfoCliente No

2021-05-18 10:54:32 - [TEST_STEP][PASSED] - callTestCase(findTestCase("Inicio Sesion sin variables"), [:], STOP_ON_FAILURE): Call Test Case 'Test Cases/Inicio Sesion sin variables' successfully

2021-05-18 10:54:32 - [TEST_CASE][PASSED] - Test Cases/Inicio Sesion sin variables: Test Cases/Inicio Sesion sin variables

2021-05-18 10:54:32 - [TEST_STEP][PASSED] - openBrowser("http://Localhost:8810"): Browser is opened with url: 'http://Localhost:8810'

2021-05-18 10:54:32 - [MESSAGE][WARNING] - A browser is already opened. Closing browser and opening a new one

2021-05-18 10:54:35 - [MESSAGE][INFO] - Starting 'Edge' driver

2021-05-18 10:54:35 - [MESSAGE][INFO] - Action delay is set to 0 milliseconds

2021-05-18 10:54:40 - [MESSAGE][PASSED] - Browser is opened with url: 'http://Localhost:8810'

2021-05-18 10:54:40 - [TEST_STEP][PASSED] - maximizeWindow(): Current window maximized

2021-05-18 10:54:41 - [MESSAGE][PASSED] - Current window maximized

2021-05-18 10:54:41 - [TEST_STEP][PASSED] - setText(findTestObject("0Inicio Sesion/input__Usuario"), "ciel"): Text 'ciel' is set on object 'Object Repository/0Inicio Sesion/input__Usuario'

2021-05-18 10:54:43 - [MESSAGE][PASSED] - Text 'ciel' is set on object 'Object Repository/0Inicio Sesion/input__Usuario'

2021-05-18 10:54:43 - [TEST_STEP][PASSED] - setText(findTestObject("0Inicio Sesion/input__Clave"), "digiturno"): Text 'digiturno' is set on object 'Object Repository/0Inicio Sesion/input__Clave'

2021-05-18 10:54:44 - [MESSAGE][PASSED] - Text 'digiturno' is set on object 'Object Repository/0Inicio Sesion/input__Clave'

2021-05-18 10:54:44 - [TEST_STEP][PASSED] - click(findTestObject("0Inicio Sesion/btn_IniciarSesion")): Object: 'Object Repository/0Inicio Sesion/btn_IniciarSesion' is clicked on

2021-05-18 10:54:44 - [MESSAGE][PASSED] - Object: 'Object Repository/0Inicio Sesion/btn_IniciarSesion' is clicked on

2021-05-18 10:54:44 - [TEST_STEP][PASSED] - delay(3): Delayed 3 second(s)

2021-05-18 10:54:47 - [MESSAGE][PASSED] - Delayed 3 second(s)

2021-05-18 10:54:47 - [MESSAGE][PASSED] - Call Test Case 'Test Cases/Inicio Sesion sin variables' successfully

2021-05-18 10:54:47 - [TEST_STEP][PASSED] - click(findTestObject("1Inicio/img_Configuracion")): Object: 'Object Repository/1Inicio/img_Configuracion' is clicked on

2021-05-18 10:54:48 - [MESSAGE][PASSED] - Object: 'Object Repository/1Inicio/img_Configuracion' is clicked on

2021-05-18 10:54:48 - [TEST_STEP][PASSED] - delay(3): Delayed 3 second(s)

2021-05-18 10:54:51 - [MESSAGE][PASSED] - Delayed 3 second(s)

2021-05-18 10:54:51 - [TEST_STEP][PASSED] - click(findTestObject("Configuracion/1Principal/img_Sistema")): Object: 'Object Repository/Configuracion/1Principal/img_Sistema' is clicked on

2021-05-18 10:54:52 - [MESSAGE][PASSED] - Object: 'Object Repository/Configuracion/1Principal/img_Sistema' is clicked on

2021-05-18 10:54:52 - [TEST_STEP][PASSED] - delay(3): Delayed 3 second(s)

2021-05-18 10:54:55 - [MESSAGE][PASSED] - Delayed 3 second(s)

2021-05-18 10:54:55 - [TEST_STEP][PASSED] - click(findTestObject("Configuracion/Sistema/1Principal/img_Parametros Generales")): Object: 'Object Repository/Configuracion/Sistema/1Principal/img_Parametros Generales' is clicked on

2021-05-18 10:54:55 - [MESSAGE][PASSED] - Object: 'Object Repository/Configuracion/Sistema/1Principal/img_Parametros Generales' is clicked on

2021-05-18 10:54:55 - [TEST_STEP][PASSED] - delay(3): Delayed 3 second(s)

2021-05-18 10:54:58 - [MESSAGE][PASSED] - Delayed 3 second(s)

2021-05-18 10:54:58 - [TEST_STEP][PASSED] - click(findTestObject("Configuracion/Sistema/Parametros Generales/Pestanas/a_Elementos de sistema")): Object: 'Object Repository/Configuracion/Sistema/Parametros Generales/Pestanas/a_Elementos de sistema' is clicked on

2021-05-18 10:54:59 - [MESSAGE][PASSED] - Object: 'Object Repository/Configuracion/Sistema/Parametros Generales/Pestanas/a_Elementos de sistema' is clicked on

2021-05-18 10:54:59 - [TEST_STEP][PASSED] - delay(3): Delayed 3 second(s)

2021-05-18 10:55:02 - [MESSAGE][PASSED] - Delayed 3 second(s)

2021-05-18 10:55:02 - [TEST_STEP][PASSED] - click(findTestObject("Configuracion/Sistema/Parametros Generales/Filtros LLave/span_0filtro llave")): Object: 'Object Repository/Configuracion/Sistema/Parametros Generales/Filtros LLave/span_0filtro llave' is clicked on

2021-05-18 10:55:02 - [MESSAGE][PASSED] - Object: 'Object Repository/Configuracion/Sistema/Parametros Generales/Filtros LLave/span_0filtro llave' is clicked on

2021-05-18 10:55:02 - [TEST_STEP][PASSED] - mouseOver(findTestObject("Configuracion/Sistema/Parametros Generales/Filtros LLave/span_1Filtro")): Object: 'Object Repository/Configuracion/Sistema/Parametros Generales/Filtros LLave/span_1Filtro' is hovered

2021-05-18 10:55:03 - [MESSAGE][PASSED] - Object: 'Object Repository/Configuracion/Sistema/Parametros Generales/Filtros LLave/span_1Filtro' is hovered

2021-05-18 10:55:03 - [TEST_STEP][PASSED] - click(findTestObject("Configuracion/Sistema/Parametros Generales/Filtro 1er valor/span_select")): Object: 'Object Repository/Configuracion/Sistema/Parametros Generales/Filtro 1er valor/span_select' is clicked on

2021-05-18 10:55:04 - [MESSAGE][PASSED] - Object: 'Object Repository/Configuracion/Sistema/Parametros Generales/Filtro 1er valor/span_select' is clicked on

2021-05-18 10:55:04 - [TEST_STEP][PASSED] - click(findTestObject("Configuracion/Sistema/Parametros Generales/Filtro 1er valor/li_Contiene")): Object: 'Object Repository/Configuracion/Sistema/Parametros Generales/Filtro 1er valor/li_Contiene' is clicked on

2021-05-18 10:55:04 - [MESSAGE][PASSED] - Object: 'Object Repository/Configuracion/Sistema/Parametros Generales/Filtro 1er valor/li_Contiene' is clicked on

2021-05-18 10:55:04 - [TEST_STEP][PASSED] - setText(findTestObject("Configuracion/Sistema/Parametros Generales/Filtro 1er valor/input_Texto a buscar1"), "Sistema.MostrarInfoCliente"): Text 'Sistema.MostrarInfoCliente' is set on object 'Object Repository/Configuracion/Sistema/Parametros Generales/Filtro 1er valor/input_Texto a buscar1'

2021-05-18 10:55:06 - [MESSAGE][PASSED] - Text 'Sistema.MostrarInfoCliente' is set on object 'Object Repository/Configuracion/Sistema/Parametros Generales/Filtro 1er valor/input_Texto a buscar1'

2021-05-18 10:55:06 - [TEST_STEP][PASSED] - click(findTestObject("Configuracion/Sistema/Parametros Generales/botones filtro/btn_Filtrar")): Object: 'Object Repository/Configuracion/Sistema/Parametros Generales/botones filtro/btn_Filtrar' is clicked on

2021-05-18 10:55:06 - [MESSAGE][PASSED] - Object: 'Object Repository/Configuracion/Sistema/Parametros Generales/botones filtro/btn_Filtrar' is clicked on

2021-05-18 10:55:06 - [TEST_STEP][PASSED] - delay(2): Delayed 2 second(s)

2021-05-18 10:55:08 - [MESSAGE][PASSED] - Delayed 2 second(s)

2021-05-18 10:55:08 - [TEST_STEP][PASSED] - click(findTestObject("Configuracion/Sistema/Parametros Generales/Cambiar Parametro Valor/a_Editar")): Object: 'Object Repository/Configuracion/Sistema/Parametros Generales/Cambiar Parametro Valor/a_Editar' is clicked on

2021-05-18 10:55:09 - [MESSAGE][PASSED] - Object: 'Object Repository/Configuracion/Sistema/Parametros Generales/Cambiar Parametro Valor/a_Editar' is clicked on

2021-05-18 10:55:09 - [TEST_STEP][PASSED] - delay(2): Delayed 2 second(s)

2021-05-18 10:55:11 - [MESSAGE][PASSED] - Delayed 2 second(s)

2021-05-18 10:55:11 - [TEST_STEP][PASSED] - click(findTestObject("Configuracion/Sistema/Parametros Generales/Cambiar Parametro Valor/input_Valor"), STOP_ON_FAILURE): Object: 'Object Repository/Configuracion/Sistema/Parametros Generales/Cambiar Parametro Valor/input_Valor' is clicked on

2021-05-18 10:55:12 - [MESSAGE][PASSED] - Object: 'Object Repository/Configuracion/Sistema/Parametros Generales/Cambiar Parametro Valor/input_Valor' is clicked on

2021-05-18 10:55:12 - [TEST_STEP][PASSED] - sendKeys(findTestObject(null), "Si"): Keys 'Si' sent to object: 'tempBody'

2021-05-18 10:55:12 - [MESSAGE][WARNING] - Test object id is null

2021-05-18 10:55:12 - [MESSAGE][WARNING] - Test object with id 'Object Repository/' does not exist

2021-05-18 10:55:12 - [MESSAGE][PASSED] - Keys 'Si' sent to object: 'tempBody'

2021-05-18 10:55:12 - [TEST_STEP][PASSED] - delay(2): Delayed 2 second(s)

2021-05-18 10:55:14 - [MESSAGE][PASSED] - Delayed 2 second(s)

2021-05-18 10:55:14 - [TEST_STEP][PASSED] - click(findTestObject("Configuracion/Sistema/Parametros Generales/Cambiar Parametro Valor/a_Guardar")): Object: 'Object Repository/Configuracion/Sistema/Parametros Generales/Cambiar Parametro Valor/a_Guardar' is clicked on

2021-05-18 10:55:15 - [MESSAGE][PASSED] - Object: 'Object Repository/Configuracion/Sistema/Parametros Generales/Cambiar Parametro Valor/a_Guardar' is clicked on

2021-05-18 10:55:15 - [TEST_STEP][PASSED] - delay(3): Delayed 3 second(s)

2021-05-18 10:55:18 - [MESSAGE][PASSED] - Delayed 3 second(s)

2021-05-18 10:55:18 - [TEST_STEP][PASSED] - click(findTestObject("1Inicio/a_Inicio")): Object: 'Object Repository/1Inicio/a_Inicio' is clicked on

2021-05-18 10:55:18 - [MESSAGE][PASSED] - Object: 'Object Repository/1Inicio/a_Inicio' is clicked on

2021-05-18 10:55:18 - [TEST_STEP][PASSED] - delay(3): Delayed 3 second(s)

2021-05-18 10:55:21 - [MESSAGE][PASSED] - Delayed 3 second(s)

2021-05-18 10:55:21 - [TEST_STEP][PASSED] - click(findTestObject("1Inicio/img_Operacion")): Object: 'Object Repository/1Inicio/img_Operacion' is clicked on

2021-05-18 10:55:21 - [MESSAGE][PASSED] - Object: 'Object Repository/1Inicio/img_Operacion' is clicked on

2021-05-18 10:55:22 - [TEST_STEP][PASSED] - delay(3): Delayed 3 second(s)

2021-05-18 10:55:25 - [MESSAGE][PASSED] - Delayed 3 second(s)

2021-05-18 10:55:25 - [TEST_STEP][PASSED] - click(findTestObject("2 Operacion/Elementos Del Sistema")): Object: 'Object Repository/2 Operacion/Elementos Del Sistema' is clicked on

2021-05-18 10:55:25 - [MESSAGE][PASSED] - Object: 'Object Repository/2 Operacion/Elementos Del Sistema' is clicked on

2021-05-18 10:55:25 - [TEST_STEP][PASSED] - delay(3): Delayed 3 second(s)

2021-05-18 10:55:28 - [MESSAGE][PASSED] - Delayed 3 second(s)

2021-05-18 10:55:28 - [TEST_STEP][PASSED] - click(findTestObject("2 Operacion/Elementos del Sistema/img_Selectores")): Object: 'Object Repository/2 Operacion/Elementos del Sistema/img_Selectores' is clicked on

2021-05-18 10:55:28 - [MESSAGE][PASSED] - Object: 'Object Repository/2 Operacion/Elementos del Sistema/img_Selectores' is clicked on

2021-05-18 10:55:28 - [TEST_STEP][PASSED] - delay(3): Delayed 3 second(s)

2021-05-18 10:55:31 - [MESSAGE][PASSED] - Delayed 3 second(s)

2021-05-18 10:55:31 - [TEST_STEP][PASSED] - click(findTestObject("2 Operacion/Elementos del Sistema/Selectores/00Oficinas/a_Bogota - CIEL")): Object: 'Object Repository/2 Operacion/Elementos del Sistema/Selectores/00Oficinas/a_Bogota - CIEL' is clicked on

2021-05-18 10:55:32 - [MESSAGE][PASSED] - Object: 'Object Repository/2 Operacion/Elementos del Sistema/Selectores/00Oficinas/a_Bogota - CIEL' is clicked on

2021-05-18 10:55:32 - [TEST_STEP][PASSED] - delay(3): Delayed 3 second(s)

2021-05-18 10:55:35 - [MESSAGE][PASSED] - Delayed 3 second(s)

2021-05-18 10:55:35 - [TEST_STEP][PASSED] - click(findTestObject("2 Operacion/Elementos del Sistema/Selectores/0 Lista de Selectores/a_Abrir Selector")): Object: 'Object Repository/2 Operacion/Elementos del Sistema/Selectores/0 Lista de Selectores/a_Abrir Selector' is clicked on

2021-05-18 10:55:35 - [MESSAGE][PASSED] - Object: 'Object Repository/2 Operacion/Elementos del Sistema/Selectores/0 Lista de Selectores/a_Abrir Selector' is clicked on

2021-05-18 10:55:35 - [TEST_STEP][PASSED] - delay(5): Delayed 5 second(s)

2021-05-18 10:55:40 - [MESSAGE][PASSED] - Delayed 5 second(s)

2021-05-18 10:55:40 - [TEST_STEP][PASSED] - switchToWindowIndex(1): Switched to window with index: '1'

2021-05-18 10:55:41 - [MESSAGE][PASSED] - Switched to window with index: '1'

2021-05-18 10:55:41 - [TEST_STEP][PASSED] - delay(3): Delayed 3 second(s)

2021-05-18 10:55:44 - [MESSAGE][PASSED] - Delayed 3 second(s)

2021-05-18 10:55:44 - [TEST_STEP][PASSED] - click(findTestObject("2 Operacion/Elementos del Sistema/Selectores/1 Datos basicos de selector/img_Cerrar selector")): Object: 'Object Repository/2 Operacion/Elementos del Sistema/Selectores/1 Datos basicos de selector/img_Cerrar selector' is clicked on

2021-05-18 10:55:44 - [MESSAGE][PASSED] - Object: 'Object Repository/2 Operacion/Elementos del Sistema/Selectores/1 Datos basicos de selector/img_Cerrar selector' is clicked on

2021-05-18 10:55:44 - [TEST_STEP][PASSED] - delay(3): Delayed 3 second(s)

2021-05-18 10:55:47 - [MESSAGE][PASSED] - Delayed 3 second(s)

2021-05-18 10:55:47 - [TEST_STEP][PASSED] - click(findTestObject("2 Operacion/Elementos del Sistema/Selectores/1 Datos basicos de selector/Motivos para cerrar selector/btn_FindeJornada")): Object: 'Object Repository/2 Operacion/Elementos del Sistema/Selectores/1 Datos basicos de selector/Motivos para cerrar selector/btn_FindeJornada' is clicked on

2021-05-18 10:55:47 - [MESSAGE][PASSED] - Object: 'Object Repository/2 Operacion/Elementos del Sistema/Selectores/1 Datos basicos de selector/Motivos para cerrar selector/btn_FindeJornada' is clicked on

2021-05-18 10:55:48 - [TEST_STEP][PASSED] - delay(2): Delayed 2 second(s)

2021-05-18 10:55:50 - [MESSAGE][PASSED] - Delayed 2 second(s)]]></system-out>
         <system-err><![CDATA[]]></system-err>
      </testcase>
      <system-out><![CDATA[2021-05-18 10:52:36 - [TEST_SUITE][PASSED] - 23.Sistema.MostrarInfoCliente: Test Cases/23.Sistema.MostrarInfoCliente No]]></system-out>
      <system-err><![CDATA[]]></system-err>
   </testsuite>
</testsuites>
