<?xml version="1.0" encoding="UTF-8"?>
<testsuites name="95.Terminal.RegistrarIpAlAbrir" time="97.12" tests="1" failures="0" errors="0">
   <testsuite name="95.Terminal.RegistrarIpAlAbrir" tests="1" failures="0" errors="0" time="97.12" skipped="0" timestamp="2021-06-09 10:21:35" hostname="BILIKI - DESKTOP-HH1RJM2" id="Test Suites/95.Terminal.RegistrarIpAlAbrir">
      <properties>
         <property name="deviceName" value=""/>
         <property name="devicePlatform" value=""/>
         <property name="logFolder" value="E:\\CIEL INGENIERIA\\KATALON\\Validaciones\\Reports\\20210609_102120\\95.Terminal.RegistrarIpAlAbrir\\20210609_102120"/>
         <property name="logFiles" value="E:\\CIEL INGENIERIA\\KATALON\\Validaciones\\Reports\\20210609_102120\\95.Terminal.RegistrarIpAlAbrir\\20210609_102120\\execution0.log"/>
         <property name="attachments" value="E:\\CIEL INGENIERIA\\KATALON\\Validaciones\\Reports\\20210609_102120\\95.Terminal.RegistrarIpAlAbrir\\20210609_102120\\1623252173595.png"/>
         <property name="hostName" value="BILIKI - DESKTOP-HH1RJM2"/>
         <property name="os" value="Windows 10 64bit"/>
         <property name="katalonVersion" value="8.0.1.208"/>
         <property name="browser" value="Chrome 91.0.4472.77"/>
         <property name="hostAddress" value="169.254.12.236"/>
         <property name="sessionId" value="152258e67d9472b2ef54c25a7c38b1e7"/>
         <property name="seleniumVersion" value="3.141.59"/>
         <property name="proxyInformation" value="ProxyInformation { proxyOption=NO_PROXY, proxyServerType=HTTP, username=, password=********, proxyServerAddress=, proxyServerPort=0, executionList=&quot;&quot;, isApplyToDesiredCapabilities=true }"/>
         <property name="platform" value="Windows 10"/>
      </properties>
      <testcase name="Test Cases/95.Terminal.RegistrarIpAlAbrir" time="79.138" classname="Test Cases/95.Terminal.RegistrarIpAlAbrir" status="PASSED">
         <system-out><![CDATA[2021-06-09 10:21:39 - [TEST_CASE][PASSED] - Test Cases/95.Terminal.RegistrarIpAlAbrir: Test Cases/95.Terminal.RegistrarIpAlAbrir

2021-06-09 10:21:41 - [TEST_STEP][PASSED] - callTestCase(findTestCase("Inicio Sesion sin variables"), [:], STOP_ON_FAILURE): Call Test Case 'Test Cases/Inicio Sesion sin variables' successfully

2021-06-09 10:21:42 - [TEST_CASE][PASSED] - Test Cases/Inicio Sesion sin variables: Test Cases/Inicio Sesion sin variables

2021-06-09 10:21:43 - [TEST_STEP][PASSED] - openBrowser("http://Localhost:8810"): Browser is opened with url: 'http://Localhost:8810'

2021-06-09 10:21:44 - [MESSAGE][INFO] - Starting 'Chrome' driver

2021-06-09 10:21:44 - [MESSAGE][INFO] - Action delay is set to 0 milliseconds

2021-06-09 10:21:55 - [MESSAGE][PASSED] - Browser is opened with url: 'http://Localhost:8810'

2021-06-09 10:21:55 - [TEST_STEP][PASSED] - maximizeWindow(): Current window maximized

2021-06-09 10:21:56 - [MESSAGE][PASSED] - Current window maximized

2021-06-09 10:21:56 - [TEST_STEP][PASSED] - setText(findTestObject("0Inicio Sesion/input__Usuario"), "ciel"): Text 'ciel' is set on object 'Object Repository/0Inicio Sesion/input__Usuario'

2021-06-09 10:21:57 - [MESSAGE][PASSED] - Text 'ciel' is set on object 'Object Repository/0Inicio Sesion/input__Usuario'

2021-06-09 10:21:57 - [TEST_STEP][PASSED] - setText(findTestObject("0Inicio Sesion/input__Clave"), "digiturno"): Text 'digiturno' is set on object 'Object Repository/0Inicio Sesion/input__Clave'

2021-06-09 10:21:58 - [MESSAGE][PASSED] - Text 'digiturno' is set on object 'Object Repository/0Inicio Sesion/input__Clave'

2021-06-09 10:21:58 - [TEST_STEP][PASSED] - click(findTestObject("0Inicio Sesion/btn_IniciarSesion")): Object: 'Object Repository/0Inicio Sesion/btn_IniciarSesion' is clicked on

2021-06-09 10:21:59 - [MESSAGE][PASSED] - Object: 'Object Repository/0Inicio Sesion/btn_IniciarSesion' is clicked on

2021-06-09 10:21:59 - [TEST_STEP][PASSED] - delay(3): Delayed 3 second(s)

2021-06-09 10:22:02 - [MESSAGE][PASSED] - Delayed 3 second(s)

2021-06-09 10:22:02 - [MESSAGE][PASSED] - Call Test Case 'Test Cases/Inicio Sesion sin variables' successfully

2021-06-09 10:22:02 - [TEST_STEP][PASSED] - click(findTestObject("1Inicio/img_Configuracion")): Object: 'Object Repository/1Inicio/img_Configuracion' is clicked on

2021-06-09 10:22:03 - [MESSAGE][PASSED] - Object: 'Object Repository/1Inicio/img_Configuracion' is clicked on

2021-06-09 10:22:03 - [TEST_STEP][PASSED] - delay(3): Delayed 3 second(s)

2021-06-09 10:22:06 - [MESSAGE][PASSED] - Delayed 3 second(s)

2021-06-09 10:22:06 - [TEST_STEP][PASSED] - click(findTestObject("Configuracion/1Principal/img_Sistema")): Object: 'Object Repository/Configuracion/1Principal/img_Sistema' is clicked on

2021-06-09 10:22:08 - [MESSAGE][PASSED] - Object: 'Object Repository/Configuracion/1Principal/img_Sistema' is clicked on

2021-06-09 10:22:08 - [TEST_STEP][PASSED] - delay(3): Delayed 3 second(s)

2021-06-09 10:22:11 - [MESSAGE][PASSED] - Delayed 3 second(s)

2021-06-09 10:22:11 - [TEST_STEP][PASSED] - click(findTestObject("Configuracion/Sistema/1Principal/img_Parametros Generales")): Object: 'Object Repository/Configuracion/Sistema/1Principal/img_Parametros Generales' is clicked on

2021-06-09 10:22:13 - [MESSAGE][PASSED] - Object: 'Object Repository/Configuracion/Sistema/1Principal/img_Parametros Generales' is clicked on

2021-06-09 10:22:13 - [TEST_STEP][PASSED] - delay(3): Delayed 3 second(s)

2021-06-09 10:22:16 - [MESSAGE][PASSED] - Delayed 3 second(s)

2021-06-09 10:22:16 - [TEST_STEP][PASSED] - click(findTestObject("Configuracion/Sistema/Parametros Generales/Pestanas/a_Elementos de sistema")): Object: 'Object Repository/Configuracion/Sistema/Parametros Generales/Pestanas/a_Elementos de sistema' is clicked on

2021-06-09 10:22:16 - [MESSAGE][PASSED] - Object: 'Object Repository/Configuracion/Sistema/Parametros Generales/Pestanas/a_Elementos de sistema' is clicked on

2021-06-09 10:22:16 - [TEST_STEP][PASSED] - delay(3): Delayed 3 second(s)

2021-06-09 10:22:19 - [MESSAGE][PASSED] - Delayed 3 second(s)

2021-06-09 10:22:19 - [TEST_STEP][PASSED] - click(findTestObject("Configuracion/Sistema/Parametros Generales/Filtros LLave/span_0filtro llave")): Object: 'Object Repository/Configuracion/Sistema/Parametros Generales/Filtros LLave/span_0filtro llave' is clicked on

2021-06-09 10:22:20 - [MESSAGE][PASSED] - Object: 'Object Repository/Configuracion/Sistema/Parametros Generales/Filtros LLave/span_0filtro llave' is clicked on

2021-06-09 10:22:20 - [TEST_STEP][PASSED] - mouseOver(findTestObject("Configuracion/Sistema/Parametros Generales/Filtros LLave/span_1Filtro")): Object: 'Object Repository/Configuracion/Sistema/Parametros Generales/Filtros LLave/span_1Filtro' is hovered

2021-06-09 10:22:21 - [MESSAGE][PASSED] - Object: 'Object Repository/Configuracion/Sistema/Parametros Generales/Filtros LLave/span_1Filtro' is hovered

2021-06-09 10:22:21 - [TEST_STEP][PASSED] - click(findTestObject("Configuracion/Sistema/Parametros Generales/Filtro 1er valor/span_select")): Object: 'Object Repository/Configuracion/Sistema/Parametros Generales/Filtro 1er valor/span_select' is clicked on

2021-06-09 10:22:22 - [MESSAGE][PASSED] - Object: 'Object Repository/Configuracion/Sistema/Parametros Generales/Filtro 1er valor/span_select' is clicked on

2021-06-09 10:22:22 - [TEST_STEP][PASSED] - click(findTestObject("Configuracion/Sistema/Parametros Generales/Filtro 1er valor/li_Contiene")): Object: 'Object Repository/Configuracion/Sistema/Parametros Generales/Filtro 1er valor/li_Contiene' is clicked on

2021-06-09 10:22:23 - [MESSAGE][PASSED] - Object: 'Object Repository/Configuracion/Sistema/Parametros Generales/Filtro 1er valor/li_Contiene' is clicked on

2021-06-09 10:22:23 - [TEST_STEP][PASSED] - setText(findTestObject("Configuracion/Sistema/Parametros Generales/Filtro 1er valor/input_Texto a buscar1"), "Terminal.RegistrarIpAlAbrir"): Text 'Terminal.RegistrarIpAlAbrir' is set on object 'Object Repository/Configuracion/Sistema/Parametros Generales/Filtro 1er valor/input_Texto a buscar1'

2021-06-09 10:22:24 - [MESSAGE][PASSED] - Text 'Terminal.RegistrarIpAlAbrir' is set on object 'Object Repository/Configuracion/Sistema/Parametros Generales/Filtro 1er valor/input_Texto a buscar1'

2021-06-09 10:22:24 - [TEST_STEP][PASSED] - click(findTestObject("Configuracion/Sistema/Parametros Generales/botones filtro/btn_Filtrar")): Object: 'Object Repository/Configuracion/Sistema/Parametros Generales/botones filtro/btn_Filtrar' is clicked on

2021-06-09 10:22:24 - [MESSAGE][PASSED] - Object: 'Object Repository/Configuracion/Sistema/Parametros Generales/botones filtro/btn_Filtrar' is clicked on

2021-06-09 10:22:24 - [TEST_STEP][PASSED] - delay(2): Delayed 2 second(s)

2021-06-09 10:22:26 - [MESSAGE][PASSED] - Delayed 2 second(s)

2021-06-09 10:22:26 - [TEST_STEP][PASSED] - click(findTestObject("Configuracion/Sistema/Parametros Generales/Cambiar Parametro Valor/a_Editar")): Object: 'Object Repository/Configuracion/Sistema/Parametros Generales/Cambiar Parametro Valor/a_Editar' is clicked on

2021-06-09 10:22:27 - [MESSAGE][PASSED] - Object: 'Object Repository/Configuracion/Sistema/Parametros Generales/Cambiar Parametro Valor/a_Editar' is clicked on

2021-06-09 10:22:27 - [TEST_STEP][PASSED] - delay(2): Delayed 2 second(s)

2021-06-09 10:22:29 - [MESSAGE][PASSED] - Delayed 2 second(s)

2021-06-09 10:22:29 - [TEST_STEP][PASSED] - click(findTestObject("Configuracion/Sistema/Parametros Generales/Cambiar Parametro Valor/input_Valor"), STOP_ON_FAILURE): Object: 'Object Repository/Configuracion/Sistema/Parametros Generales/Cambiar Parametro Valor/input_Valor' is clicked on

2021-06-09 10:22:29 - [MESSAGE][PASSED] - Object: 'Object Repository/Configuracion/Sistema/Parametros Generales/Cambiar Parametro Valor/input_Valor' is clicked on

2021-06-09 10:22:29 - [TEST_STEP][PASSED] - click(findTestObject("Configuracion/Sistema/Parametros Generales/Cambiar Parametro SI NO/li_Si"), STOP_ON_FAILURE): Object: 'Object Repository/Configuracion/Sistema/Parametros Generales/Cambiar Parametro SI NO/li_Si' is clicked on

2021-06-09 10:22:30 - [MESSAGE][PASSED] - Object: 'Object Repository/Configuracion/Sistema/Parametros Generales/Cambiar Parametro SI NO/li_Si' is clicked on

2021-06-09 10:22:30 - [TEST_STEP][PASSED] - delay(2): Delayed 2 second(s)

2021-06-09 10:22:32 - [MESSAGE][PASSED] - Delayed 2 second(s)

2021-06-09 10:22:32 - [TEST_STEP][PASSED] - click(findTestObject("Configuracion/Sistema/Parametros Generales/Cambiar Parametro Valor/a_Guardar")): Object: 'Object Repository/Configuracion/Sistema/Parametros Generales/Cambiar Parametro Valor/a_Guardar' is clicked on

2021-06-09 10:22:33 - [MESSAGE][PASSED] - Object: 'Object Repository/Configuracion/Sistema/Parametros Generales/Cambiar Parametro Valor/a_Guardar' is clicked on

2021-06-09 10:22:33 - [TEST_STEP][PASSED] - delay(3): Delayed 3 second(s)

2021-06-09 10:22:36 - [MESSAGE][PASSED] - Delayed 3 second(s)

2021-06-09 10:22:36 - [TEST_STEP][PASSED] - click(findTestObject("1Inicio/a_Inicio")): Object: 'Object Repository/1Inicio/a_Inicio' is clicked on

2021-06-09 10:22:37 - [MESSAGE][PASSED] - Object: 'Object Repository/1Inicio/a_Inicio' is clicked on

2021-06-09 10:22:37 - [TEST_STEP][PASSED] - delay(3): Delayed 3 second(s)

2021-06-09 10:22:40 - [MESSAGE][PASSED] - Delayed 3 second(s)

2021-06-09 10:22:40 - [TEST_STEP][PASSED] - navigateToUrl("http://localhost:8810/Paginas/Configuracion/ElementosSistema/Terminales.aspx"): Navigate to 'http://localhost:8810/Paginas/Configuracion/ElementosSistema/Terminales.aspx' successfully

2021-06-09 10:22:43 - [MESSAGE][PASSED] - Navigate to 'http://localhost:8810/Paginas/Configuracion/ElementosSistema/Terminales.aspx' successfully

2021-06-09 10:22:43 - [TEST_STEP][PASSED] - delay(3): Delayed 3 second(s)

2021-06-09 10:22:46 - [MESSAGE][PASSED] - Delayed 3 second(s)

2021-06-09 10:22:46 - [TEST_STEP][PASSED] - click(findTestObject("Configuracion/Elementos del Sistema/Terminales/2Lista Terminales/Oficinas/a_Seleccionar")): Object: 'Object Repository/Configuracion/Elementos del Sistema/Terminales/2Lista Terminales/Oficinas/a_Seleccionar' is clicked on

2021-06-09 10:22:46 - [MESSAGE][PASSED] - Object: 'Object Repository/Configuracion/Elementos del Sistema/Terminales/2Lista Terminales/Oficinas/a_Seleccionar' is clicked on

2021-06-09 10:22:46 - [TEST_STEP][PASSED] - delay(3): Delayed 3 second(s)

2021-06-09 10:22:49 - [MESSAGE][PASSED] - Delayed 3 second(s)

2021-06-09 10:22:49 - [TEST_STEP][PASSED] - click(findTestObject("Configuracion/Elementos del Sistema/Terminales/2Lista Terminales/a_Seleccionar")): Object: 'Object Repository/Configuracion/Elementos del Sistema/Terminales/2Lista Terminales/a_Seleccionar' is clicked on

2021-06-09 10:22:50 - [MESSAGE][PASSED] - Object: 'Object Repository/Configuracion/Elementos del Sistema/Terminales/2Lista Terminales/a_Seleccionar' is clicked on

2021-06-09 10:22:50 - [TEST_STEP][PASSED] - delay(3): Delayed 3 second(s)

2021-06-09 10:22:53 - [MESSAGE][PASSED] - Delayed 3 second(s)

2021-06-09 10:22:53 - [TEST_STEP][PASSED] - takeFullPageScreenshot(): Taking screenshot successfully

2021-06-09 10:22:55 - [MESSAGE][INFO] - 0 hidden object(s)

2021-06-09 10:22:56 - [MESSAGE][PASSED] - Taking screenshot successfully
[[ATTACHMENT|E:\\CIEL INGENIERIA\\KATALON\\Validaciones\\Reports\\20210609_102120\\95.Terminal.RegistrarIpAlAbrir\\20210609_102120\\1623252173595.png]]

2021-06-09 10:22:56 - [TEST_STEP][PASSED] - delay(3): Delayed 3 second(s)

2021-06-09 10:22:59 - [MESSAGE][PASSED] - Delayed 3 second(s)]]></system-out>
         <system-err><![CDATA[]]></system-err>
      </testcase>
      <system-out><![CDATA[2021-06-09 10:21:35 - [TEST_SUITE][PASSED] - 95.Terminal.RegistrarIpAlAbrir: Test Cases/95.Terminal.RegistrarIpAlAbrir]]></system-out>
      <system-err><![CDATA[]]></system-err>
   </testsuite>
</testsuites>
