<?xml version="1.0" encoding="UTF-8"?>
<testsuites name="Campos Adicionales" time="192.22" tests="1" failures="0" errors="0">
   <testsuite name="Campos Adicionales" tests="1" failures="0" errors="0" time="192.22" skipped="0" timestamp="2021-07-19 12:14:39" hostname="BILIKI - DESKTOP-HH1RJM2" id="Test Suites/0 Información Clientes/Campos Adicionales">
      <properties>
         <property name="deviceName" value=""/>
         <property name="devicePlatform" value=""/>
         <property name="logFolder" value="E:\\CIEL INGENIERIA\\KATALON\\Validaciones\\Reports\\20210719_121418\\0 Informaci\u00F3n Clientes\\Campos Adicionales\\20210719_121418"/>
         <property name="logFiles" value="E:\\CIEL INGENIERIA\\KATALON\\Validaciones\\Reports\\20210719_121418\\0 Informaci\u00F3n Clientes\\Campos Adicionales\\20210719_121418\\execution0.log"/>
         <property name="attachments" value="E:\\CIEL INGENIERIA\\KATALON\\Validaciones\\Reports\\20210719_121418\\0 Informaci\u00F3n Clientes\\Campos Adicionales\\20210719_121418\\1626714941623.png, E:\\CIEL INGENIERIA\\KATALON\\Validaciones\\Reports\\20210719_121418\\0 Informaci\u00F3n Clientes\\Campos Adicionales\\20210719_121418\\1626714958818.png, E:\\CIEL INGENIERIA\\KATALON\\Validaciones\\Reports\\20210719_121418\\0 Informaci\u00F3n Clientes\\Campos Adicionales\\20210719_121418\\1626714976060.png, E:\\CIEL INGENIERIA\\KATALON\\Validaciones\\Reports\\20210719_121418\\0 Informaci\u00F3n Clientes\\Campos Adicionales\\20210719_121418\\1626715037260.png"/>
         <property name="hostName" value="BILIKI - DESKTOP-HH1RJM2"/>
         <property name="os" value="Windows 10 64bit"/>
         <property name="katalonVersion" value="8.0.5.208"/>
         <property name="browser" value="Chrome 91.0.4472.124"/>
         <property name="hostAddress" value="169.254.142.112"/>
         <property name="sessionId" value="f8ccf77ef2541f79fc5ce4367464968a"/>
         <property name="seleniumVersion" value="3.141.59"/>
         <property name="proxyInformation" value="ProxyInformation { proxyOption=NO_PROXY, proxyServerType=HTTP, username=, password=********, proxyServerAddress=, proxyServerPort=0, executionList=&quot;&quot;, isApplyToDesiredCapabilities=true }"/>
         <property name="platform" value="Windows 10"/>
      </properties>
      <testcase name="Test Cases/0 Información clientes/Campos Adicionales" time="170.708" classname="Test Cases/0 Información clientes/Campos Adicionales" status="PASSED">
         <system-out><![CDATA[2021-07-19 12:14:41 - [TEST_CASE][PASSED] - Test Cases/0 Información clientes/Campos Adicionales: Test Cases/0 Información clientes/Campos Adicionales

2021-07-19 12:14:44 - [TEST_STEP][PASSED] - callTestCase(findTestCase("Inicio Sesion sin variables"), [:], STOP_ON_FAILURE): Call Test Case 'Test Cases/Inicio Sesion sin variables' successfully

2021-07-19 12:14:44 - [TEST_CASE][PASSED] - Test Cases/Inicio Sesion sin variables: Test Cases/Inicio Sesion sin variables

2021-07-19 12:14:46 - [TEST_STEP][PASSED] - openBrowser("http://Localhost:8810"): Browser is opened with url: 'http://Localhost:8810'

2021-07-19 12:14:48 - [MESSAGE][INFO] - Starting 'Chrome' driver

2021-07-19 12:14:48 - [MESSAGE][INFO] - Action delay is set to 0 milliseconds

2021-07-19 12:15:07 - [MESSAGE][PASSED] - Browser is opened with url: 'http://Localhost:8810'

2021-07-19 12:15:07 - [TEST_STEP][PASSED] - maximizeWindow(): Current window maximized

2021-07-19 12:15:07 - [MESSAGE][PASSED] - Current window maximized

2021-07-19 12:15:07 - [TEST_STEP][PASSED] - setText(findTestObject("0Inicio Sesion/input__Usuario"), "ciel"): Text 'ciel' is set on object 'Object Repository/0Inicio Sesion/input__Usuario'

2021-07-19 12:15:09 - [MESSAGE][PASSED] - Text 'ciel' is set on object 'Object Repository/0Inicio Sesion/input__Usuario'

2021-07-19 12:15:09 - [TEST_STEP][PASSED] - setText(findTestObject("0Inicio Sesion/input__Clave"), "digiturno"): Text 'digiturno' is set on object 'Object Repository/0Inicio Sesion/input__Clave'

2021-07-19 12:15:12 - [MESSAGE][PASSED] - Text 'digiturno' is set on object 'Object Repository/0Inicio Sesion/input__Clave'

2021-07-19 12:15:12 - [TEST_STEP][PASSED] - click(findTestObject("0Inicio Sesion/btn_IniciarSesion")): Object: 'Object Repository/0Inicio Sesion/btn_IniciarSesion' is clicked on

2021-07-19 12:15:13 - [MESSAGE][PASSED] - Object: 'Object Repository/0Inicio Sesion/btn_IniciarSesion' is clicked on

2021-07-19 12:15:13 - [TEST_STEP][PASSED] - delay(3): Delayed 3 second(s)

2021-07-19 12:15:16 - [MESSAGE][PASSED] - Delayed 3 second(s)

2021-07-19 12:15:17 - [MESSAGE][PASSED] - Call Test Case 'Test Cases/Inicio Sesion sin variables' successfully

2021-07-19 12:15:17 - [TEST_STEP][PASSED] - click(findTestObject("1Inicio/img_Configuracion")): Object: 'Object Repository/1Inicio/img_Configuracion' is clicked on

2021-07-19 12:15:19 - [MESSAGE][PASSED] - Object: 'Object Repository/1Inicio/img_Configuracion' is clicked on

2021-07-19 12:15:19 - [TEST_STEP][PASSED] - delay(3): Delayed 3 second(s)

2021-07-19 12:15:22 - [MESSAGE][PASSED] - Delayed 3 second(s)

2021-07-19 12:15:22 - [TEST_STEP][PASSED] - click(findTestObject("Configuracion/1Principal/img_Datos Complementarios")): Object: 'Object Repository/Configuracion/1Principal/img_Datos Complementarios' is clicked on

2021-07-19 12:15:23 - [MESSAGE][PASSED] - Object: 'Object Repository/Configuracion/1Principal/img_Datos Complementarios' is clicked on

2021-07-19 12:15:23 - [TEST_STEP][PASSED] - delay(3): Delayed 3 second(s)

2021-07-19 12:15:26 - [MESSAGE][PASSED] - Delayed 3 second(s)

2021-07-19 12:15:26 - [TEST_STEP][PASSED] - click(findTestObject("Configuracion/Datos Complementarios/img_Campos Adicionales")): Object: 'Object Repository/Configuracion/Datos Complementarios/img_Campos Adicionales' is clicked on

2021-07-19 12:15:29 - [MESSAGE][PASSED] - Object: 'Object Repository/Configuracion/Datos Complementarios/img_Campos Adicionales' is clicked on

2021-07-19 12:15:29 - [TEST_STEP][PASSED] - delay(3): Delayed 3 second(s)

2021-07-19 12:15:32 - [MESSAGE][PASSED] - Delayed 3 second(s)

2021-07-19 12:15:32 - [TEST_STEP][PASSED] - click(findTestObject("Configuracion/Datos Complementarios/Campos Adicionales/span_Grupos")): Object: 'Object Repository/Configuracion/Datos Complementarios/Campos Adicionales/span_Grupos' is clicked on

2021-07-19 12:15:34 - [MESSAGE][PASSED] - Object: 'Object Repository/Configuracion/Datos Complementarios/Campos Adicionales/span_Grupos' is clicked on

2021-07-19 12:15:34 - [TEST_STEP][PASSED] - delay(3): Delayed 3 second(s)

2021-07-19 12:15:37 - [MESSAGE][PASSED] - Delayed 3 second(s)

2021-07-19 12:15:37 - [TEST_STEP][PASSED] - click(findTestObject("Configuracion/Datos Complementarios/Campos Adicionales/2Grupos/a_Seleccionar")): Object: 'Object Repository/Configuracion/Datos Complementarios/Campos Adicionales/2Grupos/a_Seleccionar' is clicked on

2021-07-19 12:15:38 - [MESSAGE][PASSED] - Object: 'Object Repository/Configuracion/Datos Complementarios/Campos Adicionales/2Grupos/a_Seleccionar' is clicked on

2021-07-19 12:15:38 - [TEST_STEP][PASSED] - delay(3): Delayed 3 second(s)

2021-07-19 12:15:41 - [MESSAGE][PASSED] - Delayed 3 second(s)

2021-07-19 12:15:41 - [TEST_STEP][PASSED] - takeFullPageScreenshot(): Taking screenshot successfully

2021-07-19 12:15:43 - [MESSAGE][INFO] - 0 hidden object(s)

2021-07-19 12:15:44 - [MESSAGE][PASSED] - Taking screenshot successfully
[[ATTACHMENT|E:\\CIEL INGENIERIA\\KATALON\\Validaciones\\Reports\\20210719_121418\\0 Informaci\u00F3n Clientes\\Campos Adicionales\\20210719_121418\\1626714941623.png]]

2021-07-19 12:15:44 - [TEST_STEP][PASSED] - scrollToPosition(0, 500): Browser is scrolled to position x = 0, y = 500

2021-07-19 12:15:44 - [MESSAGE][PASSED] - Browser is scrolled to position x = 0, y = 500

2021-07-19 12:15:44 - [TEST_STEP][PASSED] - delay(3): Delayed 3 second(s)

2021-07-19 12:15:47 - [MESSAGE][PASSED] - Delayed 3 second(s)

2021-07-19 12:15:47 - [TEST_STEP][PASSED] - scrollToPosition(0, 1200): Browser is scrolled to position x = 0, y = 1200

2021-07-19 12:15:48 - [MESSAGE][PASSED] - Browser is scrolled to position x = 0, y = 1200

2021-07-19 12:15:48 - [TEST_STEP][PASSED] - delay(3): Delayed 3 second(s)

2021-07-19 12:15:51 - [MESSAGE][PASSED] - Delayed 3 second(s)

2021-07-19 12:15:51 - [TEST_STEP][PASSED] - scrollToPosition(0, 300): Browser is scrolled to position x = 0, y = 300

2021-07-19 12:15:51 - [MESSAGE][PASSED] - Browser is scrolled to position x = 0, y = 300

2021-07-19 12:15:51 - [TEST_STEP][PASSED] - delay(3): Delayed 3 second(s)

2021-07-19 12:15:54 - [MESSAGE][PASSED] - Delayed 3 second(s)

2021-07-19 12:15:54 - [TEST_STEP][PASSED] - click(findTestObject("Configuracion/Datos Complementarios/Campos Adicionales/2Grupos/span_Grupos por tipo ente")): Object: 'Object Repository/Configuracion/Datos Complementarios/Campos Adicionales/2Grupos/span_Grupos por tipo ente' is clicked on

2021-07-19 12:15:55 - [MESSAGE][PASSED] - Object: 'Object Repository/Configuracion/Datos Complementarios/Campos Adicionales/2Grupos/span_Grupos por tipo ente' is clicked on

2021-07-19 12:15:55 - [TEST_STEP][PASSED] - delay(3): Delayed 3 second(s)

2021-07-19 12:15:58 - [MESSAGE][PASSED] - Delayed 3 second(s)

2021-07-19 12:15:58 - [TEST_STEP][PASSED] - takeFullPageScreenshot(): Taking screenshot successfully

2021-07-19 12:16:00 - [MESSAGE][INFO] - 0 hidden object(s)

2021-07-19 12:16:01 - [MESSAGE][PASSED] - Taking screenshot successfully
[[ATTACHMENT|E:\\CIEL INGENIERIA\\KATALON\\Validaciones\\Reports\\20210719_121418\\0 Informaci\u00F3n Clientes\\Campos Adicionales\\20210719_121418\\1626714958818.png]]

2021-07-19 12:16:01 - [TEST_STEP][PASSED] - delay(3): Delayed 3 second(s)

2021-07-19 12:16:04 - [MESSAGE][PASSED] - Delayed 3 second(s)

2021-07-19 12:16:04 - [TEST_STEP][PASSED] - scrollToPosition(0, 0): Browser is scrolled to position x = 0, y = 0

2021-07-19 12:16:04 - [MESSAGE][PASSED] - Browser is scrolled to position x = 0, y = 0

2021-07-19 12:16:04 - [TEST_STEP][PASSED] - delay(3): Delayed 3 second(s)

2021-07-19 12:16:07 - [MESSAGE][PASSED] - Delayed 3 second(s)

2021-07-19 12:16:07 - [TEST_STEP][PASSED] - click(findTestObject("Configuracion/Datos Complementarios/Campos Adicionales/span_Edicion de campos")): Object: 'Object Repository/Configuracion/Datos Complementarios/Campos Adicionales/span_Edicion de campos' is clicked on

2021-07-19 12:16:08 - [MESSAGE][PASSED] - Object: 'Object Repository/Configuracion/Datos Complementarios/Campos Adicionales/span_Edicion de campos' is clicked on

2021-07-19 12:16:08 - [TEST_STEP][PASSED] - delay(3): Delayed 3 second(s)

2021-07-19 12:16:11 - [MESSAGE][PASSED] - Delayed 3 second(s)

2021-07-19 12:16:11 - [TEST_STEP][PASSED] - click(findTestObject("Configuracion/Datos Complementarios/Campos Adicionales/1Edicion de Campos/Campos Adicionados/a_Seleccionar")): Object: 'Object Repository/Configuracion/Datos Complementarios/Campos Adicionales/1Edicion de Campos/Campos Adicionados/a_Seleccionar' is clicked on

2021-07-19 12:16:12 - [MESSAGE][PASSED] - Object: 'Object Repository/Configuracion/Datos Complementarios/Campos Adicionales/1Edicion de Campos/Campos Adicionados/a_Seleccionar' is clicked on

2021-07-19 12:16:12 - [TEST_STEP][PASSED] - delay(3): Delayed 3 second(s)

2021-07-19 12:16:15 - [MESSAGE][PASSED] - Delayed 3 second(s)

2021-07-19 12:16:16 - [TEST_STEP][PASSED] - takeFullPageScreenshot(): Taking screenshot successfully

2021-07-19 12:16:17 - [MESSAGE][INFO] - 0 hidden object(s)

2021-07-19 12:16:17 - [MESSAGE][PASSED] - Taking screenshot successfully
[[ATTACHMENT|E:\\CIEL INGENIERIA\\KATALON\\Validaciones\\Reports\\20210719_121418\\0 Informaci\u00F3n Clientes\\Campos Adicionales\\20210719_121418\\1626714976060.png]]

2021-07-19 12:16:18 - [TEST_STEP][PASSED] - delay(3): Delayed 3 second(s)

2021-07-19 12:16:21 - [MESSAGE][PASSED] - Delayed 3 second(s)

2021-07-19 12:16:21 - [TEST_STEP][PASSED] - scrollToPosition(0, 700): Browser is scrolled to position x = 0, y = 700

2021-07-19 12:16:21 - [MESSAGE][PASSED] - Browser is scrolled to position x = 0, y = 700

2021-07-19 12:16:21 - [TEST_STEP][PASSED] - delay(3): Delayed 3 second(s)

2021-07-19 12:16:24 - [MESSAGE][PASSED] - Delayed 3 second(s)

2021-07-19 12:16:24 - [TEST_STEP][PASSED] - click(findTestObject("1Inicio/a_Inicio")): Object: 'Object Repository/1Inicio/a_Inicio' is clicked on

2021-07-19 12:16:27 - [MESSAGE][PASSED] - Object: 'Object Repository/1Inicio/a_Inicio' is clicked on

2021-07-19 12:16:27 - [TEST_STEP][PASSED] - delay(3): Delayed 3 second(s)

2021-07-19 12:16:30 - [MESSAGE][PASSED] - Delayed 3 second(s)

2021-07-19 12:16:30 - [TEST_STEP][PASSED] - click(findTestObject("1Inicio/img_Operacion")): Object: 'Object Repository/1Inicio/img_Operacion' is clicked on

2021-07-19 12:16:33 - [MESSAGE][PASSED] - Object: 'Object Repository/1Inicio/img_Operacion' is clicked on

2021-07-19 12:16:33 - [TEST_STEP][PASSED] - delay(3): Delayed 3 second(s)

2021-07-19 12:16:36 - [MESSAGE][PASSED] - Delayed 3 second(s)

2021-07-19 12:16:36 - [TEST_STEP][PASSED] - click(findTestObject("2 Operacion/Elementos Del Sistema")): Object: 'Object Repository/2 Operacion/Elementos Del Sistema' is clicked on

2021-07-19 12:16:39 - [MESSAGE][PASSED] - Object: 'Object Repository/2 Operacion/Elementos Del Sistema' is clicked on

2021-07-19 12:16:39 - [TEST_STEP][PASSED] - delay(3): Delayed 3 second(s)

2021-07-19 12:16:42 - [MESSAGE][PASSED] - Delayed 3 second(s)

2021-07-19 12:16:42 - [TEST_STEP][PASSED] - click(findTestObject("2 Operacion/Elementos del Sistema/img_Terminales")): Object: 'Object Repository/2 Operacion/Elementos del Sistema/img_Terminales' is clicked on

2021-07-19 12:16:44 - [MESSAGE][PASSED] - Object: 'Object Repository/2 Operacion/Elementos del Sistema/img_Terminales' is clicked on

2021-07-19 12:16:44 - [TEST_STEP][PASSED] - delay(3): Delayed 3 second(s)

2021-07-19 12:16:47 - [MESSAGE][PASSED] - Delayed 3 second(s)

2021-07-19 12:16:47 - [TEST_STEP][PASSED] - click(findTestObject("2 Operacion/Elementos del Sistema/Selectores/00Oficinas/a_Bogota - CIEL")): Object: 'Object Repository/2 Operacion/Elementos del Sistema/Selectores/00Oficinas/a_Bogota - CIEL' is clicked on

2021-07-19 12:16:48 - [MESSAGE][PASSED] - Object: 'Object Repository/2 Operacion/Elementos del Sistema/Selectores/00Oficinas/a_Bogota - CIEL' is clicked on

2021-07-19 12:16:48 - [TEST_STEP][PASSED] - delay(3): Delayed 3 second(s)

2021-07-19 12:16:51 - [MESSAGE][PASSED] - Delayed 3 second(s)

2021-07-19 12:16:51 - [TEST_STEP][PASSED] - click(findTestObject("2 Operacion/Elementos del Sistema/Terminales/1Terminales menos WorkFlow/a_Terminal Informacion A01")): Object: 'Object Repository/2 Operacion/Elementos del Sistema/Terminales/1Terminales menos WorkFlow/a_Terminal Informacion A01' is clicked on

2021-07-19 12:16:52 - [MESSAGE][PASSED] - Object: 'Object Repository/2 Operacion/Elementos del Sistema/Terminales/1Terminales menos WorkFlow/a_Terminal Informacion A01' is clicked on

2021-07-19 12:16:52 - [TEST_STEP][PASSED] - delay(3): Delayed 3 second(s)

2021-07-19 12:16:55 - [MESSAGE][PASSED] - Delayed 3 second(s)

2021-07-19 12:16:55 - [TEST_STEP][PASSED] - click(findTestObject("2 Operacion/Elementos del Sistema/Terminales/Terminal/Funciones Basicas/img_Llamar")): Object: 'Object Repository/2 Operacion/Elementos del Sistema/Terminales/Terminal/Funciones Basicas/img_Llamar' is clicked on

2021-07-19 12:17:01 - [MESSAGE][PASSED] - Object: 'Object Repository/2 Operacion/Elementos del Sistema/Terminales/Terminal/Funciones Basicas/img_Llamar' is clicked on

2021-07-19 12:17:01 - [TEST_STEP][PASSED] - delay(3): Delayed 3 second(s)

2021-07-19 12:17:04 - [MESSAGE][PASSED] - Delayed 3 second(s)

2021-07-19 12:17:04 - [TEST_STEP][PASSED] - click(findTestObject("2 Operacion/Elementos del Sistema/Terminales/Terminal/Funciones Basicas/img_Ocupado")): Object: 'Object Repository/2 Operacion/Elementos del Sistema/Terminales/Terminal/Funciones Basicas/img_Ocupado' is clicked on

2021-07-19 12:17:05 - [MESSAGE][PASSED] - Object: 'Object Repository/2 Operacion/Elementos del Sistema/Terminales/Terminal/Funciones Basicas/img_Ocupado' is clicked on

2021-07-19 12:17:05 - [TEST_STEP][PASSED] - delay(3): Delayed 3 second(s)

2021-07-19 12:17:08 - [MESSAGE][PASSED] - Delayed 3 second(s)

2021-07-19 12:17:08 - [TEST_STEP][PASSED] - click(findTestObject("2 Operacion/Elementos del Sistema/Terminales/Terminal/Funciones Basicas/imgOcupado/a_Actualizacion de Datos")): Object: 'Object Repository/2 Operacion/Elementos del Sistema/Terminales/Terminal/Funciones Basicas/imgOcupado/a_Actualizacion de Datos' is clicked on

2021-07-19 12:17:10 - [MESSAGE][PASSED] - Object: 'Object Repository/2 Operacion/Elementos del Sistema/Terminales/Terminal/Funciones Basicas/imgOcupado/a_Actualizacion de Datos' is clicked on

2021-07-19 12:17:10 - [TEST_STEP][PASSED] - delay(3): Delayed 3 second(s)

2021-07-19 12:17:13 - [MESSAGE][PASSED] - Delayed 3 second(s)

2021-07-19 12:17:13 - [TEST_STEP][PASSED] - click(findTestObject("2 Operacion/Elementos del Sistema/Terminales/Terminal/Cliente/botones/img_CamposAdiconales")): Object: 'Object Repository/2 Operacion/Elementos del Sistema/Terminales/Terminal/Cliente/botones/img_CamposAdiconales' is clicked on

2021-07-19 12:17:14 - [MESSAGE][PASSED] - Object: 'Object Repository/2 Operacion/Elementos del Sistema/Terminales/Terminal/Cliente/botones/img_CamposAdiconales' is clicked on

2021-07-19 12:17:14 - [TEST_STEP][PASSED] - delay(3): Delayed 3 second(s)

2021-07-19 12:17:17 - [MESSAGE][PASSED] - Delayed 3 second(s)

2021-07-19 12:17:17 - [TEST_STEP][PASSED] - takeFullPageScreenshot(): Taking screenshot successfully

2021-07-19 12:17:18 - [MESSAGE][INFO] - 0 hidden object(s)

2021-07-19 12:17:18 - [MESSAGE][PASSED] - Taking screenshot successfully
[[ATTACHMENT|E:\\CIEL INGENIERIA\\KATALON\\Validaciones\\Reports\\20210719_121418\\0 Informaci\u00F3n Clientes\\Campos Adicionales\\20210719_121418\\1626715037260.png]]

2021-07-19 12:17:18 - [TEST_STEP][PASSED] - sendKeys(findTestObject(null), Keys.chord(ESCAPE)): Keys 'ESCAPE + ' sent to object: 'tempBody'

2021-07-19 12:17:18 - [MESSAGE][WARNING] - Test object id is null

2021-07-19 12:17:18 - [MESSAGE][WARNING] - Test object with id 'Object Repository/' does not exist

2021-07-19 12:17:19 - [MESSAGE][PASSED] - Keys 'ESCAPE + ' sent to object: 'tempBody'

2021-07-19 12:17:19 - [TEST_STEP][PASSED] - delay(3): Delayed 3 second(s)

2021-07-19 12:17:23 - [MESSAGE][PASSED] - Delayed 3 second(s)

2021-07-19 12:17:23 - [TEST_STEP][PASSED] - click(findTestObject("2 Operacion/Elementos del Sistema/Terminales/Terminal/Funciones Basicas/img_Cerrar")): Object: 'Object Repository/2 Operacion/Elementos del Sistema/Terminales/Terminal/Funciones Basicas/img_Cerrar' is clicked on

2021-07-19 12:17:24 - [MESSAGE][PASSED] - Object: 'Object Repository/2 Operacion/Elementos del Sistema/Terminales/Terminal/Funciones Basicas/img_Cerrar' is clicked on

2021-07-19 12:17:24 - [TEST_STEP][PASSED] - delay(3): Delayed 3 second(s)

2021-07-19 12:17:27 - [MESSAGE][PASSED] - Delayed 3 second(s)

2021-07-19 12:17:27 - [TEST_STEP][PASSED] - click(findTestObject("2 Operacion/Elementos del Sistema/Terminales/Terminal/Funciones Basicas/imgCerrar/btn_FindeJornada")): Object: 'Object Repository/2 Operacion/Elementos del Sistema/Terminales/Terminal/Funciones Basicas/imgCerrar/btn_FindeJornada' is clicked on

2021-07-19 12:17:29 - [MESSAGE][PASSED] - Object: 'Object Repository/2 Operacion/Elementos del Sistema/Terminales/Terminal/Funciones Basicas/imgCerrar/btn_FindeJornada' is clicked on

2021-07-19 12:17:29 - [TEST_STEP][PASSED] - delay(3): Delayed 3 second(s)

2021-07-19 12:17:32 - [MESSAGE][PASSED] - Delayed 3 second(s)]]></system-out>
         <system-err><![CDATA[]]></system-err>
      </testcase>
      <system-out><![CDATA[2021-07-19 12:14:39 - [TEST_SUITE][PASSED] - Campos Adicionales: Test Cases/0 Información clientes/Campos Adicionales]]></system-out>
      <system-err><![CDATA[]]></system-err>
   </testsuite>
</testsuites>
