<?xml version="1.0" encoding="UTF-8"?>
<testsuites name="1 Reclasificar Turnos en la actual" time="258.913" tests="1" failures="0" errors="0">
   <testsuite name="1 Reclasificar Turnos en la actual" tests="1" failures="0" errors="0" time="258.913" skipped="0" timestamp="2021-08-04 11:37:04" hostname="BILIKI - DESKTOP-HH1RJM2" id="Test Suites/1 Reclasificar Turnos en la actual">
      <properties>
         <property name="deviceName" value=""/>
         <property name="devicePlatform" value=""/>
         <property name="logFolder" value="E:\\CIEL INGENIERIA\\KATALON\\Validaciones\\Reports\\20210804_113644\\1 Reclasificar Turnos en la actual\\20210804_113644"/>
         <property name="logFiles" value="E:\\CIEL INGENIERIA\\KATALON\\Validaciones\\Reports\\20210804_113644\\1 Reclasificar Turnos en la actual\\20210804_113644\\execution0.log"/>
         <property name="attachments" value="E:\\CIEL INGENIERIA\\KATALON\\Validaciones\\Reports\\20210804_113644\\1 Reclasificar Turnos en la actual\\20210804_113644\\1628095145589.png, E:\\CIEL INGENIERIA\\KATALON\\Validaciones\\Reports\\20210804_113644\\1 Reclasificar Turnos en la actual\\20210804_113644\\1628095243180.png"/>
         <property name="hostName" value="BILIKI - DESKTOP-HH1RJM2"/>
         <property name="os" value="Windows 10 64bit"/>
         <property name="katalonVersion" value="8.0.5.208"/>
         <property name="browser" value="Chrome 92.0.4515.107"/>
         <property name="hostAddress" value="169.254.120.121"/>
         <property name="sessionId" value="e0b4bad2aac46ac027065a91edc9187c"/>
         <property name="seleniumVersion" value="3.141.59"/>
         <property name="proxyInformation" value="ProxyInformation { proxyOption=NO_PROXY, proxyServerType=HTTP, username=, password=********, proxyServerAddress=, proxyServerPort=0, executionList=&quot;&quot;, isApplyToDesiredCapabilities=true }"/>
         <property name="platform" value="Windows 10"/>
      </properties>
      <testcase name="Test Cases/1 Reclasificar Turnos en la actual" time="234.473" classname="Test Cases/1 Reclasificar Turnos en la actual" status="PASSED">
         <system-out><![CDATA[2021-08-04 11:37:06 - [TEST_CASE][PASSED] - Test Cases/1 Reclasificar Turnos en la actual: Test Cases/1 Reclasificar Turnos en la actual

2021-08-04 11:37:08 - [TEST_STEP][PASSED] - callTestCase(findTestCase("Inicio Sesion sin variables"), [:], STOP_ON_FAILURE): Call Test Case 'Test Cases/Inicio Sesion sin variables' successfully

2021-08-04 11:37:09 - [TEST_CASE][PASSED] - Test Cases/Inicio Sesion sin variables: Test Cases/Inicio Sesion sin variables

2021-08-04 11:37:11 - [TEST_STEP][PASSED] - openBrowser("http://Localhost:8810"): Browser is opened with url: 'http://Localhost:8810'

2021-08-04 11:37:12 - [MESSAGE][INFO] - Starting 'Chrome' driver

2021-08-04 11:37:12 - [MESSAGE][INFO] - Action delay is set to 0 milliseconds

2021-08-04 11:37:25 - [MESSAGE][PASSED] - Browser is opened with url: 'http://Localhost:8810'

2021-08-04 11:37:25 - [TEST_STEP][PASSED] - maximizeWindow(): Current window maximized

2021-08-04 11:37:26 - [MESSAGE][PASSED] - Current window maximized

2021-08-04 11:37:26 - [TEST_STEP][PASSED] - setText(findTestObject("0Inicio Sesion/input__Usuario"), "ciel"): Text 'ciel' is set on object 'Object Repository/0Inicio Sesion/input__Usuario'

2021-08-04 11:37:28 - [MESSAGE][PASSED] - Text 'ciel' is set on object 'Object Repository/0Inicio Sesion/input__Usuario'

2021-08-04 11:37:28 - [TEST_STEP][PASSED] - setText(findTestObject("0Inicio Sesion/input__Clave"), "digiturno"): Text 'digiturno' is set on object 'Object Repository/0Inicio Sesion/input__Clave'

2021-08-04 11:37:30 - [MESSAGE][PASSED] - Text 'digiturno' is set on object 'Object Repository/0Inicio Sesion/input__Clave'

2021-08-04 11:37:30 - [TEST_STEP][PASSED] - click(findTestObject("0Inicio Sesion/btn_IniciarSesion")): Object: 'Object Repository/0Inicio Sesion/btn_IniciarSesion' is clicked on

2021-08-04 11:37:34 - [MESSAGE][PASSED] - Object: 'Object Repository/0Inicio Sesion/btn_IniciarSesion' is clicked on

2021-08-04 11:37:34 - [TEST_STEP][PASSED] - delay(3): Delayed 3 second(s)

2021-08-04 11:37:37 - [MESSAGE][PASSED] - Delayed 3 second(s)

2021-08-04 11:37:37 - [MESSAGE][PASSED] - Call Test Case 'Test Cases/Inicio Sesion sin variables' successfully

2021-08-04 11:37:37 - [TEST_STEP][PASSED] - click(findTestObject("1Inicio/img_Configuracion")): Object: 'Object Repository/1Inicio/img_Configuracion' is clicked on

2021-08-04 11:37:39 - [MESSAGE][PASSED] - Object: 'Object Repository/1Inicio/img_Configuracion' is clicked on

2021-08-04 11:37:39 - [TEST_STEP][PASSED] - delay(3): Delayed 3 second(s)

2021-08-04 11:37:42 - [MESSAGE][PASSED] - Delayed 3 second(s)

2021-08-04 11:37:42 - [TEST_STEP][PASSED] - click(findTestObject("Configuracion/1Principal/img_Distribucion Geografica")): Object: 'Object Repository/Configuracion/1Principal/img_Distribucion Geografica' is clicked on

2021-08-04 11:37:45 - [MESSAGE][PASSED] - Object: 'Object Repository/Configuracion/1Principal/img_Distribucion Geografica' is clicked on

2021-08-04 11:37:45 - [TEST_STEP][PASSED] - delay(3): Delayed 3 second(s)

2021-08-04 11:37:48 - [MESSAGE][PASSED] - Delayed 3 second(s)

2021-08-04 11:37:48 - [TEST_STEP][PASSED] - click(findTestObject("Configuracion/Distribucion Geografica/1Principal/img_Grupos")): Object: 'Object Repository/Configuracion/Distribucion Geografica/1Principal/img_Grupos' is clicked on

2021-08-04 11:37:50 - [MESSAGE][PASSED] - Object: 'Object Repository/Configuracion/Distribucion Geografica/1Principal/img_Grupos' is clicked on

2021-08-04 11:37:50 - [TEST_STEP][PASSED] - delay(3): Delayed 3 second(s)

2021-08-04 11:37:53 - [MESSAGE][PASSED] - Delayed 3 second(s)

2021-08-04 11:37:53 - [TEST_STEP][PASSED] - click(findTestObject("Configuracion/Distribucion Geografica/Grupos/0Oficinas Emergente/a_Seleccionar")): Object: 'Object Repository/Configuracion/Distribucion Geografica/Grupos/0Oficinas Emergente/a_Seleccionar' is clicked on

2021-08-04 11:37:54 - [MESSAGE][PASSED] - Object: 'Object Repository/Configuracion/Distribucion Geografica/Grupos/0Oficinas Emergente/a_Seleccionar' is clicked on

2021-08-04 11:37:54 - [TEST_STEP][PASSED] - delay(3): Delayed 3 second(s)

2021-08-04 11:37:57 - [MESSAGE][PASSED] - Delayed 3 second(s)

2021-08-04 11:37:57 - [TEST_STEP][PASSED] - click(findTestObject("Configuracion/Distribucion Geografica/Grupos/Lista de Grupos/0General/a_Seleccionar")): Object: 'Object Repository/Configuracion/Distribucion Geografica/Grupos/Lista de Grupos/0General/a_Seleccionar' is clicked on

2021-08-04 11:37:59 - [MESSAGE][PASSED] - Object: 'Object Repository/Configuracion/Distribucion Geografica/Grupos/Lista de Grupos/0General/a_Seleccionar' is clicked on

2021-08-04 11:37:59 - [TEST_STEP][PASSED] - delay(3): Delayed 3 second(s)

2021-08-04 11:38:02 - [MESSAGE][PASSED] - Delayed 3 second(s)

2021-08-04 11:38:02 - [TEST_STEP][PASSED] - selectOptionByLabel(findTestObject("Configuracion/Distribucion Geografica/Grupos/Edicion/select_ReclasificarTurnosEnActual"), "Sala", false): All options with label 'Sala' are selected in object 'Object Repository/Configuracion/Distribucion Geografica/Grupos/Edicion/select_ReclasificarTurnosEnActual' 

2021-08-04 11:38:03 - [MESSAGE][PASSED] - All options with label 'Sala' are selected in object 'Object Repository/Configuracion/Distribucion Geografica/Grupos/Edicion/select_ReclasificarTurnosEnActual' 

2021-08-04 11:38:03 - [TEST_STEP][PASSED] - delay(3): Delayed 3 second(s)

2021-08-04 11:38:06 - [MESSAGE][PASSED] - Delayed 3 second(s)

2021-08-04 11:38:06 - [TEST_STEP][PASSED] - click(findTestObject("Configuracion/Distribucion Geografica/Grupos/Botones/img_Actualizar")): Object: 'Object Repository/Configuracion/Distribucion Geografica/Grupos/Botones/img_Actualizar' is clicked on

2021-08-04 11:38:08 - [MESSAGE][PASSED] - Object: 'Object Repository/Configuracion/Distribucion Geografica/Grupos/Botones/img_Actualizar' is clicked on

2021-08-04 11:38:08 - [TEST_STEP][PASSED] - delay(3): Delayed 3 second(s)

2021-08-04 11:38:11 - [MESSAGE][PASSED] - Delayed 3 second(s)

2021-08-04 11:38:11 - [TEST_STEP][PASSED] - click(findTestObject("1Inicio/a_Inicio")): Object: 'Object Repository/1Inicio/a_Inicio' is clicked on

2021-08-04 11:38:14 - [MESSAGE][PASSED] - Object: 'Object Repository/1Inicio/a_Inicio' is clicked on

2021-08-04 11:38:14 - [TEST_STEP][PASSED] - delay(3): Delayed 3 second(s)

2021-08-04 11:38:17 - [MESSAGE][PASSED] - Delayed 3 second(s)

2021-08-04 11:38:17 - [TEST_STEP][PASSED] - click(findTestObject("1Inicio/img_Operacion")): Object: 'Object Repository/1Inicio/img_Operacion' is clicked on

2021-08-04 11:38:19 - [MESSAGE][PASSED] - Object: 'Object Repository/1Inicio/img_Operacion' is clicked on

2021-08-04 11:38:19 - [TEST_STEP][PASSED] - delay(3): Delayed 3 second(s)

2021-08-04 11:38:22 - [MESSAGE][PASSED] - Delayed 3 second(s)

2021-08-04 11:38:22 - [TEST_STEP][PASSED] - click(findTestObject("2 Operacion/Elementos Del Sistema")): Object: 'Object Repository/2 Operacion/Elementos Del Sistema' is clicked on

2021-08-04 11:38:25 - [MESSAGE][PASSED] - Object: 'Object Repository/2 Operacion/Elementos Del Sistema' is clicked on

2021-08-04 11:38:25 - [TEST_STEP][PASSED] - delay(3): Delayed 3 second(s)

2021-08-04 11:38:28 - [MESSAGE][PASSED] - Delayed 3 second(s)

2021-08-04 11:38:28 - [TEST_STEP][PASSED] - click(findTestObject("2 Operacion/Elementos del Sistema/img_Terminales")): Object: 'Object Repository/2 Operacion/Elementos del Sistema/img_Terminales' is clicked on

2021-08-04 11:38:30 - [MESSAGE][PASSED] - Object: 'Object Repository/2 Operacion/Elementos del Sistema/img_Terminales' is clicked on

2021-08-04 11:38:30 - [TEST_STEP][PASSED] - delay(3): Delayed 3 second(s)

2021-08-04 11:38:33 - [MESSAGE][PASSED] - Delayed 3 second(s)

2021-08-04 11:38:33 - [TEST_STEP][PASSED] - click(findTestObject("2 Operacion/Elementos del Sistema/Terminales/00Oficinas/a_Bogota - CIEL")): Object: 'Object Repository/2 Operacion/Elementos del Sistema/Terminales/00Oficinas/a_Bogota - CIEL' is clicked on

2021-08-04 11:38:35 - [MESSAGE][PASSED] - Object: 'Object Repository/2 Operacion/Elementos del Sistema/Terminales/00Oficinas/a_Bogota - CIEL' is clicked on

2021-08-04 11:38:35 - [TEST_STEP][PASSED] - delay(3): Delayed 3 second(s)

2021-08-04 11:38:38 - [MESSAGE][PASSED] - Delayed 3 second(s)

2021-08-04 11:38:38 - [TEST_STEP][PASSED] - click(findTestObject("2 Operacion/Elementos del Sistema/Terminales/1Terminales menos WorkFlow/a_Terminal Informacion A01")): Object: 'Object Repository/2 Operacion/Elementos del Sistema/Terminales/1Terminales menos WorkFlow/a_Terminal Informacion A01' is clicked on

2021-08-04 11:38:39 - [MESSAGE][PASSED] - Object: 'Object Repository/2 Operacion/Elementos del Sistema/Terminales/1Terminales menos WorkFlow/a_Terminal Informacion A01' is clicked on

2021-08-04 11:38:39 - [TEST_STEP][PASSED] - delay(3): Delayed 3 second(s)

2021-08-04 11:38:42 - [MESSAGE][PASSED] - Delayed 3 second(s)

2021-08-04 11:38:42 - [TEST_STEP][PASSED] - click(findTestObject("2 Operacion/Elementos del Sistema/Terminales/Terminal/Funciones Basicas/img_Llamar")): Object: 'Object Repository/2 Operacion/Elementos del Sistema/Terminales/Terminal/Funciones Basicas/img_Llamar' is clicked on

2021-08-04 11:38:47 - [MESSAGE][PASSED] - Object: 'Object Repository/2 Operacion/Elementos del Sistema/Terminales/Terminal/Funciones Basicas/img_Llamar' is clicked on

2021-08-04 11:38:47 - [TEST_STEP][PASSED] - delay(3): Delayed 3 second(s)

2021-08-04 11:38:50 - [MESSAGE][PASSED] - Delayed 3 second(s)

2021-08-04 11:38:50 - [TEST_STEP][PASSED] - click(findTestObject("2 Operacion/Elementos del Sistema/Terminales/Terminal/Funciones Basicas/img_Ocupado")): Object: 'Object Repository/2 Operacion/Elementos del Sistema/Terminales/Terminal/Funciones Basicas/img_Ocupado' is clicked on

2021-08-04 11:38:53 - [MESSAGE][PASSED] - Object: 'Object Repository/2 Operacion/Elementos del Sistema/Terminales/Terminal/Funciones Basicas/img_Ocupado' is clicked on

2021-08-04 11:38:53 - [TEST_STEP][PASSED] - delay(3): Delayed 3 second(s)

2021-08-04 11:38:56 - [MESSAGE][PASSED] - Delayed 3 second(s)

2021-08-04 11:38:56 - [TEST_STEP][PASSED] - click(findTestObject("2 Operacion/Elementos del Sistema/Terminales/Terminal/Funciones Basicas/imgOcupado/a_Actualizacion de Datos")): Object: 'Object Repository/2 Operacion/Elementos del Sistema/Terminales/Terminal/Funciones Basicas/imgOcupado/a_Actualizacion de Datos' is clicked on

2021-08-04 11:38:58 - [MESSAGE][PASSED] - Object: 'Object Repository/2 Operacion/Elementos del Sistema/Terminales/Terminal/Funciones Basicas/imgOcupado/a_Actualizacion de Datos' is clicked on

2021-08-04 11:38:58 - [TEST_STEP][PASSED] - delay(3): Delayed 3 second(s)

2021-08-04 11:39:01 - [MESSAGE][PASSED] - Delayed 3 second(s)

2021-08-04 11:39:01 - [TEST_STEP][PASSED] - click(findTestObject("2 Operacion/Elementos del Sistema/Terminales/Terminal/Funciones Adicionales/img_Reclasificar")): Object: 'Object Repository/2 Operacion/Elementos del Sistema/Terminales/Terminal/Funciones Adicionales/img_Reclasificar' is clicked on

2021-08-04 11:39:02 - [MESSAGE][PASSED] - Object: 'Object Repository/2 Operacion/Elementos del Sistema/Terminales/Terminal/Funciones Adicionales/img_Reclasificar' is clicked on

2021-08-04 11:39:02 - [TEST_STEP][PASSED] - delay(3): Delayed 3 second(s)

2021-08-04 11:39:05 - [MESSAGE][PASSED] - Delayed 3 second(s)

2021-08-04 11:39:05 - [TEST_STEP][PASSED] - takeFullPageScreenshot(): Taking screenshot successfully

2021-08-04 11:39:06 - [MESSAGE][INFO] - 0 hidden object(s)

2021-08-04 11:39:07 - [MESSAGE][PASSED] - Taking screenshot successfully
[[ATTACHMENT|E:\\CIEL INGENIERIA\\KATALON\\Validaciones\\Reports\\20210804_113644\\1 Reclasificar Turnos en la actual\\20210804_113644\\1628095145589.png]]

2021-08-04 11:39:07 - [TEST_STEP][PASSED] - delay(3): Delayed 3 second(s)

2021-08-04 11:39:10 - [MESSAGE][PASSED] - Delayed 3 second(s)

2021-08-04 11:39:10 - [TEST_STEP][PASSED] - sendKeys(findTestObject(null), Keys.chord(ESCAPE)): Keys 'ESCAPE + ' sent to object: 'tempBody'

2021-08-04 11:39:10 - [MESSAGE][WARNING] - Test object id is null

2021-08-04 11:39:10 - [MESSAGE][WARNING] - Test object with id 'Object Repository/' does not exist

2021-08-04 11:39:12 - [MESSAGE][PASSED] - Keys 'ESCAPE + ' sent to object: 'tempBody'

2021-08-04 11:39:12 - [TEST_STEP][PASSED] - delay(3): Delayed 3 second(s)

2021-08-04 11:39:15 - [MESSAGE][PASSED] - Delayed 3 second(s)

2021-08-04 11:39:15 - [TEST_STEP][PASSED] - click(findTestObject("2 Operacion/Elementos del Sistema/Terminales/Terminal/Funciones Basicas/img_Cerrar")): Object: 'Object Repository/2 Operacion/Elementos del Sistema/Terminales/Terminal/Funciones Basicas/img_Cerrar' is clicked on

2021-08-04 11:39:17 - [MESSAGE][PASSED] - Object: 'Object Repository/2 Operacion/Elementos del Sistema/Terminales/Terminal/Funciones Basicas/img_Cerrar' is clicked on

2021-08-04 11:39:17 - [TEST_STEP][PASSED] - delay(3): Delayed 3 second(s)

2021-08-04 11:39:20 - [MESSAGE][PASSED] - Delayed 3 second(s)

2021-08-04 11:39:20 - [TEST_STEP][PASSED] - click(findTestObject("2 Operacion/Elementos del Sistema/Terminales/Terminal/Funciones Basicas/imgCerrar/btn_FindeJornada")): Object: 'Object Repository/2 Operacion/Elementos del Sistema/Terminales/Terminal/Funciones Basicas/imgCerrar/btn_FindeJornada' is clicked on

2021-08-04 11:39:22 - [MESSAGE][PASSED] - Object: 'Object Repository/2 Operacion/Elementos del Sistema/Terminales/Terminal/Funciones Basicas/imgCerrar/btn_FindeJornada' is clicked on

2021-08-04 11:39:22 - [TEST_STEP][PASSED] - navigateToUrl("http://localhost:8810/Paginas/Configuracion/DistribucionGeografica/Grupos.aspx"): Navigate to 'http://localhost:8810/Paginas/Configuracion/DistribucionGeografica/Grupos.aspx' successfully

2021-08-04 11:39:23 - [MESSAGE][PASSED] - Navigate to 'http://localhost:8810/Paginas/Configuracion/DistribucionGeografica/Grupos.aspx' successfully

2021-08-04 11:39:23 - [TEST_STEP][PASSED] - acceptAlert(): Alert accepted

2021-08-04 11:39:24 - [MESSAGE][PASSED] - Alert accepted

2021-08-04 11:39:24 - [TEST_STEP][PASSED] - click(findTestObject("Configuracion/Distribucion Geografica/Grupos/0Oficinas Emergente/a_Seleccionar")): Object: 'Object Repository/Configuracion/Distribucion Geografica/Grupos/0Oficinas Emergente/a_Seleccionar' is clicked on

2021-08-04 11:39:34 - [MESSAGE][PASSED] - Object: 'Object Repository/Configuracion/Distribucion Geografica/Grupos/0Oficinas Emergente/a_Seleccionar' is clicked on

2021-08-04 11:39:34 - [TEST_STEP][PASSED] - delay(3): Delayed 3 second(s)

2021-08-04 11:39:37 - [MESSAGE][PASSED] - Delayed 3 second(s)

2021-08-04 11:39:37 - [TEST_STEP][PASSED] - click(findTestObject("Configuracion/Distribucion Geografica/Grupos/Lista de Grupos/0General/a_Seleccionar")): Object: 'Object Repository/Configuracion/Distribucion Geografica/Grupos/Lista de Grupos/0General/a_Seleccionar' is clicked on

2021-08-04 11:39:38 - [MESSAGE][PASSED] - Object: 'Object Repository/Configuracion/Distribucion Geografica/Grupos/Lista de Grupos/0General/a_Seleccionar' is clicked on

2021-08-04 11:39:38 - [TEST_STEP][PASSED] - delay(3): Delayed 3 second(s)

2021-08-04 11:39:41 - [MESSAGE][PASSED] - Delayed 3 second(s)

2021-08-04 11:39:41 - [TEST_STEP][PASSED] - selectOptionByLabel(findTestObject("Configuracion/Distribucion Geografica/Grupos/Edicion/select_ReclasificarTurnosEnActual"), "Grupo", false): All options with label 'Grupo' are selected in object 'Object Repository/Configuracion/Distribucion Geografica/Grupos/Edicion/select_ReclasificarTurnosEnActual' 

2021-08-04 11:39:43 - [MESSAGE][PASSED] - All options with label 'Grupo' are selected in object 'Object Repository/Configuracion/Distribucion Geografica/Grupos/Edicion/select_ReclasificarTurnosEnActual' 

2021-08-04 11:39:43 - [TEST_STEP][PASSED] - delay(3): Delayed 3 second(s)

2021-08-04 11:39:46 - [MESSAGE][PASSED] - Delayed 3 second(s)

2021-08-04 11:39:46 - [TEST_STEP][PASSED] - click(findTestObject("Configuracion/Distribucion Geografica/Grupos/Botones/img_Actualizar")): Object: 'Object Repository/Configuracion/Distribucion Geografica/Grupos/Botones/img_Actualizar' is clicked on

2021-08-04 11:39:47 - [MESSAGE][PASSED] - Object: 'Object Repository/Configuracion/Distribucion Geografica/Grupos/Botones/img_Actualizar' is clicked on

2021-08-04 11:39:47 - [TEST_STEP][PASSED] - delay(3): Delayed 3 second(s)

2021-08-04 11:39:50 - [MESSAGE][PASSED] - Delayed 3 second(s)

2021-08-04 11:39:50 - [TEST_STEP][PASSED] - click(findTestObject("1Inicio/a_Inicio")): Object: 'Object Repository/1Inicio/a_Inicio' is clicked on

2021-08-04 11:39:53 - [MESSAGE][PASSED] - Object: 'Object Repository/1Inicio/a_Inicio' is clicked on

2021-08-04 11:39:53 - [TEST_STEP][PASSED] - delay(3): Delayed 3 second(s)

2021-08-04 11:39:56 - [MESSAGE][PASSED] - Delayed 3 second(s)

2021-08-04 11:39:56 - [TEST_STEP][PASSED] - click(findTestObject("1Inicio/img_Operacion")): Object: 'Object Repository/1Inicio/img_Operacion' is clicked on

2021-08-04 11:39:59 - [MESSAGE][PASSED] - Object: 'Object Repository/1Inicio/img_Operacion' is clicked on

2021-08-04 11:39:59 - [TEST_STEP][PASSED] - delay(3): Delayed 3 second(s)

2021-08-04 11:40:02 - [MESSAGE][PASSED] - Delayed 3 second(s)

2021-08-04 11:40:02 - [TEST_STEP][PASSED] - click(findTestObject("2 Operacion/Elementos Del Sistema")): Object: 'Object Repository/2 Operacion/Elementos Del Sistema' is clicked on

2021-08-04 11:40:04 - [MESSAGE][PASSED] - Object: 'Object Repository/2 Operacion/Elementos Del Sistema' is clicked on

2021-08-04 11:40:04 - [TEST_STEP][PASSED] - delay(3): Delayed 3 second(s)

2021-08-04 11:40:07 - [MESSAGE][PASSED] - Delayed 3 second(s)

2021-08-04 11:40:07 - [TEST_STEP][PASSED] - click(findTestObject("2 Operacion/Elementos del Sistema/img_Terminales")): Object: 'Object Repository/2 Operacion/Elementos del Sistema/img_Terminales' is clicked on

2021-08-04 11:40:09 - [MESSAGE][PASSED] - Object: 'Object Repository/2 Operacion/Elementos del Sistema/img_Terminales' is clicked on

2021-08-04 11:40:09 - [TEST_STEP][PASSED] - delay(3): Delayed 3 second(s)

2021-08-04 11:40:12 - [MESSAGE][PASSED] - Delayed 3 second(s)

2021-08-04 11:40:12 - [TEST_STEP][PASSED] - click(findTestObject("2 Operacion/Elementos del Sistema/Terminales/00Oficinas/a_Bogota - CIEL")): Object: 'Object Repository/2 Operacion/Elementos del Sistema/Terminales/00Oficinas/a_Bogota - CIEL' is clicked on

2021-08-04 11:40:13 - [MESSAGE][PASSED] - Object: 'Object Repository/2 Operacion/Elementos del Sistema/Terminales/00Oficinas/a_Bogota - CIEL' is clicked on

2021-08-04 11:40:13 - [TEST_STEP][PASSED] - delay(3): Delayed 3 second(s)

2021-08-04 11:40:16 - [MESSAGE][PASSED] - Delayed 3 second(s)

2021-08-04 11:40:16 - [TEST_STEP][PASSED] - click(findTestObject("2 Operacion/Elementos del Sistema/Terminales/1Terminales menos WorkFlow/a_Terminal Informacion A01")): Object: 'Object Repository/2 Operacion/Elementos del Sistema/Terminales/1Terminales menos WorkFlow/a_Terminal Informacion A01' is clicked on

2021-08-04 11:40:17 - [MESSAGE][PASSED] - Object: 'Object Repository/2 Operacion/Elementos del Sistema/Terminales/1Terminales menos WorkFlow/a_Terminal Informacion A01' is clicked on

2021-08-04 11:40:17 - [TEST_STEP][PASSED] - delay(3): Delayed 3 second(s)

2021-08-04 11:40:20 - [MESSAGE][PASSED] - Delayed 3 second(s)

2021-08-04 11:40:20 - [TEST_STEP][PASSED] - click(findTestObject("2 Operacion/Elementos del Sistema/Terminales/Terminal/Funciones Basicas/img_Llamar")): Object: 'Object Repository/2 Operacion/Elementos del Sistema/Terminales/Terminal/Funciones Basicas/img_Llamar' is clicked on

2021-08-04 11:40:26 - [MESSAGE][PASSED] - Object: 'Object Repository/2 Operacion/Elementos del Sistema/Terminales/Terminal/Funciones Basicas/img_Llamar' is clicked on

2021-08-04 11:40:26 - [TEST_STEP][PASSED] - delay(3): Delayed 3 second(s)

2021-08-04 11:40:29 - [MESSAGE][PASSED] - Delayed 3 second(s)

2021-08-04 11:40:29 - [TEST_STEP][PASSED] - click(findTestObject("2 Operacion/Elementos del Sistema/Terminales/Terminal/Funciones Basicas/img_Ocupado")): Object: 'Object Repository/2 Operacion/Elementos del Sistema/Terminales/Terminal/Funciones Basicas/img_Ocupado' is clicked on

2021-08-04 11:40:30 - [MESSAGE][PASSED] - Object: 'Object Repository/2 Operacion/Elementos del Sistema/Terminales/Terminal/Funciones Basicas/img_Ocupado' is clicked on

2021-08-04 11:40:30 - [TEST_STEP][PASSED] - delay(3): Delayed 3 second(s)

2021-08-04 11:40:33 - [MESSAGE][PASSED] - Delayed 3 second(s)

2021-08-04 11:40:33 - [TEST_STEP][PASSED] - click(findTestObject("2 Operacion/Elementos del Sistema/Terminales/Terminal/Funciones Basicas/imgOcupado/a_Actualizacion de Datos")): Object: 'Object Repository/2 Operacion/Elementos del Sistema/Terminales/Terminal/Funciones Basicas/imgOcupado/a_Actualizacion de Datos' is clicked on

2021-08-04 11:40:35 - [MESSAGE][PASSED] - Object: 'Object Repository/2 Operacion/Elementos del Sistema/Terminales/Terminal/Funciones Basicas/imgOcupado/a_Actualizacion de Datos' is clicked on

2021-08-04 11:40:35 - [TEST_STEP][PASSED] - delay(3): Delayed 3 second(s)

2021-08-04 11:40:38 - [MESSAGE][PASSED] - Delayed 3 second(s)

2021-08-04 11:40:38 - [TEST_STEP][PASSED] - click(findTestObject("2 Operacion/Elementos del Sistema/Terminales/Terminal/Funciones Adicionales/img_Reclasificar")): Object: 'Object Repository/2 Operacion/Elementos del Sistema/Terminales/Terminal/Funciones Adicionales/img_Reclasificar' is clicked on

2021-08-04 11:40:40 - [MESSAGE][PASSED] - Object: 'Object Repository/2 Operacion/Elementos del Sistema/Terminales/Terminal/Funciones Adicionales/img_Reclasificar' is clicked on

2021-08-04 11:40:40 - [TEST_STEP][PASSED] - delay(3): Delayed 3 second(s)

2021-08-04 11:40:43 - [MESSAGE][PASSED] - Delayed 3 second(s)

2021-08-04 11:40:43 - [TEST_STEP][PASSED] - takeFullPageScreenshot(): Taking screenshot successfully

2021-08-04 11:40:44 - [MESSAGE][INFO] - 0 hidden object(s)

2021-08-04 11:40:44 - [MESSAGE][PASSED] - Taking screenshot successfully
[[ATTACHMENT|E:\\CIEL INGENIERIA\\KATALON\\Validaciones\\Reports\\20210804_113644\\1 Reclasificar Turnos en la actual\\20210804_113644\\1628095243180.png]]

2021-08-04 11:40:44 - [TEST_STEP][PASSED] - delay(3): Delayed 3 second(s)

2021-08-04 11:40:47 - [MESSAGE][PASSED] - Delayed 3 second(s)

2021-08-04 11:40:47 - [TEST_STEP][PASSED] - sendKeys(findTestObject(null), Keys.chord(ESCAPE)): Keys 'ESCAPE + ' sent to object: 'tempBody'

2021-08-04 11:40:47 - [MESSAGE][WARNING] - Test object id is null

2021-08-04 11:40:47 - [MESSAGE][WARNING] - Test object with id 'Object Repository/' does not exist

2021-08-04 11:40:48 - [MESSAGE][PASSED] - Keys 'ESCAPE + ' sent to object: 'tempBody'

2021-08-04 11:40:48 - [TEST_STEP][PASSED] - delay(3): Delayed 3 second(s)

2021-08-04 11:40:51 - [MESSAGE][PASSED] - Delayed 3 second(s)

2021-08-04 11:40:51 - [TEST_STEP][PASSED] - click(findTestObject("2 Operacion/Elementos del Sistema/Terminales/Terminal/Funciones Basicas/img_Cerrar")): Object: 'Object Repository/2 Operacion/Elementos del Sistema/Terminales/Terminal/Funciones Basicas/img_Cerrar' is clicked on

2021-08-04 11:40:53 - [MESSAGE][PASSED] - Object: 'Object Repository/2 Operacion/Elementos del Sistema/Terminales/Terminal/Funciones Basicas/img_Cerrar' is clicked on

2021-08-04 11:40:53 - [TEST_STEP][PASSED] - delay(3): Delayed 3 second(s)

2021-08-04 11:40:56 - [MESSAGE][PASSED] - Delayed 3 second(s)

2021-08-04 11:40:56 - [TEST_STEP][PASSED] - click(findTestObject("2 Operacion/Elementos del Sistema/Terminales/Terminal/Funciones Basicas/imgCerrar/btn_FindeJornada")): Object: 'Object Repository/2 Operacion/Elementos del Sistema/Terminales/Terminal/Funciones Basicas/imgCerrar/btn_FindeJornada' is clicked on

2021-08-04 11:40:57 - [MESSAGE][PASSED] - Object: 'Object Repository/2 Operacion/Elementos del Sistema/Terminales/Terminal/Funciones Basicas/imgCerrar/btn_FindeJornada' is clicked on

2021-08-04 11:40:57 - [TEST_STEP][PASSED] - delay(3): Delayed 3 second(s)

2021-08-04 11:41:00 - [MESSAGE][PASSED] - Delayed 3 second(s)]]></system-out>
         <system-err><![CDATA[]]></system-err>
      </testcase>
      <system-out><![CDATA[2021-08-04 11:37:04 - [TEST_SUITE][PASSED] - 1 Reclasificar Turnos en la actual: Test Cases/1 Reclasificar Turnos en la actual]]></system-out>
      <system-err><![CDATA[]]></system-err>
   </testsuite>
</testsuites>
