<?xml version="1.0" encoding="UTF-8"?>
<testsuites name="1 Transferencia de turnos en la actual" time="250.016" tests="1" failures="0" errors="0">
   <testsuite name="1 Transferencia de turnos en la actual" tests="1" failures="0" errors="0" time="250.016" skipped="0" timestamp="2021-08-05 11:48:17" hostname="BILIKI - DESKTOP-HH1RJM2" id="Test Suites/1 Transferencia de turnos en la actual">
      <properties>
         <property name="deviceName" value=""/>
         <property name="devicePlatform" value=""/>
         <property name="logFolder" value="E:\\CIEL INGENIERIA\\KATALON\\Validaciones\\Reports\\20210805_114801\\1 Transferencia de turnos en la actual\\20210805_114801"/>
         <property name="logFiles" value="E:\\CIEL INGENIERIA\\KATALON\\Validaciones\\Reports\\20210805_114801\\1 Transferencia de turnos en la actual\\20210805_114801\\execution0.log"/>
         <property name="attachments" value="E:\\CIEL INGENIERIA\\KATALON\\Validaciones\\Reports\\20210805_114801\\1 Transferencia de turnos en la actual\\20210805_114801\\1628182152903.png, E:\\CIEL INGENIERIA\\KATALON\\Validaciones\\Reports\\20210805_114801\\1 Transferencia de turnos en la actual\\20210805_114801\\1628182208435.png, E:\\CIEL INGENIERIA\\KATALON\\Validaciones\\Reports\\20210805_114801\\1 Transferencia de turnos en la actual\\20210805_114801\\1628182244169.png, E:\\CIEL INGENIERIA\\KATALON\\Validaciones\\Reports\\20210805_114801\\1 Transferencia de turnos en la actual\\20210805_114801\\1628182299592.png"/>
         <property name="hostName" value="BILIKI - DESKTOP-HH1RJM2"/>
         <property name="os" value="Windows 10 64bit"/>
         <property name="katalonVersion" value="8.0.5.208"/>
         <property name="browser" value="Chrome 92.0.4515.131"/>
         <property name="hostAddress" value="169.254.120.121"/>
         <property name="sessionId" value="e03513897c47cceca16da87453d14ed4"/>
         <property name="seleniumVersion" value="3.141.59"/>
         <property name="proxyInformation" value="ProxyInformation { proxyOption=NO_PROXY, proxyServerType=HTTP, username=, password=********, proxyServerAddress=, proxyServerPort=0, executionList=&quot;&quot;, isApplyToDesiredCapabilities=true }"/>
         <property name="platform" value="Windows 10"/>
      </properties>
      <testcase name="Test Cases/1 Transferencia de Turnos en la actual" time="217.777" classname="Test Cases/1 Transferencia de Turnos en la actual" status="PASSED">
         <system-out><![CDATA[2021-08-05 11:48:18 - [TEST_CASE][PASSED] - Test Cases/1 Transferencia de Turnos en la actual: Test Cases/1 Transferencia de Turnos en la actual

2021-08-05 11:48:21 - [TEST_STEP][PASSED] - callTestCase(findTestCase("Inicio Sesion sin variables"), [:], STOP_ON_FAILURE): Call Test Case 'Test Cases/Inicio Sesion sin variables' successfully

2021-08-05 11:48:21 - [TEST_CASE][PASSED] - Test Cases/Inicio Sesion sin variables: Test Cases/Inicio Sesion sin variables

2021-08-05 11:48:23 - [TEST_STEP][PASSED] - openBrowser("http://Localhost:8810"): Browser is opened with url: 'http://Localhost:8810'

2021-08-05 11:48:23 - [MESSAGE][INFO] - Starting 'Chrome' driver

2021-08-05 11:48:24 - [MESSAGE][INFO] - Action delay is set to 0 milliseconds

2021-08-05 11:48:37 - [MESSAGE][PASSED] - Browser is opened with url: 'http://Localhost:8810'

2021-08-05 11:48:37 - [TEST_STEP][PASSED] - maximizeWindow(): Current window maximized

2021-08-05 11:48:38 - [MESSAGE][PASSED] - Current window maximized

2021-08-05 11:48:38 - [TEST_STEP][PASSED] - setText(findTestObject("0Inicio Sesion/input__Usuario"), "ciel"): Text 'ciel' is set on object 'Object Repository/0Inicio Sesion/input__Usuario'

2021-08-05 11:48:40 - [MESSAGE][PASSED] - Text 'ciel' is set on object 'Object Repository/0Inicio Sesion/input__Usuario'

2021-08-05 11:48:40 - [TEST_STEP][PASSED] - setText(findTestObject("0Inicio Sesion/input__Clave"), "digiturno"): Text 'digiturno' is set on object 'Object Repository/0Inicio Sesion/input__Clave'

2021-08-05 11:48:41 - [MESSAGE][PASSED] - Text 'digiturno' is set on object 'Object Repository/0Inicio Sesion/input__Clave'

2021-08-05 11:48:41 - [TEST_STEP][PASSED] - click(findTestObject("0Inicio Sesion/btn_IniciarSesion")): Object: 'Object Repository/0Inicio Sesion/btn_IniciarSesion' is clicked on

2021-08-05 11:48:42 - [MESSAGE][PASSED] - Object: 'Object Repository/0Inicio Sesion/btn_IniciarSesion' is clicked on

2021-08-05 11:48:42 - [TEST_STEP][PASSED] - delay(3): Delayed 3 second(s)

2021-08-05 11:48:45 - [MESSAGE][PASSED] - Delayed 3 second(s)

2021-08-05 11:48:45 - [MESSAGE][PASSED] - Call Test Case 'Test Cases/Inicio Sesion sin variables' successfully

2021-08-05 11:48:45 - [TEST_STEP][PASSED] - click(findTestObject("1Inicio/img_Configuracion")): Object: 'Object Repository/1Inicio/img_Configuracion' is clicked on

2021-08-05 11:48:47 - [MESSAGE][PASSED] - Object: 'Object Repository/1Inicio/img_Configuracion' is clicked on

2021-08-05 11:48:47 - [TEST_STEP][PASSED] - delay(3): Delayed 3 second(s)

2021-08-05 11:48:50 - [MESSAGE][PASSED] - Delayed 3 second(s)

2021-08-05 11:48:50 - [TEST_STEP][PASSED] - click(findTestObject("Configuracion/1Principal/img_Distribucion Geografica")): Object: 'Object Repository/Configuracion/1Principal/img_Distribucion Geografica' is clicked on

2021-08-05 11:48:52 - [MESSAGE][PASSED] - Object: 'Object Repository/Configuracion/1Principal/img_Distribucion Geografica' is clicked on

2021-08-05 11:48:52 - [TEST_STEP][PASSED] - delay(3): Delayed 3 second(s)

2021-08-05 11:48:55 - [MESSAGE][PASSED] - Delayed 3 second(s)

2021-08-05 11:48:55 - [TEST_STEP][PASSED] - click(findTestObject("Configuracion/Distribucion Geografica/1Principal/img_Grupos")): Object: 'Object Repository/Configuracion/Distribucion Geografica/1Principal/img_Grupos' is clicked on

2021-08-05 11:48:57 - [MESSAGE][PASSED] - Object: 'Object Repository/Configuracion/Distribucion Geografica/1Principal/img_Grupos' is clicked on

2021-08-05 11:48:57 - [TEST_STEP][PASSED] - delay(3): Delayed 3 second(s)

2021-08-05 11:49:00 - [MESSAGE][PASSED] - Delayed 3 second(s)

2021-08-05 11:49:00 - [TEST_STEP][PASSED] - click(findTestObject("Configuracion/Distribucion Geografica/Grupos/0Oficinas Emergente/a_Seleccionar")): Object: 'Object Repository/Configuracion/Distribucion Geografica/Grupos/0Oficinas Emergente/a_Seleccionar' is clicked on

2021-08-05 11:49:01 - [MESSAGE][PASSED] - Object: 'Object Repository/Configuracion/Distribucion Geografica/Grupos/0Oficinas Emergente/a_Seleccionar' is clicked on

2021-08-05 11:49:01 - [TEST_STEP][PASSED] - delay(3): Delayed 3 second(s)

2021-08-05 11:49:04 - [MESSAGE][PASSED] - Delayed 3 second(s)

2021-08-05 11:49:04 - [TEST_STEP][PASSED] - click(findTestObject("Configuracion/Distribucion Geografica/Grupos/Lista de Grupos/0General/a_Seleccionar")): Object: 'Object Repository/Configuracion/Distribucion Geografica/Grupos/Lista de Grupos/0General/a_Seleccionar' is clicked on

2021-08-05 11:49:05 - [MESSAGE][PASSED] - Object: 'Object Repository/Configuracion/Distribucion Geografica/Grupos/Lista de Grupos/0General/a_Seleccionar' is clicked on

2021-08-05 11:49:05 - [TEST_STEP][PASSED] - scrollToPosition(0, 300): Browser is scrolled to position x = 0, y = 300

2021-08-05 11:49:05 - [MESSAGE][PASSED] - Browser is scrolled to position x = 0, y = 300

2021-08-05 11:49:05 - [TEST_STEP][PASSED] - delay(3): Delayed 3 second(s)

2021-08-05 11:49:08 - [MESSAGE][PASSED] - Delayed 3 second(s)

2021-08-05 11:49:08 - [TEST_STEP][PASSED] - selectOptionByLabel(findTestObject("Configuracion/Distribucion Geografica/Grupos/Edicion/select_TransferenciaTurnosEnLaActual"), "Sala", false): All options with label 'Sala' are selected in object 'Object Repository/Configuracion/Distribucion Geografica/Grupos/Edicion/select_TransferenciaTurnosEnLaActual' 

2021-08-05 11:49:09 - [MESSAGE][PASSED] - All options with label 'Sala' are selected in object 'Object Repository/Configuracion/Distribucion Geografica/Grupos/Edicion/select_TransferenciaTurnosEnLaActual' 

2021-08-05 11:49:09 - [TEST_STEP][PASSED] - delay(3): Delayed 3 second(s)

2021-08-05 11:49:12 - [MESSAGE][PASSED] - Delayed 3 second(s)

2021-08-05 11:49:12 - [TEST_STEP][PASSED] - takeFullPageScreenshot(): Taking screenshot successfully

2021-08-05 11:49:14 - [MESSAGE][INFO] - 0 hidden object(s)

2021-08-05 11:49:15 - [MESSAGE][PASSED] - Taking screenshot successfully
[[ATTACHMENT|E:\\CIEL INGENIERIA\\KATALON\\Validaciones\\Reports\\20210805_114801\\1 Transferencia de turnos en la actual\\20210805_114801\\1628182152903.png]]

2021-08-05 11:49:15 - [TEST_STEP][PASSED] - delay(3): Delayed 3 second(s)

2021-08-05 11:49:18 - [MESSAGE][PASSED] - Delayed 3 second(s)

2021-08-05 11:49:18 - [TEST_STEP][PASSED] - click(findTestObject("Configuracion/Distribucion Geografica/Grupos/Botones/img_Actualizar")): Object: 'Object Repository/Configuracion/Distribucion Geografica/Grupos/Botones/img_Actualizar' is clicked on

2021-08-05 11:49:19 - [MESSAGE][PASSED] - Object: 'Object Repository/Configuracion/Distribucion Geografica/Grupos/Botones/img_Actualizar' is clicked on

2021-08-05 11:49:19 - [TEST_STEP][PASSED] - delay(3): Delayed 3 second(s)

2021-08-05 11:49:22 - [MESSAGE][PASSED] - Delayed 3 second(s)

2021-08-05 11:49:22 - [TEST_STEP][PASSED] - click(findTestObject("1Inicio/a_Inicio")): Object: 'Object Repository/1Inicio/a_Inicio' is clicked on

2021-08-05 11:49:24 - [MESSAGE][PASSED] - Object: 'Object Repository/1Inicio/a_Inicio' is clicked on

2021-08-05 11:49:24 - [TEST_STEP][PASSED] - delay(3): Delayed 3 second(s)

2021-08-05 11:49:27 - [MESSAGE][PASSED] - Delayed 3 second(s)

2021-08-05 11:49:27 - [TEST_STEP][PASSED] - click(findTestObject("1Inicio/img_Operacion")): Object: 'Object Repository/1Inicio/img_Operacion' is clicked on

2021-08-05 11:49:28 - [MESSAGE][PASSED] - Object: 'Object Repository/1Inicio/img_Operacion' is clicked on

2021-08-05 11:49:28 - [TEST_STEP][PASSED] - delay(3): Delayed 3 second(s)

2021-08-05 11:49:31 - [MESSAGE][PASSED] - Delayed 3 second(s)

2021-08-05 11:49:31 - [TEST_STEP][PASSED] - click(findTestObject("2 Operacion/Elementos Del Sistema")): Object: 'Object Repository/2 Operacion/Elementos Del Sistema' is clicked on

2021-08-05 11:49:33 - [MESSAGE][PASSED] - Object: 'Object Repository/2 Operacion/Elementos Del Sistema' is clicked on

2021-08-05 11:49:33 - [TEST_STEP][PASSED] - delay(3): Delayed 3 second(s)

2021-08-05 11:49:36 - [MESSAGE][PASSED] - Delayed 3 second(s)

2021-08-05 11:49:36 - [TEST_STEP][PASSED] - click(findTestObject("2 Operacion/Elementos del Sistema/img_Terminales")): Object: 'Object Repository/2 Operacion/Elementos del Sistema/img_Terminales' is clicked on

2021-08-05 11:49:38 - [MESSAGE][PASSED] - Object: 'Object Repository/2 Operacion/Elementos del Sistema/img_Terminales' is clicked on

2021-08-05 11:49:38 - [TEST_STEP][PASSED] - delay(3): Delayed 3 second(s)

2021-08-05 11:49:41 - [MESSAGE][PASSED] - Delayed 3 second(s)

2021-08-05 11:49:41 - [TEST_STEP][PASSED] - click(findTestObject("2 Operacion/Elementos del Sistema/Terminales/00Oficinas/a_Bogota - CIEL")): Object: 'Object Repository/2 Operacion/Elementos del Sistema/Terminales/00Oficinas/a_Bogota - CIEL' is clicked on

2021-08-05 11:49:42 - [MESSAGE][PASSED] - Object: 'Object Repository/2 Operacion/Elementos del Sistema/Terminales/00Oficinas/a_Bogota - CIEL' is clicked on

2021-08-05 11:49:42 - [TEST_STEP][PASSED] - delay(3): Delayed 3 second(s)

2021-08-05 11:49:45 - [MESSAGE][PASSED] - Delayed 3 second(s)

2021-08-05 11:49:45 - [TEST_STEP][PASSED] - click(findTestObject("2 Operacion/Elementos del Sistema/Terminales/1Terminales menos WorkFlow/a_Terminal Informacion A01")): Object: 'Object Repository/2 Operacion/Elementos del Sistema/Terminales/1Terminales menos WorkFlow/a_Terminal Informacion A01' is clicked on

2021-08-05 11:49:46 - [MESSAGE][PASSED] - Object: 'Object Repository/2 Operacion/Elementos del Sistema/Terminales/1Terminales menos WorkFlow/a_Terminal Informacion A01' is clicked on

2021-08-05 11:49:46 - [TEST_STEP][PASSED] - delay(3): Delayed 3 second(s)

2021-08-05 11:49:49 - [MESSAGE][PASSED] - Delayed 3 second(s)

2021-08-05 11:49:49 - [TEST_STEP][PASSED] - click(findTestObject("2 Operacion/Elementos del Sistema/Terminales/Terminal/Funciones Basicas/img_Llamar")): Object: 'Object Repository/2 Operacion/Elementos del Sistema/Terminales/Terminal/Funciones Basicas/img_Llamar' is clicked on

2021-08-05 11:49:52 - [MESSAGE][PASSED] - Object: 'Object Repository/2 Operacion/Elementos del Sistema/Terminales/Terminal/Funciones Basicas/img_Llamar' is clicked on

2021-08-05 11:49:52 - [TEST_STEP][PASSED] - delay(3): Delayed 3 second(s)

2021-08-05 11:49:55 - [MESSAGE][PASSED] - Delayed 3 second(s)

2021-08-05 11:49:55 - [TEST_STEP][PASSED] - click(findTestObject("2 Operacion/Elementos del Sistema/Terminales/Terminal/Funciones Basicas/img_Ocupado")): Object: 'Object Repository/2 Operacion/Elementos del Sistema/Terminales/Terminal/Funciones Basicas/img_Ocupado' is clicked on

2021-08-05 11:49:56 - [MESSAGE][PASSED] - Object: 'Object Repository/2 Operacion/Elementos del Sistema/Terminales/Terminal/Funciones Basicas/img_Ocupado' is clicked on

2021-08-05 11:49:56 - [TEST_STEP][PASSED] - delay(3): Delayed 3 second(s)

2021-08-05 11:49:59 - [MESSAGE][PASSED] - Delayed 3 second(s)

2021-08-05 11:49:59 - [TEST_STEP][PASSED] - click(findTestObject("2 Operacion/Elementos del Sistema/Terminales/Terminal/Funciones Basicas/imgOcupado/a_Actualizacion de Datos")): Object: 'Object Repository/2 Operacion/Elementos del Sistema/Terminales/Terminal/Funciones Basicas/imgOcupado/a_Actualizacion de Datos' is clicked on

2021-08-05 11:50:01 - [MESSAGE][PASSED] - Object: 'Object Repository/2 Operacion/Elementos del Sistema/Terminales/Terminal/Funciones Basicas/imgOcupado/a_Actualizacion de Datos' is clicked on

2021-08-05 11:50:01 - [TEST_STEP][PASSED] - delay(3): Delayed 3 second(s)

2021-08-05 11:50:04 - [MESSAGE][PASSED] - Delayed 3 second(s)

2021-08-05 11:50:04 - [TEST_STEP][PASSED] - click(findTestObject("2 Operacion/Elementos del Sistema/Terminales/Terminal/Funciones Adicionales/img_Transferir")): Object: 'Object Repository/2 Operacion/Elementos del Sistema/Terminales/Terminal/Funciones Adicionales/img_Transferir' is clicked on

2021-08-05 11:50:05 - [MESSAGE][PASSED] - Object: 'Object Repository/2 Operacion/Elementos del Sistema/Terminales/Terminal/Funciones Adicionales/img_Transferir' is clicked on

2021-08-05 11:50:05 - [TEST_STEP][PASSED] - delay(3): Delayed 3 second(s)

2021-08-05 11:50:08 - [MESSAGE][PASSED] - Delayed 3 second(s)

2021-08-05 11:50:08 - [TEST_STEP][PASSED] - takeFullPageScreenshot(): Taking screenshot successfully

2021-08-05 11:50:09 - [MESSAGE][INFO] - 0 hidden object(s)

2021-08-05 11:50:09 - [MESSAGE][PASSED] - Taking screenshot successfully
[[ATTACHMENT|E:\\CIEL INGENIERIA\\KATALON\\Validaciones\\Reports\\20210805_114801\\1 Transferencia de turnos en la actual\\20210805_114801\\1628182208435.png]]

2021-08-05 11:50:09 - [TEST_STEP][PASSED] - delay(3): Delayed 3 second(s)

2021-08-05 11:50:12 - [MESSAGE][PASSED] - Delayed 3 second(s)

2021-08-05 11:50:12 - [TEST_STEP][PASSED] - sendKeys(findTestObject(null), Keys.chord(ESCAPE)): Keys 'ESCAPE + ' sent to object: 'tempBody'

2021-08-05 11:50:12 - [MESSAGE][WARNING] - Test object id is null

2021-08-05 11:50:13 - [MESSAGE][WARNING] - Test object with id 'Object Repository/' does not exist

2021-08-05 11:50:14 - [MESSAGE][PASSED] - Keys 'ESCAPE + ' sent to object: 'tempBody'

2021-08-05 11:50:14 - [TEST_STEP][PASSED] - delay(3): Delayed 3 second(s)

2021-08-05 11:50:17 - [MESSAGE][PASSED] - Delayed 3 second(s)

2021-08-05 11:50:17 - [TEST_STEP][PASSED] - click(findTestObject("2 Operacion/Elementos del Sistema/Terminales/Terminal/Funciones Basicas/img_Cerrar")): Object: 'Object Repository/2 Operacion/Elementos del Sistema/Terminales/Terminal/Funciones Basicas/img_Cerrar' is clicked on

2021-08-05 11:50:18 - [MESSAGE][PASSED] - Object: 'Object Repository/2 Operacion/Elementos del Sistema/Terminales/Terminal/Funciones Basicas/img_Cerrar' is clicked on

2021-08-05 11:50:18 - [TEST_STEP][PASSED] - delay(3): Delayed 3 second(s)

2021-08-05 11:50:21 - [MESSAGE][PASSED] - Delayed 3 second(s)

2021-08-05 11:50:21 - [TEST_STEP][PASSED] - click(findTestObject("2 Operacion/Elementos del Sistema/Terminales/Terminal/Funciones Basicas/imgCerrar/btn_FindeJornada")): Object: 'Object Repository/2 Operacion/Elementos del Sistema/Terminales/Terminal/Funciones Basicas/imgCerrar/btn_FindeJornada' is clicked on

2021-08-05 11:50:23 - [MESSAGE][PASSED] - Object: 'Object Repository/2 Operacion/Elementos del Sistema/Terminales/Terminal/Funciones Basicas/imgCerrar/btn_FindeJornada' is clicked on

2021-08-05 11:50:23 - [TEST_STEP][PASSED] - navigateToUrl("http://localhost:8810/Paginas/Configuracion/DistribucionGeografica/Grupos.aspx"): Navigate to 'http://localhost:8810/Paginas/Configuracion/DistribucionGeografica/Grupos.aspx' successfully

2021-08-05 11:50:23 - [MESSAGE][PASSED] - Navigate to 'http://localhost:8810/Paginas/Configuracion/DistribucionGeografica/Grupos.aspx' successfully

2021-08-05 11:50:23 - [TEST_STEP][PASSED] - acceptAlert(): Alert accepted

2021-08-05 11:50:24 - [MESSAGE][PASSED] - Alert accepted

2021-08-05 11:50:24 - [TEST_STEP][PASSED] - click(findTestObject("Configuracion/Distribucion Geografica/Grupos/0Oficinas Emergente/a_Seleccionar")): Object: 'Object Repository/Configuracion/Distribucion Geografica/Grupos/0Oficinas Emergente/a_Seleccionar' is clicked on

2021-08-05 11:50:32 - [MESSAGE][PASSED] - Object: 'Object Repository/Configuracion/Distribucion Geografica/Grupos/0Oficinas Emergente/a_Seleccionar' is clicked on

2021-08-05 11:50:32 - [TEST_STEP][PASSED] - delay(3): Delayed 3 second(s)

2021-08-05 11:50:35 - [MESSAGE][PASSED] - Delayed 3 second(s)

2021-08-05 11:50:35 - [TEST_STEP][PASSED] - click(findTestObject("Configuracion/Distribucion Geografica/Grupos/Lista de Grupos/0General/a_Seleccionar")): Object: 'Object Repository/Configuracion/Distribucion Geografica/Grupos/Lista de Grupos/0General/a_Seleccionar' is clicked on

2021-08-05 11:50:36 - [MESSAGE][PASSED] - Object: 'Object Repository/Configuracion/Distribucion Geografica/Grupos/Lista de Grupos/0General/a_Seleccionar' is clicked on

2021-08-05 11:50:36 - [TEST_STEP][PASSED] - scrollToPosition(0, 300): Browser is scrolled to position x = 0, y = 300

2021-08-05 11:50:36 - [MESSAGE][PASSED] - Browser is scrolled to position x = 0, y = 300

2021-08-05 11:50:36 - [TEST_STEP][PASSED] - delay(3): Delayed 3 second(s)

2021-08-05 11:50:39 - [MESSAGE][PASSED] - Delayed 3 second(s)

2021-08-05 11:50:39 - [TEST_STEP][PASSED] - selectOptionByLabel(findTestObject("Configuracion/Distribucion Geografica/Grupos/Edicion/select_TransferenciaTurnosEnLaActual"), "Grupo", false): All options with label 'Grupo' are selected in object 'Object Repository/Configuracion/Distribucion Geografica/Grupos/Edicion/select_TransferenciaTurnosEnLaActual' 

2021-08-05 11:50:41 - [MESSAGE][PASSED] - All options with label 'Grupo' are selected in object 'Object Repository/Configuracion/Distribucion Geografica/Grupos/Edicion/select_TransferenciaTurnosEnLaActual' 

2021-08-05 11:50:41 - [TEST_STEP][PASSED] - delay(3): Delayed 3 second(s)

2021-08-05 11:50:44 - [MESSAGE][PASSED] - Delayed 3 second(s)

2021-08-05 11:50:44 - [TEST_STEP][PASSED] - takeFullPageScreenshot(): Taking screenshot successfully

2021-08-05 11:50:45 - [MESSAGE][INFO] - 0 hidden object(s)

2021-08-05 11:50:46 - [MESSAGE][PASSED] - Taking screenshot successfully
[[ATTACHMENT|E:\\CIEL INGENIERIA\\KATALON\\Validaciones\\Reports\\20210805_114801\\1 Transferencia de turnos en la actual\\20210805_114801\\1628182244169.png]]

2021-08-05 11:50:46 - [TEST_STEP][PASSED] - delay(3): Delayed 3 second(s)

2021-08-05 11:50:49 - [MESSAGE][PASSED] - Delayed 3 second(s)

2021-08-05 11:50:49 - [TEST_STEP][PASSED] - click(findTestObject("Configuracion/Distribucion Geografica/Grupos/Botones/img_Actualizar")): Object: 'Object Repository/Configuracion/Distribucion Geografica/Grupos/Botones/img_Actualizar' is clicked on

2021-08-05 11:50:50 - [MESSAGE][PASSED] - Object: 'Object Repository/Configuracion/Distribucion Geografica/Grupos/Botones/img_Actualizar' is clicked on

2021-08-05 11:50:50 - [TEST_STEP][PASSED] - delay(3): Delayed 3 second(s)

2021-08-05 11:50:53 - [MESSAGE][PASSED] - Delayed 3 second(s)

2021-08-05 11:50:53 - [TEST_STEP][PASSED] - click(findTestObject("1Inicio/a_Inicio")): Object: 'Object Repository/1Inicio/a_Inicio' is clicked on

2021-08-05 11:50:54 - [MESSAGE][PASSED] - Object: 'Object Repository/1Inicio/a_Inicio' is clicked on

2021-08-05 11:50:54 - [TEST_STEP][PASSED] - delay(3): Delayed 3 second(s)

2021-08-05 11:50:57 - [MESSAGE][PASSED] - Delayed 3 second(s)

2021-08-05 11:50:57 - [TEST_STEP][PASSED] - click(findTestObject("1Inicio/img_Operacion")): Object: 'Object Repository/1Inicio/img_Operacion' is clicked on

2021-08-05 11:50:59 - [MESSAGE][PASSED] - Object: 'Object Repository/1Inicio/img_Operacion' is clicked on

2021-08-05 11:50:59 - [TEST_STEP][PASSED] - delay(3): Delayed 3 second(s)

2021-08-05 11:51:02 - [MESSAGE][PASSED] - Delayed 3 second(s)

2021-08-05 11:51:02 - [TEST_STEP][PASSED] - click(findTestObject("2 Operacion/Elementos Del Sistema")): Object: 'Object Repository/2 Operacion/Elementos Del Sistema' is clicked on

2021-08-05 11:51:03 - [MESSAGE][PASSED] - Object: 'Object Repository/2 Operacion/Elementos Del Sistema' is clicked on

2021-08-05 11:51:03 - [TEST_STEP][PASSED] - delay(3): Delayed 3 second(s)

2021-08-05 11:51:06 - [MESSAGE][PASSED] - Delayed 3 second(s)

2021-08-05 11:51:06 - [TEST_STEP][PASSED] - click(findTestObject("2 Operacion/Elementos del Sistema/img_Terminales")): Object: 'Object Repository/2 Operacion/Elementos del Sistema/img_Terminales' is clicked on

2021-08-05 11:51:08 - [MESSAGE][PASSED] - Object: 'Object Repository/2 Operacion/Elementos del Sistema/img_Terminales' is clicked on

2021-08-05 11:51:08 - [TEST_STEP][PASSED] - delay(3): Delayed 3 second(s)

2021-08-05 11:51:11 - [MESSAGE][PASSED] - Delayed 3 second(s)

2021-08-05 11:51:11 - [TEST_STEP][PASSED] - click(findTestObject("2 Operacion/Elementos del Sistema/Terminales/00Oficinas/a_Bogota - CIEL")): Object: 'Object Repository/2 Operacion/Elementos del Sistema/Terminales/00Oficinas/a_Bogota - CIEL' is clicked on

2021-08-05 11:51:12 - [MESSAGE][PASSED] - Object: 'Object Repository/2 Operacion/Elementos del Sistema/Terminales/00Oficinas/a_Bogota - CIEL' is clicked on

2021-08-05 11:51:12 - [TEST_STEP][PASSED] - delay(3): Delayed 3 second(s)

2021-08-05 11:51:15 - [MESSAGE][PASSED] - Delayed 3 second(s)

2021-08-05 11:51:15 - [TEST_STEP][PASSED] - click(findTestObject("2 Operacion/Elementos del Sistema/Terminales/1Terminales menos WorkFlow/a_Terminal Informacion A01")): Object: 'Object Repository/2 Operacion/Elementos del Sistema/Terminales/1Terminales menos WorkFlow/a_Terminal Informacion A01' is clicked on

2021-08-05 11:51:16 - [MESSAGE][PASSED] - Object: 'Object Repository/2 Operacion/Elementos del Sistema/Terminales/1Terminales menos WorkFlow/a_Terminal Informacion A01' is clicked on

2021-08-05 11:51:16 - [TEST_STEP][PASSED] - delay(3): Delayed 3 second(s)

2021-08-05 11:51:19 - [MESSAGE][PASSED] - Delayed 3 second(s)

2021-08-05 11:51:19 - [TEST_STEP][PASSED] - click(findTestObject("2 Operacion/Elementos del Sistema/Terminales/Terminal/Funciones Basicas/img_Llamar")): Object: 'Object Repository/2 Operacion/Elementos del Sistema/Terminales/Terminal/Funciones Basicas/img_Llamar' is clicked on

2021-08-05 11:51:20 - [MESSAGE][PASSED] - Object: 'Object Repository/2 Operacion/Elementos del Sistema/Terminales/Terminal/Funciones Basicas/img_Llamar' is clicked on

2021-08-05 11:51:20 - [TEST_STEP][PASSED] - click(findTestObject("2 Operacion/Elementos del Sistema/Terminales/Terminal/Funciones Basicas/img_Ocupado")): Object: 'Object Repository/2 Operacion/Elementos del Sistema/Terminales/Terminal/Funciones Basicas/img_Ocupado' is clicked on

2021-08-05 11:51:25 - [MESSAGE][PASSED] - Object: 'Object Repository/2 Operacion/Elementos del Sistema/Terminales/Terminal/Funciones Basicas/img_Ocupado' is clicked on

2021-08-05 11:51:25 - [TEST_STEP][PASSED] - delay(3): Delayed 3 second(s)

2021-08-05 11:51:28 - [MESSAGE][PASSED] - Delayed 3 second(s)

2021-08-05 11:51:28 - [TEST_STEP][PASSED] - delay(3): Delayed 3 second(s)

2021-08-05 11:51:31 - [MESSAGE][PASSED] - Delayed 3 second(s)

2021-08-05 11:51:31 - [TEST_STEP][PASSED] - click(findTestObject("2 Operacion/Elementos del Sistema/Terminales/Terminal/Funciones Basicas/imgOcupado/a_Actualizacion de Datos")): Object: 'Object Repository/2 Operacion/Elementos del Sistema/Terminales/Terminal/Funciones Basicas/imgOcupado/a_Actualizacion de Datos' is clicked on

2021-08-05 11:51:32 - [MESSAGE][PASSED] - Object: 'Object Repository/2 Operacion/Elementos del Sistema/Terminales/Terminal/Funciones Basicas/imgOcupado/a_Actualizacion de Datos' is clicked on

2021-08-05 11:51:32 - [TEST_STEP][PASSED] - delay(3): Delayed 3 second(s)

2021-08-05 11:51:35 - [MESSAGE][PASSED] - Delayed 3 second(s)

2021-08-05 11:51:35 - [TEST_STEP][PASSED] - click(findTestObject("2 Operacion/Elementos del Sistema/Terminales/Terminal/Funciones Adicionales/img_Transferir")): Object: 'Object Repository/2 Operacion/Elementos del Sistema/Terminales/Terminal/Funciones Adicionales/img_Transferir' is clicked on

2021-08-05 11:51:36 - [MESSAGE][PASSED] - Object: 'Object Repository/2 Operacion/Elementos del Sistema/Terminales/Terminal/Funciones Adicionales/img_Transferir' is clicked on

2021-08-05 11:51:36 - [TEST_STEP][PASSED] - delay(3): Delayed 3 second(s)

2021-08-05 11:51:39 - [MESSAGE][PASSED] - Delayed 3 second(s)

2021-08-05 11:51:39 - [TEST_STEP][PASSED] - takeFullPageScreenshot(): Taking screenshot successfully

2021-08-05 11:51:40 - [MESSAGE][INFO] - 0 hidden object(s)

2021-08-05 11:51:41 - [MESSAGE][PASSED] - Taking screenshot successfully
[[ATTACHMENT|E:\\CIEL INGENIERIA\\KATALON\\Validaciones\\Reports\\20210805_114801\\1 Transferencia de turnos en la actual\\20210805_114801\\1628182299592.png]]

2021-08-05 11:51:41 - [TEST_STEP][PASSED] - delay(3): Delayed 3 second(s)

2021-08-05 11:51:44 - [MESSAGE][PASSED] - Delayed 3 second(s)

2021-08-05 11:51:44 - [TEST_STEP][PASSED] - sendKeys(findTestObject(null), Keys.chord(ESCAPE)): Keys 'ESCAPE + ' sent to object: 'tempBody'

2021-08-05 11:51:44 - [MESSAGE][WARNING] - Test object id is null

2021-08-05 11:51:44 - [MESSAGE][WARNING] - Test object with id 'Object Repository/' does not exist

2021-08-05 11:51:45 - [MESSAGE][PASSED] - Keys 'ESCAPE + ' sent to object: 'tempBody'

2021-08-05 11:51:45 - [TEST_STEP][PASSED] - delay(3): Delayed 3 second(s)

2021-08-05 11:51:48 - [MESSAGE][PASSED] - Delayed 3 second(s)

2021-08-05 11:51:48 - [TEST_STEP][PASSED] - click(findTestObject("2 Operacion/Elementos del Sistema/Terminales/Terminal/Funciones Basicas/img_Cerrar")): Object: 'Object Repository/2 Operacion/Elementos del Sistema/Terminales/Terminal/Funciones Basicas/img_Cerrar' is clicked on

2021-08-05 11:51:49 - [MESSAGE][PASSED] - Object: 'Object Repository/2 Operacion/Elementos del Sistema/Terminales/Terminal/Funciones Basicas/img_Cerrar' is clicked on

2021-08-05 11:51:49 - [TEST_STEP][PASSED] - delay(3): Delayed 3 second(s)

2021-08-05 11:51:52 - [MESSAGE][PASSED] - Delayed 3 second(s)

2021-08-05 11:51:52 - [TEST_STEP][PASSED] - click(findTestObject("2 Operacion/Elementos del Sistema/Terminales/Terminal/Funciones Basicas/imgCerrar/btn_FindeJornada")): Object: 'Object Repository/2 Operacion/Elementos del Sistema/Terminales/Terminal/Funciones Basicas/imgCerrar/btn_FindeJornada' is clicked on

2021-08-05 11:51:53 - [MESSAGE][PASSED] - Object: 'Object Repository/2 Operacion/Elementos del Sistema/Terminales/Terminal/Funciones Basicas/imgCerrar/btn_FindeJornada' is clicked on

2021-08-05 11:51:53 - [TEST_STEP][PASSED] - delay(3): Delayed 3 second(s)

2021-08-05 11:51:56 - [MESSAGE][PASSED] - Delayed 3 second(s)]]></system-out>
         <system-err><![CDATA[]]></system-err>
      </testcase>
      <system-out><![CDATA[2021-08-05 11:48:17 - [TEST_SUITE][PASSED] - 1 Transferencia de turnos en la actual: Test Cases/1 Transferencia de Turnos en la actual]]></system-out>
      <system-err><![CDATA[]]></system-err>
   </testsuite>
</testsuites>
