<?xml version="1.0" encoding="UTF-8"?>
<testsuites name="Cierre - Sin" time="158.939" tests="1" failures="0" errors="0">
   <testsuite name="Cierre - Sin" tests="1" failures="0" errors="0" time="158.939" skipped="0" timestamp="2021-07-27 10:22:30" hostname="BILIKI - DESKTOP-HH1RJM2" id="Test Suites/0 Motivos/Cierre - Sin">
      <properties>
         <property name="deviceName" value=""/>
         <property name="devicePlatform" value=""/>
         <property name="logFolder" value="E:\\CIEL INGENIERIA\\KATALON\\Validaciones\\Reports\\20210727_102207\\0 Motivos\\Cierre - Sin\\20210727_102207"/>
         <property name="logFiles" value="E:\\CIEL INGENIERIA\\KATALON\\Validaciones\\Reports\\20210727_102207\\0 Motivos\\Cierre - Sin\\20210727_102207\\execution0.log"/>
         <property name="attachments" value="E:\\CIEL INGENIERIA\\KATALON\\Validaciones\\Reports\\20210727_102207\\0 Motivos\\Cierre - Sin\\20210727_102207\\1627399401790.png, E:\\CIEL INGENIERIA\\KATALON\\Validaciones\\Reports\\20210727_102207\\0 Motivos\\Cierre - Sin\\20210727_102207\\1627399444629.png, E:\\CIEL INGENIERIA\\KATALON\\Validaciones\\Reports\\20210727_102207\\0 Motivos\\Cierre - Sin\\20210727_102207\\1627399483326.png"/>
         <property name="hostName" value="BILIKI - DESKTOP-HH1RJM2"/>
         <property name="os" value="Windows 10 64bit"/>
         <property name="katalonVersion" value="8.0.5.208"/>
         <property name="browser" value="Chrome 92.0.4515.107"/>
         <property name="hostAddress" value="169.254.142.112"/>
         <property name="sessionId" value="5e3247f0d48250f93c917f1d002b17d0"/>
         <property name="seleniumVersion" value="3.141.59"/>
         <property name="proxyInformation" value="ProxyInformation { proxyOption=NO_PROXY, proxyServerType=HTTP, username=, password=********, proxyServerAddress=, proxyServerPort=0, executionList=&quot;&quot;, isApplyToDesiredCapabilities=true }"/>
         <property name="platform" value="Windows 10"/>
      </properties>
      <testcase name="Test Cases/0 Motivos/Cierre - Sin" time="136.028" classname="Test Cases/0 Motivos/Cierre - Sin" status="PASSED">
         <system-out><![CDATA[2021-07-27 10:22:32 - [TEST_CASE][PASSED] - Test Cases/0 Motivos/Cierre - Sin: Test Cases/0 Motivos/Cierre - Sin

2021-07-27 10:22:34 - [TEST_STEP][PASSED] - callTestCase(findTestCase("Inicio Sesion sin variables"), [:], STOP_ON_FAILURE): Call Test Case 'Test Cases/Inicio Sesion sin variables' successfully

2021-07-27 10:22:34 - [TEST_CASE][PASSED] - Test Cases/Inicio Sesion sin variables: Test Cases/Inicio Sesion sin variables

2021-07-27 10:22:36 - [TEST_STEP][PASSED] - openBrowser("http://Localhost:8810"): Browser is opened with url: 'http://Localhost:8810'

2021-07-27 10:22:37 - [MESSAGE][INFO] - Starting 'Chrome' driver

2021-07-27 10:22:37 - [MESSAGE][INFO] - Action delay is set to 0 milliseconds

2021-07-27 10:22:54 - [MESSAGE][PASSED] - Browser is opened with url: 'http://Localhost:8810'

2021-07-27 10:22:54 - [TEST_STEP][PASSED] - maximizeWindow(): Current window maximized

2021-07-27 10:22:55 - [MESSAGE][PASSED] - Current window maximized

2021-07-27 10:22:55 - [TEST_STEP][PASSED] - setText(findTestObject("0Inicio Sesion/input__Usuario"), "ciel"): Text 'ciel' is set on object 'Object Repository/0Inicio Sesion/input__Usuario'

2021-07-27 10:22:56 - [MESSAGE][PASSED] - Text 'ciel' is set on object 'Object Repository/0Inicio Sesion/input__Usuario'

2021-07-27 10:22:56 - [TEST_STEP][PASSED] - setText(findTestObject("0Inicio Sesion/input__Clave"), "digiturno"): Text 'digiturno' is set on object 'Object Repository/0Inicio Sesion/input__Clave'

2021-07-27 10:22:58 - [MESSAGE][PASSED] - Text 'digiturno' is set on object 'Object Repository/0Inicio Sesion/input__Clave'

2021-07-27 10:22:58 - [TEST_STEP][PASSED] - click(findTestObject("0Inicio Sesion/btn_IniciarSesion")): Object: 'Object Repository/0Inicio Sesion/btn_IniciarSesion' is clicked on

2021-07-27 10:22:59 - [MESSAGE][PASSED] - Object: 'Object Repository/0Inicio Sesion/btn_IniciarSesion' is clicked on

2021-07-27 10:22:59 - [TEST_STEP][PASSED] - delay(3): Delayed 3 second(s)

2021-07-27 10:23:02 - [MESSAGE][PASSED] - Delayed 3 second(s)

2021-07-27 10:23:02 - [MESSAGE][PASSED] - Call Test Case 'Test Cases/Inicio Sesion sin variables' successfully

2021-07-27 10:23:02 - [TEST_STEP][PASSED] - click(findTestObject("1Inicio/img_Configuracion")): Object: 'Object Repository/1Inicio/img_Configuracion' is clicked on

2021-07-27 10:23:05 - [MESSAGE][PASSED] - Object: 'Object Repository/1Inicio/img_Configuracion' is clicked on

2021-07-27 10:23:05 - [TEST_STEP][PASSED] - delay(3): Delayed 3 second(s)

2021-07-27 10:23:08 - [MESSAGE][PASSED] - Delayed 3 second(s)

2021-07-27 10:23:08 - [TEST_STEP][PASSED] - click(findTestObject("Configuracion/1Principal/img_Elementos del Sistema")): Object: 'Object Repository/Configuracion/1Principal/img_Elementos del Sistema' is clicked on

2021-07-27 10:23:09 - [MESSAGE][PASSED] - Object: 'Object Repository/Configuracion/1Principal/img_Elementos del Sistema' is clicked on

2021-07-27 10:23:09 - [TEST_STEP][PASSED] - delay(3): Delayed 3 second(s)

2021-07-27 10:23:12 - [MESSAGE][PASSED] - Delayed 3 second(s)

2021-07-27 10:23:12 - [TEST_STEP][PASSED] - click(findTestObject("Configuracion/Elementos del Sistema/1Principal/img_Motivos")): Object: 'Object Repository/Configuracion/Elementos del Sistema/1Principal/img_Motivos' is clicked on

2021-07-27 10:23:14 - [MESSAGE][PASSED] - Object: 'Object Repository/Configuracion/Elementos del Sistema/1Principal/img_Motivos' is clicked on

2021-07-27 10:23:14 - [TEST_STEP][PASSED] - delay(3): Delayed 3 second(s)

2021-07-27 10:23:17 - [MESSAGE][PASSED] - Delayed 3 second(s)

2021-07-27 10:23:17 - [TEST_STEP][PASSED] - click(findTestObject("Configuracion/Elementos del Sistema/Motivos/span_Motivos")): Object: 'Object Repository/Configuracion/Elementos del Sistema/Motivos/span_Motivos' is clicked on

2021-07-27 10:23:18 - [MESSAGE][PASSED] - Object: 'Object Repository/Configuracion/Elementos del Sistema/Motivos/span_Motivos' is clicked on

2021-07-27 10:23:18 - [TEST_STEP][PASSED] - delay(3): Delayed 3 second(s)

2021-07-27 10:23:21 - [MESSAGE][PASSED] - Delayed 3 second(s)

2021-07-27 10:23:21 - [TEST_STEP][PASSED] - takeFullPageScreenshot(): Taking screenshot successfully

2021-07-27 10:23:23 - [MESSAGE][INFO] - 0 hidden object(s)

2021-07-27 10:23:24 - [MESSAGE][PASSED] - Taking screenshot successfully
[[ATTACHMENT|E:\\CIEL INGENIERIA\\KATALON\\Validaciones\\Reports\\20210727_102207\\0 Motivos\\Cierre - Sin\\20210727_102207\\1627399401790.png]]

2021-07-27 10:23:24 - [TEST_STEP][PASSED] - delay(3): Delayed 3 second(s)

2021-07-27 10:23:27 - [MESSAGE][PASSED] - Delayed 3 second(s)

2021-07-27 10:23:27 - [TEST_STEP][PASSED] - click(findTestObject("1Inicio/a_Inicio")): Object: 'Object Repository/1Inicio/a_Inicio' is clicked on

2021-07-27 10:23:30 - [MESSAGE][PASSED] - Object: 'Object Repository/1Inicio/a_Inicio' is clicked on

2021-07-27 10:23:30 - [TEST_STEP][PASSED] - delay(3): Delayed 3 second(s)

2021-07-27 10:23:33 - [MESSAGE][PASSED] - Delayed 3 second(s)

2021-07-27 10:23:33 - [TEST_STEP][PASSED] - click(findTestObject("1Inicio/img_Configuracion")): Object: 'Object Repository/1Inicio/img_Configuracion' is clicked on

2021-07-27 10:23:35 - [MESSAGE][PASSED] - Object: 'Object Repository/1Inicio/img_Configuracion' is clicked on

2021-07-27 10:23:35 - [TEST_STEP][PASSED] - delay(3): Delayed 3 second(s)

2021-07-27 10:23:38 - [MESSAGE][PASSED] - Delayed 3 second(s)

2021-07-27 10:23:38 - [TEST_STEP][PASSED] - click(findTestObject("Configuracion/1Principal/img_Distribucion Geografica")): Object: 'Object Repository/Configuracion/1Principal/img_Distribucion Geografica' is clicked on

2021-07-27 10:23:41 - [MESSAGE][PASSED] - Object: 'Object Repository/Configuracion/1Principal/img_Distribucion Geografica' is clicked on

2021-07-27 10:23:41 - [TEST_STEP][PASSED] - delay(3): Delayed 3 second(s)

2021-07-27 10:23:44 - [MESSAGE][PASSED] - Delayed 3 second(s)

2021-07-27 10:23:44 - [TEST_STEP][PASSED] - click(findTestObject("Configuracion/Distribucion Geografica/1Principal/img_Oficinas")): Object: 'Object Repository/Configuracion/Distribucion Geografica/1Principal/img_Oficinas' is clicked on

2021-07-27 10:23:47 - [MESSAGE][PASSED] - Object: 'Object Repository/Configuracion/Distribucion Geografica/1Principal/img_Oficinas' is clicked on

2021-07-27 10:23:47 - [TEST_STEP][PASSED] - delay(3): Delayed 3 second(s)

2021-07-27 10:23:50 - [MESSAGE][PASSED] - Delayed 3 second(s)

2021-07-27 10:23:50 - [TEST_STEP][PASSED] - click(findTestObject("Configuracion/Distribucion Geografica/Oficinas/2Lista de Oficinas/a_Seleccionar")): Object: 'Object Repository/Configuracion/Distribucion Geografica/Oficinas/2Lista de Oficinas/a_Seleccionar' is clicked on

2021-07-27 10:23:51 - [MESSAGE][PASSED] - Object: 'Object Repository/Configuracion/Distribucion Geografica/Oficinas/2Lista de Oficinas/a_Seleccionar' is clicked on

2021-07-27 10:23:51 - [TEST_STEP][PASSED] - delay(3): Delayed 3 second(s)

2021-07-27 10:23:54 - [MESSAGE][PASSED] - Delayed 3 second(s)

2021-07-27 10:23:54 - [TEST_STEP][PASSED] - click(findTestObject("Configuracion/Distribucion Geografica/Oficinas/3Otras Configuraciones/1Pestanas/span_Motivos")): Object: 'Object Repository/Configuracion/Distribucion Geografica/Oficinas/3Otras Configuraciones/1Pestanas/span_Motivos' is clicked on

2021-07-27 10:23:56 - [MESSAGE][PASSED] - Object: 'Object Repository/Configuracion/Distribucion Geografica/Oficinas/3Otras Configuraciones/1Pestanas/span_Motivos' is clicked on

2021-07-27 10:23:56 - [TEST_STEP][PASSED] - delay(3): Delayed 3 second(s)

2021-07-27 10:23:59 - [MESSAGE][PASSED] - Delayed 3 second(s)

2021-07-27 10:23:59 - [TEST_STEP][PASSED] - click(findTestObject("Configuracion/Distribucion Geografica/Oficinas/3Otras Configuraciones/3Motivos/Checks/a__SeleccionarTodo")): Object: 'Object Repository/Configuracion/Distribucion Geografica/Oficinas/3Otras Configuraciones/3Motivos/Checks/a__SeleccionarTodo' is clicked on

2021-07-27 10:24:00 - [MESSAGE][PASSED] - Object: 'Object Repository/Configuracion/Distribucion Geografica/Oficinas/3Otras Configuraciones/3Motivos/Checks/a__SeleccionarTodo' is clicked on

2021-07-27 10:24:00 - [TEST_STEP][PASSED] - delay(3): Delayed 3 second(s)

2021-07-27 10:24:03 - [MESSAGE][PASSED] - Delayed 3 second(s)

2021-07-27 10:24:03 - [TEST_STEP][PASSED] - click(findTestObject("Configuracion/Distribucion Geografica/Oficinas/3Otras Configuraciones/3Motivos/img_Eliminar")): Object: 'Object Repository/Configuracion/Distribucion Geografica/Oficinas/3Otras Configuraciones/3Motivos/img_Eliminar' is clicked on

2021-07-27 10:24:04 - [MESSAGE][PASSED] - Object: 'Object Repository/Configuracion/Distribucion Geografica/Oficinas/3Otras Configuraciones/3Motivos/img_Eliminar' is clicked on

2021-07-27 10:24:04 - [TEST_STEP][PASSED] - acceptAlert(): Alert accepted

2021-07-27 10:24:04 - [MESSAGE][PASSED] - Alert accepted

2021-07-27 10:24:04 - [TEST_STEP][PASSED] - takeFullPageScreenshot(): Taking screenshot successfully

2021-07-27 10:24:08 - [MESSAGE][INFO] - 0 hidden object(s)

2021-07-27 10:24:09 - [MESSAGE][PASSED] - Taking screenshot successfully
[[ATTACHMENT|E:\\CIEL INGENIERIA\\KATALON\\Validaciones\\Reports\\20210727_102207\\0 Motivos\\Cierre - Sin\\20210727_102207\\1627399444629.png]]

2021-07-27 10:24:09 - [TEST_STEP][PASSED] - delay(3): Delayed 3 second(s)

2021-07-27 10:24:12 - [MESSAGE][PASSED] - Delayed 3 second(s)

2021-07-27 10:24:12 - [TEST_STEP][PASSED] - click(findTestObject("1Inicio/a_Inicio")): Object: 'Object Repository/1Inicio/a_Inicio' is clicked on

2021-07-27 10:24:15 - [MESSAGE][PASSED] - Object: 'Object Repository/1Inicio/a_Inicio' is clicked on

2021-07-27 10:24:15 - [TEST_STEP][PASSED] - delay(3): Delayed 3 second(s)

2021-07-27 10:24:18 - [MESSAGE][PASSED] - Delayed 3 second(s)

2021-07-27 10:24:18 - [TEST_STEP][PASSED] - click(findTestObject("1Inicio/img_Operacion")): Object: 'Object Repository/1Inicio/img_Operacion' is clicked on

2021-07-27 10:24:20 - [MESSAGE][PASSED] - Object: 'Object Repository/1Inicio/img_Operacion' is clicked on

2021-07-27 10:24:20 - [TEST_STEP][PASSED] - delay(3): Delayed 3 second(s)

2021-07-27 10:24:23 - [MESSAGE][PASSED] - Delayed 3 second(s)

2021-07-27 10:24:23 - [TEST_STEP][PASSED] - click(findTestObject("2 Operacion/Elementos Del Sistema")): Object: 'Object Repository/2 Operacion/Elementos Del Sistema' is clicked on

2021-07-27 10:24:26 - [MESSAGE][PASSED] - Object: 'Object Repository/2 Operacion/Elementos Del Sistema' is clicked on

2021-07-27 10:24:26 - [TEST_STEP][PASSED] - delay(3): Delayed 3 second(s)

2021-07-27 10:24:29 - [MESSAGE][PASSED] - Delayed 3 second(s)

2021-07-27 10:24:29 - [TEST_STEP][PASSED] - click(findTestObject("2 Operacion/Elementos del Sistema/img_Terminales")): Object: 'Object Repository/2 Operacion/Elementos del Sistema/img_Terminales' is clicked on

2021-07-27 10:24:31 - [MESSAGE][PASSED] - Object: 'Object Repository/2 Operacion/Elementos del Sistema/img_Terminales' is clicked on

2021-07-27 10:24:31 - [TEST_STEP][PASSED] - delay(3): Delayed 3 second(s)

2021-07-27 10:24:34 - [MESSAGE][PASSED] - Delayed 3 second(s)

2021-07-27 10:24:34 - [TEST_STEP][PASSED] - click(findTestObject("2 Operacion/Elementos del Sistema/Selectores/00Oficinas/a_Bogota - CIEL")): Object: 'Object Repository/2 Operacion/Elementos del Sistema/Selectores/00Oficinas/a_Bogota - CIEL' is clicked on

2021-07-27 10:24:35 - [MESSAGE][PASSED] - Object: 'Object Repository/2 Operacion/Elementos del Sistema/Selectores/00Oficinas/a_Bogota - CIEL' is clicked on

2021-07-27 10:24:35 - [TEST_STEP][PASSED] - delay(3): Delayed 3 second(s)

2021-07-27 10:24:38 - [MESSAGE][PASSED] - Delayed 3 second(s)

2021-07-27 10:24:38 - [TEST_STEP][PASSED] - click(findTestObject("2 Operacion/Elementos del Sistema/Terminales/1Terminales menos WorkFlow/a_Terminal Informacion A01")): Object: 'Object Repository/2 Operacion/Elementos del Sistema/Terminales/1Terminales menos WorkFlow/a_Terminal Informacion A01' is clicked on

2021-07-27 10:24:40 - [MESSAGE][PASSED] - Object: 'Object Repository/2 Operacion/Elementos del Sistema/Terminales/1Terminales menos WorkFlow/a_Terminal Informacion A01' is clicked on

2021-07-27 10:24:40 - [TEST_STEP][PASSED] - delay(3): Delayed 3 second(s)

2021-07-27 10:24:43 - [MESSAGE][PASSED] - Delayed 3 second(s)

2021-07-27 10:24:43 - [TEST_STEP][PASSED] - takeFullPageScreenshot(): Taking screenshot successfully

2021-07-27 10:24:44 - [MESSAGE][INFO] - 0 hidden object(s)

2021-07-27 10:24:45 - [MESSAGE][PASSED] - Taking screenshot successfully
[[ATTACHMENT|E:\\CIEL INGENIERIA\\KATALON\\Validaciones\\Reports\\20210727_102207\\0 Motivos\\Cierre - Sin\\20210727_102207\\1627399483326.png]]

2021-07-27 10:24:45 - [TEST_STEP][PASSED] - delay(3): Delayed 3 second(s)

2021-07-27 10:24:48 - [MESSAGE][PASSED] - Delayed 3 second(s)]]></system-out>
         <system-err><![CDATA[]]></system-err>
      </testcase>
      <system-out><![CDATA[2021-07-27 10:22:30 - [TEST_SUITE][PASSED] - Cierre - Sin: Test Cases/0 Motivos/Cierre - Sin]]></system-out>
      <system-err><![CDATA[]]></system-err>
   </testsuite>
</testsuites>
