<?xml version="1.0" encoding="UTF-8"?>
<testsuites name="98.Sistema.Login.UsarCaptcha" time="83.097" tests="1" failures="0" errors="0">
   <testsuite name="98.Sistema.Login.UsarCaptcha" tests="1" failures="0" errors="0" time="83.097" skipped="0" timestamp="2021-06-08 12:18:55" hostname="BILIKI - DESKTOP-HH1RJM2" id="Test Suites/98.Sistema.Login.UsarCaptcha">
      <properties>
         <property name="deviceName" value=""/>
         <property name="devicePlatform" value=""/>
         <property name="logFolder" value="E:\\CIEL INGENIERIA\\KATALON\\Validaciones\\Reports\\20210608_121842\\98.Sistema.Login.UsarCaptcha\\20210608_121842"/>
         <property name="logFiles" value="E:\\CIEL INGENIERIA\\KATALON\\Validaciones\\Reports\\20210608_121842\\98.Sistema.Login.UsarCaptcha\\20210608_121842\\execution0.log"/>
         <property name="attachments" value="E:\\CIEL INGENIERIA\\KATALON\\Validaciones\\Reports\\20210608_121842\\98.Sistema.Login.UsarCaptcha\\20210608_121842\\1623172795934.png"/>
         <property name="hostName" value="BILIKI - DESKTOP-HH1RJM2"/>
         <property name="os" value="Windows 10 64bit"/>
         <property name="katalonVersion" value="8.0.1.208"/>
         <property name="browser" value="Chrome 91.0.4472.77"/>
         <property name="hostAddress" value="169.254.12.236"/>
         <property name="sessionId" value="8865ccaa86491b0e730719e9753a29c9"/>
         <property name="seleniumVersion" value="3.141.59"/>
         <property name="proxyInformation" value="ProxyInformation { proxyOption=NO_PROXY, proxyServerType=HTTP, username=, password=********, proxyServerAddress=, proxyServerPort=0, executionList=&quot;&quot;, isApplyToDesiredCapabilities=true }"/>
         <property name="platform" value="Windows 10"/>
      </properties>
      <testcase name="Test Cases/98.Sistema.Login.UsarCaptcha" time="62.098" classname="Test Cases/98.Sistema.Login.UsarCaptcha" status="PASSED">
         <system-out><![CDATA[2021-06-08 12:18:59 - [TEST_CASE][PASSED] - Test Cases/98.Sistema.Login.UsarCaptcha: Test Cases/98.Sistema.Login.UsarCaptcha

2021-06-08 12:19:00 - [TEST_STEP][PASSED] - callTestCase(findTestCase("Inicio Sesion sin variables"), [:], STOP_ON_FAILURE): Call Test Case 'Test Cases/Inicio Sesion sin variables' successfully

2021-06-08 12:19:01 - [TEST_CASE][PASSED] - Test Cases/Inicio Sesion sin variables: Test Cases/Inicio Sesion sin variables

2021-06-08 12:19:02 - [TEST_STEP][PASSED] - openBrowser("http://Localhost:8810"): Browser is opened with url: 'http://Localhost:8810'

2021-06-08 12:19:03 - [MESSAGE][INFO] - Starting 'Chrome' driver

2021-06-08 12:19:03 - [MESSAGE][INFO] - Action delay is set to 0 milliseconds

2021-06-08 12:19:12 - [MESSAGE][PASSED] - Browser is opened with url: 'http://Localhost:8810'

2021-06-08 12:19:12 - [TEST_STEP][PASSED] - maximizeWindow(): Current window maximized

2021-06-08 12:19:13 - [MESSAGE][PASSED] - Current window maximized

2021-06-08 12:19:13 - [TEST_STEP][PASSED] - setText(findTestObject("0Inicio Sesion/input__Usuario"), "ciel"): Text 'ciel' is set on object 'Object Repository/0Inicio Sesion/input__Usuario'

2021-06-08 12:19:14 - [MESSAGE][PASSED] - Text 'ciel' is set on object 'Object Repository/0Inicio Sesion/input__Usuario'

2021-06-08 12:19:14 - [TEST_STEP][PASSED] - setText(findTestObject("0Inicio Sesion/input__Clave"), "digiturno"): Text 'digiturno' is set on object 'Object Repository/0Inicio Sesion/input__Clave'

2021-06-08 12:19:15 - [MESSAGE][PASSED] - Text 'digiturno' is set on object 'Object Repository/0Inicio Sesion/input__Clave'

2021-06-08 12:19:15 - [TEST_STEP][PASSED] - click(findTestObject("0Inicio Sesion/btn_IniciarSesion")): Object: 'Object Repository/0Inicio Sesion/btn_IniciarSesion' is clicked on

2021-06-08 12:19:16 - [MESSAGE][PASSED] - Object: 'Object Repository/0Inicio Sesion/btn_IniciarSesion' is clicked on

2021-06-08 12:19:16 - [TEST_STEP][PASSED] - delay(3): Delayed 3 second(s)

2021-06-08 12:19:19 - [MESSAGE][PASSED] - Delayed 3 second(s)

2021-06-08 12:19:19 - [MESSAGE][PASSED] - Call Test Case 'Test Cases/Inicio Sesion sin variables' successfully

2021-06-08 12:19:19 - [TEST_STEP][PASSED] - click(findTestObject("1Inicio/img_Configuracion")): Object: 'Object Repository/1Inicio/img_Configuracion' is clicked on

2021-06-08 12:19:20 - [MESSAGE][PASSED] - Object: 'Object Repository/1Inicio/img_Configuracion' is clicked on

2021-06-08 12:19:20 - [TEST_STEP][PASSED] - delay(3): Delayed 3 second(s)

2021-06-08 12:19:23 - [MESSAGE][PASSED] - Delayed 3 second(s)

2021-06-08 12:19:23 - [TEST_STEP][PASSED] - click(findTestObject("Configuracion/1Principal/img_Sistema")): Object: 'Object Repository/Configuracion/1Principal/img_Sistema' is clicked on

2021-06-08 12:19:25 - [MESSAGE][PASSED] - Object: 'Object Repository/Configuracion/1Principal/img_Sistema' is clicked on

2021-06-08 12:19:25 - [TEST_STEP][PASSED] - delay(3): Delayed 3 second(s)

2021-06-08 12:19:28 - [MESSAGE][PASSED] - Delayed 3 second(s)

2021-06-08 12:19:28 - [TEST_STEP][PASSED] - click(findTestObject("Configuracion/Sistema/1Principal/img_Parametros Generales")): Object: 'Object Repository/Configuracion/Sistema/1Principal/img_Parametros Generales' is clicked on

2021-06-08 12:19:30 - [MESSAGE][PASSED] - Object: 'Object Repository/Configuracion/Sistema/1Principal/img_Parametros Generales' is clicked on

2021-06-08 12:19:30 - [TEST_STEP][PASSED] - delay(3): Delayed 3 second(s)

2021-06-08 12:19:33 - [MESSAGE][PASSED] - Delayed 3 second(s)

2021-06-08 12:19:33 - [TEST_STEP][PASSED] - click(findTestObject("Configuracion/Sistema/Parametros Generales/Pestanas/a_Usuarios")): Object: 'Object Repository/Configuracion/Sistema/Parametros Generales/Pestanas/a_Usuarios' is clicked on

2021-06-08 12:19:34 - [MESSAGE][PASSED] - Object: 'Object Repository/Configuracion/Sistema/Parametros Generales/Pestanas/a_Usuarios' is clicked on

2021-06-08 12:19:34 - [TEST_STEP][PASSED] - delay(3): Delayed 3 second(s)

2021-06-08 12:19:37 - [MESSAGE][PASSED] - Delayed 3 second(s)

2021-06-08 12:19:37 - [TEST_STEP][PASSED] - click(findTestObject("Configuracion/Sistema/Parametros Generales/Filtros LLave/span_0filtro llave")): Object: 'Object Repository/Configuracion/Sistema/Parametros Generales/Filtros LLave/span_0filtro llave' is clicked on

2021-06-08 12:19:38 - [MESSAGE][PASSED] - Object: 'Object Repository/Configuracion/Sistema/Parametros Generales/Filtros LLave/span_0filtro llave' is clicked on

2021-06-08 12:19:38 - [TEST_STEP][PASSED] - mouseOver(findTestObject("Configuracion/Sistema/Parametros Generales/Filtros LLave/span_1Filtro")): Object: 'Object Repository/Configuracion/Sistema/Parametros Generales/Filtros LLave/span_1Filtro' is hovered

2021-06-08 12:19:39 - [MESSAGE][PASSED] - Object: 'Object Repository/Configuracion/Sistema/Parametros Generales/Filtros LLave/span_1Filtro' is hovered

2021-06-08 12:19:39 - [TEST_STEP][PASSED] - click(findTestObject("Configuracion/Sistema/Parametros Generales/Filtro 1er valor/span_select")): Object: 'Object Repository/Configuracion/Sistema/Parametros Generales/Filtro 1er valor/span_select' is clicked on

2021-06-08 12:19:40 - [MESSAGE][PASSED] - Object: 'Object Repository/Configuracion/Sistema/Parametros Generales/Filtro 1er valor/span_select' is clicked on

2021-06-08 12:19:40 - [TEST_STEP][PASSED] - click(findTestObject("Configuracion/Sistema/Parametros Generales/Filtro 1er valor/li_Contiene")): Object: 'Object Repository/Configuracion/Sistema/Parametros Generales/Filtro 1er valor/li_Contiene' is clicked on

2021-06-08 12:19:41 - [MESSAGE][PASSED] - Object: 'Object Repository/Configuracion/Sistema/Parametros Generales/Filtro 1er valor/li_Contiene' is clicked on

2021-06-08 12:19:41 - [TEST_STEP][PASSED] - setText(findTestObject("Configuracion/Sistema/Parametros Generales/Filtro 1er valor/input_Texto a buscar1"), "Sistema.Login.UsarCaptcha"): Text 'Sistema.Login.UsarCaptcha' is set on object 'Object Repository/Configuracion/Sistema/Parametros Generales/Filtro 1er valor/input_Texto a buscar1'

2021-06-08 12:19:42 - [MESSAGE][PASSED] - Text 'Sistema.Login.UsarCaptcha' is set on object 'Object Repository/Configuracion/Sistema/Parametros Generales/Filtro 1er valor/input_Texto a buscar1'

2021-06-08 12:19:42 - [TEST_STEP][PASSED] - click(findTestObject("Configuracion/Sistema/Parametros Generales/botones filtro/btn_Filtrar")): Object: 'Object Repository/Configuracion/Sistema/Parametros Generales/botones filtro/btn_Filtrar' is clicked on

2021-06-08 12:19:42 - [MESSAGE][PASSED] - Object: 'Object Repository/Configuracion/Sistema/Parametros Generales/botones filtro/btn_Filtrar' is clicked on

2021-06-08 12:19:42 - [TEST_STEP][PASSED] - delay(2): Delayed 2 second(s)

2021-06-08 12:19:44 - [MESSAGE][PASSED] - Delayed 2 second(s)

2021-06-08 12:19:44 - [TEST_STEP][PASSED] - click(findTestObject("Configuracion/Sistema/Parametros Generales/Cambiar Parametro Valor/a_Editar")): Object: 'Object Repository/Configuracion/Sistema/Parametros Generales/Cambiar Parametro Valor/a_Editar' is clicked on

2021-06-08 12:19:45 - [MESSAGE][PASSED] - Object: 'Object Repository/Configuracion/Sistema/Parametros Generales/Cambiar Parametro Valor/a_Editar' is clicked on

2021-06-08 12:19:45 - [TEST_STEP][PASSED] - delay(2): Delayed 2 second(s)

2021-06-08 12:19:47 - [MESSAGE][PASSED] - Delayed 2 second(s)

2021-06-08 12:19:47 - [TEST_STEP][PASSED] - click(findTestObject("Configuracion/Sistema/Parametros Generales/Cambiar Parametro Valor/input_Valor"), STOP_ON_FAILURE): Object: 'Object Repository/Configuracion/Sistema/Parametros Generales/Cambiar Parametro Valor/input_Valor' is clicked on

2021-06-08 12:19:48 - [MESSAGE][PASSED] - Object: 'Object Repository/Configuracion/Sistema/Parametros Generales/Cambiar Parametro Valor/input_Valor' is clicked on

2021-06-08 12:19:48 - [TEST_STEP][PASSED] - sendKeys(findTestObject(null), "Si"): Keys 'Si' sent to object: 'tempBody'

2021-06-08 12:19:48 - [MESSAGE][WARNING] - Test object id is null

2021-06-08 12:19:48 - [MESSAGE][WARNING] - Test object with id 'Object Repository/' does not exist

2021-06-08 12:19:48 - [MESSAGE][PASSED] - Keys 'Si' sent to object: 'tempBody'

2021-06-08 12:19:48 - [TEST_STEP][PASSED] - delay(2): Delayed 2 second(s)

2021-06-08 12:19:50 - [MESSAGE][PASSED] - Delayed 2 second(s)

2021-06-08 12:19:50 - [TEST_STEP][PASSED] - click(findTestObject("Configuracion/Sistema/Parametros Generales/Cambiar Parametro Valor/a_Guardar")): Object: 'Object Repository/Configuracion/Sistema/Parametros Generales/Cambiar Parametro Valor/a_Guardar' is clicked on

2021-06-08 12:19:51 - [MESSAGE][PASSED] - Object: 'Object Repository/Configuracion/Sistema/Parametros Generales/Cambiar Parametro Valor/a_Guardar' is clicked on

2021-06-08 12:19:51 - [TEST_STEP][PASSED] - delay(3): Delayed 3 second(s)

2021-06-08 12:19:54 - [MESSAGE][PASSED] - Delayed 3 second(s)

2021-06-08 12:19:54 - [TEST_STEP][PASSED] - mouseOver(findTestObject("0Inicio Sesion/Menu Tres Rayas/img_MenuUsuarioRayas")): Object: 'Object Repository/0Inicio Sesion/Menu Tres Rayas/img_MenuUsuarioRayas' is hovered

2021-06-08 12:19:55 - [MESSAGE][PASSED] - Object: 'Object Repository/0Inicio Sesion/Menu Tres Rayas/img_MenuUsuarioRayas' is hovered

2021-06-08 12:19:55 - [TEST_STEP][PASSED] - click(findTestObject("0Inicio Sesion/Menu Tres Rayas/a_Cerrar sesion")): Object: 'Object Repository/0Inicio Sesion/Menu Tres Rayas/a_Cerrar sesion' is clicked on

2021-06-08 12:19:55 - [MESSAGE][PASSED] - Object: 'Object Repository/0Inicio Sesion/Menu Tres Rayas/a_Cerrar sesion' is clicked on

2021-06-08 12:19:55 - [TEST_STEP][PASSED] - takeFullPageScreenshot(): Taking screenshot successfully

2021-06-08 12:19:57 - [MESSAGE][INFO] - 0 hidden object(s)

2021-06-08 12:19:58 - [MESSAGE][PASSED] - Taking screenshot successfully
[[ATTACHMENT|E:\\CIEL INGENIERIA\\KATALON\\Validaciones\\Reports\\20210608_121842\\98.Sistema.Login.UsarCaptcha\\20210608_121842\\1623172795934.png]]

2021-06-08 12:19:58 - [TEST_STEP][PASSED] - delay(3): Delayed 3 second(s)

2021-06-08 12:20:01 - [MESSAGE][PASSED] - Delayed 3 second(s)]]></system-out>
         <system-err><![CDATA[]]></system-err>
      </testcase>
      <system-out><![CDATA[2021-06-08 12:18:55 - [TEST_SUITE][PASSED] - 98.Sistema.Login.UsarCaptcha: Test Cases/98.Sistema.Login.UsarCaptcha]]></system-out>
      <system-err><![CDATA[]]></system-err>
   </testsuite>
</testsuites>
