<?xml version="1.0" encoding="UTF-8"?>
<testsuites name="Tipo App" time="131.496" tests="1" failures="0" errors="0">
   <testsuite name="Tipo App" tests="1" failures="0" errors="0" time="131.496" skipped="0" timestamp="2021-07-26 10:18:49" hostname="BILIKI - DESKTOP-HH1RJM2" id="Test Suites/0 Jornadas/Tipo App">
      <properties>
         <property name="deviceName" value=""/>
         <property name="devicePlatform" value=""/>
         <property name="logFolder" value="E:\\CIEL INGENIERIA\\KATALON\\Validaciones\\Reports\\20210726_101831\\0 Jornadas\\Tipo App\\20210726_101831"/>
         <property name="logFiles" value="E:\\CIEL INGENIERIA\\KATALON\\Validaciones\\Reports\\20210726_101831\\0 Jornadas\\Tipo App\\20210726_101831\\execution0.log"/>
         <property name="attachments" value="E:\\CIEL INGENIERIA\\KATALON\\Validaciones\\Reports\\20210726_101831\\0 Jornadas\\Tipo App\\20210726_101831\\1627312791358.png, E:\\CIEL INGENIERIA\\KATALON\\Validaciones\\Reports\\20210726_101831\\0 Jornadas\\Tipo App\\20210726_101831\\1627312829225.png, E:\\CIEL INGENIERIA\\KATALON\\Validaciones\\Reports\\20210726_101831\\0 Jornadas\\Tipo App\\20210726_101831\\1627312838825.png"/>
         <property name="hostName" value="BILIKI - DESKTOP-HH1RJM2"/>
         <property name="os" value="Windows 10 64bit"/>
         <property name="katalonVersion" value="8.0.5.208"/>
         <property name="browser" value="Chrome 92.0.4515.107"/>
         <property name="hostAddress" value="169.254.142.112"/>
         <property name="sessionId" value="df10450a66e3f4900c20b30c1b2da712"/>
         <property name="seleniumVersion" value="3.141.59"/>
         <property name="proxyInformation" value="ProxyInformation { proxyOption=NO_PROXY, proxyServerType=HTTP, username=, password=********, proxyServerAddress=, proxyServerPort=0, executionList=&quot;&quot;, isApplyToDesiredCapabilities=true }"/>
         <property name="platform" value="Windows 10"/>
      </properties>
      <testcase name="Test Cases/0 Jornadas/Tipo App" time="112.546" classname="Test Cases/0 Jornadas/Tipo App" status="PASSED">
         <system-out><![CDATA[2021-07-26 10:18:51 - [TEST_CASE][PASSED] - Test Cases/0 Jornadas/Tipo App: Test Cases/0 Jornadas/Tipo App

2021-07-26 10:18:52 - [TEST_STEP][PASSED] - callTestCase(findTestCase("Inicio Sesion sin variables"), [:], STOP_ON_FAILURE): Call Test Case 'Test Cases/Inicio Sesion sin variables' successfully

2021-07-26 10:18:53 - [TEST_CASE][PASSED] - Test Cases/Inicio Sesion sin variables: Test Cases/Inicio Sesion sin variables

2021-07-26 10:18:54 - [TEST_STEP][PASSED] - openBrowser("http://Localhost:8810"): Browser is opened with url: 'http://Localhost:8810'

2021-07-26 10:18:55 - [MESSAGE][INFO] - Starting 'Chrome' driver

2021-07-26 10:18:56 - [MESSAGE][INFO] - Action delay is set to 0 milliseconds

2021-07-26 10:19:08 - [MESSAGE][PASSED] - Browser is opened with url: 'http://Localhost:8810'

2021-07-26 10:19:08 - [TEST_STEP][PASSED] - maximizeWindow(): Current window maximized

2021-07-26 10:19:09 - [MESSAGE][PASSED] - Current window maximized

2021-07-26 10:19:09 - [TEST_STEP][PASSED] - setText(findTestObject("0Inicio Sesion/input__Usuario"), "ciel"): Text 'ciel' is set on object 'Object Repository/0Inicio Sesion/input__Usuario'

2021-07-26 10:19:11 - [MESSAGE][PASSED] - Text 'ciel' is set on object 'Object Repository/0Inicio Sesion/input__Usuario'

2021-07-26 10:19:11 - [TEST_STEP][PASSED] - setText(findTestObject("0Inicio Sesion/input__Clave"), "digiturno"): Text 'digiturno' is set on object 'Object Repository/0Inicio Sesion/input__Clave'

2021-07-26 10:19:13 - [MESSAGE][PASSED] - Text 'digiturno' is set on object 'Object Repository/0Inicio Sesion/input__Clave'

2021-07-26 10:19:13 - [TEST_STEP][PASSED] - click(findTestObject("0Inicio Sesion/btn_IniciarSesion")): Object: 'Object Repository/0Inicio Sesion/btn_IniciarSesion' is clicked on

2021-07-26 10:19:14 - [MESSAGE][PASSED] - Object: 'Object Repository/0Inicio Sesion/btn_IniciarSesion' is clicked on

2021-07-26 10:19:14 - [TEST_STEP][PASSED] - delay(3): Delayed 3 second(s)

2021-07-26 10:19:17 - [MESSAGE][PASSED] - Delayed 3 second(s)

2021-07-26 10:19:17 - [MESSAGE][PASSED] - Call Test Case 'Test Cases/Inicio Sesion sin variables' successfully

2021-07-26 10:19:17 - [TEST_STEP][PASSED] - click(findTestObject("1Inicio/img_Configuracion")): Object: 'Object Repository/1Inicio/img_Configuracion' is clicked on

2021-07-26 10:19:18 - [MESSAGE][PASSED] - Object: 'Object Repository/1Inicio/img_Configuracion' is clicked on

2021-07-26 10:19:18 - [TEST_STEP][PASSED] - delay(3): Delayed 3 second(s)

2021-07-26 10:19:21 - [MESSAGE][PASSED] - Delayed 3 second(s)

2021-07-26 10:19:21 - [TEST_STEP][PASSED] - click(findTestObject("Configuracion/1Principal/img_Jornadas de Atencion")): Object: 'Object Repository/Configuracion/1Principal/img_Jornadas de Atencion' is clicked on

2021-07-26 10:19:24 - [MESSAGE][PASSED] - Object: 'Object Repository/Configuracion/1Principal/img_Jornadas de Atencion' is clicked on

2021-07-26 10:19:24 - [TEST_STEP][PASSED] - delay(3): Delayed 3 second(s)

2021-07-26 10:19:27 - [MESSAGE][PASSED] - Delayed 3 second(s)

2021-07-26 10:19:27 - [TEST_STEP][PASSED] - click(findTestObject("Configuracion/Jornadas de Atencion/0Oficinas Emergente/a_Seleccionar")): Object: 'Object Repository/Configuracion/Jornadas de Atencion/0Oficinas Emergente/a_Seleccionar' is clicked on

2021-07-26 10:19:28 - [MESSAGE][PASSED] - Object: 'Object Repository/Configuracion/Jornadas de Atencion/0Oficinas Emergente/a_Seleccionar' is clicked on

2021-07-26 10:19:28 - [TEST_STEP][PASSED] - delay(3): Delayed 3 second(s)

2021-07-26 10:19:31 - [MESSAGE][PASSED] - Delayed 3 second(s)

2021-07-26 10:19:31 - [TEST_STEP][PASSED] - setText(findTestObject("Configuracion/Jornadas de Atencion/2Lista de Jornadas/input_TextoABuscar"), "App"): Text 'App' is set on object 'Object Repository/Configuracion/Jornadas de Atencion/2Lista de Jornadas/input_TextoABuscar'

2021-07-26 10:19:32 - [MESSAGE][PASSED] - Text 'App' is set on object 'Object Repository/Configuracion/Jornadas de Atencion/2Lista de Jornadas/input_TextoABuscar'

2021-07-26 10:19:32 - [TEST_STEP][PASSED] - delay(3): Delayed 3 second(s)

2021-07-26 10:19:35 - [MESSAGE][PASSED] - Delayed 3 second(s)

2021-07-26 10:19:35 - [TEST_STEP][PASSED] - click(findTestObject("Configuracion/Jornadas de Atencion/2Lista de Jornadas/a_Seleccionar")): Object: 'Object Repository/Configuracion/Jornadas de Atencion/2Lista de Jornadas/a_Seleccionar' is clicked on

2021-07-26 10:19:36 - [MESSAGE][PASSED] - Object: 'Object Repository/Configuracion/Jornadas de Atencion/2Lista de Jornadas/a_Seleccionar' is clicked on

2021-07-26 10:19:36 - [TEST_STEP][PASSED] - delay(3): Delayed 3 second(s)

2021-07-26 10:19:39 - [MESSAGE][PASSED] - Delayed 3 second(s)

2021-07-26 10:19:39 - [TEST_STEP][PASSED] - selectOptionByLabel(findTestObject("Configuracion/Jornadas de Atencion/2Edicion/select_Tipo"), "App", false): All options with label 'App' are selected in object 'Object Repository/Configuracion/Jornadas de Atencion/2Edicion/select_Tipo' 

2021-07-26 10:19:40 - [MESSAGE][PASSED] - All options with label 'App' are selected in object 'Object Repository/Configuracion/Jornadas de Atencion/2Edicion/select_Tipo' 

2021-07-26 10:19:40 - [TEST_STEP][PASSED] - delay(3): Delayed 3 second(s)

2021-07-26 10:19:43 - [MESSAGE][PASSED] - Delayed 3 second(s)

2021-07-26 10:19:43 - [TEST_STEP][PASSED] - scrollToPosition(0, 0): Browser is scrolled to position x = 0, y = 0

2021-07-26 10:19:44 - [MESSAGE][PASSED] - Browser is scrolled to position x = 0, y = 0

2021-07-26 10:19:44 - [TEST_STEP][PASSED] - delay(3): Delayed 3 second(s)

2021-07-26 10:19:47 - [MESSAGE][PASSED] - Delayed 3 second(s)

2021-07-26 10:19:47 - [TEST_STEP][PASSED] - click(findTestObject("Configuracion/Jornadas de Atencion/2Edicion/img_Actualizar2")): Object: 'Object Repository/Configuracion/Jornadas de Atencion/2Edicion/img_Actualizar2' is clicked on

2021-07-26 10:19:48 - [MESSAGE][PASSED] - Object: 'Object Repository/Configuracion/Jornadas de Atencion/2Edicion/img_Actualizar2' is clicked on

2021-07-26 10:19:48 - [TEST_STEP][PASSED] - delay(3): Delayed 3 second(s)

2021-07-26 10:19:51 - [MESSAGE][PASSED] - Delayed 3 second(s)

2021-07-26 10:19:51 - [TEST_STEP][PASSED] - takeFullPageScreenshot(): Taking screenshot successfully

2021-07-26 10:19:53 - [MESSAGE][INFO] - 0 hidden object(s)

2021-07-26 10:19:53 - [MESSAGE][PASSED] - Taking screenshot successfully
[[ATTACHMENT|E:\\CIEL INGENIERIA\\KATALON\\Validaciones\\Reports\\20210726_101831\\0 Jornadas\\Tipo App\\20210726_101831\\1627312791358.png]]

2021-07-26 10:19:53 - [TEST_STEP][PASSED] - delay(3): Delayed 3 second(s)

2021-07-26 10:19:56 - [MESSAGE][PASSED] - Delayed 3 second(s)

2021-07-26 10:19:56 - [TEST_STEP][PASSED] - click(findTestObject("1Inicio/a_Inicio")): Object: 'Object Repository/1Inicio/a_Inicio' is clicked on

2021-07-26 10:19:58 - [MESSAGE][PASSED] - Object: 'Object Repository/1Inicio/a_Inicio' is clicked on

2021-07-26 10:19:59 - [TEST_STEP][PASSED] - delay(3): Delayed 3 second(s)

2021-07-26 10:20:02 - [MESSAGE][PASSED] - Delayed 3 second(s)

2021-07-26 10:20:02 - [TEST_STEP][PASSED] - click(findTestObject("1Inicio/img_Configuracion")): Object: 'Object Repository/1Inicio/img_Configuracion' is clicked on

2021-07-26 10:20:03 - [MESSAGE][PASSED] - Object: 'Object Repository/1Inicio/img_Configuracion' is clicked on

2021-07-26 10:20:03 - [TEST_STEP][PASSED] - delay(3): Delayed 3 second(s)

2021-07-26 10:20:06 - [MESSAGE][PASSED] - Delayed 3 second(s)

2021-07-26 10:20:06 - [TEST_STEP][PASSED] - click(findTestObject("Configuracion/1Principal/img_Elementos del Sistema")): Object: 'Object Repository/Configuracion/1Principal/img_Elementos del Sistema' is clicked on

2021-07-26 10:20:08 - [MESSAGE][PASSED] - Object: 'Object Repository/Configuracion/1Principal/img_Elementos del Sistema' is clicked on

2021-07-26 10:20:08 - [TEST_STEP][PASSED] - delay(3): Delayed 3 second(s)

2021-07-26 10:20:11 - [MESSAGE][PASSED] - Delayed 3 second(s)

2021-07-26 10:20:11 - [TEST_STEP][PASSED] - click(findTestObject("Configuracion/Elementos del Sistema/1Principal/img_Selectores")): Object: 'Object Repository/Configuracion/Elementos del Sistema/1Principal/img_Selectores' is clicked on

2021-07-26 10:20:13 - [MESSAGE][PASSED] - Object: 'Object Repository/Configuracion/Elementos del Sistema/1Principal/img_Selectores' is clicked on

2021-07-26 10:20:13 - [TEST_STEP][PASSED] - delay(3): Delayed 3 second(s)

2021-07-26 10:20:16 - [MESSAGE][PASSED] - Delayed 3 second(s)

2021-07-26 10:20:16 - [TEST_STEP][PASSED] - click(findTestObject("Configuracion/Elementos del Sistema/Selectores/0Lista de Selectores/a_Seleccionar1")): Object: 'Object Repository/Configuracion/Elementos del Sistema/Selectores/0Lista de Selectores/a_Seleccionar1' is clicked on

2021-07-26 10:20:17 - [MESSAGE][PASSED] - Object: 'Object Repository/Configuracion/Elementos del Sistema/Selectores/0Lista de Selectores/a_Seleccionar1' is clicked on

2021-07-26 10:20:17 - [TEST_STEP][PASSED] - delay(3): Delayed 3 second(s)

2021-07-26 10:20:20 - [MESSAGE][PASSED] - Delayed 3 second(s)

2021-07-26 10:20:20 - [TEST_STEP][PASSED] - scrollToPosition(0, 400): Browser is scrolled to position x = 0, y = 400

2021-07-26 10:20:20 - [MESSAGE][PASSED] - Browser is scrolled to position x = 0, y = 400

2021-07-26 10:20:20 - [TEST_STEP][PASSED] - delay(3): Delayed 3 second(s)

2021-07-26 10:20:23 - [MESSAGE][PASSED] - Delayed 3 second(s)

2021-07-26 10:20:23 - [TEST_STEP][PASSED] - check(findTestObject("Configuracion/Elementos del Sistema/Selectores/1Edicion/rbt_Tipo de Selector Movil")): Object 'Object Repository/Configuracion/Elementos del Sistema/Selectores/1Edicion/rbt_Tipo de Selector Movil' is checked

2021-07-26 10:20:24 - [MESSAGE][PASSED] - Object 'Object Repository/Configuracion/Elementos del Sistema/Selectores/1Edicion/rbt_Tipo de Selector Movil' is checked

2021-07-26 10:20:24 - [TEST_STEP][PASSED] - click(findTestObject("Configuracion/Elementos del Sistema/Selectores/1Edicion/img_Actualizar")): Object: 'Object Repository/Configuracion/Elementos del Sistema/Selectores/1Edicion/img_Actualizar' is clicked on

2021-07-26 10:20:26 - [MESSAGE][PASSED] - Object: 'Object Repository/Configuracion/Elementos del Sistema/Selectores/1Edicion/img_Actualizar' is clicked on

2021-07-26 10:20:26 - [TEST_STEP][PASSED] - delay(3): Delayed 3 second(s)

2021-07-26 10:20:29 - [MESSAGE][PASSED] - Delayed 3 second(s)

2021-07-26 10:20:29 - [TEST_STEP][PASSED] - takeFullPageScreenshot(): Taking screenshot successfully

2021-07-26 10:20:30 - [MESSAGE][INFO] - 0 hidden object(s)

2021-07-26 10:20:31 - [MESSAGE][PASSED] - Taking screenshot successfully
[[ATTACHMENT|E:\\CIEL INGENIERIA\\KATALON\\Validaciones\\Reports\\20210726_101831\\0 Jornadas\\Tipo App\\20210726_101831\\1627312829225.png]]

2021-07-26 10:20:31 - [TEST_STEP][PASSED] - delay(3): Delayed 3 second(s)

2021-07-26 10:20:34 - [MESSAGE][PASSED] - Delayed 3 second(s)

2021-07-26 10:20:34 - [TEST_STEP][PASSED] - click(findTestObject("Configuracion/Elementos del Sistema/Selectores/0Pestanas/span_Jornadas y Colas")): Object: 'Object Repository/Configuracion/Elementos del Sistema/Selectores/0Pestanas/span_Jornadas y Colas' is clicked on

2021-07-26 10:20:35 - [MESSAGE][PASSED] - Object: 'Object Repository/Configuracion/Elementos del Sistema/Selectores/0Pestanas/span_Jornadas y Colas' is clicked on

2021-07-26 10:20:35 - [TEST_STEP][PASSED] - delay(3): Delayed 3 second(s)

2021-07-26 10:20:38 - [MESSAGE][PASSED] - Delayed 3 second(s)

2021-07-26 10:20:38 - [TEST_STEP][PASSED] - verifyElementVisible(findTestObject("Configuracion/Elementos del Sistema/Selectores/2Jornada por Oficina/span_App")): Object 'Object Repository/Configuracion/Elementos del Sistema/Selectores/2Jornada por Oficina/span_App' is visible

2021-07-26 10:20:38 - [MESSAGE][PASSED] - Object 'Object Repository/Configuracion/Elementos del Sistema/Selectores/2Jornada por Oficina/span_App' is visible

2021-07-26 10:20:38 - [TEST_STEP][PASSED] - takeFullPageScreenshot(): Taking screenshot successfully

2021-07-26 10:20:40 - [MESSAGE][INFO] - 0 hidden object(s)

2021-07-26 10:20:40 - [MESSAGE][PASSED] - Taking screenshot successfully
[[ATTACHMENT|E:\\CIEL INGENIERIA\\KATALON\\Validaciones\\Reports\\20210726_101831\\0 Jornadas\\Tipo App\\20210726_101831\\1627312838825.png]]

2021-07-26 10:20:40 - [TEST_STEP][PASSED] - delay(3): Delayed 3 second(s)

2021-07-26 10:20:43 - [MESSAGE][PASSED] - Delayed 3 second(s)]]></system-out>
         <system-err><![CDATA[]]></system-err>
      </testcase>
      <system-out><![CDATA[2021-07-26 10:18:49 - [TEST_SUITE][PASSED] - Tipo App: Test Cases/0 Jornadas/Tipo App]]></system-out>
      <system-err><![CDATA[]]></system-err>
   </testsuite>
</testsuites>
