<?xml version="1.0" encoding="UTF-8"?>
<testsuites name="1 Nivel de Visualizacion del arbol de la jerarquia en nuevo servicio" time="241.425" tests="1" failures="0" errors="0">
   <testsuite name="1 Nivel de Visualizacion del arbol de la jerarquia en nuevo servicio" tests="1" failures="0" errors="0" time="241.425" skipped="0" timestamp="2021-06-30 13:58:21" hostname="BILIKI - DESKTOP-HH1RJM2" id="Test Suites/1 Nivel de Visualizacion del arbol de la jerarquia en nuevo servicio">
      <properties>
         <property name="deviceName" value=""/>
         <property name="devicePlatform" value=""/>
         <property name="logFolder" value="E:\\CIEL INGENIERIA\\KATALON\\Validaciones\\Reports\\20210630_135805\\1 Nivel de Visualizacion del arbol de la jerarquia en nuevo servicio\\20210630_135805"/>
         <property name="logFiles" value="E:\\CIEL INGENIERIA\\KATALON\\Validaciones\\Reports\\20210630_135805\\1 Nivel de Visualizacion del arbol de la jerarquia en nuevo servicio\\20210630_135805\\execution0.log"/>
         <property name="attachments" value="E:\\CIEL INGENIERIA\\KATALON\\Validaciones\\Reports\\20210630_135805\\1 Nivel de Visualizacion del arbol de la jerarquia en nuevo servicio\\20210630_135805\\1625079615495.png, E:\\CIEL INGENIERIA\\KATALON\\Validaciones\\Reports\\20210630_135805\\1 Nivel de Visualizacion del arbol de la jerarquia en nuevo servicio\\20210630_135805\\1625079707040.png"/>
         <property name="hostName" value="BILIKI - DESKTOP-HH1RJM2"/>
         <property name="os" value="Windows 10 64bit"/>
         <property name="katalonVersion" value="8.0.5.208"/>
         <property name="browser" value="Chrome 91.0.4472.124"/>
         <property name="hostAddress" value="169.254.12.236"/>
         <property name="sessionId" value="a8741d4787981c51b6b0090a98d6cef0"/>
         <property name="seleniumVersion" value="3.141.59"/>
         <property name="proxyInformation" value="ProxyInformation { proxyOption=NO_PROXY, proxyServerType=HTTP, username=, password=********, proxyServerAddress=, proxyServerPort=0, executionList=&quot;&quot;, isApplyToDesiredCapabilities=true }"/>
         <property name="platform" value="Windows 10"/>
      </properties>
      <testcase name="Test Cases/1 Nivel de Visualizacion del arbol de la jerarquia en nuevo servicio" time="219.048" classname="Test Cases/1 Nivel de Visualizacion del arbol de la jerarquia en nuevo servicio" status="PASSED">
         <system-out><![CDATA[2021-06-30 13:58:23 - [TEST_CASE][PASSED] - Test Cases/1 Nivel de Visualizacion del arbol de la jerarquia en nuevo servicio: Test Cases/1 Nivel de Visualizacion del arbol de la jerarquia en nuevo servicio

2021-06-30 13:58:26 - [TEST_STEP][PASSED] - callTestCase(findTestCase("Inicio Sesion sin variables"), [:], STOP_ON_FAILURE): Call Test Case 'Test Cases/Inicio Sesion sin variables' successfully

2021-06-30 13:58:27 - [TEST_CASE][PASSED] - Test Cases/Inicio Sesion sin variables: Test Cases/Inicio Sesion sin variables

2021-06-30 13:58:29 - [TEST_STEP][PASSED] - openBrowser("http://Localhost:8810"): Browser is opened with url: 'http://Localhost:8810'

2021-06-30 13:58:30 - [MESSAGE][INFO] - Starting 'Chrome' driver

2021-06-30 13:58:31 - [MESSAGE][INFO] - Action delay is set to 0 milliseconds

2021-06-30 13:58:45 - [MESSAGE][PASSED] - Browser is opened with url: 'http://Localhost:8810'

2021-06-30 13:58:45 - [TEST_STEP][PASSED] - maximizeWindow(): Current window maximized

2021-06-30 13:58:45 - [MESSAGE][PASSED] - Current window maximized

2021-06-30 13:58:45 - [TEST_STEP][PASSED] - setText(findTestObject("0Inicio Sesion/input__Usuario"), "ciel"): Text 'ciel' is set on object 'Object Repository/0Inicio Sesion/input__Usuario'

2021-06-30 13:58:48 - [MESSAGE][PASSED] - Text 'ciel' is set on object 'Object Repository/0Inicio Sesion/input__Usuario'

2021-06-30 13:58:48 - [TEST_STEP][PASSED] - setText(findTestObject("0Inicio Sesion/input__Clave"), "digiturno"): Text 'digiturno' is set on object 'Object Repository/0Inicio Sesion/input__Clave'

2021-06-30 13:58:49 - [MESSAGE][PASSED] - Text 'digiturno' is set on object 'Object Repository/0Inicio Sesion/input__Clave'

2021-06-30 13:58:49 - [TEST_STEP][PASSED] - click(findTestObject("0Inicio Sesion/btn_IniciarSesion")): Object: 'Object Repository/0Inicio Sesion/btn_IniciarSesion' is clicked on

2021-06-30 13:58:50 - [MESSAGE][PASSED] - Object: 'Object Repository/0Inicio Sesion/btn_IniciarSesion' is clicked on

2021-06-30 13:58:50 - [TEST_STEP][PASSED] - delay(3): Delayed 3 second(s)

2021-06-30 13:58:53 - [MESSAGE][PASSED] - Delayed 3 second(s)

2021-06-30 13:58:53 - [MESSAGE][PASSED] - Call Test Case 'Test Cases/Inicio Sesion sin variables' successfully

2021-06-30 13:58:53 - [TEST_STEP][PASSED] - click(findTestObject("1Inicio/img_Configuracion")): Object: 'Object Repository/1Inicio/img_Configuracion' is clicked on

2021-06-30 13:58:59 - [MESSAGE][PASSED] - Object: 'Object Repository/1Inicio/img_Configuracion' is clicked on

2021-06-30 13:58:59 - [TEST_STEP][PASSED] - delay(3): Delayed 3 second(s)

2021-06-30 13:59:02 - [MESSAGE][PASSED] - Delayed 3 second(s)

2021-06-30 13:59:02 - [TEST_STEP][PASSED] - click(findTestObject("Configuracion/1Principal/img_Distribucion Geografica")): Object: 'Object Repository/Configuracion/1Principal/img_Distribucion Geografica' is clicked on

2021-06-30 13:59:04 - [MESSAGE][PASSED] - Object: 'Object Repository/Configuracion/1Principal/img_Distribucion Geografica' is clicked on

2021-06-30 13:59:04 - [TEST_STEP][PASSED] - delay(3): Delayed 3 second(s)

2021-06-30 13:59:07 - [MESSAGE][PASSED] - Delayed 3 second(s)

2021-06-30 13:59:07 - [TEST_STEP][PASSED] - click(findTestObject("Configuracion/Distribucion Geografica/1Principal/img_Grupos")): Object: 'Object Repository/Configuracion/Distribucion Geografica/1Principal/img_Grupos' is clicked on

2021-06-30 13:59:09 - [MESSAGE][PASSED] - Object: 'Object Repository/Configuracion/Distribucion Geografica/1Principal/img_Grupos' is clicked on

2021-06-30 13:59:09 - [TEST_STEP][PASSED] - delay(3): Delayed 3 second(s)

2021-06-30 13:59:12 - [MESSAGE][PASSED] - Delayed 3 second(s)

2021-06-30 13:59:12 - [TEST_STEP][PASSED] - click(findTestObject("Configuracion/Distribucion Geografica/Grupos/0Oficinas Emergente/a_Seleccionar")): Object: 'Object Repository/Configuracion/Distribucion Geografica/Grupos/0Oficinas Emergente/a_Seleccionar' is clicked on

2021-06-30 13:59:13 - [MESSAGE][PASSED] - Object: 'Object Repository/Configuracion/Distribucion Geografica/Grupos/0Oficinas Emergente/a_Seleccionar' is clicked on

2021-06-30 13:59:13 - [TEST_STEP][PASSED] - delay(3): Delayed 3 second(s)

2021-06-30 13:59:16 - [MESSAGE][PASSED] - Delayed 3 second(s)

2021-06-30 13:59:16 - [TEST_STEP][PASSED] - click(findTestObject("Configuracion/Distribucion Geografica/Grupos/Lista de Grupos/0General/a_Seleccionar")): Object: 'Object Repository/Configuracion/Distribucion Geografica/Grupos/Lista de Grupos/0General/a_Seleccionar' is clicked on

2021-06-30 13:59:17 - [MESSAGE][PASSED] - Object: 'Object Repository/Configuracion/Distribucion Geografica/Grupos/Lista de Grupos/0General/a_Seleccionar' is clicked on

2021-06-30 13:59:17 - [TEST_STEP][PASSED] - scrollToPosition(10, 800): Browser is scrolled to position x = 10, y = 800

2021-06-30 13:59:17 - [MESSAGE][PASSED] - Browser is scrolled to position x = 10, y = 800

2021-06-30 13:59:17 - [TEST_STEP][PASSED] - delay(3): Delayed 3 second(s)

2021-06-30 13:59:20 - [MESSAGE][PASSED] - Delayed 3 second(s)

2021-06-30 13:59:20 - [TEST_STEP][PASSED] - selectOptionByLabel(findTestObject("Configuracion/Distribucion Geografica/Grupos/Edicion/select_NivelVisualizacionenNuevoServicio"), "Todos", false): All options with label 'Todos' are selected in object 'Object Repository/Configuracion/Distribucion Geografica/Grupos/Edicion/select_NivelVisualizacionenNuevoServicio' 

2021-06-30 13:59:21 - [MESSAGE][PASSED] - All options with label 'Todos' are selected in object 'Object Repository/Configuracion/Distribucion Geografica/Grupos/Edicion/select_NivelVisualizacionenNuevoServicio' 

2021-06-30 13:59:21 - [TEST_STEP][PASSED] - delay(3): Delayed 3 second(s)

2021-06-30 13:59:24 - [MESSAGE][PASSED] - Delayed 3 second(s)

2021-06-30 13:59:24 - [TEST_STEP][PASSED] - scrollToPosition(0, 0): Browser is scrolled to position x = 0, y = 0

2021-06-30 13:59:24 - [MESSAGE][PASSED] - Browser is scrolled to position x = 0, y = 0

2021-06-30 13:59:24 - [TEST_STEP][PASSED] - delay(3): Delayed 3 second(s)

2021-06-30 13:59:27 - [MESSAGE][PASSED] - Delayed 3 second(s)

2021-06-30 13:59:27 - [TEST_STEP][PASSED] - click(findTestObject("Configuracion/Distribucion Geografica/Grupos/Botones/img_Actualizar")): Object: 'Object Repository/Configuracion/Distribucion Geografica/Grupos/Botones/img_Actualizar' is clicked on

2021-06-30 13:59:28 - [MESSAGE][PASSED] - Object: 'Object Repository/Configuracion/Distribucion Geografica/Grupos/Botones/img_Actualizar' is clicked on

2021-06-30 13:59:28 - [TEST_STEP][PASSED] - delay(3): Delayed 3 second(s)

2021-06-30 13:59:31 - [MESSAGE][PASSED] - Delayed 3 second(s)

2021-06-30 13:59:31 - [TEST_STEP][PASSED] - click(findTestObject("1Inicio/a_Inicio")): Object: 'Object Repository/1Inicio/a_Inicio' is clicked on

2021-06-30 13:59:33 - [MESSAGE][PASSED] - Object: 'Object Repository/1Inicio/a_Inicio' is clicked on

2021-06-30 13:59:33 - [TEST_STEP][PASSED] - delay(3): Delayed 3 second(s)

2021-06-30 13:59:36 - [MESSAGE][PASSED] - Delayed 3 second(s)

2021-06-30 13:59:36 - [TEST_STEP][PASSED] - click(findTestObject("1Inicio/img_Operacion")): Object: 'Object Repository/1Inicio/img_Operacion' is clicked on

2021-06-30 13:59:37 - [MESSAGE][PASSED] - Object: 'Object Repository/1Inicio/img_Operacion' is clicked on

2021-06-30 13:59:37 - [TEST_STEP][PASSED] - delay(3): Delayed 3 second(s)

2021-06-30 13:59:40 - [MESSAGE][PASSED] - Delayed 3 second(s)

2021-06-30 13:59:40 - [TEST_STEP][PASSED] - click(findTestObject("2 Operacion/Elementos Del Sistema")): Object: 'Object Repository/2 Operacion/Elementos Del Sistema' is clicked on

2021-06-30 13:59:41 - [MESSAGE][PASSED] - Object: 'Object Repository/2 Operacion/Elementos Del Sistema' is clicked on

2021-06-30 13:59:41 - [TEST_STEP][PASSED] - delay(3): Delayed 3 second(s)

2021-06-30 13:59:44 - [MESSAGE][PASSED] - Delayed 3 second(s)

2021-06-30 13:59:44 - [TEST_STEP][PASSED] - click(findTestObject("2 Operacion/Elementos del Sistema/img_Terminales")): Object: 'Object Repository/2 Operacion/Elementos del Sistema/img_Terminales' is clicked on

2021-06-30 13:59:46 - [MESSAGE][PASSED] - Object: 'Object Repository/2 Operacion/Elementos del Sistema/img_Terminales' is clicked on

2021-06-30 13:59:46 - [TEST_STEP][PASSED] - delay(3): Delayed 3 second(s)

2021-06-30 13:59:49 - [MESSAGE][PASSED] - Delayed 3 second(s)

2021-06-30 13:59:49 - [TEST_STEP][PASSED] - click(findTestObject("2 Operacion/Elementos del Sistema/Terminales/00Oficinas/a_Bogota - CIEL")): Object: 'Object Repository/2 Operacion/Elementos del Sistema/Terminales/00Oficinas/a_Bogota - CIEL' is clicked on

2021-06-30 13:59:49 - [MESSAGE][PASSED] - Object: 'Object Repository/2 Operacion/Elementos del Sistema/Terminales/00Oficinas/a_Bogota - CIEL' is clicked on

2021-06-30 13:59:49 - [TEST_STEP][PASSED] - delay(3): Delayed 3 second(s)

2021-06-30 13:59:52 - [MESSAGE][PASSED] - Delayed 3 second(s)

2021-06-30 13:59:52 - [TEST_STEP][PASSED] - click(findTestObject("2 Operacion/Elementos del Sistema/Terminales/1Terminales menos WorkFlow/a_Terminal Informacion A01")): Object: 'Object Repository/2 Operacion/Elementos del Sistema/Terminales/1Terminales menos WorkFlow/a_Terminal Informacion A01' is clicked on

2021-06-30 13:59:53 - [MESSAGE][PASSED] - Object: 'Object Repository/2 Operacion/Elementos del Sistema/Terminales/1Terminales menos WorkFlow/a_Terminal Informacion A01' is clicked on

2021-06-30 13:59:53 - [TEST_STEP][PASSED] - delay(3): Delayed 3 second(s)

2021-06-30 13:59:56 - [MESSAGE][PASSED] - Delayed 3 second(s)

2021-06-30 13:59:56 - [TEST_STEP][PASSED] - click(findTestObject("2 Operacion/Elementos del Sistema/Terminales/Terminal/Funciones Basicas/img_Llamar")): Object: 'Object Repository/2 Operacion/Elementos del Sistema/Terminales/Terminal/Funciones Basicas/img_Llamar' is clicked on

2021-06-30 13:59:59 - [MESSAGE][PASSED] - Object: 'Object Repository/2 Operacion/Elementos del Sistema/Terminales/Terminal/Funciones Basicas/img_Llamar' is clicked on

2021-06-30 13:59:59 - [TEST_STEP][PASSED] - delay(3): Delayed 3 second(s)

2021-06-30 14:00:02 - [MESSAGE][PASSED] - Delayed 3 second(s)

2021-06-30 14:00:02 - [TEST_STEP][PASSED] - click(findTestObject("2 Operacion/Elementos del Sistema/Terminales/Terminal/Funciones Basicas/img_Ocupado")): Object: 'Object Repository/2 Operacion/Elementos del Sistema/Terminales/Terminal/Funciones Basicas/img_Ocupado' is clicked on

2021-06-30 14:00:03 - [MESSAGE][PASSED] - Object: 'Object Repository/2 Operacion/Elementos del Sistema/Terminales/Terminal/Funciones Basicas/img_Ocupado' is clicked on

2021-06-30 14:00:03 - [TEST_STEP][PASSED] - delay(3): Delayed 3 second(s)

2021-06-30 14:00:06 - [MESSAGE][PASSED] - Delayed 3 second(s)

2021-06-30 14:00:06 - [TEST_STEP][PASSED] - click(findTestObject("2 Operacion/Elementos del Sistema/Terminales/Terminal/Funciones Basicas/imgOcupado/a_Actualizacion de Datos")): Object: 'Object Repository/2 Operacion/Elementos del Sistema/Terminales/Terminal/Funciones Basicas/imgOcupado/a_Actualizacion de Datos' is clicked on

2021-06-30 14:00:08 - [MESSAGE][PASSED] - Object: 'Object Repository/2 Operacion/Elementos del Sistema/Terminales/Terminal/Funciones Basicas/imgOcupado/a_Actualizacion de Datos' is clicked on

2021-06-30 14:00:08 - [TEST_STEP][PASSED] - delay(3): Delayed 3 second(s)

2021-06-30 14:00:11 - [MESSAGE][PASSED] - Delayed 3 second(s)

2021-06-30 14:00:11 - [TEST_STEP][PASSED] - click(findTestObject("2 Operacion/Elementos del Sistema/Terminales/Terminal/Funciones Adicionales/img_Nueva Transaccion")): Object: 'Object Repository/2 Operacion/Elementos del Sistema/Terminales/Terminal/Funciones Adicionales/img_Nueva Transaccion' is clicked on

2021-06-30 14:00:12 - [MESSAGE][PASSED] - Object: 'Object Repository/2 Operacion/Elementos del Sistema/Terminales/Terminal/Funciones Adicionales/img_Nueva Transaccion' is clicked on

2021-06-30 14:00:12 - [TEST_STEP][PASSED] - delay(3): Delayed 3 second(s)

2021-06-30 14:00:15 - [MESSAGE][PASSED] - Delayed 3 second(s)

2021-06-30 14:00:15 - [TEST_STEP][PASSED] - takeFullPageScreenshot(): Taking screenshot successfully

2021-06-30 14:00:16 - [MESSAGE][INFO] - 0 hidden object(s)

2021-06-30 14:00:16 - [MESSAGE][PASSED] - Taking screenshot successfully
[[ATTACHMENT|E:\\CIEL INGENIERIA\\KATALON\\Validaciones\\Reports\\20210630_135805\\1 Nivel de Visualizacion del arbol de la jerarquia en nuevo servicio\\20210630_135805\\1625079615495.png]]

2021-06-30 14:00:16 - [TEST_STEP][PASSED] - delay(3): Delayed 3 second(s)

2021-06-30 14:00:19 - [MESSAGE][PASSED] - Delayed 3 second(s)

2021-06-30 14:00:19 - [TEST_STEP][PASSED] - sendKeys(findTestObject(null), Keys.chord(ESCAPE)): Keys 'ESCAPE + ' sent to object: 'tempBody'

2021-06-30 14:00:19 - [MESSAGE][WARNING] - Test object id is null

2021-06-30 14:00:19 - [MESSAGE][WARNING] - Test object with id 'Object Repository/' does not exist

2021-06-30 14:00:20 - [MESSAGE][PASSED] - Keys 'ESCAPE + ' sent to object: 'tempBody'

2021-06-30 14:00:20 - [TEST_STEP][PASSED] - delay(3): Delayed 3 second(s)

2021-06-30 14:00:23 - [MESSAGE][PASSED] - Delayed 3 second(s)

2021-06-30 14:00:23 - [TEST_STEP][PASSED] - click(findTestObject("2 Operacion/Elementos del Sistema/Terminales/Terminal/Funciones Basicas/img_Cerrar")): Object: 'Object Repository/2 Operacion/Elementos del Sistema/Terminales/Terminal/Funciones Basicas/img_Cerrar' is clicked on

2021-06-30 14:00:24 - [MESSAGE][PASSED] - Object: 'Object Repository/2 Operacion/Elementos del Sistema/Terminales/Terminal/Funciones Basicas/img_Cerrar' is clicked on

2021-06-30 14:00:24 - [TEST_STEP][PASSED] - delay(3): Delayed 3 second(s)

2021-06-30 14:00:27 - [MESSAGE][PASSED] - Delayed 3 second(s)

2021-06-30 14:00:27 - [TEST_STEP][PASSED] - click(findTestObject("2 Operacion/Elementos del Sistema/Terminales/Terminal/Funciones Basicas/imgCerrar/btn_FindeJornada")): Object: 'Object Repository/2 Operacion/Elementos del Sistema/Terminales/Terminal/Funciones Basicas/imgCerrar/btn_FindeJornada' is clicked on

2021-06-30 14:00:28 - [MESSAGE][PASSED] - Object: 'Object Repository/2 Operacion/Elementos del Sistema/Terminales/Terminal/Funciones Basicas/imgCerrar/btn_FindeJornada' is clicked on

2021-06-30 14:00:28 - [TEST_STEP][PASSED] - navigateToUrl("http://localhost:8810/Paginas/Configuracion/DistribucionGeografica/Grupos.aspx"): Navigate to 'http://localhost:8810/Paginas/Configuracion/DistribucionGeografica/Grupos.aspx' successfully

2021-06-30 14:00:29 - [MESSAGE][PASSED] - Navigate to 'http://localhost:8810/Paginas/Configuracion/DistribucionGeografica/Grupos.aspx' successfully

2021-06-30 14:00:29 - [TEST_STEP][PASSED] - acceptAlert(): Alert accepted

2021-06-30 14:00:29 - [MESSAGE][PASSED] - Alert accepted

2021-06-30 14:00:29 - [TEST_STEP][PASSED] - click(findTestObject("Configuracion/Distribucion Geografica/Grupos/0Oficinas Emergente/a_Seleccionar")): Object: 'Object Repository/Configuracion/Distribucion Geografica/Grupos/0Oficinas Emergente/a_Seleccionar' is clicked on

2021-06-30 14:00:41 - [MESSAGE][PASSED] - Object: 'Object Repository/Configuracion/Distribucion Geografica/Grupos/0Oficinas Emergente/a_Seleccionar' is clicked on

2021-06-30 14:00:41 - [TEST_STEP][PASSED] - delay(3): Delayed 3 second(s)

2021-06-30 14:00:44 - [MESSAGE][PASSED] - Delayed 3 second(s)

2021-06-30 14:00:44 - [TEST_STEP][PASSED] - click(findTestObject("Configuracion/Distribucion Geografica/Grupos/Lista de Grupos/0General/a_Seleccionar")): Object: 'Object Repository/Configuracion/Distribucion Geografica/Grupos/Lista de Grupos/0General/a_Seleccionar' is clicked on

2021-06-30 14:00:45 - [MESSAGE][PASSED] - Object: 'Object Repository/Configuracion/Distribucion Geografica/Grupos/Lista de Grupos/0General/a_Seleccionar' is clicked on

2021-06-30 14:00:45 - [TEST_STEP][PASSED] - delay(3): Delayed 3 second(s)

2021-06-30 14:00:48 - [MESSAGE][PASSED] - Delayed 3 second(s)

2021-06-30 14:00:48 - [TEST_STEP][PASSED] - scrollToPosition(10, 800): Browser is scrolled to position x = 10, y = 800

2021-06-30 14:00:48 - [MESSAGE][PASSED] - Browser is scrolled to position x = 10, y = 800

2021-06-30 14:00:48 - [TEST_STEP][PASSED] - delay(3): Delayed 3 second(s)

2021-06-30 14:00:51 - [MESSAGE][PASSED] - Delayed 3 second(s)

2021-06-30 14:00:51 - [TEST_STEP][PASSED] - selectOptionByIndex(findTestObject("Configuracion/Distribucion Geografica/Grupos/Edicion/select_NivelVisualizacionenNuevoServicio"), 2, STOP_ON_FAILURE): All options with index in [2] are selected on object 'Object Repository/Configuracion/Distribucion Geografica/Grupos/Edicion/select_NivelVisualizacionenNuevoServicio'

2021-06-30 14:00:52 - [MESSAGE][PASSED] - All options with index in [2] are selected on object 'Object Repository/Configuracion/Distribucion Geografica/Grupos/Edicion/select_NivelVisualizacionenNuevoServicio'

2021-06-30 14:00:52 - [TEST_STEP][PASSED] - delay(3): Delayed 3 second(s)

2021-06-30 14:00:55 - [MESSAGE][PASSED] - Delayed 3 second(s)

2021-06-30 14:00:55 - [TEST_STEP][PASSED] - scrollToPosition(0, 0): Browser is scrolled to position x = 0, y = 0

2021-06-30 14:00:55 - [MESSAGE][PASSED] - Browser is scrolled to position x = 0, y = 0

2021-06-30 14:00:55 - [TEST_STEP][PASSED] - delay(3): Delayed 3 second(s)

2021-06-30 14:00:58 - [MESSAGE][PASSED] - Delayed 3 second(s)

2021-06-30 14:00:58 - [TEST_STEP][PASSED] - click(findTestObject("Configuracion/Distribucion Geografica/Grupos/Botones/img_Actualizar")): Object: 'Object Repository/Configuracion/Distribucion Geografica/Grupos/Botones/img_Actualizar' is clicked on

2021-06-30 14:00:59 - [MESSAGE][PASSED] - Object: 'Object Repository/Configuracion/Distribucion Geografica/Grupos/Botones/img_Actualizar' is clicked on

2021-06-30 14:00:59 - [TEST_STEP][PASSED] - delay(3): Delayed 3 second(s)

2021-06-30 14:01:02 - [MESSAGE][PASSED] - Delayed 3 second(s)

2021-06-30 14:01:02 - [TEST_STEP][PASSED] - click(findTestObject("1Inicio/a_Inicio")): Object: 'Object Repository/1Inicio/a_Inicio' is clicked on

2021-06-30 14:01:04 - [MESSAGE][PASSED] - Object: 'Object Repository/1Inicio/a_Inicio' is clicked on

2021-06-30 14:01:04 - [TEST_STEP][PASSED] - delay(3): Delayed 3 second(s)

2021-06-30 14:01:07 - [MESSAGE][PASSED] - Delayed 3 second(s)

2021-06-30 14:01:07 - [TEST_STEP][PASSED] - click(findTestObject("1Inicio/img_Operacion")): Object: 'Object Repository/1Inicio/img_Operacion' is clicked on

2021-06-30 14:01:08 - [MESSAGE][PASSED] - Object: 'Object Repository/1Inicio/img_Operacion' is clicked on

2021-06-30 14:01:08 - [TEST_STEP][PASSED] - delay(3): Delayed 3 second(s)

2021-06-30 14:01:11 - [MESSAGE][PASSED] - Delayed 3 second(s)

2021-06-30 14:01:11 - [TEST_STEP][PASSED] - click(findTestObject("2 Operacion/Elementos Del Sistema")): Object: 'Object Repository/2 Operacion/Elementos Del Sistema' is clicked on

2021-06-30 14:01:13 - [MESSAGE][PASSED] - Object: 'Object Repository/2 Operacion/Elementos Del Sistema' is clicked on

2021-06-30 14:01:13 - [TEST_STEP][PASSED] - delay(3): Delayed 3 second(s)

2021-06-30 14:01:16 - [MESSAGE][PASSED] - Delayed 3 second(s)

2021-06-30 14:01:16 - [TEST_STEP][PASSED] - click(findTestObject("2 Operacion/Elementos del Sistema/img_Terminales")): Object: 'Object Repository/2 Operacion/Elementos del Sistema/img_Terminales' is clicked on

2021-06-30 14:01:17 - [MESSAGE][PASSED] - Object: 'Object Repository/2 Operacion/Elementos del Sistema/img_Terminales' is clicked on

2021-06-30 14:01:17 - [TEST_STEP][PASSED] - delay(3): Delayed 3 second(s)

2021-06-30 14:01:20 - [MESSAGE][PASSED] - Delayed 3 second(s)

2021-06-30 14:01:20 - [TEST_STEP][PASSED] - click(findTestObject("2 Operacion/Elementos del Sistema/Terminales/00Oficinas/a_Bogota - CIEL")): Object: 'Object Repository/2 Operacion/Elementos del Sistema/Terminales/00Oficinas/a_Bogota - CIEL' is clicked on

2021-06-30 14:01:21 - [MESSAGE][PASSED] - Object: 'Object Repository/2 Operacion/Elementos del Sistema/Terminales/00Oficinas/a_Bogota - CIEL' is clicked on

2021-06-30 14:01:21 - [TEST_STEP][PASSED] - delay(3): Delayed 3 second(s)

2021-06-30 14:01:24 - [MESSAGE][PASSED] - Delayed 3 second(s)

2021-06-30 14:01:24 - [TEST_STEP][PASSED] - click(findTestObject("2 Operacion/Elementos del Sistema/Terminales/1Terminales menos WorkFlow/a_Terminal Informacion A01")): Object: 'Object Repository/2 Operacion/Elementos del Sistema/Terminales/1Terminales menos WorkFlow/a_Terminal Informacion A01' is clicked on

2021-06-30 14:01:24 - [MESSAGE][PASSED] - Object: 'Object Repository/2 Operacion/Elementos del Sistema/Terminales/1Terminales menos WorkFlow/a_Terminal Informacion A01' is clicked on

2021-06-30 14:01:24 - [TEST_STEP][PASSED] - delay(3): Delayed 3 second(s)

2021-06-30 14:01:27 - [MESSAGE][PASSED] - Delayed 3 second(s)

2021-06-30 14:01:27 - [TEST_STEP][PASSED] - click(findTestObject("2 Operacion/Elementos del Sistema/Terminales/Terminal/Funciones Basicas/img_Llamar")): Object: 'Object Repository/2 Operacion/Elementos del Sistema/Terminales/Terminal/Funciones Basicas/img_Llamar' is clicked on

2021-06-30 14:01:29 - [MESSAGE][PASSED] - Object: 'Object Repository/2 Operacion/Elementos del Sistema/Terminales/Terminal/Funciones Basicas/img_Llamar' is clicked on

2021-06-30 14:01:29 - [TEST_STEP][PASSED] - click(findTestObject("2 Operacion/Elementos del Sistema/Terminales/Terminal/Funciones Basicas/img_Ocupado")): Object: 'Object Repository/2 Operacion/Elementos del Sistema/Terminales/Terminal/Funciones Basicas/img_Ocupado' is clicked on

2021-06-30 14:01:32 - [MESSAGE][PASSED] - Object: 'Object Repository/2 Operacion/Elementos del Sistema/Terminales/Terminal/Funciones Basicas/img_Ocupado' is clicked on

2021-06-30 14:01:32 - [TEST_STEP][PASSED] - delay(3): Delayed 3 second(s)

2021-06-30 14:01:35 - [MESSAGE][PASSED] - Delayed 3 second(s)

2021-06-30 14:01:35 - [TEST_STEP][PASSED] - delay(3): Delayed 3 second(s)

2021-06-30 14:01:38 - [MESSAGE][PASSED] - Delayed 3 second(s)

2021-06-30 14:01:38 - [TEST_STEP][PASSED] - click(findTestObject("2 Operacion/Elementos del Sistema/Terminales/Terminal/Funciones Basicas/imgOcupado/a_Actualizacion de Datos")): Object: 'Object Repository/2 Operacion/Elementos del Sistema/Terminales/Terminal/Funciones Basicas/imgOcupado/a_Actualizacion de Datos' is clicked on

2021-06-30 14:01:39 - [MESSAGE][PASSED] - Object: 'Object Repository/2 Operacion/Elementos del Sistema/Terminales/Terminal/Funciones Basicas/imgOcupado/a_Actualizacion de Datos' is clicked on

2021-06-30 14:01:39 - [TEST_STEP][PASSED] - delay(3): Delayed 3 second(s)

2021-06-30 14:01:42 - [MESSAGE][PASSED] - Delayed 3 second(s)

2021-06-30 14:01:42 - [TEST_STEP][PASSED] - click(findTestObject("2 Operacion/Elementos del Sistema/Terminales/Terminal/Funciones Adicionales/img_Nueva Transaccion")): Object: 'Object Repository/2 Operacion/Elementos del Sistema/Terminales/Terminal/Funciones Adicionales/img_Nueva Transaccion' is clicked on

2021-06-30 14:01:44 - [MESSAGE][PASSED] - Object: 'Object Repository/2 Operacion/Elementos del Sistema/Terminales/Terminal/Funciones Adicionales/img_Nueva Transaccion' is clicked on

2021-06-30 14:01:44 - [TEST_STEP][PASSED] - delay(3): Delayed 3 second(s)

2021-06-30 14:01:47 - [MESSAGE][PASSED] - Delayed 3 second(s)

2021-06-30 14:01:47 - [TEST_STEP][PASSED] - takeFullPageScreenshot(): Taking screenshot successfully

2021-06-30 14:01:47 - [MESSAGE][INFO] - 0 hidden object(s)

2021-06-30 14:01:48 - [MESSAGE][PASSED] - Taking screenshot successfully
[[ATTACHMENT|E:\\CIEL INGENIERIA\\KATALON\\Validaciones\\Reports\\20210630_135805\\1 Nivel de Visualizacion del arbol de la jerarquia en nuevo servicio\\20210630_135805\\1625079707040.png]]

2021-06-30 14:01:48 - [TEST_STEP][PASSED] - delay(3): Delayed 3 second(s)

2021-06-30 14:01:51 - [MESSAGE][PASSED] - Delayed 3 second(s)

2021-06-30 14:01:51 - [TEST_STEP][PASSED] - sendKeys(findTestObject(null), Keys.chord(ESCAPE)): Keys 'ESCAPE + ' sent to object: 'tempBody'

2021-06-30 14:01:51 - [MESSAGE][WARNING] - Test object id is null

2021-06-30 14:01:51 - [MESSAGE][WARNING] - Test object with id 'Object Repository/' does not exist

2021-06-30 14:01:51 - [MESSAGE][PASSED] - Keys 'ESCAPE + ' sent to object: 'tempBody'

2021-06-30 14:01:51 - [TEST_STEP][PASSED] - delay(3): Delayed 3 second(s)

2021-06-30 14:01:54 - [MESSAGE][PASSED] - Delayed 3 second(s)

2021-06-30 14:01:54 - [TEST_STEP][PASSED] - click(findTestObject("2 Operacion/Elementos del Sistema/Terminales/Terminal/Funciones Basicas/img_Cerrar")): Object: 'Object Repository/2 Operacion/Elementos del Sistema/Terminales/Terminal/Funciones Basicas/img_Cerrar' is clicked on

2021-06-30 14:01:55 - [MESSAGE][PASSED] - Object: 'Object Repository/2 Operacion/Elementos del Sistema/Terminales/Terminal/Funciones Basicas/img_Cerrar' is clicked on

2021-06-30 14:01:55 - [TEST_STEP][PASSED] - delay(3): Delayed 3 second(s)

2021-06-30 14:01:58 - [MESSAGE][PASSED] - Delayed 3 second(s)

2021-06-30 14:01:58 - [TEST_STEP][PASSED] - click(findTestObject("2 Operacion/Elementos del Sistema/Terminales/Terminal/Funciones Basicas/imgCerrar/btn_FindeJornada")): Object: 'Object Repository/2 Operacion/Elementos del Sistema/Terminales/Terminal/Funciones Basicas/imgCerrar/btn_FindeJornada' is clicked on

2021-06-30 14:01:59 - [MESSAGE][PASSED] - Object: 'Object Repository/2 Operacion/Elementos del Sistema/Terminales/Terminal/Funciones Basicas/imgCerrar/btn_FindeJornada' is clicked on

2021-06-30 14:01:59 - [TEST_STEP][PASSED] - delay(3): Delayed 3 second(s)

2021-06-30 14:02:02 - [MESSAGE][PASSED] - Delayed 3 second(s)]]></system-out>
         <system-err><![CDATA[]]></system-err>
      </testcase>
      <system-out><![CDATA[2021-06-30 13:58:21 - [TEST_SUITE][PASSED] - 1 Nivel de Visualizacion del arbol de la jerarquia en nuevo servicio: Test Cases/1 Nivel de Visualizacion del arbol de la jerarquia en nuevo servicio]]></system-out>
      <system-err><![CDATA[]]></system-err>
   </testsuite>
</testsuites>
