<?xml version="1.0" encoding="UTF-8"?>
<testsuites name="Tipo Kiosco" time="155.382" tests="1" failures="0" errors="0">
   <testsuite name="Tipo Kiosco" tests="1" failures="0" errors="0" time="155.382" skipped="0" timestamp="2021-07-26 09:53:51" hostname="BILIKI - DESKTOP-HH1RJM2" id="Test Suites/0 Jornadas/Tipo Kiosco">
      <properties>
         <property name="deviceName" value=""/>
         <property name="devicePlatform" value=""/>
         <property name="logFolder" value="E:\\CIEL INGENIERIA\\KATALON\\Validaciones\\Reports\\20210726_095329\\0 Jornadas\\Tipo Kiosco\\20210726_095329"/>
         <property name="logFiles" value="E:\\CIEL INGENIERIA\\KATALON\\Validaciones\\Reports\\20210726_095329\\0 Jornadas\\Tipo Kiosco\\20210726_095329\\execution0.log"/>
         <property name="attachments" value="E:\\CIEL INGENIERIA\\KATALON\\Validaciones\\Reports\\20210726_095329\\0 Jornadas\\Tipo Kiosco\\20210726_095329\\1627311317416.png, E:\\CIEL INGENIERIA\\KATALON\\Validaciones\\Reports\\20210726_095329\\0 Jornadas\\Tipo Kiosco\\20210726_095329\\1627311362472.png"/>
         <property name="hostName" value="BILIKI - DESKTOP-HH1RJM2"/>
         <property name="os" value="Windows 10 64bit"/>
         <property name="katalonVersion" value="8.0.5.208"/>
         <property name="browser" value="Chrome 92.0.4515.107"/>
         <property name="hostAddress" value="169.254.142.112"/>
         <property name="sessionId" value="8690c79d8e8424fff2df755870f5aa49"/>
         <property name="seleniumVersion" value="3.141.59"/>
         <property name="proxyInformation" value="ProxyInformation { proxyOption=NO_PROXY, proxyServerType=HTTP, username=, password=********, proxyServerAddress=, proxyServerPort=0, executionList=&quot;&quot;, isApplyToDesiredCapabilities=true }"/>
         <property name="platform" value="Windows 10"/>
      </properties>
      <testcase name="Test Cases/0 Jornadas/Tipo Kiosco" time="134.968" classname="Test Cases/0 Jornadas/Tipo Kiosco" status="PASSED">
         <system-out><![CDATA[2021-07-26 09:53:52 - [TEST_CASE][PASSED] - Test Cases/0 Jornadas/Tipo Kiosco: Test Cases/0 Jornadas/Tipo Kiosco

2021-07-26 09:53:54 - [TEST_STEP][PASSED] - callTestCase(findTestCase("Inicio Sesion sin variables"), [:], STOP_ON_FAILURE): Call Test Case 'Test Cases/Inicio Sesion sin variables' successfully

2021-07-26 09:53:55 - [TEST_CASE][PASSED] - Test Cases/Inicio Sesion sin variables: Test Cases/Inicio Sesion sin variables

2021-07-26 09:53:56 - [TEST_STEP][PASSED] - openBrowser("http://Localhost:8810"): Browser is opened with url: 'http://Localhost:8810'

2021-07-26 09:53:57 - [MESSAGE][INFO] - Starting 'Chrome' driver

2021-07-26 09:53:58 - [MESSAGE][INFO] - Action delay is set to 0 milliseconds

2021-07-26 09:54:25 - [MESSAGE][PASSED] - Browser is opened with url: 'http://Localhost:8810'

2021-07-26 09:54:25 - [TEST_STEP][PASSED] - maximizeWindow(): Current window maximized

2021-07-26 09:54:26 - [MESSAGE][PASSED] - Current window maximized

2021-07-26 09:54:26 - [TEST_STEP][PASSED] - setText(findTestObject("0Inicio Sesion/input__Usuario"), "ciel"): Text 'ciel' is set on object 'Object Repository/0Inicio Sesion/input__Usuario'

2021-07-26 09:54:27 - [MESSAGE][PASSED] - Text 'ciel' is set on object 'Object Repository/0Inicio Sesion/input__Usuario'

2021-07-26 09:54:27 - [TEST_STEP][PASSED] - setText(findTestObject("0Inicio Sesion/input__Clave"), "digiturno"): Text 'digiturno' is set on object 'Object Repository/0Inicio Sesion/input__Clave'

2021-07-26 09:54:29 - [MESSAGE][PASSED] - Text 'digiturno' is set on object 'Object Repository/0Inicio Sesion/input__Clave'

2021-07-26 09:54:29 - [TEST_STEP][PASSED] - click(findTestObject("0Inicio Sesion/btn_IniciarSesion")): Object: 'Object Repository/0Inicio Sesion/btn_IniciarSesion' is clicked on

2021-07-26 09:54:29 - [MESSAGE][PASSED] - Object: 'Object Repository/0Inicio Sesion/btn_IniciarSesion' is clicked on

2021-07-26 09:54:29 - [TEST_STEP][PASSED] - delay(3): Delayed 3 second(s)

2021-07-26 09:54:33 - [MESSAGE][PASSED] - Delayed 3 second(s)

2021-07-26 09:54:33 - [MESSAGE][PASSED] - Call Test Case 'Test Cases/Inicio Sesion sin variables' successfully

2021-07-26 09:54:33 - [TEST_STEP][PASSED] - click(findTestObject("1Inicio/img_Configuracion")): Object: 'Object Repository/1Inicio/img_Configuracion' is clicked on

2021-07-26 09:54:40 - [MESSAGE][PASSED] - Object: 'Object Repository/1Inicio/img_Configuracion' is clicked on

2021-07-26 09:54:40 - [TEST_STEP][PASSED] - delay(3): Delayed 3 second(s)

2021-07-26 09:54:43 - [MESSAGE][PASSED] - Delayed 3 second(s)

2021-07-26 09:54:43 - [TEST_STEP][PASSED] - click(findTestObject("Configuracion/1Principal/img_Jornadas de Atencion")): Object: 'Object Repository/Configuracion/1Principal/img_Jornadas de Atencion' is clicked on

2021-07-26 09:54:49 - [MESSAGE][PASSED] - Object: 'Object Repository/Configuracion/1Principal/img_Jornadas de Atencion' is clicked on

2021-07-26 09:54:49 - [TEST_STEP][PASSED] - delay(3): Delayed 3 second(s)

2021-07-26 09:54:52 - [MESSAGE][PASSED] - Delayed 3 second(s)

2021-07-26 09:54:52 - [TEST_STEP][PASSED] - click(findTestObject("Configuracion/Jornadas de Atencion/0Oficinas Emergente/a_Seleccionar")): Object: 'Object Repository/Configuracion/Jornadas de Atencion/0Oficinas Emergente/a_Seleccionar' is clicked on

2021-07-26 09:54:53 - [MESSAGE][PASSED] - Object: 'Object Repository/Configuracion/Jornadas de Atencion/0Oficinas Emergente/a_Seleccionar' is clicked on

2021-07-26 09:54:53 - [TEST_STEP][PASSED] - delay(3): Delayed 3 second(s)

2021-07-26 09:54:56 - [MESSAGE][PASSED] - Delayed 3 second(s)

2021-07-26 09:54:56 - [TEST_STEP][PASSED] - setText(findTestObject("Configuracion/Jornadas de Atencion/2Lista de Jornadas/input_TextoABuscar"), "Kiosco"): Text 'Kiosco' is set on object 'Object Repository/Configuracion/Jornadas de Atencion/2Lista de Jornadas/input_TextoABuscar'

2021-07-26 09:54:58 - [MESSAGE][PASSED] - Text 'Kiosco' is set on object 'Object Repository/Configuracion/Jornadas de Atencion/2Lista de Jornadas/input_TextoABuscar'

2021-07-26 09:54:58 - [TEST_STEP][PASSED] - delay(3): Delayed 3 second(s)

2021-07-26 09:55:01 - [MESSAGE][PASSED] - Delayed 3 second(s)

2021-07-26 09:55:01 - [TEST_STEP][PASSED] - click(findTestObject("Configuracion/Jornadas de Atencion/2Lista de Jornadas/a_Seleccionar")): Object: 'Object Repository/Configuracion/Jornadas de Atencion/2Lista de Jornadas/a_Seleccionar' is clicked on

2021-07-26 09:55:02 - [MESSAGE][PASSED] - Object: 'Object Repository/Configuracion/Jornadas de Atencion/2Lista de Jornadas/a_Seleccionar' is clicked on

2021-07-26 09:55:02 - [TEST_STEP][PASSED] - delay(3): Delayed 3 second(s)

2021-07-26 09:55:05 - [MESSAGE][PASSED] - Delayed 3 second(s)

2021-07-26 09:55:05 - [TEST_STEP][PASSED] - selectOptionByLabel(findTestObject("Configuracion/Jornadas de Atencion/2Edicion/select_Tipo"), "Kiosco", false): All options with label 'Kiosco' are selected in object 'Object Repository/Configuracion/Jornadas de Atencion/2Edicion/select_Tipo' 

2021-07-26 09:55:06 - [MESSAGE][PASSED] - All options with label 'Kiosco' are selected in object 'Object Repository/Configuracion/Jornadas de Atencion/2Edicion/select_Tipo' 

2021-07-26 09:55:06 - [TEST_STEP][PASSED] - delay(3): Delayed 3 second(s)

2021-07-26 09:55:09 - [MESSAGE][PASSED] - Delayed 3 second(s)

2021-07-26 09:55:09 - [TEST_STEP][PASSED] - scrollToPosition(0, 0): Browser is scrolled to position x = 0, y = 0

2021-07-26 09:55:10 - [MESSAGE][PASSED] - Browser is scrolled to position x = 0, y = 0

2021-07-26 09:55:10 - [TEST_STEP][PASSED] - delay(3): Delayed 3 second(s)

2021-07-26 09:55:13 - [MESSAGE][PASSED] - Delayed 3 second(s)

2021-07-26 09:55:13 - [TEST_STEP][PASSED] - click(findTestObject("Configuracion/Jornadas de Atencion/2Edicion/img_Actualizar2")): Object: 'Object Repository/Configuracion/Jornadas de Atencion/2Edicion/img_Actualizar2' is clicked on

2021-07-26 09:55:14 - [MESSAGE][PASSED] - Object: 'Object Repository/Configuracion/Jornadas de Atencion/2Edicion/img_Actualizar2' is clicked on

2021-07-26 09:55:14 - [TEST_STEP][PASSED] - delay(3): Delayed 3 second(s)

2021-07-26 09:55:17 - [MESSAGE][PASSED] - Delayed 3 second(s)

2021-07-26 09:55:17 - [TEST_STEP][PASSED] - takeFullPageScreenshot(): Taking screenshot successfully

2021-07-26 09:55:19 - [MESSAGE][INFO] - 0 hidden object(s)

2021-07-26 09:55:20 - [MESSAGE][PASSED] - Taking screenshot successfully
[[ATTACHMENT|E:\\CIEL INGENIERIA\\KATALON\\Validaciones\\Reports\\20210726_095329\\0 Jornadas\\Tipo Kiosco\\20210726_095329\\1627311317416.png]]

2021-07-26 09:55:20 - [TEST_STEP][PASSED] - delay(3): Delayed 3 second(s)

2021-07-26 09:55:23 - [MESSAGE][PASSED] - Delayed 3 second(s)

2021-07-26 09:55:23 - [TEST_STEP][PASSED] - click(findTestObject("1Inicio/a_Inicio")): Object: 'Object Repository/1Inicio/a_Inicio' is clicked on

2021-07-26 09:55:26 - [MESSAGE][PASSED] - Object: 'Object Repository/1Inicio/a_Inicio' is clicked on

2021-07-26 09:55:26 - [TEST_STEP][PASSED] - delay(3): Delayed 3 second(s)

2021-07-26 09:55:29 - [MESSAGE][PASSED] - Delayed 3 second(s)

2021-07-26 09:55:29 - [TEST_STEP][PASSED] - click(findTestObject("1Inicio/img_Configuracion")): Object: 'Object Repository/1Inicio/img_Configuracion' is clicked on

2021-07-26 09:55:32 - [MESSAGE][PASSED] - Object: 'Object Repository/1Inicio/img_Configuracion' is clicked on

2021-07-26 09:55:32 - [TEST_STEP][PASSED] - delay(3): Delayed 3 second(s)

2021-07-26 09:55:35 - [MESSAGE][PASSED] - Delayed 3 second(s)

2021-07-26 09:55:35 - [TEST_STEP][PASSED] - click(findTestObject("Configuracion/1Principal/img_Elementos del Sistema")): Object: 'Object Repository/Configuracion/1Principal/img_Elementos del Sistema' is clicked on

2021-07-26 09:55:38 - [MESSAGE][PASSED] - Object: 'Object Repository/Configuracion/1Principal/img_Elementos del Sistema' is clicked on

2021-07-26 09:55:38 - [TEST_STEP][PASSED] - delay(3): Delayed 3 second(s)

2021-07-26 09:55:41 - [MESSAGE][PASSED] - Delayed 3 second(s)

2021-07-26 09:55:41 - [TEST_STEP][PASSED] - click(findTestObject("Configuracion/Elementos del Sistema/1Principal/img_Kioscos")): Object: 'Object Repository/Configuracion/Elementos del Sistema/1Principal/img_Kioscos' is clicked on

2021-07-26 09:55:46 - [MESSAGE][PASSED] - Object: 'Object Repository/Configuracion/Elementos del Sistema/1Principal/img_Kioscos' is clicked on

2021-07-26 09:55:46 - [TEST_STEP][PASSED] - delay(3): Delayed 3 second(s)

2021-07-26 09:55:49 - [MESSAGE][PASSED] - Delayed 3 second(s)

2021-07-26 09:55:49 - [TEST_STEP][PASSED] - click(findTestObject("Configuracion/Elementos del Sistema/Kioscos/0Oficina_Emergente/a_Seleccionar")): Object: 'Object Repository/Configuracion/Elementos del Sistema/Kioscos/0Oficina_Emergente/a_Seleccionar' is clicked on

2021-07-26 09:55:51 - [MESSAGE][PASSED] - Object: 'Object Repository/Configuracion/Elementos del Sistema/Kioscos/0Oficina_Emergente/a_Seleccionar' is clicked on

2021-07-26 09:55:51 - [TEST_STEP][PASSED] - delay(3): Delayed 3 second(s)

2021-07-26 09:55:54 - [MESSAGE][PASSED] - Delayed 3 second(s)

2021-07-26 09:55:54 - [TEST_STEP][PASSED] - click(findTestObject("Configuracion/Elementos del Sistema/Kioscos/2ListaDeKioscos/a_Seleccionar")): Object: 'Object Repository/Configuracion/Elementos del Sistema/Kioscos/2ListaDeKioscos/a_Seleccionar' is clicked on

2021-07-26 09:55:55 - [MESSAGE][PASSED] - Object: 'Object Repository/Configuracion/Elementos del Sistema/Kioscos/2ListaDeKioscos/a_Seleccionar' is clicked on

2021-07-26 09:55:55 - [TEST_STEP][PASSED] - delay(3): Delayed 3 second(s)

2021-07-26 09:55:58 - [MESSAGE][PASSED] - Delayed 3 second(s)

2021-07-26 09:55:58 - [TEST_STEP][PASSED] - scrollToPosition(0, 1200): Browser is scrolled to position x = 0, y = 1200

2021-07-26 09:55:58 - [MESSAGE][PASSED] - Browser is scrolled to position x = 0, y = 1200

2021-07-26 09:55:58 - [TEST_STEP][PASSED] - delay(3): Delayed 3 second(s)

2021-07-26 09:56:01 - [MESSAGE][PASSED] - Delayed 3 second(s)

2021-07-26 09:56:01 - [TEST_STEP][PASSED] - verifyElementVisible(findTestObject("Configuracion/Elementos del Sistema/Kioscos/3JornadasOficinas/td_Kiosco")): Object 'Object Repository/Configuracion/Elementos del Sistema/Kioscos/3JornadasOficinas/td_Kiosco' is visible

2021-07-26 09:56:02 - [MESSAGE][PASSED] - Object 'Object Repository/Configuracion/Elementos del Sistema/Kioscos/3JornadasOficinas/td_Kiosco' is visible

2021-07-26 09:56:02 - [TEST_STEP][PASSED] - takeFullPageScreenshot(): Taking screenshot successfully

2021-07-26 09:56:04 - [MESSAGE][INFO] - 0 hidden object(s)

2021-07-26 09:56:04 - [MESSAGE][PASSED] - Taking screenshot successfully
[[ATTACHMENT|E:\\CIEL INGENIERIA\\KATALON\\Validaciones\\Reports\\20210726_095329\\0 Jornadas\\Tipo Kiosco\\20210726_095329\\1627311362472.png]]

2021-07-26 09:56:04 - [TEST_STEP][PASSED] - delay(3): Delayed 3 second(s)

2021-07-26 09:56:07 - [MESSAGE][PASSED] - Delayed 3 second(s)]]></system-out>
         <system-err><![CDATA[]]></system-err>
      </testcase>
      <system-out><![CDATA[2021-07-26 09:53:51 - [TEST_SUITE][PASSED] - Tipo Kiosco: Test Cases/0 Jornadas/Tipo Kiosco]]></system-out>
      <system-err><![CDATA[]]></system-err>
   </testsuite>
</testsuites>
