<?xml version="1.0" encoding="UTF-8"?>
<testsuites name="98.Sistema.Login.UsarCaptcha" time="59.9" tests="1" failures="0" errors="0">
   <testsuite name="98.Sistema.Login.UsarCaptcha" tests="1" failures="0" errors="0" time="59.9" skipped="0" timestamp="2023-08-18 08:15:25" hostname="jdavila - PCPruebas101.ciel.cielingenieria.com" id="Test Suites/98.Sistema.Login.UsarCaptcha">
      <properties>
         <property name="deviceName" value=""/>
         <property name="devicePlatform" value=""/>
         <property name="logFolder" value="C:\\CIEL INGENIERIA\\Katalon\\Validaciones2\\Reports\\20230818_073224\\98.Sistema.Login.UsarCaptcha\\20230818_073301"/>
         <property name="logFiles" value="C:\\CIEL INGENIERIA\\Katalon\\Validaciones2\\Reports\\20230818_073224\\98.Sistema.Login.UsarCaptcha\\20230818_073301\\execution0.log"/>
         <property name="attachments" value="C:\\CIEL INGENIERIA\\Katalon\\Validaciones2\\Reports\\20230818_073224\\98.Sistema.Login.UsarCaptcha\\20230818_073301\\1692364560632.png, C:\\CIEL INGENIERIA\\Katalon\\Validaciones2\\Reports\\20230818_073224\\98.Sistema.Login.UsarCaptcha\\20230818_073301\\1692364581916.png"/>
         <property name="hostName" value="jdavila - PCPruebas101.ciel.cielingenieria.com"/>
         <property name="os" value="Windows 10 64bit"/>
         <property name="katalonVersion" value="8.6.0.208"/>
         <property name="browser" value="Chrome 115.0.0.0"/>
         <property name="hostAddress" value="192.168.0.33"/>
         <property name="sessionId" value="88788b177cee40a669085be59a870169"/>
         <property name="seleniumVersion" value="3.141.59"/>
         <property name="proxyInformation" value="ProxyInformation { proxyOption=NO_PROXY, proxyServerType=HTTP, username=, password=********, proxyServerAddress=, proxyServerPort=0, executionList=&quot;&quot;, isApplyToDesiredCapabilities=true }"/>
         <property name="platform" value="Windows 10"/>
      </properties>
      <testcase name="Test Cases/98.Sistema.Login.UsarCaptcha" time="59.654" classname="Test Cases/98.Sistema.Login.UsarCaptcha" status="PASSED">
         <system-out><![CDATA[2023-08-18 08:15:25 - [TEST_CASE][PASSED] - Test Cases/98.Sistema.Login.UsarCaptcha: Test Cases/98.Sistema.Login.UsarCaptcha

2023-08-18 08:15:26 - [TEST_STEP][PASSED] - callTestCase(findTestCase("Inicio Sesion sin variables"), [:], STOP_ON_FAILURE): Call Test Case 'Test Cases/Inicio Sesion sin variables' successfully

2023-08-18 08:15:26 - [TEST_CASE][PASSED] - Test Cases/Inicio Sesion sin variables: Test Cases/Inicio Sesion sin variables

2023-08-18 08:15:26 - [TEST_STEP][PASSED] - openBrowser(Url): Browser is opened with url: 'https://pcpruebas101.ciel.cielingenieria.com:8610'

2023-08-18 08:15:26 - [MESSAGE][INFO] - Starting 'Chrome' driver

2023-08-18 08:15:26 - [MESSAGE][INFO] - User set preference: ['args', '[--use-fake-ui-for-media-stream, --disable-notifications]']

2023-08-18 08:15:26 - [MESSAGE][INFO] - Action delay is set to 0 milliseconds

2023-08-18 08:15:29 - [MESSAGE][PASSED] - Browser is opened with url: 'https://pcpruebas101.ciel.cielingenieria.com:8610'

2023-08-18 08:15:29 - [TEST_STEP][PASSED] - maximizeWindow(): Current window maximized

2023-08-18 08:15:29 - [MESSAGE][PASSED] - Current window maximized

2023-08-18 08:15:29 - [TEST_STEP][PASSED] - delay(2): Delayed 2 second(s)

2023-08-18 08:15:31 - [MESSAGE][PASSED] - Delayed 2 second(s)

2023-08-18 08:15:31 - [TEST_STEP][PASSED] - setText(findTestObject("0Inicio Sesion/input__Usuario"), "ciel"): Text 'ciel' is set on object 'Object Repository/0Inicio Sesion/input__Usuario'

2023-08-18 08:15:32 - [MESSAGE][PASSED] - Text 'ciel' is set on object 'Object Repository/0Inicio Sesion/input__Usuario'

2023-08-18 08:15:32 - [TEST_STEP][PASSED] - setText(findTestObject("0Inicio Sesion/input__Clave"), "digiturno"): Text 'digiturno' is set on object 'Object Repository/0Inicio Sesion/input__Clave'

2023-08-18 08:15:33 - [MESSAGE][PASSED] - Text 'digiturno' is set on object 'Object Repository/0Inicio Sesion/input__Clave'

2023-08-18 08:15:33 - [TEST_STEP][PASSED] - click(findTestObject("0Inicio Sesion/btn_IniciarSesion")): Object: 'Object Repository/0Inicio Sesion/btn_IniciarSesion' is clicked on

2023-08-18 08:15:33 - [MESSAGE][PASSED] - Object: 'Object Repository/0Inicio Sesion/btn_IniciarSesion' is clicked on

2023-08-18 08:15:33 - [TEST_STEP][PASSED] - delay(3): Delayed 3 second(s)

2023-08-18 08:15:36 - [MESSAGE][PASSED] - Delayed 3 second(s)

2023-08-18 08:15:36 - [MESSAGE][PASSED] - Call Test Case 'Test Cases/Inicio Sesion sin variables' successfully

2023-08-18 08:15:36 - [TEST_STEP][PASSED] - click(findTestObject("1Inicio/img_Configuracion")): Object: 'Object Repository/1Inicio/img_Configuracion' is clicked on

2023-08-18 08:15:37 - [MESSAGE][PASSED] - Object: 'Object Repository/1Inicio/img_Configuracion' is clicked on

2023-08-18 08:15:37 - [TEST_STEP][PASSED] - delay(3): Delayed 3 second(s)

2023-08-18 08:15:40 - [MESSAGE][PASSED] - Delayed 3 second(s)

2023-08-18 08:15:40 - [TEST_STEP][PASSED] - click(findTestObject("Configuracion/1Principal/img_Sistema")): Object: 'Object Repository/Configuracion/1Principal/img_Sistema' is clicked on

2023-08-18 08:15:40 - [MESSAGE][PASSED] - Object: 'Object Repository/Configuracion/1Principal/img_Sistema' is clicked on

2023-08-18 08:15:40 - [TEST_STEP][PASSED] - delay(3): Delayed 3 second(s)

2023-08-18 08:15:43 - [MESSAGE][PASSED] - Delayed 3 second(s)

2023-08-18 08:15:43 - [TEST_STEP][PASSED] - click(findTestObject("Configuracion/Sistema/1Principal/img_Parametros Generales")): Object: 'Object Repository/Configuracion/Sistema/1Principal/img_Parametros Generales' is clicked on

2023-08-18 08:15:45 - [MESSAGE][PASSED] - Object: 'Object Repository/Configuracion/Sistema/1Principal/img_Parametros Generales' is clicked on

2023-08-18 08:15:45 - [TEST_STEP][PASSED] - delay(3): Delayed 3 second(s)

2023-08-18 08:15:48 - [MESSAGE][PASSED] - Delayed 3 second(s)

2023-08-18 08:15:48 - [TEST_STEP][PASSED] - setText(findTestObject("Configuracion/Sistema/Parametros Generales/Filtro 1er valor/input_Texto a buscar1"), "Sistema.Login.UsarCaptcha"): Text 'Sistema.Login.UsarCaptcha' is set on object 'Object Repository/Configuracion/Sistema/Parametros Generales/Filtro 1er valor/input_Texto a buscar1'

2023-08-18 08:15:49 - [MESSAGE][PASSED] - Text 'Sistema.Login.UsarCaptcha' is set on object 'Object Repository/Configuracion/Sistema/Parametros Generales/Filtro 1er valor/input_Texto a buscar1'

2023-08-18 08:15:49 - [TEST_STEP][PASSED] - click(findTestObject("Configuracion/Sistema/Parametros Generales/botones filtro/btn_Filtrar")): Object: 'Object Repository/Configuracion/Sistema/Parametros Generales/botones filtro/btn_Filtrar' is clicked on

2023-08-18 08:15:49 - [MESSAGE][PASSED] - Object: 'Object Repository/Configuracion/Sistema/Parametros Generales/botones filtro/btn_Filtrar' is clicked on

2023-08-18 08:15:49 - [TEST_STEP][PASSED] - delay(2): Delayed 2 second(s)

2023-08-18 08:15:51 - [MESSAGE][PASSED] - Delayed 2 second(s)

2023-08-18 08:15:51 - [TEST_STEP][PASSED] - click(findTestObject("Configuracion/Sistema/Parametros Generales/Cambiar Parametro Valor/a_Editar")): Object: 'Object Repository/Configuracion/Sistema/Parametros Generales/Cambiar Parametro Valor/a_Editar' is clicked on

2023-08-18 08:15:52 - [MESSAGE][PASSED] - Object: 'Object Repository/Configuracion/Sistema/Parametros Generales/Cambiar Parametro Valor/a_Editar' is clicked on

2023-08-18 08:15:52 - [TEST_STEP][PASSED] - delay(2): Delayed 2 second(s)

2023-08-18 08:15:54 - [MESSAGE][PASSED] - Delayed 2 second(s)

2023-08-18 08:15:54 - [TEST_STEP][PASSED] - click(findTestObject("Configuracion/Sistema/Parametros Generales/Cambiar Parametro Valor/input_Valor"), STOP_ON_FAILURE): Object: 'Object Repository/Configuracion/Sistema/Parametros Generales/Cambiar Parametro Valor/input_Valor' is clicked on

2023-08-18 08:15:54 - [MESSAGE][PASSED] - Object: 'Object Repository/Configuracion/Sistema/Parametros Generales/Cambiar Parametro Valor/input_Valor' is clicked on

2023-08-18 08:15:54 - [TEST_STEP][PASSED] - click(findTestObject("Configuracion/Sistema/Parametros Generales/Cambiar Parametro SI NO/li_Si"), STOP_ON_FAILURE): Object: 'Object Repository/Configuracion/Sistema/Parametros Generales/Cambiar Parametro SI NO/li_Si' is clicked on

2023-08-18 08:15:55 - [MESSAGE][PASSED] - Object: 'Object Repository/Configuracion/Sistema/Parametros Generales/Cambiar Parametro SI NO/li_Si' is clicked on

2023-08-18 08:15:55 - [TEST_STEP][PASSED] - delay(5): Delayed 5 second(s)

2023-08-18 08:16:00 - [MESSAGE][PASSED] - Delayed 5 second(s)

2023-08-18 08:16:00 - [TEST_STEP][PASSED] - takeFullPageScreenshot(): Taking screenshot successfully

2023-08-18 08:16:01 - [MESSAGE][INFO] - 0 hidden object(s)

2023-08-18 08:16:01 - [MESSAGE][PASSED] - Taking screenshot successfully
[[ATTACHMENT|C:\\CIEL INGENIERIA\\Katalon\\Validaciones2\\Reports\\20230818_073224\\98.Sistema.Login.UsarCaptcha\\20230818_073301\\1692364560632.png]]

2023-08-18 08:16:01 - [TEST_STEP][PASSED] - delay(3): Delayed 3 second(s)

2023-08-18 08:16:04 - [MESSAGE][PASSED] - Delayed 3 second(s)

2023-08-18 08:16:04 - [TEST_STEP][PASSED] - click(findTestObject("Configuracion/Sistema/Parametros Generales/Cambiar Parametro Valor/a_Guardar")): Object: 'Object Repository/Configuracion/Sistema/Parametros Generales/Cambiar Parametro Valor/a_Guardar' is clicked on

2023-08-18 08:16:05 - [MESSAGE][PASSED] - Object: 'Object Repository/Configuracion/Sistema/Parametros Generales/Cambiar Parametro Valor/a_Guardar' is clicked on

2023-08-18 08:16:05 - [TEST_STEP][PASSED] - delay(5): Delayed 5 second(s)

2023-08-18 08:16:10 - [MESSAGE][PASSED] - Delayed 5 second(s)

2023-08-18 08:16:10 - [TEST_STEP][PASSED] - click(findTestObject("0Inicio Sesion/Menu Tres Rayas/img_MenuUsuarioRayas")): Object: 'Object Repository/0Inicio Sesion/Menu Tres Rayas/img_MenuUsuarioRayas' is clicked on

2023-08-18 08:16:10 - [MESSAGE][PASSED] - Object: 'Object Repository/0Inicio Sesion/Menu Tres Rayas/img_MenuUsuarioRayas' is clicked on

2023-08-18 08:16:10 - [TEST_STEP][PASSED] - delay(5): Delayed 5 second(s)

2023-08-18 08:16:15 - [MESSAGE][PASSED] - Delayed 5 second(s)

2023-08-18 08:16:15 - [TEST_STEP][PASSED] - click(findTestObject("0Inicio Sesion/Menu Tres Rayas/nuevos/a_Cerrar sesion")): Object: 'Object Repository/0Inicio Sesion/Menu Tres Rayas/nuevos/a_Cerrar sesion' is clicked on

2023-08-18 08:16:16 - [MESSAGE][PASSED] - Object: 'Object Repository/0Inicio Sesion/Menu Tres Rayas/nuevos/a_Cerrar sesion' is clicked on

2023-08-18 08:16:16 - [TEST_STEP][PASSED] - delay(5): Delayed 5 second(s)

2023-08-18 08:16:21 - [MESSAGE][PASSED] - Delayed 5 second(s)

2023-08-18 08:16:21 - [TEST_STEP][PASSED] - takeFullPageScreenshot(): Taking screenshot successfully

2023-08-18 08:16:22 - [MESSAGE][INFO] - 0 hidden object(s)

2023-08-18 08:16:22 - [MESSAGE][PASSED] - Taking screenshot successfully
[[ATTACHMENT|C:\\CIEL INGENIERIA\\Katalon\\Validaciones2\\Reports\\20230818_073224\\98.Sistema.Login.UsarCaptcha\\20230818_073301\\1692364581916.png]]

2023-08-18 08:16:22 - [TEST_STEP][PASSED] - delay(3): Delayed 3 second(s)

2023-08-18 08:16:25 - [MESSAGE][PASSED] - Delayed 3 second(s)

2023-08-18 08:16:25 - [TEST_STEP][PASSED] - Start listener action : sampleAfterTestCase: null]]></system-out>
         <system-err><![CDATA[]]></system-err>
      </testcase>
      <system-out><![CDATA[2023-08-18 08:15:25 - [TEST_SUITE][PASSED] - 98.Sistema.Login.UsarCaptcha: Test Cases/98.Sistema.Login.UsarCaptcha]]></system-out>
      <system-err><![CDATA[]]></system-err>
   </testsuite>
</testsuites>
