<?xml version="1.0" encoding="UTF-8"?>
<testsuites name="1 Grupo Multillamado" time="151.874" tests="1" failures="0" errors="0">
   <testsuite name="1 Grupo Multillamado" tests="1" failures="0" errors="0" time="151.874" skipped="0" timestamp="2021-06-21 15:46:27" hostname="BILIKI - DESKTOP-HH1RJM2" id="Test Suites/1 Grupo Multillamado">
      <properties>
         <property name="deviceName" value=""/>
         <property name="devicePlatform" value=""/>
         <property name="logFolder" value="E:\\CIEL INGENIERIA\\KATALON\\Validaciones\\Reports\\20210621_154553\\1 Grupo Multillamado\\20210621_154554"/>
         <property name="logFiles" value="E:\\CIEL INGENIERIA\\KATALON\\Validaciones\\Reports\\20210621_154553\\1 Grupo Multillamado\\20210621_154554\\execution0.log"/>
         <property name="attachments" value="E:\\CIEL INGENIERIA\\KATALON\\Validaciones\\Reports\\20210621_154553\\1 Grupo Multillamado\\20210621_154554\\1624308483187.png"/>
         <property name="hostName" value="BILIKI - DESKTOP-HH1RJM2"/>
         <property name="os" value="Windows 10 64bit"/>
         <property name="katalonVersion" value="8.0.5.208"/>
         <property name="browser" value="Chrome 91.0.4472.106"/>
         <property name="hostAddress" value="169.254.12.236"/>
         <property name="sessionId" value="cc353b98211d312b06e736e3e7ed6edf"/>
         <property name="seleniumVersion" value="3.141.59"/>
         <property name="proxyInformation" value="ProxyInformation { proxyOption=NO_PROXY, proxyServerType=HTTP, username=, password=********, proxyServerAddress=, proxyServerPort=0, executionList=&quot;&quot;, isApplyToDesiredCapabilities=true }"/>
         <property name="platform" value="Windows 10"/>
      </properties>
      <testcase name="Test Cases/1 Grupo Multillamado" time="105.284" classname="Test Cases/1 Grupo Multillamado" status="PASSED">
         <system-out><![CDATA[2021-06-21 15:46:29 - [TEST_CASE][PASSED] - Test Cases/1 Grupo Multillamado: Test Cases/1 Grupo Multillamado

2021-06-21 15:46:30 - [TEST_STEP][PASSED] - callTestCase(findTestCase("Inicio Sesion sin variables"), [:], STOP_ON_FAILURE): Call Test Case 'Test Cases/Inicio Sesion sin variables' successfully

2021-06-21 15:46:31 - [TEST_CASE][PASSED] - Test Cases/Inicio Sesion sin variables: Test Cases/Inicio Sesion sin variables

2021-06-21 15:46:32 - [TEST_STEP][PASSED] - openBrowser("http://Localhost:8810"): Browser is opened with url: 'http://Localhost:8810'

2021-06-21 15:46:34 - [MESSAGE][INFO] - Starting 'Chrome' driver

2021-06-21 15:46:34 - [MESSAGE][INFO] - Action delay is set to 0 milliseconds

2021-06-21 15:46:55 - [MESSAGE][PASSED] - Browser is opened with url: 'http://Localhost:8810'

2021-06-21 15:46:55 - [TEST_STEP][PASSED] - maximizeWindow(): Current window maximized

2021-06-21 15:46:55 - [MESSAGE][PASSED] - Current window maximized

2021-06-21 15:46:55 - [TEST_STEP][PASSED] - setText(findTestObject("0Inicio Sesion/input__Usuario"), "ciel"): Text 'ciel' is set on object 'Object Repository/0Inicio Sesion/input__Usuario'

2021-06-21 15:46:57 - [MESSAGE][PASSED] - Text 'ciel' is set on object 'Object Repository/0Inicio Sesion/input__Usuario'

2021-06-21 15:46:57 - [TEST_STEP][PASSED] - setText(findTestObject("0Inicio Sesion/input__Clave"), "digiturno"): Text 'digiturno' is set on object 'Object Repository/0Inicio Sesion/input__Clave'

2021-06-21 15:46:58 - [MESSAGE][PASSED] - Text 'digiturno' is set on object 'Object Repository/0Inicio Sesion/input__Clave'

2021-06-21 15:46:58 - [TEST_STEP][PASSED] - click(findTestObject("0Inicio Sesion/btn_IniciarSesion")): Object: 'Object Repository/0Inicio Sesion/btn_IniciarSesion' is clicked on

2021-06-21 15:46:59 - [MESSAGE][PASSED] - Object: 'Object Repository/0Inicio Sesion/btn_IniciarSesion' is clicked on

2021-06-21 15:46:59 - [TEST_STEP][PASSED] - delay(3): Delayed 3 second(s)

2021-06-21 15:47:02 - [MESSAGE][PASSED] - Delayed 3 second(s)

2021-06-21 15:47:02 - [MESSAGE][PASSED] - Call Test Case 'Test Cases/Inicio Sesion sin variables' successfully

2021-06-21 15:47:02 - [TEST_STEP][PASSED] - click(findTestObject("1Inicio/img_Configuracion")): Object: 'Object Repository/1Inicio/img_Configuracion' is clicked on

2021-06-21 15:47:07 - [MESSAGE][PASSED] - Object: 'Object Repository/1Inicio/img_Configuracion' is clicked on

2021-06-21 15:47:07 - [TEST_STEP][PASSED] - delay(3): Delayed 3 second(s)

2021-06-21 15:47:10 - [MESSAGE][PASSED] - Delayed 3 second(s)

2021-06-21 15:47:10 - [TEST_STEP][PASSED] - click(findTestObject("Configuracion/1Principal/img_Distribucion Geografica")): Object: 'Object Repository/Configuracion/1Principal/img_Distribucion Geografica' is clicked on

2021-06-21 15:47:12 - [MESSAGE][PASSED] - Object: 'Object Repository/Configuracion/1Principal/img_Distribucion Geografica' is clicked on

2021-06-21 15:47:12 - [TEST_STEP][PASSED] - delay(3): Delayed 3 second(s)

2021-06-21 15:47:15 - [MESSAGE][PASSED] - Delayed 3 second(s)

2021-06-21 15:47:15 - [TEST_STEP][PASSED] - click(findTestObject("Configuracion/Distribucion Geografica/1Principal/img_Grupos")): Object: 'Object Repository/Configuracion/Distribucion Geografica/1Principal/img_Grupos' is clicked on

2021-06-21 15:47:23 - [MESSAGE][PASSED] - Object: 'Object Repository/Configuracion/Distribucion Geografica/1Principal/img_Grupos' is clicked on

2021-06-21 15:47:23 - [TEST_STEP][PASSED] - delay(3): Delayed 3 second(s)

2021-06-21 15:47:26 - [MESSAGE][PASSED] - Delayed 3 second(s)

2021-06-21 15:47:26 - [TEST_STEP][PASSED] - click(findTestObject("Configuracion/Distribucion Geografica/Grupos/0Oficinas Emergente/a_Seleccionar")): Object: 'Object Repository/Configuracion/Distribucion Geografica/Grupos/0Oficinas Emergente/a_Seleccionar' is clicked on

2021-06-21 15:47:27 - [MESSAGE][PASSED] - Object: 'Object Repository/Configuracion/Distribucion Geografica/Grupos/0Oficinas Emergente/a_Seleccionar' is clicked on

2021-06-21 15:47:27 - [TEST_STEP][PASSED] - delay(3): Delayed 3 second(s)

2021-06-21 15:47:30 - [MESSAGE][PASSED] - Delayed 3 second(s)

2021-06-21 15:47:30 - [TEST_STEP][PASSED] - click(findTestObject("Configuracion/Distribucion Geografica/Grupos/Lista de Grupos/0General/a_Seleccionar")): Object: 'Object Repository/Configuracion/Distribucion Geografica/Grupos/Lista de Grupos/0General/a_Seleccionar' is clicked on

2021-06-21 15:47:30 - [MESSAGE][PASSED] - Object: 'Object Repository/Configuracion/Distribucion Geografica/Grupos/Lista de Grupos/0General/a_Seleccionar' is clicked on

2021-06-21 15:47:30 - [TEST_STEP][PASSED] - delay(3): Delayed 3 second(s)

2021-06-21 15:47:33 - [MESSAGE][PASSED] - Delayed 3 second(s)

2021-06-21 15:47:33 - [TEST_STEP][PASSED] - check(findTestObject("Configuracion/Distribucion Geografica/Grupos/Edicion/input_Multillamado")): Object 'Object Repository/Configuracion/Distribucion Geografica/Grupos/Edicion/input_Multillamado' is checked

2021-06-21 15:47:34 - [MESSAGE][PASSED] - Object 'Object Repository/Configuracion/Distribucion Geografica/Grupos/Edicion/input_Multillamado' is checked

2021-06-21 15:47:34 - [TEST_STEP][PASSED] - delay(3): Delayed 3 second(s)

2021-06-21 15:47:37 - [MESSAGE][PASSED] - Delayed 3 second(s)

2021-06-21 15:47:37 - [TEST_STEP][PASSED] - click(findTestObject("Configuracion/Distribucion Geografica/Grupos/Botones/img_Actualizar")): Object: 'Object Repository/Configuracion/Distribucion Geografica/Grupos/Botones/img_Actualizar' is clicked on

2021-06-21 15:47:38 - [MESSAGE][PASSED] - Object: 'Object Repository/Configuracion/Distribucion Geografica/Grupos/Botones/img_Actualizar' is clicked on

2021-06-21 15:47:38 - [TEST_STEP][PASSED] - delay(3): Delayed 3 second(s)

2021-06-21 15:47:41 - [MESSAGE][PASSED] - Delayed 3 second(s)

2021-06-21 15:47:41 - [TEST_STEP][PASSED] - navigateToUrl("http://localhost:8810/Paginas/Operacion/ElementosSistema/Terminales.aspx"): Navigate to 'http://localhost:8810/Paginas/Operacion/ElementosSistema/Terminales.aspx' successfully

2021-06-21 15:47:42 - [MESSAGE][PASSED] - Navigate to 'http://localhost:8810/Paginas/Operacion/ElementosSistema/Terminales.aspx' successfully

2021-06-21 15:47:42 - [TEST_STEP][PASSED] - delay(3): Delayed 3 second(s)

2021-06-21 15:47:45 - [MESSAGE][PASSED] - Delayed 3 second(s)

2021-06-21 15:47:45 - [TEST_STEP][PASSED] - click(findTestObject("2 Operacion/Elementos del Sistema/Terminales/00Oficinas/a_Bogota - CIEL")): Object: 'Object Repository/2 Operacion/Elementos del Sistema/Terminales/00Oficinas/a_Bogota - CIEL' is clicked on

2021-06-21 15:47:46 - [MESSAGE][PASSED] - Object: 'Object Repository/2 Operacion/Elementos del Sistema/Terminales/00Oficinas/a_Bogota - CIEL' is clicked on

2021-06-21 15:47:46 - [TEST_STEP][PASSED] - delay(3): Delayed 3 second(s)

2021-06-21 15:47:49 - [MESSAGE][PASSED] - Delayed 3 second(s)

2021-06-21 15:47:49 - [TEST_STEP][PASSED] - click(findTestObject("2 Operacion/Elementos del Sistema/Terminales/Grupos de Terminales Multillamado/a_Abrir")): Object: 'Object Repository/2 Operacion/Elementos del Sistema/Terminales/Grupos de Terminales Multillamado/a_Abrir' is clicked on

2021-06-21 15:47:50 - [MESSAGE][PASSED] - Object: 'Object Repository/2 Operacion/Elementos del Sistema/Terminales/Grupos de Terminales Multillamado/a_Abrir' is clicked on

2021-06-21 15:47:50 - [TEST_STEP][PASSED] - delay(3): Delayed 3 second(s)

2021-06-21 15:47:53 - [MESSAGE][PASSED] - Delayed 3 second(s)

2021-06-21 15:47:53 - [TEST_STEP][PASSED] - switchToWindowIndex(1): Switched to window with index: '1'

2021-06-21 15:48:00 - [MESSAGE][PASSED] - Switched to window with index: '1'

2021-06-21 15:48:00 - [TEST_STEP][PASSED] - delay(3): Delayed 3 second(s)

2021-06-21 15:48:03 - [MESSAGE][PASSED] - Delayed 3 second(s)

2021-06-21 15:48:03 - [TEST_STEP][PASSED] - takeFullPageScreenshot(): Taking screenshot successfully

2021-06-21 15:48:10 - [MESSAGE][INFO] - 0 hidden object(s)

2021-06-21 15:48:11 - [MESSAGE][PASSED] - Taking screenshot successfully
[[ATTACHMENT|E:\\CIEL INGENIERIA\\KATALON\\Validaciones\\Reports\\20210621_154553\\1 Grupo Multillamado\\20210621_154554\\1624308483187.png]]

2021-06-21 15:48:11 - [TEST_STEP][PASSED] - delay(3): Delayed 3 second(s)

2021-06-21 15:48:14 - [MESSAGE][PASSED] - Delayed 3 second(s)]]></system-out>
         <system-err><![CDATA[]]></system-err>
      </testcase>
      <system-out><![CDATA[2021-06-21 15:46:27 - [TEST_SUITE][PASSED] - 1 Grupo Multillamado: Test Cases/1 Grupo Multillamado]]></system-out>
      <system-err><![CDATA[]]></system-err>
   </testsuite>
</testsuites>
