<?xml version="1.0" encoding="UTF-8"?>
<testsuites name="Tipo Todos" time="200.705" tests="1" failures="0" errors="0">
   <testsuite name="Tipo Todos" tests="1" failures="0" errors="0" time="200.705" skipped="0" timestamp="2021-07-22 15:29:29" hostname="BILIKI - DESKTOP-HH1RJM2" id="Test Suites/0 Jornadas/Tipo Todos">
      <properties>
         <property name="deviceName" value=""/>
         <property name="devicePlatform" value=""/>
         <property name="logFolder" value="E:\\CIEL INGENIERIA\\KATALON\\Validaciones\\Reports\\20210722_152910\\0 Jornadas\\Tipo Todos\\20210722_152910"/>
         <property name="logFiles" value="E:\\CIEL INGENIERIA\\KATALON\\Validaciones\\Reports\\20210722_152910\\0 Jornadas\\Tipo Todos\\20210722_152910\\execution0.log"/>
         <property name="attachments" value="E:\\CIEL INGENIERIA\\KATALON\\Validaciones\\Reports\\20210722_152910\\0 Jornadas\\Tipo Todos\\20210722_152910\\1626985832400.png, E:\\CIEL INGENIERIA\\KATALON\\Validaciones\\Reports\\20210722_152910\\0 Jornadas\\Tipo Todos\\20210722_152910\\1626985870637.png, E:\\CIEL INGENIERIA\\KATALON\\Validaciones\\Reports\\20210722_152910\\0 Jornadas\\Tipo Todos\\20210722_152910\\1626985907886.png, E:\\CIEL INGENIERIA\\KATALON\\Validaciones\\Reports\\20210722_152910\\0 Jornadas\\Tipo Todos\\20210722_152910\\1626985947087.png"/>
         <property name="hostName" value="BILIKI - DESKTOP-HH1RJM2"/>
         <property name="os" value="Windows 10 64bit"/>
         <property name="katalonVersion" value="8.0.5.208"/>
         <property name="browser" value="Chrome 91.0.4472.164"/>
         <property name="hostAddress" value="169.254.142.112"/>
         <property name="sessionId" value="56c21894118e03fd2a83ff53d88c7f12"/>
         <property name="seleniumVersion" value="3.141.59"/>
         <property name="proxyInformation" value="ProxyInformation { proxyOption=NO_PROXY, proxyServerType=HTTP, username=, password=********, proxyServerAddress=, proxyServerPort=0, executionList=&quot;&quot;, isApplyToDesiredCapabilities=true }"/>
         <property name="platform" value="Windows 10"/>
      </properties>
      <testcase name="Test Cases/0 Jornadas/Tipo Todos" time="180.869" classname="Test Cases/0 Jornadas/Tipo Todos" status="PASSED">
         <system-out><![CDATA[2021-07-22 15:29:31 - [TEST_CASE][PASSED] - Test Cases/0 Jornadas/Tipo Todos: Test Cases/0 Jornadas/Tipo Todos

2021-07-22 15:29:32 - [TEST_STEP][PASSED] - callTestCase(findTestCase("Inicio Sesion sin variables"), [:], STOP_ON_FAILURE): Call Test Case 'Test Cases/Inicio Sesion sin variables' successfully

2021-07-22 15:29:33 - [TEST_CASE][PASSED] - Test Cases/Inicio Sesion sin variables: Test Cases/Inicio Sesion sin variables

2021-07-22 15:29:34 - [TEST_STEP][PASSED] - openBrowser("http://Localhost:8810"): Browser is opened with url: 'http://Localhost:8810'

2021-07-22 15:29:35 - [MESSAGE][INFO] - Starting 'Chrome' driver

2021-07-22 15:29:35 - [MESSAGE][INFO] - Action delay is set to 0 milliseconds

2021-07-22 15:29:50 - [MESSAGE][PASSED] - Browser is opened with url: 'http://Localhost:8810'

2021-07-22 15:29:50 - [TEST_STEP][PASSED] - maximizeWindow(): Current window maximized

2021-07-22 15:29:50 - [MESSAGE][PASSED] - Current window maximized

2021-07-22 15:29:50 - [TEST_STEP][PASSED] - setText(findTestObject("0Inicio Sesion/input__Usuario"), "ciel"): Text 'ciel' is set on object 'Object Repository/0Inicio Sesion/input__Usuario'

2021-07-22 15:29:52 - [MESSAGE][PASSED] - Text 'ciel' is set on object 'Object Repository/0Inicio Sesion/input__Usuario'

2021-07-22 15:29:52 - [TEST_STEP][PASSED] - setText(findTestObject("0Inicio Sesion/input__Clave"), "digiturno"): Text 'digiturno' is set on object 'Object Repository/0Inicio Sesion/input__Clave'

2021-07-22 15:29:54 - [MESSAGE][PASSED] - Text 'digiturno' is set on object 'Object Repository/0Inicio Sesion/input__Clave'

2021-07-22 15:29:54 - [TEST_STEP][PASSED] - click(findTestObject("0Inicio Sesion/btn_IniciarSesion")): Object: 'Object Repository/0Inicio Sesion/btn_IniciarSesion' is clicked on

2021-07-22 15:29:55 - [MESSAGE][PASSED] - Object: 'Object Repository/0Inicio Sesion/btn_IniciarSesion' is clicked on

2021-07-22 15:29:55 - [TEST_STEP][PASSED] - delay(3): Delayed 3 second(s)

2021-07-22 15:29:58 - [MESSAGE][PASSED] - Delayed 3 second(s)

2021-07-22 15:29:58 - [MESSAGE][PASSED] - Call Test Case 'Test Cases/Inicio Sesion sin variables' successfully

2021-07-22 15:29:58 - [TEST_STEP][PASSED] - click(findTestObject("1Inicio/img_Configuracion")): Object: 'Object Repository/1Inicio/img_Configuracion' is clicked on

2021-07-22 15:30:00 - [MESSAGE][PASSED] - Object: 'Object Repository/1Inicio/img_Configuracion' is clicked on

2021-07-22 15:30:00 - [TEST_STEP][PASSED] - delay(3): Delayed 3 second(s)

2021-07-22 15:30:03 - [MESSAGE][PASSED] - Delayed 3 second(s)

2021-07-22 15:30:03 - [TEST_STEP][PASSED] - click(findTestObject("Configuracion/1Principal/img_Jornadas de Atencion")): Object: 'Object Repository/Configuracion/1Principal/img_Jornadas de Atencion' is clicked on

2021-07-22 15:30:05 - [MESSAGE][PASSED] - Object: 'Object Repository/Configuracion/1Principal/img_Jornadas de Atencion' is clicked on

2021-07-22 15:30:05 - [TEST_STEP][PASSED] - delay(3): Delayed 3 second(s)

2021-07-22 15:30:08 - [MESSAGE][PASSED] - Delayed 3 second(s)

2021-07-22 15:30:08 - [TEST_STEP][PASSED] - click(findTestObject("Configuracion/Jornadas de Atencion/0Oficinas Emergente/a_Seleccionar")): Object: 'Object Repository/Configuracion/Jornadas de Atencion/0Oficinas Emergente/a_Seleccionar' is clicked on

2021-07-22 15:30:09 - [MESSAGE][PASSED] - Object: 'Object Repository/Configuracion/Jornadas de Atencion/0Oficinas Emergente/a_Seleccionar' is clicked on

2021-07-22 15:30:09 - [TEST_STEP][PASSED] - delay(3): Delayed 3 second(s)

2021-07-22 15:30:12 - [MESSAGE][PASSED] - Delayed 3 second(s)

2021-07-22 15:30:12 - [TEST_STEP][PASSED] - setText(findTestObject("Configuracion/Jornadas de Atencion/2Lista de Jornadas/input_TextoABuscar"), "Todos"): Text 'Todos' is set on object 'Object Repository/Configuracion/Jornadas de Atencion/2Lista de Jornadas/input_TextoABuscar'

2021-07-22 15:30:14 - [MESSAGE][PASSED] - Text 'Todos' is set on object 'Object Repository/Configuracion/Jornadas de Atencion/2Lista de Jornadas/input_TextoABuscar'

2021-07-22 15:30:14 - [TEST_STEP][PASSED] - delay(3): Delayed 3 second(s)

2021-07-22 15:30:17 - [MESSAGE][PASSED] - Delayed 3 second(s)

2021-07-22 15:30:17 - [TEST_STEP][PASSED] - click(findTestObject("Configuracion/Jornadas de Atencion/2Lista de Jornadas/a_Seleccionar")): Object: 'Object Repository/Configuracion/Jornadas de Atencion/2Lista de Jornadas/a_Seleccionar' is clicked on

2021-07-22 15:30:18 - [MESSAGE][PASSED] - Object: 'Object Repository/Configuracion/Jornadas de Atencion/2Lista de Jornadas/a_Seleccionar' is clicked on

2021-07-22 15:30:18 - [TEST_STEP][PASSED] - delay(3): Delayed 3 second(s)

2021-07-22 15:30:21 - [MESSAGE][PASSED] - Delayed 3 second(s)

2021-07-22 15:30:21 - [TEST_STEP][PASSED] - selectOptionByLabel(findTestObject("Configuracion/Jornadas de Atencion/2Edicion/select_Tipo"), "Todos", false): All options with label 'Todos' are selected in object 'Object Repository/Configuracion/Jornadas de Atencion/2Edicion/select_Tipo' 

2021-07-22 15:30:22 - [MESSAGE][PASSED] - All options with label 'Todos' are selected in object 'Object Repository/Configuracion/Jornadas de Atencion/2Edicion/select_Tipo' 

2021-07-22 15:30:22 - [TEST_STEP][PASSED] - delay(3): Delayed 3 second(s)

2021-07-22 15:30:25 - [MESSAGE][PASSED] - Delayed 3 second(s)

2021-07-22 15:30:25 - [TEST_STEP][PASSED] - scrollToPosition(0, 0): Browser is scrolled to position x = 0, y = 0

2021-07-22 15:30:25 - [MESSAGE][PASSED] - Browser is scrolled to position x = 0, y = 0

2021-07-22 15:30:25 - [TEST_STEP][PASSED] - delay(3): Delayed 3 second(s)

2021-07-22 15:30:28 - [MESSAGE][PASSED] - Delayed 3 second(s)

2021-07-22 15:30:28 - [TEST_STEP][PASSED] - click(findTestObject("Configuracion/Jornadas de Atencion/2Edicion/img_Actualizar2")): Object: 'Object Repository/Configuracion/Jornadas de Atencion/2Edicion/img_Actualizar2' is clicked on

2021-07-22 15:30:29 - [MESSAGE][PASSED] - Object: 'Object Repository/Configuracion/Jornadas de Atencion/2Edicion/img_Actualizar2' is clicked on

2021-07-22 15:30:29 - [TEST_STEP][PASSED] - delay(3): Delayed 3 second(s)

2021-07-22 15:30:32 - [MESSAGE][PASSED] - Delayed 3 second(s)

2021-07-22 15:30:32 - [TEST_STEP][PASSED] - takeFullPageScreenshot(): Taking screenshot successfully

2021-07-22 15:30:33 - [MESSAGE][INFO] - 0 hidden object(s)

2021-07-22 15:30:34 - [MESSAGE][PASSED] - Taking screenshot successfully
[[ATTACHMENT|E:\\CIEL INGENIERIA\\KATALON\\Validaciones\\Reports\\20210722_152910\\0 Jornadas\\Tipo Todos\\20210722_152910\\1626985832400.png]]

2021-07-22 15:30:34 - [TEST_STEP][PASSED] - delay(3): Delayed 3 second(s)

2021-07-22 15:30:37 - [MESSAGE][PASSED] - Delayed 3 second(s)

2021-07-22 15:30:37 - [TEST_STEP][PASSED] - click(findTestObject("1Inicio/a_Inicio")): Object: 'Object Repository/1Inicio/a_Inicio' is clicked on

2021-07-22 15:30:39 - [MESSAGE][PASSED] - Object: 'Object Repository/1Inicio/a_Inicio' is clicked on

2021-07-22 15:30:39 - [TEST_STEP][PASSED] - delay(3): Delayed 3 second(s)

2021-07-22 15:30:42 - [MESSAGE][PASSED] - Delayed 3 second(s)

2021-07-22 15:30:42 - [TEST_STEP][PASSED] - click(findTestObject("1Inicio/img_Configuracion")): Object: 'Object Repository/1Inicio/img_Configuracion' is clicked on

2021-07-22 15:30:44 - [MESSAGE][PASSED] - Object: 'Object Repository/1Inicio/img_Configuracion' is clicked on

2021-07-22 15:30:44 - [TEST_STEP][PASSED] - delay(3): Delayed 3 second(s)

2021-07-22 15:30:47 - [MESSAGE][PASSED] - Delayed 3 second(s)

2021-07-22 15:30:47 - [TEST_STEP][PASSED] - click(findTestObject("Configuracion/1Principal/img_Elementos del Sistema")): Object: 'Object Repository/Configuracion/1Principal/img_Elementos del Sistema' is clicked on

2021-07-22 15:30:48 - [MESSAGE][PASSED] - Object: 'Object Repository/Configuracion/1Principal/img_Elementos del Sistema' is clicked on

2021-07-22 15:30:48 - [TEST_STEP][PASSED] - delay(3): Delayed 3 second(s)

2021-07-22 15:30:51 - [MESSAGE][PASSED] - Delayed 3 second(s)

2021-07-22 15:30:51 - [TEST_STEP][PASSED] - click(findTestObject("Configuracion/Elementos del Sistema/1Principal/img_Terminales")): Object: 'Object Repository/Configuracion/Elementos del Sistema/1Principal/img_Terminales' is clicked on

2021-07-22 15:30:55 - [MESSAGE][PASSED] - Object: 'Object Repository/Configuracion/Elementos del Sistema/1Principal/img_Terminales' is clicked on

2021-07-22 15:30:55 - [TEST_STEP][PASSED] - delay(3): Delayed 3 second(s)

2021-07-22 15:30:58 - [MESSAGE][PASSED] - Delayed 3 second(s)

2021-07-22 15:30:58 - [TEST_STEP][PASSED] - click(findTestObject("Configuracion/Elementos del Sistema/Terminales/a_Seleccionar")): Object: 'Object Repository/Configuracion/Elementos del Sistema/Terminales/a_Seleccionar' is clicked on

2021-07-22 15:30:59 - [MESSAGE][PASSED] - Object: 'Object Repository/Configuracion/Elementos del Sistema/Terminales/a_Seleccionar' is clicked on

2021-07-22 15:30:59 - [TEST_STEP][PASSED] - delay(3): Delayed 3 second(s)

2021-07-22 15:31:02 - [MESSAGE][PASSED] - Delayed 3 second(s)

2021-07-22 15:31:02 - [TEST_STEP][PASSED] - click(findTestObject("Configuracion/Elementos del Sistema/Terminales/2Lista Terminales/a_Seleccionar")): Object: 'Object Repository/Configuracion/Elementos del Sistema/Terminales/2Lista Terminales/a_Seleccionar' is clicked on

2021-07-22 15:31:03 - [MESSAGE][PASSED] - Object: 'Object Repository/Configuracion/Elementos del Sistema/Terminales/2Lista Terminales/a_Seleccionar' is clicked on

2021-07-22 15:31:03 - [TEST_STEP][PASSED] - delay(3): Delayed 3 second(s)

2021-07-22 15:31:06 - [MESSAGE][PASSED] - Delayed 3 second(s)

2021-07-22 15:31:06 - [TEST_STEP][PASSED] - scrollToPosition(0, 1200): Browser is scrolled to position x = 0, y = 1200

2021-07-22 15:31:06 - [MESSAGE][PASSED] - Browser is scrolled to position x = 0, y = 1200

2021-07-22 15:31:06 - [TEST_STEP][PASSED] - delay(3): Delayed 3 second(s)

2021-07-22 15:31:09 - [MESSAGE][PASSED] - Delayed 3 second(s)

2021-07-22 15:31:09 - [TEST_STEP][PASSED] - verifyElementVisible(findTestObject("Configuracion/Elementos del Sistema/Terminales/3JornadasPorOficina/span_Todos")): Object 'Object Repository/Configuracion/Elementos del Sistema/Terminales/3JornadasPorOficina/span_Todos' is visible

2021-07-22 15:31:10 - [MESSAGE][PASSED] - Object 'Object Repository/Configuracion/Elementos del Sistema/Terminales/3JornadasPorOficina/span_Todos' is visible

2021-07-22 15:31:10 - [TEST_STEP][PASSED] - takeFullPageScreenshot(): Taking screenshot successfully

2021-07-22 15:31:12 - [MESSAGE][INFO] - 0 hidden object(s)

2021-07-22 15:31:12 - [MESSAGE][PASSED] - Taking screenshot successfully
[[ATTACHMENT|E:\\CIEL INGENIERIA\\KATALON\\Validaciones\\Reports\\20210722_152910\\0 Jornadas\\Tipo Todos\\20210722_152910\\1626985870637.png]]

2021-07-22 15:31:12 - [TEST_STEP][PASSED] - delay(3): Delayed 3 second(s)

2021-07-22 15:31:15 - [MESSAGE][PASSED] - Delayed 3 second(s)

2021-07-22 15:31:15 - [TEST_STEP][PASSED] - click(findTestObject("1Inicio/a_Inicio")): Object: 'Object Repository/1Inicio/a_Inicio' is clicked on

2021-07-22 15:31:17 - [MESSAGE][PASSED] - Object: 'Object Repository/1Inicio/a_Inicio' is clicked on

2021-07-22 15:31:17 - [TEST_STEP][PASSED] - delay(3): Delayed 3 second(s)

2021-07-22 15:31:20 - [MESSAGE][PASSED] - Delayed 3 second(s)

2021-07-22 15:31:20 - [TEST_STEP][PASSED] - click(findTestObject("1Inicio/img_Configuracion")): Object: 'Object Repository/1Inicio/img_Configuracion' is clicked on

2021-07-22 15:31:22 - [MESSAGE][PASSED] - Object: 'Object Repository/1Inicio/img_Configuracion' is clicked on

2021-07-22 15:31:22 - [TEST_STEP][PASSED] - delay(3): Delayed 3 second(s)

2021-07-22 15:31:25 - [MESSAGE][PASSED] - Delayed 3 second(s)

2021-07-22 15:31:25 - [TEST_STEP][PASSED] - click(findTestObject("Configuracion/1Principal/img_Elementos del Sistema")): Object: 'Object Repository/Configuracion/1Principal/img_Elementos del Sistema' is clicked on

2021-07-22 15:31:26 - [MESSAGE][PASSED] - Object: 'Object Repository/Configuracion/1Principal/img_Elementos del Sistema' is clicked on

2021-07-22 15:31:26 - [TEST_STEP][PASSED] - delay(3): Delayed 3 second(s)

2021-07-22 15:31:29 - [MESSAGE][PASSED] - Delayed 3 second(s)

2021-07-22 15:31:29 - [TEST_STEP][PASSED] - click(findTestObject("Configuracion/Elementos del Sistema/1Principal/img_Selectores")): Object: 'Object Repository/Configuracion/Elementos del Sistema/1Principal/img_Selectores' is clicked on

2021-07-22 15:31:32 - [MESSAGE][PASSED] - Object: 'Object Repository/Configuracion/Elementos del Sistema/1Principal/img_Selectores' is clicked on

2021-07-22 15:31:32 - [TEST_STEP][PASSED] - delay(3): Delayed 3 second(s)

2021-07-22 15:31:35 - [MESSAGE][PASSED] - Delayed 3 second(s)

2021-07-22 15:31:35 - [TEST_STEP][PASSED] - click(findTestObject("Configuracion/Elementos del Sistema/Selectores/0Lista de Selectores/a_Seleccionar1")): Object: 'Object Repository/Configuracion/Elementos del Sistema/Selectores/0Lista de Selectores/a_Seleccionar1' is clicked on

2021-07-22 15:31:36 - [MESSAGE][PASSED] - Object: 'Object Repository/Configuracion/Elementos del Sistema/Selectores/0Lista de Selectores/a_Seleccionar1' is clicked on

2021-07-22 15:31:36 - [TEST_STEP][PASSED] - delay(3): Delayed 3 second(s)

2021-07-22 15:31:39 - [MESSAGE][PASSED] - Delayed 3 second(s)

2021-07-22 15:31:39 - [TEST_STEP][PASSED] - scrollToPosition(0, 400): Browser is scrolled to position x = 0, y = 400

2021-07-22 15:31:40 - [MESSAGE][PASSED] - Browser is scrolled to position x = 0, y = 400

2021-07-22 15:31:40 - [TEST_STEP][PASSED] - delay(3): Delayed 3 second(s)

2021-07-22 15:31:43 - [MESSAGE][PASSED] - Delayed 3 second(s)

2021-07-22 15:31:43 - [TEST_STEP][PASSED] - click(findTestObject("Configuracion/Elementos del Sistema/Selectores/0Pestanas/span_Jornadas y Colas")): Object: 'Object Repository/Configuracion/Elementos del Sistema/Selectores/0Pestanas/span_Jornadas y Colas' is clicked on

2021-07-22 15:31:44 - [MESSAGE][PASSED] - Object: 'Object Repository/Configuracion/Elementos del Sistema/Selectores/0Pestanas/span_Jornadas y Colas' is clicked on

2021-07-22 15:31:44 - [TEST_STEP][PASSED] - verifyElementVisible(findTestObject("Configuracion/Elementos del Sistema/Selectores/2Jornada por Oficina/span_Todos")): Object 'Object Repository/Configuracion/Elementos del Sistema/Selectores/2Jornada por Oficina/span_Todos' is visible

2021-07-22 15:31:44 - [MESSAGE][PASSED] - Object 'Object Repository/Configuracion/Elementos del Sistema/Selectores/2Jornada por Oficina/span_Todos' is visible

2021-07-22 15:31:44 - [TEST_STEP][PASSED] - delay(3): Delayed 3 second(s)

2021-07-22 15:31:47 - [MESSAGE][PASSED] - Delayed 3 second(s)

2021-07-22 15:31:47 - [TEST_STEP][PASSED] - takeFullPageScreenshot(): Taking screenshot successfully

2021-07-22 15:31:49 - [MESSAGE][INFO] - 0 hidden object(s)

2021-07-22 15:31:50 - [MESSAGE][PASSED] - Taking screenshot successfully
[[ATTACHMENT|E:\\CIEL INGENIERIA\\KATALON\\Validaciones\\Reports\\20210722_152910\\0 Jornadas\\Tipo Todos\\20210722_152910\\1626985907886.png]]

2021-07-22 15:31:50 - [TEST_STEP][PASSED] - delay(3): Delayed 3 second(s)

2021-07-22 15:31:53 - [MESSAGE][PASSED] - Delayed 3 second(s)

2021-07-22 15:31:53 - [TEST_STEP][PASSED] - click(findTestObject("1Inicio/a_Inicio")): Object: 'Object Repository/1Inicio/a_Inicio' is clicked on

2021-07-22 15:31:55 - [MESSAGE][PASSED] - Object: 'Object Repository/1Inicio/a_Inicio' is clicked on

2021-07-22 15:31:55 - [TEST_STEP][PASSED] - delay(3): Delayed 3 second(s)

2021-07-22 15:31:58 - [MESSAGE][PASSED] - Delayed 3 second(s)

2021-07-22 15:31:58 - [TEST_STEP][PASSED] - click(findTestObject("1Inicio/img_Configuracion")): Object: 'Object Repository/1Inicio/img_Configuracion' is clicked on

2021-07-22 15:31:59 - [MESSAGE][PASSED] - Object: 'Object Repository/1Inicio/img_Configuracion' is clicked on

2021-07-22 15:31:59 - [TEST_STEP][PASSED] - delay(3): Delayed 3 second(s)

2021-07-22 15:32:02 - [MESSAGE][PASSED] - Delayed 3 second(s)

2021-07-22 15:32:02 - [TEST_STEP][PASSED] - click(findTestObject("Configuracion/1Principal/img_Elementos del Sistema")): Object: 'Object Repository/Configuracion/1Principal/img_Elementos del Sistema' is clicked on

2021-07-22 15:32:04 - [MESSAGE][PASSED] - Object: 'Object Repository/Configuracion/1Principal/img_Elementos del Sistema' is clicked on

2021-07-22 15:32:04 - [TEST_STEP][PASSED] - delay(3): Delayed 3 second(s)

2021-07-22 15:32:07 - [MESSAGE][PASSED] - Delayed 3 second(s)

2021-07-22 15:32:07 - [TEST_STEP][PASSED] - click(findTestObject("Configuracion/Elementos del Sistema/1Principal/img_Kioscos")): Object: 'Object Repository/Configuracion/Elementos del Sistema/1Principal/img_Kioscos' is clicked on

2021-07-22 15:32:09 - [MESSAGE][PASSED] - Object: 'Object Repository/Configuracion/Elementos del Sistema/1Principal/img_Kioscos' is clicked on

2021-07-22 15:32:09 - [TEST_STEP][PASSED] - delay(3): Delayed 3 second(s)

2021-07-22 15:32:12 - [MESSAGE][PASSED] - Delayed 3 second(s)

2021-07-22 15:32:12 - [TEST_STEP][PASSED] - click(findTestObject("Configuracion/Elementos del Sistema/Kioscos/0Oficina_Emergente/a_Seleccionar")): Object: 'Object Repository/Configuracion/Elementos del Sistema/Kioscos/0Oficina_Emergente/a_Seleccionar' is clicked on

2021-07-22 15:32:13 - [MESSAGE][PASSED] - Object: 'Object Repository/Configuracion/Elementos del Sistema/Kioscos/0Oficina_Emergente/a_Seleccionar' is clicked on

2021-07-22 15:32:13 - [TEST_STEP][PASSED] - delay(3): Delayed 3 second(s)

2021-07-22 15:32:16 - [MESSAGE][PASSED] - Delayed 3 second(s)

2021-07-22 15:32:16 - [TEST_STEP][PASSED] - click(findTestObject("Configuracion/Elementos del Sistema/Kioscos/2ListaDeKioscos/a_Seleccionar")): Object: 'Object Repository/Configuracion/Elementos del Sistema/Kioscos/2ListaDeKioscos/a_Seleccionar' is clicked on

2021-07-22 15:32:17 - [MESSAGE][PASSED] - Object: 'Object Repository/Configuracion/Elementos del Sistema/Kioscos/2ListaDeKioscos/a_Seleccionar' is clicked on

2021-07-22 15:32:17 - [TEST_STEP][PASSED] - delay(3): Delayed 3 second(s)

2021-07-22 15:32:20 - [MESSAGE][PASSED] - Delayed 3 second(s)

2021-07-22 15:32:20 - [TEST_STEP][PASSED] - scrollToPosition(0, 900): Browser is scrolled to position x = 0, y = 900

2021-07-22 15:32:20 - [MESSAGE][PASSED] - Browser is scrolled to position x = 0, y = 900

2021-07-22 15:32:20 - [TEST_STEP][PASSED] - delay(3): Delayed 3 second(s)

2021-07-22 15:32:23 - [MESSAGE][PASSED] - Delayed 3 second(s)

2021-07-22 15:32:23 - [TEST_STEP][PASSED] - verifyElementVisible(findTestObject("Configuracion/Elementos del Sistema/Kioscos/3JornadasOficinas/td_Todos")): Object 'Object Repository/Configuracion/Elementos del Sistema/Kioscos/3JornadasOficinas/td_Todos' is visible

2021-07-22 15:32:24 - [MESSAGE][PASSED] - Object 'Object Repository/Configuracion/Elementos del Sistema/Kioscos/3JornadasOficinas/td_Todos' is visible

2021-07-22 15:32:24 - [TEST_STEP][PASSED] - delay(3): Delayed 3 second(s)

2021-07-22 15:32:27 - [MESSAGE][PASSED] - Delayed 3 second(s)

2021-07-22 15:32:27 - [TEST_STEP][PASSED] - takeFullPageScreenshot(): Taking screenshot successfully

2021-07-22 15:32:28 - [MESSAGE][INFO] - 0 hidden object(s)

2021-07-22 15:32:28 - [MESSAGE][PASSED] - Taking screenshot successfully
[[ATTACHMENT|E:\\CIEL INGENIERIA\\KATALON\\Validaciones\\Reports\\20210722_152910\\0 Jornadas\\Tipo Todos\\20210722_152910\\1626985947087.png]]

2021-07-22 15:32:28 - [TEST_STEP][PASSED] - delay(3): Delayed 3 second(s)

2021-07-22 15:32:32 - [MESSAGE][PASSED] - Delayed 3 second(s)]]></system-out>
         <system-err><![CDATA[]]></system-err>
      </testcase>
      <system-out><![CDATA[2021-07-22 15:29:29 - [TEST_SUITE][PASSED] - Tipo Todos: Test Cases/0 Jornadas/Tipo Todos]]></system-out>
      <system-err><![CDATA[]]></system-err>
   </testsuite>
</testsuites>
