<?xml version="1.0" encoding="UTF-8"?>
<testsuites name="23.Sistema.MostrarInfoCliente" time="265.804" tests="2" failures="0" skips="0" errors="0">
   <testsuite name="23.Sistema.MostrarInfoCliente" tests="2" failures="0" errors="0" time="265.804" skips="0" timestamp="2021-05-28 14:08:39" hostname="BILIKI - DESKTOP-HH1RJM2" id="Test Suites/23.Sistema.MostrarInfoCliente">
      <properties>
         <property name="deviceName" value=""/>
         <property name="devicePlatform" value=""/>
         <property name="logFolder" value="E:\\CIEL INGENIERIA\\KATALON\\Validaciones\\Reports\\20210528_140820\\23.Sistema.MostrarInfoCliente\\20210528_140820"/>
         <property name="logFiles" value="E:\\CIEL INGENIERIA\\KATALON\\Validaciones\\Reports\\20210528_140820\\23.Sistema.MostrarInfoCliente\\20210528_140820\\execution0.log"/>
         <property name="attachments" value=""/>
         <property name="hostName" value="BILIKI - DESKTOP-HH1RJM2"/>
         <property name="os" value="Windows 10 64bit"/>
         <property name="katalonVersion" value="7.9.1.208"/>
         <property name="browser" value="Edge Chromiume 18"/>
         <property name="hostAddress" value="169.254.12.236"/>
         <property name="sessionId" value="4BD06887-20E8-44BE-9B89-74857FC546FA"/>
         <property name="seleniumVersion" value="3.141.59"/>
         <property name="proxyInformation" value="ProxyInformation { proxyOption=NO_PROXY, proxyServerType=HTTP, username=, password=********, proxyServerAddress=, proxyServerPort=0, executionList=&quot;&quot;, isApplyToDesiredCapabilities=true }"/>
         <property name="platform" value="Windows 10"/>
      </properties>
      <testcase name="Test Cases/23.Sistema.MostrarInfoCliente Si" time="116.629" classname="Test Cases/23.Sistema.MostrarInfoCliente Si" status="PASSED">
         <system-out><![CDATA[2021-05-28 14:08:53 - [TEST_CASE][PASSED] - Test Cases/23.Sistema.MostrarInfoCliente Si: Test Cases/23.Sistema.MostrarInfoCliente Si

2021-05-28 14:08:55 - [TEST_STEP][PASSED] - callTestCase(findTestCase("Inicio Sesion sin variables"), [:], STOP_ON_FAILURE): Call Test Case 'Test Cases/Inicio Sesion sin variables' successfully

2021-05-28 14:08:56 - [TEST_CASE][PASSED] - Test Cases/Inicio Sesion sin variables: Test Cases/Inicio Sesion sin variables

2021-05-28 14:08:57 - [TEST_STEP][PASSED] - openBrowser("http://Localhost:8810"): Browser is opened with url: 'http://Localhost:8810'

2021-05-28 14:08:58 - [MESSAGE][INFO] - Starting 'Edge' driver

2021-05-28 14:09:00 - [MESSAGE][INFO] - Action delay is set to 0 milliseconds

2021-05-28 14:09:15 - [MESSAGE][PASSED] - Browser is opened with url: 'http://Localhost:8810'

2021-05-28 14:09:15 - [TEST_STEP][PASSED] - maximizeWindow(): Current window maximized

2021-05-28 14:09:16 - [MESSAGE][PASSED] - Current window maximized

2021-05-28 14:09:16 - [TEST_STEP][PASSED] - setText(findTestObject("0Inicio Sesion/input__Usuario"), "ciel"): Text 'ciel' is set on object 'Object Repository/0Inicio Sesion/input__Usuario'

2021-05-28 14:09:18 - [MESSAGE][PASSED] - Text 'ciel' is set on object 'Object Repository/0Inicio Sesion/input__Usuario'

2021-05-28 14:09:18 - [TEST_STEP][PASSED] - setText(findTestObject("0Inicio Sesion/input__Clave"), "digiturno"): Text 'digiturno' is set on object 'Object Repository/0Inicio Sesion/input__Clave'

2021-05-28 14:09:20 - [MESSAGE][PASSED] - Text 'digiturno' is set on object 'Object Repository/0Inicio Sesion/input__Clave'

2021-05-28 14:09:20 - [TEST_STEP][PASSED] - click(findTestObject("0Inicio Sesion/btn_IniciarSesion")): Object: 'Object Repository/0Inicio Sesion/btn_IniciarSesion' is clicked on

2021-05-28 14:09:21 - [MESSAGE][PASSED] - Object: 'Object Repository/0Inicio Sesion/btn_IniciarSesion' is clicked on

2021-05-28 14:09:21 - [TEST_STEP][PASSED] - delay(3): Delayed 3 second(s)

2021-05-28 14:09:24 - [MESSAGE][PASSED] - Delayed 3 second(s)

2021-05-28 14:09:24 - [MESSAGE][PASSED] - Call Test Case 'Test Cases/Inicio Sesion sin variables' successfully

2021-05-28 14:09:24 - [TEST_STEP][PASSED] - click(findTestObject("1Inicio/img_Configuracion")): Object: 'Object Repository/1Inicio/img_Configuracion' is clicked on

2021-05-28 14:09:25 - [MESSAGE][PASSED] - Object: 'Object Repository/1Inicio/img_Configuracion' is clicked on

2021-05-28 14:09:25 - [TEST_STEP][PASSED] - delay(3): Delayed 3 second(s)

2021-05-28 14:09:28 - [MESSAGE][PASSED] - Delayed 3 second(s)

2021-05-28 14:09:28 - [TEST_STEP][PASSED] - click(findTestObject("Configuracion/1Principal/img_Sistema")): Object: 'Object Repository/Configuracion/1Principal/img_Sistema' is clicked on

2021-05-28 14:09:29 - [MESSAGE][PASSED] - Object: 'Object Repository/Configuracion/1Principal/img_Sistema' is clicked on

2021-05-28 14:09:29 - [TEST_STEP][PASSED] - delay(3): Delayed 3 second(s)

2021-05-28 14:09:32 - [MESSAGE][PASSED] - Delayed 3 second(s)

2021-05-28 14:09:32 - [TEST_STEP][PASSED] - click(findTestObject("Configuracion/Sistema/1Principal/img_Parametros Generales")): Object: 'Object Repository/Configuracion/Sistema/1Principal/img_Parametros Generales' is clicked on

2021-05-28 14:09:33 - [MESSAGE][PASSED] - Object: 'Object Repository/Configuracion/Sistema/1Principal/img_Parametros Generales' is clicked on

2021-05-28 14:09:33 - [TEST_STEP][PASSED] - delay(3): Delayed 3 second(s)

2021-05-28 14:09:36 - [MESSAGE][PASSED] - Delayed 3 second(s)

2021-05-28 14:09:36 - [TEST_STEP][PASSED] - click(findTestObject("Configuracion/Sistema/Parametros Generales/Pestanas/a_Elementos de sistema")): Object: 'Object Repository/Configuracion/Sistema/Parametros Generales/Pestanas/a_Elementos de sistema' is clicked on

2021-05-28 14:09:37 - [MESSAGE][PASSED] - Object: 'Object Repository/Configuracion/Sistema/Parametros Generales/Pestanas/a_Elementos de sistema' is clicked on

2021-05-28 14:09:37 - [TEST_STEP][PASSED] - delay(3): Delayed 3 second(s)

2021-05-28 14:09:40 - [MESSAGE][PASSED] - Delayed 3 second(s)

2021-05-28 14:09:40 - [TEST_STEP][PASSED] - click(findTestObject("Configuracion/Sistema/Parametros Generales/Filtros LLave/span_0filtro llave")): Object: 'Object Repository/Configuracion/Sistema/Parametros Generales/Filtros LLave/span_0filtro llave' is clicked on

2021-05-28 14:09:41 - [MESSAGE][PASSED] - Object: 'Object Repository/Configuracion/Sistema/Parametros Generales/Filtros LLave/span_0filtro llave' is clicked on

2021-05-28 14:09:41 - [TEST_STEP][PASSED] - mouseOver(findTestObject("Configuracion/Sistema/Parametros Generales/Filtros LLave/span_1Filtro")): Object: 'Object Repository/Configuracion/Sistema/Parametros Generales/Filtros LLave/span_1Filtro' is hovered

2021-05-28 14:09:43 - [MESSAGE][PASSED] - Object: 'Object Repository/Configuracion/Sistema/Parametros Generales/Filtros LLave/span_1Filtro' is hovered

2021-05-28 14:09:43 - [TEST_STEP][PASSED] - click(findTestObject("Configuracion/Sistema/Parametros Generales/Filtro 1er valor/span_select")): Object: 'Object Repository/Configuracion/Sistema/Parametros Generales/Filtro 1er valor/span_select' is clicked on

2021-05-28 14:09:44 - [MESSAGE][PASSED] - Object: 'Object Repository/Configuracion/Sistema/Parametros Generales/Filtro 1er valor/span_select' is clicked on

2021-05-28 14:09:44 - [TEST_STEP][PASSED] - click(findTestObject("Configuracion/Sistema/Parametros Generales/Filtro 1er valor/li_Contiene")): Object: 'Object Repository/Configuracion/Sistema/Parametros Generales/Filtro 1er valor/li_Contiene' is clicked on

2021-05-28 14:09:45 - [MESSAGE][PASSED] - Object: 'Object Repository/Configuracion/Sistema/Parametros Generales/Filtro 1er valor/li_Contiene' is clicked on

2021-05-28 14:09:45 - [TEST_STEP][PASSED] - setText(findTestObject("Configuracion/Sistema/Parametros Generales/Filtro 1er valor/input_Texto a buscar1"), "Sistema.MostrarInfoCliente"): Text 'Sistema.MostrarInfoCliente' is set on object 'Object Repository/Configuracion/Sistema/Parametros Generales/Filtro 1er valor/input_Texto a buscar1'

2021-05-28 14:09:47 - [MESSAGE][PASSED] - Text 'Sistema.MostrarInfoCliente' is set on object 'Object Repository/Configuracion/Sistema/Parametros Generales/Filtro 1er valor/input_Texto a buscar1'

2021-05-28 14:09:47 - [TEST_STEP][PASSED] - click(findTestObject("Configuracion/Sistema/Parametros Generales/botones filtro/btn_Filtrar")): Object: 'Object Repository/Configuracion/Sistema/Parametros Generales/botones filtro/btn_Filtrar' is clicked on

2021-05-28 14:09:47 - [MESSAGE][PASSED] - Object: 'Object Repository/Configuracion/Sistema/Parametros Generales/botones filtro/btn_Filtrar' is clicked on

2021-05-28 14:09:47 - [TEST_STEP][PASSED] - delay(2): Delayed 2 second(s)

2021-05-28 14:09:49 - [MESSAGE][PASSED] - Delayed 2 second(s)

2021-05-28 14:09:49 - [TEST_STEP][PASSED] - click(findTestObject("Configuracion/Sistema/Parametros Generales/Cambiar Parametro Valor/a_Editar")): Object: 'Object Repository/Configuracion/Sistema/Parametros Generales/Cambiar Parametro Valor/a_Editar' is clicked on

2021-05-28 14:09:51 - [MESSAGE][PASSED] - Object: 'Object Repository/Configuracion/Sistema/Parametros Generales/Cambiar Parametro Valor/a_Editar' is clicked on

2021-05-28 14:09:51 - [TEST_STEP][PASSED] - delay(2): Delayed 2 second(s)

2021-05-28 14:09:53 - [MESSAGE][PASSED] - Delayed 2 second(s)

2021-05-28 14:09:53 - [TEST_STEP][PASSED] - click(findTestObject("Configuracion/Sistema/Parametros Generales/Cambiar Parametro Valor/input_Valor"), STOP_ON_FAILURE): Object: 'Object Repository/Configuracion/Sistema/Parametros Generales/Cambiar Parametro Valor/input_Valor' is clicked on

2021-05-28 14:09:53 - [MESSAGE][PASSED] - Object: 'Object Repository/Configuracion/Sistema/Parametros Generales/Cambiar Parametro Valor/input_Valor' is clicked on

2021-05-28 14:09:53 - [TEST_STEP][PASSED] - sendKeys(findTestObject(null), "Si"): Keys 'Si' sent to object: 'tempBody'

2021-05-28 14:09:53 - [MESSAGE][WARNING] - Test object id is null

2021-05-28 14:09:54 - [MESSAGE][WARNING] - Test object with id 'Object Repository/' does not exist

2021-05-28 14:09:54 - [MESSAGE][PASSED] - Keys 'Si' sent to object: 'tempBody'

2021-05-28 14:09:54 - [TEST_STEP][PASSED] - delay(2): Delayed 2 second(s)

2021-05-28 14:09:56 - [MESSAGE][PASSED] - Delayed 2 second(s)

2021-05-28 14:09:56 - [TEST_STEP][PASSED] - click(findTestObject("Configuracion/Sistema/Parametros Generales/Cambiar Parametro Valor/a_Guardar")): Object: 'Object Repository/Configuracion/Sistema/Parametros Generales/Cambiar Parametro Valor/a_Guardar' is clicked on

2021-05-28 14:09:57 - [MESSAGE][PASSED] - Object: 'Object Repository/Configuracion/Sistema/Parametros Generales/Cambiar Parametro Valor/a_Guardar' is clicked on

2021-05-28 14:09:57 - [TEST_STEP][PASSED] - delay(3): Delayed 3 second(s)

2021-05-28 14:10:00 - [MESSAGE][PASSED] - Delayed 3 second(s)

2021-05-28 14:10:00 - [TEST_STEP][PASSED] - click(findTestObject("1Inicio/a_Inicio")): Object: 'Object Repository/1Inicio/a_Inicio' is clicked on

2021-05-28 14:10:01 - [MESSAGE][PASSED] - Object: 'Object Repository/1Inicio/a_Inicio' is clicked on

2021-05-28 14:10:01 - [TEST_STEP][PASSED] - delay(3): Delayed 3 second(s)

2021-05-28 14:10:04 - [MESSAGE][PASSED] - Delayed 3 second(s)

2021-05-28 14:10:04 - [TEST_STEP][PASSED] - click(findTestObject("1Inicio/img_Operacion")): Object: 'Object Repository/1Inicio/img_Operacion' is clicked on

2021-05-28 14:10:05 - [MESSAGE][PASSED] - Object: 'Object Repository/1Inicio/img_Operacion' is clicked on

2021-05-28 14:10:05 - [TEST_STEP][PASSED] - delay(3): Delayed 3 second(s)

2021-05-28 14:10:08 - [MESSAGE][PASSED] - Delayed 3 second(s)

2021-05-28 14:10:08 - [TEST_STEP][PASSED] - click(findTestObject("2 Operacion/Elementos Del Sistema")): Object: 'Object Repository/2 Operacion/Elementos Del Sistema' is clicked on

2021-05-28 14:10:09 - [MESSAGE][PASSED] - Object: 'Object Repository/2 Operacion/Elementos Del Sistema' is clicked on

2021-05-28 14:10:09 - [TEST_STEP][PASSED] - delay(3): Delayed 3 second(s)

2021-05-28 14:10:12 - [MESSAGE][PASSED] - Delayed 3 second(s)

2021-05-28 14:10:12 - [TEST_STEP][PASSED] - click(findTestObject("2 Operacion/Elementos del Sistema/img_Selectores")): Object: 'Object Repository/2 Operacion/Elementos del Sistema/img_Selectores' is clicked on

2021-05-28 14:10:13 - [MESSAGE][PASSED] - Object: 'Object Repository/2 Operacion/Elementos del Sistema/img_Selectores' is clicked on

2021-05-28 14:10:13 - [TEST_STEP][PASSED] - delay(3): Delayed 3 second(s)

2021-05-28 14:10:16 - [MESSAGE][PASSED] - Delayed 3 second(s)

2021-05-28 14:10:16 - [TEST_STEP][PASSED] - click(findTestObject("2 Operacion/Elementos del Sistema/Selectores/00Oficinas/a_Bogota - CIEL")): Object: 'Object Repository/2 Operacion/Elementos del Sistema/Selectores/00Oficinas/a_Bogota - CIEL' is clicked on

2021-05-28 14:10:17 - [MESSAGE][PASSED] - Object: 'Object Repository/2 Operacion/Elementos del Sistema/Selectores/00Oficinas/a_Bogota - CIEL' is clicked on

2021-05-28 14:10:17 - [TEST_STEP][PASSED] - delay(3): Delayed 3 second(s)

2021-05-28 14:10:20 - [MESSAGE][PASSED] - Delayed 3 second(s)

2021-05-28 14:10:20 - [TEST_STEP][PASSED] - click(findTestObject("2 Operacion/Elementos del Sistema/Selectores/0 Lista de Selectores/a_Abrir Selector")): Object: 'Object Repository/2 Operacion/Elementos del Sistema/Selectores/0 Lista de Selectores/a_Abrir Selector' is clicked on

2021-05-28 14:10:21 - [MESSAGE][PASSED] - Object: 'Object Repository/2 Operacion/Elementos del Sistema/Selectores/0 Lista de Selectores/a_Abrir Selector' is clicked on

2021-05-28 14:10:21 - [TEST_STEP][PASSED] - delay(5): Delayed 5 second(s)

2021-05-28 14:10:26 - [MESSAGE][PASSED] - Delayed 5 second(s)

2021-05-28 14:10:26 - [TEST_STEP][PASSED] - switchToWindowIndex(1): Switched to window with index: '1'

2021-05-28 14:10:26 - [MESSAGE][PASSED] - Switched to window with index: '1'

2021-05-28 14:10:26 - [TEST_STEP][PASSED] - delay(3): Delayed 3 second(s)

2021-05-28 14:10:29 - [MESSAGE][PASSED] - Delayed 3 second(s)

2021-05-28 14:10:29 - [TEST_STEP][PASSED] - selectOptionByIndex(findTestObject("2 Operacion/Elementos del Sistema/Selectores/Datos Usuario/select_Tipo Documento"), 2): All options with index in [2] are selected on object 'Object Repository/2 Operacion/Elementos del Sistema/Selectores/Datos Usuario/select_Tipo Documento'

2021-05-28 14:10:31 - [MESSAGE][PASSED] - All options with index in [2] are selected on object 'Object Repository/2 Operacion/Elementos del Sistema/Selectores/Datos Usuario/select_Tipo Documento'

2021-05-28 14:10:31 - [TEST_STEP][PASSED] - delay(3): Delayed 3 second(s)

2021-05-28 14:10:34 - [MESSAGE][PASSED] - Delayed 3 second(s)

2021-05-28 14:10:34 - [TEST_STEP][PASSED] - setText(findTestObject("2 Operacion/Elementos del Sistema/Selectores/Datos Usuario/input_Identificacion"), "636711"): Text '636711' is set on object 'Object Repository/2 Operacion/Elementos del Sistema/Selectores/Datos Usuario/input_Identificacion'

2021-05-28 14:10:36 - [MESSAGE][PASSED] - Text '636711' is set on object 'Object Repository/2 Operacion/Elementos del Sistema/Selectores/Datos Usuario/input_Identificacion'

2021-05-28 14:10:36 - [TEST_STEP][PASSED] - delay(3): Delayed 3 second(s)

2021-05-28 14:10:39 - [MESSAGE][PASSED] - Delayed 3 second(s)

2021-05-28 14:10:39 - [TEST_STEP][PASSED] - click(findTestObject("2 Operacion/Elementos del Sistema/Selectores/Datos Usuario/img_Buscar")): Object: 'Object Repository/2 Operacion/Elementos del Sistema/Selectores/Datos Usuario/img_Buscar' is clicked on

2021-05-28 14:10:39 - [MESSAGE][PASSED] - Object: 'Object Repository/2 Operacion/Elementos del Sistema/Selectores/Datos Usuario/img_Buscar' is clicked on

2021-05-28 14:10:40 - [TEST_STEP][PASSED] - delay(3): Delayed 3 second(s)

2021-05-28 14:10:43 - [MESSAGE][PASSED] - Delayed 3 second(s)

2021-05-28 14:10:43 - [TEST_STEP][PASSED] - click(findTestObject("2 Operacion/Elementos del Sistema/Selectores/1 Datos basicos de selector/img_Cerrar selector")): Object: 'Object Repository/2 Operacion/Elementos del Sistema/Selectores/1 Datos basicos de selector/img_Cerrar selector' is clicked on

2021-05-28 14:10:44 - [MESSAGE][PASSED] - Object: 'Object Repository/2 Operacion/Elementos del Sistema/Selectores/1 Datos basicos de selector/img_Cerrar selector' is clicked on

2021-05-28 14:10:44 - [TEST_STEP][PASSED] - delay(3): Delayed 3 second(s)

2021-05-28 14:10:47 - [MESSAGE][PASSED] - Delayed 3 second(s)

2021-05-28 14:10:47 - [TEST_STEP][PASSED] - click(findTestObject("2 Operacion/Elementos del Sistema/Selectores/1 Datos basicos de selector/Motivos para cerrar selector/btn_FindeJornada")): Object: 'Object Repository/2 Operacion/Elementos del Sistema/Selectores/1 Datos basicos de selector/Motivos para cerrar selector/btn_FindeJornada' is clicked on

2021-05-28 14:10:47 - [MESSAGE][PASSED] - Object: 'Object Repository/2 Operacion/Elementos del Sistema/Selectores/1 Datos basicos de selector/Motivos para cerrar selector/btn_FindeJornada' is clicked on

2021-05-28 14:10:47 - [TEST_STEP][PASSED] - delay(2): Delayed 2 second(s)

2021-05-28 14:10:49 - [MESSAGE][PASSED] - Delayed 2 second(s)]]></system-out>
         <system-err><![CDATA[]]></system-err>
      </testcase>
      <testcase name="Test Cases/23.Sistema.MostrarInfoCliente No" time="98.568" classname="Test Cases/23.Sistema.MostrarInfoCliente No" status="PASSED">
         <system-out><![CDATA[2021-05-28 14:10:50 - [TEST_CASE][PASSED] - Test Cases/23.Sistema.MostrarInfoCliente No: Test Cases/23.Sistema.MostrarInfoCliente No

2021-05-28 14:10:52 - [TEST_STEP][PASSED] - callTestCase(findTestCase("Inicio Sesion sin variables"), [:], STOP_ON_FAILURE): Call Test Case 'Test Cases/Inicio Sesion sin variables' successfully

2021-05-28 14:10:52 - [TEST_CASE][PASSED] - Test Cases/Inicio Sesion sin variables: Test Cases/Inicio Sesion sin variables

2021-05-28 14:10:52 - [TEST_STEP][PASSED] - openBrowser("http://Localhost:8810"): Browser is opened with url: 'http://Localhost:8810'

2021-05-28 14:10:52 - [MESSAGE][WARNING] - A browser is already opened. Closing browser and opening a new one

2021-05-28 14:11:00 - [MESSAGE][INFO] - Starting 'Edge' driver

2021-05-28 14:11:01 - [MESSAGE][INFO] - Action delay is set to 0 milliseconds

2021-05-28 14:11:10 - [MESSAGE][PASSED] - Browser is opened with url: 'http://Localhost:8810'

2021-05-28 14:11:10 - [TEST_STEP][PASSED] - maximizeWindow(): Current window maximized

2021-05-28 14:11:11 - [MESSAGE][PASSED] - Current window maximized

2021-05-28 14:11:11 - [TEST_STEP][PASSED] - setText(findTestObject("0Inicio Sesion/input__Usuario"), "ciel"): Text 'ciel' is set on object 'Object Repository/0Inicio Sesion/input__Usuario'

2021-05-28 14:11:13 - [MESSAGE][PASSED] - Text 'ciel' is set on object 'Object Repository/0Inicio Sesion/input__Usuario'

2021-05-28 14:11:13 - [TEST_STEP][PASSED] - setText(findTestObject("0Inicio Sesion/input__Clave"), "digiturno"): Text 'digiturno' is set on object 'Object Repository/0Inicio Sesion/input__Clave'

2021-05-28 14:11:15 - [MESSAGE][PASSED] - Text 'digiturno' is set on object 'Object Repository/0Inicio Sesion/input__Clave'

2021-05-28 14:11:15 - [TEST_STEP][PASSED] - click(findTestObject("0Inicio Sesion/btn_IniciarSesion")): Object: 'Object Repository/0Inicio Sesion/btn_IniciarSesion' is clicked on

2021-05-28 14:11:15 - [MESSAGE][PASSED] - Object: 'Object Repository/0Inicio Sesion/btn_IniciarSesion' is clicked on

2021-05-28 14:11:15 - [TEST_STEP][PASSED] - delay(3): Delayed 3 second(s)

2021-05-28 14:11:18 - [MESSAGE][PASSED] - Delayed 3 second(s)

2021-05-28 14:11:18 - [MESSAGE][PASSED] - Call Test Case 'Test Cases/Inicio Sesion sin variables' successfully

2021-05-28 14:11:18 - [TEST_STEP][PASSED] - click(findTestObject("1Inicio/img_Configuracion")): Object: 'Object Repository/1Inicio/img_Configuracion' is clicked on

2021-05-28 14:11:20 - [MESSAGE][PASSED] - Object: 'Object Repository/1Inicio/img_Configuracion' is clicked on

2021-05-28 14:11:20 - [TEST_STEP][PASSED] - delay(3): Delayed 3 second(s)

2021-05-28 14:11:23 - [MESSAGE][PASSED] - Delayed 3 second(s)

2021-05-28 14:11:23 - [TEST_STEP][PASSED] - click(findTestObject("Configuracion/1Principal/img_Sistema")): Object: 'Object Repository/Configuracion/1Principal/img_Sistema' is clicked on

2021-05-28 14:11:23 - [MESSAGE][PASSED] - Object: 'Object Repository/Configuracion/1Principal/img_Sistema' is clicked on

2021-05-28 14:11:23 - [TEST_STEP][PASSED] - delay(3): Delayed 3 second(s)

2021-05-28 14:11:26 - [MESSAGE][PASSED] - Delayed 3 second(s)

2021-05-28 14:11:26 - [TEST_STEP][PASSED] - click(findTestObject("Configuracion/Sistema/1Principal/img_Parametros Generales")): Object: 'Object Repository/Configuracion/Sistema/1Principal/img_Parametros Generales' is clicked on

2021-05-28 14:11:27 - [MESSAGE][PASSED] - Object: 'Object Repository/Configuracion/Sistema/1Principal/img_Parametros Generales' is clicked on

2021-05-28 14:11:27 - [TEST_STEP][PASSED] - delay(3): Delayed 3 second(s)

2021-05-28 14:11:30 - [MESSAGE][PASSED] - Delayed 3 second(s)

2021-05-28 14:11:30 - [TEST_STEP][PASSED] - click(findTestObject("Configuracion/Sistema/Parametros Generales/Pestanas/a_Elementos de sistema")): Object: 'Object Repository/Configuracion/Sistema/Parametros Generales/Pestanas/a_Elementos de sistema' is clicked on

2021-05-28 14:11:31 - [MESSAGE][PASSED] - Object: 'Object Repository/Configuracion/Sistema/Parametros Generales/Pestanas/a_Elementos de sistema' is clicked on

2021-05-28 14:11:31 - [TEST_STEP][PASSED] - delay(3): Delayed 3 second(s)

2021-05-28 14:11:34 - [MESSAGE][PASSED] - Delayed 3 second(s)

2021-05-28 14:11:34 - [TEST_STEP][PASSED] - click(findTestObject("Configuracion/Sistema/Parametros Generales/Filtros LLave/span_0filtro llave")): Object: 'Object Repository/Configuracion/Sistema/Parametros Generales/Filtros LLave/span_0filtro llave' is clicked on

2021-05-28 14:11:35 - [MESSAGE][PASSED] - Object: 'Object Repository/Configuracion/Sistema/Parametros Generales/Filtros LLave/span_0filtro llave' is clicked on

2021-05-28 14:11:35 - [TEST_STEP][PASSED] - mouseOver(findTestObject("Configuracion/Sistema/Parametros Generales/Filtros LLave/span_1Filtro")): Object: 'Object Repository/Configuracion/Sistema/Parametros Generales/Filtros LLave/span_1Filtro' is hovered

2021-05-28 14:11:36 - [MESSAGE][PASSED] - Object: 'Object Repository/Configuracion/Sistema/Parametros Generales/Filtros LLave/span_1Filtro' is hovered

2021-05-28 14:11:36 - [TEST_STEP][PASSED] - click(findTestObject("Configuracion/Sistema/Parametros Generales/Filtro 1er valor/span_select")): Object: 'Object Repository/Configuracion/Sistema/Parametros Generales/Filtro 1er valor/span_select' is clicked on

2021-05-28 14:11:37 - [MESSAGE][PASSED] - Object: 'Object Repository/Configuracion/Sistema/Parametros Generales/Filtro 1er valor/span_select' is clicked on

2021-05-28 14:11:37 - [TEST_STEP][PASSED] - click(findTestObject("Configuracion/Sistema/Parametros Generales/Filtro 1er valor/li_Contiene")): Object: 'Object Repository/Configuracion/Sistema/Parametros Generales/Filtro 1er valor/li_Contiene' is clicked on

2021-05-28 14:11:38 - [MESSAGE][PASSED] - Object: 'Object Repository/Configuracion/Sistema/Parametros Generales/Filtro 1er valor/li_Contiene' is clicked on

2021-05-28 14:11:38 - [TEST_STEP][PASSED] - setText(findTestObject("Configuracion/Sistema/Parametros Generales/Filtro 1er valor/input_Texto a buscar1"), "Sistema.MostrarInfoCliente"): Text 'Sistema.MostrarInfoCliente' is set on object 'Object Repository/Configuracion/Sistema/Parametros Generales/Filtro 1er valor/input_Texto a buscar1'

2021-05-28 14:11:40 - [MESSAGE][PASSED] - Text 'Sistema.MostrarInfoCliente' is set on object 'Object Repository/Configuracion/Sistema/Parametros Generales/Filtro 1er valor/input_Texto a buscar1'

2021-05-28 14:11:40 - [TEST_STEP][PASSED] - click(findTestObject("Configuracion/Sistema/Parametros Generales/botones filtro/btn_Filtrar")): Object: 'Object Repository/Configuracion/Sistema/Parametros Generales/botones filtro/btn_Filtrar' is clicked on

2021-05-28 14:11:41 - [MESSAGE][PASSED] - Object: 'Object Repository/Configuracion/Sistema/Parametros Generales/botones filtro/btn_Filtrar' is clicked on

2021-05-28 14:11:41 - [TEST_STEP][PASSED] - delay(2): Delayed 2 second(s)

2021-05-28 14:11:43 - [MESSAGE][PASSED] - Delayed 2 second(s)

2021-05-28 14:11:43 - [TEST_STEP][PASSED] - click(findTestObject("Configuracion/Sistema/Parametros Generales/Cambiar Parametro Valor/a_Editar")): Object: 'Object Repository/Configuracion/Sistema/Parametros Generales/Cambiar Parametro Valor/a_Editar' is clicked on

2021-05-28 14:11:43 - [MESSAGE][PASSED] - Object: 'Object Repository/Configuracion/Sistema/Parametros Generales/Cambiar Parametro Valor/a_Editar' is clicked on

2021-05-28 14:11:43 - [TEST_STEP][PASSED] - delay(2): Delayed 2 second(s)

2021-05-28 14:11:45 - [MESSAGE][PASSED] - Delayed 2 second(s)

2021-05-28 14:11:45 - [TEST_STEP][PASSED] - click(findTestObject("Configuracion/Sistema/Parametros Generales/Cambiar Parametro Valor/input_Valor"), STOP_ON_FAILURE): Object: 'Object Repository/Configuracion/Sistema/Parametros Generales/Cambiar Parametro Valor/input_Valor' is clicked on

2021-05-28 14:11:47 - [MESSAGE][PASSED] - Object: 'Object Repository/Configuracion/Sistema/Parametros Generales/Cambiar Parametro Valor/input_Valor' is clicked on

2021-05-28 14:11:47 - [TEST_STEP][PASSED] - sendKeys(findTestObject(null), "No"): Keys 'No' sent to object: 'tempBody'

2021-05-28 14:11:47 - [MESSAGE][WARNING] - Test object id is null

2021-05-28 14:11:47 - [MESSAGE][WARNING] - Test object with id 'Object Repository/' does not exist

2021-05-28 14:11:47 - [MESSAGE][PASSED] - Keys 'No' sent to object: 'tempBody'

2021-05-28 14:11:47 - [TEST_STEP][PASSED] - delay(2): Delayed 2 second(s)

2021-05-28 14:11:49 - [MESSAGE][PASSED] - Delayed 2 second(s)

2021-05-28 14:11:49 - [TEST_STEP][PASSED] - click(findTestObject("Configuracion/Sistema/Parametros Generales/Cambiar Parametro Valor/a_Guardar")): Object: 'Object Repository/Configuracion/Sistema/Parametros Generales/Cambiar Parametro Valor/a_Guardar' is clicked on

2021-05-28 14:11:50 - [MESSAGE][PASSED] - Object: 'Object Repository/Configuracion/Sistema/Parametros Generales/Cambiar Parametro Valor/a_Guardar' is clicked on

2021-05-28 14:11:50 - [TEST_STEP][PASSED] - delay(3): Delayed 3 second(s)

2021-05-28 14:11:53 - [MESSAGE][PASSED] - Delayed 3 second(s)

2021-05-28 14:11:53 - [TEST_STEP][PASSED] - click(findTestObject("1Inicio/a_Inicio")): Object: 'Object Repository/1Inicio/a_Inicio' is clicked on

2021-05-28 14:11:54 - [MESSAGE][PASSED] - Object: 'Object Repository/1Inicio/a_Inicio' is clicked on

2021-05-28 14:11:54 - [TEST_STEP][PASSED] - delay(3): Delayed 3 second(s)

2021-05-28 14:11:57 - [MESSAGE][PASSED] - Delayed 3 second(s)

2021-05-28 14:11:57 - [TEST_STEP][PASSED] - click(findTestObject("1Inicio/img_Operacion")): Object: 'Object Repository/1Inicio/img_Operacion' is clicked on

2021-05-28 14:11:58 - [MESSAGE][PASSED] - Object: 'Object Repository/1Inicio/img_Operacion' is clicked on

2021-05-28 14:11:58 - [TEST_STEP][PASSED] - delay(3): Delayed 3 second(s)

2021-05-28 14:12:01 - [MESSAGE][PASSED] - Delayed 3 second(s)

2021-05-28 14:12:01 - [TEST_STEP][PASSED] - click(findTestObject("2 Operacion/Elementos Del Sistema")): Object: 'Object Repository/2 Operacion/Elementos Del Sistema' is clicked on

2021-05-28 14:12:02 - [MESSAGE][PASSED] - Object: 'Object Repository/2 Operacion/Elementos Del Sistema' is clicked on

2021-05-28 14:12:02 - [TEST_STEP][PASSED] - delay(3): Delayed 3 second(s)

2021-05-28 14:12:05 - [MESSAGE][PASSED] - Delayed 3 second(s)

2021-05-28 14:12:05 - [TEST_STEP][PASSED] - click(findTestObject("2 Operacion/Elementos del Sistema/img_Selectores")): Object: 'Object Repository/2 Operacion/Elementos del Sistema/img_Selectores' is clicked on

2021-05-28 14:12:05 - [MESSAGE][PASSED] - Object: 'Object Repository/2 Operacion/Elementos del Sistema/img_Selectores' is clicked on

2021-05-28 14:12:05 - [TEST_STEP][PASSED] - delay(3): Delayed 3 second(s)

2021-05-28 14:12:08 - [MESSAGE][PASSED] - Delayed 3 second(s)

2021-05-28 14:12:08 - [TEST_STEP][PASSED] - click(findTestObject("2 Operacion/Elementos del Sistema/Selectores/00Oficinas/a_Bogota - CIEL")): Object: 'Object Repository/2 Operacion/Elementos del Sistema/Selectores/00Oficinas/a_Bogota - CIEL' is clicked on

2021-05-28 14:12:09 - [MESSAGE][PASSED] - Object: 'Object Repository/2 Operacion/Elementos del Sistema/Selectores/00Oficinas/a_Bogota - CIEL' is clicked on

2021-05-28 14:12:09 - [TEST_STEP][PASSED] - delay(3): Delayed 3 second(s)

2021-05-28 14:12:12 - [MESSAGE][PASSED] - Delayed 3 second(s)

2021-05-28 14:12:12 - [TEST_STEP][PASSED] - click(findTestObject("2 Operacion/Elementos del Sistema/Selectores/0 Lista de Selectores/a_Abrir Selector")): Object: 'Object Repository/2 Operacion/Elementos del Sistema/Selectores/0 Lista de Selectores/a_Abrir Selector' is clicked on

2021-05-28 14:12:13 - [MESSAGE][PASSED] - Object: 'Object Repository/2 Operacion/Elementos del Sistema/Selectores/0 Lista de Selectores/a_Abrir Selector' is clicked on

2021-05-28 14:12:13 - [TEST_STEP][PASSED] - delay(5): Delayed 5 second(s)

2021-05-28 14:12:18 - [MESSAGE][PASSED] - Delayed 5 second(s)

2021-05-28 14:12:18 - [TEST_STEP][PASSED] - switchToWindowIndex(1): Switched to window with index: '1'

2021-05-28 14:12:18 - [MESSAGE][PASSED] - Switched to window with index: '1'

2021-05-28 14:12:18 - [TEST_STEP][PASSED] - delay(3): Delayed 3 second(s)

2021-05-28 14:12:21 - [MESSAGE][PASSED] - Delayed 3 second(s)

2021-05-28 14:12:21 - [TEST_STEP][PASSED] - click(findTestObject("2 Operacion/Elementos del Sistema/Selectores/1 Datos basicos de selector/img_Cerrar selector")): Object: 'Object Repository/2 Operacion/Elementos del Sistema/Selectores/1 Datos basicos de selector/img_Cerrar selector' is clicked on

2021-05-28 14:12:22 - [MESSAGE][PASSED] - Object: 'Object Repository/2 Operacion/Elementos del Sistema/Selectores/1 Datos basicos de selector/img_Cerrar selector' is clicked on

2021-05-28 14:12:22 - [TEST_STEP][PASSED] - delay(3): Delayed 3 second(s)

2021-05-28 14:12:25 - [MESSAGE][PASSED] - Delayed 3 second(s)

2021-05-28 14:12:25 - [TEST_STEP][PASSED] - click(findTestObject("2 Operacion/Elementos del Sistema/Selectores/1 Datos basicos de selector/Motivos para cerrar selector/btn_FindeJornada")): Object: 'Object Repository/2 Operacion/Elementos del Sistema/Selectores/1 Datos basicos de selector/Motivos para cerrar selector/btn_FindeJornada' is clicked on

2021-05-28 14:12:26 - [MESSAGE][PASSED] - Object: 'Object Repository/2 Operacion/Elementos del Sistema/Selectores/1 Datos basicos de selector/Motivos para cerrar selector/btn_FindeJornada' is clicked on

2021-05-28 14:12:26 - [TEST_STEP][PASSED] - delay(2): Delayed 2 second(s)

2021-05-28 14:12:28 - [MESSAGE][PASSED] - Delayed 2 second(s)]]></system-out>
         <system-err><![CDATA[]]></system-err>
      </testcase>
      <system-out><![CDATA[2021-05-28 14:08:39 - [TEST_SUITE][PASSED] - 23.Sistema.MostrarInfoCliente: Test Cases/23.Sistema.MostrarInfoCliente No]]></system-out>
      <system-err><![CDATA[]]></system-err>
   </testsuite>
</testsuites>
