<?xml version="1.0" encoding="UTF-8"?>
<testsuites name="Gestion Turnos" time="254.136" tests="1" failures="0" errors="0">
   <testsuite name="Gestion Turnos" tests="1" failures="0" errors="0" time="254.136" skipped="0" timestamp="2021-08-04 17:56:53" hostname="BILIKI - DESKTOP-HH1RJM2" id="Test Suites/0 Atributos/Gestion Turnos">
      <properties>
         <property name="deviceName" value=""/>
         <property name="devicePlatform" value=""/>
         <property name="logFolder" value="E:\\CIEL INGENIERIA\\KATALON\\Validaciones\\Reports\\20210804_175633\\0 Atributos\\Gestion Turnos\\20210804_175633"/>
         <property name="logFiles" value="E:\\CIEL INGENIERIA\\KATALON\\Validaciones\\Reports\\20210804_175633\\0 Atributos\\Gestion Turnos\\20210804_175633\\execution0.log"/>
         <property name="attachments" value="E:\\CIEL INGENIERIA\\KATALON\\Validaciones\\Reports\\20210804_175633\\0 Atributos\\Gestion Turnos\\20210804_175633\\1628117883136.png, E:\\CIEL INGENIERIA\\KATALON\\Validaciones\\Reports\\20210804_175633\\0 Atributos\\Gestion Turnos\\20210804_175633\\1628117904679.png, E:\\CIEL INGENIERIA\\KATALON\\Validaciones\\Reports\\20210804_175633\\0 Atributos\\Gestion Turnos\\20210804_175633\\1628117965590.png, E:\\CIEL INGENIERIA\\KATALON\\Validaciones\\Reports\\20210804_175633\\0 Atributos\\Gestion Turnos\\20210804_175633\\1628117971544.png, E:\\CIEL INGENIERIA\\KATALON\\Validaciones\\Reports\\20210804_175633\\0 Atributos\\Gestion Turnos\\20210804_175633\\1628118001408.png, E:\\CIEL INGENIERIA\\KATALON\\Validaciones\\Reports\\20210804_175633\\0 Atributos\\Gestion Turnos\\20210804_175633\\1628118038472.png"/>
         <property name="hostName" value="BILIKI - DESKTOP-HH1RJM2"/>
         <property name="os" value="Windows 10 64bit"/>
         <property name="katalonVersion" value="8.0.5.208"/>
         <property name="browser" value="Chrome 92.0.4515.131"/>
         <property name="hostAddress" value="169.254.120.121"/>
         <property name="sessionId" value="c9768dd04710de972661f426e8d3dac5"/>
         <property name="seleniumVersion" value="3.141.59"/>
         <property name="proxyInformation" value="ProxyInformation { proxyOption=NO_PROXY, proxyServerType=HTTP, username=, password=********, proxyServerAddress=, proxyServerPort=0, executionList=&quot;&quot;, isApplyToDesiredCapabilities=true }"/>
         <property name="platform" value="Windows 10"/>
      </properties>
      <testcase name="Test Cases/0 Atributos/Gestion Turnos" time="228.288" classname="Test Cases/0 Atributos/Gestion Turnos" status="PASSED">
         <system-out><![CDATA[2021-08-04 17:56:54 - [TEST_CASE][PASSED] - Test Cases/0 Atributos/Gestion Turnos: Test Cases/0 Atributos/Gestion Turnos

2021-08-04 17:56:56 - [TEST_STEP][PASSED] - callTestCase(findTestCase("Inicio Sesion sin variables"), [:], STOP_ON_FAILURE): Call Test Case 'Test Cases/Inicio Sesion sin variables' successfully

2021-08-04 17:56:57 - [TEST_CASE][PASSED] - Test Cases/Inicio Sesion sin variables: Test Cases/Inicio Sesion sin variables

2021-08-04 17:56:58 - [TEST_STEP][PASSED] - openBrowser("http://Localhost:8810"): Browser is opened with url: 'http://Localhost:8810'

2021-08-04 17:56:59 - [MESSAGE][INFO] - Starting 'Chrome' driver

2021-08-04 17:56:59 - [MESSAGE][INFO] - Action delay is set to 0 milliseconds

2021-08-04 17:57:18 - [MESSAGE][PASSED] - Browser is opened with url: 'http://Localhost:8810'

2021-08-04 17:57:18 - [TEST_STEP][PASSED] - maximizeWindow(): Current window maximized

2021-08-04 17:57:19 - [MESSAGE][PASSED] - Current window maximized

2021-08-04 17:57:19 - [TEST_STEP][PASSED] - setText(findTestObject("0Inicio Sesion/input__Usuario"), "ciel"): Text 'ciel' is set on object 'Object Repository/0Inicio Sesion/input__Usuario'

2021-08-04 17:57:21 - [MESSAGE][PASSED] - Text 'ciel' is set on object 'Object Repository/0Inicio Sesion/input__Usuario'

2021-08-04 17:57:21 - [TEST_STEP][PASSED] - setText(findTestObject("0Inicio Sesion/input__Clave"), "digiturno"): Text 'digiturno' is set on object 'Object Repository/0Inicio Sesion/input__Clave'

2021-08-04 17:57:22 - [MESSAGE][PASSED] - Text 'digiturno' is set on object 'Object Repository/0Inicio Sesion/input__Clave'

2021-08-04 17:57:22 - [TEST_STEP][PASSED] - click(findTestObject("0Inicio Sesion/btn_IniciarSesion")): Object: 'Object Repository/0Inicio Sesion/btn_IniciarSesion' is clicked on

2021-08-04 17:57:24 - [MESSAGE][PASSED] - Object: 'Object Repository/0Inicio Sesion/btn_IniciarSesion' is clicked on

2021-08-04 17:57:24 - [TEST_STEP][PASSED] - delay(3): Delayed 3 second(s)

2021-08-04 17:57:27 - [MESSAGE][PASSED] - Delayed 3 second(s)

2021-08-04 17:57:27 - [MESSAGE][PASSED] - Call Test Case 'Test Cases/Inicio Sesion sin variables' successfully

2021-08-04 17:57:27 - [TEST_STEP][PASSED] - click(findTestObject("1Inicio/img_Configuracion")): Object: 'Object Repository/1Inicio/img_Configuracion' is clicked on

2021-08-04 17:57:30 - [MESSAGE][PASSED] - Object: 'Object Repository/1Inicio/img_Configuracion' is clicked on

2021-08-04 17:57:30 - [TEST_STEP][PASSED] - delay(3): Delayed 3 second(s)

2021-08-04 17:57:33 - [MESSAGE][PASSED] - Delayed 3 second(s)

2021-08-04 17:57:33 - [TEST_STEP][PASSED] - click(findTestObject("Configuracion/1Principal/img_Seguridad")): Object: 'Object Repository/Configuracion/1Principal/img_Seguridad' is clicked on

2021-08-04 17:57:35 - [MESSAGE][PASSED] - Object: 'Object Repository/Configuracion/1Principal/img_Seguridad' is clicked on

2021-08-04 17:57:35 - [TEST_STEP][PASSED] - delay(3): Delayed 3 second(s)

2021-08-04 17:57:38 - [MESSAGE][PASSED] - Delayed 3 second(s)

2021-08-04 17:57:38 - [TEST_STEP][PASSED] - click(findTestObject("Configuracion/Seguridad/img_Usuarios")): Object: 'Object Repository/Configuracion/Seguridad/img_Usuarios' is clicked on

2021-08-04 17:57:39 - [MESSAGE][PASSED] - Object: 'Object Repository/Configuracion/Seguridad/img_Usuarios' is clicked on

2021-08-04 17:57:39 - [TEST_STEP][PASSED] - delay(3): Delayed 3 second(s)

2021-08-04 17:57:42 - [MESSAGE][PASSED] - Delayed 3 second(s)

2021-08-04 17:57:42 - [TEST_STEP][PASSED] - click(findTestObject("Configuracion/Seguridad/Usuarios/1Principal/img_Consultar Usuarios")): Object: 'Object Repository/Configuracion/Seguridad/Usuarios/1Principal/img_Consultar Usuarios' is clicked on

2021-08-04 17:57:44 - [MESSAGE][PASSED] - Object: 'Object Repository/Configuracion/Seguridad/Usuarios/1Principal/img_Consultar Usuarios' is clicked on

2021-08-04 17:57:44 - [TEST_STEP][PASSED] - delay(3): Delayed 3 second(s)

2021-08-04 17:57:47 - [MESSAGE][PASSED] - Delayed 3 second(s)

2021-08-04 17:57:47 - [TEST_STEP][PASSED] - setText(findTestObject("Configuracion/Seguridad/Usuarios/Consultar Usuarios/1Filtro por Nombre de usuario/input__TextoABuscar"), "Jaime"): Text 'Jaime' is set on object 'Object Repository/Configuracion/Seguridad/Usuarios/Consultar Usuarios/1Filtro por Nombre de usuario/input__TextoABuscar'

2021-08-04 17:57:49 - [MESSAGE][PASSED] - Text 'Jaime' is set on object 'Object Repository/Configuracion/Seguridad/Usuarios/Consultar Usuarios/1Filtro por Nombre de usuario/input__TextoABuscar'

2021-08-04 17:57:49 - [TEST_STEP][PASSED] - click(findTestObject("Configuracion/Seguridad/Usuarios/Consultar Usuarios/1Filtro por Nombre de usuario/img_Filtrar")): Object: 'Object Repository/Configuracion/Seguridad/Usuarios/Consultar Usuarios/1Filtro por Nombre de usuario/img_Filtrar' is clicked on

2021-08-04 17:57:52 - [MESSAGE][PASSED] - Object: 'Object Repository/Configuracion/Seguridad/Usuarios/Consultar Usuarios/1Filtro por Nombre de usuario/img_Filtrar' is clicked on

2021-08-04 17:57:52 - [TEST_STEP][PASSED] - delay(3): Delayed 3 second(s)

2021-08-04 17:57:55 - [MESSAGE][PASSED] - Delayed 3 second(s)

2021-08-04 17:57:55 - [TEST_STEP][PASSED] - click(findTestObject("Configuracion/Seguridad/Usuarios/Consultar Usuarios/1Filtro por Nombre de usuario/span_admin")): Object: 'Object Repository/Configuracion/Seguridad/Usuarios/Consultar Usuarios/1Filtro por Nombre de usuario/span_admin' is clicked on

2021-08-04 17:57:59 - [MESSAGE][PASSED] - Object: 'Object Repository/Configuracion/Seguridad/Usuarios/Consultar Usuarios/1Filtro por Nombre de usuario/span_admin' is clicked on

2021-08-04 17:57:59 - [TEST_STEP][PASSED] - delay(3): Delayed 3 second(s)

2021-08-04 17:58:03 - [MESSAGE][PASSED] - Delayed 3 second(s)

2021-08-04 17:58:03 - [TEST_STEP][PASSED] - takeFullPageScreenshot(STOP_ON_FAILURE): Taking screenshot successfully

2021-08-04 17:58:04 - [MESSAGE][INFO] - 0 hidden object(s)

2021-08-04 17:58:05 - [MESSAGE][PASSED] - Taking screenshot successfully
[[ATTACHMENT|E:\\CIEL INGENIERIA\\KATALON\\Validaciones\\Reports\\20210804_175633\\0 Atributos\\Gestion Turnos\\20210804_175633\\1628117883136.png]]

2021-08-04 17:58:05 - [TEST_STEP][PASSED] - delay(3): Delayed 3 second(s)

2021-08-04 17:58:08 - [MESSAGE][PASSED] - Delayed 3 second(s)

2021-08-04 17:58:08 - [TEST_STEP][PASSED] - back(): Navigate back successfully

2021-08-04 17:58:09 - [MESSAGE][PASSED] - Navigate back successfully

2021-08-04 17:58:09 - [TEST_STEP][PASSED] - delay(3): Delayed 3 second(s)

2021-08-04 17:58:12 - [MESSAGE][PASSED] - Delayed 3 second(s)

2021-08-04 17:58:12 - [TEST_STEP][PASSED] - setText(findTestObject("Configuracion/Seguridad/Usuarios/Consultar Usuarios/1Filtro por Nombre de usuario/input__TextoABuscar"), "jaime2"): Text 'jaime2' is set on object 'Object Repository/Configuracion/Seguridad/Usuarios/Consultar Usuarios/1Filtro por Nombre de usuario/input__TextoABuscar'

2021-08-04 17:58:14 - [MESSAGE][PASSED] - Text 'jaime2' is set on object 'Object Repository/Configuracion/Seguridad/Usuarios/Consultar Usuarios/1Filtro por Nombre de usuario/input__TextoABuscar'

2021-08-04 17:58:14 - [TEST_STEP][PASSED] - click(findTestObject("Configuracion/Seguridad/Usuarios/Consultar Usuarios/1Filtro por Nombre de usuario/img_Filtrar")): Object: 'Object Repository/Configuracion/Seguridad/Usuarios/Consultar Usuarios/1Filtro por Nombre de usuario/img_Filtrar' is clicked on

2021-08-04 17:58:16 - [MESSAGE][PASSED] - Object: 'Object Repository/Configuracion/Seguridad/Usuarios/Consultar Usuarios/1Filtro por Nombre de usuario/img_Filtrar' is clicked on

2021-08-04 17:58:16 - [TEST_STEP][PASSED] - delay(3): Delayed 3 second(s)

2021-08-04 17:58:19 - [MESSAGE][PASSED] - Delayed 3 second(s)

2021-08-04 17:58:19 - [TEST_STEP][PASSED] - click(findTestObject("Configuracion/Seguridad/Usuarios/Consultar Usuarios/1Filtro por Nombre de usuario/span_admin")): Object: 'Object Repository/Configuracion/Seguridad/Usuarios/Consultar Usuarios/1Filtro por Nombre de usuario/span_admin' is clicked on

2021-08-04 17:58:21 - [MESSAGE][PASSED] - Object: 'Object Repository/Configuracion/Seguridad/Usuarios/Consultar Usuarios/1Filtro por Nombre de usuario/span_admin' is clicked on

2021-08-04 17:58:21 - [TEST_STEP][PASSED] - delay(3): Delayed 3 second(s)

2021-08-04 17:58:24 - [MESSAGE][PASSED] - Delayed 3 second(s)

2021-08-04 17:58:24 - [TEST_STEP][PASSED] - takeFullPageScreenshot(STOP_ON_FAILURE): Taking screenshot successfully

2021-08-04 17:58:25 - [MESSAGE][INFO] - 0 hidden object(s)

2021-08-04 17:58:25 - [MESSAGE][PASSED] - Taking screenshot successfully
[[ATTACHMENT|E:\\CIEL INGENIERIA\\KATALON\\Validaciones\\Reports\\20210804_175633\\0 Atributos\\Gestion Turnos\\20210804_175633\\1628117904679.png]]

2021-08-04 17:58:25 - [TEST_STEP][PASSED] - delay(3): Delayed 3 second(s)

2021-08-04 17:58:29 - [MESSAGE][PASSED] - Delayed 3 second(s)

2021-08-04 17:58:29 - [TEST_STEP][PASSED] - click(findTestObject("1Inicio/a_Inicio")): Object: 'Object Repository/1Inicio/a_Inicio' is clicked on

2021-08-04 17:58:31 - [MESSAGE][PASSED] - Object: 'Object Repository/1Inicio/a_Inicio' is clicked on

2021-08-04 17:58:31 - [TEST_STEP][PASSED] - delay(3): Delayed 3 second(s)

2021-08-04 17:58:34 - [MESSAGE][PASSED] - Delayed 3 second(s)

2021-08-04 17:58:34 - [TEST_STEP][PASSED] - click(findTestObject("1Inicio/img_Operacion")): Object: 'Object Repository/1Inicio/img_Operacion' is clicked on

2021-08-04 17:58:35 - [MESSAGE][PASSED] - Object: 'Object Repository/1Inicio/img_Operacion' is clicked on

2021-08-04 17:58:35 - [TEST_STEP][PASSED] - delay(3): Delayed 3 second(s)

2021-08-04 17:58:38 - [MESSAGE][PASSED] - Delayed 3 second(s)

2021-08-04 17:58:38 - [TEST_STEP][PASSED] - click(findTestObject("2 Operacion/Elementos Del Sistema")): Object: 'Object Repository/2 Operacion/Elementos Del Sistema' is clicked on

2021-08-04 17:58:40 - [MESSAGE][PASSED] - Object: 'Object Repository/2 Operacion/Elementos Del Sistema' is clicked on

2021-08-04 17:58:40 - [TEST_STEP][PASSED] - delay(3): Delayed 3 second(s)

2021-08-04 17:58:43 - [MESSAGE][PASSED] - Delayed 3 second(s)

2021-08-04 17:58:43 - [TEST_STEP][PASSED] - click(findTestObject("2 Operacion/Elementos del Sistema/img_Selectores")): Object: 'Object Repository/2 Operacion/Elementos del Sistema/img_Selectores' is clicked on

2021-08-04 17:58:44 - [MESSAGE][PASSED] - Object: 'Object Repository/2 Operacion/Elementos del Sistema/img_Selectores' is clicked on

2021-08-04 17:58:44 - [TEST_STEP][PASSED] - delay(3): Delayed 3 second(s)

2021-08-04 17:58:47 - [MESSAGE][PASSED] - Delayed 3 second(s)

2021-08-04 17:58:47 - [TEST_STEP][PASSED] - click(findTestObject("2 Operacion/Elementos del Sistema/Selectores/00Oficinas/a_Bogota - CIEL")): Object: 'Object Repository/2 Operacion/Elementos del Sistema/Selectores/00Oficinas/a_Bogota - CIEL' is clicked on

2021-08-04 17:58:48 - [MESSAGE][PASSED] - Object: 'Object Repository/2 Operacion/Elementos del Sistema/Selectores/00Oficinas/a_Bogota - CIEL' is clicked on

2021-08-04 17:58:48 - [TEST_STEP][PASSED] - delay(3): Delayed 3 second(s)

2021-08-04 17:58:52 - [MESSAGE][PASSED] - Delayed 3 second(s)

2021-08-04 17:58:52 - [TEST_STEP][PASSED] - click(findTestObject("2 Operacion/Elementos del Sistema/Selectores/0 Lista de Selectores/a_Abrir Selector")): Object: 'Object Repository/2 Operacion/Elementos del Sistema/Selectores/0 Lista de Selectores/a_Abrir Selector' is clicked on

2021-08-04 17:58:53 - [MESSAGE][PASSED] - Object: 'Object Repository/2 Operacion/Elementos del Sistema/Selectores/0 Lista de Selectores/a_Abrir Selector' is clicked on

2021-08-04 17:58:53 - [TEST_STEP][PASSED] - delay(5): Delayed 5 second(s)

2021-08-04 17:58:58 - [MESSAGE][PASSED] - Delayed 5 second(s)

2021-08-04 17:58:58 - [TEST_STEP][PASSED] - switchToWindowIndex(1): Switched to window with index: '1'

2021-08-04 17:58:58 - [MESSAGE][PASSED] - Switched to window with index: '1'

2021-08-04 17:58:58 - [TEST_STEP][PASSED] - delay(2): Delayed 2 second(s)

2021-08-04 17:59:00 - [MESSAGE][PASSED] - Delayed 2 second(s)

2021-08-04 17:59:00 - [TEST_STEP][PASSED] - maximizeWindow(): Current window maximized

2021-08-04 17:59:00 - [MESSAGE][PASSED] - Current window maximized

2021-08-04 17:59:00 - [TEST_STEP][PASSED] - delay(2): Delayed 2 second(s)

2021-08-04 17:59:02 - [MESSAGE][PASSED] - Delayed 2 second(s)

2021-08-04 17:59:02 - [TEST_STEP][PASSED] - setText(findTestObject("2 Operacion/Elementos del Sistema/Selectores/2 Escoger por jerarquia/input_Escoger por Jerarqua2"), "info"): Text 'info' is set on object 'Object Repository/2 Operacion/Elementos del Sistema/Selectores/2 Escoger por jerarquia/input_Escoger por Jerarqua2'

2021-08-04 17:59:04 - [MESSAGE][PASSED] - Text 'info' is set on object 'Object Repository/2 Operacion/Elementos del Sistema/Selectores/2 Escoger por jerarquia/input_Escoger por Jerarqua2'

2021-08-04 17:59:04 - [TEST_STEP][PASSED] - delay(3): Delayed 3 second(s)

2021-08-04 17:59:07 - [MESSAGE][PASSED] - Delayed 3 second(s)

2021-08-04 17:59:07 - [TEST_STEP][PASSED] - click(findTestObject("2 Operacion/Elementos del Sistema/Selectores/2 Escoger por jerarquia/a_WIZ Informacion General")): Object: 'Object Repository/2 Operacion/Elementos del Sistema/Selectores/2 Escoger por jerarquia/a_WIZ Informacion General' is clicked on

2021-08-04 17:59:08 - [MESSAGE][PASSED] - Object: 'Object Repository/2 Operacion/Elementos del Sistema/Selectores/2 Escoger por jerarquia/a_WIZ Informacion General' is clicked on

2021-08-04 17:59:08 - [TEST_STEP][PASSED] - delay(3): Delayed 3 second(s)

2021-08-04 17:59:11 - [MESSAGE][PASSED] - Delayed 3 second(s)

2021-08-04 17:59:11 - [TEST_STEP][PASSED] - click(findTestObject("2 Operacion/Elementos del Sistema/Selectores/4 Generar Turno/select_Especialidades (click)")): Object: 'Object Repository/2 Operacion/Elementos del Sistema/Selectores/4 Generar Turno/select_Especialidades (click)' is clicked on

2021-08-04 17:59:12 - [MESSAGE][PASSED] - Object: 'Object Repository/2 Operacion/Elementos del Sistema/Selectores/4 Generar Turno/select_Especialidades (click)' is clicked on

2021-08-04 17:59:12 - [TEST_STEP][PASSED] - check(findTestObject("2 Operacion/Elementos del Sistema/Selectores/4 Generar Turno/chk_Especialidades_Cirujanos")): Object 'Object Repository/2 Operacion/Elementos del Sistema/Selectores/4 Generar Turno/chk_Especialidades_Cirujanos' is checked

2021-08-04 17:59:14 - [MESSAGE][PASSED] - Object 'Object Repository/2 Operacion/Elementos del Sistema/Selectores/4 Generar Turno/chk_Especialidades_Cirujanos' is checked

2021-08-04 17:59:14 - [TEST_STEP][PASSED] - delay(3): Delayed 3 second(s)

2021-08-04 17:59:17 - [MESSAGE][PASSED] - Delayed 3 second(s)

2021-08-04 17:59:17 - [TEST_STEP][PASSED] - click(findTestObject("2 Operacion/Elementos del Sistema/Selectores/4 Generar Turno/textarea_Observaciones")): Object: 'Object Repository/2 Operacion/Elementos del Sistema/Selectores/4 Generar Turno/textarea_Observaciones' is clicked on

2021-08-04 17:59:18 - [MESSAGE][PASSED] - Object: 'Object Repository/2 Operacion/Elementos del Sistema/Selectores/4 Generar Turno/textarea_Observaciones' is clicked on

2021-08-04 17:59:18 - [TEST_STEP][PASSED] - click(findTestObject("2 Operacion/Elementos del Sistema/Selectores/4 Generar Turno/select_Profesionales(click)")): Object: 'Object Repository/2 Operacion/Elementos del Sistema/Selectores/4 Generar Turno/select_Profesionales(click)' is clicked on

2021-08-04 17:59:19 - [MESSAGE][PASSED] - Object: 'Object Repository/2 Operacion/Elementos del Sistema/Selectores/4 Generar Turno/select_Profesionales(click)' is clicked on

2021-08-04 17:59:19 - [TEST_STEP][PASSED] - check(findTestObject("2 Operacion/Elementos del Sistema/Selectores/4 Generar Turno/chk_Profesionales_Cardiologo")): Object 'Object Repository/2 Operacion/Elementos del Sistema/Selectores/4 Generar Turno/chk_Profesionales_Cardiologo' is checked

2021-08-04 17:59:21 - [MESSAGE][PASSED] - Object 'Object Repository/2 Operacion/Elementos del Sistema/Selectores/4 Generar Turno/chk_Profesionales_Cardiologo' is checked

2021-08-04 17:59:21 - [TEST_STEP][PASSED] - delay(3): Delayed 3 second(s)

2021-08-04 17:59:24 - [MESSAGE][PASSED] - Delayed 3 second(s)

2021-08-04 17:59:24 - [TEST_STEP][PASSED] - click(findTestObject("2 Operacion/Elementos del Sistema/Selectores/4 Generar Turno/textarea_Observaciones")): Object: 'Object Repository/2 Operacion/Elementos del Sistema/Selectores/4 Generar Turno/textarea_Observaciones' is clicked on

2021-08-04 17:59:25 - [MESSAGE][PASSED] - Object: 'Object Repository/2 Operacion/Elementos del Sistema/Selectores/4 Generar Turno/textarea_Observaciones' is clicked on

2021-08-04 17:59:25 - [TEST_STEP][PASSED] - takeFullPageScreenshot(): Taking screenshot successfully

2021-08-04 17:59:27 - [MESSAGE][INFO] - 0 hidden object(s)

2021-08-04 17:59:27 - [MESSAGE][PASSED] - Taking screenshot successfully
[[ATTACHMENT|E:\\CIEL INGENIERIA\\KATALON\\Validaciones\\Reports\\20210804_175633\\0 Atributos\\Gestion Turnos\\20210804_175633\\1628117965590.png]]

2021-08-04 17:59:27 - [TEST_STEP][PASSED] - delay(2): Delayed 2 second(s)

2021-08-04 17:59:29 - [MESSAGE][PASSED] - Delayed 2 second(s)

2021-08-04 17:59:29 - [TEST_STEP][PASSED] - click(findTestObject("2 Operacion/Elementos del Sistema/Selectores/4 Generar Turno/img_Con Impresion")): Object: 'Object Repository/2 Operacion/Elementos del Sistema/Selectores/4 Generar Turno/img_Con Impresion' is clicked on

2021-08-04 17:59:30 - [MESSAGE][PASSED] - Object: 'Object Repository/2 Operacion/Elementos del Sistema/Selectores/4 Generar Turno/img_Con Impresion' is clicked on

2021-08-04 17:59:30 - [TEST_STEP][PASSED] - delay(1): Delayed 1 second(s)

2021-08-04 17:59:31 - [MESSAGE][PASSED] - Delayed 1 second(s)

2021-08-04 17:59:31 - [TEST_STEP][PASSED] - takeFullPageScreenshot(): Taking screenshot successfully

2021-08-04 17:59:33 - [MESSAGE][INFO] - 0 hidden object(s)

2021-08-04 17:59:33 - [MESSAGE][PASSED] - Taking screenshot successfully
[[ATTACHMENT|E:\\CIEL INGENIERIA\\KATALON\\Validaciones\\Reports\\20210804_175633\\0 Atributos\\Gestion Turnos\\20210804_175633\\1628117971544.png]]

2021-08-04 17:59:33 - [TEST_STEP][PASSED] - delay(2): Delayed 2 second(s)

2021-08-04 17:59:35 - [MESSAGE][PASSED] - Delayed 2 second(s)

2021-08-04 17:59:35 - [TEST_STEP][PASSED] - switchToWindowIndex(0): Switched to window with index: '0'

2021-08-04 17:59:35 - [MESSAGE][PASSED] - Switched to window with index: '0'

2021-08-04 17:59:35 - [TEST_STEP][PASSED] - delay(3): Delayed 3 second(s)

2021-08-04 17:59:38 - [MESSAGE][PASSED] - Delayed 3 second(s)

2021-08-04 17:59:38 - [TEST_STEP][PASSED] - click(findTestObject("1Inicio/a_Inicio")): Object: 'Object Repository/1Inicio/a_Inicio' is clicked on

2021-08-04 17:59:40 - [MESSAGE][PASSED] - Object: 'Object Repository/1Inicio/a_Inicio' is clicked on

2021-08-04 17:59:40 - [TEST_STEP][PASSED] - delay(3): Delayed 3 second(s)

2021-08-04 17:59:43 - [MESSAGE][PASSED] - Delayed 3 second(s)

2021-08-04 17:59:43 - [TEST_STEP][PASSED] - click(findTestObject("1Inicio/img_Gestion")): Object: 'Object Repository/1Inicio/img_Gestion' is clicked on

2021-08-04 17:59:45 - [MESSAGE][PASSED] - Object: 'Object Repository/1Inicio/img_Gestion' is clicked on

2021-08-04 17:59:45 - [TEST_STEP][PASSED] - delay(3): Delayed 3 second(s)

2021-08-04 17:59:48 - [MESSAGE][PASSED] - Delayed 3 second(s)

2021-08-04 17:59:48 - [TEST_STEP][PASSED] - click(findTestObject("Gestion/1Principal/img_Turnos")): Object: 'Object Repository/Gestion/1Principal/img_Turnos' is clicked on

2021-08-04 17:59:50 - [MESSAGE][PASSED] - Object: 'Object Repository/Gestion/1Principal/img_Turnos' is clicked on

2021-08-04 17:59:50 - [TEST_STEP][PASSED] - delay(3): Delayed 3 second(s)

2021-08-04 17:59:53 - [MESSAGE][PASSED] - Delayed 3 second(s)

2021-08-04 17:59:53 - [TEST_STEP][PASSED] - click(findTestObject("Gestion/Turnos/Filtros/0 Oficinas/a_select")): Object: 'Object Repository/Gestion/Turnos/Filtros/0 Oficinas/a_select' is clicked on

2021-08-04 17:59:54 - [MESSAGE][PASSED] - Object: 'Object Repository/Gestion/Turnos/Filtros/0 Oficinas/a_select' is clicked on

2021-08-04 17:59:54 - [TEST_STEP][PASSED] - delay(3): Delayed 3 second(s)

2021-08-04 17:59:57 - [MESSAGE][PASSED] - Delayed 3 second(s)

2021-08-04 17:59:57 - [TEST_STEP][PASSED] - click(findTestObject("Gestion/Turnos/Filtros/0 Oficinas/li_Bogota - CIEL")): Object: 'Object Repository/Gestion/Turnos/Filtros/0 Oficinas/li_Bogota - CIEL' is clicked on

2021-08-04 17:59:58 - [MESSAGE][PASSED] - Object: 'Object Repository/Gestion/Turnos/Filtros/0 Oficinas/li_Bogota - CIEL' is clicked on

2021-08-04 17:59:58 - [TEST_STEP][PASSED] - delay(3): Delayed 3 second(s)

2021-08-04 18:00:01 - [MESSAGE][PASSED] - Delayed 3 second(s)

2021-08-04 18:00:01 - [TEST_STEP][PASSED] - takeFullPageScreenshot(STOP_ON_FAILURE): Taking screenshot successfully

2021-08-04 18:00:02 - [MESSAGE][INFO] - 0 hidden object(s)

2021-08-04 18:00:02 - [MESSAGE][PASSED] - Taking screenshot successfully
[[ATTACHMENT|E:\\CIEL INGENIERIA\\KATALON\\Validaciones\\Reports\\20210804_175633\\0 Atributos\\Gestion Turnos\\20210804_175633\\1628118001408.png]]

2021-08-04 18:00:02 - [TEST_STEP][PASSED] - delay(3): Delayed 3 second(s)

2021-08-04 18:00:05 - [MESSAGE][PASSED] - Delayed 3 second(s)

2021-08-04 18:00:05 - [TEST_STEP][PASSED] - click(findTestObject("Gestion/Turnos/Lista de Turnos/a_SeleccionarTodo")): Object: 'Object Repository/Gestion/Turnos/Lista de Turnos/a_SeleccionarTodo' is clicked on

2021-08-04 18:00:06 - [MESSAGE][PASSED] - Object: 'Object Repository/Gestion/Turnos/Lista de Turnos/a_SeleccionarTodo' is clicked on

2021-08-04 18:00:06 - [TEST_STEP][PASSED] - delay(3): Delayed 3 second(s)

2021-08-04 18:00:09 - [MESSAGE][PASSED] - Delayed 3 second(s)

2021-08-04 18:00:09 - [TEST_STEP][PASSED] - click(findTestObject("Gestion/Turnos/Lista de Turnos/1 Especialidades/a_select")): Object: 'Object Repository/Gestion/Turnos/Lista de Turnos/1 Especialidades/a_select' is clicked on

2021-08-04 18:00:10 - [MESSAGE][PASSED] - Object: 'Object Repository/Gestion/Turnos/Lista de Turnos/1 Especialidades/a_select' is clicked on

2021-08-04 18:00:10 - [TEST_STEP][PASSED] - click(findTestObject("Gestion/Turnos/Lista de Turnos/1 Especialidades/chk_Marcar Todos")): Object: 'Object Repository/Gestion/Turnos/Lista de Turnos/1 Especialidades/chk_Marcar Todos' is clicked on

2021-08-04 18:00:11 - [MESSAGE][PASSED] - Object: 'Object Repository/Gestion/Turnos/Lista de Turnos/1 Especialidades/chk_Marcar Todos' is clicked on

2021-08-04 18:00:11 - [TEST_STEP][PASSED] - delay(3): Delayed 3 second(s)

2021-08-04 18:00:14 - [MESSAGE][PASSED] - Delayed 3 second(s)

2021-08-04 18:00:14 - [TEST_STEP][PASSED] - click(findTestObject("Gestion/Turnos/Lista de Turnos/3 Usuario/select_Usuario")): Object: 'Object Repository/Gestion/Turnos/Lista de Turnos/3 Usuario/select_Usuario' is clicked on

2021-08-04 18:00:15 - [MESSAGE][PASSED] - Object: 'Object Repository/Gestion/Turnos/Lista de Turnos/3 Usuario/select_Usuario' is clicked on

2021-08-04 18:00:15 - [TEST_STEP][PASSED] - delay(2): Delayed 2 second(s)

2021-08-04 18:00:17 - [MESSAGE][PASSED] - Delayed 2 second(s)

2021-08-04 18:00:17 - [TEST_STEP][PASSED] - selectOptionByIndex(findTestObject("Gestion/Turnos/Lista de Turnos/3 Usuario/select_Usuario"), 1): All options with index in [1] are selected on object 'Object Repository/Gestion/Turnos/Lista de Turnos/3 Usuario/select_Usuario'

2021-08-04 18:00:19 - [MESSAGE][PASSED] - All options with index in [1] are selected on object 'Object Repository/Gestion/Turnos/Lista de Turnos/3 Usuario/select_Usuario'

2021-08-04 18:00:19 - [TEST_STEP][PASSED] - delay(3): Delayed 3 second(s)

2021-08-04 18:00:22 - [MESSAGE][PASSED] - Delayed 3 second(s)

2021-08-04 18:00:22 - [TEST_STEP][PASSED] - click(findTestObject("Gestion/Turnos/Lista de Turnos/btn_Reasignar turnos")): Object: 'Object Repository/Gestion/Turnos/Lista de Turnos/btn_Reasignar turnos' is clicked on

2021-08-04 18:00:23 - [MESSAGE][PASSED] - Object: 'Object Repository/Gestion/Turnos/Lista de Turnos/btn_Reasignar turnos' is clicked on

2021-08-04 18:00:23 - [TEST_STEP][PASSED] - acceptAlert(): Alert accepted

2021-08-04 18:00:23 - [MESSAGE][PASSED] - Alert accepted

2021-08-04 18:00:23 - [TEST_STEP][PASSED] - delay(3): Delayed 3 second(s)

2021-08-04 18:00:26 - [MESSAGE][PASSED] - Delayed 3 second(s)

2021-08-04 18:00:26 - [TEST_STEP][PASSED] - click(findTestObject("Gestion/Turnos/Filtros/0 Oficinas/a_select")): Object: 'Object Repository/Gestion/Turnos/Filtros/0 Oficinas/a_select' is clicked on

2021-08-04 18:00:27 - [MESSAGE][PASSED] - Object: 'Object Repository/Gestion/Turnos/Filtros/0 Oficinas/a_select' is clicked on

2021-08-04 18:00:27 - [TEST_STEP][PASSED] - delay(3): Delayed 3 second(s)

2021-08-04 18:00:30 - [MESSAGE][PASSED] - Delayed 3 second(s)

2021-08-04 18:00:30 - [TEST_STEP][PASSED] - click(findTestObject("Gestion/Turnos/Filtros/0 Oficinas/li_Bogota - CIEL")): Object: 'Object Repository/Gestion/Turnos/Filtros/0 Oficinas/li_Bogota - CIEL' is clicked on

2021-08-04 18:00:31 - [MESSAGE][PASSED] - Object: 'Object Repository/Gestion/Turnos/Filtros/0 Oficinas/li_Bogota - CIEL' is clicked on

2021-08-04 18:00:31 - [TEST_STEP][PASSED] - delay(3): Delayed 3 second(s)

2021-08-04 18:00:34 - [MESSAGE][PASSED] - Delayed 3 second(s)

2021-08-04 18:00:34 - [TEST_STEP][PASSED] - click(findTestObject("Gestion/Turnos/Filtros/btn_Obtener Turnos")): Object: 'Object Repository/Gestion/Turnos/Filtros/btn_Obtener Turnos' is clicked on

2021-08-04 18:00:35 - [MESSAGE][PASSED] - Object: 'Object Repository/Gestion/Turnos/Filtros/btn_Obtener Turnos' is clicked on

2021-08-04 18:00:35 - [TEST_STEP][PASSED] - delay(3): Delayed 3 second(s)

2021-08-04 18:00:38 - [MESSAGE][PASSED] - Delayed 3 second(s)

2021-08-04 18:00:38 - [TEST_STEP][PASSED] - takeFullPageScreenshot(STOP_ON_FAILURE): Taking screenshot successfully

2021-08-04 18:00:39 - [MESSAGE][INFO] - 0 hidden object(s)

2021-08-04 18:00:39 - [MESSAGE][PASSED] - Taking screenshot successfully
[[ATTACHMENT|E:\\CIEL INGENIERIA\\KATALON\\Validaciones\\Reports\\20210804_175633\\0 Atributos\\Gestion Turnos\\20210804_175633\\1628118038472.png]]

2021-08-04 18:00:39 - [TEST_STEP][PASSED] - delay(3): Delayed 3 second(s)

2021-08-04 18:00:43 - [MESSAGE][PASSED] - Delayed 3 second(s)]]></system-out>
         <system-err><![CDATA[]]></system-err>
      </testcase>
      <system-out><![CDATA[2021-08-04 17:56:53 - [TEST_SUITE][PASSED] - Gestion Turnos: Test Cases/0 Atributos/Gestion Turnos]]></system-out>
      <system-err><![CDATA[]]></system-err>
   </testsuite>
</testsuites>
