<?xml version="1.0" encoding="UTF-8"?>
<testsuites name="1 Reclasificar Turnos en la actual" time="224.685" tests="1" failures="0" errors="0">
   <testsuite name="1 Reclasificar Turnos en la actual" tests="1" failures="0" errors="0" time="224.685" skipped="0" timestamp="2021-06-28 15:54:15" hostname="BILIKI - DESKTOP-HH1RJM2" id="Test Suites/1 Reclasificar Turnos en la actual">
      <properties>
         <property name="deviceName" value=""/>
         <property name="devicePlatform" value=""/>
         <property name="logFolder" value="E:\\CIEL INGENIERIA\\KATALON\\Validaciones\\Reports\\20210628_155359\\1 Reclasificar Turnos en la actual\\20210628_155359"/>
         <property name="logFiles" value="E:\\CIEL INGENIERIA\\KATALON\\Validaciones\\Reports\\20210628_155359\\1 Reclasificar Turnos en la actual\\20210628_155359\\execution0.log"/>
         <property name="attachments" value="E:\\CIEL INGENIERIA\\KATALON\\Validaciones\\Reports\\20210628_155359\\1 Reclasificar Turnos en la actual\\20210628_155359\\1624913747178.png, E:\\CIEL INGENIERIA\\KATALON\\Validaciones\\Reports\\20210628_155359\\1 Reclasificar Turnos en la actual\\20210628_155359\\1624913817621.png"/>
         <property name="hostName" value="BILIKI - DESKTOP-HH1RJM2"/>
         <property name="os" value="Windows 10 64bit"/>
         <property name="katalonVersion" value="8.0.5.208"/>
         <property name="browser" value="Chrome 91.0.4472.124"/>
         <property name="hostAddress" value="169.254.12.236"/>
         <property name="sessionId" value="7e296a9f6df3c888bd327be7b3085679"/>
         <property name="seleniumVersion" value="3.141.59"/>
         <property name="proxyInformation" value="ProxyInformation { proxyOption=NO_PROXY, proxyServerType=HTTP, username=, password=********, proxyServerAddress=, proxyServerPort=0, executionList=&quot;&quot;, isApplyToDesiredCapabilities=true }"/>
         <property name="platform" value="Windows 10"/>
      </properties>
      <testcase name="Test Cases/1 Reclasificar Turnos en la actual" time="197.267" classname="Test Cases/1 Reclasificar Turnos en la actual" status="PASSED">
         <system-out><![CDATA[2021-06-28 15:54:16 - [TEST_CASE][PASSED] - Test Cases/1 Reclasificar Turnos en la actual: Test Cases/1 Reclasificar Turnos en la actual

2021-06-28 15:54:18 - [TEST_STEP][PASSED] - callTestCase(findTestCase("Inicio Sesion sin variables"), [:], STOP_ON_FAILURE): Call Test Case 'Test Cases/Inicio Sesion sin variables' successfully

2021-06-28 15:54:18 - [TEST_CASE][PASSED] - Test Cases/Inicio Sesion sin variables: Test Cases/Inicio Sesion sin variables

2021-06-28 15:54:20 - [TEST_STEP][PASSED] - openBrowser("http://Localhost:8810"): Browser is opened with url: 'http://Localhost:8810'

2021-06-28 15:54:21 - [MESSAGE][INFO] - Starting 'Chrome' driver

2021-06-28 15:54:21 - [MESSAGE][INFO] - Action delay is set to 0 milliseconds

2021-06-28 15:54:33 - [MESSAGE][PASSED] - Browser is opened with url: 'http://Localhost:8810'

2021-06-28 15:54:33 - [TEST_STEP][PASSED] - maximizeWindow(): Current window maximized

2021-06-28 15:54:33 - [MESSAGE][PASSED] - Current window maximized

2021-06-28 15:54:33 - [TEST_STEP][PASSED] - setText(findTestObject("0Inicio Sesion/input__Usuario"), "ciel"): Text 'ciel' is set on object 'Object Repository/0Inicio Sesion/input__Usuario'

2021-06-28 15:54:35 - [MESSAGE][PASSED] - Text 'ciel' is set on object 'Object Repository/0Inicio Sesion/input__Usuario'

2021-06-28 15:54:35 - [TEST_STEP][PASSED] - setText(findTestObject("0Inicio Sesion/input__Clave"), "digiturno"): Text 'digiturno' is set on object 'Object Repository/0Inicio Sesion/input__Clave'

2021-06-28 15:54:36 - [MESSAGE][PASSED] - Text 'digiturno' is set on object 'Object Repository/0Inicio Sesion/input__Clave'

2021-06-28 15:54:36 - [TEST_STEP][PASSED] - click(findTestObject("0Inicio Sesion/btn_IniciarSesion")): Object: 'Object Repository/0Inicio Sesion/btn_IniciarSesion' is clicked on

2021-06-28 15:54:36 - [MESSAGE][PASSED] - Object: 'Object Repository/0Inicio Sesion/btn_IniciarSesion' is clicked on

2021-06-28 15:54:36 - [TEST_STEP][PASSED] - delay(3): Delayed 3 second(s)

2021-06-28 15:54:39 - [MESSAGE][PASSED] - Delayed 3 second(s)

2021-06-28 15:54:39 - [MESSAGE][PASSED] - Call Test Case 'Test Cases/Inicio Sesion sin variables' successfully

2021-06-28 15:54:39 - [TEST_STEP][PASSED] - click(findTestObject("1Inicio/img_Configuracion")): Object: 'Object Repository/1Inicio/img_Configuracion' is clicked on

2021-06-28 15:54:41 - [MESSAGE][PASSED] - Object: 'Object Repository/1Inicio/img_Configuracion' is clicked on

2021-06-28 15:54:41 - [TEST_STEP][PASSED] - delay(3): Delayed 3 second(s)

2021-06-28 15:54:44 - [MESSAGE][PASSED] - Delayed 3 second(s)

2021-06-28 15:54:44 - [TEST_STEP][PASSED] - click(findTestObject("Configuracion/1Principal/img_Distribucion Geografica")): Object: 'Object Repository/Configuracion/1Principal/img_Distribucion Geografica' is clicked on

2021-06-28 15:54:45 - [MESSAGE][PASSED] - Object: 'Object Repository/Configuracion/1Principal/img_Distribucion Geografica' is clicked on

2021-06-28 15:54:45 - [TEST_STEP][PASSED] - delay(3): Delayed 3 second(s)

2021-06-28 15:54:48 - [MESSAGE][PASSED] - Delayed 3 second(s)

2021-06-28 15:54:48 - [TEST_STEP][PASSED] - click(findTestObject("Configuracion/Distribucion Geografica/1Principal/img_Grupos")): Object: 'Object Repository/Configuracion/Distribucion Geografica/1Principal/img_Grupos' is clicked on

2021-06-28 15:54:50 - [MESSAGE][PASSED] - Object: 'Object Repository/Configuracion/Distribucion Geografica/1Principal/img_Grupos' is clicked on

2021-06-28 15:54:50 - [TEST_STEP][PASSED] - delay(3): Delayed 3 second(s)

2021-06-28 15:54:53 - [MESSAGE][PASSED] - Delayed 3 second(s)

2021-06-28 15:54:53 - [TEST_STEP][PASSED] - click(findTestObject("Configuracion/Distribucion Geografica/Grupos/0Oficinas Emergente/a_Seleccionar")): Object: 'Object Repository/Configuracion/Distribucion Geografica/Grupos/0Oficinas Emergente/a_Seleccionar' is clicked on

2021-06-28 15:54:54 - [MESSAGE][PASSED] - Object: 'Object Repository/Configuracion/Distribucion Geografica/Grupos/0Oficinas Emergente/a_Seleccionar' is clicked on

2021-06-28 15:54:54 - [TEST_STEP][PASSED] - delay(3): Delayed 3 second(s)

2021-06-28 15:54:57 - [MESSAGE][PASSED] - Delayed 3 second(s)

2021-06-28 15:54:57 - [TEST_STEP][PASSED] - click(findTestObject("Configuracion/Distribucion Geografica/Grupos/Lista de Grupos/0General/a_Seleccionar")): Object: 'Object Repository/Configuracion/Distribucion Geografica/Grupos/Lista de Grupos/0General/a_Seleccionar' is clicked on

2021-06-28 15:54:57 - [MESSAGE][PASSED] - Object: 'Object Repository/Configuracion/Distribucion Geografica/Grupos/Lista de Grupos/0General/a_Seleccionar' is clicked on

2021-06-28 15:54:57 - [TEST_STEP][PASSED] - delay(3): Delayed 3 second(s)

2021-06-28 15:55:00 - [MESSAGE][PASSED] - Delayed 3 second(s)

2021-06-28 15:55:00 - [TEST_STEP][PASSED] - selectOptionByLabel(findTestObject("Configuracion/Distribucion Geografica/Grupos/Edicion/select_ReclasificarTurnosEnActual"), "Sala", false): All options with label 'Sala' are selected in object 'Object Repository/Configuracion/Distribucion Geografica/Grupos/Edicion/select_ReclasificarTurnosEnActual' 

2021-06-28 15:55:01 - [MESSAGE][PASSED] - All options with label 'Sala' are selected in object 'Object Repository/Configuracion/Distribucion Geografica/Grupos/Edicion/select_ReclasificarTurnosEnActual' 

2021-06-28 15:55:01 - [TEST_STEP][PASSED] - delay(3): Delayed 3 second(s)

2021-06-28 15:55:04 - [MESSAGE][PASSED] - Delayed 3 second(s)

2021-06-28 15:55:04 - [TEST_STEP][PASSED] - click(findTestObject("Configuracion/Distribucion Geografica/Grupos/Botones/img_Actualizar")): Object: 'Object Repository/Configuracion/Distribucion Geografica/Grupos/Botones/img_Actualizar' is clicked on

2021-06-28 15:55:05 - [MESSAGE][PASSED] - Object: 'Object Repository/Configuracion/Distribucion Geografica/Grupos/Botones/img_Actualizar' is clicked on

2021-06-28 15:55:05 - [TEST_STEP][PASSED] - delay(3): Delayed 3 second(s)

2021-06-28 15:55:08 - [MESSAGE][PASSED] - Delayed 3 second(s)

2021-06-28 15:55:08 - [TEST_STEP][PASSED] - click(findTestObject("1Inicio/a_Inicio")): Object: 'Object Repository/1Inicio/a_Inicio' is clicked on

2021-06-28 15:55:09 - [MESSAGE][PASSED] - Object: 'Object Repository/1Inicio/a_Inicio' is clicked on

2021-06-28 15:55:09 - [TEST_STEP][PASSED] - delay(3): Delayed 3 second(s)

2021-06-28 15:55:12 - [MESSAGE][PASSED] - Delayed 3 second(s)

2021-06-28 15:55:12 - [TEST_STEP][PASSED] - click(findTestObject("1Inicio/img_Operacion")): Object: 'Object Repository/1Inicio/img_Operacion' is clicked on

2021-06-28 15:55:13 - [MESSAGE][PASSED] - Object: 'Object Repository/1Inicio/img_Operacion' is clicked on

2021-06-28 15:55:13 - [TEST_STEP][PASSED] - delay(3): Delayed 3 second(s)

2021-06-28 15:55:16 - [MESSAGE][PASSED] - Delayed 3 second(s)

2021-06-28 15:55:16 - [TEST_STEP][PASSED] - click(findTestObject("2 Operacion/Elementos Del Sistema")): Object: 'Object Repository/2 Operacion/Elementos Del Sistema' is clicked on

2021-06-28 15:55:17 - [MESSAGE][PASSED] - Object: 'Object Repository/2 Operacion/Elementos Del Sistema' is clicked on

2021-06-28 15:55:17 - [TEST_STEP][PASSED] - delay(3): Delayed 3 second(s)

2021-06-28 15:55:20 - [MESSAGE][PASSED] - Delayed 3 second(s)

2021-06-28 15:55:20 - [TEST_STEP][PASSED] - click(findTestObject("2 Operacion/Elementos del Sistema/img_Terminales")): Object: 'Object Repository/2 Operacion/Elementos del Sistema/img_Terminales' is clicked on

2021-06-28 15:55:21 - [MESSAGE][PASSED] - Object: 'Object Repository/2 Operacion/Elementos del Sistema/img_Terminales' is clicked on

2021-06-28 15:55:21 - [TEST_STEP][PASSED] - delay(3): Delayed 3 second(s)

2021-06-28 15:55:24 - [MESSAGE][PASSED] - Delayed 3 second(s)

2021-06-28 15:55:24 - [TEST_STEP][PASSED] - click(findTestObject("2 Operacion/Elementos del Sistema/Terminales/00Oficinas/a_Bogota - CIEL")): Object: 'Object Repository/2 Operacion/Elementos del Sistema/Terminales/00Oficinas/a_Bogota - CIEL' is clicked on

2021-06-28 15:55:24 - [MESSAGE][PASSED] - Object: 'Object Repository/2 Operacion/Elementos del Sistema/Terminales/00Oficinas/a_Bogota - CIEL' is clicked on

2021-06-28 15:55:24 - [TEST_STEP][PASSED] - delay(3): Delayed 3 second(s)

2021-06-28 15:55:27 - [MESSAGE][PASSED] - Delayed 3 second(s)

2021-06-28 15:55:27 - [TEST_STEP][PASSED] - click(findTestObject("2 Operacion/Elementos del Sistema/Terminales/1Terminales menos WorkFlow/a_Terminal Informacion A01")): Object: 'Object Repository/2 Operacion/Elementos del Sistema/Terminales/1Terminales menos WorkFlow/a_Terminal Informacion A01' is clicked on

2021-06-28 15:55:28 - [MESSAGE][PASSED] - Object: 'Object Repository/2 Operacion/Elementos del Sistema/Terminales/1Terminales menos WorkFlow/a_Terminal Informacion A01' is clicked on

2021-06-28 15:55:28 - [TEST_STEP][PASSED] - delay(3): Delayed 3 second(s)

2021-06-28 15:55:31 - [MESSAGE][PASSED] - Delayed 3 second(s)

2021-06-28 15:55:31 - [TEST_STEP][PASSED] - click(findTestObject("2 Operacion/Elementos del Sistema/Terminales/Terminal/Funciones Basicas/img_Llamar")): Object: 'Object Repository/2 Operacion/Elementos del Sistema/Terminales/Terminal/Funciones Basicas/img_Llamar' is clicked on

2021-06-28 15:55:32 - [MESSAGE][PASSED] - Object: 'Object Repository/2 Operacion/Elementos del Sistema/Terminales/Terminal/Funciones Basicas/img_Llamar' is clicked on

2021-06-28 15:55:32 - [TEST_STEP][PASSED] - delay(3): Delayed 3 second(s)

2021-06-28 15:55:35 - [MESSAGE][PASSED] - Delayed 3 second(s)

2021-06-28 15:55:35 - [TEST_STEP][PASSED] - click(findTestObject("2 Operacion/Elementos del Sistema/Terminales/Terminal/Funciones Basicas/img_Ocupado")): Object: 'Object Repository/2 Operacion/Elementos del Sistema/Terminales/Terminal/Funciones Basicas/img_Ocupado' is clicked on

2021-06-28 15:55:36 - [MESSAGE][PASSED] - Object: 'Object Repository/2 Operacion/Elementos del Sistema/Terminales/Terminal/Funciones Basicas/img_Ocupado' is clicked on

2021-06-28 15:55:36 - [TEST_STEP][PASSED] - delay(3): Delayed 3 second(s)

2021-06-28 15:55:39 - [MESSAGE][PASSED] - Delayed 3 second(s)

2021-06-28 15:55:39 - [TEST_STEP][PASSED] - click(findTestObject("2 Operacion/Elementos del Sistema/Terminales/Terminal/Funciones Basicas/imgOcupado/a_Actualizacion de Datos")): Object: 'Object Repository/2 Operacion/Elementos del Sistema/Terminales/Terminal/Funciones Basicas/imgOcupado/a_Actualizacion de Datos' is clicked on

2021-06-28 15:55:40 - [MESSAGE][PASSED] - Object: 'Object Repository/2 Operacion/Elementos del Sistema/Terminales/Terminal/Funciones Basicas/imgOcupado/a_Actualizacion de Datos' is clicked on

2021-06-28 15:55:40 - [TEST_STEP][PASSED] - delay(3): Delayed 3 second(s)

2021-06-28 15:55:43 - [MESSAGE][PASSED] - Delayed 3 second(s)

2021-06-28 15:55:43 - [TEST_STEP][PASSED] - click(findTestObject("2 Operacion/Elementos del Sistema/Terminales/Terminal/Funciones Adicionales/img_Reclasificar")): Object: 'Object Repository/2 Operacion/Elementos del Sistema/Terminales/Terminal/Funciones Adicionales/img_Reclasificar' is clicked on

2021-06-28 15:55:44 - [MESSAGE][PASSED] - Object: 'Object Repository/2 Operacion/Elementos del Sistema/Terminales/Terminal/Funciones Adicionales/img_Reclasificar' is clicked on

2021-06-28 15:55:44 - [TEST_STEP][PASSED] - delay(3): Delayed 3 second(s)

2021-06-28 15:55:47 - [MESSAGE][PASSED] - Delayed 3 second(s)

2021-06-28 15:55:47 - [TEST_STEP][PASSED] - takeFullPageScreenshot(): Taking screenshot successfully

2021-06-28 15:55:47 - [MESSAGE][INFO] - 0 hidden object(s)

2021-06-28 15:55:48 - [MESSAGE][PASSED] - Taking screenshot successfully
[[ATTACHMENT|E:\\CIEL INGENIERIA\\KATALON\\Validaciones\\Reports\\20210628_155359\\1 Reclasificar Turnos en la actual\\20210628_155359\\1624913747178.png]]

2021-06-28 15:55:48 - [TEST_STEP][PASSED] - delay(3): Delayed 3 second(s)

2021-06-28 15:55:51 - [MESSAGE][PASSED] - Delayed 3 second(s)

2021-06-28 15:55:51 - [TEST_STEP][PASSED] - sendKeys(findTestObject(null), Keys.chord(ESCAPE)): Keys 'ESCAPE + ' sent to object: 'tempBody'

2021-06-28 15:55:51 - [MESSAGE][WARNING] - Test object id is null

2021-06-28 15:55:51 - [MESSAGE][WARNING] - Test object with id 'Object Repository/' does not exist

2021-06-28 15:55:52 - [MESSAGE][PASSED] - Keys 'ESCAPE + ' sent to object: 'tempBody'

2021-06-28 15:55:52 - [TEST_STEP][PASSED] - delay(3): Delayed 3 second(s)

2021-06-28 15:55:55 - [MESSAGE][PASSED] - Delayed 3 second(s)

2021-06-28 15:55:55 - [TEST_STEP][PASSED] - click(findTestObject("2 Operacion/Elementos del Sistema/Terminales/Terminal/Funciones Basicas/img_Cerrar")): Object: 'Object Repository/2 Operacion/Elementos del Sistema/Terminales/Terminal/Funciones Basicas/img_Cerrar' is clicked on

2021-06-28 15:55:56 - [MESSAGE][PASSED] - Object: 'Object Repository/2 Operacion/Elementos del Sistema/Terminales/Terminal/Funciones Basicas/img_Cerrar' is clicked on

2021-06-28 15:55:56 - [TEST_STEP][PASSED] - delay(3): Delayed 3 second(s)

2021-06-28 15:55:59 - [MESSAGE][PASSED] - Delayed 3 second(s)

2021-06-28 15:55:59 - [TEST_STEP][PASSED] - click(findTestObject("2 Operacion/Elementos del Sistema/Terminales/Terminal/Funciones Basicas/imgCerrar/btn_FindeJornada")): Object: 'Object Repository/2 Operacion/Elementos del Sistema/Terminales/Terminal/Funciones Basicas/imgCerrar/btn_FindeJornada' is clicked on

2021-06-28 15:56:00 - [MESSAGE][PASSED] - Object: 'Object Repository/2 Operacion/Elementos del Sistema/Terminales/Terminal/Funciones Basicas/imgCerrar/btn_FindeJornada' is clicked on

2021-06-28 15:56:00 - [TEST_STEP][PASSED] - navigateToUrl("http://localhost:8810/Paginas/Configuracion/DistribucionGeografica/Grupos.aspx"): Navigate to 'http://localhost:8810/Paginas/Configuracion/DistribucionGeografica/Grupos.aspx' successfully

2021-06-28 15:56:00 - [MESSAGE][PASSED] - Navigate to 'http://localhost:8810/Paginas/Configuracion/DistribucionGeografica/Grupos.aspx' successfully

2021-06-28 15:56:00 - [TEST_STEP][PASSED] - acceptAlert(): Alert accepted

2021-06-28 15:56:00 - [MESSAGE][PASSED] - Alert accepted

2021-06-28 15:56:00 - [TEST_STEP][PASSED] - click(findTestObject("Configuracion/Distribucion Geografica/Grupos/0Oficinas Emergente/a_Seleccionar")): Object: 'Object Repository/Configuracion/Distribucion Geografica/Grupos/0Oficinas Emergente/a_Seleccionar' is clicked on

2021-06-28 15:56:05 - [MESSAGE][PASSED] - Object: 'Object Repository/Configuracion/Distribucion Geografica/Grupos/0Oficinas Emergente/a_Seleccionar' is clicked on

2021-06-28 15:56:05 - [TEST_STEP][PASSED] - delay(3): Delayed 3 second(s)

2021-06-28 15:56:08 - [MESSAGE][PASSED] - Delayed 3 second(s)

2021-06-28 15:56:08 - [TEST_STEP][PASSED] - click(findTestObject("Configuracion/Distribucion Geografica/Grupos/Lista de Grupos/0General/a_Seleccionar")): Object: 'Object Repository/Configuracion/Distribucion Geografica/Grupos/Lista de Grupos/0General/a_Seleccionar' is clicked on

2021-06-28 15:56:08 - [MESSAGE][PASSED] - Object: 'Object Repository/Configuracion/Distribucion Geografica/Grupos/Lista de Grupos/0General/a_Seleccionar' is clicked on

2021-06-28 15:56:08 - [TEST_STEP][PASSED] - delay(3): Delayed 3 second(s)

2021-06-28 15:56:12 - [MESSAGE][PASSED] - Delayed 3 second(s)

2021-06-28 15:56:12 - [TEST_STEP][PASSED] - selectOptionByLabel(findTestObject("Configuracion/Distribucion Geografica/Grupos/Edicion/select_ReclasificarTurnosEnActual"), "Grupo", false): All options with label 'Grupo' are selected in object 'Object Repository/Configuracion/Distribucion Geografica/Grupos/Edicion/select_ReclasificarTurnosEnActual' 

2021-06-28 15:56:12 - [MESSAGE][PASSED] - All options with label 'Grupo' are selected in object 'Object Repository/Configuracion/Distribucion Geografica/Grupos/Edicion/select_ReclasificarTurnosEnActual' 

2021-06-28 15:56:12 - [TEST_STEP][PASSED] - delay(3): Delayed 3 second(s)

2021-06-28 15:56:15 - [MESSAGE][PASSED] - Delayed 3 second(s)

2021-06-28 15:56:15 - [TEST_STEP][PASSED] - click(findTestObject("Configuracion/Distribucion Geografica/Grupos/Botones/img_Actualizar")): Object: 'Object Repository/Configuracion/Distribucion Geografica/Grupos/Botones/img_Actualizar' is clicked on

2021-06-28 15:56:16 - [MESSAGE][PASSED] - Object: 'Object Repository/Configuracion/Distribucion Geografica/Grupos/Botones/img_Actualizar' is clicked on

2021-06-28 15:56:16 - [TEST_STEP][PASSED] - delay(3): Delayed 3 second(s)

2021-06-28 15:56:19 - [MESSAGE][PASSED] - Delayed 3 second(s)

2021-06-28 15:56:19 - [TEST_STEP][PASSED] - click(findTestObject("1Inicio/a_Inicio")): Object: 'Object Repository/1Inicio/a_Inicio' is clicked on

2021-06-28 15:56:20 - [MESSAGE][PASSED] - Object: 'Object Repository/1Inicio/a_Inicio' is clicked on

2021-06-28 15:56:20 - [TEST_STEP][PASSED] - delay(3): Delayed 3 second(s)

2021-06-28 15:56:23 - [MESSAGE][PASSED] - Delayed 3 second(s)

2021-06-28 15:56:23 - [TEST_STEP][PASSED] - click(findTestObject("1Inicio/img_Operacion")): Object: 'Object Repository/1Inicio/img_Operacion' is clicked on

2021-06-28 15:56:23 - [MESSAGE][PASSED] - Object: 'Object Repository/1Inicio/img_Operacion' is clicked on

2021-06-28 15:56:23 - [TEST_STEP][PASSED] - delay(3): Delayed 3 second(s)

2021-06-28 15:56:26 - [MESSAGE][PASSED] - Delayed 3 second(s)

2021-06-28 15:56:26 - [TEST_STEP][PASSED] - click(findTestObject("2 Operacion/Elementos Del Sistema")): Object: 'Object Repository/2 Operacion/Elementos Del Sistema' is clicked on

2021-06-28 15:56:28 - [MESSAGE][PASSED] - Object: 'Object Repository/2 Operacion/Elementos Del Sistema' is clicked on

2021-06-28 15:56:28 - [TEST_STEP][PASSED] - delay(3): Delayed 3 second(s)

2021-06-28 15:56:31 - [MESSAGE][PASSED] - Delayed 3 second(s)

2021-06-28 15:56:31 - [TEST_STEP][PASSED] - click(findTestObject("2 Operacion/Elementos del Sistema/img_Terminales")): Object: 'Object Repository/2 Operacion/Elementos del Sistema/img_Terminales' is clicked on

2021-06-28 15:56:31 - [MESSAGE][PASSED] - Object: 'Object Repository/2 Operacion/Elementos del Sistema/img_Terminales' is clicked on

2021-06-28 15:56:31 - [TEST_STEP][PASSED] - delay(3): Delayed 3 second(s)

2021-06-28 15:56:34 - [MESSAGE][PASSED] - Delayed 3 second(s)

2021-06-28 15:56:34 - [TEST_STEP][PASSED] - click(findTestObject("2 Operacion/Elementos del Sistema/Terminales/00Oficinas/a_Bogota - CIEL")): Object: 'Object Repository/2 Operacion/Elementos del Sistema/Terminales/00Oficinas/a_Bogota - CIEL' is clicked on

2021-06-28 15:56:35 - [MESSAGE][PASSED] - Object: 'Object Repository/2 Operacion/Elementos del Sistema/Terminales/00Oficinas/a_Bogota - CIEL' is clicked on

2021-06-28 15:56:35 - [TEST_STEP][PASSED] - delay(3): Delayed 3 second(s)

2021-06-28 15:56:38 - [MESSAGE][PASSED] - Delayed 3 second(s)

2021-06-28 15:56:38 - [TEST_STEP][PASSED] - click(findTestObject("2 Operacion/Elementos del Sistema/Terminales/1Terminales menos WorkFlow/a_Terminal Informacion A01")): Object: 'Object Repository/2 Operacion/Elementos del Sistema/Terminales/1Terminales menos WorkFlow/a_Terminal Informacion A01' is clicked on

2021-06-28 15:56:39 - [MESSAGE][PASSED] - Object: 'Object Repository/2 Operacion/Elementos del Sistema/Terminales/1Terminales menos WorkFlow/a_Terminal Informacion A01' is clicked on

2021-06-28 15:56:39 - [TEST_STEP][PASSED] - delay(3): Delayed 3 second(s)

2021-06-28 15:56:42 - [MESSAGE][PASSED] - Delayed 3 second(s)

2021-06-28 15:56:42 - [TEST_STEP][PASSED] - click(findTestObject("2 Operacion/Elementos del Sistema/Terminales/Terminal/Funciones Basicas/img_Llamar")): Object: 'Object Repository/2 Operacion/Elementos del Sistema/Terminales/Terminal/Funciones Basicas/img_Llamar' is clicked on

2021-06-28 15:56:42 - [MESSAGE][PASSED] - Object: 'Object Repository/2 Operacion/Elementos del Sistema/Terminales/Terminal/Funciones Basicas/img_Llamar' is clicked on

2021-06-28 15:56:42 - [TEST_STEP][PASSED] - delay(3): Delayed 3 second(s)

2021-06-28 15:56:45 - [MESSAGE][PASSED] - Delayed 3 second(s)

2021-06-28 15:56:45 - [TEST_STEP][PASSED] - click(findTestObject("2 Operacion/Elementos del Sistema/Terminales/Terminal/Funciones Basicas/img_Ocupado")): Object: 'Object Repository/2 Operacion/Elementos del Sistema/Terminales/Terminal/Funciones Basicas/img_Ocupado' is clicked on

2021-06-28 15:56:46 - [MESSAGE][PASSED] - Object: 'Object Repository/2 Operacion/Elementos del Sistema/Terminales/Terminal/Funciones Basicas/img_Ocupado' is clicked on

2021-06-28 15:56:46 - [TEST_STEP][PASSED] - delay(3): Delayed 3 second(s)

2021-06-28 15:56:49 - [MESSAGE][PASSED] - Delayed 3 second(s)

2021-06-28 15:56:49 - [TEST_STEP][PASSED] - click(findTestObject("2 Operacion/Elementos del Sistema/Terminales/Terminal/Funciones Basicas/imgOcupado/a_Actualizacion de Datos")): Object: 'Object Repository/2 Operacion/Elementos del Sistema/Terminales/Terminal/Funciones Basicas/imgOcupado/a_Actualizacion de Datos' is clicked on

2021-06-28 15:56:50 - [MESSAGE][PASSED] - Object: 'Object Repository/2 Operacion/Elementos del Sistema/Terminales/Terminal/Funciones Basicas/imgOcupado/a_Actualizacion de Datos' is clicked on

2021-06-28 15:56:50 - [TEST_STEP][PASSED] - delay(3): Delayed 3 second(s)

2021-06-28 15:56:53 - [MESSAGE][PASSED] - Delayed 3 second(s)

2021-06-28 15:56:53 - [TEST_STEP][PASSED] - click(findTestObject("2 Operacion/Elementos del Sistema/Terminales/Terminal/Funciones Adicionales/img_Reclasificar")): Object: 'Object Repository/2 Operacion/Elementos del Sistema/Terminales/Terminal/Funciones Adicionales/img_Reclasificar' is clicked on

2021-06-28 15:56:54 - [MESSAGE][PASSED] - Object: 'Object Repository/2 Operacion/Elementos del Sistema/Terminales/Terminal/Funciones Adicionales/img_Reclasificar' is clicked on

2021-06-28 15:56:54 - [TEST_STEP][PASSED] - delay(3): Delayed 3 second(s)

2021-06-28 15:56:57 - [MESSAGE][PASSED] - Delayed 3 second(s)

2021-06-28 15:56:57 - [TEST_STEP][PASSED] - takeFullPageScreenshot(): Taking screenshot successfully

2021-06-28 15:56:58 - [MESSAGE][INFO] - 0 hidden object(s)

2021-06-28 15:56:58 - [MESSAGE][PASSED] - Taking screenshot successfully
[[ATTACHMENT|E:\\CIEL INGENIERIA\\KATALON\\Validaciones\\Reports\\20210628_155359\\1 Reclasificar Turnos en la actual\\20210628_155359\\1624913817621.png]]

2021-06-28 15:56:58 - [TEST_STEP][PASSED] - delay(3): Delayed 3 second(s)

2021-06-28 15:57:01 - [MESSAGE][PASSED] - Delayed 3 second(s)

2021-06-28 15:57:01 - [TEST_STEP][PASSED] - sendKeys(findTestObject(null), Keys.chord(ESCAPE)): Keys 'ESCAPE + ' sent to object: 'tempBody'

2021-06-28 15:57:01 - [MESSAGE][WARNING] - Test object id is null

2021-06-28 15:57:01 - [MESSAGE][WARNING] - Test object with id 'Object Repository/' does not exist

2021-06-28 15:57:02 - [MESSAGE][PASSED] - Keys 'ESCAPE + ' sent to object: 'tempBody'

2021-06-28 15:57:02 - [TEST_STEP][PASSED] - delay(3): Delayed 3 second(s)

2021-06-28 15:57:05 - [MESSAGE][PASSED] - Delayed 3 second(s)

2021-06-28 15:57:05 - [TEST_STEP][PASSED] - click(findTestObject("2 Operacion/Elementos del Sistema/Terminales/Terminal/Funciones Basicas/img_Cerrar")): Object: 'Object Repository/2 Operacion/Elementos del Sistema/Terminales/Terminal/Funciones Basicas/img_Cerrar' is clicked on

2021-06-28 15:57:06 - [MESSAGE][PASSED] - Object: 'Object Repository/2 Operacion/Elementos del Sistema/Terminales/Terminal/Funciones Basicas/img_Cerrar' is clicked on

2021-06-28 15:57:06 - [TEST_STEP][PASSED] - delay(3): Delayed 3 second(s)

2021-06-28 15:57:09 - [MESSAGE][PASSED] - Delayed 3 second(s)

2021-06-28 15:57:09 - [TEST_STEP][PASSED] - click(findTestObject("2 Operacion/Elementos del Sistema/Terminales/Terminal/Funciones Basicas/imgCerrar/btn_FindeJornada")): Object: 'Object Repository/2 Operacion/Elementos del Sistema/Terminales/Terminal/Funciones Basicas/imgCerrar/btn_FindeJornada' is clicked on

2021-06-28 15:57:30 - [MESSAGE][PASSED] - Object: 'Object Repository/2 Operacion/Elementos del Sistema/Terminales/Terminal/Funciones Basicas/imgCerrar/btn_FindeJornada' is clicked on

2021-06-28 15:57:30 - [TEST_STEP][PASSED] - delay(3): Delayed 3 second(s)

2021-06-28 15:57:33 - [MESSAGE][PASSED] - Delayed 3 second(s)]]></system-out>
         <system-err><![CDATA[]]></system-err>
      </testcase>
      <system-out><![CDATA[2021-06-28 15:54:15 - [TEST_SUITE][PASSED] - 1 Reclasificar Turnos en la actual: Test Cases/1 Reclasificar Turnos en la actual]]></system-out>
      <system-err><![CDATA[]]></system-err>
   </testsuite>
</testsuites>
