<?xml version="1.0" encoding="UTF-8"?>
<testsuites name="Editable en terminal" time="196.97" tests="1" failures="0" errors="0">
   <testsuite name="Editable en terminal" tests="1" failures="0" errors="0" time="196.97" skipped="0" timestamp="2021-07-12 16:37:09" hostname="BILIKI - DESKTOP-HH1RJM2" id="Test Suites/0 Información Clientes/Editable en terminal">
      <properties>
         <property name="deviceName" value=""/>
         <property name="devicePlatform" value=""/>
         <property name="logFolder" value="E:\\CIEL INGENIERIA\\KATALON\\Validaciones\\Reports\\20210712_163647\\0 Informaci\u00F3n Clientes\\Editable en terminal\\20210712_163647"/>
         <property name="logFiles" value="E:\\CIEL INGENIERIA\\KATALON\\Validaciones\\Reports\\20210712_163647\\0 Informaci\u00F3n Clientes\\Editable en terminal\\20210712_163647\\execution0.log"/>
         <property name="attachments" value="E:\\CIEL INGENIERIA\\KATALON\\Validaciones\\Reports\\20210712_163647\\0 Informaci\u00F3n Clientes\\Editable en terminal\\20210712_163647\\1626125967779.png, E:\\CIEL INGENIERIA\\KATALON\\Validaciones\\Reports\\20210712_163647\\0 Informaci\u00F3n Clientes\\Editable en terminal\\20210712_163647\\1626125975654.png, E:\\CIEL INGENIERIA\\KATALON\\Validaciones\\Reports\\20210712_163647\\0 Informaci\u00F3n Clientes\\Editable en terminal\\20210712_163647\\1626125988664.png"/>
         <property name="hostName" value="BILIKI - DESKTOP-HH1RJM2"/>
         <property name="os" value="Windows 10 64bit"/>
         <property name="katalonVersion" value="8.0.5.208"/>
         <property name="browser" value="Chrome 91.0.4472.124"/>
         <property name="hostAddress" value="169.254.251.10"/>
         <property name="sessionId" value="81e92505710fbff2511b3baaa03974be"/>
         <property name="seleniumVersion" value="3.141.59"/>
         <property name="proxyInformation" value="ProxyInformation { proxyOption=NO_PROXY, proxyServerType=HTTP, username=, password=********, proxyServerAddress=, proxyServerPort=0, executionList=&quot;&quot;, isApplyToDesiredCapabilities=true }"/>
         <property name="platform" value="Windows 10"/>
      </properties>
      <testcase name="Test Cases/0 Información clientes/Editable en terminal" time="170.594" classname="Test Cases/0 Información clientes/Editable en terminal" status="PASSED">
         <system-out><![CDATA[2021-07-12 16:37:10 - [TEST_CASE][PASSED] - Test Cases/0 Información clientes/Editable en terminal: Test Cases/0 Información clientes/Editable en terminal

2021-07-12 16:37:13 - [TEST_STEP][PASSED] - callTestCase(findTestCase("Inicio Sesion sin variables"), [:], STOP_ON_FAILURE): Call Test Case 'Test Cases/Inicio Sesion sin variables' successfully

2021-07-12 16:37:14 - [TEST_CASE][PASSED] - Test Cases/Inicio Sesion sin variables: Test Cases/Inicio Sesion sin variables

2021-07-12 16:37:16 - [TEST_STEP][PASSED] - openBrowser("http://Localhost:8810"): Browser is opened with url: 'http://Localhost:8810'

2021-07-12 16:37:17 - [MESSAGE][INFO] - Starting 'Chrome' driver

2021-07-12 16:37:17 - [MESSAGE][INFO] - Action delay is set to 0 milliseconds

2021-07-12 16:37:37 - [MESSAGE][PASSED] - Browser is opened with url: 'http://Localhost:8810'

2021-07-12 16:37:37 - [TEST_STEP][PASSED] - maximizeWindow(): Current window maximized

2021-07-12 16:37:38 - [MESSAGE][PASSED] - Current window maximized

2021-07-12 16:37:38 - [TEST_STEP][PASSED] - setText(findTestObject("0Inicio Sesion/input__Usuario"), "ciel"): Text 'ciel' is set on object 'Object Repository/0Inicio Sesion/input__Usuario'

2021-07-12 16:37:40 - [MESSAGE][PASSED] - Text 'ciel' is set on object 'Object Repository/0Inicio Sesion/input__Usuario'

2021-07-12 16:37:40 - [TEST_STEP][PASSED] - setText(findTestObject("0Inicio Sesion/input__Clave"), "digiturno"): Text 'digiturno' is set on object 'Object Repository/0Inicio Sesion/input__Clave'

2021-07-12 16:37:42 - [MESSAGE][PASSED] - Text 'digiturno' is set on object 'Object Repository/0Inicio Sesion/input__Clave'

2021-07-12 16:37:42 - [TEST_STEP][PASSED] - click(findTestObject("0Inicio Sesion/btn_IniciarSesion")): Object: 'Object Repository/0Inicio Sesion/btn_IniciarSesion' is clicked on

2021-07-12 16:37:43 - [MESSAGE][PASSED] - Object: 'Object Repository/0Inicio Sesion/btn_IniciarSesion' is clicked on

2021-07-12 16:37:43 - [TEST_STEP][PASSED] - delay(3): Delayed 3 second(s)

2021-07-12 16:37:46 - [MESSAGE][PASSED] - Delayed 3 second(s)

2021-07-12 16:37:46 - [MESSAGE][PASSED] - Call Test Case 'Test Cases/Inicio Sesion sin variables' successfully

2021-07-12 16:37:46 - [TEST_STEP][PASSED] - click(findTestObject("1Inicio/img_Configuracion")): Object: 'Object Repository/1Inicio/img_Configuracion' is clicked on

2021-07-12 16:37:48 - [MESSAGE][PASSED] - Object: 'Object Repository/1Inicio/img_Configuracion' is clicked on

2021-07-12 16:37:48 - [TEST_STEP][PASSED] - delay(3): Delayed 3 second(s)

2021-07-12 16:37:51 - [MESSAGE][PASSED] - Delayed 3 second(s)

2021-07-12 16:37:51 - [TEST_STEP][PASSED] - click(findTestObject("Configuracion/1Principal/img_Datos Complementarios")): Object: 'Object Repository/Configuracion/1Principal/img_Datos Complementarios' is clicked on

2021-07-12 16:37:53 - [MESSAGE][PASSED] - Object: 'Object Repository/Configuracion/1Principal/img_Datos Complementarios' is clicked on

2021-07-12 16:37:53 - [TEST_STEP][PASSED] - delay(3): Delayed 3 second(s)

2021-07-12 16:37:56 - [MESSAGE][PASSED] - Delayed 3 second(s)

2021-07-12 16:37:56 - [TEST_STEP][PASSED] - click(findTestObject("Configuracion/Datos Complementarios/img_Informacion Clientes")): Object: 'Object Repository/Configuracion/Datos Complementarios/img_Informacion Clientes' is clicked on

2021-07-12 16:37:59 - [MESSAGE][PASSED] - Object: 'Object Repository/Configuracion/Datos Complementarios/img_Informacion Clientes' is clicked on

2021-07-12 16:37:59 - [TEST_STEP][PASSED] - delay(3): Delayed 3 second(s)

2021-07-12 16:38:02 - [MESSAGE][PASSED] - Delayed 3 second(s)

2021-07-12 16:38:02 - [TEST_STEP][PASSED] - selectOptionByIndex(findTestObject("Configuracion/Datos Complementarios/Informacion Clientes/1 Parametros a mostrar del Cliente/Mostrar del Cliente/select_OrigenDeCliente"), 1): All options with index in [1] are selected on object 'Object Repository/Configuracion/Datos Complementarios/Informacion Clientes/1 Parametros a mostrar del Cliente/Mostrar del Cliente/select_OrigenDeCliente'

2021-07-12 16:38:05 - [MESSAGE][PASSED] - All options with index in [1] are selected on object 'Object Repository/Configuracion/Datos Complementarios/Informacion Clientes/1 Parametros a mostrar del Cliente/Mostrar del Cliente/select_OrigenDeCliente'

2021-07-12 16:38:05 - [TEST_STEP][PASSED] - delay(3): Delayed 3 second(s)

2021-07-12 16:38:08 - [MESSAGE][PASSED] - Delayed 3 second(s)

2021-07-12 16:38:08 - [TEST_STEP][PASSED] - check(findTestObject("Configuracion/Datos Complementarios/Informacion Clientes/1 Parametros a mostrar del Cliente/Mostrar del Cliente/5Editable en Terminal/chk_1Tipo Identificacion")): Object 'Object Repository/Configuracion/Datos Complementarios/Informacion Clientes/1 Parametros a mostrar del Cliente/Mostrar del Cliente/5Editable en Terminal/chk_1Tipo Identificacion' is checked

2021-07-12 16:38:09 - [MESSAGE][PASSED] - Object 'Object Repository/Configuracion/Datos Complementarios/Informacion Clientes/1 Parametros a mostrar del Cliente/Mostrar del Cliente/5Editable en Terminal/chk_1Tipo Identificacion' is checked

2021-07-12 16:38:09 - [TEST_STEP][PASSED] - check(findTestObject("Configuracion/Datos Complementarios/Informacion Clientes/1 Parametros a mostrar del Cliente/Mostrar del Cliente/5Editable en Terminal/chk_2Identificacion")): Object 'Object Repository/Configuracion/Datos Complementarios/Informacion Clientes/1 Parametros a mostrar del Cliente/Mostrar del Cliente/5Editable en Terminal/chk_2Identificacion' is checked

2021-07-12 16:38:10 - [MESSAGE][PASSED] - Object 'Object Repository/Configuracion/Datos Complementarios/Informacion Clientes/1 Parametros a mostrar del Cliente/Mostrar del Cliente/5Editable en Terminal/chk_2Identificacion' is checked

2021-07-12 16:38:10 - [TEST_STEP][PASSED] - check(findTestObject("Configuracion/Datos Complementarios/Informacion Clientes/1 Parametros a mostrar del Cliente/Mostrar del Cliente/5Editable en Terminal/chk_3Lugar de expedicion")): Object 'Object Repository/Configuracion/Datos Complementarios/Informacion Clientes/1 Parametros a mostrar del Cliente/Mostrar del Cliente/5Editable en Terminal/chk_3Lugar de expedicion' is checked

2021-07-12 16:38:11 - [MESSAGE][PASSED] - Object 'Object Repository/Configuracion/Datos Complementarios/Informacion Clientes/1 Parametros a mostrar del Cliente/Mostrar del Cliente/5Editable en Terminal/chk_3Lugar de expedicion' is checked

2021-07-12 16:38:11 - [TEST_STEP][PASSED] - check(findTestObject("Configuracion/Datos Complementarios/Informacion Clientes/1 Parametros a mostrar del Cliente/Mostrar del Cliente/5Editable en Terminal/chk_4Primer nombre")): Object 'Object Repository/Configuracion/Datos Complementarios/Informacion Clientes/1 Parametros a mostrar del Cliente/Mostrar del Cliente/5Editable en Terminal/chk_4Primer nombre' is checked

2021-07-12 16:38:12 - [MESSAGE][PASSED] - Object 'Object Repository/Configuracion/Datos Complementarios/Informacion Clientes/1 Parametros a mostrar del Cliente/Mostrar del Cliente/5Editable en Terminal/chk_4Primer nombre' is checked

2021-07-12 16:38:12 - [TEST_STEP][PASSED] - check(findTestObject("Configuracion/Datos Complementarios/Informacion Clientes/1 Parametros a mostrar del Cliente/Mostrar del Cliente/5Editable en Terminal/chk_5Segundo nombre")): Object 'Object Repository/Configuracion/Datos Complementarios/Informacion Clientes/1 Parametros a mostrar del Cliente/Mostrar del Cliente/5Editable en Terminal/chk_5Segundo nombre' is checked

2021-07-12 16:38:13 - [MESSAGE][PASSED] - Object 'Object Repository/Configuracion/Datos Complementarios/Informacion Clientes/1 Parametros a mostrar del Cliente/Mostrar del Cliente/5Editable en Terminal/chk_5Segundo nombre' is checked

2021-07-12 16:38:13 - [TEST_STEP][PASSED] - check(findTestObject("Configuracion/Datos Complementarios/Informacion Clientes/1 Parametros a mostrar del Cliente/Mostrar del Cliente/5Editable en Terminal/chk_6Primer apellido")): Object 'Object Repository/Configuracion/Datos Complementarios/Informacion Clientes/1 Parametros a mostrar del Cliente/Mostrar del Cliente/5Editable en Terminal/chk_6Primer apellido' is checked

2021-07-12 16:38:14 - [MESSAGE][PASSED] - Object 'Object Repository/Configuracion/Datos Complementarios/Informacion Clientes/1 Parametros a mostrar del Cliente/Mostrar del Cliente/5Editable en Terminal/chk_6Primer apellido' is checked

2021-07-12 16:38:14 - [TEST_STEP][PASSED] - check(findTestObject("Configuracion/Datos Complementarios/Informacion Clientes/1 Parametros a mostrar del Cliente/Mostrar del Cliente/5Editable en Terminal/chk_7Segundo apellido")): Object 'Object Repository/Configuracion/Datos Complementarios/Informacion Clientes/1 Parametros a mostrar del Cliente/Mostrar del Cliente/5Editable en Terminal/chk_7Segundo apellido' is checked

2021-07-12 16:38:14 - [MESSAGE][PASSED] - Object 'Object Repository/Configuracion/Datos Complementarios/Informacion Clientes/1 Parametros a mostrar del Cliente/Mostrar del Cliente/5Editable en Terminal/chk_7Segundo apellido' is checked

2021-07-12 16:38:14 - [TEST_STEP][PASSED] - click(findTestObject("Configuracion/Datos Complementarios/Informacion Clientes/1 Parametros a mostrar del Cliente/Mostrar del Cliente/img_Actualizar")): Object: 'Object Repository/Configuracion/Datos Complementarios/Informacion Clientes/1 Parametros a mostrar del Cliente/Mostrar del Cliente/img_Actualizar' is clicked on

2021-07-12 16:38:15 - [MESSAGE][PASSED] - Object: 'Object Repository/Configuracion/Datos Complementarios/Informacion Clientes/1 Parametros a mostrar del Cliente/Mostrar del Cliente/img_Actualizar' is clicked on

2021-07-12 16:38:15 - [TEST_STEP][PASSED] - delay(3): Delayed 3 second(s)

2021-07-12 16:38:18 - [MESSAGE][PASSED] - Delayed 3 second(s)

2021-07-12 16:38:18 - [TEST_STEP][PASSED] - click(findTestObject("1Inicio/a_Inicio")): Object: 'Object Repository/1Inicio/a_Inicio' is clicked on

2021-07-12 16:38:21 - [MESSAGE][PASSED] - Object: 'Object Repository/1Inicio/a_Inicio' is clicked on

2021-07-12 16:38:21 - [TEST_STEP][PASSED] - delay(3): Delayed 3 second(s)

2021-07-12 16:38:24 - [MESSAGE][PASSED] - Delayed 3 second(s)

2021-07-12 16:38:24 - [TEST_STEP][PASSED] - click(findTestObject("1Inicio/img_Operacion")): Object: 'Object Repository/1Inicio/img_Operacion' is clicked on

2021-07-12 16:38:26 - [MESSAGE][PASSED] - Object: 'Object Repository/1Inicio/img_Operacion' is clicked on

2021-07-12 16:38:26 - [TEST_STEP][PASSED] - delay(3): Delayed 3 second(s)

2021-07-12 16:38:29 - [MESSAGE][PASSED] - Delayed 3 second(s)

2021-07-12 16:38:29 - [TEST_STEP][PASSED] - click(findTestObject("2 Operacion/Elementos Del Sistema")): Object: 'Object Repository/2 Operacion/Elementos Del Sistema' is clicked on

2021-07-12 16:38:31 - [MESSAGE][PASSED] - Object: 'Object Repository/2 Operacion/Elementos Del Sistema' is clicked on

2021-07-12 16:38:31 - [TEST_STEP][PASSED] - delay(3): Delayed 3 second(s)

2021-07-12 16:38:34 - [MESSAGE][PASSED] - Delayed 3 second(s)

2021-07-12 16:38:34 - [TEST_STEP][PASSED] - click(findTestObject("2 Operacion/Elementos del Sistema/img_Terminales")): Object: 'Object Repository/2 Operacion/Elementos del Sistema/img_Terminales' is clicked on

2021-07-12 16:38:36 - [MESSAGE][PASSED] - Object: 'Object Repository/2 Operacion/Elementos del Sistema/img_Terminales' is clicked on

2021-07-12 16:38:36 - [TEST_STEP][PASSED] - delay(3): Delayed 3 second(s)

2021-07-12 16:38:39 - [MESSAGE][PASSED] - Delayed 3 second(s)

2021-07-12 16:38:39 - [TEST_STEP][PASSED] - click(findTestObject("2 Operacion/Elementos del Sistema/Selectores/00Oficinas/a_Bogota - CIEL")): Object: 'Object Repository/2 Operacion/Elementos del Sistema/Selectores/00Oficinas/a_Bogota - CIEL' is clicked on

2021-07-12 16:38:40 - [MESSAGE][PASSED] - Object: 'Object Repository/2 Operacion/Elementos del Sistema/Selectores/00Oficinas/a_Bogota - CIEL' is clicked on

2021-07-12 16:38:40 - [TEST_STEP][PASSED] - delay(3): Delayed 3 second(s)

2021-07-12 16:38:43 - [MESSAGE][PASSED] - Delayed 3 second(s)

2021-07-12 16:38:43 - [TEST_STEP][PASSED] - click(findTestObject("2 Operacion/Elementos del Sistema/Terminales/1Terminales menos WorkFlow/a_Terminal Informacion A01")): Object: 'Object Repository/2 Operacion/Elementos del Sistema/Terminales/1Terminales menos WorkFlow/a_Terminal Informacion A01' is clicked on

2021-07-12 16:38:44 - [MESSAGE][PASSED] - Object: 'Object Repository/2 Operacion/Elementos del Sistema/Terminales/1Terminales menos WorkFlow/a_Terminal Informacion A01' is clicked on

2021-07-12 16:38:44 - [TEST_STEP][PASSED] - delay(3): Delayed 3 second(s)

2021-07-12 16:38:47 - [MESSAGE][PASSED] - Delayed 3 second(s)

2021-07-12 16:38:47 - [TEST_STEP][PASSED] - click(findTestObject("2 Operacion/Elementos del Sistema/Terminales/Terminal/Funciones Basicas/img_Llamar")): Object: 'Object Repository/2 Operacion/Elementos del Sistema/Terminales/Terminal/Funciones Basicas/img_Llamar' is clicked on

2021-07-12 16:39:06 - [MESSAGE][PASSED] - Object: 'Object Repository/2 Operacion/Elementos del Sistema/Terminales/Terminal/Funciones Basicas/img_Llamar' is clicked on

2021-07-12 16:39:06 - [TEST_STEP][PASSED] - delay(3): Delayed 3 second(s)

2021-07-12 16:39:09 - [MESSAGE][PASSED] - Delayed 3 second(s)

2021-07-12 16:39:09 - [TEST_STEP][PASSED] - click(findTestObject("2 Operacion/Elementos del Sistema/Terminales/Terminal/Funciones Basicas/img_Ocupado")): Object: 'Object Repository/2 Operacion/Elementos del Sistema/Terminales/Terminal/Funciones Basicas/img_Ocupado' is clicked on

2021-07-12 16:39:13 - [MESSAGE][PASSED] - Object: 'Object Repository/2 Operacion/Elementos del Sistema/Terminales/Terminal/Funciones Basicas/img_Ocupado' is clicked on

2021-07-12 16:39:13 - [TEST_STEP][PASSED] - delay(3): Delayed 3 second(s)

2021-07-12 16:39:16 - [MESSAGE][PASSED] - Delayed 3 second(s)

2021-07-12 16:39:16 - [TEST_STEP][PASSED] - click(findTestObject("2 Operacion/Elementos del Sistema/Terminales/Terminal/Funciones Basicas/imgOcupado/a_Actualizacion de Datos")): Object: 'Object Repository/2 Operacion/Elementos del Sistema/Terminales/Terminal/Funciones Basicas/imgOcupado/a_Actualizacion de Datos' is clicked on

2021-07-12 16:39:18 - [MESSAGE][PASSED] - Object: 'Object Repository/2 Operacion/Elementos del Sistema/Terminales/Terminal/Funciones Basicas/imgOcupado/a_Actualizacion de Datos' is clicked on

2021-07-12 16:39:18 - [TEST_STEP][PASSED] - delay(3): Delayed 3 second(s)

2021-07-12 16:39:21 - [MESSAGE][PASSED] - Delayed 3 second(s)

2021-07-12 16:39:21 - [TEST_STEP][PASSED] - selectOptionByIndex(findTestObject("2 Operacion/Elementos del Sistema/Terminales/Terminal/0Campos/0Cliente/select_1TipoIdentificacion"), 2): All options with index in [2] are selected on object 'Object Repository/2 Operacion/Elementos del Sistema/Terminales/Terminal/0Campos/0Cliente/select_1TipoIdentificacion'

2021-07-12 16:39:24 - [MESSAGE][PASSED] - All options with index in [2] are selected on object 'Object Repository/2 Operacion/Elementos del Sistema/Terminales/Terminal/0Campos/0Cliente/select_1TipoIdentificacion'

2021-07-12 16:39:24 - [TEST_STEP][PASSED] - setText(findTestObject("2 Operacion/Elementos del Sistema/Terminales/Terminal/0Campos/0Cliente/input_2Identificacion"), "636711"): Text '636711' is set on object 'Object Repository/2 Operacion/Elementos del Sistema/Terminales/Terminal/0Campos/0Cliente/input_2Identificacion'

2021-07-12 16:39:26 - [MESSAGE][PASSED] - Text '636711' is set on object 'Object Repository/2 Operacion/Elementos del Sistema/Terminales/Terminal/0Campos/0Cliente/input_2Identificacion'

2021-07-12 16:39:26 - [TEST_STEP][PASSED] - click(findTestObject("2 Operacion/Elementos del Sistema/Terminales/Terminal/Cliente/botones/img_Buscar")): Object: 'Object Repository/2 Operacion/Elementos del Sistema/Terminales/Terminal/Cliente/botones/img_Buscar' is clicked on

2021-07-12 16:39:27 - [MESSAGE][PASSED] - Object: 'Object Repository/2 Operacion/Elementos del Sistema/Terminales/Terminal/Cliente/botones/img_Buscar' is clicked on

2021-07-12 16:39:27 - [TEST_STEP][PASSED] - takeFullPageScreenshot(): Taking screenshot successfully

2021-07-12 16:39:29 - [MESSAGE][INFO] - 0 hidden object(s)

2021-07-12 16:39:30 - [MESSAGE][PASSED] - Taking screenshot successfully
[[ATTACHMENT|E:\\CIEL INGENIERIA\\KATALON\\Validaciones\\Reports\\20210712_163647\\0 Informaci\u00F3n Clientes\\Editable en terminal\\20210712_163647\\1626125967779.png]]

2021-07-12 16:39:30 - [TEST_STEP][PASSED] - delay(3): Delayed 3 second(s)

2021-07-12 16:39:33 - [MESSAGE][PASSED] - Delayed 3 second(s)

2021-07-12 16:39:33 - [TEST_STEP][PASSED] - setText(findTestObject("2 Operacion/Elementos del Sistema/Terminales/Terminal/Cliente/input_Segundo apellido"), "Zuazo"): Text 'Zuazo' is set on object 'Object Repository/2 Operacion/Elementos del Sistema/Terminales/Terminal/Cliente/input_Segundo apellido'

2021-07-12 16:39:35 - [MESSAGE][PASSED] - Text 'Zuazo' is set on object 'Object Repository/2 Operacion/Elementos del Sistema/Terminales/Terminal/Cliente/input_Segundo apellido'

2021-07-12 16:39:35 - [TEST_STEP][PASSED] - takeFullPageScreenshot(): Taking screenshot successfully

2021-07-12 16:39:36 - [MESSAGE][INFO] - 0 hidden object(s)

2021-07-12 16:39:36 - [MESSAGE][PASSED] - Taking screenshot successfully
[[ATTACHMENT|E:\\CIEL INGENIERIA\\KATALON\\Validaciones\\Reports\\20210712_163647\\0 Informaci\u00F3n Clientes\\Editable en terminal\\20210712_163647\\1626125975654.png]]

2021-07-12 16:39:36 - [TEST_STEP][PASSED] - click(findTestObject("2 Operacion/Elementos del Sistema/Terminales/Terminal/Cliente/botones/img_Actualizar")): Object: 'Object Repository/2 Operacion/Elementos del Sistema/Terminales/Terminal/Cliente/botones/img_Actualizar' is clicked on

2021-07-12 16:39:39 - [MESSAGE][PASSED] - Object: 'Object Repository/2 Operacion/Elementos del Sistema/Terminales/Terminal/Cliente/botones/img_Actualizar' is clicked on

2021-07-12 16:39:39 - [TEST_STEP][PASSED] - delay(3): Delayed 3 second(s)

2021-07-12 16:39:42 - [MESSAGE][PASSED] - Delayed 3 second(s)

2021-07-12 16:39:42 - [TEST_STEP][PASSED] - selectOptionByIndex(findTestObject("2 Operacion/Elementos del Sistema/Terminales/Terminal/0Campos/0Cliente/select_1TipoIdentificacion"), 2): All options with index in [2] are selected on object 'Object Repository/2 Operacion/Elementos del Sistema/Terminales/Terminal/0Campos/0Cliente/select_1TipoIdentificacion'

2021-07-12 16:39:43 - [MESSAGE][PASSED] - All options with index in [2] are selected on object 'Object Repository/2 Operacion/Elementos del Sistema/Terminales/Terminal/0Campos/0Cliente/select_1TipoIdentificacion'

2021-07-12 16:39:43 - [TEST_STEP][PASSED] - setText(findTestObject("2 Operacion/Elementos del Sistema/Terminales/Terminal/0Campos/0Cliente/input_2Identificacion"), "636711"): Text '636711' is set on object 'Object Repository/2 Operacion/Elementos del Sistema/Terminales/Terminal/0Campos/0Cliente/input_2Identificacion'

2021-07-12 16:39:47 - [MESSAGE][PASSED] - Text '636711' is set on object 'Object Repository/2 Operacion/Elementos del Sistema/Terminales/Terminal/0Campos/0Cliente/input_2Identificacion'

2021-07-12 16:39:47 - [TEST_STEP][PASSED] - click(findTestObject("2 Operacion/Elementos del Sistema/Terminales/Terminal/Cliente/botones/img_Buscar")): Object: 'Object Repository/2 Operacion/Elementos del Sistema/Terminales/Terminal/Cliente/botones/img_Buscar' is clicked on

2021-07-12 16:39:48 - [MESSAGE][PASSED] - Object: 'Object Repository/2 Operacion/Elementos del Sistema/Terminales/Terminal/Cliente/botones/img_Buscar' is clicked on

2021-07-12 16:39:48 - [TEST_STEP][PASSED] - takeFullPageScreenshot(): Taking screenshot successfully

2021-07-12 16:39:50 - [MESSAGE][INFO] - 0 hidden object(s)

2021-07-12 16:39:50 - [MESSAGE][PASSED] - Taking screenshot successfully
[[ATTACHMENT|E:\\CIEL INGENIERIA\\KATALON\\Validaciones\\Reports\\20210712_163647\\0 Informaci\u00F3n Clientes\\Editable en terminal\\20210712_163647\\1626125988664.png]]

2021-07-12 16:39:50 - [TEST_STEP][PASSED] - delay(3): Delayed 3 second(s)

2021-07-12 16:39:53 - [MESSAGE][PASSED] - Delayed 3 second(s)

2021-07-12 16:39:53 - [TEST_STEP][PASSED] - click(findTestObject("2 Operacion/Elementos del Sistema/Terminales/Terminal/Funciones Basicas/img_Cerrar")): Object: 'Object Repository/2 Operacion/Elementos del Sistema/Terminales/Terminal/Funciones Basicas/img_Cerrar' is clicked on

2021-07-12 16:39:54 - [MESSAGE][PASSED] - Object: 'Object Repository/2 Operacion/Elementos del Sistema/Terminales/Terminal/Funciones Basicas/img_Cerrar' is clicked on

2021-07-12 16:39:54 - [TEST_STEP][PASSED] - delay(3): Delayed 3 second(s)

2021-07-12 16:39:57 - [MESSAGE][PASSED] - Delayed 3 second(s)

2021-07-12 16:39:57 - [TEST_STEP][PASSED] - click(findTestObject("2 Operacion/Elementos del Sistema/Terminales/Terminal/Funciones Basicas/imgCerrar/btn_FindeJornada")): Object: 'Object Repository/2 Operacion/Elementos del Sistema/Terminales/Terminal/Funciones Basicas/imgCerrar/btn_FindeJornada' is clicked on

2021-07-12 16:39:58 - [MESSAGE][PASSED] - Object: 'Object Repository/2 Operacion/Elementos del Sistema/Terminales/Terminal/Funciones Basicas/imgCerrar/btn_FindeJornada' is clicked on

2021-07-12 16:39:58 - [TEST_STEP][PASSED] - delay(3): Delayed 3 second(s)

2021-07-12 16:40:01 - [MESSAGE][PASSED] - Delayed 3 second(s)]]></system-out>
         <system-err><![CDATA[]]></system-err>
      </testcase>
      <system-out><![CDATA[2021-07-12 16:37:09 - [TEST_SUITE][PASSED] - Editable en terminal: Test Cases/0 Información clientes/Editable en terminal]]></system-out>
      <system-err><![CDATA[]]></system-err>
   </testsuite>
</testsuites>
