<?xml version="1.0" encoding="UTF-8"?>
<testsuites name="Gestion Turnos" time="484.882" tests="1" failures="0" errors="0">
   <testsuite name="Gestion Turnos" tests="1" failures="0" errors="0" time="484.882" skipped="0" timestamp="2021-08-05 08:19:06" hostname="BILIKI - DESKTOP-HH1RJM2" id="Test Suites/0 Atributos/Gestion Turnos">
      <properties>
         <property name="deviceName" value=""/>
         <property name="devicePlatform" value=""/>
         <property name="logFolder" value="E:\\CIEL INGENIERIA\\KATALON\\Validaciones\\Reports\\20210805_081834\\0 Atributos\\Gestion Turnos\\20210805_081834"/>
         <property name="logFiles" value="E:\\CIEL INGENIERIA\\KATALON\\Validaciones\\Reports\\20210805_081834\\0 Atributos\\Gestion Turnos\\20210805_081834\\execution0.log"/>
         <property name="attachments" value="E:\\CIEL INGENIERIA\\KATALON\\Validaciones\\Reports\\20210805_081834\\0 Atributos\\Gestion Turnos\\20210805_081834\\1628169761660.png, E:\\CIEL INGENIERIA\\KATALON\\Validaciones\\Reports\\20210805_081834\\0 Atributos\\Gestion Turnos\\20210805_081834\\1628169787662.png, E:\\CIEL INGENIERIA\\KATALON\\Validaciones\\Reports\\20210805_081834\\0 Atributos\\Gestion Turnos\\20210805_081834\\1628169893535.png, E:\\CIEL INGENIERIA\\KATALON\\Validaciones\\Reports\\20210805_081834\\0 Atributos\\Gestion Turnos\\20210805_081834\\1628169900859.png, E:\\CIEL INGENIERIA\\KATALON\\Validaciones\\Reports\\20210805_081834\\0 Atributos\\Gestion Turnos\\20210805_081834\\1628169936014.png, E:\\CIEL INGENIERIA\\KATALON\\Validaciones\\Reports\\20210805_081834\\0 Atributos\\Gestion Turnos\\20210805_081834\\1628169976427.png"/>
         <property name="hostName" value="BILIKI - DESKTOP-HH1RJM2"/>
         <property name="os" value="Windows 10 64bit"/>
         <property name="katalonVersion" value="8.0.5.208"/>
         <property name="browser" value="Chrome 92.0.4515.131"/>
         <property name="hostAddress" value="169.254.120.121"/>
         <property name="sessionId" value="3544df1b48b955180185fc80039fc145"/>
         <property name="seleniumVersion" value="3.141.59"/>
         <property name="proxyInformation" value="ProxyInformation { proxyOption=NO_PROXY, proxyServerType=HTTP, username=, password=********, proxyServerAddress=, proxyServerPort=0, executionList=&quot;&quot;, isApplyToDesiredCapabilities=true }"/>
         <property name="platform" value="Windows 10"/>
      </properties>
      <testcase name="Test Cases/0 Atributos/Gestion Turnos" time="432.427" classname="Test Cases/0 Atributos/Gestion Turnos" status="PASSED">
         <system-out><![CDATA[2021-08-05 08:19:08 - [TEST_CASE][PASSED] - Test Cases/0 Atributos/Gestion Turnos: Test Cases/0 Atributos/Gestion Turnos

2021-08-05 08:19:11 - [TEST_STEP][PASSED] - callTestCase(findTestCase("Inicio Sesion sin variables"), [:], STOP_ON_FAILURE): Call Test Case 'Test Cases/Inicio Sesion sin variables' successfully

2021-08-05 08:19:11 - [TEST_CASE][PASSED] - Test Cases/Inicio Sesion sin variables: Test Cases/Inicio Sesion sin variables

2021-08-05 08:19:14 - [TEST_STEP][PASSED] - openBrowser("http://Localhost:8810"): Browser is opened with url: 'http://Localhost:8810'

2021-08-05 08:19:16 - [MESSAGE][INFO] - Starting 'Chrome' driver

2021-08-05 08:19:16 - [MESSAGE][INFO] - Action delay is set to 0 milliseconds

2021-08-05 08:21:01 - [MESSAGE][PASSED] - Browser is opened with url: 'http://Localhost:8810'

2021-08-05 08:21:01 - [TEST_STEP][PASSED] - maximizeWindow(): Current window maximized

2021-08-05 08:21:03 - [MESSAGE][PASSED] - Current window maximized

2021-08-05 08:21:03 - [TEST_STEP][PASSED] - setText(findTestObject("0Inicio Sesion/input__Usuario"), "ciel"): Text 'ciel' is set on object 'Object Repository/0Inicio Sesion/input__Usuario'

2021-08-05 08:21:05 - [MESSAGE][PASSED] - Text 'ciel' is set on object 'Object Repository/0Inicio Sesion/input__Usuario'

2021-08-05 08:21:05 - [TEST_STEP][PASSED] - setText(findTestObject("0Inicio Sesion/input__Clave"), "digiturno"): Text 'digiturno' is set on object 'Object Repository/0Inicio Sesion/input__Clave'

2021-08-05 08:21:07 - [MESSAGE][PASSED] - Text 'digiturno' is set on object 'Object Repository/0Inicio Sesion/input__Clave'

2021-08-05 08:21:07 - [TEST_STEP][PASSED] - click(findTestObject("0Inicio Sesion/btn_IniciarSesion")): Object: 'Object Repository/0Inicio Sesion/btn_IniciarSesion' is clicked on

2021-08-05 08:21:08 - [MESSAGE][PASSED] - Object: 'Object Repository/0Inicio Sesion/btn_IniciarSesion' is clicked on

2021-08-05 08:21:08 - [TEST_STEP][PASSED] - delay(3): Delayed 3 second(s)

2021-08-05 08:21:11 - [MESSAGE][PASSED] - Delayed 3 second(s)

2021-08-05 08:21:11 - [MESSAGE][PASSED] - Call Test Case 'Test Cases/Inicio Sesion sin variables' successfully

2021-08-05 08:21:11 - [TEST_STEP][PASSED] - click(findTestObject("1Inicio/img_Configuracion")): Object: 'Object Repository/1Inicio/img_Configuracion' is clicked on

2021-08-05 08:21:58 - [MESSAGE][PASSED] - Object: 'Object Repository/1Inicio/img_Configuracion' is clicked on

2021-08-05 08:21:58 - [TEST_STEP][PASSED] - delay(3): Delayed 3 second(s)

2021-08-05 08:22:01 - [MESSAGE][PASSED] - Delayed 3 second(s)

2021-08-05 08:22:01 - [TEST_STEP][PASSED] - click(findTestObject("Configuracion/1Principal/img_Seguridad")): Object: 'Object Repository/Configuracion/1Principal/img_Seguridad' is clicked on

2021-08-05 08:22:04 - [MESSAGE][PASSED] - Object: 'Object Repository/Configuracion/1Principal/img_Seguridad' is clicked on

2021-08-05 08:22:04 - [TEST_STEP][PASSED] - delay(3): Delayed 3 second(s)

2021-08-05 08:22:07 - [MESSAGE][PASSED] - Delayed 3 second(s)

2021-08-05 08:22:07 - [TEST_STEP][PASSED] - click(findTestObject("Configuracion/Seguridad/img_Usuarios")): Object: 'Object Repository/Configuracion/Seguridad/img_Usuarios' is clicked on

2021-08-05 08:22:11 - [MESSAGE][PASSED] - Object: 'Object Repository/Configuracion/Seguridad/img_Usuarios' is clicked on

2021-08-05 08:22:11 - [TEST_STEP][PASSED] - delay(3): Delayed 3 second(s)

2021-08-05 08:22:14 - [MESSAGE][PASSED] - Delayed 3 second(s)

2021-08-05 08:22:14 - [TEST_STEP][PASSED] - click(findTestObject("Configuracion/Seguridad/Usuarios/1Principal/img_Consultar Usuarios")): Object: 'Object Repository/Configuracion/Seguridad/Usuarios/1Principal/img_Consultar Usuarios' is clicked on

2021-08-05 08:22:20 - [MESSAGE][PASSED] - Object: 'Object Repository/Configuracion/Seguridad/Usuarios/1Principal/img_Consultar Usuarios' is clicked on

2021-08-05 08:22:20 - [TEST_STEP][PASSED] - delay(3): Delayed 3 second(s)

2021-08-05 08:22:23 - [MESSAGE][PASSED] - Delayed 3 second(s)

2021-08-05 08:22:23 - [TEST_STEP][PASSED] - setText(findTestObject("Configuracion/Seguridad/Usuarios/Consultar Usuarios/1Filtro por Nombre de usuario/input__TextoABuscar"), "Jaime"): Text 'Jaime' is set on object 'Object Repository/Configuracion/Seguridad/Usuarios/Consultar Usuarios/1Filtro por Nombre de usuario/input__TextoABuscar'

2021-08-05 08:22:25 - [MESSAGE][PASSED] - Text 'Jaime' is set on object 'Object Repository/Configuracion/Seguridad/Usuarios/Consultar Usuarios/1Filtro por Nombre de usuario/input__TextoABuscar'

2021-08-05 08:22:25 - [TEST_STEP][PASSED] - click(findTestObject("Configuracion/Seguridad/Usuarios/Consultar Usuarios/1Filtro por Nombre de usuario/img_Filtrar")): Object: 'Object Repository/Configuracion/Seguridad/Usuarios/Consultar Usuarios/1Filtro por Nombre de usuario/img_Filtrar' is clicked on

2021-08-05 08:22:28 - [MESSAGE][PASSED] - Object: 'Object Repository/Configuracion/Seguridad/Usuarios/Consultar Usuarios/1Filtro por Nombre de usuario/img_Filtrar' is clicked on

2021-08-05 08:22:28 - [TEST_STEP][PASSED] - delay(3): Delayed 3 second(s)

2021-08-05 08:22:31 - [MESSAGE][PASSED] - Delayed 3 second(s)

2021-08-05 08:22:31 - [TEST_STEP][PASSED] - click(findTestObject("Configuracion/Seguridad/Usuarios/Consultar Usuarios/1Filtro por Nombre de usuario/span_admin")): Object: 'Object Repository/Configuracion/Seguridad/Usuarios/Consultar Usuarios/1Filtro por Nombre de usuario/span_admin' is clicked on

2021-08-05 08:22:38 - [MESSAGE][PASSED] - Object: 'Object Repository/Configuracion/Seguridad/Usuarios/Consultar Usuarios/1Filtro por Nombre de usuario/span_admin' is clicked on

2021-08-05 08:22:38 - [TEST_STEP][PASSED] - delay(3): Delayed 3 second(s)

2021-08-05 08:22:41 - [MESSAGE][PASSED] - Delayed 3 second(s)

2021-08-05 08:22:41 - [TEST_STEP][PASSED] - takeFullPageScreenshot(STOP_ON_FAILURE): Taking screenshot successfully

2021-08-05 08:22:43 - [MESSAGE][INFO] - 0 hidden object(s)

2021-08-05 08:22:44 - [MESSAGE][PASSED] - Taking screenshot successfully
[[ATTACHMENT|E:\\CIEL INGENIERIA\\KATALON\\Validaciones\\Reports\\20210805_081834\\0 Atributos\\Gestion Turnos\\20210805_081834\\1628169761660.png]]

2021-08-05 08:22:44 - [TEST_STEP][PASSED] - delay(3): Delayed 3 second(s)

2021-08-05 08:22:47 - [MESSAGE][PASSED] - Delayed 3 second(s)

2021-08-05 08:22:47 - [TEST_STEP][PASSED] - back(): Navigate back successfully

2021-08-05 08:22:49 - [MESSAGE][PASSED] - Navigate back successfully

2021-08-05 08:22:49 - [TEST_STEP][PASSED] - delay(3): Delayed 3 second(s)

2021-08-05 08:22:52 - [MESSAGE][PASSED] - Delayed 3 second(s)

2021-08-05 08:22:52 - [TEST_STEP][PASSED] - setText(findTestObject("Configuracion/Seguridad/Usuarios/Consultar Usuarios/1Filtro por Nombre de usuario/input__TextoABuscar"), "jaime2"): Text 'jaime2' is set on object 'Object Repository/Configuracion/Seguridad/Usuarios/Consultar Usuarios/1Filtro por Nombre de usuario/input__TextoABuscar'

2021-08-05 08:22:54 - [MESSAGE][PASSED] - Text 'jaime2' is set on object 'Object Repository/Configuracion/Seguridad/Usuarios/Consultar Usuarios/1Filtro por Nombre de usuario/input__TextoABuscar'

2021-08-05 08:22:54 - [TEST_STEP][PASSED] - click(findTestObject("Configuracion/Seguridad/Usuarios/Consultar Usuarios/1Filtro por Nombre de usuario/img_Filtrar")): Object: 'Object Repository/Configuracion/Seguridad/Usuarios/Consultar Usuarios/1Filtro por Nombre de usuario/img_Filtrar' is clicked on

2021-08-05 08:22:56 - [MESSAGE][PASSED] - Object: 'Object Repository/Configuracion/Seguridad/Usuarios/Consultar Usuarios/1Filtro por Nombre de usuario/img_Filtrar' is clicked on

2021-08-05 08:22:56 - [TEST_STEP][PASSED] - delay(3): Delayed 3 second(s)

2021-08-05 08:22:59 - [MESSAGE][PASSED] - Delayed 3 second(s)

2021-08-05 08:22:59 - [TEST_STEP][PASSED] - click(findTestObject("Configuracion/Seguridad/Usuarios/Consultar Usuarios/1Filtro por Nombre de usuario/span_admin")): Object: 'Object Repository/Configuracion/Seguridad/Usuarios/Consultar Usuarios/1Filtro por Nombre de usuario/span_admin' is clicked on

2021-08-05 08:23:04 - [MESSAGE][PASSED] - Object: 'Object Repository/Configuracion/Seguridad/Usuarios/Consultar Usuarios/1Filtro por Nombre de usuario/span_admin' is clicked on

2021-08-05 08:23:04 - [TEST_STEP][PASSED] - delay(3): Delayed 3 second(s)

2021-08-05 08:23:07 - [MESSAGE][PASSED] - Delayed 3 second(s)

2021-08-05 08:23:07 - [TEST_STEP][PASSED] - takeFullPageScreenshot(STOP_ON_FAILURE): Taking screenshot successfully

2021-08-05 08:23:08 - [MESSAGE][INFO] - 0 hidden object(s)

2021-08-05 08:23:09 - [MESSAGE][PASSED] - Taking screenshot successfully
[[ATTACHMENT|E:\\CIEL INGENIERIA\\KATALON\\Validaciones\\Reports\\20210805_081834\\0 Atributos\\Gestion Turnos\\20210805_081834\\1628169787662.png]]

2021-08-05 08:23:09 - [TEST_STEP][PASSED] - delay(3): Delayed 3 second(s)

2021-08-05 08:23:12 - [MESSAGE][PASSED] - Delayed 3 second(s)

2021-08-05 08:23:12 - [TEST_STEP][PASSED] - click(findTestObject("1Inicio/a_Inicio")): Object: 'Object Repository/1Inicio/a_Inicio' is clicked on

2021-08-05 08:23:16 - [MESSAGE][PASSED] - Object: 'Object Repository/1Inicio/a_Inicio' is clicked on

2021-08-05 08:23:16 - [TEST_STEP][PASSED] - delay(3): Delayed 3 second(s)

2021-08-05 08:23:19 - [MESSAGE][PASSED] - Delayed 3 second(s)

2021-08-05 08:23:19 - [TEST_STEP][PASSED] - click(findTestObject("1Inicio/img_Operacion")): Object: 'Object Repository/1Inicio/img_Operacion' is clicked on

2021-08-05 08:23:21 - [MESSAGE][PASSED] - Object: 'Object Repository/1Inicio/img_Operacion' is clicked on

2021-08-05 08:23:21 - [TEST_STEP][PASSED] - delay(3): Delayed 3 second(s)

2021-08-05 08:23:24 - [MESSAGE][PASSED] - Delayed 3 second(s)

2021-08-05 08:23:24 - [TEST_STEP][PASSED] - click(findTestObject("2 Operacion/Elementos Del Sistema")): Object: 'Object Repository/2 Operacion/Elementos Del Sistema' is clicked on

2021-08-05 08:23:28 - [MESSAGE][PASSED] - Object: 'Object Repository/2 Operacion/Elementos Del Sistema' is clicked on

2021-08-05 08:23:28 - [TEST_STEP][PASSED] - delay(3): Delayed 3 second(s)

2021-08-05 08:23:31 - [MESSAGE][PASSED] - Delayed 3 second(s)

2021-08-05 08:23:31 - [TEST_STEP][PASSED] - click(findTestObject("2 Operacion/Elementos del Sistema/img_Selectores")): Object: 'Object Repository/2 Operacion/Elementos del Sistema/img_Selectores' is clicked on

2021-08-05 08:23:35 - [MESSAGE][PASSED] - Object: 'Object Repository/2 Operacion/Elementos del Sistema/img_Selectores' is clicked on

2021-08-05 08:23:35 - [TEST_STEP][PASSED] - delay(3): Delayed 3 second(s)

2021-08-05 08:23:38 - [MESSAGE][PASSED] - Delayed 3 second(s)

2021-08-05 08:23:38 - [TEST_STEP][PASSED] - click(findTestObject("2 Operacion/Elementos del Sistema/Selectores/00Oficinas/a_Bogota - CIEL")): Object: 'Object Repository/2 Operacion/Elementos del Sistema/Selectores/00Oficinas/a_Bogota - CIEL' is clicked on

2021-08-05 08:23:39 - [MESSAGE][PASSED] - Object: 'Object Repository/2 Operacion/Elementos del Sistema/Selectores/00Oficinas/a_Bogota - CIEL' is clicked on

2021-08-05 08:23:39 - [TEST_STEP][PASSED] - delay(3): Delayed 3 second(s)

2021-08-05 08:23:42 - [MESSAGE][PASSED] - Delayed 3 second(s)

2021-08-05 08:23:42 - [TEST_STEP][PASSED] - click(findTestObject("2 Operacion/Elementos del Sistema/Selectores/0 Lista de Selectores/a_Abrir Selector")): Object: 'Object Repository/2 Operacion/Elementos del Sistema/Selectores/0 Lista de Selectores/a_Abrir Selector' is clicked on

2021-08-05 08:23:46 - [MESSAGE][PASSED] - Object: 'Object Repository/2 Operacion/Elementos del Sistema/Selectores/0 Lista de Selectores/a_Abrir Selector' is clicked on

2021-08-05 08:23:46 - [TEST_STEP][PASSED] - delay(5): Delayed 5 second(s)

2021-08-05 08:23:51 - [MESSAGE][PASSED] - Delayed 5 second(s)

2021-08-05 08:23:51 - [TEST_STEP][PASSED] - switchToWindowIndex(1): Switched to window with index: '1'

2021-08-05 08:24:01 - [MESSAGE][PASSED] - Switched to window with index: '1'

2021-08-05 08:24:01 - [TEST_STEP][PASSED] - delay(2): Delayed 2 second(s)

2021-08-05 08:24:03 - [MESSAGE][PASSED] - Delayed 2 second(s)

2021-08-05 08:24:03 - [TEST_STEP][PASSED] - maximizeWindow(): Current window maximized

2021-08-05 08:24:24 - [MESSAGE][PASSED] - Current window maximized

2021-08-05 08:24:24 - [TEST_STEP][PASSED] - delay(2): Delayed 2 second(s)

2021-08-05 08:24:26 - [MESSAGE][PASSED] - Delayed 2 second(s)

2021-08-05 08:24:26 - [TEST_STEP][PASSED] - setText(findTestObject("2 Operacion/Elementos del Sistema/Selectores/2 Escoger por jerarquia/input_Escoger por Jerarqua2"), "info"): Text 'info' is set on object 'Object Repository/2 Operacion/Elementos del Sistema/Selectores/2 Escoger por jerarquia/input_Escoger por Jerarqua2'

2021-08-05 08:24:29 - [MESSAGE][PASSED] - Text 'info' is set on object 'Object Repository/2 Operacion/Elementos del Sistema/Selectores/2 Escoger por jerarquia/input_Escoger por Jerarqua2'

2021-08-05 08:24:29 - [TEST_STEP][PASSED] - delay(3): Delayed 3 second(s)

2021-08-05 08:24:32 - [MESSAGE][PASSED] - Delayed 3 second(s)

2021-08-05 08:24:32 - [TEST_STEP][PASSED] - click(findTestObject("2 Operacion/Elementos del Sistema/Selectores/2 Escoger por jerarquia/a_WIZ Informacion General")): Object: 'Object Repository/2 Operacion/Elementos del Sistema/Selectores/2 Escoger por jerarquia/a_WIZ Informacion General' is clicked on

2021-08-05 08:24:34 - [MESSAGE][PASSED] - Object: 'Object Repository/2 Operacion/Elementos del Sistema/Selectores/2 Escoger por jerarquia/a_WIZ Informacion General' is clicked on

2021-08-05 08:24:34 - [TEST_STEP][PASSED] - delay(3): Delayed 3 second(s)

2021-08-05 08:24:37 - [MESSAGE][PASSED] - Delayed 3 second(s)

2021-08-05 08:24:37 - [TEST_STEP][PASSED] - click(findTestObject("2 Operacion/Elementos del Sistema/Selectores/4 Generar Turno/select_Especialidades (click)")): Object: 'Object Repository/2 Operacion/Elementos del Sistema/Selectores/4 Generar Turno/select_Especialidades (click)' is clicked on

2021-08-05 08:24:38 - [MESSAGE][PASSED] - Object: 'Object Repository/2 Operacion/Elementos del Sistema/Selectores/4 Generar Turno/select_Especialidades (click)' is clicked on

2021-08-05 08:24:38 - [TEST_STEP][PASSED] - check(findTestObject("2 Operacion/Elementos del Sistema/Selectores/4 Generar Turno/chk_Especialidades_Cirujanos")): Object 'Object Repository/2 Operacion/Elementos del Sistema/Selectores/4 Generar Turno/chk_Especialidades_Cirujanos' is checked

2021-08-05 08:24:40 - [MESSAGE][PASSED] - Object 'Object Repository/2 Operacion/Elementos del Sistema/Selectores/4 Generar Turno/chk_Especialidades_Cirujanos' is checked

2021-08-05 08:24:40 - [TEST_STEP][PASSED] - delay(3): Delayed 3 second(s)

2021-08-05 08:24:43 - [MESSAGE][PASSED] - Delayed 3 second(s)

2021-08-05 08:24:43 - [TEST_STEP][PASSED] - click(findTestObject("2 Operacion/Elementos del Sistema/Selectores/4 Generar Turno/textarea_Observaciones")): Object: 'Object Repository/2 Operacion/Elementos del Sistema/Selectores/4 Generar Turno/textarea_Observaciones' is clicked on

2021-08-05 08:24:45 - [MESSAGE][PASSED] - Object: 'Object Repository/2 Operacion/Elementos del Sistema/Selectores/4 Generar Turno/textarea_Observaciones' is clicked on

2021-08-05 08:24:45 - [TEST_STEP][PASSED] - click(findTestObject("2 Operacion/Elementos del Sistema/Selectores/4 Generar Turno/select_Profesionales(click)")): Object: 'Object Repository/2 Operacion/Elementos del Sistema/Selectores/4 Generar Turno/select_Profesionales(click)' is clicked on

2021-08-05 08:24:47 - [MESSAGE][PASSED] - Object: 'Object Repository/2 Operacion/Elementos del Sistema/Selectores/4 Generar Turno/select_Profesionales(click)' is clicked on

2021-08-05 08:24:47 - [TEST_STEP][PASSED] - check(findTestObject("2 Operacion/Elementos del Sistema/Selectores/4 Generar Turno/chk_Profesionales_Cardiologo")): Object 'Object Repository/2 Operacion/Elementos del Sistema/Selectores/4 Generar Turno/chk_Profesionales_Cardiologo' is checked

2021-08-05 08:24:49 - [MESSAGE][PASSED] - Object 'Object Repository/2 Operacion/Elementos del Sistema/Selectores/4 Generar Turno/chk_Profesionales_Cardiologo' is checked

2021-08-05 08:24:49 - [TEST_STEP][PASSED] - delay(3): Delayed 3 second(s)

2021-08-05 08:24:52 - [MESSAGE][PASSED] - Delayed 3 second(s)

2021-08-05 08:24:52 - [TEST_STEP][PASSED] - click(findTestObject("2 Operacion/Elementos del Sistema/Selectores/4 Generar Turno/textarea_Observaciones")): Object: 'Object Repository/2 Operacion/Elementos del Sistema/Selectores/4 Generar Turno/textarea_Observaciones' is clicked on

2021-08-05 08:24:53 - [MESSAGE][PASSED] - Object: 'Object Repository/2 Operacion/Elementos del Sistema/Selectores/4 Generar Turno/textarea_Observaciones' is clicked on

2021-08-05 08:24:53 - [TEST_STEP][PASSED] - takeFullPageScreenshot(): Taking screenshot successfully

2021-08-05 08:24:55 - [MESSAGE][INFO] - 0 hidden object(s)

2021-08-05 08:24:55 - [MESSAGE][PASSED] - Taking screenshot successfully
[[ATTACHMENT|E:\\CIEL INGENIERIA\\KATALON\\Validaciones\\Reports\\20210805_081834\\0 Atributos\\Gestion Turnos\\20210805_081834\\1628169893535.png]]

2021-08-05 08:24:55 - [TEST_STEP][PASSED] - delay(2): Delayed 2 second(s)

2021-08-05 08:24:57 - [MESSAGE][PASSED] - Delayed 2 second(s)

2021-08-05 08:24:57 - [TEST_STEP][PASSED] - click(findTestObject("2 Operacion/Elementos del Sistema/Selectores/4 Generar Turno/img_Con Impresion")): Object: 'Object Repository/2 Operacion/Elementos del Sistema/Selectores/4 Generar Turno/img_Con Impresion' is clicked on

2021-08-05 08:24:59 - [MESSAGE][PASSED] - Object: 'Object Repository/2 Operacion/Elementos del Sistema/Selectores/4 Generar Turno/img_Con Impresion' is clicked on

2021-08-05 08:24:59 - [TEST_STEP][PASSED] - delay(1): Delayed 1 second(s)

2021-08-05 08:25:00 - [MESSAGE][PASSED] - Delayed 1 second(s)

2021-08-05 08:25:00 - [TEST_STEP][PASSED] - takeFullPageScreenshot(): Taking screenshot successfully

2021-08-05 08:25:02 - [MESSAGE][INFO] - 0 hidden object(s)

2021-08-05 08:25:02 - [MESSAGE][PASSED] - Taking screenshot successfully
[[ATTACHMENT|E:\\CIEL INGENIERIA\\KATALON\\Validaciones\\Reports\\20210805_081834\\0 Atributos\\Gestion Turnos\\20210805_081834\\1628169900859.png]]

2021-08-05 08:25:02 - [TEST_STEP][PASSED] - delay(2): Delayed 2 second(s)

2021-08-05 08:25:04 - [MESSAGE][PASSED] - Delayed 2 second(s)

2021-08-05 08:25:04 - [TEST_STEP][PASSED] - switchToWindowIndex(0): Switched to window with index: '0'

2021-08-05 08:25:05 - [MESSAGE][PASSED] - Switched to window with index: '0'

2021-08-05 08:25:05 - [TEST_STEP][PASSED] - delay(3): Delayed 3 second(s)

2021-08-05 08:25:08 - [MESSAGE][PASSED] - Delayed 3 second(s)

2021-08-05 08:25:08 - [TEST_STEP][PASSED] - click(findTestObject("1Inicio/a_Inicio")): Object: 'Object Repository/1Inicio/a_Inicio' is clicked on

2021-08-05 08:25:12 - [MESSAGE][PASSED] - Object: 'Object Repository/1Inicio/a_Inicio' is clicked on

2021-08-05 08:25:12 - [TEST_STEP][PASSED] - delay(3): Delayed 3 second(s)

2021-08-05 08:25:15 - [MESSAGE][PASSED] - Delayed 3 second(s)

2021-08-05 08:25:15 - [TEST_STEP][PASSED] - click(findTestObject("1Inicio/img_Gestion")): Object: 'Object Repository/1Inicio/img_Gestion' is clicked on

2021-08-05 08:25:17 - [MESSAGE][PASSED] - Object: 'Object Repository/1Inicio/img_Gestion' is clicked on

2021-08-05 08:25:17 - [TEST_STEP][PASSED] - delay(3): Delayed 3 second(s)

2021-08-05 08:25:20 - [MESSAGE][PASSED] - Delayed 3 second(s)

2021-08-05 08:25:20 - [TEST_STEP][PASSED] - click(findTestObject("Gestion/1Principal/img_Turnos")): Object: 'Object Repository/Gestion/1Principal/img_Turnos' is clicked on

2021-08-05 08:25:24 - [MESSAGE][PASSED] - Object: 'Object Repository/Gestion/1Principal/img_Turnos' is clicked on

2021-08-05 08:25:24 - [TEST_STEP][PASSED] - delay(3): Delayed 3 second(s)

2021-08-05 08:25:27 - [MESSAGE][PASSED] - Delayed 3 second(s)

2021-08-05 08:25:27 - [TEST_STEP][PASSED] - click(findTestObject("Gestion/Turnos/Filtros/0 Oficinas/a_select")): Object: 'Object Repository/Gestion/Turnos/Filtros/0 Oficinas/a_select' is clicked on

2021-08-05 08:25:28 - [MESSAGE][PASSED] - Object: 'Object Repository/Gestion/Turnos/Filtros/0 Oficinas/a_select' is clicked on

2021-08-05 08:25:28 - [TEST_STEP][PASSED] - delay(3): Delayed 3 second(s)

2021-08-05 08:25:31 - [MESSAGE][PASSED] - Delayed 3 second(s)

2021-08-05 08:25:31 - [TEST_STEP][PASSED] - click(findTestObject("Gestion/Turnos/Filtros/0 Oficinas/li_Bogota - CIEL")): Object: 'Object Repository/Gestion/Turnos/Filtros/0 Oficinas/li_Bogota - CIEL' is clicked on

2021-08-05 08:25:32 - [MESSAGE][PASSED] - Object: 'Object Repository/Gestion/Turnos/Filtros/0 Oficinas/li_Bogota - CIEL' is clicked on

2021-08-05 08:25:32 - [TEST_STEP][PASSED] - delay(3): Delayed 3 second(s)

2021-08-05 08:25:35 - [MESSAGE][PASSED] - Delayed 3 second(s)

2021-08-05 08:25:35 - [TEST_STEP][PASSED] - takeFullPageScreenshot(STOP_ON_FAILURE): Taking screenshot successfully

2021-08-05 08:25:36 - [MESSAGE][INFO] - 0 hidden object(s)

2021-08-05 08:25:37 - [MESSAGE][PASSED] - Taking screenshot successfully
[[ATTACHMENT|E:\\CIEL INGENIERIA\\KATALON\\Validaciones\\Reports\\20210805_081834\\0 Atributos\\Gestion Turnos\\20210805_081834\\1628169936014.png]]

2021-08-05 08:25:37 - [TEST_STEP][PASSED] - delay(3): Delayed 3 second(s)

2021-08-05 08:25:40 - [MESSAGE][PASSED] - Delayed 3 second(s)

2021-08-05 08:25:40 - [TEST_STEP][PASSED] - click(findTestObject("Gestion/Turnos/Lista de Turnos/a_SeleccionarTodo")): Object: 'Object Repository/Gestion/Turnos/Lista de Turnos/a_SeleccionarTodo' is clicked on

2021-08-05 08:25:41 - [MESSAGE][PASSED] - Object: 'Object Repository/Gestion/Turnos/Lista de Turnos/a_SeleccionarTodo' is clicked on

2021-08-05 08:25:41 - [TEST_STEP][PASSED] - delay(3): Delayed 3 second(s)

2021-08-05 08:25:44 - [MESSAGE][PASSED] - Delayed 3 second(s)

2021-08-05 08:25:44 - [TEST_STEP][PASSED] - click(findTestObject("Gestion/Turnos/Lista de Turnos/1 Especialidades/a_select")): Object: 'Object Repository/Gestion/Turnos/Lista de Turnos/1 Especialidades/a_select' is clicked on

2021-08-05 08:25:45 - [MESSAGE][PASSED] - Object: 'Object Repository/Gestion/Turnos/Lista de Turnos/1 Especialidades/a_select' is clicked on

2021-08-05 08:25:45 - [TEST_STEP][PASSED] - click(findTestObject("Gestion/Turnos/Lista de Turnos/1 Especialidades/chk_Marcar Todos")): Object: 'Object Repository/Gestion/Turnos/Lista de Turnos/1 Especialidades/chk_Marcar Todos' is clicked on

2021-08-05 08:25:46 - [MESSAGE][PASSED] - Object: 'Object Repository/Gestion/Turnos/Lista de Turnos/1 Especialidades/chk_Marcar Todos' is clicked on

2021-08-05 08:25:46 - [TEST_STEP][PASSED] - delay(3): Delayed 3 second(s)

2021-08-05 08:25:49 - [MESSAGE][PASSED] - Delayed 3 second(s)

2021-08-05 08:25:49 - [TEST_STEP][PASSED] - click(findTestObject("Gestion/Turnos/Lista de Turnos/3 Usuario/select_Usuario")): Object: 'Object Repository/Gestion/Turnos/Lista de Turnos/3 Usuario/select_Usuario' is clicked on

2021-08-05 08:25:51 - [MESSAGE][PASSED] - Object: 'Object Repository/Gestion/Turnos/Lista de Turnos/3 Usuario/select_Usuario' is clicked on

2021-08-05 08:25:51 - [TEST_STEP][PASSED] - delay(2): Delayed 2 second(s)

2021-08-05 08:25:53 - [MESSAGE][PASSED] - Delayed 2 second(s)

2021-08-05 08:25:53 - [TEST_STEP][PASSED] - selectOptionByIndex(findTestObject("Gestion/Turnos/Lista de Turnos/3 Usuario/select_Usuario"), 1): All options with index in [1] are selected on object 'Object Repository/Gestion/Turnos/Lista de Turnos/3 Usuario/select_Usuario'

2021-08-05 08:25:55 - [MESSAGE][PASSED] - All options with index in [1] are selected on object 'Object Repository/Gestion/Turnos/Lista de Turnos/3 Usuario/select_Usuario'

2021-08-05 08:25:55 - [TEST_STEP][PASSED] - delay(3): Delayed 3 second(s)

2021-08-05 08:25:58 - [MESSAGE][PASSED] - Delayed 3 second(s)

2021-08-05 08:25:58 - [TEST_STEP][PASSED] - click(findTestObject("Gestion/Turnos/Lista de Turnos/btn_Reasignar turnos")): Object: 'Object Repository/Gestion/Turnos/Lista de Turnos/btn_Reasignar turnos' is clicked on

2021-08-05 08:26:00 - [MESSAGE][PASSED] - Object: 'Object Repository/Gestion/Turnos/Lista de Turnos/btn_Reasignar turnos' is clicked on

2021-08-05 08:26:00 - [TEST_STEP][PASSED] - acceptAlert(): Alert accepted

2021-08-05 08:26:00 - [MESSAGE][PASSED] - Alert accepted

2021-08-05 08:26:00 - [TEST_STEP][PASSED] - delay(3): Delayed 3 second(s)

2021-08-05 08:26:03 - [MESSAGE][PASSED] - Delayed 3 second(s)

2021-08-05 08:26:03 - [TEST_STEP][PASSED] - click(findTestObject("Gestion/Turnos/Filtros/0 Oficinas/a_select")): Object: 'Object Repository/Gestion/Turnos/Filtros/0 Oficinas/a_select' is clicked on

2021-08-05 08:26:05 - [MESSAGE][PASSED] - Object: 'Object Repository/Gestion/Turnos/Filtros/0 Oficinas/a_select' is clicked on

2021-08-05 08:26:05 - [TEST_STEP][PASSED] - delay(3): Delayed 3 second(s)

2021-08-05 08:26:08 - [MESSAGE][PASSED] - Delayed 3 second(s)

2021-08-05 08:26:08 - [TEST_STEP][PASSED] - click(findTestObject("Gestion/Turnos/Filtros/0 Oficinas/li_Bogota - CIEL")): Object: 'Object Repository/Gestion/Turnos/Filtros/0 Oficinas/li_Bogota - CIEL' is clicked on

2021-08-05 08:26:09 - [MESSAGE][PASSED] - Object: 'Object Repository/Gestion/Turnos/Filtros/0 Oficinas/li_Bogota - CIEL' is clicked on

2021-08-05 08:26:09 - [TEST_STEP][PASSED] - delay(3): Delayed 3 second(s)

2021-08-05 08:26:12 - [MESSAGE][PASSED] - Delayed 3 second(s)

2021-08-05 08:26:12 - [TEST_STEP][PASSED] - click(findTestObject("Gestion/Turnos/Filtros/btn_Obtener Turnos")): Object: 'Object Repository/Gestion/Turnos/Filtros/btn_Obtener Turnos' is clicked on

2021-08-05 08:26:13 - [MESSAGE][PASSED] - Object: 'Object Repository/Gestion/Turnos/Filtros/btn_Obtener Turnos' is clicked on

2021-08-05 08:26:13 - [TEST_STEP][PASSED] - delay(3): Delayed 3 second(s)

2021-08-05 08:26:16 - [MESSAGE][PASSED] - Delayed 3 second(s)

2021-08-05 08:26:16 - [TEST_STEP][PASSED] - takeFullPageScreenshot(STOP_ON_FAILURE): Taking screenshot successfully

2021-08-05 08:26:17 - [MESSAGE][INFO] - 0 hidden object(s)

2021-08-05 08:26:17 - [MESSAGE][PASSED] - Taking screenshot successfully
[[ATTACHMENT|E:\\CIEL INGENIERIA\\KATALON\\Validaciones\\Reports\\20210805_081834\\0 Atributos\\Gestion Turnos\\20210805_081834\\1628169976427.png]]

2021-08-05 08:26:17 - [TEST_STEP][PASSED] - delay(3): Delayed 3 second(s)

2021-08-05 08:26:20 - [MESSAGE][PASSED] - Delayed 3 second(s)]]></system-out>
         <system-err><![CDATA[]]></system-err>
      </testcase>
      <system-out><![CDATA[2021-08-05 08:19:06 - [TEST_SUITE][PASSED] - Gestion Turnos: Test Cases/0 Atributos/Gestion Turnos]]></system-out>
      <system-err><![CDATA[]]></system-err>
   </testsuite>
</testsuites>
