<?xml version="1.0" encoding="UTF-8"?>
<testsuites name="1 Reclasificar Turnos en la actual" time="271.578" tests="1" failures="0" errors="0">
   <testsuite name="1 Reclasificar Turnos en la actual" tests="1" failures="0" errors="0" time="271.578" skipped="0" timestamp="2021-06-28 16:13:07" hostname="BILIKI - DESKTOP-HH1RJM2" id="Test Suites/1 Reclasificar Turnos en la actual">
      <properties>
         <property name="deviceName" value=""/>
         <property name="devicePlatform" value=""/>
         <property name="logFolder" value="E:\\CIEL INGENIERIA\\KATALON\\Validaciones\\Reports\\20210628_161248\\1 Reclasificar Turnos en la actual\\20210628_161248"/>
         <property name="logFiles" value="E:\\CIEL INGENIERIA\\KATALON\\Validaciones\\Reports\\20210628_161248\\1 Reclasificar Turnos en la actual\\20210628_161248\\execution0.log"/>
         <property name="attachments" value="E:\\CIEL INGENIERIA\\KATALON\\Validaciones\\Reports\\20210628_161248\\1 Reclasificar Turnos en la actual\\20210628_161248\\1624914895197.png, E:\\CIEL INGENIERIA\\KATALON\\Validaciones\\Reports\\20210628_161248\\1 Reclasificar Turnos en la actual\\20210628_161248\\1624914970690.png"/>
         <property name="hostName" value="BILIKI - DESKTOP-HH1RJM2"/>
         <property name="os" value="Windows 10 64bit"/>
         <property name="katalonVersion" value="8.0.5.208"/>
         <property name="browser" value="Chrome 91.0.4472.124"/>
         <property name="hostAddress" value="169.254.12.236"/>
         <property name="sessionId" value="de5d87b0efa1500dcbb7c872ee96915d"/>
         <property name="seleniumVersion" value="3.141.59"/>
         <property name="proxyInformation" value="ProxyInformation { proxyOption=NO_PROXY, proxyServerType=HTTP, username=, password=********, proxyServerAddress=, proxyServerPort=0, executionList=&quot;&quot;, isApplyToDesiredCapabilities=true }"/>
         <property name="platform" value="Windows 10"/>
      </properties>
      <testcase name="Test Cases/1 Reclasificar Turnos en la actual" time="197.819" classname="Test Cases/1 Reclasificar Turnos en la actual" status="PASSED">
         <system-out><![CDATA[2021-06-28 16:13:08 - [TEST_CASE][PASSED] - Test Cases/1 Reclasificar Turnos en la actual: Test Cases/1 Reclasificar Turnos en la actual

2021-06-28 16:13:10 - [TEST_STEP][PASSED] - callTestCase(findTestCase("Inicio Sesion sin variables"), [:], STOP_ON_FAILURE): Call Test Case 'Test Cases/Inicio Sesion sin variables' successfully

2021-06-28 16:13:11 - [TEST_CASE][PASSED] - Test Cases/Inicio Sesion sin variables: Test Cases/Inicio Sesion sin variables

2021-06-28 16:13:13 - [TEST_STEP][PASSED] - openBrowser("http://Localhost:8810"): Browser is opened with url: 'http://Localhost:8810'

2021-06-28 16:13:14 - [MESSAGE][INFO] - Starting 'Chrome' driver

2021-06-28 16:13:14 - [MESSAGE][INFO] - Action delay is set to 0 milliseconds

2021-06-28 16:13:30 - [MESSAGE][PASSED] - Browser is opened with url: 'http://Localhost:8810'

2021-06-28 16:13:30 - [TEST_STEP][PASSED] - maximizeWindow(): Current window maximized

2021-06-28 16:13:30 - [MESSAGE][PASSED] - Current window maximized

2021-06-28 16:13:30 - [TEST_STEP][PASSED] - setText(findTestObject("0Inicio Sesion/input__Usuario"), "ciel"): Text 'ciel' is set on object 'Object Repository/0Inicio Sesion/input__Usuario'

2021-06-28 16:13:32 - [MESSAGE][PASSED] - Text 'ciel' is set on object 'Object Repository/0Inicio Sesion/input__Usuario'

2021-06-28 16:13:32 - [TEST_STEP][PASSED] - setText(findTestObject("0Inicio Sesion/input__Clave"), "digiturno"): Text 'digiturno' is set on object 'Object Repository/0Inicio Sesion/input__Clave'

2021-06-28 16:13:34 - [MESSAGE][PASSED] - Text 'digiturno' is set on object 'Object Repository/0Inicio Sesion/input__Clave'

2021-06-28 16:13:34 - [TEST_STEP][PASSED] - click(findTestObject("0Inicio Sesion/btn_IniciarSesion")): Object: 'Object Repository/0Inicio Sesion/btn_IniciarSesion' is clicked on

2021-06-28 16:13:35 - [MESSAGE][PASSED] - Object: 'Object Repository/0Inicio Sesion/btn_IniciarSesion' is clicked on

2021-06-28 16:13:35 - [TEST_STEP][PASSED] - delay(3): Delayed 3 second(s)

2021-06-28 16:13:38 - [MESSAGE][PASSED] - Delayed 3 second(s)

2021-06-28 16:13:38 - [MESSAGE][PASSED] - Call Test Case 'Test Cases/Inicio Sesion sin variables' successfully

2021-06-28 16:13:38 - [TEST_STEP][PASSED] - click(findTestObject("1Inicio/img_Configuracion")): Object: 'Object Repository/1Inicio/img_Configuracion' is clicked on

2021-06-28 16:13:40 - [MESSAGE][PASSED] - Object: 'Object Repository/1Inicio/img_Configuracion' is clicked on

2021-06-28 16:13:40 - [TEST_STEP][PASSED] - delay(3): Delayed 3 second(s)

2021-06-28 16:13:43 - [MESSAGE][PASSED] - Delayed 3 second(s)

2021-06-28 16:13:43 - [TEST_STEP][PASSED] - click(findTestObject("Configuracion/1Principal/img_Distribucion Geografica")): Object: 'Object Repository/Configuracion/1Principal/img_Distribucion Geografica' is clicked on

2021-06-28 16:13:46 - [MESSAGE][PASSED] - Object: 'Object Repository/Configuracion/1Principal/img_Distribucion Geografica' is clicked on

2021-06-28 16:13:46 - [TEST_STEP][PASSED] - delay(3): Delayed 3 second(s)

2021-06-28 16:13:49 - [MESSAGE][PASSED] - Delayed 3 second(s)

2021-06-28 16:13:49 - [TEST_STEP][PASSED] - click(findTestObject("Configuracion/Distribucion Geografica/1Principal/img_Grupos")): Object: 'Object Repository/Configuracion/Distribucion Geografica/1Principal/img_Grupos' is clicked on

2021-06-28 16:13:51 - [MESSAGE][PASSED] - Object: 'Object Repository/Configuracion/Distribucion Geografica/1Principal/img_Grupos' is clicked on

2021-06-28 16:13:51 - [TEST_STEP][PASSED] - delay(3): Delayed 3 second(s)

2021-06-28 16:13:54 - [MESSAGE][PASSED] - Delayed 3 second(s)

2021-06-28 16:13:54 - [TEST_STEP][PASSED] - click(findTestObject("Configuracion/Distribucion Geografica/Grupos/0Oficinas Emergente/a_Seleccionar")): Object: 'Object Repository/Configuracion/Distribucion Geografica/Grupos/0Oficinas Emergente/a_Seleccionar' is clicked on

2021-06-28 16:13:55 - [MESSAGE][PASSED] - Object: 'Object Repository/Configuracion/Distribucion Geografica/Grupos/0Oficinas Emergente/a_Seleccionar' is clicked on

2021-06-28 16:13:55 - [TEST_STEP][PASSED] - delay(3): Delayed 3 second(s)

2021-06-28 16:13:58 - [MESSAGE][PASSED] - Delayed 3 second(s)

2021-06-28 16:13:58 - [TEST_STEP][PASSED] - click(findTestObject("Configuracion/Distribucion Geografica/Grupos/Lista de Grupos/0General/a_Seleccionar")): Object: 'Object Repository/Configuracion/Distribucion Geografica/Grupos/Lista de Grupos/0General/a_Seleccionar' is clicked on

2021-06-28 16:13:59 - [MESSAGE][PASSED] - Object: 'Object Repository/Configuracion/Distribucion Geografica/Grupos/Lista de Grupos/0General/a_Seleccionar' is clicked on

2021-06-28 16:13:59 - [TEST_STEP][PASSED] - delay(3): Delayed 3 second(s)

2021-06-28 16:14:02 - [MESSAGE][PASSED] - Delayed 3 second(s)

2021-06-28 16:14:02 - [TEST_STEP][PASSED] - selectOptionByLabel(findTestObject("Configuracion/Distribucion Geografica/Grupos/Edicion/select_ReclasificarTurnosEnActual"), "Sala", false): All options with label 'Sala' are selected in object 'Object Repository/Configuracion/Distribucion Geografica/Grupos/Edicion/select_ReclasificarTurnosEnActual' 

2021-06-28 16:14:03 - [MESSAGE][PASSED] - All options with label 'Sala' are selected in object 'Object Repository/Configuracion/Distribucion Geografica/Grupos/Edicion/select_ReclasificarTurnosEnActual' 

2021-06-28 16:14:03 - [TEST_STEP][PASSED] - delay(3): Delayed 3 second(s)

2021-06-28 16:14:06 - [MESSAGE][PASSED] - Delayed 3 second(s)

2021-06-28 16:14:06 - [TEST_STEP][PASSED] - click(findTestObject("Configuracion/Distribucion Geografica/Grupos/Botones/img_Actualizar")): Object: 'Object Repository/Configuracion/Distribucion Geografica/Grupos/Botones/img_Actualizar' is clicked on

2021-06-28 16:14:07 - [MESSAGE][PASSED] - Object: 'Object Repository/Configuracion/Distribucion Geografica/Grupos/Botones/img_Actualizar' is clicked on

2021-06-28 16:14:07 - [TEST_STEP][PASSED] - delay(3): Delayed 3 second(s)

2021-06-28 16:14:10 - [MESSAGE][PASSED] - Delayed 3 second(s)

2021-06-28 16:14:10 - [TEST_STEP][PASSED] - click(findTestObject("1Inicio/a_Inicio")): Object: 'Object Repository/1Inicio/a_Inicio' is clicked on

2021-06-28 16:14:11 - [MESSAGE][PASSED] - Object: 'Object Repository/1Inicio/a_Inicio' is clicked on

2021-06-28 16:14:11 - [TEST_STEP][PASSED] - delay(3): Delayed 3 second(s)

2021-06-28 16:14:14 - [MESSAGE][PASSED] - Delayed 3 second(s)

2021-06-28 16:14:14 - [TEST_STEP][PASSED] - click(findTestObject("1Inicio/img_Operacion")): Object: 'Object Repository/1Inicio/img_Operacion' is clicked on

2021-06-28 16:14:15 - [MESSAGE][PASSED] - Object: 'Object Repository/1Inicio/img_Operacion' is clicked on

2021-06-28 16:14:15 - [TEST_STEP][PASSED] - delay(3): Delayed 3 second(s)

2021-06-28 16:14:18 - [MESSAGE][PASSED] - Delayed 3 second(s)

2021-06-28 16:14:18 - [TEST_STEP][PASSED] - click(findTestObject("2 Operacion/Elementos Del Sistema")): Object: 'Object Repository/2 Operacion/Elementos Del Sistema' is clicked on

2021-06-28 16:14:19 - [MESSAGE][PASSED] - Object: 'Object Repository/2 Operacion/Elementos Del Sistema' is clicked on

2021-06-28 16:14:19 - [TEST_STEP][PASSED] - delay(3): Delayed 3 second(s)

2021-06-28 16:14:22 - [MESSAGE][PASSED] - Delayed 3 second(s)

2021-06-28 16:14:22 - [TEST_STEP][PASSED] - click(findTestObject("2 Operacion/Elementos del Sistema/img_Terminales")): Object: 'Object Repository/2 Operacion/Elementos del Sistema/img_Terminales' is clicked on

2021-06-28 16:14:24 - [MESSAGE][PASSED] - Object: 'Object Repository/2 Operacion/Elementos del Sistema/img_Terminales' is clicked on

2021-06-28 16:14:24 - [TEST_STEP][PASSED] - delay(3): Delayed 3 second(s)

2021-06-28 16:14:27 - [MESSAGE][PASSED] - Delayed 3 second(s)

2021-06-28 16:14:27 - [TEST_STEP][PASSED] - click(findTestObject("2 Operacion/Elementos del Sistema/Terminales/00Oficinas/a_Bogota - CIEL")): Object: 'Object Repository/2 Operacion/Elementos del Sistema/Terminales/00Oficinas/a_Bogota - CIEL' is clicked on

2021-06-28 16:14:27 - [MESSAGE][PASSED] - Object: 'Object Repository/2 Operacion/Elementos del Sistema/Terminales/00Oficinas/a_Bogota - CIEL' is clicked on

2021-06-28 16:14:27 - [TEST_STEP][PASSED] - delay(3): Delayed 3 second(s)

2021-06-28 16:14:31 - [MESSAGE][PASSED] - Delayed 3 second(s)

2021-06-28 16:14:31 - [TEST_STEP][PASSED] - click(findTestObject("2 Operacion/Elementos del Sistema/Terminales/1Terminales menos WorkFlow/a_Terminal Informacion A01")): Object: 'Object Repository/2 Operacion/Elementos del Sistema/Terminales/1Terminales menos WorkFlow/a_Terminal Informacion A01' is clicked on

2021-06-28 16:14:31 - [MESSAGE][PASSED] - Object: 'Object Repository/2 Operacion/Elementos del Sistema/Terminales/1Terminales menos WorkFlow/a_Terminal Informacion A01' is clicked on

2021-06-28 16:14:31 - [TEST_STEP][PASSED] - delay(3): Delayed 3 second(s)

2021-06-28 16:14:34 - [MESSAGE][PASSED] - Delayed 3 second(s)

2021-06-28 16:14:34 - [TEST_STEP][PASSED] - click(findTestObject("2 Operacion/Elementos del Sistema/Terminales/Terminal/Funciones Basicas/img_Llamar")): Object: 'Object Repository/2 Operacion/Elementos del Sistema/Terminales/Terminal/Funciones Basicas/img_Llamar' is clicked on

2021-06-28 16:14:37 - [MESSAGE][PASSED] - Object: 'Object Repository/2 Operacion/Elementos del Sistema/Terminales/Terminal/Funciones Basicas/img_Llamar' is clicked on

2021-06-28 16:14:37 - [TEST_STEP][PASSED] - delay(3): Delayed 3 second(s)

2021-06-28 16:14:40 - [MESSAGE][PASSED] - Delayed 3 second(s)

2021-06-28 16:14:40 - [TEST_STEP][PASSED] - click(findTestObject("2 Operacion/Elementos del Sistema/Terminales/Terminal/Funciones Basicas/img_Ocupado")): Object: 'Object Repository/2 Operacion/Elementos del Sistema/Terminales/Terminal/Funciones Basicas/img_Ocupado' is clicked on

2021-06-28 16:14:44 - [MESSAGE][PASSED] - Object: 'Object Repository/2 Operacion/Elementos del Sistema/Terminales/Terminal/Funciones Basicas/img_Ocupado' is clicked on

2021-06-28 16:14:44 - [TEST_STEP][PASSED] - delay(3): Delayed 3 second(s)

2021-06-28 16:14:47 - [MESSAGE][PASSED] - Delayed 3 second(s)

2021-06-28 16:14:47 - [TEST_STEP][PASSED] - click(findTestObject("2 Operacion/Elementos del Sistema/Terminales/Terminal/Funciones Basicas/imgOcupado/a_Actualizacion de Datos")): Object: 'Object Repository/2 Operacion/Elementos del Sistema/Terminales/Terminal/Funciones Basicas/imgOcupado/a_Actualizacion de Datos' is clicked on

2021-06-28 16:14:48 - [MESSAGE][PASSED] - Object: 'Object Repository/2 Operacion/Elementos del Sistema/Terminales/Terminal/Funciones Basicas/imgOcupado/a_Actualizacion de Datos' is clicked on

2021-06-28 16:14:48 - [TEST_STEP][PASSED] - delay(3): Delayed 3 second(s)

2021-06-28 16:14:51 - [MESSAGE][PASSED] - Delayed 3 second(s)

2021-06-28 16:14:51 - [TEST_STEP][PASSED] - click(findTestObject("2 Operacion/Elementos del Sistema/Terminales/Terminal/Funciones Adicionales/img_Reclasificar")): Object: 'Object Repository/2 Operacion/Elementos del Sistema/Terminales/Terminal/Funciones Adicionales/img_Reclasificar' is clicked on

2021-06-28 16:14:52 - [MESSAGE][PASSED] - Object: 'Object Repository/2 Operacion/Elementos del Sistema/Terminales/Terminal/Funciones Adicionales/img_Reclasificar' is clicked on

2021-06-28 16:14:52 - [TEST_STEP][PASSED] - delay(3): Delayed 3 second(s)

2021-06-28 16:14:55 - [MESSAGE][PASSED] - Delayed 3 second(s)

2021-06-28 16:14:55 - [TEST_STEP][PASSED] - takeFullPageScreenshot(): Taking screenshot successfully

2021-06-28 16:14:56 - [MESSAGE][INFO] - 0 hidden object(s)

2021-06-28 16:14:56 - [MESSAGE][PASSED] - Taking screenshot successfully
[[ATTACHMENT|E:\\CIEL INGENIERIA\\KATALON\\Validaciones\\Reports\\20210628_161248\\1 Reclasificar Turnos en la actual\\20210628_161248\\1624914895197.png]]

2021-06-28 16:14:56 - [TEST_STEP][PASSED] - delay(3): Delayed 3 second(s)

2021-06-28 16:14:59 - [MESSAGE][PASSED] - Delayed 3 second(s)

2021-06-28 16:14:59 - [TEST_STEP][PASSED] - sendKeys(findTestObject(null), Keys.chord(ESCAPE)): Keys 'ESCAPE + ' sent to object: 'tempBody'

2021-06-28 16:14:59 - [MESSAGE][WARNING] - Test object id is null

2021-06-28 16:14:59 - [MESSAGE][WARNING] - Test object with id 'Object Repository/' does not exist

2021-06-28 16:15:00 - [MESSAGE][PASSED] - Keys 'ESCAPE + ' sent to object: 'tempBody'

2021-06-28 16:15:00 - [TEST_STEP][PASSED] - delay(3): Delayed 3 second(s)

2021-06-28 16:15:03 - [MESSAGE][PASSED] - Delayed 3 second(s)

2021-06-28 16:15:03 - [TEST_STEP][PASSED] - click(findTestObject("2 Operacion/Elementos del Sistema/Terminales/Terminal/Funciones Basicas/img_Cerrar")): Object: 'Object Repository/2 Operacion/Elementos del Sistema/Terminales/Terminal/Funciones Basicas/img_Cerrar' is clicked on

2021-06-28 16:15:04 - [MESSAGE][PASSED] - Object: 'Object Repository/2 Operacion/Elementos del Sistema/Terminales/Terminal/Funciones Basicas/img_Cerrar' is clicked on

2021-06-28 16:15:04 - [TEST_STEP][PASSED] - delay(3): Delayed 3 second(s)

2021-06-28 16:15:07 - [MESSAGE][PASSED] - Delayed 3 second(s)

2021-06-28 16:15:07 - [TEST_STEP][PASSED] - click(findTestObject("2 Operacion/Elementos del Sistema/Terminales/Terminal/Funciones Basicas/imgCerrar/btn_FindeJornada")): Object: 'Object Repository/2 Operacion/Elementos del Sistema/Terminales/Terminal/Funciones Basicas/imgCerrar/btn_FindeJornada' is clicked on

2021-06-28 16:15:08 - [MESSAGE][PASSED] - Object: 'Object Repository/2 Operacion/Elementos del Sistema/Terminales/Terminal/Funciones Basicas/imgCerrar/btn_FindeJornada' is clicked on

2021-06-28 16:15:08 - [TEST_STEP][PASSED] - navigateToUrl("http://localhost:8810/Paginas/Configuracion/DistribucionGeografica/Grupos.aspx"): Navigate to 'http://localhost:8810/Paginas/Configuracion/DistribucionGeografica/Grupos.aspx' successfully

2021-06-28 16:15:08 - [MESSAGE][PASSED] - Navigate to 'http://localhost:8810/Paginas/Configuracion/DistribucionGeografica/Grupos.aspx' successfully

2021-06-28 16:15:08 - [TEST_STEP][PASSED] - acceptAlert(): Alert accepted

2021-06-28 16:15:09 - [MESSAGE][PASSED] - Alert accepted

2021-06-28 16:15:09 - [TEST_STEP][PASSED] - click(findTestObject("Configuracion/Distribucion Geografica/Grupos/0Oficinas Emergente/a_Seleccionar")): Object: 'Object Repository/Configuracion/Distribucion Geografica/Grupos/0Oficinas Emergente/a_Seleccionar' is clicked on

2021-06-28 16:15:13 - [MESSAGE][PASSED] - Object: 'Object Repository/Configuracion/Distribucion Geografica/Grupos/0Oficinas Emergente/a_Seleccionar' is clicked on

2021-06-28 16:15:13 - [TEST_STEP][PASSED] - delay(3): Delayed 3 second(s)

2021-06-28 16:15:16 - [MESSAGE][PASSED] - Delayed 3 second(s)

2021-06-28 16:15:16 - [TEST_STEP][PASSED] - click(findTestObject("Configuracion/Distribucion Geografica/Grupos/Lista de Grupos/0General/a_Seleccionar")): Object: 'Object Repository/Configuracion/Distribucion Geografica/Grupos/Lista de Grupos/0General/a_Seleccionar' is clicked on

2021-06-28 16:15:17 - [MESSAGE][PASSED] - Object: 'Object Repository/Configuracion/Distribucion Geografica/Grupos/Lista de Grupos/0General/a_Seleccionar' is clicked on

2021-06-28 16:15:17 - [TEST_STEP][PASSED] - delay(3): Delayed 3 second(s)

2021-06-28 16:15:20 - [MESSAGE][PASSED] - Delayed 3 second(s)

2021-06-28 16:15:20 - [TEST_STEP][PASSED] - selectOptionByLabel(findTestObject("Configuracion/Distribucion Geografica/Grupos/Edicion/select_ReclasificarTurnosEnActual"), "Grupo", false): All options with label 'Grupo' are selected in object 'Object Repository/Configuracion/Distribucion Geografica/Grupos/Edicion/select_ReclasificarTurnosEnActual' 

2021-06-28 16:15:21 - [MESSAGE][PASSED] - All options with label 'Grupo' are selected in object 'Object Repository/Configuracion/Distribucion Geografica/Grupos/Edicion/select_ReclasificarTurnosEnActual' 

2021-06-28 16:15:21 - [TEST_STEP][PASSED] - delay(3): Delayed 3 second(s)

2021-06-28 16:15:24 - [MESSAGE][PASSED] - Delayed 3 second(s)

2021-06-28 16:15:24 - [TEST_STEP][PASSED] - click(findTestObject("Configuracion/Distribucion Geografica/Grupos/Botones/img_Actualizar")): Object: 'Object Repository/Configuracion/Distribucion Geografica/Grupos/Botones/img_Actualizar' is clicked on

2021-06-28 16:15:25 - [MESSAGE][PASSED] - Object: 'Object Repository/Configuracion/Distribucion Geografica/Grupos/Botones/img_Actualizar' is clicked on

2021-06-28 16:15:25 - [TEST_STEP][PASSED] - delay(3): Delayed 3 second(s)

2021-06-28 16:15:28 - [MESSAGE][PASSED] - Delayed 3 second(s)

2021-06-28 16:15:28 - [TEST_STEP][PASSED] - click(findTestObject("1Inicio/a_Inicio")): Object: 'Object Repository/1Inicio/a_Inicio' is clicked on

2021-06-28 16:15:29 - [MESSAGE][PASSED] - Object: 'Object Repository/1Inicio/a_Inicio' is clicked on

2021-06-28 16:15:29 - [TEST_STEP][PASSED] - delay(3): Delayed 3 second(s)

2021-06-28 16:15:32 - [MESSAGE][PASSED] - Delayed 3 second(s)

2021-06-28 16:15:32 - [TEST_STEP][PASSED] - click(findTestObject("1Inicio/img_Operacion")): Object: 'Object Repository/1Inicio/img_Operacion' is clicked on

2021-06-28 16:15:34 - [MESSAGE][PASSED] - Object: 'Object Repository/1Inicio/img_Operacion' is clicked on

2021-06-28 16:15:34 - [TEST_STEP][PASSED] - delay(3): Delayed 3 second(s)

2021-06-28 16:15:37 - [MESSAGE][PASSED] - Delayed 3 second(s)

2021-06-28 16:15:37 - [TEST_STEP][PASSED] - click(findTestObject("2 Operacion/Elementos Del Sistema")): Object: 'Object Repository/2 Operacion/Elementos Del Sistema' is clicked on

2021-06-28 16:15:38 - [MESSAGE][PASSED] - Object: 'Object Repository/2 Operacion/Elementos Del Sistema' is clicked on

2021-06-28 16:15:38 - [TEST_STEP][PASSED] - delay(3): Delayed 3 second(s)

2021-06-28 16:15:41 - [MESSAGE][PASSED] - Delayed 3 second(s)

2021-06-28 16:15:41 - [TEST_STEP][PASSED] - click(findTestObject("2 Operacion/Elementos del Sistema/img_Terminales")): Object: 'Object Repository/2 Operacion/Elementos del Sistema/img_Terminales' is clicked on

2021-06-28 16:15:43 - [MESSAGE][PASSED] - Object: 'Object Repository/2 Operacion/Elementos del Sistema/img_Terminales' is clicked on

2021-06-28 16:15:43 - [TEST_STEP][PASSED] - delay(3): Delayed 3 second(s)

2021-06-28 16:15:46 - [MESSAGE][PASSED] - Delayed 3 second(s)

2021-06-28 16:15:46 - [TEST_STEP][PASSED] - click(findTestObject("2 Operacion/Elementos del Sistema/Terminales/00Oficinas/a_Bogota - CIEL")): Object: 'Object Repository/2 Operacion/Elementos del Sistema/Terminales/00Oficinas/a_Bogota - CIEL' is clicked on

2021-06-28 16:15:46 - [MESSAGE][PASSED] - Object: 'Object Repository/2 Operacion/Elementos del Sistema/Terminales/00Oficinas/a_Bogota - CIEL' is clicked on

2021-06-28 16:15:46 - [TEST_STEP][PASSED] - delay(3): Delayed 3 second(s)

2021-06-28 16:15:49 - [MESSAGE][PASSED] - Delayed 3 second(s)

2021-06-28 16:15:49 - [TEST_STEP][PASSED] - click(findTestObject("2 Operacion/Elementos del Sistema/Terminales/1Terminales menos WorkFlow/a_Terminal Informacion A01")): Object: 'Object Repository/2 Operacion/Elementos del Sistema/Terminales/1Terminales menos WorkFlow/a_Terminal Informacion A01' is clicked on

2021-06-28 16:15:50 - [MESSAGE][PASSED] - Object: 'Object Repository/2 Operacion/Elementos del Sistema/Terminales/1Terminales menos WorkFlow/a_Terminal Informacion A01' is clicked on

2021-06-28 16:15:50 - [TEST_STEP][PASSED] - delay(3): Delayed 3 second(s)

2021-06-28 16:15:53 - [MESSAGE][PASSED] - Delayed 3 second(s)

2021-06-28 16:15:53 - [TEST_STEP][PASSED] - click(findTestObject("2 Operacion/Elementos del Sistema/Terminales/Terminal/Funciones Basicas/img_Llamar")): Object: 'Object Repository/2 Operacion/Elementos del Sistema/Terminales/Terminal/Funciones Basicas/img_Llamar' is clicked on

2021-06-28 16:15:55 - [MESSAGE][PASSED] - Object: 'Object Repository/2 Operacion/Elementos del Sistema/Terminales/Terminal/Funciones Basicas/img_Llamar' is clicked on

2021-06-28 16:15:55 - [TEST_STEP][PASSED] - delay(3): Delayed 3 second(s)

2021-06-28 16:15:58 - [MESSAGE][PASSED] - Delayed 3 second(s)

2021-06-28 16:15:58 - [TEST_STEP][PASSED] - click(findTestObject("2 Operacion/Elementos del Sistema/Terminales/Terminal/Funciones Basicas/img_Ocupado")): Object: 'Object Repository/2 Operacion/Elementos del Sistema/Terminales/Terminal/Funciones Basicas/img_Ocupado' is clicked on

2021-06-28 16:15:59 - [MESSAGE][PASSED] - Object: 'Object Repository/2 Operacion/Elementos del Sistema/Terminales/Terminal/Funciones Basicas/img_Ocupado' is clicked on

2021-06-28 16:15:59 - [TEST_STEP][PASSED] - delay(3): Delayed 3 second(s)

2021-06-28 16:16:02 - [MESSAGE][PASSED] - Delayed 3 second(s)

2021-06-28 16:16:02 - [TEST_STEP][PASSED] - click(findTestObject("2 Operacion/Elementos del Sistema/Terminales/Terminal/Funciones Basicas/imgOcupado/a_Actualizacion de Datos")): Object: 'Object Repository/2 Operacion/Elementos del Sistema/Terminales/Terminal/Funciones Basicas/imgOcupado/a_Actualizacion de Datos' is clicked on

2021-06-28 16:16:03 - [MESSAGE][PASSED] - Object: 'Object Repository/2 Operacion/Elementos del Sistema/Terminales/Terminal/Funciones Basicas/imgOcupado/a_Actualizacion de Datos' is clicked on

2021-06-28 16:16:03 - [TEST_STEP][PASSED] - delay(3): Delayed 3 second(s)

2021-06-28 16:16:06 - [MESSAGE][PASSED] - Delayed 3 second(s)

2021-06-28 16:16:06 - [TEST_STEP][PASSED] - click(findTestObject("2 Operacion/Elementos del Sistema/Terminales/Terminal/Funciones Adicionales/img_Reclasificar")): Object: 'Object Repository/2 Operacion/Elementos del Sistema/Terminales/Terminal/Funciones Adicionales/img_Reclasificar' is clicked on

2021-06-28 16:16:07 - [MESSAGE][PASSED] - Object: 'Object Repository/2 Operacion/Elementos del Sistema/Terminales/Terminal/Funciones Adicionales/img_Reclasificar' is clicked on

2021-06-28 16:16:07 - [TEST_STEP][PASSED] - delay(3): Delayed 3 second(s)

2021-06-28 16:16:10 - [MESSAGE][PASSED] - Delayed 3 second(s)

2021-06-28 16:16:10 - [TEST_STEP][PASSED] - takeFullPageScreenshot(): Taking screenshot successfully

2021-06-28 16:16:11 - [MESSAGE][INFO] - 0 hidden object(s)

2021-06-28 16:16:11 - [MESSAGE][PASSED] - Taking screenshot successfully
[[ATTACHMENT|E:\\CIEL INGENIERIA\\KATALON\\Validaciones\\Reports\\20210628_161248\\1 Reclasificar Turnos en la actual\\20210628_161248\\1624914970690.png]]

2021-06-28 16:16:11 - [TEST_STEP][PASSED] - delay(3): Delayed 3 second(s)

2021-06-28 16:16:14 - [MESSAGE][PASSED] - Delayed 3 second(s)

2021-06-28 16:16:14 - [TEST_STEP][PASSED] - sendKeys(findTestObject(null), Keys.chord(ESCAPE)): Keys 'ESCAPE + ' sent to object: 'tempBody'

2021-06-28 16:16:14 - [MESSAGE][WARNING] - Test object id is null

2021-06-28 16:16:14 - [MESSAGE][WARNING] - Test object with id 'Object Repository/' does not exist

2021-06-28 16:16:14 - [MESSAGE][PASSED] - Keys 'ESCAPE + ' sent to object: 'tempBody'

2021-06-28 16:16:14 - [TEST_STEP][PASSED] - delay(3): Delayed 3 second(s)

2021-06-28 16:16:17 - [MESSAGE][PASSED] - Delayed 3 second(s)

2021-06-28 16:16:17 - [TEST_STEP][PASSED] - click(findTestObject("2 Operacion/Elementos del Sistema/Terminales/Terminal/Funciones Basicas/img_Cerrar")): Object: 'Object Repository/2 Operacion/Elementos del Sistema/Terminales/Terminal/Funciones Basicas/img_Cerrar' is clicked on

2021-06-28 16:16:18 - [MESSAGE][PASSED] - Object: 'Object Repository/2 Operacion/Elementos del Sistema/Terminales/Terminal/Funciones Basicas/img_Cerrar' is clicked on

2021-06-28 16:16:18 - [TEST_STEP][PASSED] - delay(3): Delayed 3 second(s)

2021-06-28 16:16:21 - [MESSAGE][PASSED] - Delayed 3 second(s)

2021-06-28 16:16:21 - [TEST_STEP][PASSED] - click(findTestObject("2 Operacion/Elementos del Sistema/Terminales/Terminal/Funciones Basicas/imgCerrar/btn_FindeJornada")): Object: 'Object Repository/2 Operacion/Elementos del Sistema/Terminales/Terminal/Funciones Basicas/imgCerrar/btn_FindeJornada' is clicked on

2021-06-28 16:16:23 - [MESSAGE][PASSED] - Object: 'Object Repository/2 Operacion/Elementos del Sistema/Terminales/Terminal/Funciones Basicas/imgCerrar/btn_FindeJornada' is clicked on

2021-06-28 16:16:23 - [TEST_STEP][PASSED] - delay(3): Delayed 3 second(s)

2021-06-28 16:16:26 - [MESSAGE][PASSED] - Delayed 3 second(s)]]></system-out>
         <system-err><![CDATA[]]></system-err>
      </testcase>
      <system-out><![CDATA[2021-06-28 16:13:07 - [TEST_SUITE][PASSED] - 1 Reclasificar Turnos en la actual: Test Cases/1 Reclasificar Turnos en la actual]]></system-out>
      <system-err><![CDATA[]]></system-err>
   </testsuite>
</testsuites>
