<?xml version="1.0" encoding="UTF-8"?>
<testsuites name="0 Atributos MPC" time="320.233" tests="1" failures="0" errors="0">
   <testsuite name="0 Atributos MPC" tests="1" failures="0" errors="0" time="320.233" skipped="0" timestamp="2021-08-03 13:10:44" hostname="BILIKI - DESKTOP-HH1RJM2" id="Test Suites/0 Atributos MPC">
      <properties>
         <property name="deviceName" value=""/>
         <property name="devicePlatform" value=""/>
         <property name="logFolder" value="E:\\CIEL INGENIERIA\\KATALON\\Validaciones\\Reports\\20210803_131018\\0 Atributos MPC\\20210803_131018"/>
         <property name="logFiles" value="E:\\CIEL INGENIERIA\\KATALON\\Validaciones\\Reports\\20210803_131018\\0 Atributos MPC\\20210803_131018\\execution0.log"/>
         <property name="attachments" value="E:\\CIEL INGENIERIA\\KATALON\\Validaciones\\Reports\\20210803_131018\\0 Atributos MPC\\20210803_131018\\1628014304519.png, E:\\CIEL INGENIERIA\\KATALON\\Validaciones\\Reports\\20210803_131018\\0 Atributos MPC\\20210803_131018\\1628014335055.png, E:\\CIEL INGENIERIA\\KATALON\\Validaciones\\Reports\\20210803_131018\\0 Atributos MPC\\20210803_131018\\1628014477584.png, E:\\CIEL INGENIERIA\\KATALON\\Validaciones\\Reports\\20210803_131018\\0 Atributos MPC\\20210803_131018\\1628014513077.png"/>
         <property name="hostName" value="BILIKI - DESKTOP-HH1RJM2"/>
         <property name="os" value="Windows 10 64bit"/>
         <property name="katalonVersion" value="8.0.5.208"/>
         <property name="browser" value="Chrome 92.0.4515.107"/>
         <property name="hostAddress" value="169.254.120.121"/>
         <property name="sessionId" value="5873166a359031a8fd865b0e6d17037c"/>
         <property name="seleniumVersion" value="3.141.59"/>
         <property name="proxyInformation" value="ProxyInformation { proxyOption=NO_PROXY, proxyServerType=HTTP, username=, password=********, proxyServerAddress=, proxyServerPort=0, executionList=&quot;&quot;, isApplyToDesiredCapabilities=true }"/>
         <property name="platform" value="Windows 10"/>
      </properties>
      <testcase name="Test Cases/0 Atributos MPC" time="285.467" classname="Test Cases/0 Atributos MPC" status="PASSED">
         <system-out><![CDATA[2021-08-03 13:10:45 - [TEST_CASE][PASSED] - Test Cases/0 Atributos MPC: Test Cases/0 Atributos MPC

2021-08-03 13:10:47 - [TEST_STEP][PASSED] - callTestCase(findTestCase("Inicio Sesion sin variables"), [:], STOP_ON_FAILURE): Call Test Case 'Test Cases/Inicio Sesion sin variables' successfully

2021-08-03 13:10:48 - [TEST_CASE][PASSED] - Test Cases/Inicio Sesion sin variables: Test Cases/Inicio Sesion sin variables

2021-08-03 13:10:50 - [TEST_STEP][PASSED] - openBrowser("http://Localhost:8810"): Browser is opened with url: 'http://Localhost:8810'

2021-08-03 13:10:50 - [MESSAGE][INFO] - Starting 'Chrome' driver

2021-08-03 13:10:51 - [MESSAGE][INFO] - Action delay is set to 0 milliseconds

2021-08-03 13:11:11 - [MESSAGE][PASSED] - Browser is opened with url: 'http://Localhost:8810'

2021-08-03 13:11:11 - [TEST_STEP][PASSED] - maximizeWindow(): Current window maximized

2021-08-03 13:11:12 - [MESSAGE][PASSED] - Current window maximized

2021-08-03 13:11:12 - [TEST_STEP][PASSED] - setText(findTestObject("0Inicio Sesion/input__Usuario"), "ciel"): Text 'ciel' is set on object 'Object Repository/0Inicio Sesion/input__Usuario'

2021-08-03 13:11:14 - [MESSAGE][PASSED] - Text 'ciel' is set on object 'Object Repository/0Inicio Sesion/input__Usuario'

2021-08-03 13:11:14 - [TEST_STEP][PASSED] - setText(findTestObject("0Inicio Sesion/input__Clave"), "digiturno"): Text 'digiturno' is set on object 'Object Repository/0Inicio Sesion/input__Clave'

2021-08-03 13:11:15 - [MESSAGE][PASSED] - Text 'digiturno' is set on object 'Object Repository/0Inicio Sesion/input__Clave'

2021-08-03 13:11:15 - [TEST_STEP][PASSED] - click(findTestObject("0Inicio Sesion/btn_IniciarSesion")): Object: 'Object Repository/0Inicio Sesion/btn_IniciarSesion' is clicked on

2021-08-03 13:11:16 - [MESSAGE][PASSED] - Object: 'Object Repository/0Inicio Sesion/btn_IniciarSesion' is clicked on

2021-08-03 13:11:16 - [TEST_STEP][PASSED] - delay(3): Delayed 3 second(s)

2021-08-03 13:11:20 - [MESSAGE][PASSED] - Delayed 3 second(s)

2021-08-03 13:11:20 - [MESSAGE][PASSED] - Call Test Case 'Test Cases/Inicio Sesion sin variables' successfully

2021-08-03 13:11:20 - [TEST_STEP][PASSED] - click(findTestObject("1Inicio/img_Configuracion")): Object: 'Object Repository/1Inicio/img_Configuracion' is clicked on

2021-08-03 13:11:23 - [MESSAGE][PASSED] - Object: 'Object Repository/1Inicio/img_Configuracion' is clicked on

2021-08-03 13:11:23 - [TEST_STEP][PASSED] - delay(3): Delayed 3 second(s)

2021-08-03 13:11:26 - [MESSAGE][PASSED] - Delayed 3 second(s)

2021-08-03 13:11:26 - [TEST_STEP][PASSED] - click(findTestObject("Configuracion/1Principal/img_Seguridad")): Object: 'Object Repository/Configuracion/1Principal/img_Seguridad' is clicked on

2021-08-03 13:11:27 - [MESSAGE][PASSED] - Object: 'Object Repository/Configuracion/1Principal/img_Seguridad' is clicked on

2021-08-03 13:11:27 - [TEST_STEP][PASSED] - delay(3): Delayed 3 second(s)

2021-08-03 13:11:30 - [MESSAGE][PASSED] - Delayed 3 second(s)

2021-08-03 13:11:30 - [TEST_STEP][PASSED] - click(findTestObject("Configuracion/Seguridad/img_Usuarios")): Object: 'Object Repository/Configuracion/Seguridad/img_Usuarios' is clicked on

2021-08-03 13:11:32 - [MESSAGE][PASSED] - Object: 'Object Repository/Configuracion/Seguridad/img_Usuarios' is clicked on

2021-08-03 13:11:32 - [TEST_STEP][PASSED] - delay(3): Delayed 3 second(s)

2021-08-03 13:11:35 - [MESSAGE][PASSED] - Delayed 3 second(s)

2021-08-03 13:11:35 - [TEST_STEP][PASSED] - click(findTestObject("Configuracion/Seguridad/Usuarios/1Principal/img_Atributos")): Object: 'Object Repository/Configuracion/Seguridad/Usuarios/1Principal/img_Atributos' is clicked on

2021-08-03 13:11:36 - [MESSAGE][PASSED] - Object: 'Object Repository/Configuracion/Seguridad/Usuarios/1Principal/img_Atributos' is clicked on

2021-08-03 13:11:36 - [TEST_STEP][PASSED] - delay(3): Delayed 3 second(s)

2021-08-03 13:11:39 - [MESSAGE][PASSED] - Delayed 3 second(s)

2021-08-03 13:11:39 - [TEST_STEP][PASSED] - click(findTestObject("Configuracion/Seguridad/Usuarios/Atributos/2Lista de Niveles/a_Seleccionar1")): Object: 'Object Repository/Configuracion/Seguridad/Usuarios/Atributos/2Lista de Niveles/a_Seleccionar1' is clicked on

2021-08-03 13:11:41 - [MESSAGE][PASSED] - Object: 'Object Repository/Configuracion/Seguridad/Usuarios/Atributos/2Lista de Niveles/a_Seleccionar1' is clicked on

2021-08-03 13:11:41 - [TEST_STEP][PASSED] - delay(3): Delayed 3 second(s)

2021-08-03 13:11:44 - [MESSAGE][PASSED] - Delayed 3 second(s)

2021-08-03 13:11:44 - [TEST_STEP][PASSED] - takeFullPageScreenshot(STOP_ON_FAILURE): Taking screenshot successfully

2021-08-03 13:11:46 - [MESSAGE][INFO] - 0 hidden object(s)

2021-08-03 13:11:47 - [MESSAGE][PASSED] - Taking screenshot successfully
[[ATTACHMENT|E:\\CIEL INGENIERIA\\KATALON\\Validaciones\\Reports\\20210803_131018\\0 Atributos MPC\\20210803_131018\\1628014304519.png]]

2021-08-03 13:11:47 - [TEST_STEP][PASSED] - delay(3): Delayed 3 second(s)

2021-08-03 13:11:50 - [MESSAGE][PASSED] - Delayed 3 second(s)

2021-08-03 13:11:50 - [TEST_STEP][PASSED] - back(): Navigate back successfully

2021-08-03 13:11:52 - [MESSAGE][PASSED] - Navigate back successfully

2021-08-03 13:11:52 - [TEST_STEP][PASSED] - delay(3): Delayed 3 second(s)

2021-08-03 13:11:55 - [MESSAGE][PASSED] - Delayed 3 second(s)

2021-08-03 13:11:55 - [TEST_STEP][PASSED] - click(findTestObject("Configuracion/Seguridad/Usuarios/1Principal/img_Consultar Usuarios")): Object: 'Object Repository/Configuracion/Seguridad/Usuarios/1Principal/img_Consultar Usuarios' is clicked on

2021-08-03 13:11:58 - [MESSAGE][PASSED] - Object: 'Object Repository/Configuracion/Seguridad/Usuarios/1Principal/img_Consultar Usuarios' is clicked on

2021-08-03 13:11:58 - [TEST_STEP][PASSED] - delay(3): Delayed 3 second(s)

2021-08-03 13:12:01 - [MESSAGE][PASSED] - Delayed 3 second(s)

2021-08-03 13:12:01 - [TEST_STEP][PASSED] - setText(findTestObject("Configuracion/Seguridad/Usuarios/Consultar Usuarios/1Filtro por Nombre de usuario/input__TextoABuscar"), "Jaime"): Text 'Jaime' is set on object 'Object Repository/Configuracion/Seguridad/Usuarios/Consultar Usuarios/1Filtro por Nombre de usuario/input__TextoABuscar'

2021-08-03 13:12:02 - [MESSAGE][PASSED] - Text 'Jaime' is set on object 'Object Repository/Configuracion/Seguridad/Usuarios/Consultar Usuarios/1Filtro por Nombre de usuario/input__TextoABuscar'

2021-08-03 13:12:02 - [TEST_STEP][PASSED] - click(findTestObject("Configuracion/Seguridad/Usuarios/Consultar Usuarios/1Filtro por Nombre de usuario/img_Filtrar")): Object: 'Object Repository/Configuracion/Seguridad/Usuarios/Consultar Usuarios/1Filtro por Nombre de usuario/img_Filtrar' is clicked on

2021-08-03 13:12:05 - [MESSAGE][PASSED] - Object: 'Object Repository/Configuracion/Seguridad/Usuarios/Consultar Usuarios/1Filtro por Nombre de usuario/img_Filtrar' is clicked on

2021-08-03 13:12:05 - [TEST_STEP][PASSED] - delay(3): Delayed 3 second(s)

2021-08-03 13:12:08 - [MESSAGE][PASSED] - Delayed 3 second(s)

2021-08-03 13:12:08 - [TEST_STEP][PASSED] - click(findTestObject("Configuracion/Seguridad/Usuarios/Consultar Usuarios/1Filtro por Nombre de usuario/span_admin")): Object: 'Object Repository/Configuracion/Seguridad/Usuarios/Consultar Usuarios/1Filtro por Nombre de usuario/span_admin' is clicked on

2021-08-03 13:12:12 - [MESSAGE][PASSED] - Object: 'Object Repository/Configuracion/Seguridad/Usuarios/Consultar Usuarios/1Filtro por Nombre de usuario/span_admin' is clicked on

2021-08-03 13:12:12 - [TEST_STEP][PASSED] - delay(3): Delayed 3 second(s)

2021-08-03 13:12:15 - [MESSAGE][PASSED] - Delayed 3 second(s)

2021-08-03 13:12:15 - [TEST_STEP][PASSED] - takeFullPageScreenshot(STOP_ON_FAILURE): Taking screenshot successfully

2021-08-03 13:12:16 - [MESSAGE][INFO] - 0 hidden object(s)

2021-08-03 13:12:16 - [MESSAGE][PASSED] - Taking screenshot successfully
[[ATTACHMENT|E:\\CIEL INGENIERIA\\KATALON\\Validaciones\\Reports\\20210803_131018\\0 Atributos MPC\\20210803_131018\\1628014335055.png]]

2021-08-03 13:12:16 - [TEST_STEP][PASSED] - delay(3): Delayed 3 second(s)

2021-08-03 13:12:19 - [MESSAGE][PASSED] - Delayed 3 second(s)

2021-08-03 13:12:19 - [TEST_STEP][PASSED] - click(findTestObject("1Inicio/a_Inicio")): Object: 'Object Repository/1Inicio/a_Inicio' is clicked on

2021-08-03 13:12:22 - [MESSAGE][PASSED] - Object: 'Object Repository/1Inicio/a_Inicio' is clicked on

2021-08-03 13:12:22 - [TEST_STEP][PASSED] - delay(3): Delayed 3 second(s)

2021-08-03 13:12:25 - [MESSAGE][PASSED] - Delayed 3 second(s)

2021-08-03 13:12:25 - [TEST_STEP][PASSED] - click(findTestObject("1Inicio/img_Operacion")): Object: 'Object Repository/1Inicio/img_Operacion' is clicked on

2021-08-03 13:12:28 - [MESSAGE][PASSED] - Object: 'Object Repository/1Inicio/img_Operacion' is clicked on

2021-08-03 13:12:28 - [TEST_STEP][PASSED] - delay(3): Delayed 3 second(s)

2021-08-03 13:12:31 - [MESSAGE][PASSED] - Delayed 3 second(s)

2021-08-03 13:12:31 - [TEST_STEP][PASSED] - click(findTestObject("2 Operacion/Elementos Del Sistema")): Object: 'Object Repository/2 Operacion/Elementos Del Sistema' is clicked on

2021-08-03 13:12:34 - [MESSAGE][PASSED] - Object: 'Object Repository/2 Operacion/Elementos Del Sistema' is clicked on

2021-08-03 13:12:34 - [TEST_STEP][PASSED] - delay(3): Delayed 3 second(s)

2021-08-03 13:12:37 - [MESSAGE][PASSED] - Delayed 3 second(s)

2021-08-03 13:12:37 - [TEST_STEP][PASSED] - click(findTestObject("2 Operacion/Elementos del Sistema/img_Selectores")): Object: 'Object Repository/2 Operacion/Elementos del Sistema/img_Selectores' is clicked on

2021-08-03 13:12:39 - [MESSAGE][PASSED] - Object: 'Object Repository/2 Operacion/Elementos del Sistema/img_Selectores' is clicked on

2021-08-03 13:12:39 - [TEST_STEP][PASSED] - delay(3): Delayed 3 second(s)

2021-08-03 13:12:43 - [MESSAGE][PASSED] - Delayed 3 second(s)

2021-08-03 13:12:43 - [TEST_STEP][PASSED] - click(findTestObject("2 Operacion/Elementos del Sistema/Selectores/00Oficinas/a_Bogota - CIEL")): Object: 'Object Repository/2 Operacion/Elementos del Sistema/Selectores/00Oficinas/a_Bogota - CIEL' is clicked on

2021-08-03 13:12:44 - [MESSAGE][PASSED] - Object: 'Object Repository/2 Operacion/Elementos del Sistema/Selectores/00Oficinas/a_Bogota - CIEL' is clicked on

2021-08-03 13:12:44 - [TEST_STEP][PASSED] - delay(3): Delayed 3 second(s)

2021-08-03 13:12:47 - [MESSAGE][PASSED] - Delayed 3 second(s)

2021-08-03 13:12:47 - [TEST_STEP][PASSED] - click(findTestObject("2 Operacion/Elementos del Sistema/Selectores/0 Lista de Selectores/a_Abrir Selector")): Object: 'Object Repository/2 Operacion/Elementos del Sistema/Selectores/0 Lista de Selectores/a_Abrir Selector' is clicked on

2021-08-03 13:12:49 - [MESSAGE][PASSED] - Object: 'Object Repository/2 Operacion/Elementos del Sistema/Selectores/0 Lista de Selectores/a_Abrir Selector' is clicked on

2021-08-03 13:12:49 - [TEST_STEP][PASSED] - delay(5): Delayed 5 second(s)

2021-08-03 13:12:54 - [MESSAGE][PASSED] - Delayed 5 second(s)

2021-08-03 13:12:54 - [TEST_STEP][PASSED] - switchToWindowIndex(1): Switched to window with index: '1'

2021-08-03 13:12:55 - [MESSAGE][PASSED] - Switched to window with index: '1'

2021-08-03 13:12:55 - [TEST_STEP][PASSED] - delay(2): Delayed 2 second(s)

2021-08-03 13:12:57 - [MESSAGE][PASSED] - Delayed 2 second(s)

2021-08-03 13:12:57 - [TEST_STEP][PASSED] - maximizeWindow(): Current window maximized

2021-08-03 13:12:59 - [MESSAGE][PASSED] - Current window maximized

2021-08-03 13:12:59 - [TEST_STEP][PASSED] - delay(2): Delayed 2 second(s)

2021-08-03 13:13:01 - [MESSAGE][PASSED] - Delayed 2 second(s)

2021-08-03 13:13:01 - [TEST_STEP][PASSED] - setText(findTestObject("2 Operacion/Elementos del Sistema/Selectores/2 Escoger por jerarquia/input_Escoger por Jerarqua2"), "info"): Text 'info' is set on object 'Object Repository/2 Operacion/Elementos del Sistema/Selectores/2 Escoger por jerarquia/input_Escoger por Jerarqua2'

2021-08-03 13:13:03 - [MESSAGE][PASSED] - Text 'info' is set on object 'Object Repository/2 Operacion/Elementos del Sistema/Selectores/2 Escoger por jerarquia/input_Escoger por Jerarqua2'

2021-08-03 13:13:03 - [TEST_STEP][PASSED] - delay(3): Delayed 3 second(s)

2021-08-03 13:13:06 - [MESSAGE][PASSED] - Delayed 3 second(s)

2021-08-03 13:13:06 - [TEST_STEP][PASSED] - click(findTestObject("2 Operacion/Elementos del Sistema/Selectores/2 Escoger por jerarquia/a_WIZ Informacion General")): Object: 'Object Repository/2 Operacion/Elementos del Sistema/Selectores/2 Escoger por jerarquia/a_WIZ Informacion General' is clicked on

2021-08-03 13:13:08 - [MESSAGE][PASSED] - Object: 'Object Repository/2 Operacion/Elementos del Sistema/Selectores/2 Escoger por jerarquia/a_WIZ Informacion General' is clicked on

2021-08-03 13:13:08 - [TEST_STEP][PASSED] - delay(3): Delayed 3 second(s)

2021-08-03 13:13:11 - [MESSAGE][PASSED] - Delayed 3 second(s)

2021-08-03 13:13:11 - [TEST_STEP][PASSED] - click(findTestObject("2 Operacion/Elementos del Sistema/Selectores/4 Generar Turno/select_Especialidades (click)")): Object: 'Object Repository/2 Operacion/Elementos del Sistema/Selectores/4 Generar Turno/select_Especialidades (click)' is clicked on

2021-08-03 13:13:12 - [MESSAGE][PASSED] - Object: 'Object Repository/2 Operacion/Elementos del Sistema/Selectores/4 Generar Turno/select_Especialidades (click)' is clicked on

2021-08-03 13:13:12 - [TEST_STEP][PASSED] - check(findTestObject("2 Operacion/Elementos del Sistema/Selectores/4 Generar Turno/chk_Especialidades_Cirujanos")): Object 'Object Repository/2 Operacion/Elementos del Sistema/Selectores/4 Generar Turno/chk_Especialidades_Cirujanos' is checked

2021-08-03 13:13:14 - [MESSAGE][PASSED] - Object 'Object Repository/2 Operacion/Elementos del Sistema/Selectores/4 Generar Turno/chk_Especialidades_Cirujanos' is checked

2021-08-03 13:13:14 - [TEST_STEP][PASSED] - delay(3): Delayed 3 second(s)

2021-08-03 13:13:17 - [MESSAGE][PASSED] - Delayed 3 second(s)

2021-08-03 13:13:17 - [TEST_STEP][PASSED] - click(findTestObject("2 Operacion/Elementos del Sistema/Selectores/4 Generar Turno/textarea_Observaciones")): Object: 'Object Repository/2 Operacion/Elementos del Sistema/Selectores/4 Generar Turno/textarea_Observaciones' is clicked on

2021-08-03 13:13:18 - [MESSAGE][PASSED] - Object: 'Object Repository/2 Operacion/Elementos del Sistema/Selectores/4 Generar Turno/textarea_Observaciones' is clicked on

2021-08-03 13:13:18 - [TEST_STEP][PASSED] - click(findTestObject("2 Operacion/Elementos del Sistema/Selectores/4 Generar Turno/select_Profesionales(click)")): Object: 'Object Repository/2 Operacion/Elementos del Sistema/Selectores/4 Generar Turno/select_Profesionales(click)' is clicked on

2021-08-03 13:13:20 - [MESSAGE][PASSED] - Object: 'Object Repository/2 Operacion/Elementos del Sistema/Selectores/4 Generar Turno/select_Profesionales(click)' is clicked on

2021-08-03 13:13:20 - [TEST_STEP][PASSED] - check(findTestObject("2 Operacion/Elementos del Sistema/Selectores/4 Generar Turno/chk_Profesionales_Cardiologo")): Object 'Object Repository/2 Operacion/Elementos del Sistema/Selectores/4 Generar Turno/chk_Profesionales_Cardiologo' is checked

2021-08-03 13:13:22 - [MESSAGE][PASSED] - Object 'Object Repository/2 Operacion/Elementos del Sistema/Selectores/4 Generar Turno/chk_Profesionales_Cardiologo' is checked

2021-08-03 13:13:22 - [TEST_STEP][PASSED] - delay(3): Delayed 3 second(s)

2021-08-03 13:13:25 - [MESSAGE][PASSED] - Delayed 3 second(s)

2021-08-03 13:13:25 - [TEST_STEP][PASSED] - click(findTestObject("2 Operacion/Elementos del Sistema/Selectores/4 Generar Turno/textarea_Observaciones")): Object: 'Object Repository/2 Operacion/Elementos del Sistema/Selectores/4 Generar Turno/textarea_Observaciones' is clicked on

2021-08-03 13:13:27 - [MESSAGE][PASSED] - Object: 'Object Repository/2 Operacion/Elementos del Sistema/Selectores/4 Generar Turno/textarea_Observaciones' is clicked on

2021-08-03 13:13:27 - [TEST_STEP][PASSED] - click(findTestObject("2 Operacion/Elementos del Sistema/Selectores/4 Generar Turno/img_Con Impresion")): Object: 'Object Repository/2 Operacion/Elementos del Sistema/Selectores/4 Generar Turno/img_Con Impresion' is clicked on

2021-08-03 13:13:29 - [MESSAGE][PASSED] - Object: 'Object Repository/2 Operacion/Elementos del Sistema/Selectores/4 Generar Turno/img_Con Impresion' is clicked on

2021-08-03 13:13:29 - [TEST_STEP][PASSED] - delay(3): Delayed 3 second(s)

2021-08-03 13:13:32 - [MESSAGE][PASSED] - Delayed 3 second(s)

2021-08-03 13:13:32 - [TEST_STEP][PASSED] - switchToWindowIndex(0): Switched to window with index: '0'

2021-08-03 13:13:32 - [MESSAGE][PASSED] - Switched to window with index: '0'

2021-08-03 13:13:32 - [TEST_STEP][PASSED] - delay(3): Delayed 3 second(s)

2021-08-03 13:13:35 - [MESSAGE][PASSED] - Delayed 3 second(s)

2021-08-03 13:13:35 - [TEST_STEP][PASSED] - click(findTestObject("1Inicio/a_Inicio")): Object: 'Object Repository/1Inicio/a_Inicio' is clicked on

2021-08-03 13:13:40 - [MESSAGE][PASSED] - Object: 'Object Repository/1Inicio/a_Inicio' is clicked on

2021-08-03 13:13:40 - [TEST_STEP][PASSED] - delay(3): Delayed 3 second(s)

2021-08-03 13:13:43 - [MESSAGE][PASSED] - Delayed 3 second(s)

2021-08-03 13:13:43 - [TEST_STEP][PASSED] - mouseOver(findTestObject("0Inicio Sesion/Menu Tres Rayas/img_TresRayas_MenuUsuario")): Object: 'Object Repository/0Inicio Sesion/Menu Tres Rayas/img_TresRayas_MenuUsuario' is hovered

2021-08-03 13:13:45 - [MESSAGE][PASSED] - Object: 'Object Repository/0Inicio Sesion/Menu Tres Rayas/img_TresRayas_MenuUsuario' is hovered

2021-08-03 13:13:45 - [TEST_STEP][PASSED] - click(findTestObject("0Inicio Sesion/Menu Tres Rayas/a_Cerrar sesion")): Object: 'Object Repository/0Inicio Sesion/Menu Tres Rayas/a_Cerrar sesion' is clicked on

2021-08-03 13:13:48 - [MESSAGE][PASSED] - Object: 'Object Repository/0Inicio Sesion/Menu Tres Rayas/a_Cerrar sesion' is clicked on

2021-08-03 13:13:48 - [TEST_STEP][PASSED] - delay(3): Delayed 3 second(s)

2021-08-03 13:13:51 - [MESSAGE][PASSED] - Delayed 3 second(s)

2021-08-03 13:13:51 - [TEST_STEP][PASSED] - setText(findTestObject("0Inicio Sesion/input__Usuario"), "jaime"): Text 'jaime' is set on object 'Object Repository/0Inicio Sesion/input__Usuario'

2021-08-03 13:13:53 - [MESSAGE][PASSED] - Text 'jaime' is set on object 'Object Repository/0Inicio Sesion/input__Usuario'

2021-08-03 13:13:53 - [TEST_STEP][PASSED] - setText(findTestObject("0Inicio Sesion/input__Clave"), "Digiturno5"): Text 'Digiturno5' is set on object 'Object Repository/0Inicio Sesion/input__Clave'

2021-08-03 13:13:55 - [MESSAGE][PASSED] - Text 'Digiturno5' is set on object 'Object Repository/0Inicio Sesion/input__Clave'

2021-08-03 13:13:55 - [TEST_STEP][PASSED] - click(findTestObject("0Inicio Sesion/btn_IniciarSesion")): Object: 'Object Repository/0Inicio Sesion/btn_IniciarSesion' is clicked on

2021-08-03 13:13:56 - [MESSAGE][PASSED] - Object: 'Object Repository/0Inicio Sesion/btn_IniciarSesion' is clicked on

2021-08-03 13:13:56 - [TEST_STEP][PASSED] - delay(3): Delayed 3 second(s)

2021-08-03 13:13:59 - [MESSAGE][PASSED] - Delayed 3 second(s)

2021-08-03 13:13:59 - [TEST_STEP][PASSED] - click(findTestObject("1Inicio/img_Operacion")): Object: 'Object Repository/1Inicio/img_Operacion' is clicked on

2021-08-03 13:14:02 - [MESSAGE][PASSED] - Object: 'Object Repository/1Inicio/img_Operacion' is clicked on

2021-08-03 13:14:02 - [TEST_STEP][PASSED] - delay(3): Delayed 3 second(s)

2021-08-03 13:14:05 - [MESSAGE][PASSED] - Delayed 3 second(s)

2021-08-03 13:14:05 - [TEST_STEP][PASSED] - click(findTestObject("2 Operacion/Elementos Del Sistema")): Object: 'Object Repository/2 Operacion/Elementos Del Sistema' is clicked on

2021-08-03 13:14:07 - [MESSAGE][PASSED] - Object: 'Object Repository/2 Operacion/Elementos Del Sistema' is clicked on

2021-08-03 13:14:07 - [TEST_STEP][PASSED] - delay(3): Delayed 3 second(s)

2021-08-03 13:14:10 - [MESSAGE][PASSED] - Delayed 3 second(s)

2021-08-03 13:14:10 - [TEST_STEP][PASSED] - click(findTestObject("2 Operacion/Elementos del Sistema/img_Terminales")): Object: 'Object Repository/2 Operacion/Elementos del Sistema/img_Terminales' is clicked on

2021-08-03 13:14:13 - [MESSAGE][PASSED] - Object: 'Object Repository/2 Operacion/Elementos del Sistema/img_Terminales' is clicked on

2021-08-03 13:14:13 - [TEST_STEP][PASSED] - delay(3): Delayed 3 second(s)

2021-08-03 13:14:16 - [MESSAGE][PASSED] - Delayed 3 second(s)

2021-08-03 13:14:16 - [TEST_STEP][PASSED] - click(findTestObject("2 Operacion/Elementos del Sistema/Selectores/00Oficinas/a_Bogota - CIEL")): Object: 'Object Repository/2 Operacion/Elementos del Sistema/Selectores/00Oficinas/a_Bogota - CIEL' is clicked on

2021-08-03 13:14:18 - [MESSAGE][PASSED] - Object: 'Object Repository/2 Operacion/Elementos del Sistema/Selectores/00Oficinas/a_Bogota - CIEL' is clicked on

2021-08-03 13:14:18 - [TEST_STEP][PASSED] - delay(3): Delayed 3 second(s)

2021-08-03 13:14:21 - [MESSAGE][PASSED] - Delayed 3 second(s)

2021-08-03 13:14:21 - [TEST_STEP][PASSED] - click(findTestObject("2 Operacion/Elementos del Sistema/Terminales/1Terminales menos WorkFlow/a_Terminal Informacion A01")): Object: 'Object Repository/2 Operacion/Elementos del Sistema/Terminales/1Terminales menos WorkFlow/a_Terminal Informacion A01' is clicked on

2021-08-03 13:14:22 - [MESSAGE][PASSED] - Object: 'Object Repository/2 Operacion/Elementos del Sistema/Terminales/1Terminales menos WorkFlow/a_Terminal Informacion A01' is clicked on

2021-08-03 13:14:22 - [TEST_STEP][PASSED] - delay(3): Delayed 3 second(s)

2021-08-03 13:14:25 - [MESSAGE][PASSED] - Delayed 3 second(s)

2021-08-03 13:14:25 - [TEST_STEP][PASSED] - click(findTestObject("2 Operacion/Elementos del Sistema/Terminales/Terminal/Funciones Adicionales/img_Buscar")): Object: 'Object Repository/2 Operacion/Elementos del Sistema/Terminales/Terminal/Funciones Adicionales/img_Buscar' is clicked on

2021-08-03 13:14:30 - [MESSAGE][PASSED] - Object: 'Object Repository/2 Operacion/Elementos del Sistema/Terminales/Terminal/Funciones Adicionales/img_Buscar' is clicked on

2021-08-03 13:14:30 - [TEST_STEP][PASSED] - delay(3): Delayed 3 second(s)

2021-08-03 13:14:33 - [MESSAGE][PASSED] - Delayed 3 second(s)

2021-08-03 13:14:33 - [TEST_STEP][PASSED] - click(findTestObject("2 Operacion/Elementos del Sistema/Terminales/Terminal/Funciones Adicionales/imgBuscar/etiquetas/span_Suspendido")): Object: 'Object Repository/2 Operacion/Elementos del Sistema/Terminales/Terminal/Funciones Adicionales/imgBuscar/etiquetas/span_Suspendido' is clicked on

2021-08-03 13:14:34 - [MESSAGE][PASSED] - Object: 'Object Repository/2 Operacion/Elementos del Sistema/Terminales/Terminal/Funciones Adicionales/imgBuscar/etiquetas/span_Suspendido' is clicked on

2021-08-03 13:14:34 - [TEST_STEP][PASSED] - delay(3): Delayed 3 second(s)

2021-08-03 13:14:37 - [MESSAGE][PASSED] - Delayed 3 second(s)

2021-08-03 13:14:37 - [TEST_STEP][PASSED] - takeFullPageScreenshot(): Taking screenshot successfully

2021-08-03 13:14:38 - [MESSAGE][INFO] - 0 hidden object(s)

2021-08-03 13:14:39 - [MESSAGE][PASSED] - Taking screenshot successfully
[[ATTACHMENT|E:\\CIEL INGENIERIA\\KATALON\\Validaciones\\Reports\\20210803_131018\\0 Atributos MPC\\20210803_131018\\1628014477584.png]]

2021-08-03 13:14:39 - [TEST_STEP][PASSED] - delay(8): Delayed 8 second(s)

2021-08-03 13:14:47 - [MESSAGE][PASSED] - Delayed 8 second(s)

2021-08-03 13:14:47 - [TEST_STEP][PASSED] - switchToWindowIndex(1): Switched to window with index: '1'

2021-08-03 13:14:47 - [MESSAGE][PASSED] - Switched to window with index: '1'

2021-08-03 13:14:47 - [TEST_STEP][PASSED] - delay(2): Delayed 2 second(s)

2021-08-03 13:14:49 - [MESSAGE][PASSED] - Delayed 2 second(s)

2021-08-03 13:14:49 - [TEST_STEP][PASSED] - navigateToUrl("http://localhost:8823/Player.aspx?recurso=Imagen"): Navigate to 'http://localhost:8823/Player.aspx?recurso=Imagen' successfully

2021-08-03 13:14:56 - [MESSAGE][PASSED] - Navigate to 'http://localhost:8823/Player.aspx?recurso=Imagen' successfully

2021-08-03 13:14:56 - [TEST_STEP][PASSED] - delay(3): Delayed 3 second(s)

2021-08-03 13:14:59 - [MESSAGE][PASSED] - Delayed 3 second(s)

2021-08-03 13:14:59 - [TEST_STEP][PASSED] - click(findTestObject("0 MPC/div_Base")): Object: 'Object Repository/0 MPC/div_Base' is clicked on

2021-08-03 13:15:01 - [MESSAGE][PASSED] - Object: 'Object Repository/0 MPC/div_Base' is clicked on

2021-08-03 13:15:01 - [TEST_STEP][PASSED] - acceptAlert(): Alert accepted

2021-08-03 13:15:01 - [MESSAGE][PASSED] - Alert accepted

2021-08-03 13:15:01 - [TEST_STEP][PASSED] - delay(3): Delayed 3 second(s)

2021-08-03 13:15:04 - [MESSAGE][PASSED] - Delayed 3 second(s)

2021-08-03 13:15:04 - [TEST_STEP][PASSED] - switchToWindowIndex(0): Switched to window with index: '0'

2021-08-03 13:15:04 - [MESSAGE][PASSED] - Switched to window with index: '0'

2021-08-03 13:15:04 - [TEST_STEP][PASSED] - delay(3): Delayed 3 second(s)

2021-08-03 13:15:07 - [MESSAGE][PASSED] - Delayed 3 second(s)

2021-08-03 13:15:07 - [TEST_STEP][PASSED] - click(findTestObject("2 Operacion/Elementos del Sistema/Terminales/Terminal/Funciones Adicionales/img_Buscar")): Object: 'Object Repository/2 Operacion/Elementos del Sistema/Terminales/Terminal/Funciones Adicionales/img_Buscar' is clicked on

2021-08-03 13:15:10 - [MESSAGE][PASSED] - Object: 'Object Repository/2 Operacion/Elementos del Sistema/Terminales/Terminal/Funciones Adicionales/img_Buscar' is clicked on

2021-08-03 13:15:10 - [TEST_STEP][PASSED] - delay(3): Delayed 3 second(s)

2021-08-03 13:15:13 - [MESSAGE][PASSED] - Delayed 3 second(s)

2021-08-03 13:15:13 - [TEST_STEP][PASSED] - takeFullPageScreenshot(): Taking screenshot successfully

2021-08-03 13:15:14 - [MESSAGE][INFO] - 0 hidden object(s)

2021-08-03 13:15:14 - [MESSAGE][PASSED] - Taking screenshot successfully
[[ATTACHMENT|E:\\CIEL INGENIERIA\\KATALON\\Validaciones\\Reports\\20210803_131018\\0 Atributos MPC\\20210803_131018\\1628014513077.png]]

2021-08-03 13:15:14 - [TEST_STEP][PASSED] - delay(5): Delayed 5 second(s)

2021-08-03 13:15:20 - [MESSAGE][PASSED] - Delayed 5 second(s)

2021-08-03 13:15:20 - [TEST_STEP][PASSED] - click(findTestObject("2 Operacion/Elementos del Sistema/Terminales/Terminal/Funciones Basicas/img_Cerrar")): Object: 'Object Repository/2 Operacion/Elementos del Sistema/Terminales/Terminal/Funciones Basicas/img_Cerrar' is clicked on

2021-08-03 13:15:24 - [MESSAGE][PASSED] - Object: 'Object Repository/2 Operacion/Elementos del Sistema/Terminales/Terminal/Funciones Basicas/img_Cerrar' is clicked on

2021-08-03 13:15:24 - [TEST_STEP][PASSED] - delay(3): Delayed 3 second(s)

2021-08-03 13:15:27 - [MESSAGE][PASSED] - Delayed 3 second(s)

2021-08-03 13:15:27 - [TEST_STEP][PASSED] - click(findTestObject("2 Operacion/Elementos del Sistema/Terminales/Terminal/Funciones Basicas/imgCerrar/btn_FindeJornada")): Object: 'Object Repository/2 Operacion/Elementos del Sistema/Terminales/Terminal/Funciones Basicas/imgCerrar/btn_FindeJornada' is clicked on

2021-08-03 13:15:28 - [MESSAGE][PASSED] - Object: 'Object Repository/2 Operacion/Elementos del Sistema/Terminales/Terminal/Funciones Basicas/imgCerrar/btn_FindeJornada' is clicked on

2021-08-03 13:15:28 - [TEST_STEP][PASSED] - delay(3): Delayed 3 second(s)

2021-08-03 13:15:31 - [MESSAGE][PASSED] - Delayed 3 second(s)]]></system-out>
         <system-err><![CDATA[]]></system-err>
      </testcase>
      <system-out><![CDATA[2021-08-03 13:10:44 - [TEST_SUITE][PASSED] - 0 Atributos MPC: Test Cases/0 Atributos MPC]]></system-out>
      <system-err><![CDATA[]]></system-err>
   </testsuite>
</testsuites>
