<?xml version="1.0" encoding="UTF-8"?>
<testsuites name="Suspension - Sin" time="212.495" tests="1" failures="0" errors="0">
   <testsuite name="Suspension - Sin" tests="1" failures="0" errors="0" time="212.495" skipped="0" timestamp="2021-07-28 09:19:09" hostname="BILIKI - DESKTOP-HH1RJM2" id="Test Suites/0 Motivos/Suspension - Sin">
      <properties>
         <property name="deviceName" value=""/>
         <property name="devicePlatform" value=""/>
         <property name="logFolder" value="E:\\CIEL INGENIERIA\\KATALON\\Validaciones\\Reports\\20210728_091848\\0 Motivos\\Suspension - Sin\\20210728_091848"/>
         <property name="logFiles" value="E:\\CIEL INGENIERIA\\KATALON\\Validaciones\\Reports\\20210728_091848\\0 Motivos\\Suspension - Sin\\20210728_091848\\execution0.log"/>
         <property name="attachments" value="E:\\CIEL INGENIERIA\\KATALON\\Validaciones\\Reports\\20210728_091848\\0 Motivos\\Suspension - Sin\\20210728_091848\\1627481992954.png, E:\\CIEL INGENIERIA\\KATALON\\Validaciones\\Reports\\20210728_091848\\0 Motivos\\Suspension - Sin\\20210728_091848\\1627482040387.png, E:\\CIEL INGENIERIA\\KATALON\\Validaciones\\Reports\\20210728_091848\\0 Motivos\\Suspension - Sin\\20210728_091848\\1627482126016.png, E:\\CIEL INGENIERIA\\KATALON\\Validaciones\\Reports\\20210728_091848\\0 Motivos\\Suspension - Sin\\20210728_091848\\1627482134985.png"/>
         <property name="hostName" value="BILIKI - DESKTOP-HH1RJM2"/>
         <property name="os" value="Windows 10 64bit"/>
         <property name="katalonVersion" value="8.0.5.208"/>
         <property name="browser" value="Chrome 92.0.4515.107"/>
         <property name="hostAddress" value="169.254.142.112"/>
         <property name="sessionId" value="ca46050c9a08ad2c353e39b156e8e168"/>
         <property name="seleniumVersion" value="3.141.59"/>
         <property name="proxyInformation" value="ProxyInformation { proxyOption=NO_PROXY, proxyServerType=HTTP, username=, password=********, proxyServerAddress=, proxyServerPort=0, executionList=&quot;&quot;, isApplyToDesiredCapabilities=true }"/>
         <property name="platform" value="Windows 10"/>
      </properties>
      <testcase name="Test Cases/0 Motivos/Suspension - Sin" time="190.53" classname="Test Cases/0 Motivos/Suspension - Sin" status="PASSED">
         <system-out><![CDATA[2021-07-28 09:19:10 - [TEST_CASE][PASSED] - Test Cases/0 Motivos/Suspension - Sin: Test Cases/0 Motivos/Suspension - Sin

2021-07-28 09:19:12 - [TEST_STEP][PASSED] - callTestCase(findTestCase("Inicio Sesion sin variables"), [:], STOP_ON_FAILURE): Call Test Case 'Test Cases/Inicio Sesion sin variables' successfully

2021-07-28 09:19:12 - [TEST_CASE][PASSED] - Test Cases/Inicio Sesion sin variables: Test Cases/Inicio Sesion sin variables

2021-07-28 09:19:13 - [TEST_STEP][PASSED] - openBrowser("http://Localhost:8810"): Browser is opened with url: 'http://Localhost:8810'

2021-07-28 09:19:14 - [MESSAGE][INFO] - Starting 'Chrome' driver

2021-07-28 09:19:14 - [MESSAGE][INFO] - Action delay is set to 0 milliseconds

2021-07-28 09:19:26 - [MESSAGE][PASSED] - Browser is opened with url: 'http://Localhost:8810'

2021-07-28 09:19:26 - [TEST_STEP][PASSED] - maximizeWindow(): Current window maximized

2021-07-28 09:19:26 - [MESSAGE][PASSED] - Current window maximized

2021-07-28 09:19:26 - [TEST_STEP][PASSED] - setText(findTestObject("0Inicio Sesion/input__Usuario"), "ciel"): Text 'ciel' is set on object 'Object Repository/0Inicio Sesion/input__Usuario'

2021-07-28 09:19:28 - [MESSAGE][PASSED] - Text 'ciel' is set on object 'Object Repository/0Inicio Sesion/input__Usuario'

2021-07-28 09:19:28 - [TEST_STEP][PASSED] - setText(findTestObject("0Inicio Sesion/input__Clave"), "digiturno"): Text 'digiturno' is set on object 'Object Repository/0Inicio Sesion/input__Clave'

2021-07-28 09:19:29 - [MESSAGE][PASSED] - Text 'digiturno' is set on object 'Object Repository/0Inicio Sesion/input__Clave'

2021-07-28 09:19:29 - [TEST_STEP][PASSED] - click(findTestObject("0Inicio Sesion/btn_IniciarSesion")): Object: 'Object Repository/0Inicio Sesion/btn_IniciarSesion' is clicked on

2021-07-28 09:19:30 - [MESSAGE][PASSED] - Object: 'Object Repository/0Inicio Sesion/btn_IniciarSesion' is clicked on

2021-07-28 09:19:30 - [TEST_STEP][PASSED] - delay(3): Delayed 3 second(s)

2021-07-28 09:19:34 - [MESSAGE][PASSED] - Delayed 3 second(s)

2021-07-28 09:19:34 - [MESSAGE][PASSED] - Call Test Case 'Test Cases/Inicio Sesion sin variables' successfully

2021-07-28 09:19:34 - [TEST_STEP][PASSED] - click(findTestObject("1Inicio/img_Configuracion")): Object: 'Object Repository/1Inicio/img_Configuracion' is clicked on

2021-07-28 09:19:35 - [MESSAGE][PASSED] - Object: 'Object Repository/1Inicio/img_Configuracion' is clicked on

2021-07-28 09:19:35 - [TEST_STEP][PASSED] - delay(3): Delayed 3 second(s)

2021-07-28 09:19:38 - [MESSAGE][PASSED] - Delayed 3 second(s)

2021-07-28 09:19:38 - [TEST_STEP][PASSED] - click(findTestObject("Configuracion/1Principal/img_Elementos del Sistema")): Object: 'Object Repository/Configuracion/1Principal/img_Elementos del Sistema' is clicked on

2021-07-28 09:19:40 - [MESSAGE][PASSED] - Object: 'Object Repository/Configuracion/1Principal/img_Elementos del Sistema' is clicked on

2021-07-28 09:19:40 - [TEST_STEP][PASSED] - delay(3): Delayed 3 second(s)

2021-07-28 09:19:43 - [MESSAGE][PASSED] - Delayed 3 second(s)

2021-07-28 09:19:43 - [TEST_STEP][PASSED] - click(findTestObject("Configuracion/Elementos del Sistema/1Principal/img_Motivos")): Object: 'Object Repository/Configuracion/Elementos del Sistema/1Principal/img_Motivos' is clicked on

2021-07-28 09:19:45 - [MESSAGE][PASSED] - Object: 'Object Repository/Configuracion/Elementos del Sistema/1Principal/img_Motivos' is clicked on

2021-07-28 09:19:45 - [TEST_STEP][PASSED] - delay(3): Delayed 3 second(s)

2021-07-28 09:19:48 - [MESSAGE][PASSED] - Delayed 3 second(s)

2021-07-28 09:19:48 - [TEST_STEP][PASSED] - click(findTestObject("Configuracion/Elementos del Sistema/Motivos/span_Motivos")): Object: 'Object Repository/Configuracion/Elementos del Sistema/Motivos/span_Motivos' is clicked on

2021-07-28 09:19:49 - [MESSAGE][PASSED] - Object: 'Object Repository/Configuracion/Elementos del Sistema/Motivos/span_Motivos' is clicked on

2021-07-28 09:19:49 - [TEST_STEP][PASSED] - delay(3): Delayed 3 second(s)

2021-07-28 09:19:52 - [MESSAGE][PASSED] - Delayed 3 second(s)

2021-07-28 09:19:52 - [TEST_STEP][PASSED] - takeFullPageScreenshot(): Taking screenshot successfully

2021-07-28 09:19:54 - [MESSAGE][INFO] - 0 hidden object(s)

2021-07-28 09:19:55 - [MESSAGE][PASSED] - Taking screenshot successfully
[[ATTACHMENT|E:\\CIEL INGENIERIA\\KATALON\\Validaciones\\Reports\\20210728_091848\\0 Motivos\\Suspension - Sin\\20210728_091848\\1627481992954.png]]

2021-07-28 09:19:55 - [TEST_STEP][PASSED] - delay(3): Delayed 3 second(s)

2021-07-28 09:19:58 - [MESSAGE][PASSED] - Delayed 3 second(s)

2021-07-28 09:19:58 - [TEST_STEP][PASSED] - click(findTestObject("1Inicio/a_Inicio")): Object: 'Object Repository/1Inicio/a_Inicio' is clicked on

2021-07-28 09:20:00 - [MESSAGE][PASSED] - Object: 'Object Repository/1Inicio/a_Inicio' is clicked on

2021-07-28 09:20:00 - [TEST_STEP][PASSED] - delay(3): Delayed 3 second(s)

2021-07-28 09:20:03 - [MESSAGE][PASSED] - Delayed 3 second(s)

2021-07-28 09:20:03 - [TEST_STEP][PASSED] - click(findTestObject("1Inicio/img_Configuracion")): Object: 'Object Repository/1Inicio/img_Configuracion' is clicked on

2021-07-28 09:20:05 - [MESSAGE][PASSED] - Object: 'Object Repository/1Inicio/img_Configuracion' is clicked on

2021-07-28 09:20:05 - [TEST_STEP][PASSED] - delay(3): Delayed 3 second(s)

2021-07-28 09:20:08 - [MESSAGE][PASSED] - Delayed 3 second(s)

2021-07-28 09:20:08 - [TEST_STEP][PASSED] - click(findTestObject("Configuracion/1Principal/img_Distribucion Geografica")): Object: 'Object Repository/Configuracion/1Principal/img_Distribucion Geografica' is clicked on

2021-07-28 09:20:09 - [MESSAGE][PASSED] - Object: 'Object Repository/Configuracion/1Principal/img_Distribucion Geografica' is clicked on

2021-07-28 09:20:09 - [TEST_STEP][PASSED] - delay(3): Delayed 3 second(s)

2021-07-28 09:20:12 - [MESSAGE][PASSED] - Delayed 3 second(s)

2021-07-28 09:20:12 - [TEST_STEP][PASSED] - click(findTestObject("Configuracion/Distribucion Geografica/1Principal/img_Oficinas")): Object: 'Object Repository/Configuracion/Distribucion Geografica/1Principal/img_Oficinas' is clicked on

2021-07-28 09:20:15 - [MESSAGE][PASSED] - Object: 'Object Repository/Configuracion/Distribucion Geografica/1Principal/img_Oficinas' is clicked on

2021-07-28 09:20:15 - [TEST_STEP][PASSED] - delay(3): Delayed 3 second(s)

2021-07-28 09:20:18 - [MESSAGE][PASSED] - Delayed 3 second(s)

2021-07-28 09:20:18 - [TEST_STEP][PASSED] - click(findTestObject("Configuracion/Distribucion Geografica/Oficinas/2Lista de Oficinas/a_Seleccionar")): Object: 'Object Repository/Configuracion/Distribucion Geografica/Oficinas/2Lista de Oficinas/a_Seleccionar' is clicked on

2021-07-28 09:20:19 - [MESSAGE][PASSED] - Object: 'Object Repository/Configuracion/Distribucion Geografica/Oficinas/2Lista de Oficinas/a_Seleccionar' is clicked on

2021-07-28 09:20:19 - [TEST_STEP][PASSED] - delay(3): Delayed 3 second(s)

2021-07-28 09:20:22 - [MESSAGE][PASSED] - Delayed 3 second(s)

2021-07-28 09:20:22 - [TEST_STEP][PASSED] - click(findTestObject("Configuracion/Distribucion Geografica/Oficinas/3Otras Configuraciones/1Pestanas/span_Motivos")): Object: 'Object Repository/Configuracion/Distribucion Geografica/Oficinas/3Otras Configuraciones/1Pestanas/span_Motivos' is clicked on

2021-07-28 09:20:23 - [MESSAGE][PASSED] - Object: 'Object Repository/Configuracion/Distribucion Geografica/Oficinas/3Otras Configuraciones/1Pestanas/span_Motivos' is clicked on

2021-07-28 09:20:23 - [TEST_STEP][PASSED] - delay(3): Delayed 3 second(s)

2021-07-28 09:20:26 - [MESSAGE][PASSED] - Delayed 3 second(s)

2021-07-28 09:20:26 - [TEST_STEP][PASSED] - setText(findTestObject("Configuracion/Distribucion Geografica/Oficinas/3Otras Configuraciones/3Motivos/Checks/input_TextoABuscar"), "Suspensión"): Text 'Suspensión' is set on object 'Object Repository/Configuracion/Distribucion Geografica/Oficinas/3Otras Configuraciones/3Motivos/Checks/input_TextoABuscar'

2021-07-28 09:20:28 - [MESSAGE][PASSED] - Text 'Suspensión' is set on object 'Object Repository/Configuracion/Distribucion Geografica/Oficinas/3Otras Configuraciones/3Motivos/Checks/input_TextoABuscar'

2021-07-28 09:20:28 - [TEST_STEP][PASSED] - sendKeys(findTestObject("Configuracion/Distribucion Geografica/Oficinas/3Otras Configuraciones/3Motivos/Checks/input_TextoABuscar"), Keys.chord(ENTER)): Keys 'ENTER + ' sent to object: 'Object Repository/Configuracion/Distribucion Geografica/Oficinas/3Otras Configuraciones/3Motivos/Checks/input_TextoABuscar'

2021-07-28 09:20:29 - [MESSAGE][PASSED] - Keys 'ENTER + ' sent to object: 'Object Repository/Configuracion/Distribucion Geografica/Oficinas/3Otras Configuraciones/3Motivos/Checks/input_TextoABuscar'

2021-07-28 09:20:29 - [TEST_STEP][PASSED] - delay(3): Delayed 3 second(s)

2021-07-28 09:20:32 - [MESSAGE][PASSED] - Delayed 3 second(s)

2021-07-28 09:20:32 - [TEST_STEP][PASSED] - click(findTestObject("Configuracion/Distribucion Geografica/Oficinas/3Otras Configuraciones/3Motivos/Checks/a__SeleccionarTodo")): Object: 'Object Repository/Configuracion/Distribucion Geografica/Oficinas/3Otras Configuraciones/3Motivos/Checks/a__SeleccionarTodo' is clicked on

2021-07-28 09:20:33 - [MESSAGE][PASSED] - Object: 'Object Repository/Configuracion/Distribucion Geografica/Oficinas/3Otras Configuraciones/3Motivos/Checks/a__SeleccionarTodo' is clicked on

2021-07-28 09:20:33 - [TEST_STEP][PASSED] - delay(3): Delayed 3 second(s)

2021-07-28 09:20:36 - [MESSAGE][PASSED] - Delayed 3 second(s)

2021-07-28 09:20:36 - [TEST_STEP][PASSED] - click(findTestObject("Configuracion/Distribucion Geografica/Oficinas/3Otras Configuraciones/3Motivos/img_Eliminar")): Object: 'Object Repository/Configuracion/Distribucion Geografica/Oficinas/3Otras Configuraciones/3Motivos/img_Eliminar' is clicked on

2021-07-28 09:20:37 - [MESSAGE][PASSED] - Object: 'Object Repository/Configuracion/Distribucion Geografica/Oficinas/3Otras Configuraciones/3Motivos/img_Eliminar' is clicked on

2021-07-28 09:20:37 - [TEST_STEP][PASSED] - acceptAlert(): Alert accepted

2021-07-28 09:20:37 - [MESSAGE][PASSED] - Alert accepted

2021-07-28 09:20:37 - [TEST_STEP][PASSED] - delay(3): Delayed 3 second(s)

2021-07-28 09:20:40 - [MESSAGE][PASSED] - Delayed 3 second(s)

2021-07-28 09:20:40 - [TEST_STEP][PASSED] - takeFullPageScreenshot(): Taking screenshot successfully

2021-07-28 09:20:42 - [MESSAGE][INFO] - 0 hidden object(s)

2021-07-28 09:20:43 - [MESSAGE][PASSED] - Taking screenshot successfully
[[ATTACHMENT|E:\\CIEL INGENIERIA\\KATALON\\Validaciones\\Reports\\20210728_091848\\0 Motivos\\Suspension - Sin\\20210728_091848\\1627482040387.png]]

2021-07-28 09:20:43 - [TEST_STEP][PASSED] - delay(3): Delayed 3 second(s)

2021-07-28 09:20:46 - [MESSAGE][PASSED] - Delayed 3 second(s)

2021-07-28 09:20:46 - [TEST_STEP][PASSED] - click(findTestObject("1Inicio/a_Inicio")): Object: 'Object Repository/1Inicio/a_Inicio' is clicked on

2021-07-28 09:20:48 - [MESSAGE][PASSED] - Object: 'Object Repository/1Inicio/a_Inicio' is clicked on

2021-07-28 09:20:48 - [TEST_STEP][PASSED] - delay(3): Delayed 3 second(s)

2021-07-28 09:20:51 - [MESSAGE][PASSED] - Delayed 3 second(s)

2021-07-28 09:20:51 - [TEST_STEP][PASSED] - click(findTestObject("1Inicio/img_Operacion")): Object: 'Object Repository/1Inicio/img_Operacion' is clicked on

2021-07-28 09:20:53 - [MESSAGE][PASSED] - Object: 'Object Repository/1Inicio/img_Operacion' is clicked on

2021-07-28 09:20:53 - [TEST_STEP][PASSED] - delay(3): Delayed 3 second(s)

2021-07-28 09:20:56 - [MESSAGE][PASSED] - Delayed 3 second(s)

2021-07-28 09:20:56 - [TEST_STEP][PASSED] - click(findTestObject("2 Operacion/Elementos Del Sistema")): Object: 'Object Repository/2 Operacion/Elementos Del Sistema' is clicked on

2021-07-28 09:20:58 - [MESSAGE][PASSED] - Object: 'Object Repository/2 Operacion/Elementos Del Sistema' is clicked on

2021-07-28 09:20:58 - [TEST_STEP][PASSED] - delay(3): Delayed 3 second(s)

2021-07-28 09:21:01 - [MESSAGE][PASSED] - Delayed 3 second(s)

2021-07-28 09:21:01 - [TEST_STEP][PASSED] - click(findTestObject("2 Operacion/Elementos del Sistema/img_Terminales")): Object: 'Object Repository/2 Operacion/Elementos del Sistema/img_Terminales' is clicked on

2021-07-28 09:21:03 - [MESSAGE][PASSED] - Object: 'Object Repository/2 Operacion/Elementos del Sistema/img_Terminales' is clicked on

2021-07-28 09:21:03 - [TEST_STEP][PASSED] - delay(3): Delayed 3 second(s)

2021-07-28 09:21:06 - [MESSAGE][PASSED] - Delayed 3 second(s)

2021-07-28 09:21:06 - [TEST_STEP][PASSED] - click(findTestObject("2 Operacion/Elementos del Sistema/Selectores/00Oficinas/a_Bogota - CIEL")): Object: 'Object Repository/2 Operacion/Elementos del Sistema/Selectores/00Oficinas/a_Bogota - CIEL' is clicked on

2021-07-28 09:21:07 - [MESSAGE][PASSED] - Object: 'Object Repository/2 Operacion/Elementos del Sistema/Selectores/00Oficinas/a_Bogota - CIEL' is clicked on

2021-07-28 09:21:07 - [TEST_STEP][PASSED] - delay(3): Delayed 3 second(s)

2021-07-28 09:21:10 - [MESSAGE][PASSED] - Delayed 3 second(s)

2021-07-28 09:21:10 - [TEST_STEP][PASSED] - click(findTestObject("2 Operacion/Elementos del Sistema/Terminales/1Terminales menos WorkFlow/a_Terminal Informacion A01")): Object: 'Object Repository/2 Operacion/Elementos del Sistema/Terminales/1Terminales menos WorkFlow/a_Terminal Informacion A01' is clicked on

2021-07-28 09:21:11 - [MESSAGE][PASSED] - Object: 'Object Repository/2 Operacion/Elementos del Sistema/Terminales/1Terminales menos WorkFlow/a_Terminal Informacion A01' is clicked on

2021-07-28 09:21:11 - [TEST_STEP][PASSED] - delay(3): Delayed 3 second(s)

2021-07-28 09:21:14 - [MESSAGE][PASSED] - Delayed 3 second(s)

2021-07-28 09:21:14 - [TEST_STEP][PASSED] - click(findTestObject("2 Operacion/Elementos del Sistema/Terminales/Terminal/Funciones Basicas/img_Llamar")): Object: 'Object Repository/2 Operacion/Elementos del Sistema/Terminales/Terminal/Funciones Basicas/img_Llamar' is clicked on

2021-07-28 09:21:38 - [MESSAGE][PASSED] - Object: 'Object Repository/2 Operacion/Elementos del Sistema/Terminales/Terminal/Funciones Basicas/img_Llamar' is clicked on

2021-07-28 09:21:38 - [TEST_STEP][PASSED] - delay(3): Delayed 3 second(s)

2021-07-28 09:21:41 - [MESSAGE][PASSED] - Delayed 3 second(s)

2021-07-28 09:21:41 - [TEST_STEP][PASSED] - click(findTestObject("2 Operacion/Elementos del Sistema/Terminales/Terminal/Funciones Basicas/img_Ocupado")): Object: 'Object Repository/2 Operacion/Elementos del Sistema/Terminales/Terminal/Funciones Basicas/img_Ocupado' is clicked on

2021-07-28 09:21:42 - [MESSAGE][PASSED] - Object: 'Object Repository/2 Operacion/Elementos del Sistema/Terminales/Terminal/Funciones Basicas/img_Ocupado' is clicked on

2021-07-28 09:21:42 - [TEST_STEP][PASSED] - delay(3): Delayed 3 second(s)

2021-07-28 09:21:45 - [MESSAGE][PASSED] - Delayed 3 second(s)

2021-07-28 09:21:45 - [TEST_STEP][PASSED] - click(findTestObject("2 Operacion/Elementos del Sistema/Terminales/Terminal/Funciones Basicas/imgOcupado/a_Actualizacion de Datos")): Object: 'Object Repository/2 Operacion/Elementos del Sistema/Terminales/Terminal/Funciones Basicas/imgOcupado/a_Actualizacion de Datos' is clicked on

2021-07-28 09:22:02 - [MESSAGE][PASSED] - Object: 'Object Repository/2 Operacion/Elementos del Sistema/Terminales/Terminal/Funciones Basicas/imgOcupado/a_Actualizacion de Datos' is clicked on

2021-07-28 09:22:02 - [TEST_STEP][PASSED] - delay(3): Delayed 3 second(s)

2021-07-28 09:22:05 - [MESSAGE][PASSED] - Delayed 3 second(s)

2021-07-28 09:22:05 - [TEST_STEP][PASSED] - takeFullPageScreenshot(): Taking screenshot successfully

2021-07-28 09:22:06 - [MESSAGE][INFO] - 0 hidden object(s)

2021-07-28 09:22:07 - [MESSAGE][PASSED] - Taking screenshot successfully
[[ATTACHMENT|E:\\CIEL INGENIERIA\\KATALON\\Validaciones\\Reports\\20210728_091848\\0 Motivos\\Suspension - Sin\\20210728_091848\\1627482126016.png]]

2021-07-28 09:22:07 - [TEST_STEP][PASSED] - delay(3): Delayed 3 second(s)

2021-07-28 09:22:10 - [MESSAGE][PASSED] - Delayed 3 second(s)

2021-07-28 09:22:10 - [TEST_STEP][PASSED] - click(findTestObject("2 Operacion/Elementos del Sistema/Terminales/Terminal/Funciones Basicas/img_Cerrar")): Object: 'Object Repository/2 Operacion/Elementos del Sistema/Terminales/Terminal/Funciones Basicas/img_Cerrar' is clicked on

2021-07-28 09:22:11 - [MESSAGE][PASSED] - Object: 'Object Repository/2 Operacion/Elementos del Sistema/Terminales/Terminal/Funciones Basicas/img_Cerrar' is clicked on

2021-07-28 09:22:11 - [TEST_STEP][PASSED] - delay(3): Delayed 3 second(s)

2021-07-28 09:22:14 - [MESSAGE][PASSED] - Delayed 3 second(s)

2021-07-28 09:22:14 - [TEST_STEP][PASSED] - takeFullPageScreenshot(): Taking screenshot successfully

2021-07-28 09:22:15 - [MESSAGE][INFO] - 0 hidden object(s)

2021-07-28 09:22:16 - [MESSAGE][PASSED] - Taking screenshot successfully
[[ATTACHMENT|E:\\CIEL INGENIERIA\\KATALON\\Validaciones\\Reports\\20210728_091848\\0 Motivos\\Suspension - Sin\\20210728_091848\\1627482134985.png]]

2021-07-28 09:22:16 - [TEST_STEP][PASSED] - click(findTestObject("2 Operacion/Elementos del Sistema/Terminales/Terminal/Funciones Basicas/imgCerrar/btn_FindeJornada")): Object: 'Object Repository/2 Operacion/Elementos del Sistema/Terminales/Terminal/Funciones Basicas/imgCerrar/btn_FindeJornada' is clicked on

2021-07-28 09:22:17 - [MESSAGE][PASSED] - Object: 'Object Repository/2 Operacion/Elementos del Sistema/Terminales/Terminal/Funciones Basicas/imgCerrar/btn_FindeJornada' is clicked on

2021-07-28 09:22:17 - [TEST_STEP][PASSED] - delay(3): Delayed 3 second(s)

2021-07-28 09:22:20 - [MESSAGE][PASSED] - Delayed 3 second(s)]]></system-out>
         <system-err><![CDATA[]]></system-err>
      </testcase>
      <system-out><![CDATA[2021-07-28 09:19:09 - [TEST_SUITE][PASSED] - Suspension - Sin: Test Cases/0 Motivos/Suspension - Sin]]></system-out>
      <system-err><![CDATA[]]></system-err>
   </testsuite>
</testsuites>
