<?xml version="1.0" encoding="UTF-8"?>
<testsuites name="86.UsuarioCliente.CrearOActualizarAutomaticamente" time="181.402" tests="1" failures="0" errors="0">
   <testsuite name="86.UsuarioCliente.CrearOActualizarAutomaticamente" tests="1" failures="0" errors="0" time="181.402" skipped="0" timestamp="2021-06-03 11:07:58" hostname="BILIKI - DESKTOP-HH1RJM2" id="Test Suites/86.UsuarioCliente.CrearOActualizarAutomaticamente">
      <properties>
         <property name="deviceName" value=""/>
         <property name="devicePlatform" value=""/>
         <property name="logFolder" value="E:\\CIEL INGENIERIA\\KATALON\\Validaciones\\Reports\\20210603_110740\\86.UsuarioCliente.CrearOActualizarAutomaticamente\\20210603_110740"/>
         <property name="logFiles" value="E:\\CIEL INGENIERIA\\KATALON\\Validaciones\\Reports\\20210603_110740\\86.UsuarioCliente.CrearOActualizarAutomaticamente\\20210603_110740\\execution0.log"/>
         <property name="attachments" value="E:\\CIEL INGENIERIA\\KATALON\\Validaciones\\Reports\\20210603_110740\\86.UsuarioCliente.CrearOActualizarAutomaticamente\\20210603_110740\\1622736594480.png, E:\\CIEL INGENIERIA\\KATALON\\Validaciones\\Reports\\20210603_110740\\86.UsuarioCliente.CrearOActualizarAutomaticamente\\20210603_110740\\1622736629085.png"/>
         <property name="hostName" value="BILIKI - DESKTOP-HH1RJM2"/>
         <property name="os" value="Windows 10 64bit"/>
         <property name="katalonVersion" value="8.0.1.208"/>
         <property name="browser" value="Edge Chromiume 18"/>
         <property name="hostAddress" value="169.254.12.236"/>
         <property name="sessionId" value="6DC5188C-9C61-482A-9461-3ACCF3241A16"/>
         <property name="seleniumVersion" value="3.141.59"/>
         <property name="proxyInformation" value="ProxyInformation { proxyOption=NO_PROXY, proxyServerType=HTTP, username=, password=********, proxyServerAddress=, proxyServerPort=0, executionList=&quot;&quot;, isApplyToDesiredCapabilities=true }"/>
         <property name="platform" value="Windows 10"/>
      </properties>
      <testcase name="Test Cases/86.UsuarioCliente.CrearOActualizarAutomaticamente" time="156.958" classname="Test Cases/86.UsuarioCliente.CrearOActualizarAutomaticamente" status="PASSED">
         <system-out><![CDATA[2021-06-03 11:08:03 - [TEST_CASE][PASSED] - Test Cases/86.UsuarioCliente.CrearOActualizarAutomaticamente: Test Cases/86.UsuarioCliente.CrearOActualizarAutomaticamente

2021-06-03 11:08:06 - [TEST_STEP][PASSED] - callTestCase(findTestCase("Inicio Sesion sin variables"), [:], STOP_ON_FAILURE): Call Test Case 'Test Cases/Inicio Sesion sin variables' successfully

2021-06-03 11:08:07 - [TEST_CASE][PASSED] - Test Cases/Inicio Sesion sin variables: Test Cases/Inicio Sesion sin variables

2021-06-03 11:08:08 - [TEST_STEP][PASSED] - openBrowser("http://Localhost:8810"): Browser is opened with url: 'http://Localhost:8810'

2021-06-03 11:08:09 - [MESSAGE][INFO] - Starting 'Edge' driver

2021-06-03 11:08:10 - [MESSAGE][INFO] - Action delay is set to 0 milliseconds

2021-06-03 11:08:20 - [MESSAGE][PASSED] - Browser is opened with url: 'http://Localhost:8810'

2021-06-03 11:08:20 - [TEST_STEP][PASSED] - maximizeWindow(): Current window maximized

2021-06-03 11:08:21 - [MESSAGE][PASSED] - Current window maximized

2021-06-03 11:08:21 - [TEST_STEP][PASSED] - setText(findTestObject("0Inicio Sesion/input__Usuario"), "ciel"): Text 'ciel' is set on object 'Object Repository/0Inicio Sesion/input__Usuario'

2021-06-03 11:08:23 - [MESSAGE][PASSED] - Text 'ciel' is set on object 'Object Repository/0Inicio Sesion/input__Usuario'

2021-06-03 11:08:23 - [TEST_STEP][PASSED] - setText(findTestObject("0Inicio Sesion/input__Clave"), "digiturno"): Text 'digiturno' is set on object 'Object Repository/0Inicio Sesion/input__Clave'

2021-06-03 11:08:24 - [MESSAGE][PASSED] - Text 'digiturno' is set on object 'Object Repository/0Inicio Sesion/input__Clave'

2021-06-03 11:08:24 - [TEST_STEP][PASSED] - click(findTestObject("0Inicio Sesion/btn_IniciarSesion")): Object: 'Object Repository/0Inicio Sesion/btn_IniciarSesion' is clicked on

2021-06-03 11:08:25 - [MESSAGE][PASSED] - Object: 'Object Repository/0Inicio Sesion/btn_IniciarSesion' is clicked on

2021-06-03 11:08:25 - [TEST_STEP][PASSED] - delay(3): Delayed 3 second(s)

2021-06-03 11:08:28 - [MESSAGE][PASSED] - Delayed 3 second(s)

2021-06-03 11:08:28 - [MESSAGE][PASSED] - Call Test Case 'Test Cases/Inicio Sesion sin variables' successfully

2021-06-03 11:08:28 - [TEST_STEP][PASSED] - click(findTestObject("1Inicio/img_Configuracion")): Object: 'Object Repository/1Inicio/img_Configuracion' is clicked on

2021-06-03 11:08:29 - [MESSAGE][PASSED] - Object: 'Object Repository/1Inicio/img_Configuracion' is clicked on

2021-06-03 11:08:29 - [TEST_STEP][PASSED] - delay(3): Delayed 3 second(s)

2021-06-03 11:08:32 - [MESSAGE][PASSED] - Delayed 3 second(s)

2021-06-03 11:08:32 - [TEST_STEP][PASSED] - click(findTestObject("Configuracion/1Principal/img_Sistema")): Object: 'Object Repository/Configuracion/1Principal/img_Sistema' is clicked on

2021-06-03 11:08:33 - [MESSAGE][PASSED] - Object: 'Object Repository/Configuracion/1Principal/img_Sistema' is clicked on

2021-06-03 11:08:33 - [TEST_STEP][PASSED] - delay(3): Delayed 3 second(s)

2021-06-03 11:08:36 - [MESSAGE][PASSED] - Delayed 3 second(s)

2021-06-03 11:08:36 - [TEST_STEP][PASSED] - click(findTestObject("Configuracion/Sistema/1Principal/img_Parametros Generales")): Object: 'Object Repository/Configuracion/Sistema/1Principal/img_Parametros Generales' is clicked on

2021-06-03 11:08:37 - [MESSAGE][PASSED] - Object: 'Object Repository/Configuracion/Sistema/1Principal/img_Parametros Generales' is clicked on

2021-06-03 11:08:37 - [TEST_STEP][PASSED] - delay(3): Delayed 3 second(s)

2021-06-03 11:08:40 - [MESSAGE][PASSED] - Delayed 3 second(s)

2021-06-03 11:08:40 - [TEST_STEP][PASSED] - click(findTestObject("Configuracion/Sistema/Parametros Generales/Pestanas/a_Elementos de sistema")): Object: 'Object Repository/Configuracion/Sistema/Parametros Generales/Pestanas/a_Elementos de sistema' is clicked on

2021-06-03 11:08:41 - [MESSAGE][PASSED] - Object: 'Object Repository/Configuracion/Sistema/Parametros Generales/Pestanas/a_Elementos de sistema' is clicked on

2021-06-03 11:08:41 - [TEST_STEP][PASSED] - delay(3): Delayed 3 second(s)

2021-06-03 11:08:44 - [MESSAGE][PASSED] - Delayed 3 second(s)

2021-06-03 11:08:44 - [TEST_STEP][PASSED] - click(findTestObject("Configuracion/Sistema/Parametros Generales/Filtros LLave/span_0filtro llave")): Object: 'Object Repository/Configuracion/Sistema/Parametros Generales/Filtros LLave/span_0filtro llave' is clicked on

2021-06-03 11:08:44 - [MESSAGE][PASSED] - Object: 'Object Repository/Configuracion/Sistema/Parametros Generales/Filtros LLave/span_0filtro llave' is clicked on

2021-06-03 11:08:44 - [TEST_STEP][PASSED] - mouseOver(findTestObject("Configuracion/Sistema/Parametros Generales/Filtros LLave/span_1Filtro")): Object: 'Object Repository/Configuracion/Sistema/Parametros Generales/Filtros LLave/span_1Filtro' is hovered

2021-06-03 11:08:46 - [MESSAGE][PASSED] - Object: 'Object Repository/Configuracion/Sistema/Parametros Generales/Filtros LLave/span_1Filtro' is hovered

2021-06-03 11:08:46 - [TEST_STEP][PASSED] - click(findTestObject("Configuracion/Sistema/Parametros Generales/Filtro 1er valor/span_select")): Object: 'Object Repository/Configuracion/Sistema/Parametros Generales/Filtro 1er valor/span_select' is clicked on

2021-06-03 11:08:47 - [MESSAGE][PASSED] - Object: 'Object Repository/Configuracion/Sistema/Parametros Generales/Filtro 1er valor/span_select' is clicked on

2021-06-03 11:08:47 - [TEST_STEP][PASSED] - click(findTestObject("Configuracion/Sistema/Parametros Generales/Filtro 1er valor/li_Contiene")): Object: 'Object Repository/Configuracion/Sistema/Parametros Generales/Filtro 1er valor/li_Contiene' is clicked on

2021-06-03 11:08:47 - [MESSAGE][PASSED] - Object: 'Object Repository/Configuracion/Sistema/Parametros Generales/Filtro 1er valor/li_Contiene' is clicked on

2021-06-03 11:08:47 - [TEST_STEP][PASSED] - setText(findTestObject("Configuracion/Sistema/Parametros Generales/Filtro 1er valor/input_Texto a buscar1"), "UsuarioCliente.CrearOActualizarAutomaticamente"): Text 'UsuarioCliente.CrearOActualizarAutomaticamente' is set on object 'Object Repository/Configuracion/Sistema/Parametros Generales/Filtro 1er valor/input_Texto a buscar1'

2021-06-03 11:08:49 - [MESSAGE][PASSED] - Text 'UsuarioCliente.CrearOActualizarAutomaticamente' is set on object 'Object Repository/Configuracion/Sistema/Parametros Generales/Filtro 1er valor/input_Texto a buscar1'

2021-06-03 11:08:49 - [TEST_STEP][PASSED] - click(findTestObject("Configuracion/Sistema/Parametros Generales/botones filtro/btn_Filtrar")): Object: 'Object Repository/Configuracion/Sistema/Parametros Generales/botones filtro/btn_Filtrar' is clicked on

2021-06-03 11:08:49 - [MESSAGE][PASSED] - Object: 'Object Repository/Configuracion/Sistema/Parametros Generales/botones filtro/btn_Filtrar' is clicked on

2021-06-03 11:08:50 - [TEST_STEP][PASSED] - delay(2): Delayed 2 second(s)

2021-06-03 11:08:52 - [MESSAGE][PASSED] - Delayed 2 second(s)

2021-06-03 11:08:52 - [TEST_STEP][PASSED] - click(findTestObject("Configuracion/Sistema/Parametros Generales/Cambiar Parametro Valor/a_Editar")): Object: 'Object Repository/Configuracion/Sistema/Parametros Generales/Cambiar Parametro Valor/a_Editar' is clicked on

2021-06-03 11:08:52 - [MESSAGE][PASSED] - Object: 'Object Repository/Configuracion/Sistema/Parametros Generales/Cambiar Parametro Valor/a_Editar' is clicked on

2021-06-03 11:08:52 - [TEST_STEP][PASSED] - delay(2): Delayed 2 second(s)

2021-06-03 11:08:54 - [MESSAGE][PASSED] - Delayed 2 second(s)

2021-06-03 11:08:54 - [TEST_STEP][PASSED] - click(findTestObject("Configuracion/Sistema/Parametros Generales/Cambiar Parametro Valor/input_Valor"), STOP_ON_FAILURE): Object: 'Object Repository/Configuracion/Sistema/Parametros Generales/Cambiar Parametro Valor/input_Valor' is clicked on

2021-06-03 11:08:55 - [MESSAGE][PASSED] - Object: 'Object Repository/Configuracion/Sistema/Parametros Generales/Cambiar Parametro Valor/input_Valor' is clicked on

2021-06-03 11:08:55 - [TEST_STEP][PASSED] - sendKeys(findTestObject(null), "Si"): Keys 'Si' sent to object: 'tempBody'

2021-06-03 11:08:55 - [MESSAGE][WARNING] - Test object id is null

2021-06-03 11:08:55 - [MESSAGE][WARNING] - Test object with id 'Object Repository/' does not exist

2021-06-03 11:08:56 - [MESSAGE][PASSED] - Keys 'Si' sent to object: 'tempBody'

2021-06-03 11:08:56 - [TEST_STEP][PASSED] - delay(2): Delayed 2 second(s)

2021-06-03 11:08:58 - [MESSAGE][PASSED] - Delayed 2 second(s)

2021-06-03 11:08:58 - [TEST_STEP][PASSED] - click(findTestObject("Configuracion/Sistema/Parametros Generales/Cambiar Parametro Valor/a_Guardar")): Object: 'Object Repository/Configuracion/Sistema/Parametros Generales/Cambiar Parametro Valor/a_Guardar' is clicked on

2021-06-03 11:08:58 - [MESSAGE][PASSED] - Object: 'Object Repository/Configuracion/Sistema/Parametros Generales/Cambiar Parametro Valor/a_Guardar' is clicked on

2021-06-03 11:08:58 - [TEST_STEP][PASSED] - delay(3): Delayed 3 second(s)

2021-06-03 11:09:01 - [MESSAGE][PASSED] - Delayed 3 second(s)

2021-06-03 11:09:01 - [TEST_STEP][PASSED] - click(findTestObject("1Inicio/a_Inicio")): Object: 'Object Repository/1Inicio/a_Inicio' is clicked on

2021-06-03 11:09:02 - [MESSAGE][PASSED] - Object: 'Object Repository/1Inicio/a_Inicio' is clicked on

2021-06-03 11:09:02 - [TEST_STEP][PASSED] - delay(3): Delayed 3 second(s)

2021-06-03 11:09:05 - [MESSAGE][PASSED] - Delayed 3 second(s)

2021-06-03 11:09:05 - [TEST_STEP][PASSED] - click(findTestObject("1Inicio/img_Operacion")): Object: 'Object Repository/1Inicio/img_Operacion' is clicked on

2021-06-03 11:09:06 - [MESSAGE][PASSED] - Object: 'Object Repository/1Inicio/img_Operacion' is clicked on

2021-06-03 11:09:06 - [TEST_STEP][PASSED] - delay(3): Delayed 3 second(s)

2021-06-03 11:09:09 - [MESSAGE][PASSED] - Delayed 3 second(s)

2021-06-03 11:09:09 - [TEST_STEP][PASSED] - click(findTestObject("2 Operacion/Elementos Del Sistema")): Object: 'Object Repository/2 Operacion/Elementos Del Sistema' is clicked on

2021-06-03 11:09:10 - [MESSAGE][PASSED] - Object: 'Object Repository/2 Operacion/Elementos Del Sistema' is clicked on

2021-06-03 11:09:10 - [TEST_STEP][PASSED] - delay(3): Delayed 3 second(s)

2021-06-03 11:09:13 - [MESSAGE][PASSED] - Delayed 3 second(s)

2021-06-03 11:09:13 - [TEST_STEP][PASSED] - click(findTestObject("2 Operacion/Elementos del Sistema/img_Terminales")): Object: 'Object Repository/2 Operacion/Elementos del Sistema/img_Terminales' is clicked on

2021-06-03 11:09:13 - [MESSAGE][PASSED] - Object: 'Object Repository/2 Operacion/Elementos del Sistema/img_Terminales' is clicked on

2021-06-03 11:09:13 - [TEST_STEP][PASSED] - delay(3): Delayed 3 second(s)

2021-06-03 11:09:16 - [MESSAGE][PASSED] - Delayed 3 second(s)

2021-06-03 11:09:16 - [TEST_STEP][PASSED] - click(findTestObject("2 Operacion/Elementos del Sistema/Selectores/00Oficinas/a_Bogota - CIEL")): Object: 'Object Repository/2 Operacion/Elementos del Sistema/Selectores/00Oficinas/a_Bogota - CIEL' is clicked on

2021-06-03 11:09:17 - [MESSAGE][PASSED] - Object: 'Object Repository/2 Operacion/Elementos del Sistema/Selectores/00Oficinas/a_Bogota - CIEL' is clicked on

2021-06-03 11:09:17 - [TEST_STEP][PASSED] - delay(3): Delayed 3 second(s)

2021-06-03 11:09:20 - [MESSAGE][PASSED] - Delayed 3 second(s)

2021-06-03 11:09:20 - [TEST_STEP][PASSED] - click(findTestObject("2 Operacion/Elementos del Sistema/Terminales/1Terminales menos WorkFlow/a_Terminal PQRS A02")): Object: 'Object Repository/2 Operacion/Elementos del Sistema/Terminales/1Terminales menos WorkFlow/a_Terminal PQRS A02' is clicked on

2021-06-03 11:09:21 - [MESSAGE][PASSED] - Object: 'Object Repository/2 Operacion/Elementos del Sistema/Terminales/1Terminales menos WorkFlow/a_Terminal PQRS A02' is clicked on

2021-06-03 11:09:21 - [TEST_STEP][PASSED] - delay(3): Delayed 3 second(s)

2021-06-03 11:09:24 - [MESSAGE][PASSED] - Delayed 3 second(s)

2021-06-03 11:09:24 - [TEST_STEP][PASSED] - click(findTestObject("2 Operacion/Elementos del Sistema/Terminales/Terminal/Funciones Basicas/img_Llamar")): Object: 'Object Repository/2 Operacion/Elementos del Sistema/Terminales/Terminal/Funciones Basicas/img_Llamar' is clicked on

2021-06-03 11:09:26 - [MESSAGE][PASSED] - Object: 'Object Repository/2 Operacion/Elementos del Sistema/Terminales/Terminal/Funciones Basicas/img_Llamar' is clicked on

2021-06-03 11:09:26 - [TEST_STEP][PASSED] - delay(7): Delayed 7 second(s)

2021-06-03 11:09:33 - [MESSAGE][PASSED] - Delayed 7 second(s)

2021-06-03 11:09:33 - [TEST_STEP][PASSED] - click(findTestObject("2 Operacion/Elementos del Sistema/Terminales/Terminal/Funciones Basicas/img_Ocupado")): Object: 'Object Repository/2 Operacion/Elementos del Sistema/Terminales/Terminal/Funciones Basicas/img_Ocupado' is clicked on

2021-06-03 11:09:34 - [MESSAGE][PASSED] - Object: 'Object Repository/2 Operacion/Elementos del Sistema/Terminales/Terminal/Funciones Basicas/img_Ocupado' is clicked on

2021-06-03 11:09:34 - [TEST_STEP][PASSED] - delay(5): Delayed 5 second(s)

2021-06-03 11:09:39 - [MESSAGE][PASSED] - Delayed 5 second(s)

2021-06-03 11:09:39 - [TEST_STEP][PASSED] - click(findTestObject("2 Operacion/Elementos del Sistema/Terminales/Terminal/Funciones Basicas/imgOcupado/a_Actualizacion de Datos")): Object: 'Object Repository/2 Operacion/Elementos del Sistema/Terminales/Terminal/Funciones Basicas/imgOcupado/a_Actualizacion de Datos' is clicked on

2021-06-03 11:09:39 - [MESSAGE][PASSED] - Object: 'Object Repository/2 Operacion/Elementos del Sistema/Terminales/Terminal/Funciones Basicas/imgOcupado/a_Actualizacion de Datos' is clicked on

2021-06-03 11:09:39 - [TEST_STEP][PASSED] - delay(3): Delayed 3 second(s)

2021-06-03 11:09:42 - [MESSAGE][PASSED] - Delayed 3 second(s)

2021-06-03 11:09:42 - [TEST_STEP][PASSED] - selectOptionByIndex(findTestObject("2 Operacion/Elementos del Sistema/Terminales/Terminal/Cliente/select_TipoIdentificacion"), 2): All options with index in [2] are selected on object 'Object Repository/2 Operacion/Elementos del Sistema/Terminales/Terminal/Cliente/select_TipoIdentificacion'

2021-06-03 11:09:43 - [MESSAGE][PASSED] - All options with index in [2] are selected on object 'Object Repository/2 Operacion/Elementos del Sistema/Terminales/Terminal/Cliente/select_TipoIdentificacion'

2021-06-03 11:09:43 - [TEST_STEP][PASSED] - delay(3): Delayed 3 second(s)

2021-06-03 11:09:46 - [MESSAGE][PASSED] - Delayed 3 second(s)

2021-06-03 11:09:46 - [TEST_STEP][PASSED] - setText(findTestObject("2 Operacion/Elementos del Sistema/Terminales/Terminal/Cliente/input_Identificacion"), "636711"): Text '636711' is set on object 'Object Repository/2 Operacion/Elementos del Sistema/Terminales/Terminal/Cliente/input_Identificacion'

2021-06-03 11:09:47 - [MESSAGE][PASSED] - Text '636711' is set on object 'Object Repository/2 Operacion/Elementos del Sistema/Terminales/Terminal/Cliente/input_Identificacion'

2021-06-03 11:09:47 - [TEST_STEP][PASSED] - delay(3): Delayed 3 second(s)

2021-06-03 11:09:50 - [MESSAGE][PASSED] - Delayed 3 second(s)

2021-06-03 11:09:50 - [TEST_STEP][PASSED] - click(findTestObject("2 Operacion/Elementos del Sistema/Terminales/Terminal/Cliente/botones/img_Buscar"), STOP_ON_FAILURE): Object: 'Object Repository/2 Operacion/Elementos del Sistema/Terminales/Terminal/Cliente/botones/img_Buscar' is clicked on

2021-06-03 11:09:51 - [MESSAGE][PASSED] - Object: 'Object Repository/2 Operacion/Elementos del Sistema/Terminales/Terminal/Cliente/botones/img_Buscar' is clicked on

2021-06-03 11:09:51 - [TEST_STEP][PASSED] - delay(3): Delayed 3 second(s)

2021-06-03 11:09:54 - [MESSAGE][PASSED] - Delayed 3 second(s)

2021-06-03 11:09:54 - [TEST_STEP][PASSED] - takeFullPageScreenshot(): Taking screenshot successfully

2021-06-03 11:09:55 - [MESSAGE][INFO] - 0 hidden object(s)

2021-06-03 11:09:55 - [MESSAGE][PASSED] - Taking screenshot successfully
[[ATTACHMENT|E:\\CIEL INGENIERIA\\KATALON\\Validaciones\\Reports\\20210603_110740\\86.UsuarioCliente.CrearOActualizarAutomaticamente\\20210603_110740\\1622736594480.png]]

2021-06-03 11:09:55 - [TEST_STEP][PASSED] - setText(findTestObject("2 Operacion/Elementos del Sistema/Terminales/Terminal/Cliente/input_Segundo apellido"), "Zuazo"): Text 'Zuazo' is set on object 'Object Repository/2 Operacion/Elementos del Sistema/Terminales/Terminal/Cliente/input_Segundo apellido'

2021-06-03 11:09:57 - [MESSAGE][PASSED] - Text 'Zuazo' is set on object 'Object Repository/2 Operacion/Elementos del Sistema/Terminales/Terminal/Cliente/input_Segundo apellido'

2021-06-03 11:09:57 - [TEST_STEP][PASSED] - delay(3): Delayed 3 second(s)

2021-06-03 11:10:00 - [MESSAGE][PASSED] - Delayed 3 second(s)

2021-06-03 11:10:00 - [TEST_STEP][PASSED] - click(findTestObject("2 Operacion/Elementos del Sistema/Terminales/Terminal/Funciones Basicas/img_Llamar")): Object: 'Object Repository/2 Operacion/Elementos del Sistema/Terminales/Terminal/Funciones Basicas/img_Llamar' is clicked on

2021-06-03 11:10:00 - [MESSAGE][PASSED] - Object: 'Object Repository/2 Operacion/Elementos del Sistema/Terminales/Terminal/Funciones Basicas/img_Llamar' is clicked on

2021-06-03 11:10:00 - [TEST_STEP][PASSED] - delay(7): Delayed 7 second(s)

2021-06-03 11:10:07 - [MESSAGE][PASSED] - Delayed 7 second(s)

2021-06-03 11:10:07 - [TEST_STEP][PASSED] - click(findTestObject("2 Operacion/Elementos del Sistema/Terminales/Terminal/Funciones Basicas/img_Ocupado")): Object: 'Object Repository/2 Operacion/Elementos del Sistema/Terminales/Terminal/Funciones Basicas/img_Ocupado' is clicked on

2021-06-03 11:10:08 - [MESSAGE][PASSED] - Object: 'Object Repository/2 Operacion/Elementos del Sistema/Terminales/Terminal/Funciones Basicas/img_Ocupado' is clicked on

2021-06-03 11:10:08 - [TEST_STEP][PASSED] - delay(5): Delayed 5 second(s)

2021-06-03 11:10:13 - [MESSAGE][PASSED] - Delayed 5 second(s)

2021-06-03 11:10:13 - [TEST_STEP][PASSED] - click(findTestObject("2 Operacion/Elementos del Sistema/Terminales/Terminal/Funciones Basicas/imgOcupado/a_Actualizacion de Datos")): Object: 'Object Repository/2 Operacion/Elementos del Sistema/Terminales/Terminal/Funciones Basicas/imgOcupado/a_Actualizacion de Datos' is clicked on

2021-06-03 11:10:13 - [MESSAGE][PASSED] - Object: 'Object Repository/2 Operacion/Elementos del Sistema/Terminales/Terminal/Funciones Basicas/imgOcupado/a_Actualizacion de Datos' is clicked on

2021-06-03 11:10:13 - [TEST_STEP][PASSED] - delay(3): Delayed 3 second(s)

2021-06-03 11:10:16 - [MESSAGE][PASSED] - Delayed 3 second(s)

2021-06-03 11:10:16 - [TEST_STEP][PASSED] - selectOptionByIndex(findTestObject("2 Operacion/Elementos del Sistema/Terminales/Terminal/Cliente/select_TipoIdentificacion"), 2): All options with index in [2] are selected on object 'Object Repository/2 Operacion/Elementos del Sistema/Terminales/Terminal/Cliente/select_TipoIdentificacion'

2021-06-03 11:10:18 - [MESSAGE][PASSED] - All options with index in [2] are selected on object 'Object Repository/2 Operacion/Elementos del Sistema/Terminales/Terminal/Cliente/select_TipoIdentificacion'

2021-06-03 11:10:18 - [TEST_STEP][PASSED] - delay(3): Delayed 3 second(s)

2021-06-03 11:10:21 - [MESSAGE][PASSED] - Delayed 3 second(s)

2021-06-03 11:10:21 - [TEST_STEP][PASSED] - setText(findTestObject("2 Operacion/Elementos del Sistema/Terminales/Terminal/Cliente/input_Identificacion"), "636711"): Text '636711' is set on object 'Object Repository/2 Operacion/Elementos del Sistema/Terminales/Terminal/Cliente/input_Identificacion'

2021-06-03 11:10:22 - [MESSAGE][PASSED] - Text '636711' is set on object 'Object Repository/2 Operacion/Elementos del Sistema/Terminales/Terminal/Cliente/input_Identificacion'

2021-06-03 11:10:22 - [TEST_STEP][PASSED] - delay(3): Delayed 3 second(s)

2021-06-03 11:10:25 - [MESSAGE][PASSED] - Delayed 3 second(s)

2021-06-03 11:10:25 - [TEST_STEP][PASSED] - click(findTestObject("2 Operacion/Elementos del Sistema/Terminales/Terminal/Cliente/botones/img_Buscar"), STOP_ON_FAILURE): Object: 'Object Repository/2 Operacion/Elementos del Sistema/Terminales/Terminal/Cliente/botones/img_Buscar' is clicked on

2021-06-03 11:10:26 - [MESSAGE][PASSED] - Object: 'Object Repository/2 Operacion/Elementos del Sistema/Terminales/Terminal/Cliente/botones/img_Buscar' is clicked on

2021-06-03 11:10:26 - [TEST_STEP][PASSED] - delay(3): Delayed 3 second(s)

2021-06-03 11:10:29 - [MESSAGE][PASSED] - Delayed 3 second(s)

2021-06-03 11:10:29 - [TEST_STEP][PASSED] - takeFullPageScreenshot(): Taking screenshot successfully

2021-06-03 11:10:29 - [MESSAGE][INFO] - 0 hidden object(s)

2021-06-03 11:10:30 - [MESSAGE][PASSED] - Taking screenshot successfully
[[ATTACHMENT|E:\\CIEL INGENIERIA\\KATALON\\Validaciones\\Reports\\20210603_110740\\86.UsuarioCliente.CrearOActualizarAutomaticamente\\20210603_110740\\1622736629085.png]]

2021-06-03 11:10:30 - [TEST_STEP][PASSED] - delay(3): Delayed 3 second(s)

2021-06-03 11:10:33 - [MESSAGE][PASSED] - Delayed 3 second(s)

2021-06-03 11:10:33 - [TEST_STEP][PASSED] - click(findTestObject("2 Operacion/Elementos del Sistema/Terminales/Terminal/Funciones Basicas/img_Cerrar")): Object: 'Object Repository/2 Operacion/Elementos del Sistema/Terminales/Terminal/Funciones Basicas/img_Cerrar' is clicked on

2021-06-03 11:10:33 - [MESSAGE][PASSED] - Object: 'Object Repository/2 Operacion/Elementos del Sistema/Terminales/Terminal/Funciones Basicas/img_Cerrar' is clicked on

2021-06-03 11:10:33 - [TEST_STEP][PASSED] - delay(3): Delayed 3 second(s)

2021-06-03 11:10:36 - [MESSAGE][PASSED] - Delayed 3 second(s)

2021-06-03 11:10:36 - [TEST_STEP][PASSED] - click(findTestObject("2 Operacion/Elementos del Sistema/Terminales/Terminal/Funciones Basicas/imgCerrar/btn_FindeJornada")): Object: 'Object Repository/2 Operacion/Elementos del Sistema/Terminales/Terminal/Funciones Basicas/imgCerrar/btn_FindeJornada' is clicked on

2021-06-03 11:10:37 - [MESSAGE][PASSED] - Object: 'Object Repository/2 Operacion/Elementos del Sistema/Terminales/Terminal/Funciones Basicas/imgCerrar/btn_FindeJornada' is clicked on

2021-06-03 11:10:37 - [TEST_STEP][PASSED] - delay(3): Delayed 3 second(s)

2021-06-03 11:10:40 - [MESSAGE][PASSED] - Delayed 3 second(s)]]></system-out>
         <system-err><![CDATA[]]></system-err>
      </testcase>
      <system-out><![CDATA[2021-06-03 11:07:58 - [TEST_SUITE][PASSED] - 86.UsuarioCliente.CrearOActualizarAutomaticamente: Test Cases/86.UsuarioCliente.CrearOActualizarAutomaticamente]]></system-out>
      <system-err><![CDATA[]]></system-err>
   </testsuite>
</testsuites>
