<?xml version="1.0" encoding="UTF-8"?>
<testsuites name="Cancelacion Turno - Sin" time="193.433" tests="1" failures="0" errors="0">
   <testsuite name="Cancelacion Turno - Sin" tests="1" failures="0" errors="0" time="193.433" skipped="0" timestamp="2021-07-28 10:03:08" hostname="BILIKI - DESKTOP-HH1RJM2" id="Test Suites/0 Motivos/Cancelacion Turno - Sin">
      <properties>
         <property name="deviceName" value=""/>
         <property name="devicePlatform" value=""/>
         <property name="logFolder" value="E:\\CIEL INGENIERIA\\KATALON\\Validaciones\\Reports\\20210728_100245\\0 Motivos\\Cancelacion Turno - Sin\\20210728_100245"/>
         <property name="logFiles" value="E:\\CIEL INGENIERIA\\KATALON\\Validaciones\\Reports\\20210728_100245\\0 Motivos\\Cancelacion Turno - Sin\\20210728_100245\\execution0.log"/>
         <property name="attachments" value="E:\\CIEL INGENIERIA\\KATALON\\Validaciones\\Reports\\20210728_100245\\0 Motivos\\Cancelacion Turno - Sin\\20210728_100245\\1627484634359.png, E:\\CIEL INGENIERIA\\KATALON\\Validaciones\\Reports\\20210728_100245\\0 Motivos\\Cancelacion Turno - Sin\\20210728_100245\\1627484688657.png, E:\\CIEL INGENIERIA\\KATALON\\Validaciones\\Reports\\20210728_100245\\0 Motivos\\Cancelacion Turno - Sin\\20210728_100245\\1627484746162.png"/>
         <property name="hostName" value="BILIKI - DESKTOP-HH1RJM2"/>
         <property name="os" value="Windows 10 64bit"/>
         <property name="katalonVersion" value="8.0.5.208"/>
         <property name="browser" value="Chrome 92.0.4515.107"/>
         <property name="hostAddress" value="169.254.142.112"/>
         <property name="sessionId" value="e5f460fafbb2aeebddd2234e4be364c6"/>
         <property name="seleniumVersion" value="3.141.59"/>
         <property name="proxyInformation" value="ProxyInformation { proxyOption=NO_PROXY, proxyServerType=HTTP, username=, password=********, proxyServerAddress=, proxyServerPort=0, executionList=&quot;&quot;, isApplyToDesiredCapabilities=true }"/>
         <property name="platform" value="Windows 10"/>
      </properties>
      <testcase name="Test Cases/0 Motivos/Cancelacion Turno - Sin" time="169.042" classname="Test Cases/0 Motivos/Cancelacion Turno - Sin" status="PASSED">
         <system-out><![CDATA[2021-07-28 10:03:10 - [TEST_CASE][PASSED] - Test Cases/0 Motivos/Cancelacion Turno - Sin: Test Cases/0 Motivos/Cancelacion Turno - Sin

2021-07-28 10:03:12 - [TEST_STEP][PASSED] - callTestCase(findTestCase("Inicio Sesion sin variables"), [:], STOP_ON_FAILURE): Call Test Case 'Test Cases/Inicio Sesion sin variables' successfully

2021-07-28 10:03:13 - [TEST_CASE][PASSED] - Test Cases/Inicio Sesion sin variables: Test Cases/Inicio Sesion sin variables

2021-07-28 10:03:14 - [TEST_STEP][PASSED] - openBrowser("http://Localhost:8810"): Browser is opened with url: 'http://Localhost:8810'

2021-07-28 10:03:15 - [MESSAGE][INFO] - Starting 'Chrome' driver

2021-07-28 10:03:16 - [MESSAGE][INFO] - Action delay is set to 0 milliseconds

2021-07-28 10:03:28 - [MESSAGE][PASSED] - Browser is opened with url: 'http://Localhost:8810'

2021-07-28 10:03:28 - [TEST_STEP][PASSED] - maximizeWindow(): Current window maximized

2021-07-28 10:03:28 - [MESSAGE][PASSED] - Current window maximized

2021-07-28 10:03:29 - [TEST_STEP][PASSED] - setText(findTestObject("0Inicio Sesion/input__Usuario"), "ciel"): Text 'ciel' is set on object 'Object Repository/0Inicio Sesion/input__Usuario'

2021-07-28 10:03:30 - [MESSAGE][PASSED] - Text 'ciel' is set on object 'Object Repository/0Inicio Sesion/input__Usuario'

2021-07-28 10:03:30 - [TEST_STEP][PASSED] - setText(findTestObject("0Inicio Sesion/input__Clave"), "digiturno"): Text 'digiturno' is set on object 'Object Repository/0Inicio Sesion/input__Clave'

2021-07-28 10:03:32 - [MESSAGE][PASSED] - Text 'digiturno' is set on object 'Object Repository/0Inicio Sesion/input__Clave'

2021-07-28 10:03:32 - [TEST_STEP][PASSED] - click(findTestObject("0Inicio Sesion/btn_IniciarSesion")): Object: 'Object Repository/0Inicio Sesion/btn_IniciarSesion' is clicked on

2021-07-28 10:03:32 - [MESSAGE][PASSED] - Object: 'Object Repository/0Inicio Sesion/btn_IniciarSesion' is clicked on

2021-07-28 10:03:32 - [TEST_STEP][PASSED] - delay(3): Delayed 3 second(s)

2021-07-28 10:03:35 - [MESSAGE][PASSED] - Delayed 3 second(s)

2021-07-28 10:03:36 - [MESSAGE][PASSED] - Call Test Case 'Test Cases/Inicio Sesion sin variables' successfully

2021-07-28 10:03:36 - [TEST_STEP][PASSED] - click(findTestObject("1Inicio/img_Configuracion")): Object: 'Object Repository/1Inicio/img_Configuracion' is clicked on

2021-07-28 10:03:37 - [MESSAGE][PASSED] - Object: 'Object Repository/1Inicio/img_Configuracion' is clicked on

2021-07-28 10:03:37 - [TEST_STEP][PASSED] - delay(3): Delayed 3 second(s)

2021-07-28 10:03:40 - [MESSAGE][PASSED] - Delayed 3 second(s)

2021-07-28 10:03:40 - [TEST_STEP][PASSED] - click(findTestObject("Configuracion/1Principal/img_Elementos del Sistema")): Object: 'Object Repository/Configuracion/1Principal/img_Elementos del Sistema' is clicked on

2021-07-28 10:03:42 - [MESSAGE][PASSED] - Object: 'Object Repository/Configuracion/1Principal/img_Elementos del Sistema' is clicked on

2021-07-28 10:03:42 - [TEST_STEP][PASSED] - delay(3): Delayed 3 second(s)

2021-07-28 10:03:45 - [MESSAGE][PASSED] - Delayed 3 second(s)

2021-07-28 10:03:45 - [TEST_STEP][PASSED] - click(findTestObject("Configuracion/Elementos del Sistema/1Principal/img_Motivos")): Object: 'Object Repository/Configuracion/Elementos del Sistema/1Principal/img_Motivos' is clicked on

2021-07-28 10:03:47 - [MESSAGE][PASSED] - Object: 'Object Repository/Configuracion/Elementos del Sistema/1Principal/img_Motivos' is clicked on

2021-07-28 10:03:47 - [TEST_STEP][PASSED] - delay(3): Delayed 3 second(s)

2021-07-28 10:03:50 - [MESSAGE][PASSED] - Delayed 3 second(s)

2021-07-28 10:03:50 - [TEST_STEP][PASSED] - click(findTestObject("Configuracion/Elementos del Sistema/Motivos/span_Motivos")): Object: 'Object Repository/Configuracion/Elementos del Sistema/Motivos/span_Motivos' is clicked on

2021-07-28 10:03:51 - [MESSAGE][PASSED] - Object: 'Object Repository/Configuracion/Elementos del Sistema/Motivos/span_Motivos' is clicked on

2021-07-28 10:03:51 - [TEST_STEP][PASSED] - delay(3): Delayed 3 second(s)

2021-07-28 10:03:54 - [MESSAGE][PASSED] - Delayed 3 second(s)

2021-07-28 10:03:54 - [TEST_STEP][PASSED] - takeFullPageScreenshot(): Taking screenshot successfully

2021-07-28 10:03:56 - [MESSAGE][INFO] - 0 hidden object(s)

2021-07-28 10:03:56 - [MESSAGE][PASSED] - Taking screenshot successfully
[[ATTACHMENT|E:\\CIEL INGENIERIA\\KATALON\\Validaciones\\Reports\\20210728_100245\\0 Motivos\\Cancelacion Turno - Sin\\20210728_100245\\1627484634359.png]]

2021-07-28 10:03:56 - [TEST_STEP][PASSED] - delay(3): Delayed 3 second(s)

2021-07-28 10:03:59 - [MESSAGE][PASSED] - Delayed 3 second(s)

2021-07-28 10:03:59 - [TEST_STEP][PASSED] - click(findTestObject("1Inicio/a_Inicio")): Object: 'Object Repository/1Inicio/a_Inicio' is clicked on

2021-07-28 10:04:04 - [MESSAGE][PASSED] - Object: 'Object Repository/1Inicio/a_Inicio' is clicked on

2021-07-28 10:04:04 - [TEST_STEP][PASSED] - delay(3): Delayed 3 second(s)

2021-07-28 10:04:07 - [MESSAGE][PASSED] - Delayed 3 second(s)

2021-07-28 10:04:07 - [TEST_STEP][PASSED] - click(findTestObject("1Inicio/img_Configuracion")): Object: 'Object Repository/1Inicio/img_Configuracion' is clicked on

2021-07-28 10:04:08 - [MESSAGE][PASSED] - Object: 'Object Repository/1Inicio/img_Configuracion' is clicked on

2021-07-28 10:04:08 - [TEST_STEP][PASSED] - delay(3): Delayed 3 second(s)

2021-07-28 10:04:12 - [MESSAGE][PASSED] - Delayed 3 second(s)

2021-07-28 10:04:12 - [TEST_STEP][PASSED] - click(findTestObject("Configuracion/1Principal/img_Distribucion Geografica")): Object: 'Object Repository/Configuracion/1Principal/img_Distribucion Geografica' is clicked on

2021-07-28 10:04:14 - [MESSAGE][PASSED] - Object: 'Object Repository/Configuracion/1Principal/img_Distribucion Geografica' is clicked on

2021-07-28 10:04:14 - [TEST_STEP][PASSED] - delay(3): Delayed 3 second(s)

2021-07-28 10:04:17 - [MESSAGE][PASSED] - Delayed 3 second(s)

2021-07-28 10:04:17 - [TEST_STEP][PASSED] - click(findTestObject("Configuracion/Distribucion Geografica/1Principal/img_Oficinas")): Object: 'Object Repository/Configuracion/Distribucion Geografica/1Principal/img_Oficinas' is clicked on

2021-07-28 10:04:21 - [MESSAGE][PASSED] - Object: 'Object Repository/Configuracion/Distribucion Geografica/1Principal/img_Oficinas' is clicked on

2021-07-28 10:04:21 - [TEST_STEP][PASSED] - delay(3): Delayed 3 second(s)

2021-07-28 10:04:24 - [MESSAGE][PASSED] - Delayed 3 second(s)

2021-07-28 10:04:24 - [TEST_STEP][PASSED] - click(findTestObject("Configuracion/Distribucion Geografica/Oficinas/2Lista de Oficinas/a_Seleccionar")): Object: 'Object Repository/Configuracion/Distribucion Geografica/Oficinas/2Lista de Oficinas/a_Seleccionar' is clicked on

2021-07-28 10:04:25 - [MESSAGE][PASSED] - Object: 'Object Repository/Configuracion/Distribucion Geografica/Oficinas/2Lista de Oficinas/a_Seleccionar' is clicked on

2021-07-28 10:04:25 - [TEST_STEP][PASSED] - delay(3): Delayed 3 second(s)

2021-07-28 10:04:28 - [MESSAGE][PASSED] - Delayed 3 second(s)

2021-07-28 10:04:28 - [TEST_STEP][PASSED] - click(findTestObject("Configuracion/Distribucion Geografica/Oficinas/3Otras Configuraciones/1Pestanas/span_Motivos")): Object: 'Object Repository/Configuracion/Distribucion Geografica/Oficinas/3Otras Configuraciones/1Pestanas/span_Motivos' is clicked on

2021-07-28 10:04:30 - [MESSAGE][PASSED] - Object: 'Object Repository/Configuracion/Distribucion Geografica/Oficinas/3Otras Configuraciones/1Pestanas/span_Motivos' is clicked on

2021-07-28 10:04:30 - [TEST_STEP][PASSED] - delay(3): Delayed 3 second(s)

2021-07-28 10:04:33 - [MESSAGE][PASSED] - Delayed 3 second(s)

2021-07-28 10:04:33 - [TEST_STEP][PASSED] - setText(findTestObject("Configuracion/Distribucion Geografica/Oficinas/3Otras Configuraciones/3Motivos/Checks/input_TextoABuscar"), "Turno"): Text 'Turno' is set on object 'Object Repository/Configuracion/Distribucion Geografica/Oficinas/3Otras Configuraciones/3Motivos/Checks/input_TextoABuscar'

2021-07-28 10:04:35 - [MESSAGE][PASSED] - Text 'Turno' is set on object 'Object Repository/Configuracion/Distribucion Geografica/Oficinas/3Otras Configuraciones/3Motivos/Checks/input_TextoABuscar'

2021-07-28 10:04:35 - [TEST_STEP][PASSED] - sendKeys(findTestObject("Configuracion/Distribucion Geografica/Oficinas/3Otras Configuraciones/3Motivos/Checks/input_TextoABuscar"), Keys.chord(ENTER)): Keys 'ENTER + ' sent to object: 'Object Repository/Configuracion/Distribucion Geografica/Oficinas/3Otras Configuraciones/3Motivos/Checks/input_TextoABuscar'

2021-07-28 10:04:36 - [MESSAGE][PASSED] - Keys 'ENTER + ' sent to object: 'Object Repository/Configuracion/Distribucion Geografica/Oficinas/3Otras Configuraciones/3Motivos/Checks/input_TextoABuscar'

2021-07-28 10:04:36 - [TEST_STEP][PASSED] - delay(3): Delayed 3 second(s)

2021-07-28 10:04:39 - [MESSAGE][PASSED] - Delayed 3 second(s)

2021-07-28 10:04:39 - [TEST_STEP][PASSED] - click(findTestObject("Configuracion/Distribucion Geografica/Oficinas/3Otras Configuraciones/3Motivos/Checks/a__SeleccionarTodo")): Object: 'Object Repository/Configuracion/Distribucion Geografica/Oficinas/3Otras Configuraciones/3Motivos/Checks/a__SeleccionarTodo' is clicked on

2021-07-28 10:04:40 - [MESSAGE][PASSED] - Object: 'Object Repository/Configuracion/Distribucion Geografica/Oficinas/3Otras Configuraciones/3Motivos/Checks/a__SeleccionarTodo' is clicked on

2021-07-28 10:04:40 - [TEST_STEP][PASSED] - delay(3): Delayed 3 second(s)

2021-07-28 10:04:43 - [MESSAGE][PASSED] - Delayed 3 second(s)

2021-07-28 10:04:43 - [TEST_STEP][PASSED] - click(findTestObject("Configuracion/Distribucion Geografica/Oficinas/3Otras Configuraciones/3Motivos/img_Eliminar")): Object: 'Object Repository/Configuracion/Distribucion Geografica/Oficinas/3Otras Configuraciones/3Motivos/img_Eliminar' is clicked on

2021-07-28 10:04:45 - [MESSAGE][PASSED] - Object: 'Object Repository/Configuracion/Distribucion Geografica/Oficinas/3Otras Configuraciones/3Motivos/img_Eliminar' is clicked on

2021-07-28 10:04:45 - [TEST_STEP][PASSED] - acceptAlert(): Alert accepted

2021-07-28 10:04:45 - [MESSAGE][PASSED] - Alert accepted

2021-07-28 10:04:45 - [TEST_STEP][PASSED] - delay(3): Delayed 3 second(s)

2021-07-28 10:04:48 - [MESSAGE][PASSED] - Delayed 3 second(s)

2021-07-28 10:04:48 - [TEST_STEP][PASSED] - takeFullPageScreenshot(): Taking screenshot successfully

2021-07-28 10:04:51 - [MESSAGE][INFO] - 0 hidden object(s)

2021-07-28 10:04:52 - [MESSAGE][PASSED] - Taking screenshot successfully
[[ATTACHMENT|E:\\CIEL INGENIERIA\\KATALON\\Validaciones\\Reports\\20210728_100245\\0 Motivos\\Cancelacion Turno - Sin\\20210728_100245\\1627484688657.png]]

2021-07-28 10:04:52 - [TEST_STEP][PASSED] - delay(3): Delayed 3 second(s)

2021-07-28 10:04:55 - [MESSAGE][PASSED] - Delayed 3 second(s)

2021-07-28 10:04:55 - [TEST_STEP][PASSED] - click(findTestObject("1Inicio/a_Inicio")): Object: 'Object Repository/1Inicio/a_Inicio' is clicked on

2021-07-28 10:04:58 - [MESSAGE][PASSED] - Object: 'Object Repository/1Inicio/a_Inicio' is clicked on

2021-07-28 10:04:58 - [TEST_STEP][PASSED] - delay(3): Delayed 3 second(s)

2021-07-28 10:05:01 - [MESSAGE][PASSED] - Delayed 3 second(s)

2021-07-28 10:05:01 - [TEST_STEP][PASSED] - click(findTestObject("1Inicio/img_Operacion")): Object: 'Object Repository/1Inicio/img_Operacion' is clicked on

2021-07-28 10:05:04 - [MESSAGE][PASSED] - Object: 'Object Repository/1Inicio/img_Operacion' is clicked on

2021-07-28 10:05:04 - [TEST_STEP][PASSED] - delay(3): Delayed 3 second(s)

2021-07-28 10:05:07 - [MESSAGE][PASSED] - Delayed 3 second(s)

2021-07-28 10:05:07 - [TEST_STEP][PASSED] - click(findTestObject("2 Operacion/Elementos Del Sistema")): Object: 'Object Repository/2 Operacion/Elementos Del Sistema' is clicked on

2021-07-28 10:05:10 - [MESSAGE][PASSED] - Object: 'Object Repository/2 Operacion/Elementos Del Sistema' is clicked on

2021-07-28 10:05:10 - [TEST_STEP][PASSED] - delay(3): Delayed 3 second(s)

2021-07-28 10:05:13 - [MESSAGE][PASSED] - Delayed 3 second(s)

2021-07-28 10:05:13 - [TEST_STEP][PASSED] - click(findTestObject("2 Operacion/Elementos del Sistema/img_Terminales")): Object: 'Object Repository/2 Operacion/Elementos del Sistema/img_Terminales' is clicked on

2021-07-28 10:05:15 - [MESSAGE][PASSED] - Object: 'Object Repository/2 Operacion/Elementos del Sistema/img_Terminales' is clicked on

2021-07-28 10:05:15 - [TEST_STEP][PASSED] - delay(3): Delayed 3 second(s)

2021-07-28 10:05:19 - [MESSAGE][PASSED] - Delayed 3 second(s)

2021-07-28 10:05:19 - [TEST_STEP][PASSED] - click(findTestObject("2 Operacion/Elementos del Sistema/Selectores/00Oficinas/a_Bogota - CIEL")): Object: 'Object Repository/2 Operacion/Elementos del Sistema/Selectores/00Oficinas/a_Bogota - CIEL' is clicked on

2021-07-28 10:05:20 - [MESSAGE][PASSED] - Object: 'Object Repository/2 Operacion/Elementos del Sistema/Selectores/00Oficinas/a_Bogota - CIEL' is clicked on

2021-07-28 10:05:20 - [TEST_STEP][PASSED] - delay(3): Delayed 3 second(s)

2021-07-28 10:05:23 - [MESSAGE][PASSED] - Delayed 3 second(s)

2021-07-28 10:05:23 - [TEST_STEP][PASSED] - click(findTestObject("2 Operacion/Elementos del Sistema/Terminales/1Terminales menos WorkFlow/a_Terminal Informacion A01")): Object: 'Object Repository/2 Operacion/Elementos del Sistema/Terminales/1Terminales menos WorkFlow/a_Terminal Informacion A01' is clicked on

2021-07-28 10:05:24 - [MESSAGE][PASSED] - Object: 'Object Repository/2 Operacion/Elementos del Sistema/Terminales/1Terminales menos WorkFlow/a_Terminal Informacion A01' is clicked on

2021-07-28 10:05:24 - [TEST_STEP][PASSED] - delay(3): Delayed 3 second(s)

2021-07-28 10:05:27 - [MESSAGE][PASSED] - Delayed 3 second(s)

2021-07-28 10:05:27 - [TEST_STEP][PASSED] - click(findTestObject("2 Operacion/Elementos del Sistema/Terminales/Terminal/Funciones Basicas/img_Llamar")): Object: 'Object Repository/2 Operacion/Elementos del Sistema/Terminales/Terminal/Funciones Basicas/img_Llamar' is clicked on

2021-07-28 10:05:33 - [MESSAGE][PASSED] - Object: 'Object Repository/2 Operacion/Elementos del Sistema/Terminales/Terminal/Funciones Basicas/img_Llamar' is clicked on

2021-07-28 10:05:33 - [TEST_STEP][PASSED] - delay(3): Delayed 3 second(s)

2021-07-28 10:05:36 - [MESSAGE][PASSED] - Delayed 3 second(s)

2021-07-28 10:05:36 - [TEST_STEP][PASSED] - click(findTestObject("2 Operacion/Elementos del Sistema/Terminales/Terminal/Funciones Basicas/img_Ocupado")): Object: 'Object Repository/2 Operacion/Elementos del Sistema/Terminales/Terminal/Funciones Basicas/img_Ocupado' is clicked on

2021-07-28 10:05:38 - [MESSAGE][PASSED] - Object: 'Object Repository/2 Operacion/Elementos del Sistema/Terminales/Terminal/Funciones Basicas/img_Ocupado' is clicked on

2021-07-28 10:05:38 - [TEST_STEP][PASSED] - delay(3): Delayed 3 second(s)

2021-07-28 10:05:41 - [MESSAGE][PASSED] - Delayed 3 second(s)

2021-07-28 10:05:41 - [TEST_STEP][PASSED] - click(findTestObject("2 Operacion/Elementos del Sistema/Terminales/Terminal/Funciones Basicas/imgOcupado/a_Actualizacion de Datos")): Object: 'Object Repository/2 Operacion/Elementos del Sistema/Terminales/Terminal/Funciones Basicas/imgOcupado/a_Actualizacion de Datos' is clicked on

2021-07-28 10:05:43 - [MESSAGE][PASSED] - Object: 'Object Repository/2 Operacion/Elementos del Sistema/Terminales/Terminal/Funciones Basicas/imgOcupado/a_Actualizacion de Datos' is clicked on

2021-07-28 10:05:43 - [TEST_STEP][PASSED] - delay(3): Delayed 3 second(s)

2021-07-28 10:05:46 - [MESSAGE][PASSED] - Delayed 3 second(s)

2021-07-28 10:05:46 - [TEST_STEP][PASSED] - takeFullPageScreenshot(): Taking screenshot successfully

2021-07-28 10:05:47 - [MESSAGE][INFO] - 0 hidden object(s)

2021-07-28 10:05:47 - [MESSAGE][PASSED] - Taking screenshot successfully
[[ATTACHMENT|E:\\CIEL INGENIERIA\\KATALON\\Validaciones\\Reports\\20210728_100245\\0 Motivos\\Cancelacion Turno - Sin\\20210728_100245\\1627484746162.png]]

2021-07-28 10:05:47 - [TEST_STEP][PASSED] - delay(3): Delayed 3 second(s)

2021-07-28 10:05:50 - [MESSAGE][PASSED] - Delayed 3 second(s)

2021-07-28 10:05:50 - [TEST_STEP][PASSED] - click(findTestObject("2 Operacion/Elementos del Sistema/Terminales/Terminal/Funciones Basicas/img_Cerrar")): Object: 'Object Repository/2 Operacion/Elementos del Sistema/Terminales/Terminal/Funciones Basicas/img_Cerrar' is clicked on

2021-07-28 10:05:52 - [MESSAGE][PASSED] - Object: 'Object Repository/2 Operacion/Elementos del Sistema/Terminales/Terminal/Funciones Basicas/img_Cerrar' is clicked on

2021-07-28 10:05:52 - [TEST_STEP][PASSED] - delay(3): Delayed 3 second(s)

2021-07-28 10:05:55 - [MESSAGE][PASSED] - Delayed 3 second(s)

2021-07-28 10:05:55 - [TEST_STEP][PASSED] - click(findTestObject("2 Operacion/Elementos del Sistema/Terminales/Terminal/Funciones Basicas/imgCerrar/btn_FindeJornada")): Object: 'Object Repository/2 Operacion/Elementos del Sistema/Terminales/Terminal/Funciones Basicas/imgCerrar/btn_FindeJornada' is clicked on

2021-07-28 10:05:56 - [MESSAGE][PASSED] - Object: 'Object Repository/2 Operacion/Elementos del Sistema/Terminales/Terminal/Funciones Basicas/imgCerrar/btn_FindeJornada' is clicked on

2021-07-28 10:05:56 - [TEST_STEP][PASSED] - delay(3): Delayed 3 second(s)

2021-07-28 10:05:59 - [MESSAGE][PASSED] - Delayed 3 second(s)]]></system-out>
         <system-err><![CDATA[]]></system-err>
      </testcase>
      <system-out><![CDATA[2021-07-28 10:03:08 - [TEST_SUITE][PASSED] - Cancelacion Turno - Sin: Test Cases/0 Motivos/Cancelacion Turno - Sin]]></system-out>
      <system-err><![CDATA[]]></system-err>
   </testsuite>
</testsuites>
