<?xml version="1.0" encoding="UTF-8"?>
<testsuites name="64.UsuarioCliente.Destino" time="250.42" tests="2" failures="0" errors="0">
   <testsuite name="64.UsuarioCliente.Destino" tests="2" failures="0" errors="0" time="250.42" skipped="0" timestamp="2021-05-31 11:50:19" hostname="BILIKI - DESKTOP-HH1RJM2" id="Test Suites/64.UsuarioCliente.Destino">
      <properties>
         <property name="deviceName" value=""/>
         <property name="devicePlatform" value=""/>
         <property name="logFolder" value="E:\\CIEL INGENIERIA\\KATALON\\Validaciones\\Reports\\20210531_115006\\64.UsuarioCliente.Destino\\20210531_115006"/>
         <property name="logFiles" value="E:\\CIEL INGENIERIA\\KATALON\\Validaciones\\Reports\\20210531_115006\\64.UsuarioCliente.Destino\\20210531_115006\\execution0.log"/>
         <property name="attachments" value="E:\\CIEL INGENIERIA\\KATALON\\Validaciones\\Reports\\20210531_115006\\64.UsuarioCliente.Destino\\20210531_115006\\1622479931430.png, E:\\CIEL INGENIERIA\\KATALON\\Validaciones\\Reports\\20210531_115006\\64.UsuarioCliente.Destino\\20210531_115006\\1622480040833.png"/>
         <property name="hostName" value="BILIKI - DESKTOP-HH1RJM2"/>
         <property name="os" value="Windows 10 64bit"/>
         <property name="katalonVersion" value="8.0.1.208"/>
         <property name="browser" value="Edge Chromiume 18"/>
         <property name="hostAddress" value="169.254.12.236"/>
         <property name="sessionId" value="C0CF4556-20EF-4985-B6F3-2334F093863A"/>
         <property name="seleniumVersion" value="3.141.59"/>
         <property name="proxyInformation" value="ProxyInformation { proxyOption=NO_PROXY, proxyServerType=HTTP, username=, password=********, proxyServerAddress=, proxyServerPort=0, executionList=&quot;&quot;, isApplyToDesiredCapabilities=true }"/>
         <property name="platform" value="Windows 10"/>
      </properties>
      <testcase name="Test Cases/64.UsuarioCliente.Destino 0Turno" time="118.379" classname="Test Cases/64.UsuarioCliente.Destino 0Turno" status="PASSED">
         <system-out><![CDATA[2021-05-31 11:50:24 - [TEST_CASE][PASSED] - Test Cases/64.UsuarioCliente.Destino 0Turno: Test Cases/64.UsuarioCliente.Destino 0Turno

2021-05-31 11:50:26 - [TEST_STEP][PASSED] - callTestCase(findTestCase("Inicio Sesion sin variables"), [:], STOP_ON_FAILURE): Call Test Case 'Test Cases/Inicio Sesion sin variables' successfully

2021-05-31 11:50:27 - [TEST_CASE][PASSED] - Test Cases/Inicio Sesion sin variables: Test Cases/Inicio Sesion sin variables

2021-05-31 11:50:29 - [TEST_STEP][PASSED] - openBrowser("http://Localhost:8810"): Browser is opened with url: 'http://Localhost:8810'

2021-05-31 11:50:29 - [MESSAGE][INFO] - Starting 'Edge' driver

2021-05-31 11:50:30 - [MESSAGE][INFO] - Action delay is set to 0 milliseconds

2021-05-31 11:50:37 - [MESSAGE][PASSED] - Browser is opened with url: 'http://Localhost:8810'

2021-05-31 11:50:37 - [TEST_STEP][PASSED] - maximizeWindow(): Current window maximized

2021-05-31 11:50:37 - [MESSAGE][PASSED] - Current window maximized

2021-05-31 11:50:37 - [TEST_STEP][PASSED] - setText(findTestObject("0Inicio Sesion/input__Usuario"), "ciel"): Text 'ciel' is set on object 'Object Repository/0Inicio Sesion/input__Usuario'

2021-05-31 11:50:39 - [MESSAGE][PASSED] - Text 'ciel' is set on object 'Object Repository/0Inicio Sesion/input__Usuario'

2021-05-31 11:50:39 - [TEST_STEP][PASSED] - setText(findTestObject("0Inicio Sesion/input__Clave"), "digiturno"): Text 'digiturno' is set on object 'Object Repository/0Inicio Sesion/input__Clave'

2021-05-31 11:50:40 - [MESSAGE][PASSED] - Text 'digiturno' is set on object 'Object Repository/0Inicio Sesion/input__Clave'

2021-05-31 11:50:40 - [TEST_STEP][PASSED] - click(findTestObject("0Inicio Sesion/btn_IniciarSesion")): Object: 'Object Repository/0Inicio Sesion/btn_IniciarSesion' is clicked on

2021-05-31 11:50:41 - [MESSAGE][PASSED] - Object: 'Object Repository/0Inicio Sesion/btn_IniciarSesion' is clicked on

2021-05-31 11:50:41 - [TEST_STEP][PASSED] - delay(3): Delayed 3 second(s)

2021-05-31 11:50:44 - [MESSAGE][PASSED] - Delayed 3 second(s)

2021-05-31 11:50:44 - [MESSAGE][PASSED] - Call Test Case 'Test Cases/Inicio Sesion sin variables' successfully

2021-05-31 11:50:44 - [TEST_STEP][PASSED] - click(findTestObject("1Inicio/img_Configuracion")): Object: 'Object Repository/1Inicio/img_Configuracion' is clicked on

2021-05-31 11:50:45 - [MESSAGE][PASSED] - Object: 'Object Repository/1Inicio/img_Configuracion' is clicked on

2021-05-31 11:50:45 - [TEST_STEP][PASSED] - delay(3): Delayed 3 second(s)

2021-05-31 11:50:48 - [MESSAGE][PASSED] - Delayed 3 second(s)

2021-05-31 11:50:48 - [TEST_STEP][PASSED] - click(findTestObject("Configuracion/1Principal/img_Sistema")): Object: 'Object Repository/Configuracion/1Principal/img_Sistema' is clicked on

2021-05-31 11:50:48 - [MESSAGE][PASSED] - Object: 'Object Repository/Configuracion/1Principal/img_Sistema' is clicked on

2021-05-31 11:50:48 - [TEST_STEP][PASSED] - delay(3): Delayed 3 second(s)

2021-05-31 11:50:51 - [MESSAGE][PASSED] - Delayed 3 second(s)

2021-05-31 11:50:51 - [TEST_STEP][PASSED] - click(findTestObject("Configuracion/Sistema/1Principal/img_Parametros Generales")): Object: 'Object Repository/Configuracion/Sistema/1Principal/img_Parametros Generales' is clicked on

2021-05-31 11:50:52 - [MESSAGE][PASSED] - Object: 'Object Repository/Configuracion/Sistema/1Principal/img_Parametros Generales' is clicked on

2021-05-31 11:50:52 - [TEST_STEP][PASSED] - delay(3): Delayed 3 second(s)

2021-05-31 11:50:55 - [MESSAGE][PASSED] - Delayed 3 second(s)

2021-05-31 11:50:55 - [TEST_STEP][PASSED] - click(findTestObject("Configuracion/Sistema/Parametros Generales/Pestanas/a_Elementos de sistema")): Object: 'Object Repository/Configuracion/Sistema/Parametros Generales/Pestanas/a_Elementos de sistema' is clicked on

2021-05-31 11:50:55 - [MESSAGE][PASSED] - Object: 'Object Repository/Configuracion/Sistema/Parametros Generales/Pestanas/a_Elementos de sistema' is clicked on

2021-05-31 11:50:55 - [TEST_STEP][PASSED] - delay(3): Delayed 3 second(s)

2021-05-31 11:50:58 - [MESSAGE][PASSED] - Delayed 3 second(s)

2021-05-31 11:50:58 - [TEST_STEP][PASSED] - click(findTestObject("Configuracion/Sistema/Parametros Generales/Filtros LLave/span_0filtro llave")): Object: 'Object Repository/Configuracion/Sistema/Parametros Generales/Filtros LLave/span_0filtro llave' is clicked on

2021-05-31 11:50:59 - [MESSAGE][PASSED] - Object: 'Object Repository/Configuracion/Sistema/Parametros Generales/Filtros LLave/span_0filtro llave' is clicked on

2021-05-31 11:50:59 - [TEST_STEP][PASSED] - mouseOver(findTestObject("Configuracion/Sistema/Parametros Generales/Filtros LLave/span_1Filtro")): Object: 'Object Repository/Configuracion/Sistema/Parametros Generales/Filtros LLave/span_1Filtro' is hovered

2021-05-31 11:51:00 - [MESSAGE][PASSED] - Object: 'Object Repository/Configuracion/Sistema/Parametros Generales/Filtros LLave/span_1Filtro' is hovered

2021-05-31 11:51:00 - [TEST_STEP][PASSED] - click(findTestObject("Configuracion/Sistema/Parametros Generales/Filtro 1er valor/span_select")): Object: 'Object Repository/Configuracion/Sistema/Parametros Generales/Filtro 1er valor/span_select' is clicked on

2021-05-31 11:51:01 - [MESSAGE][PASSED] - Object: 'Object Repository/Configuracion/Sistema/Parametros Generales/Filtro 1er valor/span_select' is clicked on

2021-05-31 11:51:01 - [TEST_STEP][PASSED] - click(findTestObject("Configuracion/Sistema/Parametros Generales/Filtro 1er valor/li_Contiene")): Object: 'Object Repository/Configuracion/Sistema/Parametros Generales/Filtro 1er valor/li_Contiene' is clicked on

2021-05-31 11:51:01 - [MESSAGE][PASSED] - Object: 'Object Repository/Configuracion/Sistema/Parametros Generales/Filtro 1er valor/li_Contiene' is clicked on

2021-05-31 11:51:01 - [TEST_STEP][PASSED] - setText(findTestObject("Configuracion/Sistema/Parametros Generales/Filtro 1er valor/input_Texto a buscar1"), "UsuarioCliente.Destino"): Text 'UsuarioCliente.Destino' is set on object 'Object Repository/Configuracion/Sistema/Parametros Generales/Filtro 1er valor/input_Texto a buscar1'

2021-05-31 11:51:02 - [MESSAGE][PASSED] - Text 'UsuarioCliente.Destino' is set on object 'Object Repository/Configuracion/Sistema/Parametros Generales/Filtro 1er valor/input_Texto a buscar1'

2021-05-31 11:51:02 - [TEST_STEP][PASSED] - click(findTestObject("Configuracion/Sistema/Parametros Generales/botones filtro/btn_Filtrar")): Object: 'Object Repository/Configuracion/Sistema/Parametros Generales/botones filtro/btn_Filtrar' is clicked on

2021-05-31 11:51:03 - [MESSAGE][PASSED] - Object: 'Object Repository/Configuracion/Sistema/Parametros Generales/botones filtro/btn_Filtrar' is clicked on

2021-05-31 11:51:03 - [TEST_STEP][PASSED] - delay(2): Delayed 2 second(s)

2021-05-31 11:51:05 - [MESSAGE][PASSED] - Delayed 2 second(s)

2021-05-31 11:51:05 - [TEST_STEP][PASSED] - click(findTestObject("Configuracion/Sistema/Parametros Generales/Cambiar Parametro Valor/a_Editar")): Object: 'Object Repository/Configuracion/Sistema/Parametros Generales/Cambiar Parametro Valor/a_Editar' is clicked on

2021-05-31 11:51:06 - [MESSAGE][PASSED] - Object: 'Object Repository/Configuracion/Sistema/Parametros Generales/Cambiar Parametro Valor/a_Editar' is clicked on

2021-05-31 11:51:06 - [TEST_STEP][PASSED] - delay(2): Delayed 2 second(s)

2021-05-31 11:51:08 - [MESSAGE][PASSED] - Delayed 2 second(s)

2021-05-31 11:51:08 - [TEST_STEP][PASSED] - click(findTestObject("Configuracion/Sistema/Parametros Generales/Cambiar Parametro Valor/input_Valor"), STOP_ON_FAILURE): Object: 'Object Repository/Configuracion/Sistema/Parametros Generales/Cambiar Parametro Valor/input_Valor' is clicked on

2021-05-31 11:51:09 - [MESSAGE][PASSED] - Object: 'Object Repository/Configuracion/Sistema/Parametros Generales/Cambiar Parametro Valor/input_Valor' is clicked on

2021-05-31 11:51:09 - [TEST_STEP][PASSED] - sendKeys(findTestObject(null), "0"): Keys '0' sent to object: 'tempBody'

2021-05-31 11:51:09 - [MESSAGE][WARNING] - Test object id is null

2021-05-31 11:51:09 - [MESSAGE][WARNING] - Test object with id 'Object Repository/' does not exist

2021-05-31 11:51:09 - [MESSAGE][PASSED] - Keys '0' sent to object: 'tempBody'

2021-05-31 11:51:09 - [TEST_STEP][PASSED] - delay(2): Delayed 2 second(s)

2021-05-31 11:51:11 - [MESSAGE][PASSED] - Delayed 2 second(s)

2021-05-31 11:51:11 - [TEST_STEP][PASSED] - click(findTestObject("Configuracion/Sistema/Parametros Generales/Cambiar Parametro Valor/a_Guardar")): Object: 'Object Repository/Configuracion/Sistema/Parametros Generales/Cambiar Parametro Valor/a_Guardar' is clicked on

2021-05-31 11:51:12 - [MESSAGE][PASSED] - Object: 'Object Repository/Configuracion/Sistema/Parametros Generales/Cambiar Parametro Valor/a_Guardar' is clicked on

2021-05-31 11:51:12 - [TEST_STEP][PASSED] - delay(3): Delayed 3 second(s)

2021-05-31 11:51:15 - [MESSAGE][PASSED] - Delayed 3 second(s)

2021-05-31 11:51:15 - [TEST_STEP][PASSED] - click(findTestObject("1Inicio/a_Inicio")): Object: 'Object Repository/1Inicio/a_Inicio' is clicked on

2021-05-31 11:51:16 - [MESSAGE][PASSED] - Object: 'Object Repository/1Inicio/a_Inicio' is clicked on

2021-05-31 11:51:16 - [TEST_STEP][PASSED] - delay(3): Delayed 3 second(s)

2021-05-31 11:51:19 - [MESSAGE][PASSED] - Delayed 3 second(s)

2021-05-31 11:51:19 - [TEST_STEP][PASSED] - click(findTestObject("1Inicio/img_Operacion")): Object: 'Object Repository/1Inicio/img_Operacion' is clicked on

2021-05-31 11:51:19 - [MESSAGE][PASSED] - Object: 'Object Repository/1Inicio/img_Operacion' is clicked on

2021-05-31 11:51:19 - [TEST_STEP][PASSED] - delay(3): Delayed 3 second(s)

2021-05-31 11:51:22 - [MESSAGE][PASSED] - Delayed 3 second(s)

2021-05-31 11:51:22 - [TEST_STEP][PASSED] - click(findTestObject("2 Operacion/Elementos Del Sistema")): Object: 'Object Repository/2 Operacion/Elementos Del Sistema' is clicked on

2021-05-31 11:51:24 - [MESSAGE][PASSED] - Object: 'Object Repository/2 Operacion/Elementos Del Sistema' is clicked on

2021-05-31 11:51:24 - [TEST_STEP][PASSED] - delay(3): Delayed 3 second(s)

2021-05-31 11:51:27 - [MESSAGE][PASSED] - Delayed 3 second(s)

2021-05-31 11:51:27 - [TEST_STEP][PASSED] - click(findTestObject("2 Operacion/Elementos del Sistema/img_Terminales")): Object: 'Object Repository/2 Operacion/Elementos del Sistema/img_Terminales' is clicked on

2021-05-31 11:51:28 - [MESSAGE][PASSED] - Object: 'Object Repository/2 Operacion/Elementos del Sistema/img_Terminales' is clicked on

2021-05-31 11:51:28 - [TEST_STEP][PASSED] - delay(3): Delayed 3 second(s)

2021-05-31 11:51:31 - [MESSAGE][PASSED] - Delayed 3 second(s)

2021-05-31 11:51:31 - [TEST_STEP][PASSED] - click(findTestObject("2 Operacion/Elementos del Sistema/Selectores/00Oficinas/a_Bogota - CIEL")): Object: 'Object Repository/2 Operacion/Elementos del Sistema/Selectores/00Oficinas/a_Bogota - CIEL' is clicked on

2021-05-31 11:51:31 - [MESSAGE][PASSED] - Object: 'Object Repository/2 Operacion/Elementos del Sistema/Selectores/00Oficinas/a_Bogota - CIEL' is clicked on

2021-05-31 11:51:31 - [TEST_STEP][PASSED] - delay(3): Delayed 3 second(s)

2021-05-31 11:51:34 - [MESSAGE][PASSED] - Delayed 3 second(s)

2021-05-31 11:51:34 - [TEST_STEP][PASSED] - click(findTestObject("2 Operacion/Elementos del Sistema/Terminales/1Terminales menos WorkFlow/a_Terminal PQRS A02")): Object: 'Object Repository/2 Operacion/Elementos del Sistema/Terminales/1Terminales menos WorkFlow/a_Terminal PQRS A02' is clicked on

2021-05-31 11:51:35 - [MESSAGE][PASSED] - Object: 'Object Repository/2 Operacion/Elementos del Sistema/Terminales/1Terminales menos WorkFlow/a_Terminal PQRS A02' is clicked on

2021-05-31 11:51:35 - [TEST_STEP][PASSED] - delay(3): Delayed 3 second(s)

2021-05-31 11:51:38 - [MESSAGE][PASSED] - Delayed 3 second(s)

2021-05-31 11:51:38 - [TEST_STEP][PASSED] - click(findTestObject("2 Operacion/Elementos del Sistema/Terminales/Terminal/Funciones Basicas/img_Llamar")): Object: 'Object Repository/2 Operacion/Elementos del Sistema/Terminales/Terminal/Funciones Basicas/img_Llamar' is clicked on

2021-05-31 11:51:39 - [MESSAGE][PASSED] - Object: 'Object Repository/2 Operacion/Elementos del Sistema/Terminales/Terminal/Funciones Basicas/img_Llamar' is clicked on

2021-05-31 11:51:39 - [TEST_STEP][PASSED] - delay(3): Delayed 3 second(s)

2021-05-31 11:51:42 - [MESSAGE][PASSED] - Delayed 3 second(s)

2021-05-31 11:51:42 - [TEST_STEP][PASSED] - click(findTestObject("2 Operacion/Elementos del Sistema/Terminales/Terminal/Funciones Basicas/img_Ocupado")): Object: 'Object Repository/2 Operacion/Elementos del Sistema/Terminales/Terminal/Funciones Basicas/img_Ocupado' is clicked on

2021-05-31 11:51:42 - [MESSAGE][PASSED] - Object: 'Object Repository/2 Operacion/Elementos del Sistema/Terminales/Terminal/Funciones Basicas/img_Ocupado' is clicked on

2021-05-31 11:51:42 - [TEST_STEP][PASSED] - delay(3): Delayed 3 second(s)

2021-05-31 11:51:45 - [MESSAGE][PASSED] - Delayed 3 second(s)

2021-05-31 11:51:45 - [TEST_STEP][PASSED] - click(findTestObject("2 Operacion/Elementos del Sistema/Terminales/Terminal/Funciones Basicas/imgOcupado/a_Actualizacion de Datos")): Object: 'Object Repository/2 Operacion/Elementos del Sistema/Terminales/Terminal/Funciones Basicas/imgOcupado/a_Actualizacion de Datos' is clicked on

2021-05-31 11:51:46 - [MESSAGE][PASSED] - Object: 'Object Repository/2 Operacion/Elementos del Sistema/Terminales/Terminal/Funciones Basicas/imgOcupado/a_Actualizacion de Datos' is clicked on

2021-05-31 11:51:46 - [TEST_STEP][PASSED] - delay(3): Delayed 3 second(s)

2021-05-31 11:51:49 - [MESSAGE][PASSED] - Delayed 3 second(s)

2021-05-31 11:51:49 - [TEST_STEP][PASSED] - selectOptionByIndex(findTestObject("2 Operacion/Elementos del Sistema/Terminales/Terminal/Cliente/select_TipoIdentificacion"), 2): All options with index in [2] are selected on object 'Object Repository/2 Operacion/Elementos del Sistema/Terminales/Terminal/Cliente/select_TipoIdentificacion'

2021-05-31 11:51:50 - [MESSAGE][PASSED] - All options with index in [2] are selected on object 'Object Repository/2 Operacion/Elementos del Sistema/Terminales/Terminal/Cliente/select_TipoIdentificacion'

2021-05-31 11:51:50 - [TEST_STEP][PASSED] - delay(3): Delayed 3 second(s)

2021-05-31 11:51:53 - [MESSAGE][PASSED] - Delayed 3 second(s)

2021-05-31 11:51:53 - [TEST_STEP][PASSED] - setText(findTestObject("2 Operacion/Elementos del Sistema/Terminales/Terminal/Cliente/input_Identificacion"), "636711"): Text '636711' is set on object 'Object Repository/2 Operacion/Elementos del Sistema/Terminales/Terminal/Cliente/input_Identificacion'

2021-05-31 11:51:54 - [MESSAGE][PASSED] - Text '636711' is set on object 'Object Repository/2 Operacion/Elementos del Sistema/Terminales/Terminal/Cliente/input_Identificacion'

2021-05-31 11:51:54 - [TEST_STEP][PASSED] - delay(3): Delayed 3 second(s)

2021-05-31 11:51:57 - [MESSAGE][PASSED] - Delayed 3 second(s)

2021-05-31 11:51:57 - [TEST_STEP][PASSED] - click(findTestObject("2 Operacion/Elementos del Sistema/Terminales/Terminal/Cliente/botones/img_Buscar")): Object: 'Object Repository/2 Operacion/Elementos del Sistema/Terminales/Terminal/Cliente/botones/img_Buscar' is clicked on

2021-05-31 11:51:57 - [MESSAGE][PASSED] - Object: 'Object Repository/2 Operacion/Elementos del Sistema/Terminales/Terminal/Cliente/botones/img_Buscar' is clicked on

2021-05-31 11:51:57 - [TEST_STEP][PASSED] - delay(3): Delayed 3 second(s)

2021-05-31 11:52:00 - [MESSAGE][PASSED] - Delayed 3 second(s)

2021-05-31 11:52:00 - [TEST_STEP][PASSED] - click(findTestObject("2 Operacion/Elementos del Sistema/Terminales/Terminal/Funciones Adicionales/img_Nueva Transaccion")): Object: 'Object Repository/2 Operacion/Elementos del Sistema/Terminales/Terminal/Funciones Adicionales/img_Nueva Transaccion' is clicked on

2021-05-31 11:52:01 - [MESSAGE][PASSED] - Object: 'Object Repository/2 Operacion/Elementos del Sistema/Terminales/Terminal/Funciones Adicionales/img_Nueva Transaccion' is clicked on

2021-05-31 11:52:01 - [TEST_STEP][PASSED] - delay(3): Delayed 3 second(s)

2021-05-31 11:52:04 - [MESSAGE][PASSED] - Delayed 3 second(s)

2021-05-31 11:52:04 - [TEST_STEP][PASSED] - click(findTestObject("2 Operacion/Elementos del Sistema/Terminales/Terminal/Funciones Adicionales/imgNuevaTransaccion/a_Radicaciones")): Object: 'Object Repository/2 Operacion/Elementos del Sistema/Terminales/Terminal/Funciones Adicionales/imgNuevaTransaccion/a_Radicaciones' is clicked on

2021-05-31 11:52:04 - [MESSAGE][PASSED] - Object: 'Object Repository/2 Operacion/Elementos del Sistema/Terminales/Terminal/Funciones Adicionales/imgNuevaTransaccion/a_Radicaciones' is clicked on

2021-05-31 11:52:04 - [TEST_STEP][PASSED] - delay(3): Delayed 3 second(s)

2021-05-31 11:52:07 - [MESSAGE][PASSED] - Delayed 3 second(s)

2021-05-31 11:52:07 - [TEST_STEP][PASSED] - click(findTestObject("2 Operacion/Elementos del Sistema/Terminales/Terminal/Funciones Adicionales/imgNuevaTransaccion/subservicios/a_Certificado rad")): Object: 'Object Repository/2 Operacion/Elementos del Sistema/Terminales/Terminal/Funciones Adicionales/imgNuevaTransaccion/subservicios/a_Certificado rad' is clicked on

2021-05-31 11:52:08 - [MESSAGE][PASSED] - Object: 'Object Repository/2 Operacion/Elementos del Sistema/Terminales/Terminal/Funciones Adicionales/imgNuevaTransaccion/subservicios/a_Certificado rad' is clicked on

2021-05-31 11:52:08 - [TEST_STEP][PASSED] - delay(3): Delayed 3 second(s)

2021-05-31 11:52:11 - [MESSAGE][PASSED] - Delayed 3 second(s)

2021-05-31 11:52:11 - [TEST_STEP][PASSED] - takeFullPageScreenshot(): Taking screenshot successfully

2021-05-31 11:52:12 - [MESSAGE][INFO] - 0 hidden object(s)

2021-05-31 11:52:12 - [MESSAGE][PASSED] - Taking screenshot successfully
[[ATTACHMENT|E:\\CIEL INGENIERIA\\KATALON\\Validaciones\\Reports\\20210531_115006\\64.UsuarioCliente.Destino\\20210531_115006\\1622479931430.png]]

2021-05-31 11:52:12 - [TEST_STEP][PASSED] - delay(3): Delayed 3 second(s)

2021-05-31 11:52:15 - [MESSAGE][PASSED] - Delayed 3 second(s)

2021-05-31 11:52:15 - [TEST_STEP][PASSED] - click(findTestObject("2 Operacion/Elementos del Sistema/Terminales/Terminal/Funciones Basicas/img_Cerrar")): Object: 'Object Repository/2 Operacion/Elementos del Sistema/Terminales/Terminal/Funciones Basicas/img_Cerrar' is clicked on

2021-05-31 11:52:15 - [MESSAGE][PASSED] - Object: 'Object Repository/2 Operacion/Elementos del Sistema/Terminales/Terminal/Funciones Basicas/img_Cerrar' is clicked on

2021-05-31 11:52:15 - [TEST_STEP][PASSED] - delay(3): Delayed 3 second(s)

2021-05-31 11:52:18 - [MESSAGE][PASSED] - Delayed 3 second(s)

2021-05-31 11:52:18 - [TEST_STEP][PASSED] - click(findTestObject("2 Operacion/Elementos del Sistema/Terminales/Terminal/Funciones Basicas/imgCerrar/btn_FindeJornada")): Object: 'Object Repository/2 Operacion/Elementos del Sistema/Terminales/Terminal/Funciones Basicas/imgCerrar/btn_FindeJornada' is clicked on

2021-05-31 11:52:19 - [MESSAGE][PASSED] - Object: 'Object Repository/2 Operacion/Elementos del Sistema/Terminales/Terminal/Funciones Basicas/imgCerrar/btn_FindeJornada' is clicked on

2021-05-31 11:52:19 - [TEST_STEP][PASSED] - delay(3): Delayed 3 second(s)

2021-05-31 11:52:22 - [MESSAGE][PASSED] - Delayed 3 second(s)]]></system-out>
         <system-err><![CDATA[]]></system-err>
      </testcase>
      <testcase name="Test Cases/64.UsuarioCliente.Destino 1Servicio" time="108.804" classname="Test Cases/64.UsuarioCliente.Destino 1Servicio" status="PASSED">
         <system-out><![CDATA[2021-05-31 11:52:22 - [TEST_CASE][PASSED] - Test Cases/64.UsuarioCliente.Destino 1Servicio: Test Cases/64.UsuarioCliente.Destino 1Servicio

2021-05-31 11:52:23 - [TEST_STEP][PASSED] - callTestCase(findTestCase("Inicio Sesion sin variables"), [:], STOP_ON_FAILURE): Call Test Case 'Test Cases/Inicio Sesion sin variables' successfully

2021-05-31 11:52:23 - [TEST_CASE][PASSED] - Test Cases/Inicio Sesion sin variables: Test Cases/Inicio Sesion sin variables

2021-05-31 11:52:23 - [TEST_STEP][PASSED] - openBrowser("http://Localhost:8810"): Browser is opened with url: 'http://Localhost:8810'

2021-05-31 11:52:23 - [MESSAGE][WARNING] - A browser is already opened. Closing browser and opening a new one

2021-05-31 11:52:26 - [MESSAGE][INFO] - Starting 'Edge' driver

2021-05-31 11:52:26 - [MESSAGE][INFO] - Action delay is set to 0 milliseconds

2021-05-31 11:52:31 - [MESSAGE][PASSED] - Browser is opened with url: 'http://Localhost:8810'

2021-05-31 11:52:31 - [TEST_STEP][PASSED] - maximizeWindow(): Current window maximized

2021-05-31 11:52:32 - [MESSAGE][PASSED] - Current window maximized

2021-05-31 11:52:32 - [TEST_STEP][PASSED] - setText(findTestObject("0Inicio Sesion/input__Usuario"), "ciel"): Text 'ciel' is set on object 'Object Repository/0Inicio Sesion/input__Usuario'

2021-05-31 11:52:33 - [MESSAGE][PASSED] - Text 'ciel' is set on object 'Object Repository/0Inicio Sesion/input__Usuario'

2021-05-31 11:52:33 - [TEST_STEP][PASSED] - setText(findTestObject("0Inicio Sesion/input__Clave"), "digiturno"): Text 'digiturno' is set on object 'Object Repository/0Inicio Sesion/input__Clave'

2021-05-31 11:52:34 - [MESSAGE][PASSED] - Text 'digiturno' is set on object 'Object Repository/0Inicio Sesion/input__Clave'

2021-05-31 11:52:34 - [TEST_STEP][PASSED] - click(findTestObject("0Inicio Sesion/btn_IniciarSesion")): Object: 'Object Repository/0Inicio Sesion/btn_IniciarSesion' is clicked on

2021-05-31 11:52:34 - [MESSAGE][PASSED] - Object: 'Object Repository/0Inicio Sesion/btn_IniciarSesion' is clicked on

2021-05-31 11:52:34 - [TEST_STEP][PASSED] - delay(3): Delayed 3 second(s)

2021-05-31 11:52:37 - [MESSAGE][PASSED] - Delayed 3 second(s)

2021-05-31 11:52:37 - [MESSAGE][PASSED] - Call Test Case 'Test Cases/Inicio Sesion sin variables' successfully

2021-05-31 11:52:37 - [TEST_STEP][PASSED] - click(findTestObject("1Inicio/img_Configuracion")): Object: 'Object Repository/1Inicio/img_Configuracion' is clicked on

2021-05-31 11:52:38 - [MESSAGE][PASSED] - Object: 'Object Repository/1Inicio/img_Configuracion' is clicked on

2021-05-31 11:52:38 - [TEST_STEP][PASSED] - delay(3): Delayed 3 second(s)

2021-05-31 11:52:41 - [MESSAGE][PASSED] - Delayed 3 second(s)

2021-05-31 11:52:41 - [TEST_STEP][PASSED] - click(findTestObject("Configuracion/1Principal/img_Sistema")): Object: 'Object Repository/Configuracion/1Principal/img_Sistema' is clicked on

2021-05-31 11:52:41 - [MESSAGE][PASSED] - Object: 'Object Repository/Configuracion/1Principal/img_Sistema' is clicked on

2021-05-31 11:52:41 - [TEST_STEP][PASSED] - delay(3): Delayed 3 second(s)

2021-05-31 11:52:44 - [MESSAGE][PASSED] - Delayed 3 second(s)

2021-05-31 11:52:44 - [TEST_STEP][PASSED] - click(findTestObject("Configuracion/Sistema/1Principal/img_Parametros Generales")): Object: 'Object Repository/Configuracion/Sistema/1Principal/img_Parametros Generales' is clicked on

2021-05-31 11:52:45 - [MESSAGE][PASSED] - Object: 'Object Repository/Configuracion/Sistema/1Principal/img_Parametros Generales' is clicked on

2021-05-31 11:52:45 - [TEST_STEP][PASSED] - delay(3): Delayed 3 second(s)

2021-05-31 11:52:48 - [MESSAGE][PASSED] - Delayed 3 second(s)

2021-05-31 11:52:48 - [TEST_STEP][PASSED] - click(findTestObject("Configuracion/Sistema/Parametros Generales/Pestanas/a_Elementos de sistema")): Object: 'Object Repository/Configuracion/Sistema/Parametros Generales/Pestanas/a_Elementos de sistema' is clicked on

2021-05-31 11:52:49 - [MESSAGE][PASSED] - Object: 'Object Repository/Configuracion/Sistema/Parametros Generales/Pestanas/a_Elementos de sistema' is clicked on

2021-05-31 11:52:49 - [TEST_STEP][PASSED] - delay(3): Delayed 3 second(s)

2021-05-31 11:52:52 - [MESSAGE][PASSED] - Delayed 3 second(s)

2021-05-31 11:52:52 - [TEST_STEP][PASSED] - click(findTestObject("Configuracion/Sistema/Parametros Generales/Filtros LLave/span_0filtro llave")): Object: 'Object Repository/Configuracion/Sistema/Parametros Generales/Filtros LLave/span_0filtro llave' is clicked on

2021-05-31 11:52:52 - [MESSAGE][PASSED] - Object: 'Object Repository/Configuracion/Sistema/Parametros Generales/Filtros LLave/span_0filtro llave' is clicked on

2021-05-31 11:52:52 - [TEST_STEP][PASSED] - mouseOver(findTestObject("Configuracion/Sistema/Parametros Generales/Filtros LLave/span_1Filtro")): Object: 'Object Repository/Configuracion/Sistema/Parametros Generales/Filtros LLave/span_1Filtro' is hovered

2021-05-31 11:52:53 - [MESSAGE][PASSED] - Object: 'Object Repository/Configuracion/Sistema/Parametros Generales/Filtros LLave/span_1Filtro' is hovered

2021-05-31 11:52:53 - [TEST_STEP][PASSED] - click(findTestObject("Configuracion/Sistema/Parametros Generales/Filtro 1er valor/span_select")): Object: 'Object Repository/Configuracion/Sistema/Parametros Generales/Filtro 1er valor/span_select' is clicked on

2021-05-31 11:52:54 - [MESSAGE][PASSED] - Object: 'Object Repository/Configuracion/Sistema/Parametros Generales/Filtro 1er valor/span_select' is clicked on

2021-05-31 11:52:54 - [TEST_STEP][PASSED] - click(findTestObject("Configuracion/Sistema/Parametros Generales/Filtro 1er valor/li_Contiene")): Object: 'Object Repository/Configuracion/Sistema/Parametros Generales/Filtro 1er valor/li_Contiene' is clicked on

2021-05-31 11:52:54 - [MESSAGE][PASSED] - Object: 'Object Repository/Configuracion/Sistema/Parametros Generales/Filtro 1er valor/li_Contiene' is clicked on

2021-05-31 11:52:54 - [TEST_STEP][PASSED] - setText(findTestObject("Configuracion/Sistema/Parametros Generales/Filtro 1er valor/input_Texto a buscar1"), "UsuarioCliente.Destino"): Text 'UsuarioCliente.Destino' is set on object 'Object Repository/Configuracion/Sistema/Parametros Generales/Filtro 1er valor/input_Texto a buscar1'

2021-05-31 11:52:55 - [MESSAGE][PASSED] - Text 'UsuarioCliente.Destino' is set on object 'Object Repository/Configuracion/Sistema/Parametros Generales/Filtro 1er valor/input_Texto a buscar1'

2021-05-31 11:52:55 - [TEST_STEP][PASSED] - click(findTestObject("Configuracion/Sistema/Parametros Generales/botones filtro/btn_Filtrar")): Object: 'Object Repository/Configuracion/Sistema/Parametros Generales/botones filtro/btn_Filtrar' is clicked on

2021-05-31 11:52:56 - [MESSAGE][PASSED] - Object: 'Object Repository/Configuracion/Sistema/Parametros Generales/botones filtro/btn_Filtrar' is clicked on

2021-05-31 11:52:56 - [TEST_STEP][PASSED] - delay(2): Delayed 2 second(s)

2021-05-31 11:52:58 - [MESSAGE][PASSED] - Delayed 2 second(s)

2021-05-31 11:52:58 - [TEST_STEP][PASSED] - click(findTestObject("Configuracion/Sistema/Parametros Generales/Cambiar Parametro Valor/a_Editar")): Object: 'Object Repository/Configuracion/Sistema/Parametros Generales/Cambiar Parametro Valor/a_Editar' is clicked on

2021-05-31 11:52:59 - [MESSAGE][PASSED] - Object: 'Object Repository/Configuracion/Sistema/Parametros Generales/Cambiar Parametro Valor/a_Editar' is clicked on

2021-05-31 11:52:59 - [TEST_STEP][PASSED] - delay(2): Delayed 2 second(s)

2021-05-31 11:53:01 - [MESSAGE][PASSED] - Delayed 2 second(s)

2021-05-31 11:53:01 - [TEST_STEP][PASSED] - click(findTestObject("Configuracion/Sistema/Parametros Generales/Cambiar Parametro Valor/input_Valor"), STOP_ON_FAILURE): Object: 'Object Repository/Configuracion/Sistema/Parametros Generales/Cambiar Parametro Valor/input_Valor' is clicked on

2021-05-31 11:53:01 - [MESSAGE][PASSED] - Object: 'Object Repository/Configuracion/Sistema/Parametros Generales/Cambiar Parametro Valor/input_Valor' is clicked on

2021-05-31 11:53:01 - [TEST_STEP][PASSED] - sendKeys(findTestObject(null), "1"): Keys '1' sent to object: 'tempBody'

2021-05-31 11:53:01 - [MESSAGE][WARNING] - Test object id is null

2021-05-31 11:53:01 - [MESSAGE][WARNING] - Test object with id 'Object Repository/' does not exist

2021-05-31 11:53:02 - [MESSAGE][PASSED] - Keys '1' sent to object: 'tempBody'

2021-05-31 11:53:02 - [TEST_STEP][PASSED] - delay(2): Delayed 2 second(s)

2021-05-31 11:53:04 - [MESSAGE][PASSED] - Delayed 2 second(s)

2021-05-31 11:53:04 - [TEST_STEP][PASSED] - click(findTestObject("Configuracion/Sistema/Parametros Generales/Cambiar Parametro Valor/a_Guardar")): Object: 'Object Repository/Configuracion/Sistema/Parametros Generales/Cambiar Parametro Valor/a_Guardar' is clicked on

2021-05-31 11:53:04 - [MESSAGE][PASSED] - Object: 'Object Repository/Configuracion/Sistema/Parametros Generales/Cambiar Parametro Valor/a_Guardar' is clicked on

2021-05-31 11:53:04 - [TEST_STEP][PASSED] - delay(3): Delayed 3 second(s)

2021-05-31 11:53:07 - [MESSAGE][PASSED] - Delayed 3 second(s)

2021-05-31 11:53:07 - [TEST_STEP][PASSED] - click(findTestObject("1Inicio/a_Inicio")): Object: 'Object Repository/1Inicio/a_Inicio' is clicked on

2021-05-31 11:53:08 - [MESSAGE][PASSED] - Object: 'Object Repository/1Inicio/a_Inicio' is clicked on

2021-05-31 11:53:08 - [TEST_STEP][PASSED] - delay(3): Delayed 3 second(s)

2021-05-31 11:53:11 - [MESSAGE][PASSED] - Delayed 3 second(s)

2021-05-31 11:53:11 - [TEST_STEP][PASSED] - click(findTestObject("1Inicio/img_Operacion")): Object: 'Object Repository/1Inicio/img_Operacion' is clicked on

2021-05-31 11:53:11 - [MESSAGE][PASSED] - Object: 'Object Repository/1Inicio/img_Operacion' is clicked on

2021-05-31 11:53:11 - [TEST_STEP][PASSED] - delay(3): Delayed 3 second(s)

2021-05-31 11:53:14 - [MESSAGE][PASSED] - Delayed 3 second(s)

2021-05-31 11:53:14 - [TEST_STEP][PASSED] - click(findTestObject("2 Operacion/Elementos Del Sistema")): Object: 'Object Repository/2 Operacion/Elementos Del Sistema' is clicked on

2021-05-31 11:53:15 - [MESSAGE][PASSED] - Object: 'Object Repository/2 Operacion/Elementos Del Sistema' is clicked on

2021-05-31 11:53:15 - [TEST_STEP][PASSED] - delay(3): Delayed 3 second(s)

2021-05-31 11:53:18 - [MESSAGE][PASSED] - Delayed 3 second(s)

2021-05-31 11:53:18 - [TEST_STEP][PASSED] - click(findTestObject("2 Operacion/Elementos del Sistema/img_Terminales")): Object: 'Object Repository/2 Operacion/Elementos del Sistema/img_Terminales' is clicked on

2021-05-31 11:53:18 - [MESSAGE][PASSED] - Object: 'Object Repository/2 Operacion/Elementos del Sistema/img_Terminales' is clicked on

2021-05-31 11:53:18 - [TEST_STEP][PASSED] - delay(3): Delayed 3 second(s)

2021-05-31 11:53:21 - [MESSAGE][PASSED] - Delayed 3 second(s)

2021-05-31 11:53:21 - [TEST_STEP][PASSED] - click(findTestObject("2 Operacion/Elementos del Sistema/Selectores/00Oficinas/a_Bogota - CIEL")): Object: 'Object Repository/2 Operacion/Elementos del Sistema/Selectores/00Oficinas/a_Bogota - CIEL' is clicked on

2021-05-31 11:53:21 - [MESSAGE][PASSED] - Object: 'Object Repository/2 Operacion/Elementos del Sistema/Selectores/00Oficinas/a_Bogota - CIEL' is clicked on

2021-05-31 11:53:21 - [TEST_STEP][PASSED] - delay(3): Delayed 3 second(s)

2021-05-31 11:53:24 - [MESSAGE][PASSED] - Delayed 3 second(s)

2021-05-31 11:53:24 - [TEST_STEP][PASSED] - click(findTestObject("2 Operacion/Elementos del Sistema/Terminales/1Terminales menos WorkFlow/a_Terminal PQRS A02")): Object: 'Object Repository/2 Operacion/Elementos del Sistema/Terminales/1Terminales menos WorkFlow/a_Terminal PQRS A02' is clicked on

2021-05-31 11:53:25 - [MESSAGE][PASSED] - Object: 'Object Repository/2 Operacion/Elementos del Sistema/Terminales/1Terminales menos WorkFlow/a_Terminal PQRS A02' is clicked on

2021-05-31 11:53:25 - [TEST_STEP][PASSED] - delay(3): Delayed 3 second(s)

2021-05-31 11:53:28 - [MESSAGE][PASSED] - Delayed 3 second(s)

2021-05-31 11:53:28 - [TEST_STEP][PASSED] - click(findTestObject("2 Operacion/Elementos del Sistema/Terminales/Terminal/Funciones Basicas/img_Llamar")): Object: 'Object Repository/2 Operacion/Elementos del Sistema/Terminales/Terminal/Funciones Basicas/img_Llamar' is clicked on

2021-05-31 11:53:28 - [MESSAGE][PASSED] - Object: 'Object Repository/2 Operacion/Elementos del Sistema/Terminales/Terminal/Funciones Basicas/img_Llamar' is clicked on

2021-05-31 11:53:28 - [TEST_STEP][PASSED] - delay(3): Delayed 3 second(s)

2021-05-31 11:53:31 - [MESSAGE][PASSED] - Delayed 3 second(s)

2021-05-31 11:53:31 - [TEST_STEP][PASSED] - click(findTestObject("2 Operacion/Elementos del Sistema/Terminales/Terminal/Funciones Basicas/img_Ocupado")): Object: 'Object Repository/2 Operacion/Elementos del Sistema/Terminales/Terminal/Funciones Basicas/img_Ocupado' is clicked on

2021-05-31 11:53:32 - [MESSAGE][PASSED] - Object: 'Object Repository/2 Operacion/Elementos del Sistema/Terminales/Terminal/Funciones Basicas/img_Ocupado' is clicked on

2021-05-31 11:53:32 - [TEST_STEP][PASSED] - delay(3): Delayed 3 second(s)

2021-05-31 11:53:35 - [MESSAGE][PASSED] - Delayed 3 second(s)

2021-05-31 11:53:35 - [TEST_STEP][PASSED] - click(findTestObject("2 Operacion/Elementos del Sistema/Terminales/Terminal/Funciones Basicas/imgOcupado/a_Actualizacion de Datos")): Object: 'Object Repository/2 Operacion/Elementos del Sistema/Terminales/Terminal/Funciones Basicas/imgOcupado/a_Actualizacion de Datos' is clicked on

2021-05-31 11:53:35 - [MESSAGE][PASSED] - Object: 'Object Repository/2 Operacion/Elementos del Sistema/Terminales/Terminal/Funciones Basicas/imgOcupado/a_Actualizacion de Datos' is clicked on

2021-05-31 11:53:35 - [TEST_STEP][PASSED] - delay(3): Delayed 3 second(s)

2021-05-31 11:53:38 - [MESSAGE][PASSED] - Delayed 3 second(s)

2021-05-31 11:53:38 - [TEST_STEP][PASSED] - selectOptionByIndex(findTestObject("2 Operacion/Elementos del Sistema/Terminales/Terminal/Cliente/select_TipoIdentificacion"), 2): All options with index in [2] are selected on object 'Object Repository/2 Operacion/Elementos del Sistema/Terminales/Terminal/Cliente/select_TipoIdentificacion'

2021-05-31 11:53:39 - [MESSAGE][PASSED] - All options with index in [2] are selected on object 'Object Repository/2 Operacion/Elementos del Sistema/Terminales/Terminal/Cliente/select_TipoIdentificacion'

2021-05-31 11:53:39 - [TEST_STEP][PASSED] - delay(3): Delayed 3 second(s)

2021-05-31 11:53:42 - [MESSAGE][PASSED] - Delayed 3 second(s)

2021-05-31 11:53:42 - [TEST_STEP][PASSED] - setText(findTestObject("2 Operacion/Elementos del Sistema/Terminales/Terminal/Cliente/input_Identificacion"), "636711"): Text '636711' is set on object 'Object Repository/2 Operacion/Elementos del Sistema/Terminales/Terminal/Cliente/input_Identificacion'

2021-05-31 11:53:44 - [MESSAGE][PASSED] - Text '636711' is set on object 'Object Repository/2 Operacion/Elementos del Sistema/Terminales/Terminal/Cliente/input_Identificacion'

2021-05-31 11:53:44 - [TEST_STEP][PASSED] - delay(3): Delayed 3 second(s)

2021-05-31 11:53:47 - [MESSAGE][PASSED] - Delayed 3 second(s)

2021-05-31 11:53:47 - [TEST_STEP][PASSED] - click(findTestObject("2 Operacion/Elementos del Sistema/Terminales/Terminal/Cliente/botones/img_Buscar")): Object: 'Object Repository/2 Operacion/Elementos del Sistema/Terminales/Terminal/Cliente/botones/img_Buscar' is clicked on

2021-05-31 11:53:47 - [MESSAGE][PASSED] - Object: 'Object Repository/2 Operacion/Elementos del Sistema/Terminales/Terminal/Cliente/botones/img_Buscar' is clicked on

2021-05-31 11:53:47 - [TEST_STEP][PASSED] - delay(3): Delayed 3 second(s)

2021-05-31 11:53:50 - [MESSAGE][PASSED] - Delayed 3 second(s)

2021-05-31 11:53:50 - [TEST_STEP][PASSED] - click(findTestObject("2 Operacion/Elementos del Sistema/Terminales/Terminal/Funciones Adicionales/img_Nueva Transaccion")): Object: 'Object Repository/2 Operacion/Elementos del Sistema/Terminales/Terminal/Funciones Adicionales/img_Nueva Transaccion' is clicked on

2021-05-31 11:53:50 - [MESSAGE][PASSED] - Object: 'Object Repository/2 Operacion/Elementos del Sistema/Terminales/Terminal/Funciones Adicionales/img_Nueva Transaccion' is clicked on

2021-05-31 11:53:50 - [TEST_STEP][PASSED] - delay(3): Delayed 3 second(s)

2021-05-31 11:53:53 - [MESSAGE][PASSED] - Delayed 3 second(s)

2021-05-31 11:53:53 - [TEST_STEP][PASSED] - click(findTestObject("2 Operacion/Elementos del Sistema/Terminales/Terminal/Funciones Adicionales/imgNuevaTransaccion/a_Radicaciones")): Object: 'Object Repository/2 Operacion/Elementos del Sistema/Terminales/Terminal/Funciones Adicionales/imgNuevaTransaccion/a_Radicaciones' is clicked on

2021-05-31 11:53:54 - [MESSAGE][PASSED] - Object: 'Object Repository/2 Operacion/Elementos del Sistema/Terminales/Terminal/Funciones Adicionales/imgNuevaTransaccion/a_Radicaciones' is clicked on

2021-05-31 11:53:54 - [TEST_STEP][PASSED] - delay(3): Delayed 3 second(s)

2021-05-31 11:53:57 - [MESSAGE][PASSED] - Delayed 3 second(s)

2021-05-31 11:53:57 - [TEST_STEP][PASSED] - click(findTestObject("2 Operacion/Elementos del Sistema/Terminales/Terminal/Funciones Adicionales/imgNuevaTransaccion/subservicios/a_Certificado rad")): Object: 'Object Repository/2 Operacion/Elementos del Sistema/Terminales/Terminal/Funciones Adicionales/imgNuevaTransaccion/subservicios/a_Certificado rad' is clicked on

2021-05-31 11:53:57 - [MESSAGE][PASSED] - Object: 'Object Repository/2 Operacion/Elementos del Sistema/Terminales/Terminal/Funciones Adicionales/imgNuevaTransaccion/subservicios/a_Certificado rad' is clicked on

2021-05-31 11:53:57 - [TEST_STEP][PASSED] - delay(3): Delayed 3 second(s)

2021-05-31 11:54:00 - [MESSAGE][PASSED] - Delayed 3 second(s)

2021-05-31 11:54:00 - [TEST_STEP][PASSED] - takeFullPageScreenshot(): Taking screenshot successfully

2021-05-31 11:54:01 - [MESSAGE][INFO] - 0 hidden object(s)

2021-05-31 11:54:01 - [MESSAGE][PASSED] - Taking screenshot successfully
[[ATTACHMENT|E:\\CIEL INGENIERIA\\KATALON\\Validaciones\\Reports\\20210531_115006\\64.UsuarioCliente.Destino\\20210531_115006\\1622480040833.png]]

2021-05-31 11:54:01 - [TEST_STEP][PASSED] - delay(3): Delayed 3 second(s)

2021-05-31 11:54:04 - [MESSAGE][PASSED] - Delayed 3 second(s)

2021-05-31 11:54:04 - [TEST_STEP][PASSED] - click(findTestObject("2 Operacion/Elementos del Sistema/Terminales/Terminal/Funciones Basicas/img_Cerrar")): Object: 'Object Repository/2 Operacion/Elementos del Sistema/Terminales/Terminal/Funciones Basicas/img_Cerrar' is clicked on

2021-05-31 11:54:04 - [MESSAGE][PASSED] - Object: 'Object Repository/2 Operacion/Elementos del Sistema/Terminales/Terminal/Funciones Basicas/img_Cerrar' is clicked on

2021-05-31 11:54:04 - [TEST_STEP][PASSED] - delay(3): Delayed 3 second(s)

2021-05-31 11:54:07 - [MESSAGE][PASSED] - Delayed 3 second(s)

2021-05-31 11:54:07 - [TEST_STEP][PASSED] - click(findTestObject("2 Operacion/Elementos del Sistema/Terminales/Terminal/Funciones Basicas/imgCerrar/btn_FindeJornada")): Object: 'Object Repository/2 Operacion/Elementos del Sistema/Terminales/Terminal/Funciones Basicas/imgCerrar/btn_FindeJornada' is clicked on

2021-05-31 11:54:08 - [MESSAGE][PASSED] - Object: 'Object Repository/2 Operacion/Elementos del Sistema/Terminales/Terminal/Funciones Basicas/imgCerrar/btn_FindeJornada' is clicked on

2021-05-31 11:54:08 - [TEST_STEP][PASSED] - delay(3): Delayed 3 second(s)

2021-05-31 11:54:11 - [MESSAGE][PASSED] - Delayed 3 second(s)]]></system-out>
         <system-err><![CDATA[]]></system-err>
      </testcase>
      <system-out><![CDATA[2021-05-31 11:50:19 - [TEST_SUITE][PASSED] - 64.UsuarioCliente.Destino: Test Cases/64.UsuarioCliente.Destino 1Servicio]]></system-out>
      <system-err><![CDATA[]]></system-err>
   </testsuite>
</testsuites>
