<?xml version="1.0" encoding="UTF-8"?>
<testsuites name="70.CubosOlap.FechaPersonalizadaIlimitada" time="188.43" tests="2" failures="0" skips="0" errors="0">
   <testsuite name="70.CubosOlap.FechaPersonalizadaIlimitada" tests="2" failures="0" errors="0" time="188.43" skips="0" timestamp="2021-05-28 10:39:41" hostname="BILIKI - DESKTOP-HH1RJM2" id="Test Suites/70.CubosOlap.FechaPersonalizadaIlimitada">
      <properties>
         <property name="deviceName" value=""/>
         <property name="devicePlatform" value=""/>
         <property name="logFolder" value="E:\\CIEL INGENIERIA\\KATALON\\Validaciones\\Reports\\20210528_103928\\70.CubosOlap.FechaPersonalizadaIlimitada\\20210528_103928"/>
         <property name="logFiles" value="E:\\CIEL INGENIERIA\\KATALON\\Validaciones\\Reports\\20210528_103928\\70.CubosOlap.FechaPersonalizadaIlimitada\\20210528_103928\\execution0.log"/>
         <property name="attachments" value="E:\\CIEL INGENIERIA\\KATALON\\Validaciones\\Reports\\20210528_103928\\70.CubosOlap.FechaPersonalizadaIlimitada\\20210528_103928\\1622216465775.png, E:\\CIEL INGENIERIA\\KATALON\\Validaciones\\Reports\\20210528_103928\\70.CubosOlap.FechaPersonalizadaIlimitada\\20210528_103928\\1622216540377.png"/>
         <property name="hostName" value="BILIKI - DESKTOP-HH1RJM2"/>
         <property name="os" value="Windows 10 64bit"/>
         <property name="katalonVersion" value="7.9.1.208"/>
         <property name="browser" value="Edge Chromiume 18"/>
         <property name="hostAddress" value="169.254.12.236"/>
         <property name="sessionId" value="C63F8A0D-2859-4419-A222-F77477F03D45"/>
         <property name="seleniumVersion" value="3.141.59"/>
         <property name="proxyInformation" value="ProxyInformation { proxyOption=NO_PROXY, proxyServerType=HTTP, username=, password=********, proxyServerAddress=, proxyServerPort=0, executionList=&quot;&quot;, isApplyToDesiredCapabilities=true }"/>
         <property name="platform" value="Windows 10"/>
      </properties>
      <testcase name="Test Cases/70.CubosOLAP.FechaPersonalizadaIlimitada No" time="82.039" classname="Test Cases/70.CubosOLAP.FechaPersonalizadaIlimitada No" status="PASSED">
         <system-out><![CDATA[2021-05-28 10:39:47 - [TEST_CASE][PASSED] - Test Cases/70.CubosOLAP.FechaPersonalizadaIlimitada No: Test Cases/70.CubosOLAP.FechaPersonalizadaIlimitada No

2021-05-28 10:39:49 - [TEST_STEP][PASSED] - callTestCase(findTestCase("Inicio Sesion sin variables"), [:], STOP_ON_FAILURE): Call Test Case 'Test Cases/Inicio Sesion sin variables' successfully

2021-05-28 10:39:49 - [TEST_CASE][PASSED] - Test Cases/Inicio Sesion sin variables: Test Cases/Inicio Sesion sin variables

2021-05-28 10:39:51 - [TEST_STEP][PASSED] - openBrowser("http://Localhost:8810"): Browser is opened with url: 'http://Localhost:8810'

2021-05-28 10:39:51 - [MESSAGE][INFO] - Starting 'Edge' driver

2021-05-28 10:39:52 - [MESSAGE][INFO] - Action delay is set to 0 milliseconds

2021-05-28 10:40:02 - [MESSAGE][PASSED] - Browser is opened with url: 'http://Localhost:8810'

2021-05-28 10:40:02 - [TEST_STEP][PASSED] - maximizeWindow(): Current window maximized

2021-05-28 10:40:02 - [MESSAGE][PASSED] - Current window maximized

2021-05-28 10:40:02 - [TEST_STEP][PASSED] - setText(findTestObject("0Inicio Sesion/input__Usuario"), "ciel"): Text 'ciel' is set on object 'Object Repository/0Inicio Sesion/input__Usuario'

2021-05-28 10:40:04 - [MESSAGE][PASSED] - Text 'ciel' is set on object 'Object Repository/0Inicio Sesion/input__Usuario'

2021-05-28 10:40:04 - [TEST_STEP][PASSED] - setText(findTestObject("0Inicio Sesion/input__Clave"), "digiturno"): Text 'digiturno' is set on object 'Object Repository/0Inicio Sesion/input__Clave'

2021-05-28 10:40:06 - [MESSAGE][PASSED] - Text 'digiturno' is set on object 'Object Repository/0Inicio Sesion/input__Clave'

2021-05-28 10:40:06 - [TEST_STEP][PASSED] - click(findTestObject("0Inicio Sesion/btn_IniciarSesion")): Object: 'Object Repository/0Inicio Sesion/btn_IniciarSesion' is clicked on

2021-05-28 10:40:06 - [MESSAGE][PASSED] - Object: 'Object Repository/0Inicio Sesion/btn_IniciarSesion' is clicked on

2021-05-28 10:40:06 - [TEST_STEP][PASSED] - delay(3): Delayed 3 second(s)

2021-05-28 10:40:09 - [MESSAGE][PASSED] - Delayed 3 second(s)

2021-05-28 10:40:09 - [MESSAGE][PASSED] - Call Test Case 'Test Cases/Inicio Sesion sin variables' successfully

2021-05-28 10:40:09 - [TEST_STEP][PASSED] - click(findTestObject("1Inicio/img_Configuracion")): Object: 'Object Repository/1Inicio/img_Configuracion' is clicked on

2021-05-28 10:40:10 - [MESSAGE][PASSED] - Object: 'Object Repository/1Inicio/img_Configuracion' is clicked on

2021-05-28 10:40:10 - [TEST_STEP][PASSED] - delay(3): Delayed 3 second(s)

2021-05-28 10:40:13 - [MESSAGE][PASSED] - Delayed 3 second(s)

2021-05-28 10:40:13 - [TEST_STEP][PASSED] - click(findTestObject("Configuracion/1Principal/img_Sistema")): Object: 'Object Repository/Configuracion/1Principal/img_Sistema' is clicked on

2021-05-28 10:40:14 - [MESSAGE][PASSED] - Object: 'Object Repository/Configuracion/1Principal/img_Sistema' is clicked on

2021-05-28 10:40:14 - [TEST_STEP][PASSED] - delay(3): Delayed 3 second(s)

2021-05-28 10:40:17 - [MESSAGE][PASSED] - Delayed 3 second(s)

2021-05-28 10:40:17 - [TEST_STEP][PASSED] - click(findTestObject("Configuracion/Sistema/1Principal/img_Parametros Generales")): Object: 'Object Repository/Configuracion/Sistema/1Principal/img_Parametros Generales' is clicked on

2021-05-28 10:40:17 - [MESSAGE][PASSED] - Object: 'Object Repository/Configuracion/Sistema/1Principal/img_Parametros Generales' is clicked on

2021-05-28 10:40:17 - [TEST_STEP][PASSED] - delay(3): Delayed 3 second(s)

2021-05-28 10:40:20 - [MESSAGE][PASSED] - Delayed 3 second(s)

2021-05-28 10:40:20 - [TEST_STEP][PASSED] - click(findTestObject("Configuracion/Sistema/Parametros Generales/Pestanas/a_Sistema")): Object: 'Object Repository/Configuracion/Sistema/Parametros Generales/Pestanas/a_Sistema' is clicked on

2021-05-28 10:40:21 - [MESSAGE][PASSED] - Object: 'Object Repository/Configuracion/Sistema/Parametros Generales/Pestanas/a_Sistema' is clicked on

2021-05-28 10:40:21 - [TEST_STEP][PASSED] - delay(3): Delayed 3 second(s)

2021-05-28 10:40:24 - [MESSAGE][PASSED] - Delayed 3 second(s)

2021-05-28 10:40:24 - [TEST_STEP][PASSED] - click(findTestObject("Configuracion/Sistema/Parametros Generales/Filtros LLave/span_0filtro llave")): Object: 'Object Repository/Configuracion/Sistema/Parametros Generales/Filtros LLave/span_0filtro llave' is clicked on

2021-05-28 10:40:24 - [MESSAGE][PASSED] - Object: 'Object Repository/Configuracion/Sistema/Parametros Generales/Filtros LLave/span_0filtro llave' is clicked on

2021-05-28 10:40:24 - [TEST_STEP][PASSED] - mouseOver(findTestObject("Configuracion/Sistema/Parametros Generales/Filtros LLave/span_1Filtro")): Object: 'Object Repository/Configuracion/Sistema/Parametros Generales/Filtros LLave/span_1Filtro' is hovered

2021-05-28 10:40:25 - [MESSAGE][PASSED] - Object: 'Object Repository/Configuracion/Sistema/Parametros Generales/Filtros LLave/span_1Filtro' is hovered

2021-05-28 10:40:25 - [TEST_STEP][PASSED] - click(findTestObject("Configuracion/Sistema/Parametros Generales/Filtro 1er valor/span_select")): Object: 'Object Repository/Configuracion/Sistema/Parametros Generales/Filtro 1er valor/span_select' is clicked on

2021-05-28 10:40:26 - [MESSAGE][PASSED] - Object: 'Object Repository/Configuracion/Sistema/Parametros Generales/Filtro 1er valor/span_select' is clicked on

2021-05-28 10:40:26 - [TEST_STEP][PASSED] - click(findTestObject("Configuracion/Sistema/Parametros Generales/Filtro 1er valor/li_Contiene")): Object: 'Object Repository/Configuracion/Sistema/Parametros Generales/Filtro 1er valor/li_Contiene' is clicked on

2021-05-28 10:40:27 - [MESSAGE][PASSED] - Object: 'Object Repository/Configuracion/Sistema/Parametros Generales/Filtro 1er valor/li_Contiene' is clicked on

2021-05-28 10:40:27 - [TEST_STEP][PASSED] - setText(findTestObject("Configuracion/Sistema/Parametros Generales/Filtro 1er valor/input_Texto a buscar1"), "CubosOlap.FechaPersonalizadaIlimitada"): Text 'CubosOlap.FechaPersonalizadaIlimitada' is set on object 'Object Repository/Configuracion/Sistema/Parametros Generales/Filtro 1er valor/input_Texto a buscar1'

2021-05-28 10:40:28 - [MESSAGE][PASSED] - Text 'CubosOlap.FechaPersonalizadaIlimitada' is set on object 'Object Repository/Configuracion/Sistema/Parametros Generales/Filtro 1er valor/input_Texto a buscar1'

2021-05-28 10:40:28 - [TEST_STEP][PASSED] - click(findTestObject("Configuracion/Sistema/Parametros Generales/botones filtro/btn_Filtrar")): Object: 'Object Repository/Configuracion/Sistema/Parametros Generales/botones filtro/btn_Filtrar' is clicked on

2021-05-28 10:40:29 - [MESSAGE][PASSED] - Object: 'Object Repository/Configuracion/Sistema/Parametros Generales/botones filtro/btn_Filtrar' is clicked on

2021-05-28 10:40:29 - [TEST_STEP][PASSED] - delay(2): Delayed 2 second(s)

2021-05-28 10:40:31 - [MESSAGE][PASSED] - Delayed 2 second(s)

2021-05-28 10:40:31 - [TEST_STEP][PASSED] - click(findTestObject("Configuracion/Sistema/Parametros Generales/Cambiar Parametro Valor/a_Editar")): Object: 'Object Repository/Configuracion/Sistema/Parametros Generales/Cambiar Parametro Valor/a_Editar' is clicked on

2021-05-28 10:40:32 - [MESSAGE][PASSED] - Object: 'Object Repository/Configuracion/Sistema/Parametros Generales/Cambiar Parametro Valor/a_Editar' is clicked on

2021-05-28 10:40:32 - [TEST_STEP][PASSED] - delay(2): Delayed 2 second(s)

2021-05-28 10:40:34 - [MESSAGE][PASSED] - Delayed 2 second(s)

2021-05-28 10:40:34 - [TEST_STEP][PASSED] - click(findTestObject("Configuracion/Sistema/Parametros Generales/Cambiar Parametro Valor/input_Valor"), STOP_ON_FAILURE): Object: 'Object Repository/Configuracion/Sistema/Parametros Generales/Cambiar Parametro Valor/input_Valor' is clicked on

2021-05-28 10:40:34 - [MESSAGE][PASSED] - Object: 'Object Repository/Configuracion/Sistema/Parametros Generales/Cambiar Parametro Valor/input_Valor' is clicked on

2021-05-28 10:40:34 - [TEST_STEP][PASSED] - sendKeys(findTestObject(null), "No"): Keys 'No' sent to object: 'tempBody'

2021-05-28 10:40:34 - [MESSAGE][WARNING] - Test object id is null

2021-05-28 10:40:34 - [MESSAGE][WARNING] - Test object with id 'Object Repository/' does not exist

2021-05-28 10:40:35 - [MESSAGE][PASSED] - Keys 'No' sent to object: 'tempBody'

2021-05-28 10:40:35 - [TEST_STEP][PASSED] - delay(2): Delayed 2 second(s)

2021-05-28 10:40:37 - [MESSAGE][PASSED] - Delayed 2 second(s)

2021-05-28 10:40:37 - [TEST_STEP][PASSED] - click(findTestObject("Configuracion/Sistema/Parametros Generales/Cambiar Parametro Valor/a_Guardar")): Object: 'Object Repository/Configuracion/Sistema/Parametros Generales/Cambiar Parametro Valor/a_Guardar' is clicked on

2021-05-28 10:40:37 - [MESSAGE][PASSED] - Object: 'Object Repository/Configuracion/Sistema/Parametros Generales/Cambiar Parametro Valor/a_Guardar' is clicked on

2021-05-28 10:40:37 - [TEST_STEP][PASSED] - delay(3): Delayed 3 second(s)

2021-05-28 10:40:40 - [MESSAGE][PASSED] - Delayed 3 second(s)

2021-05-28 10:40:40 - [TEST_STEP][PASSED] - click(findTestObject("1Inicio/a_Inicio")): Object: 'Object Repository/1Inicio/a_Inicio' is clicked on

2021-05-28 10:40:41 - [MESSAGE][PASSED] - Object: 'Object Repository/1Inicio/a_Inicio' is clicked on

2021-05-28 10:40:41 - [TEST_STEP][PASSED] - delay(3): Delayed 3 second(s)

2021-05-28 10:40:44 - [MESSAGE][PASSED] - Delayed 3 second(s)

2021-05-28 10:40:44 - [TEST_STEP][PASSED] - click(findTestObject("1Inicio/img_Gestion")): Object: 'Object Repository/1Inicio/img_Gestion' is clicked on

2021-05-28 10:40:44 - [MESSAGE][PASSED] - Object: 'Object Repository/1Inicio/img_Gestion' is clicked on

2021-05-28 10:40:44 - [TEST_STEP][PASSED] - delay(3): Delayed 3 second(s)

2021-05-28 10:40:47 - [MESSAGE][PASSED] - Delayed 3 second(s)

2021-05-28 10:40:47 - [TEST_STEP][PASSED] - click(findTestObject("Gestion/1Principal/img_Cubos OLAP")): Object: 'Object Repository/Gestion/1Principal/img_Cubos OLAP' is clicked on

2021-05-28 10:40:48 - [MESSAGE][PASSED] - Object: 'Object Repository/Gestion/1Principal/img_Cubos OLAP' is clicked on

2021-05-28 10:40:48 - [TEST_STEP][PASSED] - delay(3): Delayed 3 second(s)

2021-05-28 10:40:51 - [MESSAGE][PASSED] - Delayed 3 second(s)

2021-05-28 10:40:51 - [TEST_STEP][PASSED] - check(findTestObject("Gestion/Cubos OLAP/Fecha/rbt_Personalizada")): Object 'Object Repository/Gestion/Cubos OLAP/Fecha/rbt_Personalizada' is checked

2021-05-28 10:40:51 - [MESSAGE][PASSED] - Object 'Object Repository/Gestion/Cubos OLAP/Fecha/rbt_Personalizada' is checked

2021-05-28 10:40:51 - [TEST_STEP][PASSED] - delay(3): Delayed 3 second(s)

2021-05-28 10:40:54 - [MESSAGE][PASSED] - Delayed 3 second(s)

2021-05-28 10:40:54 - [TEST_STEP][PASSED] - click(findTestObject("Gestion/Cubos OLAP/Personalizar Fecha/input_Fecha Inicial_ddmmaaaa")): Object: 'Object Repository/Gestion/Cubos OLAP/Personalizar Fecha/input_Fecha Inicial_ddmmaaaa' is clicked on

2021-05-28 10:40:55 - [MESSAGE][PASSED] - Object: 'Object Repository/Gestion/Cubos OLAP/Personalizar Fecha/input_Fecha Inicial_ddmmaaaa' is clicked on

2021-05-28 10:40:55 - [TEST_STEP][PASSED] - delay(3): Delayed 3 second(s)

2021-05-28 10:40:58 - [MESSAGE][PASSED] - Delayed 3 second(s)

2021-05-28 10:40:58 - [TEST_STEP][PASSED] - click(findTestObject("Gestion/Cubos OLAP/Personalizar Fecha/div_1_mes_anio")): Object: 'Object Repository/Gestion/Cubos OLAP/Personalizar Fecha/div_1_mes_anio' is clicked on

2021-05-28 10:40:59 - [MESSAGE][PASSED] - Object: 'Object Repository/Gestion/Cubos OLAP/Personalizar Fecha/div_1_mes_anio' is clicked on

2021-05-28 10:40:59 - [TEST_STEP][PASSED] - delay(3): Delayed 3 second(s)

2021-05-28 10:41:02 - [MESSAGE][PASSED] - Delayed 3 second(s)

2021-05-28 10:41:02 - [TEST_STEP][PASSED] - click(findTestObject("Gestion/Cubos OLAP/Personalizar Fecha/div_2_anio")): Object: 'Object Repository/Gestion/Cubos OLAP/Personalizar Fecha/div_2_anio' is clicked on

2021-05-28 10:41:02 - [MESSAGE][PASSED] - Object: 'Object Repository/Gestion/Cubos OLAP/Personalizar Fecha/div_2_anio' is clicked on

2021-05-28 10:41:02 - [TEST_STEP][PASSED] - delay(3): Delayed 3 second(s)

2021-05-28 10:41:05 - [MESSAGE][PASSED] - Delayed 3 second(s)

2021-05-28 10:41:05 - [TEST_STEP][PASSED] - takeFullPageScreenshot(): Taking screenshot successfully

2021-05-28 10:41:06 - [MESSAGE][INFO] - 0 hidden object(s)

2021-05-28 10:41:06 - [MESSAGE][PASSED] - Taking screenshot successfully
[[ATTACHMENT|E:\\CIEL INGENIERIA\\KATALON\\Validaciones\\Reports\\20210528_103928\\70.CubosOlap.FechaPersonalizadaIlimitada\\20210528_103928\\1622216465775.png]]

2021-05-28 10:41:06 - [TEST_STEP][PASSED] - delay(3): Delayed 3 second(s)

2021-05-28 10:41:09 - [MESSAGE][PASSED] - Delayed 3 second(s)]]></system-out>
         <system-err><![CDATA[]]></system-err>
      </testcase>
      <testcase name="Test Cases/70.CubosOLAP.FechaPersonalizadaIlimitada Si" time="74.04" classname="Test Cases/70.CubosOLAP.FechaPersonalizadaIlimitada Si" status="PASSED">
         <system-out><![CDATA[2021-05-28 10:41:10 - [TEST_CASE][PASSED] - Test Cases/70.CubosOLAP.FechaPersonalizadaIlimitada Si: Test Cases/70.CubosOLAP.FechaPersonalizadaIlimitada Si

2021-05-28 10:41:10 - [TEST_STEP][PASSED] - callTestCase(findTestCase("Inicio Sesion sin variables"), [:], STOP_ON_FAILURE): Call Test Case 'Test Cases/Inicio Sesion sin variables' successfully

2021-05-28 10:41:11 - [TEST_CASE][PASSED] - Test Cases/Inicio Sesion sin variables: Test Cases/Inicio Sesion sin variables

2021-05-28 10:41:11 - [TEST_STEP][PASSED] - openBrowser("http://Localhost:8810"): Browser is opened with url: 'http://Localhost:8810'

2021-05-28 10:41:11 - [MESSAGE][WARNING] - A browser is already opened. Closing browser and opening a new one

2021-05-28 10:41:13 - [MESSAGE][INFO] - Starting 'Edge' driver

2021-05-28 10:41:13 - [MESSAGE][INFO] - Action delay is set to 0 milliseconds

2021-05-28 10:41:19 - [MESSAGE][PASSED] - Browser is opened with url: 'http://Localhost:8810'

2021-05-28 10:41:19 - [TEST_STEP][PASSED] - maximizeWindow(): Current window maximized

2021-05-28 10:41:19 - [MESSAGE][PASSED] - Current window maximized

2021-05-28 10:41:19 - [TEST_STEP][PASSED] - setText(findTestObject("0Inicio Sesion/input__Usuario"), "ciel"): Text 'ciel' is set on object 'Object Repository/0Inicio Sesion/input__Usuario'

2021-05-28 10:41:20 - [MESSAGE][PASSED] - Text 'ciel' is set on object 'Object Repository/0Inicio Sesion/input__Usuario'

2021-05-28 10:41:20 - [TEST_STEP][PASSED] - setText(findTestObject("0Inicio Sesion/input__Clave"), "digiturno"): Text 'digiturno' is set on object 'Object Repository/0Inicio Sesion/input__Clave'

2021-05-28 10:41:21 - [MESSAGE][PASSED] - Text 'digiturno' is set on object 'Object Repository/0Inicio Sesion/input__Clave'

2021-05-28 10:41:21 - [TEST_STEP][PASSED] - click(findTestObject("0Inicio Sesion/btn_IniciarSesion")): Object: 'Object Repository/0Inicio Sesion/btn_IniciarSesion' is clicked on

2021-05-28 10:41:22 - [MESSAGE][PASSED] - Object: 'Object Repository/0Inicio Sesion/btn_IniciarSesion' is clicked on

2021-05-28 10:41:22 - [TEST_STEP][PASSED] - delay(3): Delayed 3 second(s)

2021-05-28 10:41:25 - [MESSAGE][PASSED] - Delayed 3 second(s)

2021-05-28 10:41:25 - [MESSAGE][PASSED] - Call Test Case 'Test Cases/Inicio Sesion sin variables' successfully

2021-05-28 10:41:25 - [TEST_STEP][PASSED] - click(findTestObject("1Inicio/img_Configuracion")): Object: 'Object Repository/1Inicio/img_Configuracion' is clicked on

2021-05-28 10:41:26 - [MESSAGE][PASSED] - Object: 'Object Repository/1Inicio/img_Configuracion' is clicked on

2021-05-28 10:41:26 - [TEST_STEP][PASSED] - delay(3): Delayed 3 second(s)

2021-05-28 10:41:29 - [MESSAGE][PASSED] - Delayed 3 second(s)

2021-05-28 10:41:29 - [TEST_STEP][PASSED] - click(findTestObject("Configuracion/1Principal/img_Sistema")): Object: 'Object Repository/Configuracion/1Principal/img_Sistema' is clicked on

2021-05-28 10:41:29 - [MESSAGE][PASSED] - Object: 'Object Repository/Configuracion/1Principal/img_Sistema' is clicked on

2021-05-28 10:41:29 - [TEST_STEP][PASSED] - delay(3): Delayed 3 second(s)

2021-05-28 10:41:32 - [MESSAGE][PASSED] - Delayed 3 second(s)

2021-05-28 10:41:32 - [TEST_STEP][PASSED] - click(findTestObject("Configuracion/Sistema/1Principal/img_Parametros Generales")): Object: 'Object Repository/Configuracion/Sistema/1Principal/img_Parametros Generales' is clicked on

2021-05-28 10:41:33 - [MESSAGE][PASSED] - Object: 'Object Repository/Configuracion/Sistema/1Principal/img_Parametros Generales' is clicked on

2021-05-28 10:41:33 - [TEST_STEP][PASSED] - delay(3): Delayed 3 second(s)

2021-05-28 10:41:36 - [MESSAGE][PASSED] - Delayed 3 second(s)

2021-05-28 10:41:36 - [TEST_STEP][PASSED] - click(findTestObject("Configuracion/Sistema/Parametros Generales/Pestanas/a_Sistema")): Object: 'Object Repository/Configuracion/Sistema/Parametros Generales/Pestanas/a_Sistema' is clicked on

2021-05-28 10:41:36 - [MESSAGE][PASSED] - Object: 'Object Repository/Configuracion/Sistema/Parametros Generales/Pestanas/a_Sistema' is clicked on

2021-05-28 10:41:36 - [TEST_STEP][PASSED] - delay(3): Delayed 3 second(s)

2021-05-28 10:41:39 - [MESSAGE][PASSED] - Delayed 3 second(s)

2021-05-28 10:41:39 - [TEST_STEP][PASSED] - click(findTestObject("Configuracion/Sistema/Parametros Generales/Filtros LLave/span_0filtro llave")): Object: 'Object Repository/Configuracion/Sistema/Parametros Generales/Filtros LLave/span_0filtro llave' is clicked on

2021-05-28 10:41:40 - [MESSAGE][PASSED] - Object: 'Object Repository/Configuracion/Sistema/Parametros Generales/Filtros LLave/span_0filtro llave' is clicked on

2021-05-28 10:41:40 - [TEST_STEP][PASSED] - mouseOver(findTestObject("Configuracion/Sistema/Parametros Generales/Filtros LLave/span_1Filtro")): Object: 'Object Repository/Configuracion/Sistema/Parametros Generales/Filtros LLave/span_1Filtro' is hovered

2021-05-28 10:41:41 - [MESSAGE][PASSED] - Object: 'Object Repository/Configuracion/Sistema/Parametros Generales/Filtros LLave/span_1Filtro' is hovered

2021-05-28 10:41:41 - [TEST_STEP][PASSED] - click(findTestObject("Configuracion/Sistema/Parametros Generales/Filtro 1er valor/span_select")): Object: 'Object Repository/Configuracion/Sistema/Parametros Generales/Filtro 1er valor/span_select' is clicked on

2021-05-28 10:41:41 - [MESSAGE][PASSED] - Object: 'Object Repository/Configuracion/Sistema/Parametros Generales/Filtro 1er valor/span_select' is clicked on

2021-05-28 10:41:41 - [TEST_STEP][PASSED] - click(findTestObject("Configuracion/Sistema/Parametros Generales/Filtro 1er valor/li_Contiene")): Object: 'Object Repository/Configuracion/Sistema/Parametros Generales/Filtro 1er valor/li_Contiene' is clicked on

2021-05-28 10:41:42 - [MESSAGE][PASSED] - Object: 'Object Repository/Configuracion/Sistema/Parametros Generales/Filtro 1er valor/li_Contiene' is clicked on

2021-05-28 10:41:42 - [TEST_STEP][PASSED] - setText(findTestObject("Configuracion/Sistema/Parametros Generales/Filtro 1er valor/input_Texto a buscar1"), "CubosOlap.FechaPersonalizadaIlimitada"): Text 'CubosOlap.FechaPersonalizadaIlimitada' is set on object 'Object Repository/Configuracion/Sistema/Parametros Generales/Filtro 1er valor/input_Texto a buscar1'

2021-05-28 10:41:43 - [MESSAGE][PASSED] - Text 'CubosOlap.FechaPersonalizadaIlimitada' is set on object 'Object Repository/Configuracion/Sistema/Parametros Generales/Filtro 1er valor/input_Texto a buscar1'

2021-05-28 10:41:43 - [TEST_STEP][PASSED] - click(findTestObject("Configuracion/Sistema/Parametros Generales/botones filtro/btn_Filtrar")): Object: 'Object Repository/Configuracion/Sistema/Parametros Generales/botones filtro/btn_Filtrar' is clicked on

2021-05-28 10:41:44 - [MESSAGE][PASSED] - Object: 'Object Repository/Configuracion/Sistema/Parametros Generales/botones filtro/btn_Filtrar' is clicked on

2021-05-28 10:41:44 - [TEST_STEP][PASSED] - delay(2): Delayed 2 second(s)

2021-05-28 10:41:46 - [MESSAGE][PASSED] - Delayed 2 second(s)

2021-05-28 10:41:46 - [TEST_STEP][PASSED] - click(findTestObject("Configuracion/Sistema/Parametros Generales/Cambiar Parametro Valor/a_Editar")): Object: 'Object Repository/Configuracion/Sistema/Parametros Generales/Cambiar Parametro Valor/a_Editar' is clicked on

2021-05-28 10:41:46 - [MESSAGE][PASSED] - Object: 'Object Repository/Configuracion/Sistema/Parametros Generales/Cambiar Parametro Valor/a_Editar' is clicked on

2021-05-28 10:41:46 - [TEST_STEP][PASSED] - delay(2): Delayed 2 second(s)

2021-05-28 10:41:49 - [MESSAGE][PASSED] - Delayed 2 second(s)

2021-05-28 10:41:49 - [TEST_STEP][PASSED] - click(findTestObject("Configuracion/Sistema/Parametros Generales/Cambiar Parametro Valor/input_Valor"), STOP_ON_FAILURE): Object: 'Object Repository/Configuracion/Sistema/Parametros Generales/Cambiar Parametro Valor/input_Valor' is clicked on

2021-05-28 10:41:49 - [MESSAGE][PASSED] - Object: 'Object Repository/Configuracion/Sistema/Parametros Generales/Cambiar Parametro Valor/input_Valor' is clicked on

2021-05-28 10:41:49 - [TEST_STEP][PASSED] - sendKeys(findTestObject(null), "Si"): Keys 'Si' sent to object: 'tempBody'

2021-05-28 10:41:49 - [MESSAGE][WARNING] - Test object id is null

2021-05-28 10:41:49 - [MESSAGE][WARNING] - Test object with id 'Object Repository/' does not exist

2021-05-28 10:41:50 - [MESSAGE][PASSED] - Keys 'Si' sent to object: 'tempBody'

2021-05-28 10:41:50 - [TEST_STEP][PASSED] - delay(2): Delayed 2 second(s)

2021-05-28 10:41:52 - [MESSAGE][PASSED] - Delayed 2 second(s)

2021-05-28 10:41:52 - [TEST_STEP][PASSED] - click(findTestObject("Configuracion/Sistema/Parametros Generales/Cambiar Parametro Valor/a_Guardar")): Object: 'Object Repository/Configuracion/Sistema/Parametros Generales/Cambiar Parametro Valor/a_Guardar' is clicked on

2021-05-28 10:41:52 - [MESSAGE][PASSED] - Object: 'Object Repository/Configuracion/Sistema/Parametros Generales/Cambiar Parametro Valor/a_Guardar' is clicked on

2021-05-28 10:41:52 - [TEST_STEP][PASSED] - delay(3): Delayed 3 second(s)

2021-05-28 10:41:55 - [MESSAGE][PASSED] - Delayed 3 second(s)

2021-05-28 10:41:55 - [TEST_STEP][PASSED] - click(findTestObject("1Inicio/a_Inicio")): Object: 'Object Repository/1Inicio/a_Inicio' is clicked on

2021-05-28 10:41:56 - [MESSAGE][PASSED] - Object: 'Object Repository/1Inicio/a_Inicio' is clicked on

2021-05-28 10:41:56 - [TEST_STEP][PASSED] - delay(3): Delayed 3 second(s)

2021-05-28 10:41:59 - [MESSAGE][PASSED] - Delayed 3 second(s)

2021-05-28 10:41:59 - [TEST_STEP][PASSED] - click(findTestObject("1Inicio/img_Gestion")): Object: 'Object Repository/1Inicio/img_Gestion' is clicked on

2021-05-28 10:42:00 - [MESSAGE][PASSED] - Object: 'Object Repository/1Inicio/img_Gestion' is clicked on

2021-05-28 10:42:00 - [TEST_STEP][PASSED] - delay(3): Delayed 3 second(s)

2021-05-28 10:42:03 - [MESSAGE][PASSED] - Delayed 3 second(s)

2021-05-28 10:42:03 - [TEST_STEP][PASSED] - click(findTestObject("Gestion/1Principal/img_Cubos OLAP")): Object: 'Object Repository/Gestion/1Principal/img_Cubos OLAP' is clicked on

2021-05-28 10:42:03 - [MESSAGE][PASSED] - Object: 'Object Repository/Gestion/1Principal/img_Cubos OLAP' is clicked on

2021-05-28 10:42:03 - [TEST_STEP][PASSED] - delay(3): Delayed 3 second(s)

2021-05-28 10:42:06 - [MESSAGE][PASSED] - Delayed 3 second(s)

2021-05-28 10:42:06 - [TEST_STEP][PASSED] - check(findTestObject("Gestion/Cubos OLAP/Fecha/rbt_Personalizada")): Object 'Object Repository/Gestion/Cubos OLAP/Fecha/rbt_Personalizada' is checked

2021-05-28 10:42:07 - [MESSAGE][PASSED] - Object 'Object Repository/Gestion/Cubos OLAP/Fecha/rbt_Personalizada' is checked

2021-05-28 10:42:07 - [TEST_STEP][PASSED] - delay(3): Delayed 3 second(s)

2021-05-28 10:42:10 - [MESSAGE][PASSED] - Delayed 3 second(s)

2021-05-28 10:42:10 - [TEST_STEP][PASSED] - click(findTestObject("Gestion/Cubos OLAP/Personalizar Fecha/input_Fecha Inicial_ddmmaaaa")): Object: 'Object Repository/Gestion/Cubos OLAP/Personalizar Fecha/input_Fecha Inicial_ddmmaaaa' is clicked on

2021-05-28 10:42:10 - [MESSAGE][PASSED] - Object: 'Object Repository/Gestion/Cubos OLAP/Personalizar Fecha/input_Fecha Inicial_ddmmaaaa' is clicked on

2021-05-28 10:42:10 - [TEST_STEP][PASSED] - delay(3): Delayed 3 second(s)

2021-05-28 10:42:13 - [MESSAGE][PASSED] - Delayed 3 second(s)

2021-05-28 10:42:13 - [TEST_STEP][PASSED] - click(findTestObject("Gestion/Cubos OLAP/Personalizar Fecha/div_1_mes_anio")): Object: 'Object Repository/Gestion/Cubos OLAP/Personalizar Fecha/div_1_mes_anio' is clicked on

2021-05-28 10:42:13 - [MESSAGE][PASSED] - Object: 'Object Repository/Gestion/Cubos OLAP/Personalizar Fecha/div_1_mes_anio' is clicked on

2021-05-28 10:42:13 - [TEST_STEP][PASSED] - delay(3): Delayed 3 second(s)

2021-05-28 10:42:16 - [MESSAGE][PASSED] - Delayed 3 second(s)

2021-05-28 10:42:16 - [TEST_STEP][PASSED] - click(findTestObject("Gestion/Cubos OLAP/Personalizar Fecha/div_2_anio")): Object: 'Object Repository/Gestion/Cubos OLAP/Personalizar Fecha/div_2_anio' is clicked on

2021-05-28 10:42:17 - [MESSAGE][PASSED] - Object: 'Object Repository/Gestion/Cubos OLAP/Personalizar Fecha/div_2_anio' is clicked on

2021-05-28 10:42:17 - [TEST_STEP][PASSED] - delay(3): Delayed 3 second(s)

2021-05-28 10:42:20 - [MESSAGE][PASSED] - Delayed 3 second(s)

2021-05-28 10:42:20 - [TEST_STEP][PASSED] - takeFullPageScreenshot(): Taking screenshot successfully

2021-05-28 10:42:20 - [MESSAGE][INFO] - 0 hidden object(s)

2021-05-28 10:42:21 - [MESSAGE][PASSED] - Taking screenshot successfully
[[ATTACHMENT|E:\\CIEL INGENIERIA\\KATALON\\Validaciones\\Reports\\20210528_103928\\70.CubosOlap.FechaPersonalizadaIlimitada\\20210528_103928\\1622216540377.png]]

2021-05-28 10:42:21 - [TEST_STEP][PASSED] - delay(3): Delayed 3 second(s)

2021-05-28 10:42:24 - [MESSAGE][PASSED] - Delayed 3 second(s)]]></system-out>
         <system-err><![CDATA[]]></system-err>
      </testcase>
      <system-out><![CDATA[2021-05-28 10:39:41 - [TEST_SUITE][PASSED] - 70.CubosOlap.FechaPersonalizadaIlimitada: Test Cases/70.CubosOLAP.FechaPersonalizadaIlimitada Si]]></system-out>
      <system-err><![CDATA[]]></system-err>
   </testsuite>
</testsuites>
