<?xml version="1.0" encoding="UTF-8"?>
<testsuites name="117.Usuarios.Contrasena.ExpRegular" time="97.389" tests="1" failures="0" errors="0">
   <testsuite name="117.Usuarios.Contrasena.ExpRegular" tests="1" failures="0" errors="0" time="97.389" skipped="0" timestamp="2021-06-15 10:34:38" hostname="BILIKI - DESKTOP-HH1RJM2" id="Test Suites/117.Usuarios.Contrasena.ExpRegular">
      <properties>
         <property name="deviceName" value=""/>
         <property name="devicePlatform" value=""/>
         <property name="logFolder" value="E:\\CIEL INGENIERIA\\KATALON\\Validaciones\\Reports\\20210615_103426\\117.Usuarios.Contrasena.ExpRegular\\20210615_103426"/>
         <property name="logFiles" value="E:\\CIEL INGENIERIA\\KATALON\\Validaciones\\Reports\\20210615_103426\\117.Usuarios.Contrasena.ExpRegular\\20210615_103426\\execution0.log"/>
         <property name="attachments" value="E:\\CIEL INGENIERIA\\KATALON\\Validaciones\\Reports\\20210615_103426\\117.Usuarios.Contrasena.ExpRegular\\20210615_103426\\1623771357205.png"/>
         <property name="hostName" value="BILIKI - DESKTOP-HH1RJM2"/>
         <property name="os" value="Windows 10 64bit"/>
         <property name="katalonVersion" value="8.0.1.208"/>
         <property name="browser" value="Chrome 91.0.4472.101"/>
         <property name="hostAddress" value="169.254.12.236"/>
         <property name="sessionId" value="6c7587ca70d9a9d8e28de8fbbab62ae1"/>
         <property name="seleniumVersion" value="3.141.59"/>
         <property name="proxyInformation" value="ProxyInformation { proxyOption=NO_PROXY, proxyServerType=HTTP, username=, password=********, proxyServerAddress=, proxyServerPort=0, executionList=&quot;&quot;, isApplyToDesiredCapabilities=true }"/>
         <property name="platform" value="Windows 10"/>
      </properties>
      <testcase name="Test Cases/117.Usuarios.Contrasena.ExpRegular" time="79.418" classname="Test Cases/117.Usuarios.Contrasena.ExpRegular" status="PASSED">
         <system-out><![CDATA[2021-06-15 10:34:42 - [TEST_CASE][PASSED] - Test Cases/117.Usuarios.Contrasena.ExpRegular: Test Cases/117.Usuarios.Contrasena.ExpRegular

2021-06-15 10:34:43 - [TEST_STEP][PASSED] - callTestCase(findTestCase("Inicio Sesion sin variables"), [:], STOP_ON_FAILURE): Call Test Case 'Test Cases/Inicio Sesion sin variables' successfully

2021-06-15 10:34:43 - [TEST_CASE][PASSED] - Test Cases/Inicio Sesion sin variables: Test Cases/Inicio Sesion sin variables

2021-06-15 10:34:44 - [TEST_STEP][PASSED] - openBrowser("http://Localhost:8810"): Browser is opened with url: 'http://Localhost:8810'

2021-06-15 10:34:45 - [MESSAGE][INFO] - Starting 'Chrome' driver

2021-06-15 10:34:45 - [MESSAGE][INFO] - Action delay is set to 0 milliseconds

2021-06-15 10:34:58 - [MESSAGE][PASSED] - Browser is opened with url: 'http://Localhost:8810'

2021-06-15 10:34:58 - [TEST_STEP][PASSED] - maximizeWindow(): Current window maximized

2021-06-15 10:34:58 - [MESSAGE][PASSED] - Current window maximized

2021-06-15 10:34:58 - [TEST_STEP][PASSED] - setText(findTestObject("0Inicio Sesion/input__Usuario"), "ciel"): Text 'ciel' is set on object 'Object Repository/0Inicio Sesion/input__Usuario'

2021-06-15 10:35:00 - [MESSAGE][PASSED] - Text 'ciel' is set on object 'Object Repository/0Inicio Sesion/input__Usuario'

2021-06-15 10:35:00 - [TEST_STEP][PASSED] - setText(findTestObject("0Inicio Sesion/input__Clave"), "digiturno"): Text 'digiturno' is set on object 'Object Repository/0Inicio Sesion/input__Clave'

2021-06-15 10:35:01 - [MESSAGE][PASSED] - Text 'digiturno' is set on object 'Object Repository/0Inicio Sesion/input__Clave'

2021-06-15 10:35:01 - [TEST_STEP][PASSED] - click(findTestObject("0Inicio Sesion/btn_IniciarSesion")): Object: 'Object Repository/0Inicio Sesion/btn_IniciarSesion' is clicked on

2021-06-15 10:35:01 - [MESSAGE][PASSED] - Object: 'Object Repository/0Inicio Sesion/btn_IniciarSesion' is clicked on

2021-06-15 10:35:01 - [TEST_STEP][PASSED] - delay(3): Delayed 3 second(s)

2021-06-15 10:35:05 - [MESSAGE][PASSED] - Delayed 3 second(s)

2021-06-15 10:35:05 - [MESSAGE][PASSED] - Call Test Case 'Test Cases/Inicio Sesion sin variables' successfully

2021-06-15 10:35:05 - [TEST_STEP][PASSED] - click(findTestObject("1Inicio/img_Configuracion")): Object: 'Object Repository/1Inicio/img_Configuracion' is clicked on

2021-06-15 10:35:11 - [MESSAGE][PASSED] - Object: 'Object Repository/1Inicio/img_Configuracion' is clicked on

2021-06-15 10:35:11 - [TEST_STEP][PASSED] - delay(3): Delayed 3 second(s)

2021-06-15 10:35:14 - [MESSAGE][PASSED] - Delayed 3 second(s)

2021-06-15 10:35:14 - [TEST_STEP][PASSED] - click(findTestObject("Configuracion/1Principal/img_Sistema")): Object: 'Object Repository/Configuracion/1Principal/img_Sistema' is clicked on

2021-06-15 10:35:15 - [MESSAGE][PASSED] - Object: 'Object Repository/Configuracion/1Principal/img_Sistema' is clicked on

2021-06-15 10:35:15 - [TEST_STEP][PASSED] - delay(3): Delayed 3 second(s)

2021-06-15 10:35:18 - [MESSAGE][PASSED] - Delayed 3 second(s)

2021-06-15 10:35:18 - [TEST_STEP][PASSED] - click(findTestObject("Configuracion/Sistema/1Principal/img_Parametros Generales")): Object: 'Object Repository/Configuracion/Sistema/1Principal/img_Parametros Generales' is clicked on

2021-06-15 10:35:20 - [MESSAGE][PASSED] - Object: 'Object Repository/Configuracion/Sistema/1Principal/img_Parametros Generales' is clicked on

2021-06-15 10:35:20 - [TEST_STEP][PASSED] - delay(3): Delayed 3 second(s)

2021-06-15 10:35:23 - [MESSAGE][PASSED] - Delayed 3 second(s)

2021-06-15 10:35:23 - [TEST_STEP][PASSED] - click(findTestObject("Configuracion/Sistema/Parametros Generales/Pestanas/a_Usuarios")): Object: 'Object Repository/Configuracion/Sistema/Parametros Generales/Pestanas/a_Usuarios' is clicked on

2021-06-15 10:35:23 - [MESSAGE][PASSED] - Object: 'Object Repository/Configuracion/Sistema/Parametros Generales/Pestanas/a_Usuarios' is clicked on

2021-06-15 10:35:23 - [TEST_STEP][PASSED] - delay(3): Delayed 3 second(s)

2021-06-15 10:35:26 - [MESSAGE][PASSED] - Delayed 3 second(s)

2021-06-15 10:35:26 - [TEST_STEP][PASSED] - click(findTestObject("Configuracion/Sistema/Parametros Generales/Filtros LLave/span_0filtro llave")): Object: 'Object Repository/Configuracion/Sistema/Parametros Generales/Filtros LLave/span_0filtro llave' is clicked on

2021-06-15 10:35:27 - [MESSAGE][PASSED] - Object: 'Object Repository/Configuracion/Sistema/Parametros Generales/Filtros LLave/span_0filtro llave' is clicked on

2021-06-15 10:35:27 - [TEST_STEP][PASSED] - mouseOver(findTestObject("Configuracion/Sistema/Parametros Generales/Filtros LLave/span_1Filtro")): Object: 'Object Repository/Configuracion/Sistema/Parametros Generales/Filtros LLave/span_1Filtro' is hovered

2021-06-15 10:35:28 - [MESSAGE][PASSED] - Object: 'Object Repository/Configuracion/Sistema/Parametros Generales/Filtros LLave/span_1Filtro' is hovered

2021-06-15 10:35:28 - [TEST_STEP][PASSED] - click(findTestObject("Configuracion/Sistema/Parametros Generales/Filtro 1er valor/span_select")): Object: 'Object Repository/Configuracion/Sistema/Parametros Generales/Filtro 1er valor/span_select' is clicked on

2021-06-15 10:35:29 - [MESSAGE][PASSED] - Object: 'Object Repository/Configuracion/Sistema/Parametros Generales/Filtro 1er valor/span_select' is clicked on

2021-06-15 10:35:29 - [TEST_STEP][PASSED] - click(findTestObject("Configuracion/Sistema/Parametros Generales/Filtro 1er valor/li_Contiene")): Object: 'Object Repository/Configuracion/Sistema/Parametros Generales/Filtro 1er valor/li_Contiene' is clicked on

2021-06-15 10:35:30 - [MESSAGE][PASSED] - Object: 'Object Repository/Configuracion/Sistema/Parametros Generales/Filtro 1er valor/li_Contiene' is clicked on

2021-06-15 10:35:30 - [TEST_STEP][PASSED] - setText(findTestObject("Configuracion/Sistema/Parametros Generales/Filtro 1er valor/input_Texto a buscar1"), "Usuarios.Contrasena.ExpRegular"): Text 'Usuarios.Contrasena.ExpRegular' is set on object 'Object Repository/Configuracion/Sistema/Parametros Generales/Filtro 1er valor/input_Texto a buscar1'

2021-06-15 10:35:31 - [MESSAGE][PASSED] - Text 'Usuarios.Contrasena.ExpRegular' is set on object 'Object Repository/Configuracion/Sistema/Parametros Generales/Filtro 1er valor/input_Texto a buscar1'

2021-06-15 10:35:31 - [TEST_STEP][PASSED] - click(findTestObject("Configuracion/Sistema/Parametros Generales/botones filtro/btn_Filtrar")): Object: 'Object Repository/Configuracion/Sistema/Parametros Generales/botones filtro/btn_Filtrar' is clicked on

2021-06-15 10:35:31 - [MESSAGE][PASSED] - Object: 'Object Repository/Configuracion/Sistema/Parametros Generales/botones filtro/btn_Filtrar' is clicked on

2021-06-15 10:35:31 - [TEST_STEP][PASSED] - delay(2): Delayed 2 second(s)

2021-06-15 10:35:33 - [MESSAGE][PASSED] - Delayed 2 second(s)

2021-06-15 10:35:33 - [TEST_STEP][PASSED] - click(findTestObject("Configuracion/Sistema/Parametros Generales/Cambiar Parametro Valor/a_Editar")): Object: 'Object Repository/Configuracion/Sistema/Parametros Generales/Cambiar Parametro Valor/a_Editar' is clicked on

2021-06-15 10:35:34 - [MESSAGE][PASSED] - Object: 'Object Repository/Configuracion/Sistema/Parametros Generales/Cambiar Parametro Valor/a_Editar' is clicked on

2021-06-15 10:35:34 - [TEST_STEP][PASSED] - delay(3): Delayed 3 second(s)

2021-06-15 10:35:37 - [MESSAGE][PASSED] - Delayed 3 second(s)

2021-06-15 10:35:37 - [TEST_STEP][PASSED] - click(findTestObject("Configuracion/Sistema/Parametros Generales/Cambiar Parametro Valor/a_Guardar")): Object: 'Object Repository/Configuracion/Sistema/Parametros Generales/Cambiar Parametro Valor/a_Guardar' is clicked on

2021-06-15 10:35:38 - [MESSAGE][PASSED] - Object: 'Object Repository/Configuracion/Sistema/Parametros Generales/Cambiar Parametro Valor/a_Guardar' is clicked on

2021-06-15 10:35:38 - [TEST_STEP][PASSED] - delay(3): Delayed 3 second(s)

2021-06-15 10:35:41 - [MESSAGE][PASSED] - Delayed 3 second(s)

2021-06-15 10:35:41 - [TEST_STEP][PASSED] - click(findTestObject("1Inicio/a_Inicio")): Object: 'Object Repository/1Inicio/a_Inicio' is clicked on

2021-06-15 10:35:42 - [MESSAGE][PASSED] - Object: 'Object Repository/1Inicio/a_Inicio' is clicked on

2021-06-15 10:35:42 - [TEST_STEP][PASSED] - delay(3): Delayed 3 second(s)

2021-06-15 10:35:45 - [MESSAGE][PASSED] - Delayed 3 second(s)

2021-06-15 10:35:45 - [TEST_STEP][PASSED] - click(findTestObject("0Inicio Sesion/Menu Tres Rayas/img_MenuUsuarioRayas")): Object: 'Object Repository/0Inicio Sesion/Menu Tres Rayas/img_MenuUsuarioRayas' is clicked on

2021-06-15 10:35:45 - [MESSAGE][PASSED] - Object: 'Object Repository/0Inicio Sesion/Menu Tres Rayas/img_MenuUsuarioRayas' is clicked on

2021-06-15 10:35:45 - [TEST_STEP][PASSED] - delay(2): Delayed 2 second(s)

2021-06-15 10:35:47 - [MESSAGE][PASSED] - Delayed 2 second(s)

2021-06-15 10:35:47 - [TEST_STEP][PASSED] - click(findTestObject("0Inicio Sesion/Menu Tres Rayas/a_Cambiar Clave")): Object: 'Object Repository/0Inicio Sesion/Menu Tres Rayas/a_Cambiar Clave' is clicked on

2021-06-15 10:35:48 - [MESSAGE][PASSED] - Object: 'Object Repository/0Inicio Sesion/Menu Tres Rayas/a_Cambiar Clave' is clicked on

2021-06-15 10:35:48 - [TEST_STEP][PASSED] - delay(2): Delayed 2 second(s)

2021-06-15 10:35:50 - [MESSAGE][PASSED] - Delayed 2 second(s)

2021-06-15 10:35:50 - [TEST_STEP][PASSED] - setText(findTestObject("0Inicio Sesion/Menu Tres Rayas/CambiarClave/input_ContrasenaActual"), "digiturno"): Text 'digiturno' is set on object 'Object Repository/0Inicio Sesion/Menu Tres Rayas/CambiarClave/input_ContrasenaActual'

2021-06-15 10:35:51 - [MESSAGE][PASSED] - Text 'digiturno' is set on object 'Object Repository/0Inicio Sesion/Menu Tres Rayas/CambiarClave/input_ContrasenaActual'

2021-06-15 10:35:51 - [TEST_STEP][PASSED] - setText(findTestObject("0Inicio Sesion/Menu Tres Rayas/CambiarClave/input_NuevaContrasena"), "digi"): Text 'digi' is set on object 'Object Repository/0Inicio Sesion/Menu Tres Rayas/CambiarClave/input_NuevaContrasena'

2021-06-15 10:35:52 - [MESSAGE][PASSED] - Text 'digi' is set on object 'Object Repository/0Inicio Sesion/Menu Tres Rayas/CambiarClave/input_NuevaContrasena'

2021-06-15 10:35:52 - [TEST_STEP][PASSED] - setText(findTestObject("0Inicio Sesion/Menu Tres Rayas/CambiarClave/input_ConfirmarContrasenaNueva"), "digi"): Text 'digi' is set on object 'Object Repository/0Inicio Sesion/Menu Tres Rayas/CambiarClave/input_ConfirmarContrasenaNueva'

2021-06-15 10:35:53 - [MESSAGE][PASSED] - Text 'digi' is set on object 'Object Repository/0Inicio Sesion/Menu Tres Rayas/CambiarClave/input_ConfirmarContrasenaNueva'

2021-06-15 10:35:53 - [TEST_STEP][PASSED] - click(findTestObject("0Inicio Sesion/Menu Tres Rayas/CambiarClave/img_CambiarContrasena")): Object: 'Object Repository/0Inicio Sesion/Menu Tres Rayas/CambiarClave/img_CambiarContrasena' is clicked on

2021-06-15 10:35:54 - [MESSAGE][PASSED] - Object: 'Object Repository/0Inicio Sesion/Menu Tres Rayas/CambiarClave/img_CambiarContrasena' is clicked on

2021-06-15 10:35:54 - [TEST_STEP][PASSED] - delay(3): Delayed 3 second(s)

2021-06-15 10:35:57 - [MESSAGE][PASSED] - Delayed 3 second(s)

2021-06-15 10:35:57 - [TEST_STEP][PASSED] - takeFullPageScreenshot(): Taking screenshot successfully

2021-06-15 10:35:58 - [MESSAGE][INFO] - 0 hidden object(s)

2021-06-15 10:35:58 - [MESSAGE][PASSED] - Taking screenshot successfully
[[ATTACHMENT|E:\\CIEL INGENIERIA\\KATALON\\Validaciones\\Reports\\20210615_103426\\117.Usuarios.Contrasena.ExpRegular\\20210615_103426\\1623771357205.png]]

2021-06-15 10:35:58 - [TEST_STEP][PASSED] - delay(3): Delayed 3 second(s)

2021-06-15 10:36:01 - [MESSAGE][PASSED] - Delayed 3 second(s)]]></system-out>
         <system-err><![CDATA[]]></system-err>
      </testcase>
      <system-out><![CDATA[2021-06-15 10:34:38 - [TEST_SUITE][PASSED] - 117.Usuarios.Contrasena.ExpRegular: Test Cases/117.Usuarios.Contrasena.ExpRegular]]></system-out>
      <system-err><![CDATA[]]></system-err>
   </testsuite>
</testsuites>
