<?xml version="1.0" encoding="UTF-8"?>
<testsuites name="98.Sistema.Login.UsarCaptcha" time="100.923" tests="1" failures="0" errors="0">
   <testsuite name="98.Sistema.Login.UsarCaptcha" tests="1" failures="0" errors="0" time="100.923" skipped="0" timestamp="2021-06-08 15:20:43" hostname="BILIKI - DESKTOP-HH1RJM2" id="Test Suites/98.Sistema.Login.UsarCaptcha">
      <properties>
         <property name="deviceName" value=""/>
         <property name="devicePlatform" value=""/>
         <property name="logFolder" value="E:\\CIEL INGENIERIA\\KATALON\\Validaciones\\Reports\\20210608_152028\\98.Sistema.Login.UsarCaptcha\\20210608_152028"/>
         <property name="logFiles" value="E:\\CIEL INGENIERIA\\KATALON\\Validaciones\\Reports\\20210608_152028\\98.Sistema.Login.UsarCaptcha\\20210608_152028\\execution0.log"/>
         <property name="attachments" value="E:\\CIEL INGENIERIA\\KATALON\\Validaciones\\Reports\\20210608_152028\\98.Sistema.Login.UsarCaptcha\\20210608_152028\\1623183720003.png"/>
         <property name="hostName" value="BILIKI - DESKTOP-HH1RJM2"/>
         <property name="os" value="Windows 10 64bit"/>
         <property name="katalonVersion" value="8.0.1.208"/>
         <property name="browser" value="Chrome 91.0.4472.77"/>
         <property name="hostAddress" value="169.254.12.236"/>
         <property name="sessionId" value="78cbad80333764fe00723a30636ac4b6"/>
         <property name="seleniumVersion" value="3.141.59"/>
         <property name="proxyInformation" value="ProxyInformation { proxyOption=NO_PROXY, proxyServerType=HTTP, username=, password=********, proxyServerAddress=, proxyServerPort=0, executionList=&quot;&quot;, isApplyToDesiredCapabilities=true }"/>
         <property name="platform" value="Windows 10"/>
      </properties>
      <testcase name="Test Cases/98.Sistema.Login.UsarCaptcha" time="76.31" classname="Test Cases/98.Sistema.Login.UsarCaptcha" status="PASSED">
         <system-out><![CDATA[2021-06-08 15:20:48 - [TEST_CASE][PASSED] - Test Cases/98.Sistema.Login.UsarCaptcha: Test Cases/98.Sistema.Login.UsarCaptcha

2021-06-08 15:20:50 - [TEST_STEP][PASSED] - callTestCase(findTestCase("Inicio Sesion sin variables"), [:], STOP_ON_FAILURE): Call Test Case 'Test Cases/Inicio Sesion sin variables' successfully

2021-06-08 15:20:51 - [TEST_CASE][PASSED] - Test Cases/Inicio Sesion sin variables: Test Cases/Inicio Sesion sin variables

2021-06-08 15:20:52 - [TEST_STEP][PASSED] - openBrowser("http://Localhost:8810"): Browser is opened with url: 'http://Localhost:8810'

2021-06-08 15:20:53 - [MESSAGE][INFO] - Starting 'Chrome' driver

2021-06-08 15:20:53 - [MESSAGE][INFO] - Action delay is set to 0 milliseconds

2021-06-08 15:21:06 - [MESSAGE][PASSED] - Browser is opened with url: 'http://Localhost:8810'

2021-06-08 15:21:06 - [TEST_STEP][PASSED] - maximizeWindow(): Current window maximized

2021-06-08 15:21:06 - [MESSAGE][PASSED] - Current window maximized

2021-06-08 15:21:06 - [TEST_STEP][PASSED] - setText(findTestObject("0Inicio Sesion/input__Usuario"), "ciel"): Text 'ciel' is set on object 'Object Repository/0Inicio Sesion/input__Usuario'

2021-06-08 15:21:08 - [MESSAGE][PASSED] - Text 'ciel' is set on object 'Object Repository/0Inicio Sesion/input__Usuario'

2021-06-08 15:21:08 - [TEST_STEP][PASSED] - setText(findTestObject("0Inicio Sesion/input__Clave"), "digiturno"): Text 'digiturno' is set on object 'Object Repository/0Inicio Sesion/input__Clave'

2021-06-08 15:21:09 - [MESSAGE][PASSED] - Text 'digiturno' is set on object 'Object Repository/0Inicio Sesion/input__Clave'

2021-06-08 15:21:09 - [TEST_STEP][PASSED] - click(findTestObject("0Inicio Sesion/btn_IniciarSesion")): Object: 'Object Repository/0Inicio Sesion/btn_IniciarSesion' is clicked on

2021-06-08 15:21:10 - [MESSAGE][PASSED] - Object: 'Object Repository/0Inicio Sesion/btn_IniciarSesion' is clicked on

2021-06-08 15:21:10 - [TEST_STEP][PASSED] - delay(3): Delayed 3 second(s)

2021-06-08 15:21:13 - [MESSAGE][PASSED] - Delayed 3 second(s)

2021-06-08 15:21:13 - [MESSAGE][PASSED] - Call Test Case 'Test Cases/Inicio Sesion sin variables' successfully

2021-06-08 15:21:13 - [TEST_STEP][PASSED] - click(findTestObject("1Inicio/img_Configuracion")): Object: 'Object Repository/1Inicio/img_Configuracion' is clicked on

2021-06-08 15:21:15 - [MESSAGE][PASSED] - Object: 'Object Repository/1Inicio/img_Configuracion' is clicked on

2021-06-08 15:21:15 - [TEST_STEP][PASSED] - delay(3): Delayed 3 second(s)

2021-06-08 15:21:18 - [MESSAGE][PASSED] - Delayed 3 second(s)

2021-06-08 15:21:18 - [TEST_STEP][PASSED] - click(findTestObject("Configuracion/1Principal/img_Sistema")): Object: 'Object Repository/Configuracion/1Principal/img_Sistema' is clicked on

2021-06-08 15:21:20 - [MESSAGE][PASSED] - Object: 'Object Repository/Configuracion/1Principal/img_Sistema' is clicked on

2021-06-08 15:21:20 - [TEST_STEP][PASSED] - delay(3): Delayed 3 second(s)

2021-06-08 15:21:23 - [MESSAGE][PASSED] - Delayed 3 second(s)

2021-06-08 15:21:23 - [TEST_STEP][PASSED] - click(findTestObject("Configuracion/Sistema/1Principal/img_Parametros Generales")): Object: 'Object Repository/Configuracion/Sistema/1Principal/img_Parametros Generales' is clicked on

2021-06-08 15:21:26 - [MESSAGE][PASSED] - Object: 'Object Repository/Configuracion/Sistema/1Principal/img_Parametros Generales' is clicked on

2021-06-08 15:21:26 - [TEST_STEP][PASSED] - delay(3): Delayed 3 second(s)

2021-06-08 15:21:29 - [MESSAGE][PASSED] - Delayed 3 second(s)

2021-06-08 15:21:29 - [TEST_STEP][PASSED] - click(findTestObject("Configuracion/Sistema/Parametros Generales/Pestanas/a_Usuarios")): Object: 'Object Repository/Configuracion/Sistema/Parametros Generales/Pestanas/a_Usuarios' is clicked on

2021-06-08 15:21:29 - [MESSAGE][PASSED] - Object: 'Object Repository/Configuracion/Sistema/Parametros Generales/Pestanas/a_Usuarios' is clicked on

2021-06-08 15:21:29 - [TEST_STEP][PASSED] - delay(3): Delayed 3 second(s)

2021-06-08 15:21:32 - [MESSAGE][PASSED] - Delayed 3 second(s)

2021-06-08 15:21:32 - [TEST_STEP][PASSED] - click(findTestObject("Configuracion/Sistema/Parametros Generales/Filtros LLave/span_0filtro llave")): Object: 'Object Repository/Configuracion/Sistema/Parametros Generales/Filtros LLave/span_0filtro llave' is clicked on

2021-06-08 15:21:33 - [MESSAGE][PASSED] - Object: 'Object Repository/Configuracion/Sistema/Parametros Generales/Filtros LLave/span_0filtro llave' is clicked on

2021-06-08 15:21:33 - [TEST_STEP][PASSED] - mouseOver(findTestObject("Configuracion/Sistema/Parametros Generales/Filtros LLave/span_1Filtro")): Object: 'Object Repository/Configuracion/Sistema/Parametros Generales/Filtros LLave/span_1Filtro' is hovered

2021-06-08 15:21:34 - [MESSAGE][PASSED] - Object: 'Object Repository/Configuracion/Sistema/Parametros Generales/Filtros LLave/span_1Filtro' is hovered

2021-06-08 15:21:34 - [TEST_STEP][PASSED] - click(findTestObject("Configuracion/Sistema/Parametros Generales/Filtro 1er valor/span_select")): Object: 'Object Repository/Configuracion/Sistema/Parametros Generales/Filtro 1er valor/span_select' is clicked on

2021-06-08 15:21:35 - [MESSAGE][PASSED] - Object: 'Object Repository/Configuracion/Sistema/Parametros Generales/Filtro 1er valor/span_select' is clicked on

2021-06-08 15:21:35 - [TEST_STEP][PASSED] - click(findTestObject("Configuracion/Sistema/Parametros Generales/Filtro 1er valor/li_Contiene")): Object: 'Object Repository/Configuracion/Sistema/Parametros Generales/Filtro 1er valor/li_Contiene' is clicked on

2021-06-08 15:21:36 - [MESSAGE][PASSED] - Object: 'Object Repository/Configuracion/Sistema/Parametros Generales/Filtro 1er valor/li_Contiene' is clicked on

2021-06-08 15:21:36 - [TEST_STEP][PASSED] - setText(findTestObject("Configuracion/Sistema/Parametros Generales/Filtro 1er valor/input_Texto a buscar1"), "Sistema.Login.UsarCaptcha"): Text 'Sistema.Login.UsarCaptcha' is set on object 'Object Repository/Configuracion/Sistema/Parametros Generales/Filtro 1er valor/input_Texto a buscar1'

2021-06-08 15:21:38 - [MESSAGE][PASSED] - Text 'Sistema.Login.UsarCaptcha' is set on object 'Object Repository/Configuracion/Sistema/Parametros Generales/Filtro 1er valor/input_Texto a buscar1'

2021-06-08 15:21:38 - [TEST_STEP][PASSED] - click(findTestObject("Configuracion/Sistema/Parametros Generales/botones filtro/btn_Filtrar")): Object: 'Object Repository/Configuracion/Sistema/Parametros Generales/botones filtro/btn_Filtrar' is clicked on

2021-06-08 15:21:38 - [MESSAGE][PASSED] - Object: 'Object Repository/Configuracion/Sistema/Parametros Generales/botones filtro/btn_Filtrar' is clicked on

2021-06-08 15:21:38 - [TEST_STEP][PASSED] - delay(2): Delayed 2 second(s)

2021-06-08 15:21:40 - [MESSAGE][PASSED] - Delayed 2 second(s)

2021-06-08 15:21:40 - [TEST_STEP][PASSED] - click(findTestObject("Configuracion/Sistema/Parametros Generales/Cambiar Parametro Valor/a_Editar")): Object: 'Object Repository/Configuracion/Sistema/Parametros Generales/Cambiar Parametro Valor/a_Editar' is clicked on

2021-06-08 15:21:41 - [MESSAGE][PASSED] - Object: 'Object Repository/Configuracion/Sistema/Parametros Generales/Cambiar Parametro Valor/a_Editar' is clicked on

2021-06-08 15:21:41 - [TEST_STEP][PASSED] - delay(2): Delayed 2 second(s)

2021-06-08 15:21:43 - [MESSAGE][PASSED] - Delayed 2 second(s)

2021-06-08 15:21:43 - [TEST_STEP][PASSED] - click(findTestObject("Configuracion/Sistema/Parametros Generales/Cambiar Parametro Valor/input_Valor"), STOP_ON_FAILURE): Object: 'Object Repository/Configuracion/Sistema/Parametros Generales/Cambiar Parametro Valor/input_Valor' is clicked on

2021-06-08 15:21:44 - [MESSAGE][PASSED] - Object: 'Object Repository/Configuracion/Sistema/Parametros Generales/Cambiar Parametro Valor/input_Valor' is clicked on

2021-06-08 15:21:44 - [TEST_STEP][PASSED] - click(findTestObject("Configuracion/Sistema/Parametros Generales/Cambiar Parametro SI NO/li_Si"), STOP_ON_FAILURE): Object: 'Object Repository/Configuracion/Sistema/Parametros Generales/Cambiar Parametro SI NO/li_Si' is clicked on

2021-06-08 15:21:44 - [MESSAGE][PASSED] - Object: 'Object Repository/Configuracion/Sistema/Parametros Generales/Cambiar Parametro SI NO/li_Si' is clicked on

2021-06-08 15:21:44 - [TEST_STEP][PASSED] - delay(5): Delayed 5 second(s)

2021-06-08 15:21:49 - [MESSAGE][PASSED] - Delayed 5 second(s)

2021-06-08 15:21:49 - [TEST_STEP][PASSED] - click(findTestObject("Configuracion/Sistema/Parametros Generales/Cambiar Parametro Valor/a_Guardar")): Object: 'Object Repository/Configuracion/Sistema/Parametros Generales/Cambiar Parametro Valor/a_Guardar' is clicked on

2021-06-08 15:21:51 - [MESSAGE][PASSED] - Object: 'Object Repository/Configuracion/Sistema/Parametros Generales/Cambiar Parametro Valor/a_Guardar' is clicked on

2021-06-08 15:21:51 - [TEST_STEP][PASSED] - delay(3): Delayed 3 second(s)

2021-06-08 15:21:54 - [MESSAGE][PASSED] - Delayed 3 second(s)

2021-06-08 15:21:54 - [TEST_STEP][PASSED] - mouseOver(findTestObject("0Inicio Sesion/Menu Tres Rayas/img_MenuUsuarioRayas")): Object: 'Object Repository/0Inicio Sesion/Menu Tres Rayas/img_MenuUsuarioRayas' is hovered

2021-06-08 15:21:54 - [MESSAGE][PASSED] - Object: 'Object Repository/0Inicio Sesion/Menu Tres Rayas/img_MenuUsuarioRayas' is hovered

2021-06-08 15:21:54 - [TEST_STEP][PASSED] - click(findTestObject("0Inicio Sesion/Menu Tres Rayas/a_Cerrar sesion")): Object: 'Object Repository/0Inicio Sesion/Menu Tres Rayas/a_Cerrar sesion' is clicked on

2021-06-08 15:21:56 - [MESSAGE][PASSED] - Object: 'Object Repository/0Inicio Sesion/Menu Tres Rayas/a_Cerrar sesion' is clicked on

2021-06-08 15:21:56 - [TEST_STEP][PASSED] - delay(3): Delayed 3 second(s)

2021-06-08 15:21:59 - [MESSAGE][PASSED] - Delayed 3 second(s)

2021-06-08 15:21:59 - [TEST_STEP][PASSED] - takeFullPageScreenshot(): Taking screenshot successfully

2021-06-08 15:22:01 - [MESSAGE][INFO] - 0 hidden object(s)

2021-06-08 15:22:01 - [MESSAGE][PASSED] - Taking screenshot successfully
[[ATTACHMENT|E:\\CIEL INGENIERIA\\KATALON\\Validaciones\\Reports\\20210608_152028\\98.Sistema.Login.UsarCaptcha\\20210608_152028\\1623183720003.png]]

2021-06-08 15:22:01 - [TEST_STEP][PASSED] - delay(3): Delayed 3 second(s)

2021-06-08 15:22:04 - [MESSAGE][PASSED] - Delayed 3 second(s)]]></system-out>
         <system-err><![CDATA[]]></system-err>
      </testcase>
      <system-out><![CDATA[2021-06-08 15:20:43 - [TEST_SUITE][PASSED] - 98.Sistema.Login.UsarCaptcha: Test Cases/98.Sistema.Login.UsarCaptcha]]></system-out>
      <system-err><![CDATA[]]></system-err>
   </testsuite>
</testsuites>
