<?xml version="1.0" encoding="UTF-8"?>
<testsuites name="106.Terminal.RequerirMotivoEnCierreMasivo" time="103.254" tests="1" failures="0" errors="0">
   <testsuite name="106.Terminal.RequerirMotivoEnCierreMasivo" tests="1" failures="0" errors="0" time="103.254" skipped="0" timestamp="2021-06-09 15:14:44" hostname="BILIKI - DESKTOP-HH1RJM2" id="Test Suites/106.Terminal.RequerirMotivoEnCierreMasivo">
      <properties>
         <property name="deviceName" value=""/>
         <property name="devicePlatform" value=""/>
         <property name="logFolder" value="E:\\CIEL INGENIERIA\\KATALON\\Validaciones\\Reports\\20210609_151430\\106.Terminal.RequerirMotivoEnCierreMasivo\\20210609_151430"/>
         <property name="logFiles" value="E:\\CIEL INGENIERIA\\KATALON\\Validaciones\\Reports\\20210609_151430\\106.Terminal.RequerirMotivoEnCierreMasivo\\20210609_151430\\execution0.log"/>
         <property name="attachments" value="E:\\CIEL INGENIERIA\\KATALON\\Validaciones\\Reports\\20210609_151430\\106.Terminal.RequerirMotivoEnCierreMasivo\\20210609_151430\\1623269765764.png"/>
         <property name="hostName" value="BILIKI - DESKTOP-HH1RJM2"/>
         <property name="os" value="Windows 10 64bit"/>
         <property name="katalonVersion" value="8.0.1.208"/>
         <property name="browser" value="Edge Chromiume 18"/>
         <property name="hostAddress" value="169.254.12.236"/>
         <property name="sessionId" value="0C5DEB77-495E-40B3-8E21-A99D694957B0"/>
         <property name="seleniumVersion" value="3.141.59"/>
         <property name="proxyInformation" value="ProxyInformation { proxyOption=NO_PROXY, proxyServerType=HTTP, username=, password=********, proxyServerAddress=, proxyServerPort=0, executionList=&quot;&quot;, isApplyToDesiredCapabilities=true }"/>
         <property name="platform" value="Windows 10"/>
      </properties>
      <testcase name="Test Cases/106.Terminal.RequerirMotivoEnCierreMasivo" time="82.493" classname="Test Cases/106.Terminal.RequerirMotivoEnCierreMasivo" status="PASSED">
         <system-out><![CDATA[2021-06-09 15:14:48 - [TEST_CASE][PASSED] - Test Cases/106.Terminal.RequerirMotivoEnCierreMasivo: Test Cases/106.Terminal.RequerirMotivoEnCierreMasivo

2021-06-09 15:14:50 - [TEST_STEP][PASSED] - callTestCase(findTestCase("Inicio Sesion sin variables"), [:], STOP_ON_FAILURE): Call Test Case 'Test Cases/Inicio Sesion sin variables' successfully

2021-06-09 15:14:51 - [TEST_CASE][PASSED] - Test Cases/Inicio Sesion sin variables: Test Cases/Inicio Sesion sin variables

2021-06-09 15:14:52 - [TEST_STEP][PASSED] - openBrowser("http://Localhost:8810"): Browser is opened with url: 'http://Localhost:8810'

2021-06-09 15:14:53 - [MESSAGE][INFO] - Starting 'Edge' driver

2021-06-09 15:14:54 - [MESSAGE][INFO] - Action delay is set to 0 milliseconds

2021-06-09 15:15:01 - [MESSAGE][PASSED] - Browser is opened with url: 'http://Localhost:8810'

2021-06-09 15:15:01 - [TEST_STEP][PASSED] - maximizeWindow(): Current window maximized

2021-06-09 15:15:01 - [MESSAGE][PASSED] - Current window maximized

2021-06-09 15:15:01 - [TEST_STEP][PASSED] - setText(findTestObject("0Inicio Sesion/input__Usuario"), "ciel"): Text 'ciel' is set on object 'Object Repository/0Inicio Sesion/input__Usuario'

2021-06-09 15:15:03 - [MESSAGE][PASSED] - Text 'ciel' is set on object 'Object Repository/0Inicio Sesion/input__Usuario'

2021-06-09 15:15:03 - [TEST_STEP][PASSED] - setText(findTestObject("0Inicio Sesion/input__Clave"), "digiturno"): Text 'digiturno' is set on object 'Object Repository/0Inicio Sesion/input__Clave'

2021-06-09 15:15:04 - [MESSAGE][PASSED] - Text 'digiturno' is set on object 'Object Repository/0Inicio Sesion/input__Clave'

2021-06-09 15:15:04 - [TEST_STEP][PASSED] - click(findTestObject("0Inicio Sesion/btn_IniciarSesion")): Object: 'Object Repository/0Inicio Sesion/btn_IniciarSesion' is clicked on

2021-06-09 15:15:04 - [MESSAGE][PASSED] - Object: 'Object Repository/0Inicio Sesion/btn_IniciarSesion' is clicked on

2021-06-09 15:15:05 - [TEST_STEP][PASSED] - delay(3): Delayed 3 second(s)

2021-06-09 15:15:08 - [MESSAGE][PASSED] - Delayed 3 second(s)

2021-06-09 15:15:08 - [MESSAGE][PASSED] - Call Test Case 'Test Cases/Inicio Sesion sin variables' successfully

2021-06-09 15:15:08 - [TEST_STEP][PASSED] - click(findTestObject("1Inicio/img_Configuracion")): Object: 'Object Repository/1Inicio/img_Configuracion' is clicked on

2021-06-09 15:15:08 - [MESSAGE][PASSED] - Object: 'Object Repository/1Inicio/img_Configuracion' is clicked on

2021-06-09 15:15:08 - [TEST_STEP][PASSED] - delay(3): Delayed 3 second(s)

2021-06-09 15:15:11 - [MESSAGE][PASSED] - Delayed 3 second(s)

2021-06-09 15:15:11 - [TEST_STEP][PASSED] - click(findTestObject("Configuracion/1Principal/img_Sistema")): Object: 'Object Repository/Configuracion/1Principal/img_Sistema' is clicked on

2021-06-09 15:15:12 - [MESSAGE][PASSED] - Object: 'Object Repository/Configuracion/1Principal/img_Sistema' is clicked on

2021-06-09 15:15:12 - [TEST_STEP][PASSED] - delay(3): Delayed 3 second(s)

2021-06-09 15:15:15 - [MESSAGE][PASSED] - Delayed 3 second(s)

2021-06-09 15:15:15 - [TEST_STEP][PASSED] - click(findTestObject("Configuracion/Sistema/1Principal/img_Parametros Generales")): Object: 'Object Repository/Configuracion/Sistema/1Principal/img_Parametros Generales' is clicked on

2021-06-09 15:15:15 - [MESSAGE][PASSED] - Object: 'Object Repository/Configuracion/Sistema/1Principal/img_Parametros Generales' is clicked on

2021-06-09 15:15:15 - [TEST_STEP][PASSED] - delay(3): Delayed 3 second(s)

2021-06-09 15:15:18 - [MESSAGE][PASSED] - Delayed 3 second(s)

2021-06-09 15:15:18 - [TEST_STEP][PASSED] - click(findTestObject("Configuracion/Sistema/Parametros Generales/Pestanas/a_Elementos de sistema")): Object: 'Object Repository/Configuracion/Sistema/Parametros Generales/Pestanas/a_Elementos de sistema' is clicked on

2021-06-09 15:15:19 - [MESSAGE][PASSED] - Object: 'Object Repository/Configuracion/Sistema/Parametros Generales/Pestanas/a_Elementos de sistema' is clicked on

2021-06-09 15:15:19 - [TEST_STEP][PASSED] - delay(3): Delayed 3 second(s)

2021-06-09 15:15:22 - [MESSAGE][PASSED] - Delayed 3 second(s)

2021-06-09 15:15:22 - [TEST_STEP][PASSED] - click(findTestObject("Configuracion/Sistema/Parametros Generales/Filtros LLave/span_0filtro llave")): Object: 'Object Repository/Configuracion/Sistema/Parametros Generales/Filtros LLave/span_0filtro llave' is clicked on

2021-06-09 15:15:23 - [MESSAGE][PASSED] - Object: 'Object Repository/Configuracion/Sistema/Parametros Generales/Filtros LLave/span_0filtro llave' is clicked on

2021-06-09 15:15:23 - [TEST_STEP][PASSED] - mouseOver(findTestObject("Configuracion/Sistema/Parametros Generales/Filtros LLave/span_1Filtro")): Object: 'Object Repository/Configuracion/Sistema/Parametros Generales/Filtros LLave/span_1Filtro' is hovered

2021-06-09 15:15:24 - [MESSAGE][PASSED] - Object: 'Object Repository/Configuracion/Sistema/Parametros Generales/Filtros LLave/span_1Filtro' is hovered

2021-06-09 15:15:24 - [TEST_STEP][PASSED] - click(findTestObject("Configuracion/Sistema/Parametros Generales/Filtro 1er valor/span_select")): Object: 'Object Repository/Configuracion/Sistema/Parametros Generales/Filtro 1er valor/span_select' is clicked on

2021-06-09 15:15:24 - [MESSAGE][PASSED] - Object: 'Object Repository/Configuracion/Sistema/Parametros Generales/Filtro 1er valor/span_select' is clicked on

2021-06-09 15:15:24 - [TEST_STEP][PASSED] - click(findTestObject("Configuracion/Sistema/Parametros Generales/Filtro 1er valor/li_Contiene")): Object: 'Object Repository/Configuracion/Sistema/Parametros Generales/Filtro 1er valor/li_Contiene' is clicked on

2021-06-09 15:15:25 - [MESSAGE][PASSED] - Object: 'Object Repository/Configuracion/Sistema/Parametros Generales/Filtro 1er valor/li_Contiene' is clicked on

2021-06-09 15:15:25 - [TEST_STEP][PASSED] - setText(findTestObject("Configuracion/Sistema/Parametros Generales/Filtro 1er valor/input_Texto a buscar1"), "Terminal.RequerirMotivoEnCierreMasivo"): Text 'Terminal.RequerirMotivoEnCierreMasivo' is set on object 'Object Repository/Configuracion/Sistema/Parametros Generales/Filtro 1er valor/input_Texto a buscar1'

2021-06-09 15:15:27 - [MESSAGE][PASSED] - Text 'Terminal.RequerirMotivoEnCierreMasivo' is set on object 'Object Repository/Configuracion/Sistema/Parametros Generales/Filtro 1er valor/input_Texto a buscar1'

2021-06-09 15:15:27 - [TEST_STEP][PASSED] - click(findTestObject("Configuracion/Sistema/Parametros Generales/botones filtro/btn_Filtrar")): Object: 'Object Repository/Configuracion/Sistema/Parametros Generales/botones filtro/btn_Filtrar' is clicked on

2021-06-09 15:15:27 - [MESSAGE][PASSED] - Object: 'Object Repository/Configuracion/Sistema/Parametros Generales/botones filtro/btn_Filtrar' is clicked on

2021-06-09 15:15:27 - [TEST_STEP][PASSED] - delay(2): Delayed 2 second(s)

2021-06-09 15:15:29 - [MESSAGE][PASSED] - Delayed 2 second(s)

2021-06-09 15:15:29 - [TEST_STEP][PASSED] - click(findTestObject("Configuracion/Sistema/Parametros Generales/Cambiar Parametro Valor/a_Editar")): Object: 'Object Repository/Configuracion/Sistema/Parametros Generales/Cambiar Parametro Valor/a_Editar' is clicked on

2021-06-09 15:15:30 - [MESSAGE][PASSED] - Object: 'Object Repository/Configuracion/Sistema/Parametros Generales/Cambiar Parametro Valor/a_Editar' is clicked on

2021-06-09 15:15:30 - [TEST_STEP][PASSED] - delay(2): Delayed 2 second(s)

2021-06-09 15:15:32 - [MESSAGE][PASSED] - Delayed 2 second(s)

2021-06-09 15:15:32 - [TEST_STEP][PASSED] - click(findTestObject("Configuracion/Sistema/Parametros Generales/Cambiar Parametro Valor/input_Valor"), STOP_ON_FAILURE): Object: 'Object Repository/Configuracion/Sistema/Parametros Generales/Cambiar Parametro Valor/input_Valor' is clicked on

2021-06-09 15:15:32 - [MESSAGE][PASSED] - Object: 'Object Repository/Configuracion/Sistema/Parametros Generales/Cambiar Parametro Valor/input_Valor' is clicked on

2021-06-09 15:15:32 - [TEST_STEP][PASSED] - sendKeys(findTestObject(null), "No"): Keys 'No' sent to object: 'tempBody'

2021-06-09 15:15:32 - [MESSAGE][WARNING] - Test object id is null

2021-06-09 15:15:33 - [MESSAGE][WARNING] - Test object with id 'Object Repository/' does not exist

2021-06-09 15:15:33 - [MESSAGE][PASSED] - Keys 'No' sent to object: 'tempBody'

2021-06-09 15:15:33 - [TEST_STEP][PASSED] - delay(2): Delayed 2 second(s)

2021-06-09 15:15:35 - [MESSAGE][PASSED] - Delayed 2 second(s)

2021-06-09 15:15:35 - [TEST_STEP][PASSED] - click(findTestObject("Configuracion/Sistema/Parametros Generales/Cambiar Parametro Valor/a_Guardar")): Object: 'Object Repository/Configuracion/Sistema/Parametros Generales/Cambiar Parametro Valor/a_Guardar' is clicked on

2021-06-09 15:15:36 - [MESSAGE][PASSED] - Object: 'Object Repository/Configuracion/Sistema/Parametros Generales/Cambiar Parametro Valor/a_Guardar' is clicked on

2021-06-09 15:15:36 - [TEST_STEP][PASSED] - delay(3): Delayed 3 second(s)

2021-06-09 15:15:39 - [MESSAGE][PASSED] - Delayed 3 second(s)

2021-06-09 15:15:39 - [TEST_STEP][PASSED] - click(findTestObject("1Inicio/a_Inicio")): Object: 'Object Repository/1Inicio/a_Inicio' is clicked on

2021-06-09 15:15:39 - [MESSAGE][PASSED] - Object: 'Object Repository/1Inicio/a_Inicio' is clicked on

2021-06-09 15:15:39 - [TEST_STEP][PASSED] - delay(3): Delayed 3 second(s)

2021-06-09 15:15:42 - [MESSAGE][PASSED] - Delayed 3 second(s)

2021-06-09 15:15:42 - [TEST_STEP][PASSED] - click(findTestObject("1Inicio/img_Operacion")): Object: 'Object Repository/1Inicio/img_Operacion' is clicked on

2021-06-09 15:15:43 - [MESSAGE][PASSED] - Object: 'Object Repository/1Inicio/img_Operacion' is clicked on

2021-06-09 15:15:43 - [TEST_STEP][PASSED] - delay(3): Delayed 3 second(s)

2021-06-09 15:15:46 - [MESSAGE][PASSED] - Delayed 3 second(s)

2021-06-09 15:15:46 - [TEST_STEP][PASSED] - click(findTestObject("2 Operacion/Elementos Del Sistema")): Object: 'Object Repository/2 Operacion/Elementos Del Sistema' is clicked on

2021-06-09 15:15:46 - [MESSAGE][PASSED] - Object: 'Object Repository/2 Operacion/Elementos Del Sistema' is clicked on

2021-06-09 15:15:46 - [TEST_STEP][PASSED] - delay(3): Delayed 3 second(s)

2021-06-09 15:15:49 - [MESSAGE][PASSED] - Delayed 3 second(s)

2021-06-09 15:15:49 - [TEST_STEP][PASSED] - click(findTestObject("2 Operacion/Elementos del Sistema/img_Terminales")): Object: 'Object Repository/2 Operacion/Elementos del Sistema/img_Terminales' is clicked on

2021-06-09 15:15:50 - [MESSAGE][PASSED] - Object: 'Object Repository/2 Operacion/Elementos del Sistema/img_Terminales' is clicked on

2021-06-09 15:15:50 - [TEST_STEP][PASSED] - delay(3): Delayed 3 second(s)

2021-06-09 15:15:53 - [MESSAGE][PASSED] - Delayed 3 second(s)

2021-06-09 15:15:53 - [TEST_STEP][PASSED] - click(findTestObject("2 Operacion/Elementos del Sistema/Selectores/00Oficinas/a_Bogota - CIEL")): Object: 'Object Repository/2 Operacion/Elementos del Sistema/Selectores/00Oficinas/a_Bogota - CIEL' is clicked on

2021-06-09 15:15:53 - [MESSAGE][PASSED] - Object: 'Object Repository/2 Operacion/Elementos del Sistema/Selectores/00Oficinas/a_Bogota - CIEL' is clicked on

2021-06-09 15:15:53 - [TEST_STEP][PASSED] - delay(3): Delayed 3 second(s)

2021-06-09 15:15:56 - [MESSAGE][PASSED] - Delayed 3 second(s)

2021-06-09 15:15:56 - [TEST_STEP][PASSED] - click(findTestObject("2 Operacion/Elementos del Sistema/Terminales/1Terminales menos WorkFlow/a_Terminal PQRS A02")): Object: 'Object Repository/2 Operacion/Elementos del Sistema/Terminales/1Terminales menos WorkFlow/a_Terminal PQRS A02' is clicked on

2021-06-09 15:15:57 - [MESSAGE][PASSED] - Object: 'Object Repository/2 Operacion/Elementos del Sistema/Terminales/1Terminales menos WorkFlow/a_Terminal PQRS A02' is clicked on

2021-06-09 15:15:57 - [TEST_STEP][PASSED] - delay(3): Delayed 3 second(s)

2021-06-09 15:16:00 - [MESSAGE][PASSED] - Delayed 3 second(s)

2021-06-09 15:16:00 - [TEST_STEP][PASSED] - switchToWindowIndex(0): Switched to window with index: '0'

2021-06-09 15:16:00 - [MESSAGE][PASSED] - Switched to window with index: '0'

2021-06-09 15:16:00 - [TEST_STEP][PASSED] - delay(2): Delayed 2 second(s)

2021-06-09 15:16:02 - [MESSAGE][PASSED] - Delayed 2 second(s)

2021-06-09 15:16:02 - [TEST_STEP][PASSED] - click(findTestObject("2 Operacion/Elementos del Sistema/Terminales/btn_CambiarEstado")): Object: 'Object Repository/2 Operacion/Elementos del Sistema/Terminales/btn_CambiarEstado' is clicked on

2021-06-09 15:16:03 - [MESSAGE][PASSED] - Object: 'Object Repository/2 Operacion/Elementos del Sistema/Terminales/btn_CambiarEstado' is clicked on

2021-06-09 15:16:03 - [TEST_STEP][PASSED] - acceptAlert(): Alert accepted

2021-06-09 15:16:03 - [MESSAGE][PASSED] - Alert accepted

2021-06-09 15:16:03 - [TEST_STEP][PASSED] - delay(2): Delayed 2 second(s)

2021-06-09 15:16:05 - [MESSAGE][PASSED] - Delayed 2 second(s)

2021-06-09 15:16:05 - [TEST_STEP][PASSED] - takeFullPageScreenshot(): Taking screenshot successfully

2021-06-09 15:16:07 - [MESSAGE][INFO] - 0 hidden object(s)

2021-06-09 15:16:08 - [MESSAGE][PASSED] - Taking screenshot successfully
[[ATTACHMENT|E:\\CIEL INGENIERIA\\KATALON\\Validaciones\\Reports\\20210609_151430\\106.Terminal.RequerirMotivoEnCierreMasivo\\20210609_151430\\1623269765764.png]]

2021-06-09 15:16:08 - [TEST_STEP][PASSED] - delay(3): Delayed 3 second(s)

2021-06-09 15:16:11 - [MESSAGE][PASSED] - Delayed 3 second(s)]]></system-out>
         <system-err><![CDATA[]]></system-err>
      </testcase>
      <system-out><![CDATA[2021-06-09 15:14:44 - [TEST_SUITE][PASSED] - 106.Terminal.RequerirMotivoEnCierreMasivo: Test Cases/106.Terminal.RequerirMotivoEnCierreMasivo]]></system-out>
      <system-err><![CDATA[]]></system-err>
   </testsuite>
</testsuites>
