<?xml version="1.0" encoding="UTF-8"?>
<testsuites name="106.Terminal.RequerirMotivoEnCierreMasivo" time="156.742" tests="1" failures="0" errors="0">
   <testsuite name="106.Terminal.RequerirMotivoEnCierreMasivo" tests="1" failures="0" errors="0" time="156.742" skipped="0" timestamp="2021-06-10 11:15:27" hostname="BILIKI - DESKTOP-HH1RJM2" id="Test Suites/106.Terminal.RequerirMotivoEnCierreMasivo">
      <properties>
         <property name="deviceName" value=""/>
         <property name="devicePlatform" value=""/>
         <property name="logFolder" value="E:\\CIEL INGENIERIA\\KATALON\\Validaciones\\Reports\\20210610_111508\\106.Terminal.RequerirMotivoEnCierreMasivo\\20210610_111508"/>
         <property name="logFiles" value="E:\\CIEL INGENIERIA\\KATALON\\Validaciones\\Reports\\20210610_111508\\106.Terminal.RequerirMotivoEnCierreMasivo\\20210610_111508\\execution0.log"/>
         <property name="attachments" value="E:\\CIEL INGENIERIA\\KATALON\\Validaciones\\Reports\\20210610_111508\\106.Terminal.RequerirMotivoEnCierreMasivo\\20210610_111508\\1623341861433.png"/>
         <property name="hostName" value="BILIKI - DESKTOP-HH1RJM2"/>
         <property name="os" value="Windows 10 64bit"/>
         <property name="katalonVersion" value="8.0.1.208"/>
         <property name="browser" value="Chrome 91.0.4472.101"/>
         <property name="hostAddress" value="169.254.12.236"/>
         <property name="sessionId" value="758b38b02e524005ce20f477e65f55e8"/>
         <property name="seleniumVersion" value="3.141.59"/>
         <property name="proxyInformation" value="ProxyInformation { proxyOption=NO_PROXY, proxyServerType=HTTP, username=, password=********, proxyServerAddress=, proxyServerPort=0, executionList=&quot;&quot;, isApplyToDesiredCapabilities=true }"/>
         <property name="platform" value="Windows 10"/>
      </properties>
      <testcase name="Test Cases/106.Terminal.RequerirMotivoEnCierreMasivo" time="133.62" classname="Test Cases/106.Terminal.RequerirMotivoEnCierreMasivo" status="PASSED">
         <system-out><![CDATA[2021-06-10 11:15:32 - [TEST_CASE][PASSED] - Test Cases/106.Terminal.RequerirMotivoEnCierreMasivo: Test Cases/106.Terminal.RequerirMotivoEnCierreMasivo

2021-06-10 11:15:34 - [TEST_STEP][PASSED] - callTestCase(findTestCase("Inicio Sesion sin variables"), [:], STOP_ON_FAILURE): Call Test Case 'Test Cases/Inicio Sesion sin variables' successfully

2021-06-10 11:15:35 - [TEST_CASE][PASSED] - Test Cases/Inicio Sesion sin variables: Test Cases/Inicio Sesion sin variables

2021-06-10 11:15:36 - [TEST_STEP][PASSED] - openBrowser("http://Localhost:8810"): Browser is opened with url: 'http://Localhost:8810'

2021-06-10 11:15:37 - [MESSAGE][INFO] - Starting 'Chrome' driver

2021-06-10 11:15:37 - [MESSAGE][INFO] - Action delay is set to 0 milliseconds

2021-06-10 11:16:11 - [MESSAGE][PASSED] - Browser is opened with url: 'http://Localhost:8810'

2021-06-10 11:16:11 - [TEST_STEP][PASSED] - maximizeWindow(): Current window maximized

2021-06-10 11:16:11 - [MESSAGE][PASSED] - Current window maximized

2021-06-10 11:16:11 - [TEST_STEP][PASSED] - setText(findTestObject("0Inicio Sesion/input__Usuario"), "ciel"): Text 'ciel' is set on object 'Object Repository/0Inicio Sesion/input__Usuario'

2021-06-10 11:16:13 - [MESSAGE][PASSED] - Text 'ciel' is set on object 'Object Repository/0Inicio Sesion/input__Usuario'

2021-06-10 11:16:13 - [TEST_STEP][PASSED] - setText(findTestObject("0Inicio Sesion/input__Clave"), "digiturno"): Text 'digiturno' is set on object 'Object Repository/0Inicio Sesion/input__Clave'

2021-06-10 11:16:15 - [MESSAGE][PASSED] - Text 'digiturno' is set on object 'Object Repository/0Inicio Sesion/input__Clave'

2021-06-10 11:16:15 - [TEST_STEP][PASSED] - click(findTestObject("0Inicio Sesion/btn_IniciarSesion")): Object: 'Object Repository/0Inicio Sesion/btn_IniciarSesion' is clicked on

2021-06-10 11:16:15 - [MESSAGE][PASSED] - Object: 'Object Repository/0Inicio Sesion/btn_IniciarSesion' is clicked on

2021-06-10 11:16:15 - [TEST_STEP][PASSED] - delay(3): Delayed 3 second(s)

2021-06-10 11:16:18 - [MESSAGE][PASSED] - Delayed 3 second(s)

2021-06-10 11:16:18 - [MESSAGE][PASSED] - Call Test Case 'Test Cases/Inicio Sesion sin variables' successfully

2021-06-10 11:16:18 - [TEST_STEP][PASSED] - click(findTestObject("1Inicio/img_Configuracion")): Object: 'Object Repository/1Inicio/img_Configuracion' is clicked on

2021-06-10 11:16:29 - [MESSAGE][PASSED] - Object: 'Object Repository/1Inicio/img_Configuracion' is clicked on

2021-06-10 11:16:29 - [TEST_STEP][PASSED] - delay(3): Delayed 3 second(s)

2021-06-10 11:16:32 - [MESSAGE][PASSED] - Delayed 3 second(s)

2021-06-10 11:16:32 - [TEST_STEP][PASSED] - click(findTestObject("Configuracion/1Principal/img_Sistema")): Object: 'Object Repository/Configuracion/1Principal/img_Sistema' is clicked on

2021-06-10 11:16:34 - [MESSAGE][PASSED] - Object: 'Object Repository/Configuracion/1Principal/img_Sistema' is clicked on

2021-06-10 11:16:34 - [TEST_STEP][PASSED] - delay(3): Delayed 3 second(s)

2021-06-10 11:16:37 - [MESSAGE][PASSED] - Delayed 3 second(s)

2021-06-10 11:16:37 - [TEST_STEP][PASSED] - click(findTestObject("Configuracion/Sistema/1Principal/img_Parametros Generales")): Object: 'Object Repository/Configuracion/Sistema/1Principal/img_Parametros Generales' is clicked on

2021-06-10 11:16:40 - [MESSAGE][PASSED] - Object: 'Object Repository/Configuracion/Sistema/1Principal/img_Parametros Generales' is clicked on

2021-06-10 11:16:40 - [TEST_STEP][PASSED] - delay(3): Delayed 3 second(s)

2021-06-10 11:16:43 - [MESSAGE][PASSED] - Delayed 3 second(s)

2021-06-10 11:16:43 - [TEST_STEP][PASSED] - click(findTestObject("Configuracion/Sistema/Parametros Generales/Pestanas/a_Elementos de sistema")): Object: 'Object Repository/Configuracion/Sistema/Parametros Generales/Pestanas/a_Elementos de sistema' is clicked on

2021-06-10 11:16:44 - [MESSAGE][PASSED] - Object: 'Object Repository/Configuracion/Sistema/Parametros Generales/Pestanas/a_Elementos de sistema' is clicked on

2021-06-10 11:16:44 - [TEST_STEP][PASSED] - delay(3): Delayed 3 second(s)

2021-06-10 11:16:47 - [MESSAGE][PASSED] - Delayed 3 second(s)

2021-06-10 11:16:47 - [TEST_STEP][PASSED] - click(findTestObject("Configuracion/Sistema/Parametros Generales/Filtros LLave/span_0filtro llave")): Object: 'Object Repository/Configuracion/Sistema/Parametros Generales/Filtros LLave/span_0filtro llave' is clicked on

2021-06-10 11:16:48 - [MESSAGE][PASSED] - Object: 'Object Repository/Configuracion/Sistema/Parametros Generales/Filtros LLave/span_0filtro llave' is clicked on

2021-06-10 11:16:48 - [TEST_STEP][PASSED] - mouseOver(findTestObject("Configuracion/Sistema/Parametros Generales/Filtros LLave/span_1Filtro")): Object: 'Object Repository/Configuracion/Sistema/Parametros Generales/Filtros LLave/span_1Filtro' is hovered

2021-06-10 11:16:49 - [MESSAGE][PASSED] - Object: 'Object Repository/Configuracion/Sistema/Parametros Generales/Filtros LLave/span_1Filtro' is hovered

2021-06-10 11:16:49 - [TEST_STEP][PASSED] - click(findTestObject("Configuracion/Sistema/Parametros Generales/Filtro 1er valor/span_select")): Object: 'Object Repository/Configuracion/Sistema/Parametros Generales/Filtro 1er valor/span_select' is clicked on

2021-06-10 11:16:50 - [MESSAGE][PASSED] - Object: 'Object Repository/Configuracion/Sistema/Parametros Generales/Filtro 1er valor/span_select' is clicked on

2021-06-10 11:16:50 - [TEST_STEP][PASSED] - click(findTestObject("Configuracion/Sistema/Parametros Generales/Filtro 1er valor/li_Contiene")): Object: 'Object Repository/Configuracion/Sistema/Parametros Generales/Filtro 1er valor/li_Contiene' is clicked on

2021-06-10 11:16:51 - [MESSAGE][PASSED] - Object: 'Object Repository/Configuracion/Sistema/Parametros Generales/Filtro 1er valor/li_Contiene' is clicked on

2021-06-10 11:16:51 - [TEST_STEP][PASSED] - setText(findTestObject("Configuracion/Sistema/Parametros Generales/Filtro 1er valor/input_Texto a buscar1"), "Terminal.RequerirMotivoEnCierreMasivo"): Text 'Terminal.RequerirMotivoEnCierreMasivo' is set on object 'Object Repository/Configuracion/Sistema/Parametros Generales/Filtro 1er valor/input_Texto a buscar1'

2021-06-10 11:16:52 - [MESSAGE][PASSED] - Text 'Terminal.RequerirMotivoEnCierreMasivo' is set on object 'Object Repository/Configuracion/Sistema/Parametros Generales/Filtro 1er valor/input_Texto a buscar1'

2021-06-10 11:16:52 - [TEST_STEP][PASSED] - click(findTestObject("Configuracion/Sistema/Parametros Generales/botones filtro/btn_Filtrar")): Object: 'Object Repository/Configuracion/Sistema/Parametros Generales/botones filtro/btn_Filtrar' is clicked on

2021-06-10 11:16:53 - [MESSAGE][PASSED] - Object: 'Object Repository/Configuracion/Sistema/Parametros Generales/botones filtro/btn_Filtrar' is clicked on

2021-06-10 11:16:53 - [TEST_STEP][PASSED] - delay(2): Delayed 2 second(s)

2021-06-10 11:16:55 - [MESSAGE][PASSED] - Delayed 2 second(s)

2021-06-10 11:16:55 - [TEST_STEP][PASSED] - click(findTestObject("Configuracion/Sistema/Parametros Generales/Cambiar Parametro Valor/a_Editar")): Object: 'Object Repository/Configuracion/Sistema/Parametros Generales/Cambiar Parametro Valor/a_Editar' is clicked on

2021-06-10 11:16:56 - [MESSAGE][PASSED] - Object: 'Object Repository/Configuracion/Sistema/Parametros Generales/Cambiar Parametro Valor/a_Editar' is clicked on

2021-06-10 11:16:56 - [TEST_STEP][PASSED] - delay(2): Delayed 2 second(s)

2021-06-10 11:16:58 - [MESSAGE][PASSED] - Delayed 2 second(s)

2021-06-10 11:16:58 - [TEST_STEP][PASSED] - click(findTestObject("Configuracion/Sistema/Parametros Generales/Cambiar Parametro Valor/input_Valor"), STOP_ON_FAILURE): Object: 'Object Repository/Configuracion/Sistema/Parametros Generales/Cambiar Parametro Valor/input_Valor' is clicked on

2021-06-10 11:16:59 - [MESSAGE][PASSED] - Object: 'Object Repository/Configuracion/Sistema/Parametros Generales/Cambiar Parametro Valor/input_Valor' is clicked on

2021-06-10 11:16:59 - [TEST_STEP][PASSED] - sendKeys(findTestObject(null), "No"): Keys 'No' sent to object: 'tempBody'

2021-06-10 11:16:59 - [MESSAGE][WARNING] - Test object id is null

2021-06-10 11:16:59 - [MESSAGE][WARNING] - Test object with id 'Object Repository/' does not exist

2021-06-10 11:16:59 - [MESSAGE][PASSED] - Keys 'No' sent to object: 'tempBody'

2021-06-10 11:16:59 - [TEST_STEP][PASSED] - delay(2): Delayed 2 second(s)

2021-06-10 11:17:01 - [MESSAGE][PASSED] - Delayed 2 second(s)

2021-06-10 11:17:01 - [TEST_STEP][PASSED] - click(findTestObject("Configuracion/Sistema/Parametros Generales/Cambiar Parametro Valor/a_Guardar")): Object: 'Object Repository/Configuracion/Sistema/Parametros Generales/Cambiar Parametro Valor/a_Guardar' is clicked on

2021-06-10 11:17:02 - [MESSAGE][PASSED] - Object: 'Object Repository/Configuracion/Sistema/Parametros Generales/Cambiar Parametro Valor/a_Guardar' is clicked on

2021-06-10 11:17:02 - [TEST_STEP][PASSED] - delay(3): Delayed 3 second(s)

2021-06-10 11:17:05 - [MESSAGE][PASSED] - Delayed 3 second(s)

2021-06-10 11:17:05 - [TEST_STEP][PASSED] - click(findTestObject("1Inicio/a_Inicio")): Object: 'Object Repository/1Inicio/a_Inicio' is clicked on

2021-06-10 11:17:06 - [MESSAGE][PASSED] - Object: 'Object Repository/1Inicio/a_Inicio' is clicked on

2021-06-10 11:17:06 - [TEST_STEP][PASSED] - delay(3): Delayed 3 second(s)

2021-06-10 11:17:09 - [MESSAGE][PASSED] - Delayed 3 second(s)

2021-06-10 11:17:09 - [TEST_STEP][PASSED] - click(findTestObject("1Inicio/img_Operacion")): Object: 'Object Repository/1Inicio/img_Operacion' is clicked on

2021-06-10 11:17:11 - [MESSAGE][PASSED] - Object: 'Object Repository/1Inicio/img_Operacion' is clicked on

2021-06-10 11:17:11 - [TEST_STEP][PASSED] - delay(3): Delayed 3 second(s)

2021-06-10 11:17:14 - [MESSAGE][PASSED] - Delayed 3 second(s)

2021-06-10 11:17:14 - [TEST_STEP][PASSED] - click(findTestObject("2 Operacion/Elementos Del Sistema")): Object: 'Object Repository/2 Operacion/Elementos Del Sistema' is clicked on

2021-06-10 11:17:15 - [MESSAGE][PASSED] - Object: 'Object Repository/2 Operacion/Elementos Del Sistema' is clicked on

2021-06-10 11:17:15 - [TEST_STEP][PASSED] - delay(3): Delayed 3 second(s)

2021-06-10 11:17:18 - [MESSAGE][PASSED] - Delayed 3 second(s)

2021-06-10 11:17:18 - [TEST_STEP][PASSED] - click(findTestObject("2 Operacion/Elementos del Sistema/img_Terminales")): Object: 'Object Repository/2 Operacion/Elementos del Sistema/img_Terminales' is clicked on

2021-06-10 11:17:21 - [MESSAGE][PASSED] - Object: 'Object Repository/2 Operacion/Elementos del Sistema/img_Terminales' is clicked on

2021-06-10 11:17:21 - [TEST_STEP][PASSED] - delay(3): Delayed 3 second(s)

2021-06-10 11:17:24 - [MESSAGE][PASSED] - Delayed 3 second(s)

2021-06-10 11:17:24 - [TEST_STEP][PASSED] - click(findTestObject("2 Operacion/Elementos del Sistema/Selectores/00Oficinas/a_Bogota - CIEL")): Object: 'Object Repository/2 Operacion/Elementos del Sistema/Selectores/00Oficinas/a_Bogota - CIEL' is clicked on

2021-06-10 11:17:25 - [MESSAGE][PASSED] - Object: 'Object Repository/2 Operacion/Elementos del Sistema/Selectores/00Oficinas/a_Bogota - CIEL' is clicked on

2021-06-10 11:17:25 - [TEST_STEP][PASSED] - delay(3): Delayed 3 second(s)

2021-06-10 11:17:28 - [MESSAGE][PASSED] - Delayed 3 second(s)

2021-06-10 11:17:28 - [TEST_STEP][PASSED] - click(findTestObject("2 Operacion/Elementos del Sistema/Terminales/1Terminales menos WorkFlow/a_Terminal PQRS A02")): Object: 'Object Repository/2 Operacion/Elementos del Sistema/Terminales/1Terminales menos WorkFlow/a_Terminal PQRS A02' is clicked on

2021-06-10 11:17:29 - [MESSAGE][PASSED] - Object: 'Object Repository/2 Operacion/Elementos del Sistema/Terminales/1Terminales menos WorkFlow/a_Terminal PQRS A02' is clicked on

2021-06-10 11:17:29 - [TEST_STEP][PASSED] - delay(5): Delayed 5 second(s)

2021-06-10 11:17:34 - [MESSAGE][PASSED] - Delayed 5 second(s)

2021-06-10 11:17:34 - [TEST_STEP][PASSED] - closeWindowIndex(1): Window with index 1 is closed

2021-06-10 11:17:34 - [MESSAGE][PASSED] - Window with index 1 is closed

2021-06-10 11:17:34 - [TEST_STEP][PASSED] - delay(2): Delayed 2 second(s)

2021-06-10 11:17:36 - [MESSAGE][PASSED] - Delayed 2 second(s)

2021-06-10 11:17:36 - [TEST_STEP][PASSED] - switchToWindowIndex(0): Switched to window with index: '0'

2021-06-10 11:17:36 - [MESSAGE][PASSED] - Switched to window with index: '0'

2021-06-10 11:17:36 - [TEST_STEP][PASSED] - delay(2): Delayed 2 second(s)

2021-06-10 11:17:38 - [MESSAGE][PASSED] - Delayed 2 second(s)

2021-06-10 11:17:38 - [TEST_STEP][PASSED] - click(findTestObject("2 Operacion/Elementos del Sistema/Terminales/btn_CambiarEstado")): Object: 'Object Repository/2 Operacion/Elementos del Sistema/Terminales/btn_CambiarEstado' is clicked on

2021-06-10 11:17:39 - [MESSAGE][PASSED] - Object: 'Object Repository/2 Operacion/Elementos del Sistema/Terminales/btn_CambiarEstado' is clicked on

2021-06-10 11:17:39 - [TEST_STEP][PASSED] - acceptAlert(): Alert accepted

2021-06-10 11:17:39 - [MESSAGE][PASSED] - Alert accepted

2021-06-10 11:17:39 - [TEST_STEP][PASSED] - delay(2): Delayed 2 second(s)

2021-06-10 11:17:41 - [MESSAGE][PASSED] - Delayed 2 second(s)

2021-06-10 11:17:41 - [TEST_STEP][PASSED] - takeFullPageScreenshot(): Taking screenshot successfully

2021-06-10 11:17:42 - [MESSAGE][INFO] - 0 hidden object(s)

2021-06-10 11:17:43 - [MESSAGE][PASSED] - Taking screenshot successfully
[[ATTACHMENT|E:\\CIEL INGENIERIA\\KATALON\\Validaciones\\Reports\\20210610_111508\\106.Terminal.RequerirMotivoEnCierreMasivo\\20210610_111508\\1623341861433.png]]

2021-06-10 11:17:43 - [TEST_STEP][PASSED] - delay(3): Delayed 3 second(s)

2021-06-10 11:17:46 - [MESSAGE][PASSED] - Delayed 3 second(s)]]></system-out>
         <system-err><![CDATA[]]></system-err>
      </testcase>
      <system-out><![CDATA[2021-06-10 11:15:27 - [TEST_SUITE][PASSED] - 106.Terminal.RequerirMotivoEnCierreMasivo: Test Cases/106.Terminal.RequerirMotivoEnCierreMasivo]]></system-out>
      <system-err><![CDATA[]]></system-err>
   </testsuite>
</testsuites>
