<?xml version="1.0" encoding="UTF-8"?>
<testsuites name="100.Sistema.Login.Intentos.Tiempo" time="137.223" tests="1" failures="0" errors="0">
   <testsuite name="100.Sistema.Login.Intentos.Tiempo" tests="1" failures="0" errors="0" time="137.223" skipped="0" timestamp="2021-06-08 16:19:25" hostname="BILIKI - DESKTOP-HH1RJM2" id="Test Suites/100.Sistema.Login.Intentos.Tiempo">
      <properties>
         <property name="deviceName" value=""/>
         <property name="devicePlatform" value=""/>
         <property name="logFolder" value="E:\\CIEL INGENIERIA\\KATALON\\Validaciones\\Reports\\20210608_161908\\100.Sistema.Login.Intentos.Tiempo\\20210608_161908"/>
         <property name="logFiles" value="E:\\CIEL INGENIERIA\\KATALON\\Validaciones\\Reports\\20210608_161908\\100.Sistema.Login.Intentos.Tiempo\\20210608_161908\\execution0.log"/>
         <property name="attachments" value="E:\\CIEL INGENIERIA\\KATALON\\Validaciones\\Reports\\20210608_161908\\100.Sistema.Login.Intentos.Tiempo\\20210608_161908\\1623187247740.png, E:\\CIEL INGENIERIA\\KATALON\\Validaciones\\Reports\\20210608_161908\\100.Sistema.Login.Intentos.Tiempo\\20210608_161908\\1623187257032.png, E:\\CIEL INGENIERIA\\KATALON\\Validaciones\\Reports\\20210608_161908\\100.Sistema.Login.Intentos.Tiempo\\20210608_161908\\1623187281201.png"/>
         <property name="hostName" value="BILIKI - DESKTOP-HH1RJM2"/>
         <property name="os" value="Windows 10 64bit"/>
         <property name="katalonVersion" value="8.0.1.208"/>
         <property name="browser" value="Chrome 91.0.4472.77"/>
         <property name="hostAddress" value="169.254.12.236"/>
         <property name="sessionId" value="6f971c1d6151f9e5dac36fb9032469cd"/>
         <property name="seleniumVersion" value="3.141.59"/>
         <property name="proxyInformation" value="ProxyInformation { proxyOption=NO_PROXY, proxyServerType=HTTP, username=, password=********, proxyServerAddress=, proxyServerPort=0, executionList=&quot;&quot;, isApplyToDesiredCapabilities=true }"/>
         <property name="platform" value="Windows 10"/>
      </properties>
      <testcase name="Test Cases/100.Sistema.Login.Intentos.Tiempo" time="112.883" classname="Test Cases/100.Sistema.Login.Intentos.Tiempo" status="PASSED">
         <system-out><![CDATA[2021-06-08 16:19:30 - [TEST_CASE][PASSED] - Test Cases/100.Sistema.Login.Intentos.Tiempo: Test Cases/100.Sistema.Login.Intentos.Tiempo

2021-06-08 16:19:33 - [TEST_STEP][PASSED] - callTestCase(findTestCase("Inicio Sesion sin variables"), [:], STOP_ON_FAILURE): Call Test Case 'Test Cases/Inicio Sesion sin variables' successfully

2021-06-08 16:19:34 - [TEST_CASE][PASSED] - Test Cases/Inicio Sesion sin variables: Test Cases/Inicio Sesion sin variables

2021-06-08 16:19:35 - [TEST_STEP][PASSED] - openBrowser("http://Localhost:8810"): Browser is opened with url: 'http://Localhost:8810'

2021-06-08 16:19:36 - [MESSAGE][INFO] - Starting 'Chrome' driver

2021-06-08 16:19:36 - [MESSAGE][INFO] - Action delay is set to 0 milliseconds

2021-06-08 16:19:48 - [MESSAGE][PASSED] - Browser is opened with url: 'http://Localhost:8810'

2021-06-08 16:19:48 - [TEST_STEP][PASSED] - maximizeWindow(): Current window maximized

2021-06-08 16:19:49 - [MESSAGE][PASSED] - Current window maximized

2021-06-08 16:19:49 - [TEST_STEP][PASSED] - setText(findTestObject("0Inicio Sesion/input__Usuario"), "ciel"): Text 'ciel' is set on object 'Object Repository/0Inicio Sesion/input__Usuario'

2021-06-08 16:19:50 - [MESSAGE][PASSED] - Text 'ciel' is set on object 'Object Repository/0Inicio Sesion/input__Usuario'

2021-06-08 16:19:50 - [TEST_STEP][PASSED] - setText(findTestObject("0Inicio Sesion/input__Clave"), "digiturno"): Text 'digiturno' is set on object 'Object Repository/0Inicio Sesion/input__Clave'

2021-06-08 16:19:51 - [MESSAGE][PASSED] - Text 'digiturno' is set on object 'Object Repository/0Inicio Sesion/input__Clave'

2021-06-08 16:19:51 - [TEST_STEP][PASSED] - click(findTestObject("0Inicio Sesion/btn_IniciarSesion")): Object: 'Object Repository/0Inicio Sesion/btn_IniciarSesion' is clicked on

2021-06-08 16:19:52 - [MESSAGE][PASSED] - Object: 'Object Repository/0Inicio Sesion/btn_IniciarSesion' is clicked on

2021-06-08 16:19:52 - [TEST_STEP][PASSED] - delay(3): Delayed 3 second(s)

2021-06-08 16:19:55 - [MESSAGE][PASSED] - Delayed 3 second(s)

2021-06-08 16:19:55 - [MESSAGE][PASSED] - Call Test Case 'Test Cases/Inicio Sesion sin variables' successfully

2021-06-08 16:19:55 - [TEST_STEP][PASSED] - click(findTestObject("1Inicio/img_Configuracion")): Object: 'Object Repository/1Inicio/img_Configuracion' is clicked on

2021-06-08 16:19:58 - [MESSAGE][PASSED] - Object: 'Object Repository/1Inicio/img_Configuracion' is clicked on

2021-06-08 16:19:58 - [TEST_STEP][PASSED] - delay(3): Delayed 3 second(s)

2021-06-08 16:20:01 - [MESSAGE][PASSED] - Delayed 3 second(s)

2021-06-08 16:20:01 - [TEST_STEP][PASSED] - click(findTestObject("Configuracion/1Principal/img_Sistema")): Object: 'Object Repository/Configuracion/1Principal/img_Sistema' is clicked on

2021-06-08 16:20:04 - [MESSAGE][PASSED] - Object: 'Object Repository/Configuracion/1Principal/img_Sistema' is clicked on

2021-06-08 16:20:04 - [TEST_STEP][PASSED] - delay(3): Delayed 3 second(s)

2021-06-08 16:20:07 - [MESSAGE][PASSED] - Delayed 3 second(s)

2021-06-08 16:20:07 - [TEST_STEP][PASSED] - click(findTestObject("Configuracion/Sistema/1Principal/img_Parametros Generales")): Object: 'Object Repository/Configuracion/Sistema/1Principal/img_Parametros Generales' is clicked on

2021-06-08 16:20:10 - [MESSAGE][PASSED] - Object: 'Object Repository/Configuracion/Sistema/1Principal/img_Parametros Generales' is clicked on

2021-06-08 16:20:10 - [TEST_STEP][PASSED] - delay(3): Delayed 3 second(s)

2021-06-08 16:20:13 - [MESSAGE][PASSED] - Delayed 3 second(s)

2021-06-08 16:20:13 - [TEST_STEP][PASSED] - click(findTestObject("Configuracion/Sistema/Parametros Generales/Pestanas/a_Usuarios")): Object: 'Object Repository/Configuracion/Sistema/Parametros Generales/Pestanas/a_Usuarios' is clicked on

2021-06-08 16:20:14 - [MESSAGE][PASSED] - Object: 'Object Repository/Configuracion/Sistema/Parametros Generales/Pestanas/a_Usuarios' is clicked on

2021-06-08 16:20:14 - [TEST_STEP][PASSED] - delay(3): Delayed 3 second(s)

2021-06-08 16:20:17 - [MESSAGE][PASSED] - Delayed 3 second(s)

2021-06-08 16:20:17 - [TEST_STEP][PASSED] - click(findTestObject("Configuracion/Sistema/Parametros Generales/Filtros LLave/span_0filtro llave")): Object: 'Object Repository/Configuracion/Sistema/Parametros Generales/Filtros LLave/span_0filtro llave' is clicked on

2021-06-08 16:20:18 - [MESSAGE][PASSED] - Object: 'Object Repository/Configuracion/Sistema/Parametros Generales/Filtros LLave/span_0filtro llave' is clicked on

2021-06-08 16:20:18 - [TEST_STEP][PASSED] - mouseOver(findTestObject("Configuracion/Sistema/Parametros Generales/Filtros LLave/span_1Filtro")): Object: 'Object Repository/Configuracion/Sistema/Parametros Generales/Filtros LLave/span_1Filtro' is hovered

2021-06-08 16:20:19 - [MESSAGE][PASSED] - Object: 'Object Repository/Configuracion/Sistema/Parametros Generales/Filtros LLave/span_1Filtro' is hovered

2021-06-08 16:20:19 - [TEST_STEP][PASSED] - click(findTestObject("Configuracion/Sistema/Parametros Generales/Filtro 1er valor/span_select")): Object: 'Object Repository/Configuracion/Sistema/Parametros Generales/Filtro 1er valor/span_select' is clicked on

2021-06-08 16:20:20 - [MESSAGE][PASSED] - Object: 'Object Repository/Configuracion/Sistema/Parametros Generales/Filtro 1er valor/span_select' is clicked on

2021-06-08 16:20:20 - [TEST_STEP][PASSED] - click(findTestObject("Configuracion/Sistema/Parametros Generales/Filtro 1er valor/li_Contiene")): Object: 'Object Repository/Configuracion/Sistema/Parametros Generales/Filtro 1er valor/li_Contiene' is clicked on

2021-06-08 16:20:21 - [MESSAGE][PASSED] - Object: 'Object Repository/Configuracion/Sistema/Parametros Generales/Filtro 1er valor/li_Contiene' is clicked on

2021-06-08 16:20:21 - [TEST_STEP][PASSED] - setText(findTestObject("Configuracion/Sistema/Parametros Generales/Filtro 1er valor/input_Texto a buscar1"), "Sistema.Login.Intentos.Tiempo"): Text 'Sistema.Login.Intentos.Tiempo' is set on object 'Object Repository/Configuracion/Sistema/Parametros Generales/Filtro 1er valor/input_Texto a buscar1'

2021-06-08 16:20:23 - [MESSAGE][PASSED] - Text 'Sistema.Login.Intentos.Tiempo' is set on object 'Object Repository/Configuracion/Sistema/Parametros Generales/Filtro 1er valor/input_Texto a buscar1'

2021-06-08 16:20:23 - [TEST_STEP][PASSED] - click(findTestObject("Configuracion/Sistema/Parametros Generales/botones filtro/btn_Filtrar")): Object: 'Object Repository/Configuracion/Sistema/Parametros Generales/botones filtro/btn_Filtrar' is clicked on

2021-06-08 16:20:24 - [MESSAGE][PASSED] - Object: 'Object Repository/Configuracion/Sistema/Parametros Generales/botones filtro/btn_Filtrar' is clicked on

2021-06-08 16:20:24 - [TEST_STEP][PASSED] - delay(2): Delayed 2 second(s)

2021-06-08 16:20:26 - [MESSAGE][PASSED] - Delayed 2 second(s)

2021-06-08 16:20:26 - [TEST_STEP][PASSED] - click(findTestObject("Configuracion/Sistema/Parametros Generales/Cambiar Parametro Valor/a_Editar")): Object: 'Object Repository/Configuracion/Sistema/Parametros Generales/Cambiar Parametro Valor/a_Editar' is clicked on

2021-06-08 16:20:26 - [MESSAGE][PASSED] - Object: 'Object Repository/Configuracion/Sistema/Parametros Generales/Cambiar Parametro Valor/a_Editar' is clicked on

2021-06-08 16:20:26 - [TEST_STEP][PASSED] - delay(2): Delayed 2 second(s)

2021-06-08 16:20:29 - [MESSAGE][PASSED] - Delayed 2 second(s)

2021-06-08 16:20:29 - [TEST_STEP][PASSED] - setText(findTestObject("Configuracion/Sistema/Parametros Generales/Cambiar Parametro HHMMSS/input_HHMMSS"), "00:00:10"): Text '00:00:10' is set on object 'Object Repository/Configuracion/Sistema/Parametros Generales/Cambiar Parametro HHMMSS/input_HHMMSS'

2021-06-08 16:20:30 - [MESSAGE][PASSED] - Text '00:00:10' is set on object 'Object Repository/Configuracion/Sistema/Parametros Generales/Cambiar Parametro HHMMSS/input_HHMMSS'

2021-06-08 16:20:30 - [TEST_STEP][PASSED] - delay(2): Delayed 2 second(s)

2021-06-08 16:20:32 - [MESSAGE][PASSED] - Delayed 2 second(s)

2021-06-08 16:20:32 - [TEST_STEP][PASSED] - click(findTestObject("Configuracion/Sistema/Parametros Generales/Cambiar Parametro Valor/a_Guardar")): Object: 'Object Repository/Configuracion/Sistema/Parametros Generales/Cambiar Parametro Valor/a_Guardar' is clicked on

2021-06-08 16:20:33 - [MESSAGE][PASSED] - Object: 'Object Repository/Configuracion/Sistema/Parametros Generales/Cambiar Parametro Valor/a_Guardar' is clicked on

2021-06-08 16:20:33 - [TEST_STEP][PASSED] - delay(3): Delayed 3 second(s)

2021-06-08 16:20:36 - [MESSAGE][PASSED] - Delayed 3 second(s)

2021-06-08 16:20:36 - [TEST_STEP][PASSED] - mouseOver(findTestObject("0Inicio Sesion/Menu Tres Rayas/img_MenuUsuarioRayas")): Object: 'Object Repository/0Inicio Sesion/Menu Tres Rayas/img_MenuUsuarioRayas' is hovered

2021-06-08 16:20:37 - [MESSAGE][PASSED] - Object: 'Object Repository/0Inicio Sesion/Menu Tres Rayas/img_MenuUsuarioRayas' is hovered

2021-06-08 16:20:37 - [TEST_STEP][PASSED] - click(findTestObject("0Inicio Sesion/Menu Tres Rayas/a_Cerrar sesion")): Object: 'Object Repository/0Inicio Sesion/Menu Tres Rayas/a_Cerrar sesion' is clicked on

2021-06-08 16:20:39 - [MESSAGE][PASSED] - Object: 'Object Repository/0Inicio Sesion/Menu Tres Rayas/a_Cerrar sesion' is clicked on

2021-06-08 16:20:39 - [TEST_STEP][PASSED] - delay(3): Delayed 3 second(s)

2021-06-08 16:20:42 - [MESSAGE][PASSED] - Delayed 3 second(s)

2021-06-08 16:20:42 - [TEST_STEP][PASSED] - setText(findTestObject("0Inicio Sesion/input__Usuario"), "ciel"): Text 'ciel' is set on object 'Object Repository/0Inicio Sesion/input__Usuario'

2021-06-08 16:20:43 - [MESSAGE][PASSED] - Text 'ciel' is set on object 'Object Repository/0Inicio Sesion/input__Usuario'

2021-06-08 16:20:43 - [TEST_STEP][PASSED] - setText(findTestObject("0Inicio Sesion/input__Clave"), "digiturn"): Text 'digiturn' is set on object 'Object Repository/0Inicio Sesion/input__Clave'

2021-06-08 16:20:43 - [MESSAGE][PASSED] - Text 'digiturn' is set on object 'Object Repository/0Inicio Sesion/input__Clave'

2021-06-08 16:20:43 - [TEST_STEP][PASSED] - click(findTestObject("0Inicio Sesion/btn_IniciarSesion")): Object: 'Object Repository/0Inicio Sesion/btn_IniciarSesion' is clicked on

2021-06-08 16:20:44 - [MESSAGE][PASSED] - Object: 'Object Repository/0Inicio Sesion/btn_IniciarSesion' is clicked on

2021-06-08 16:20:44 - [TEST_STEP][PASSED] - delay(3): Delayed 3 second(s)

2021-06-08 16:20:47 - [MESSAGE][PASSED] - Delayed 3 second(s)

2021-06-08 16:20:47 - [TEST_STEP][PASSED] - takeFullPageScreenshot(): Taking screenshot successfully

2021-06-08 16:20:48 - [MESSAGE][INFO] - 0 hidden object(s)

2021-06-08 16:20:49 - [MESSAGE][PASSED] - Taking screenshot successfully
[[ATTACHMENT|E:\\CIEL INGENIERIA\\KATALON\\Validaciones\\Reports\\20210608_161908\\100.Sistema.Login.Intentos.Tiempo\\20210608_161908\\1623187247740.png]]

2021-06-08 16:20:49 - [TEST_STEP][PASSED] - delay(3): Delayed 3 second(s)

2021-06-08 16:20:52 - [MESSAGE][PASSED] - Delayed 3 second(s)

2021-06-08 16:20:52 - [TEST_STEP][PASSED] - setText(findTestObject("0Inicio Sesion/input__Usuario"), "ciel"): Text 'ciel' is set on object 'Object Repository/0Inicio Sesion/input__Usuario'

2021-06-08 16:20:53 - [MESSAGE][PASSED] - Text 'ciel' is set on object 'Object Repository/0Inicio Sesion/input__Usuario'

2021-06-08 16:20:53 - [TEST_STEP][PASSED] - setText(findTestObject("0Inicio Sesion/input__Clave"), "digiturn"): Text 'digiturn' is set on object 'Object Repository/0Inicio Sesion/input__Clave'

2021-06-08 16:20:54 - [MESSAGE][PASSED] - Text 'digiturn' is set on object 'Object Repository/0Inicio Sesion/input__Clave'

2021-06-08 16:20:54 - [TEST_STEP][PASSED] - click(findTestObject("0Inicio Sesion/btn_IniciarSesion")): Object: 'Object Repository/0Inicio Sesion/btn_IniciarSesion' is clicked on

2021-06-08 16:20:55 - [MESSAGE][PASSED] - Object: 'Object Repository/0Inicio Sesion/btn_IniciarSesion' is clicked on

2021-06-08 16:20:55 - [TEST_STEP][PASSED] - delay(2): Delayed 2 second(s)

2021-06-08 16:20:57 - [MESSAGE][PASSED] - Delayed 2 second(s)

2021-06-08 16:20:57 - [TEST_STEP][PASSED] - takeFullPageScreenshot(): Taking screenshot successfully

2021-06-08 16:20:57 - [MESSAGE][INFO] - 0 hidden object(s)

2021-06-08 16:20:57 - [MESSAGE][PASSED] - Taking screenshot successfully
[[ATTACHMENT|E:\\CIEL INGENIERIA\\KATALON\\Validaciones\\Reports\\20210608_161908\\100.Sistema.Login.Intentos.Tiempo\\20210608_161908\\1623187257032.png]]

2021-06-08 16:20:57 - [TEST_STEP][PASSED] - delay(13): Delayed 13 second(s)

2021-06-08 16:21:10 - [MESSAGE][PASSED] - Delayed 13 second(s)

2021-06-08 16:21:10 - [TEST_STEP][PASSED] - setText(findTestObject("0Inicio Sesion/input__Usuario"), "ciel"): Text 'ciel' is set on object 'Object Repository/0Inicio Sesion/input__Usuario'

2021-06-08 16:21:11 - [MESSAGE][PASSED] - Text 'ciel' is set on object 'Object Repository/0Inicio Sesion/input__Usuario'

2021-06-08 16:21:11 - [TEST_STEP][PASSED] - setText(findTestObject("0Inicio Sesion/input__Clave"), "digiturno"): Text 'digiturno' is set on object 'Object Repository/0Inicio Sesion/input__Clave'

2021-06-08 16:21:13 - [MESSAGE][PASSED] - Text 'digiturno' is set on object 'Object Repository/0Inicio Sesion/input__Clave'

2021-06-08 16:21:13 - [TEST_STEP][PASSED] - click(findTestObject("0Inicio Sesion/btn_IniciarSesion")): Object: 'Object Repository/0Inicio Sesion/btn_IniciarSesion' is clicked on

2021-06-08 16:21:13 - [MESSAGE][PASSED] - Object: 'Object Repository/0Inicio Sesion/btn_IniciarSesion' is clicked on

2021-06-08 16:21:13 - [TEST_STEP][PASSED] - delay(3): Delayed 3 second(s)

2021-06-08 16:21:16 - [MESSAGE][PASSED] - Delayed 3 second(s)

2021-06-08 16:21:16 - [TEST_STEP][PASSED] - click(findTestObject("1Inicio/a_Inicio")): Object: 'Object Repository/1Inicio/a_Inicio' is clicked on

2021-06-08 16:21:19 - [MESSAGE][PASSED] - Object: 'Object Repository/1Inicio/a_Inicio' is clicked on

2021-06-08 16:21:19 - [TEST_STEP][PASSED] - delay(2): Delayed 2 second(s)

2021-06-08 16:21:21 - [MESSAGE][PASSED] - Delayed 2 second(s)

2021-06-08 16:21:21 - [TEST_STEP][PASSED] - takeFullPageScreenshot(): Taking screenshot successfully

2021-06-08 16:21:21 - [MESSAGE][INFO] - 0 hidden object(s)

2021-06-08 16:21:21 - [MESSAGE][PASSED] - Taking screenshot successfully
[[ATTACHMENT|E:\\CIEL INGENIERIA\\KATALON\\Validaciones\\Reports\\20210608_161908\\100.Sistema.Login.Intentos.Tiempo\\20210608_161908\\1623187281201.png]]

2021-06-08 16:21:21 - [TEST_STEP][PASSED] - delay(2): Delayed 2 second(s)

2021-06-08 16:21:23 - [MESSAGE][PASSED] - Delayed 2 second(s)]]></system-out>
         <system-err><![CDATA[]]></system-err>
      </testcase>
      <system-out><![CDATA[2021-06-08 16:19:25 - [TEST_SUITE][PASSED] - 100.Sistema.Login.Intentos.Tiempo: Test Cases/100.Sistema.Login.Intentos.Tiempo]]></system-out>
      <system-err><![CDATA[]]></system-err>
   </testsuite>
</testsuites>
