<?xml version="1.0" encoding="UTF-8"?>
<testsuites name="1 Nivel de visualizacion del arbol de la jerarquia en reclasificacion" time="234.113" tests="1" failures="0" errors="0">
   <testsuite name="1 Nivel de visualizacion del arbol de la jerarquia en reclasificacion" tests="1" failures="0" errors="0" time="234.113" skipped="0" timestamp="2021-07-01 08:15:04" hostname="BILIKI - DESKTOP-HH1RJM2" id="Test Suites/1 Nivel de visualizacion del arbol de la jerarquia en reclasificacion">
      <properties>
         <property name="deviceName" value=""/>
         <property name="devicePlatform" value=""/>
         <property name="logFolder" value="E:\\CIEL INGENIERIA\\KATALON\\Validaciones\\Reports\\20210701_081446\\1 Nivel de visualizacion del arbol de la jerarquia en reclasificacion\\20210701_081446"/>
         <property name="logFiles" value="E:\\CIEL INGENIERIA\\KATALON\\Validaciones\\Reports\\20210701_081446\\1 Nivel de visualizacion del arbol de la jerarquia en reclasificacion\\20210701_081446\\execution0.log"/>
         <property name="attachments" value="E:\\CIEL INGENIERIA\\KATALON\\Validaciones\\Reports\\20210701_081446\\1 Nivel de visualizacion del arbol de la jerarquia en reclasificacion\\20210701_081446\\1625145418025.png, E:\\CIEL INGENIERIA\\KATALON\\Validaciones\\Reports\\20210701_081446\\1 Nivel de visualizacion del arbol de la jerarquia en reclasificacion\\20210701_081446\\1625145503195.png"/>
         <property name="hostName" value="BILIKI - DESKTOP-HH1RJM2"/>
         <property name="os" value="Windows 10 64bit"/>
         <property name="katalonVersion" value="8.0.5.208"/>
         <property name="browser" value="Chrome 91.0.4472.124"/>
         <property name="hostAddress" value="169.254.12.236"/>
         <property name="sessionId" value="0044aa7caf77934ff7bd53c99c157460"/>
         <property name="seleniumVersion" value="3.141.59"/>
         <property name="proxyInformation" value="ProxyInformation { proxyOption=NO_PROXY, proxyServerType=HTTP, username=, password=********, proxyServerAddress=, proxyServerPort=0, executionList=&quot;&quot;, isApplyToDesiredCapabilities=true }"/>
         <property name="platform" value="Windows 10"/>
      </properties>
      <testcase name="Test Cases/1 Nivel de visualizacion del arbol de la jerarquia en reclasificacion" time="213.428" classname="Test Cases/1 Nivel de visualizacion del arbol de la jerarquia en reclasificacion" status="PASSED">
         <system-out><![CDATA[2021-07-01 08:15:05 - [TEST_CASE][PASSED] - Test Cases/1 Nivel de visualizacion del arbol de la jerarquia en reclasificacion: Test Cases/1 Nivel de visualizacion del arbol de la jerarquia en reclasificacion

2021-07-01 08:15:08 - [TEST_STEP][PASSED] - callTestCase(findTestCase("Inicio Sesion sin variables"), [:], STOP_ON_FAILURE): Call Test Case 'Test Cases/Inicio Sesion sin variables' successfully

2021-07-01 08:15:09 - [TEST_CASE][PASSED] - Test Cases/Inicio Sesion sin variables: Test Cases/Inicio Sesion sin variables

2021-07-01 08:15:10 - [TEST_STEP][PASSED] - openBrowser("http://Localhost:8810"): Browser is opened with url: 'http://Localhost:8810'

2021-07-01 08:15:12 - [MESSAGE][INFO] - Starting 'Chrome' driver

2021-07-01 08:15:12 - [MESSAGE][INFO] - Action delay is set to 0 milliseconds

2021-07-01 08:15:27 - [MESSAGE][PASSED] - Browser is opened with url: 'http://Localhost:8810'

2021-07-01 08:15:27 - [TEST_STEP][PASSED] - maximizeWindow(): Current window maximized

2021-07-01 08:15:27 - [MESSAGE][PASSED] - Current window maximized

2021-07-01 08:15:27 - [TEST_STEP][PASSED] - setText(findTestObject("0Inicio Sesion/input__Usuario"), "ciel"): Text 'ciel' is set on object 'Object Repository/0Inicio Sesion/input__Usuario'

2021-07-01 08:15:29 - [MESSAGE][PASSED] - Text 'ciel' is set on object 'Object Repository/0Inicio Sesion/input__Usuario'

2021-07-01 08:15:29 - [TEST_STEP][PASSED] - setText(findTestObject("0Inicio Sesion/input__Clave"), "digiturno"): Text 'digiturno' is set on object 'Object Repository/0Inicio Sesion/input__Clave'

2021-07-01 08:15:31 - [MESSAGE][PASSED] - Text 'digiturno' is set on object 'Object Repository/0Inicio Sesion/input__Clave'

2021-07-01 08:15:31 - [TEST_STEP][PASSED] - click(findTestObject("0Inicio Sesion/btn_IniciarSesion")): Object: 'Object Repository/0Inicio Sesion/btn_IniciarSesion' is clicked on

2021-07-01 08:15:31 - [MESSAGE][PASSED] - Object: 'Object Repository/0Inicio Sesion/btn_IniciarSesion' is clicked on

2021-07-01 08:15:31 - [TEST_STEP][PASSED] - delay(3): Delayed 3 second(s)

2021-07-01 08:15:35 - [MESSAGE][PASSED] - Delayed 3 second(s)

2021-07-01 08:15:35 - [MESSAGE][PASSED] - Call Test Case 'Test Cases/Inicio Sesion sin variables' successfully

2021-07-01 08:15:35 - [TEST_STEP][PASSED] - click(findTestObject("1Inicio/img_Configuracion")): Object: 'Object Repository/1Inicio/img_Configuracion' is clicked on

2021-07-01 08:15:36 - [MESSAGE][PASSED] - Object: 'Object Repository/1Inicio/img_Configuracion' is clicked on

2021-07-01 08:15:36 - [TEST_STEP][PASSED] - delay(3): Delayed 3 second(s)

2021-07-01 08:15:39 - [MESSAGE][PASSED] - Delayed 3 second(s)

2021-07-01 08:15:39 - [TEST_STEP][PASSED] - click(findTestObject("Configuracion/1Principal/img_Distribucion Geografica")): Object: 'Object Repository/Configuracion/1Principal/img_Distribucion Geografica' is clicked on

2021-07-01 08:15:42 - [MESSAGE][PASSED] - Object: 'Object Repository/Configuracion/1Principal/img_Distribucion Geografica' is clicked on

2021-07-01 08:15:42 - [TEST_STEP][PASSED] - delay(3): Delayed 3 second(s)

2021-07-01 08:15:45 - [MESSAGE][PASSED] - Delayed 3 second(s)

2021-07-01 08:15:45 - [TEST_STEP][PASSED] - click(findTestObject("Configuracion/Distribucion Geografica/1Principal/img_Grupos")): Object: 'Object Repository/Configuracion/Distribucion Geografica/1Principal/img_Grupos' is clicked on

2021-07-01 08:15:48 - [MESSAGE][PASSED] - Object: 'Object Repository/Configuracion/Distribucion Geografica/1Principal/img_Grupos' is clicked on

2021-07-01 08:15:48 - [TEST_STEP][PASSED] - delay(3): Delayed 3 second(s)

2021-07-01 08:15:51 - [MESSAGE][PASSED] - Delayed 3 second(s)

2021-07-01 08:15:51 - [TEST_STEP][PASSED] - click(findTestObject("Configuracion/Distribucion Geografica/Grupos/0Oficinas Emergente/a_Seleccionar")): Object: 'Object Repository/Configuracion/Distribucion Geografica/Grupos/0Oficinas Emergente/a_Seleccionar' is clicked on

2021-07-01 08:15:52 - [MESSAGE][PASSED] - Object: 'Object Repository/Configuracion/Distribucion Geografica/Grupos/0Oficinas Emergente/a_Seleccionar' is clicked on

2021-07-01 08:15:52 - [TEST_STEP][PASSED] - delay(3): Delayed 3 second(s)

2021-07-01 08:15:55 - [MESSAGE][PASSED] - Delayed 3 second(s)

2021-07-01 08:15:55 - [TEST_STEP][PASSED] - click(findTestObject("Configuracion/Distribucion Geografica/Grupos/Lista de Grupos/0General/a_Seleccionar")): Object: 'Object Repository/Configuracion/Distribucion Geografica/Grupos/Lista de Grupos/0General/a_Seleccionar' is clicked on

2021-07-01 08:15:55 - [MESSAGE][PASSED] - Object: 'Object Repository/Configuracion/Distribucion Geografica/Grupos/Lista de Grupos/0General/a_Seleccionar' is clicked on

2021-07-01 08:15:55 - [TEST_STEP][PASSED] - scrollToPosition(10, 800): Browser is scrolled to position x = 10, y = 800

2021-07-01 08:15:56 - [MESSAGE][PASSED] - Browser is scrolled to position x = 10, y = 800

2021-07-01 08:15:56 - [TEST_STEP][PASSED] - delay(3): Delayed 3 second(s)

2021-07-01 08:15:59 - [MESSAGE][PASSED] - Delayed 3 second(s)

2021-07-01 08:15:59 - [TEST_STEP][PASSED] - selectOptionByLabel(findTestObject("Configuracion/Distribucion Geografica/Grupos/Edicion/select_NivelVisualizacinenReclasificacion"), "Todos", false): All options with label 'Todos' are selected in object 'Object Repository/Configuracion/Distribucion Geografica/Grupos/Edicion/select_NivelVisualizacinenReclasificacion' 

2021-07-01 08:16:00 - [MESSAGE][PASSED] - All options with label 'Todos' are selected in object 'Object Repository/Configuracion/Distribucion Geografica/Grupos/Edicion/select_NivelVisualizacinenReclasificacion' 

2021-07-01 08:16:00 - [TEST_STEP][PASSED] - delay(3): Delayed 3 second(s)

2021-07-01 08:16:03 - [MESSAGE][PASSED] - Delayed 3 second(s)

2021-07-01 08:16:03 - [TEST_STEP][PASSED] - scrollToPosition(0, 0): Browser is scrolled to position x = 0, y = 0

2021-07-01 08:16:03 - [MESSAGE][PASSED] - Browser is scrolled to position x = 0, y = 0

2021-07-01 08:16:03 - [TEST_STEP][PASSED] - delay(3): Delayed 3 second(s)

2021-07-01 08:16:06 - [MESSAGE][PASSED] - Delayed 3 second(s)

2021-07-01 08:16:06 - [TEST_STEP][PASSED] - click(findTestObject("Configuracion/Distribucion Geografica/Grupos/Botones/img_Actualizar")): Object: 'Object Repository/Configuracion/Distribucion Geografica/Grupos/Botones/img_Actualizar' is clicked on

2021-07-01 08:16:07 - [MESSAGE][PASSED] - Object: 'Object Repository/Configuracion/Distribucion Geografica/Grupos/Botones/img_Actualizar' is clicked on

2021-07-01 08:16:07 - [TEST_STEP][PASSED] - delay(3): Delayed 3 second(s)

2021-07-01 08:16:10 - [MESSAGE][PASSED] - Delayed 3 second(s)

2021-07-01 08:16:10 - [TEST_STEP][PASSED] - click(findTestObject("1Inicio/a_Inicio")): Object: 'Object Repository/1Inicio/a_Inicio' is clicked on

2021-07-01 08:16:11 - [MESSAGE][PASSED] - Object: 'Object Repository/1Inicio/a_Inicio' is clicked on

2021-07-01 08:16:11 - [TEST_STEP][PASSED] - delay(3): Delayed 3 second(s)

2021-07-01 08:16:14 - [MESSAGE][PASSED] - Delayed 3 second(s)

2021-07-01 08:16:14 - [TEST_STEP][PASSED] - click(findTestObject("1Inicio/img_Operacion")): Object: 'Object Repository/1Inicio/img_Operacion' is clicked on

2021-07-01 08:16:15 - [MESSAGE][PASSED] - Object: 'Object Repository/1Inicio/img_Operacion' is clicked on

2021-07-01 08:16:15 - [TEST_STEP][PASSED] - delay(3): Delayed 3 second(s)

2021-07-01 08:16:18 - [MESSAGE][PASSED] - Delayed 3 second(s)

2021-07-01 08:16:18 - [TEST_STEP][PASSED] - click(findTestObject("2 Operacion/Elementos Del Sistema")): Object: 'Object Repository/2 Operacion/Elementos Del Sistema' is clicked on

2021-07-01 08:16:20 - [MESSAGE][PASSED] - Object: 'Object Repository/2 Operacion/Elementos Del Sistema' is clicked on

2021-07-01 08:16:20 - [TEST_STEP][PASSED] - delay(3): Delayed 3 second(s)

2021-07-01 08:16:23 - [MESSAGE][PASSED] - Delayed 3 second(s)

2021-07-01 08:16:23 - [TEST_STEP][PASSED] - click(findTestObject("2 Operacion/Elementos del Sistema/img_Terminales")): Object: 'Object Repository/2 Operacion/Elementos del Sistema/img_Terminales' is clicked on

2021-07-01 08:16:24 - [MESSAGE][PASSED] - Object: 'Object Repository/2 Operacion/Elementos del Sistema/img_Terminales' is clicked on

2021-07-01 08:16:24 - [TEST_STEP][PASSED] - delay(3): Delayed 3 second(s)

2021-07-01 08:16:27 - [MESSAGE][PASSED] - Delayed 3 second(s)

2021-07-01 08:16:27 - [TEST_STEP][PASSED] - click(findTestObject("2 Operacion/Elementos del Sistema/Terminales/00Oficinas/a_Bogota - CIEL")): Object: 'Object Repository/2 Operacion/Elementos del Sistema/Terminales/00Oficinas/a_Bogota - CIEL' is clicked on

2021-07-01 08:16:28 - [MESSAGE][PASSED] - Object: 'Object Repository/2 Operacion/Elementos del Sistema/Terminales/00Oficinas/a_Bogota - CIEL' is clicked on

2021-07-01 08:16:28 - [TEST_STEP][PASSED] - delay(3): Delayed 3 second(s)

2021-07-01 08:16:31 - [MESSAGE][PASSED] - Delayed 3 second(s)

2021-07-01 08:16:31 - [TEST_STEP][PASSED] - click(findTestObject("2 Operacion/Elementos del Sistema/Terminales/1Terminales menos WorkFlow/a_Terminal Informacion A01")): Object: 'Object Repository/2 Operacion/Elementos del Sistema/Terminales/1Terminales menos WorkFlow/a_Terminal Informacion A01' is clicked on

2021-07-01 08:16:31 - [MESSAGE][PASSED] - Object: 'Object Repository/2 Operacion/Elementos del Sistema/Terminales/1Terminales menos WorkFlow/a_Terminal Informacion A01' is clicked on

2021-07-01 08:16:31 - [TEST_STEP][PASSED] - delay(3): Delayed 3 second(s)

2021-07-01 08:16:34 - [MESSAGE][PASSED] - Delayed 3 second(s)

2021-07-01 08:16:34 - [TEST_STEP][PASSED] - click(findTestObject("2 Operacion/Elementos del Sistema/Terminales/Terminal/Funciones Basicas/img_Llamar")): Object: 'Object Repository/2 Operacion/Elementos del Sistema/Terminales/Terminal/Funciones Basicas/img_Llamar' is clicked on

2021-07-01 08:16:38 - [MESSAGE][PASSED] - Object: 'Object Repository/2 Operacion/Elementos del Sistema/Terminales/Terminal/Funciones Basicas/img_Llamar' is clicked on

2021-07-01 08:16:38 - [TEST_STEP][PASSED] - delay(3): Delayed 3 second(s)

2021-07-01 08:16:41 - [MESSAGE][PASSED] - Delayed 3 second(s)

2021-07-01 08:16:41 - [TEST_STEP][PASSED] - click(findTestObject("2 Operacion/Elementos del Sistema/Terminales/Terminal/Funciones Basicas/img_Ocupado")): Object: 'Object Repository/2 Operacion/Elementos del Sistema/Terminales/Terminal/Funciones Basicas/img_Ocupado' is clicked on

2021-07-01 08:16:47 - [MESSAGE][PASSED] - Object: 'Object Repository/2 Operacion/Elementos del Sistema/Terminales/Terminal/Funciones Basicas/img_Ocupado' is clicked on

2021-07-01 08:16:47 - [TEST_STEP][PASSED] - delay(3): Delayed 3 second(s)

2021-07-01 08:16:50 - [MESSAGE][PASSED] - Delayed 3 second(s)

2021-07-01 08:16:50 - [TEST_STEP][PASSED] - click(findTestObject("2 Operacion/Elementos del Sistema/Terminales/Terminal/Funciones Basicas/imgOcupado/a_Actualizacion de Datos")): Object: 'Object Repository/2 Operacion/Elementos del Sistema/Terminales/Terminal/Funciones Basicas/imgOcupado/a_Actualizacion de Datos' is clicked on

2021-07-01 08:16:50 - [MESSAGE][PASSED] - Object: 'Object Repository/2 Operacion/Elementos del Sistema/Terminales/Terminal/Funciones Basicas/imgOcupado/a_Actualizacion de Datos' is clicked on

2021-07-01 08:16:50 - [TEST_STEP][PASSED] - delay(3): Delayed 3 second(s)

2021-07-01 08:16:53 - [MESSAGE][PASSED] - Delayed 3 second(s)

2021-07-01 08:16:53 - [TEST_STEP][PASSED] - click(findTestObject("2 Operacion/Elementos del Sistema/Terminales/Terminal/Funciones Adicionales/img_Reclasificar")): Object: 'Object Repository/2 Operacion/Elementos del Sistema/Terminales/Terminal/Funciones Adicionales/img_Reclasificar' is clicked on

2021-07-01 08:16:54 - [MESSAGE][PASSED] - Object: 'Object Repository/2 Operacion/Elementos del Sistema/Terminales/Terminal/Funciones Adicionales/img_Reclasificar' is clicked on

2021-07-01 08:16:54 - [TEST_STEP][PASSED] - delay(3): Delayed 3 second(s)

2021-07-01 08:16:57 - [MESSAGE][PASSED] - Delayed 3 second(s)

2021-07-01 08:16:57 - [TEST_STEP][PASSED] - takeFullPageScreenshot(): Taking screenshot successfully

2021-07-01 08:16:58 - [MESSAGE][INFO] - 0 hidden object(s)

2021-07-01 08:16:59 - [MESSAGE][PASSED] - Taking screenshot successfully
[[ATTACHMENT|E:\\CIEL INGENIERIA\\KATALON\\Validaciones\\Reports\\20210701_081446\\1 Nivel de visualizacion del arbol de la jerarquia en reclasificacion\\20210701_081446\\1625145418025.png]]

2021-07-01 08:16:59 - [TEST_STEP][PASSED] - delay(3): Delayed 3 second(s)

2021-07-01 08:17:02 - [MESSAGE][PASSED] - Delayed 3 second(s)

2021-07-01 08:17:02 - [TEST_STEP][PASSED] - sendKeys(findTestObject(null), Keys.chord(ESCAPE)): Keys 'ESCAPE + ' sent to object: 'tempBody'

2021-07-01 08:17:02 - [MESSAGE][WARNING] - Test object id is null

2021-07-01 08:17:02 - [MESSAGE][WARNING] - Test object with id 'Object Repository/' does not exist

2021-07-01 08:17:02 - [MESSAGE][PASSED] - Keys 'ESCAPE + ' sent to object: 'tempBody'

2021-07-01 08:17:02 - [TEST_STEP][PASSED] - delay(3): Delayed 3 second(s)

2021-07-01 08:17:06 - [MESSAGE][PASSED] - Delayed 3 second(s)

2021-07-01 08:17:06 - [TEST_STEP][PASSED] - click(findTestObject("2 Operacion/Elementos del Sistema/Terminales/Terminal/Funciones Basicas/img_Cerrar")): Object: 'Object Repository/2 Operacion/Elementos del Sistema/Terminales/Terminal/Funciones Basicas/img_Cerrar' is clicked on

2021-07-01 08:17:06 - [MESSAGE][PASSED] - Object: 'Object Repository/2 Operacion/Elementos del Sistema/Terminales/Terminal/Funciones Basicas/img_Cerrar' is clicked on

2021-07-01 08:17:06 - [TEST_STEP][PASSED] - delay(3): Delayed 3 second(s)

2021-07-01 08:17:09 - [MESSAGE][PASSED] - Delayed 3 second(s)

2021-07-01 08:17:09 - [TEST_STEP][PASSED] - click(findTestObject("2 Operacion/Elementos del Sistema/Terminales/Terminal/Funciones Basicas/imgCerrar/btn_FindeJornada")): Object: 'Object Repository/2 Operacion/Elementos del Sistema/Terminales/Terminal/Funciones Basicas/imgCerrar/btn_FindeJornada' is clicked on

2021-07-01 08:17:11 - [MESSAGE][PASSED] - Object: 'Object Repository/2 Operacion/Elementos del Sistema/Terminales/Terminal/Funciones Basicas/imgCerrar/btn_FindeJornada' is clicked on

2021-07-01 08:17:11 - [TEST_STEP][PASSED] - navigateToUrl("http://localhost:8810/Paginas/Configuracion/DistribucionGeografica/Grupos.aspx"): Navigate to 'http://localhost:8810/Paginas/Configuracion/DistribucionGeografica/Grupos.aspx' successfully

2021-07-01 08:17:11 - [MESSAGE][PASSED] - Navigate to 'http://localhost:8810/Paginas/Configuracion/DistribucionGeografica/Grupos.aspx' successfully

2021-07-01 08:17:11 - [TEST_STEP][PASSED] - acceptAlert(): Alert accepted

2021-07-01 08:17:12 - [MESSAGE][PASSED] - Alert accepted

2021-07-01 08:17:12 - [TEST_STEP][PASSED] - click(findTestObject("Configuracion/Distribucion Geografica/Grupos/0Oficinas Emergente/a_Seleccionar")): Object: 'Object Repository/Configuracion/Distribucion Geografica/Grupos/0Oficinas Emergente/a_Seleccionar' is clicked on

2021-07-01 08:17:18 - [MESSAGE][PASSED] - Object: 'Object Repository/Configuracion/Distribucion Geografica/Grupos/0Oficinas Emergente/a_Seleccionar' is clicked on

2021-07-01 08:17:18 - [TEST_STEP][PASSED] - delay(3): Delayed 3 second(s)

2021-07-01 08:17:21 - [MESSAGE][PASSED] - Delayed 3 second(s)

2021-07-01 08:17:21 - [TEST_STEP][PASSED] - click(findTestObject("Configuracion/Distribucion Geografica/Grupos/Lista de Grupos/0General/a_Seleccionar")): Object: 'Object Repository/Configuracion/Distribucion Geografica/Grupos/Lista de Grupos/0General/a_Seleccionar' is clicked on

2021-07-01 08:17:21 - [MESSAGE][PASSED] - Object: 'Object Repository/Configuracion/Distribucion Geografica/Grupos/Lista de Grupos/0General/a_Seleccionar' is clicked on

2021-07-01 08:17:21 - [TEST_STEP][PASSED] - delay(3): Delayed 3 second(s)

2021-07-01 08:17:24 - [MESSAGE][PASSED] - Delayed 3 second(s)

2021-07-01 08:17:24 - [TEST_STEP][PASSED] - scrollToPosition(10, 800): Browser is scrolled to position x = 10, y = 800

2021-07-01 08:17:25 - [MESSAGE][PASSED] - Browser is scrolled to position x = 10, y = 800

2021-07-01 08:17:25 - [TEST_STEP][PASSED] - delay(3): Delayed 3 second(s)

2021-07-01 08:17:28 - [MESSAGE][PASSED] - Delayed 3 second(s)

2021-07-01 08:17:28 - [TEST_STEP][PASSED] - selectOptionByIndex(findTestObject("Configuracion/Distribucion Geografica/Grupos/Edicion/select_NivelVisualizacinenReclasificacion"), 2, STOP_ON_FAILURE): All options with index in [2] are selected on object 'Object Repository/Configuracion/Distribucion Geografica/Grupos/Edicion/select_NivelVisualizacinenReclasificacion'

2021-07-01 08:17:29 - [MESSAGE][PASSED] - All options with index in [2] are selected on object 'Object Repository/Configuracion/Distribucion Geografica/Grupos/Edicion/select_NivelVisualizacinenReclasificacion'

2021-07-01 08:17:29 - [TEST_STEP][PASSED] - delay(3): Delayed 3 second(s)

2021-07-01 08:17:32 - [MESSAGE][PASSED] - Delayed 3 second(s)

2021-07-01 08:17:32 - [TEST_STEP][PASSED] - scrollToPosition(0, 0): Browser is scrolled to position x = 0, y = 0

2021-07-01 08:17:32 - [MESSAGE][PASSED] - Browser is scrolled to position x = 0, y = 0

2021-07-01 08:17:32 - [TEST_STEP][PASSED] - delay(3): Delayed 3 second(s)

2021-07-01 08:17:35 - [MESSAGE][PASSED] - Delayed 3 second(s)

2021-07-01 08:17:35 - [TEST_STEP][PASSED] - click(findTestObject("Configuracion/Distribucion Geografica/Grupos/Botones/img_Actualizar")): Object: 'Object Repository/Configuracion/Distribucion Geografica/Grupos/Botones/img_Actualizar' is clicked on

2021-07-01 08:17:36 - [MESSAGE][PASSED] - Object: 'Object Repository/Configuracion/Distribucion Geografica/Grupos/Botones/img_Actualizar' is clicked on

2021-07-01 08:17:36 - [TEST_STEP][PASSED] - delay(3): Delayed 3 second(s)

2021-07-01 08:17:39 - [MESSAGE][PASSED] - Delayed 3 second(s)

2021-07-01 08:17:39 - [TEST_STEP][PASSED] - click(findTestObject("1Inicio/a_Inicio")): Object: 'Object Repository/1Inicio/a_Inicio' is clicked on

2021-07-01 08:17:40 - [MESSAGE][PASSED] - Object: 'Object Repository/1Inicio/a_Inicio' is clicked on

2021-07-01 08:17:40 - [TEST_STEP][PASSED] - delay(3): Delayed 3 second(s)

2021-07-01 08:17:43 - [MESSAGE][PASSED] - Delayed 3 second(s)

2021-07-01 08:17:43 - [TEST_STEP][PASSED] - click(findTestObject("1Inicio/img_Operacion")): Object: 'Object Repository/1Inicio/img_Operacion' is clicked on

2021-07-01 08:17:45 - [MESSAGE][PASSED] - Object: 'Object Repository/1Inicio/img_Operacion' is clicked on

2021-07-01 08:17:45 - [TEST_STEP][PASSED] - delay(3): Delayed 3 second(s)

2021-07-01 08:17:48 - [MESSAGE][PASSED] - Delayed 3 second(s)

2021-07-01 08:17:48 - [TEST_STEP][PASSED] - click(findTestObject("2 Operacion/Elementos Del Sistema")): Object: 'Object Repository/2 Operacion/Elementos Del Sistema' is clicked on

2021-07-01 08:17:49 - [MESSAGE][PASSED] - Object: 'Object Repository/2 Operacion/Elementos Del Sistema' is clicked on

2021-07-01 08:17:49 - [TEST_STEP][PASSED] - delay(3): Delayed 3 second(s)

2021-07-01 08:17:52 - [MESSAGE][PASSED] - Delayed 3 second(s)

2021-07-01 08:17:52 - [TEST_STEP][PASSED] - click(findTestObject("2 Operacion/Elementos del Sistema/img_Terminales")): Object: 'Object Repository/2 Operacion/Elementos del Sistema/img_Terminales' is clicked on

2021-07-01 08:17:54 - [MESSAGE][PASSED] - Object: 'Object Repository/2 Operacion/Elementos del Sistema/img_Terminales' is clicked on

2021-07-01 08:17:54 - [TEST_STEP][PASSED] - delay(3): Delayed 3 second(s)

2021-07-01 08:17:57 - [MESSAGE][PASSED] - Delayed 3 second(s)

2021-07-01 08:17:57 - [TEST_STEP][PASSED] - click(findTestObject("2 Operacion/Elementos del Sistema/Terminales/00Oficinas/a_Bogota - CIEL")): Object: 'Object Repository/2 Operacion/Elementos del Sistema/Terminales/00Oficinas/a_Bogota - CIEL' is clicked on

2021-07-01 08:17:57 - [MESSAGE][PASSED] - Object: 'Object Repository/2 Operacion/Elementos del Sistema/Terminales/00Oficinas/a_Bogota - CIEL' is clicked on

2021-07-01 08:17:57 - [TEST_STEP][PASSED] - delay(3): Delayed 3 second(s)

2021-07-01 08:18:00 - [MESSAGE][PASSED] - Delayed 3 second(s)

2021-07-01 08:18:00 - [TEST_STEP][PASSED] - click(findTestObject("2 Operacion/Elementos del Sistema/Terminales/1Terminales menos WorkFlow/a_Terminal Informacion A01")): Object: 'Object Repository/2 Operacion/Elementos del Sistema/Terminales/1Terminales menos WorkFlow/a_Terminal Informacion A01' is clicked on

2021-07-01 08:18:01 - [MESSAGE][PASSED] - Object: 'Object Repository/2 Operacion/Elementos del Sistema/Terminales/1Terminales menos WorkFlow/a_Terminal Informacion A01' is clicked on

2021-07-01 08:18:01 - [TEST_STEP][PASSED] - delay(3): Delayed 3 second(s)

2021-07-01 08:18:04 - [MESSAGE][PASSED] - Delayed 3 second(s)

2021-07-01 08:18:04 - [TEST_STEP][PASSED] - click(findTestObject("2 Operacion/Elementos del Sistema/Terminales/Terminal/Funciones Basicas/img_Llamar")): Object: 'Object Repository/2 Operacion/Elementos del Sistema/Terminales/Terminal/Funciones Basicas/img_Llamar' is clicked on

2021-07-01 08:18:07 - [MESSAGE][PASSED] - Object: 'Object Repository/2 Operacion/Elementos del Sistema/Terminales/Terminal/Funciones Basicas/img_Llamar' is clicked on

2021-07-01 08:18:07 - [TEST_STEP][PASSED] - click(findTestObject("2 Operacion/Elementos del Sistema/Terminales/Terminal/Funciones Basicas/img_Ocupado")): Object: 'Object Repository/2 Operacion/Elementos del Sistema/Terminales/Terminal/Funciones Basicas/img_Ocupado' is clicked on

2021-07-01 08:18:09 - [MESSAGE][PASSED] - Object: 'Object Repository/2 Operacion/Elementos del Sistema/Terminales/Terminal/Funciones Basicas/img_Ocupado' is clicked on

2021-07-01 08:18:09 - [TEST_STEP][PASSED] - delay(3): Delayed 3 second(s)

2021-07-01 08:18:12 - [MESSAGE][PASSED] - Delayed 3 second(s)

2021-07-01 08:18:12 - [TEST_STEP][PASSED] - delay(3): Delayed 3 second(s)

2021-07-01 08:18:15 - [MESSAGE][PASSED] - Delayed 3 second(s)

2021-07-01 08:18:15 - [TEST_STEP][PASSED] - click(findTestObject("2 Operacion/Elementos del Sistema/Terminales/Terminal/Funciones Basicas/imgOcupado/a_Actualizacion de Datos")): Object: 'Object Repository/2 Operacion/Elementos del Sistema/Terminales/Terminal/Funciones Basicas/imgOcupado/a_Actualizacion de Datos' is clicked on

2021-07-01 08:18:16 - [MESSAGE][PASSED] - Object: 'Object Repository/2 Operacion/Elementos del Sistema/Terminales/Terminal/Funciones Basicas/imgOcupado/a_Actualizacion de Datos' is clicked on

2021-07-01 08:18:16 - [TEST_STEP][PASSED] - delay(3): Delayed 3 second(s)

2021-07-01 08:18:19 - [MESSAGE][PASSED] - Delayed 3 second(s)

2021-07-01 08:18:19 - [TEST_STEP][PASSED] - click(findTestObject("2 Operacion/Elementos del Sistema/Terminales/Terminal/Funciones Adicionales/img_Reclasificar")): Object: 'Object Repository/2 Operacion/Elementos del Sistema/Terminales/Terminal/Funciones Adicionales/img_Reclasificar' is clicked on

2021-07-01 08:18:20 - [MESSAGE][PASSED] - Object: 'Object Repository/2 Operacion/Elementos del Sistema/Terminales/Terminal/Funciones Adicionales/img_Reclasificar' is clicked on

2021-07-01 08:18:20 - [TEST_STEP][PASSED] - delay(3): Delayed 3 second(s)

2021-07-01 08:18:23 - [MESSAGE][PASSED] - Delayed 3 second(s)

2021-07-01 08:18:23 - [TEST_STEP][PASSED] - takeFullPageScreenshot(): Taking screenshot successfully

2021-07-01 08:18:23 - [MESSAGE][INFO] - 0 hidden object(s)

2021-07-01 08:18:24 - [MESSAGE][PASSED] - Taking screenshot successfully
[[ATTACHMENT|E:\\CIEL INGENIERIA\\KATALON\\Validaciones\\Reports\\20210701_081446\\1 Nivel de visualizacion del arbol de la jerarquia en reclasificacion\\20210701_081446\\1625145503195.png]]

2021-07-01 08:18:24 - [TEST_STEP][PASSED] - delay(3): Delayed 3 second(s)

2021-07-01 08:18:27 - [MESSAGE][PASSED] - Delayed 3 second(s)

2021-07-01 08:18:27 - [TEST_STEP][PASSED] - sendKeys(findTestObject(null), Keys.chord(ESCAPE)): Keys 'ESCAPE + ' sent to object: 'tempBody'

2021-07-01 08:18:27 - [MESSAGE][WARNING] - Test object id is null

2021-07-01 08:18:27 - [MESSAGE][WARNING] - Test object with id 'Object Repository/' does not exist

2021-07-01 08:18:28 - [MESSAGE][PASSED] - Keys 'ESCAPE + ' sent to object: 'tempBody'

2021-07-01 08:18:28 - [TEST_STEP][PASSED] - delay(3): Delayed 3 second(s)

2021-07-01 08:18:31 - [MESSAGE][PASSED] - Delayed 3 second(s)

2021-07-01 08:18:31 - [TEST_STEP][PASSED] - click(findTestObject("2 Operacion/Elementos del Sistema/Terminales/Terminal/Funciones Basicas/img_Cerrar")): Object: 'Object Repository/2 Operacion/Elementos del Sistema/Terminales/Terminal/Funciones Basicas/img_Cerrar' is clicked on

2021-07-01 08:18:32 - [MESSAGE][PASSED] - Object: 'Object Repository/2 Operacion/Elementos del Sistema/Terminales/Terminal/Funciones Basicas/img_Cerrar' is clicked on

2021-07-01 08:18:32 - [TEST_STEP][PASSED] - delay(3): Delayed 3 second(s)

2021-07-01 08:18:35 - [MESSAGE][PASSED] - Delayed 3 second(s)

2021-07-01 08:18:35 - [TEST_STEP][PASSED] - click(findTestObject("2 Operacion/Elementos del Sistema/Terminales/Terminal/Funciones Basicas/imgCerrar/btn_FindeJornada")): Object: 'Object Repository/2 Operacion/Elementos del Sistema/Terminales/Terminal/Funciones Basicas/imgCerrar/btn_FindeJornada' is clicked on

2021-07-01 08:18:36 - [MESSAGE][PASSED] - Object: 'Object Repository/2 Operacion/Elementos del Sistema/Terminales/Terminal/Funciones Basicas/imgCerrar/btn_FindeJornada' is clicked on

2021-07-01 08:18:36 - [TEST_STEP][PASSED] - delay(3): Delayed 3 second(s)

2021-07-01 08:18:39 - [MESSAGE][PASSED] - Delayed 3 second(s)]]></system-out>
         <system-err><![CDATA[]]></system-err>
      </testcase>
      <system-out><![CDATA[2021-07-01 08:15:04 - [TEST_SUITE][PASSED] - 1 Nivel de visualizacion del arbol de la jerarquia en reclasificacion: Test Cases/1 Nivel de visualizacion del arbol de la jerarquia en reclasificacion]]></system-out>
      <system-err><![CDATA[]]></system-err>
   </testsuite>
</testsuites>
